[2024-02-08T01:03:16.856+0100] {processor.py:161} INFO - Started process (PID=50747) to work on /home/ubuntu/.local/lib/python3.10/site-packages/airflow/example_dags/example_python_operator.py
[2024-02-08T01:03:16.858+0100] {processor.py:830} INFO - Processing file /home/ubuntu/.local/lib/python3.10/site-packages/airflow/example_dags/example_python_operator.py for tasks to queue
[2024-02-08T01:03:16.861+0100] {logging_mixin.py:188} INFO - [2024-02-08T01:03:16.860+0100] {dagbag.py:538} INFO - Filling up the DagBag from /home/ubuntu/.local/lib/python3.10/site-packages/airflow/example_dags/example_python_operator.py
[2024-02-08T01:03:16.971+0100] {processor.py:840} INFO - DAG(s) 'example_python_operator' retrieved from /home/ubuntu/.local/lib/python3.10/site-packages/airflow/example_dags/example_python_operator.py
[2024-02-08T01:03:17.404+0100] {logging_mixin.py:188} INFO - [2024-02-08T01:03:17.404+0100] {dag.py:3033} INFO - Sync 1 DAGs
[2024-02-08T01:03:17.433+0100] {logging_mixin.py:188} INFO - [2024-02-08T01:03:17.433+0100] {dag.py:3820} INFO - Setting next_dagrun for example_python_operator to None, run_after=None
[2024-02-08T01:03:17.747+0100] {processor.py:183} INFO - Processing /home/ubuntu/.local/lib/python3.10/site-packages/airflow/example_dags/example_python_operator.py took 0.905 seconds
[2024-02-08T01:05:31.831+0100] {processor.py:161} INFO - Started process (PID=51035) to work on /home/ubuntu/.local/lib/python3.10/site-packages/airflow/example_dags/example_python_operator.py
[2024-02-08T01:05:31.856+0100] {processor.py:830} INFO - Processing file /home/ubuntu/.local/lib/python3.10/site-packages/airflow/example_dags/example_python_operator.py for tasks to queue
[2024-02-08T01:05:31.858+0100] {logging_mixin.py:188} INFO - [2024-02-08T01:05:31.857+0100] {dagbag.py:538} INFO - Filling up the DagBag from /home/ubuntu/.local/lib/python3.10/site-packages/airflow/example_dags/example_python_operator.py
[2024-02-08T01:05:31.914+0100] {processor.py:840} INFO - DAG(s) 'example_python_operator' retrieved from /home/ubuntu/.local/lib/python3.10/site-packages/airflow/example_dags/example_python_operator.py
[2024-02-08T01:05:31.969+0100] {logging_mixin.py:188} INFO - [2024-02-08T01:05:31.969+0100] {dag.py:3033} INFO - Sync 1 DAGs
[2024-02-08T01:05:32.004+0100] {logging_mixin.py:188} INFO - [2024-02-08T01:05:32.003+0100] {dag.py:3820} INFO - Setting next_dagrun for example_python_operator to None, run_after=None
[2024-02-08T01:05:32.221+0100] {processor.py:183} INFO - Processing /home/ubuntu/.local/lib/python3.10/site-packages/airflow/example_dags/example_python_operator.py took 0.394 seconds
[2024-02-08T01:06:53.071+0100] {processor.py:161} INFO - Started process (PID=51406) to work on /home/ubuntu/.local/lib/python3.10/site-packages/airflow/example_dags/example_python_operator.py
[2024-02-08T01:06:53.074+0100] {processor.py:830} INFO - Processing file /home/ubuntu/.local/lib/python3.10/site-packages/airflow/example_dags/example_python_operator.py for tasks to queue
[2024-02-08T01:06:53.075+0100] {logging_mixin.py:188} INFO - [2024-02-08T01:06:53.075+0100] {dagbag.py:538} INFO - Filling up the DagBag from /home/ubuntu/.local/lib/python3.10/site-packages/airflow/example_dags/example_python_operator.py
[2024-02-08T01:06:53.095+0100] {processor.py:840} INFO - DAG(s) 'example_python_operator' retrieved from /home/ubuntu/.local/lib/python3.10/site-packages/airflow/example_dags/example_python_operator.py
[2024-02-08T01:06:53.124+0100] {logging_mixin.py:188} INFO - [2024-02-08T01:06:53.123+0100] {dag.py:3033} INFO - Sync 1 DAGs
[2024-02-08T01:06:53.143+0100] {logging_mixin.py:188} INFO - [2024-02-08T01:06:53.142+0100] {dag.py:3820} INFO - Setting next_dagrun for example_python_operator to None, run_after=None
[2024-02-08T01:06:53.208+0100] {processor.py:183} INFO - Processing /home/ubuntu/.local/lib/python3.10/site-packages/airflow/example_dags/example_python_operator.py took 0.143 seconds
[2024-02-08T01:08:06.843+0100] {processor.py:161} INFO - Started process (PID=51802) to work on /home/ubuntu/.local/lib/python3.10/site-packages/airflow/example_dags/example_python_operator.py
[2024-02-08T01:08:06.846+0100] {processor.py:830} INFO - Processing file /home/ubuntu/.local/lib/python3.10/site-packages/airflow/example_dags/example_python_operator.py for tasks to queue
[2024-02-08T01:08:06.847+0100] {logging_mixin.py:188} INFO - [2024-02-08T01:08:06.847+0100] {dagbag.py:538} INFO - Filling up the DagBag from /home/ubuntu/.local/lib/python3.10/site-packages/airflow/example_dags/example_python_operator.py
[2024-02-08T01:08:06.878+0100] {processor.py:840} INFO - DAG(s) 'example_python_operator' retrieved from /home/ubuntu/.local/lib/python3.10/site-packages/airflow/example_dags/example_python_operator.py
[2024-02-08T01:08:06.912+0100] {logging_mixin.py:188} INFO - [2024-02-08T01:08:06.912+0100] {dag.py:3033} INFO - Sync 1 DAGs
[2024-02-08T01:08:06.940+0100] {logging_mixin.py:188} INFO - [2024-02-08T01:08:06.940+0100] {dag.py:3820} INFO - Setting next_dagrun for example_python_operator to None, run_after=None
[2024-02-08T01:08:07.002+0100] {processor.py:183} INFO - Processing /home/ubuntu/.local/lib/python3.10/site-packages/airflow/example_dags/example_python_operator.py took 0.166 seconds
[2024-02-08T01:09:42.887+0100] {processor.py:161} INFO - Started process (PID=52175) to work on /home/ubuntu/.local/lib/python3.10/site-packages/airflow/example_dags/example_python_operator.py
[2024-02-08T01:09:42.905+0100] {processor.py:830} INFO - Processing file /home/ubuntu/.local/lib/python3.10/site-packages/airflow/example_dags/example_python_operator.py for tasks to queue
[2024-02-08T01:09:42.908+0100] {logging_mixin.py:188} INFO - [2024-02-08T01:09:42.907+0100] {dagbag.py:538} INFO - Filling up the DagBag from /home/ubuntu/.local/lib/python3.10/site-packages/airflow/example_dags/example_python_operator.py
[2024-02-08T01:09:42.958+0100] {processor.py:840} INFO - DAG(s) 'example_python_operator' retrieved from /home/ubuntu/.local/lib/python3.10/site-packages/airflow/example_dags/example_python_operator.py
[2024-02-08T01:09:43.112+0100] {logging_mixin.py:188} INFO - [2024-02-08T01:09:43.111+0100] {dag.py:3033} INFO - Sync 1 DAGs
[2024-02-08T01:09:43.191+0100] {logging_mixin.py:188} INFO - [2024-02-08T01:09:43.191+0100] {dag.py:3820} INFO - Setting next_dagrun for example_python_operator to None, run_after=None
[2024-02-08T01:09:43.478+0100] {processor.py:183} INFO - Processing /home/ubuntu/.local/lib/python3.10/site-packages/airflow/example_dags/example_python_operator.py took 0.610 seconds
[2024-02-08T01:11:02.712+0100] {processor.py:161} INFO - Started process (PID=52343) to work on /home/ubuntu/.local/lib/python3.10/site-packages/airflow/example_dags/example_python_operator.py
[2024-02-08T01:11:02.714+0100] {processor.py:830} INFO - Processing file /home/ubuntu/.local/lib/python3.10/site-packages/airflow/example_dags/example_python_operator.py for tasks to queue
[2024-02-08T01:11:02.715+0100] {logging_mixin.py:188} INFO - [2024-02-08T01:11:02.714+0100] {dagbag.py:538} INFO - Filling up the DagBag from /home/ubuntu/.local/lib/python3.10/site-packages/airflow/example_dags/example_python_operator.py
[2024-02-08T01:11:02.728+0100] {processor.py:840} INFO - DAG(s) 'example_python_operator' retrieved from /home/ubuntu/.local/lib/python3.10/site-packages/airflow/example_dags/example_python_operator.py
[2024-02-08T01:11:02.757+0100] {logging_mixin.py:188} INFO - [2024-02-08T01:11:02.757+0100] {dag.py:3033} INFO - Sync 1 DAGs
[2024-02-08T01:11:02.768+0100] {logging_mixin.py:188} INFO - [2024-02-08T01:11:02.767+0100] {dag.py:3820} INFO - Setting next_dagrun for example_python_operator to None, run_after=None
[2024-02-08T01:11:02.837+0100] {processor.py:183} INFO - Processing /home/ubuntu/.local/lib/python3.10/site-packages/airflow/example_dags/example_python_operator.py took 0.128 seconds
[2024-02-08T01:13:30.947+0100] {processor.py:161} INFO - Started process (PID=53006) to work on /home/ubuntu/.local/lib/python3.10/site-packages/airflow/example_dags/example_python_operator.py
[2024-02-08T01:13:30.962+0100] {processor.py:830} INFO - Processing file /home/ubuntu/.local/lib/python3.10/site-packages/airflow/example_dags/example_python_operator.py for tasks to queue
[2024-02-08T01:13:30.966+0100] {logging_mixin.py:188} INFO - [2024-02-08T01:13:30.964+0100] {dagbag.py:538} INFO - Filling up the DagBag from /home/ubuntu/.local/lib/python3.10/site-packages/airflow/example_dags/example_python_operator.py
[2024-02-08T01:13:31.030+0100] {processor.py:840} INFO - DAG(s) 'example_python_operator' retrieved from /home/ubuntu/.local/lib/python3.10/site-packages/airflow/example_dags/example_python_operator.py
[2024-02-08T01:13:31.173+0100] {logging_mixin.py:188} INFO - [2024-02-08T01:13:31.173+0100] {dag.py:3033} INFO - Sync 1 DAGs
[2024-02-08T01:13:31.269+0100] {logging_mixin.py:188} INFO - [2024-02-08T01:13:31.269+0100] {dag.py:3820} INFO - Setting next_dagrun for example_python_operator to None, run_after=None
[2024-02-08T01:13:31.910+0100] {processor.py:183} INFO - Processing /home/ubuntu/.local/lib/python3.10/site-packages/airflow/example_dags/example_python_operator.py took 0.999 seconds
[2024-02-08T01:17:36.705+0100] {processor.py:161} INFO - Started process (PID=53989) to work on /home/ubuntu/.local/lib/python3.10/site-packages/airflow/example_dags/example_python_operator.py
[2024-02-08T01:17:36.729+0100] {processor.py:830} INFO - Processing file /home/ubuntu/.local/lib/python3.10/site-packages/airflow/example_dags/example_python_operator.py for tasks to queue
[2024-02-08T01:17:36.734+0100] {logging_mixin.py:188} INFO - [2024-02-08T01:17:36.734+0100] {dagbag.py:538} INFO - Filling up the DagBag from /home/ubuntu/.local/lib/python3.10/site-packages/airflow/example_dags/example_python_operator.py
[2024-02-08T01:17:36.803+0100] {processor.py:840} INFO - DAG(s) 'example_python_operator' retrieved from /home/ubuntu/.local/lib/python3.10/site-packages/airflow/example_dags/example_python_operator.py
[2024-02-08T01:17:36.961+0100] {logging_mixin.py:188} INFO - [2024-02-08T01:17:36.960+0100] {dag.py:3033} INFO - Sync 1 DAGs
[2024-02-08T01:17:37.042+0100] {logging_mixin.py:188} INFO - [2024-02-08T01:17:37.041+0100] {dag.py:3820} INFO - Setting next_dagrun for example_python_operator to None, run_after=None
[2024-02-08T01:17:37.373+0100] {processor.py:183} INFO - Processing /home/ubuntu/.local/lib/python3.10/site-packages/airflow/example_dags/example_python_operator.py took 0.673 seconds
[2024-02-08T01:20:03.259+0100] {processor.py:161} INFO - Started process (PID=54429) to work on /home/ubuntu/.local/lib/python3.10/site-packages/airflow/example_dags/example_python_operator.py
[2024-02-08T01:20:03.306+0100] {processor.py:830} INFO - Processing file /home/ubuntu/.local/lib/python3.10/site-packages/airflow/example_dags/example_python_operator.py for tasks to queue
[2024-02-08T01:20:03.308+0100] {logging_mixin.py:188} INFO - [2024-02-08T01:20:03.307+0100] {dagbag.py:538} INFO - Filling up the DagBag from /home/ubuntu/.local/lib/python3.10/site-packages/airflow/example_dags/example_python_operator.py
[2024-02-08T01:20:03.462+0100] {processor.py:840} INFO - DAG(s) 'example_python_operator' retrieved from /home/ubuntu/.local/lib/python3.10/site-packages/airflow/example_dags/example_python_operator.py
[2024-02-08T01:20:03.565+0100] {logging_mixin.py:188} INFO - [2024-02-08T01:20:03.565+0100] {dag.py:3033} INFO - Sync 1 DAGs
[2024-02-08T01:20:03.614+0100] {logging_mixin.py:188} INFO - [2024-02-08T01:20:03.614+0100] {dag.py:3820} INFO - Setting next_dagrun for example_python_operator to None, run_after=None
[2024-02-08T01:20:03.829+0100] {processor.py:183} INFO - Processing /home/ubuntu/.local/lib/python3.10/site-packages/airflow/example_dags/example_python_operator.py took 0.591 seconds
[2024-02-08T01:21:52.342+0100] {processor.py:161} INFO - Started process (PID=54658) to work on /home/ubuntu/.local/lib/python3.10/site-packages/airflow/example_dags/example_python_operator.py
[2024-02-08T01:21:52.347+0100] {processor.py:830} INFO - Processing file /home/ubuntu/.local/lib/python3.10/site-packages/airflow/example_dags/example_python_operator.py for tasks to queue
[2024-02-08T01:21:52.350+0100] {logging_mixin.py:188} INFO - [2024-02-08T01:21:52.348+0100] {dagbag.py:538} INFO - Filling up the DagBag from /home/ubuntu/.local/lib/python3.10/site-packages/airflow/example_dags/example_python_operator.py
[2024-02-08T01:21:52.408+0100] {processor.py:840} INFO - DAG(s) 'example_python_operator' retrieved from /home/ubuntu/.local/lib/python3.10/site-packages/airflow/example_dags/example_python_operator.py
[2024-02-08T01:21:52.525+0100] {logging_mixin.py:188} INFO - [2024-02-08T01:21:52.524+0100] {dag.py:3033} INFO - Sync 1 DAGs
[2024-02-08T01:21:52.584+0100] {logging_mixin.py:188} INFO - [2024-02-08T01:21:52.584+0100] {dag.py:3820} INFO - Setting next_dagrun for example_python_operator to None, run_after=None
[2024-02-08T01:21:52.662+0100] {processor.py:183} INFO - Processing /home/ubuntu/.local/lib/python3.10/site-packages/airflow/example_dags/example_python_operator.py took 0.331 seconds
[2024-02-08T01:23:22.810+0100] {processor.py:161} INFO - Started process (PID=54916) to work on /home/ubuntu/.local/lib/python3.10/site-packages/airflow/example_dags/example_python_operator.py
[2024-02-08T01:23:22.815+0100] {processor.py:830} INFO - Processing file /home/ubuntu/.local/lib/python3.10/site-packages/airflow/example_dags/example_python_operator.py for tasks to queue
[2024-02-08T01:23:22.817+0100] {logging_mixin.py:188} INFO - [2024-02-08T01:23:22.816+0100] {dagbag.py:538} INFO - Filling up the DagBag from /home/ubuntu/.local/lib/python3.10/site-packages/airflow/example_dags/example_python_operator.py
[2024-02-08T01:23:22.853+0100] {processor.py:840} INFO - DAG(s) 'example_python_operator' retrieved from /home/ubuntu/.local/lib/python3.10/site-packages/airflow/example_dags/example_python_operator.py
[2024-02-08T01:23:22.897+0100] {logging_mixin.py:188} INFO - [2024-02-08T01:23:22.896+0100] {dag.py:3033} INFO - Sync 1 DAGs
[2024-02-08T01:23:22.927+0100] {logging_mixin.py:188} INFO - [2024-02-08T01:23:22.927+0100] {dag.py:3820} INFO - Setting next_dagrun for example_python_operator to None, run_after=None
[2024-02-08T01:23:23.021+0100] {processor.py:183} INFO - Processing /home/ubuntu/.local/lib/python3.10/site-packages/airflow/example_dags/example_python_operator.py took 0.218 seconds
[2024-02-08T01:24:31.640+0100] {processor.py:161} INFO - Started process (PID=55048) to work on /home/ubuntu/.local/lib/python3.10/site-packages/airflow/example_dags/example_python_operator.py
[2024-02-08T01:24:31.665+0100] {processor.py:830} INFO - Processing file /home/ubuntu/.local/lib/python3.10/site-packages/airflow/example_dags/example_python_operator.py for tasks to queue
[2024-02-08T01:24:31.666+0100] {logging_mixin.py:188} INFO - [2024-02-08T01:24:31.666+0100] {dagbag.py:538} INFO - Filling up the DagBag from /home/ubuntu/.local/lib/python3.10/site-packages/airflow/example_dags/example_python_operator.py
[2024-02-08T01:24:31.716+0100] {processor.py:840} INFO - DAG(s) 'example_python_operator' retrieved from /home/ubuntu/.local/lib/python3.10/site-packages/airflow/example_dags/example_python_operator.py
[2024-02-08T01:24:31.887+0100] {logging_mixin.py:188} INFO - [2024-02-08T01:24:31.887+0100] {dag.py:3033} INFO - Sync 1 DAGs
[2024-02-08T01:24:32.047+0100] {logging_mixin.py:188} INFO - [2024-02-08T01:24:32.034+0100] {dag.py:3820} INFO - Setting next_dagrun for example_python_operator to None, run_after=None
[2024-02-08T01:24:32.311+0100] {processor.py:183} INFO - Processing /home/ubuntu/.local/lib/python3.10/site-packages/airflow/example_dags/example_python_operator.py took 0.700 seconds
[2024-02-08T01:26:04.910+0100] {processor.py:161} INFO - Started process (PID=55205) to work on /home/ubuntu/.local/lib/python3.10/site-packages/airflow/example_dags/example_python_operator.py
[2024-02-08T01:26:04.914+0100] {processor.py:830} INFO - Processing file /home/ubuntu/.local/lib/python3.10/site-packages/airflow/example_dags/example_python_operator.py for tasks to queue
[2024-02-08T01:26:04.918+0100] {logging_mixin.py:188} INFO - [2024-02-08T01:26:04.916+0100] {dagbag.py:538} INFO - Filling up the DagBag from /home/ubuntu/.local/lib/python3.10/site-packages/airflow/example_dags/example_python_operator.py
[2024-02-08T01:26:04.986+0100] {processor.py:840} INFO - DAG(s) 'example_python_operator' retrieved from /home/ubuntu/.local/lib/python3.10/site-packages/airflow/example_dags/example_python_operator.py
[2024-02-08T01:26:05.071+0100] {logging_mixin.py:188} INFO - [2024-02-08T01:26:05.071+0100] {dag.py:3033} INFO - Sync 1 DAGs
[2024-02-08T01:26:05.108+0100] {logging_mixin.py:188} INFO - [2024-02-08T01:26:05.107+0100] {dag.py:3820} INFO - Setting next_dagrun for example_python_operator to None, run_after=None
[2024-02-08T01:26:05.163+0100] {processor.py:183} INFO - Processing /home/ubuntu/.local/lib/python3.10/site-packages/airflow/example_dags/example_python_operator.py took 0.264 seconds
[2024-02-08T01:27:45.476+0100] {processor.py:161} INFO - Started process (PID=55393) to work on /home/ubuntu/.local/lib/python3.10/site-packages/airflow/example_dags/example_python_operator.py
[2024-02-08T01:27:45.479+0100] {processor.py:830} INFO - Processing file /home/ubuntu/.local/lib/python3.10/site-packages/airflow/example_dags/example_python_operator.py for tasks to queue
[2024-02-08T01:27:45.483+0100] {logging_mixin.py:188} INFO - [2024-02-08T01:27:45.483+0100] {dagbag.py:538} INFO - Filling up the DagBag from /home/ubuntu/.local/lib/python3.10/site-packages/airflow/example_dags/example_python_operator.py
[2024-02-08T01:27:45.509+0100] {processor.py:840} INFO - DAG(s) 'example_python_operator' retrieved from /home/ubuntu/.local/lib/python3.10/site-packages/airflow/example_dags/example_python_operator.py
[2024-02-08T01:27:45.559+0100] {logging_mixin.py:188} INFO - [2024-02-08T01:27:45.559+0100] {dag.py:3033} INFO - Sync 1 DAGs
[2024-02-08T01:27:45.586+0100] {logging_mixin.py:188} INFO - [2024-02-08T01:27:45.586+0100] {dag.py:3820} INFO - Setting next_dagrun for example_python_operator to None, run_after=None
[2024-02-08T01:27:45.894+0100] {processor.py:183} INFO - Processing /home/ubuntu/.local/lib/python3.10/site-packages/airflow/example_dags/example_python_operator.py took 0.446 seconds
[2024-02-08T01:29:23.257+0100] {processor.py:161} INFO - Started process (PID=55564) to work on /home/ubuntu/.local/lib/python3.10/site-packages/airflow/example_dags/example_python_operator.py
[2024-02-08T01:29:23.260+0100] {processor.py:830} INFO - Processing file /home/ubuntu/.local/lib/python3.10/site-packages/airflow/example_dags/example_python_operator.py for tasks to queue
[2024-02-08T01:29:23.262+0100] {logging_mixin.py:188} INFO - [2024-02-08T01:29:23.261+0100] {dagbag.py:538} INFO - Filling up the DagBag from /home/ubuntu/.local/lib/python3.10/site-packages/airflow/example_dags/example_python_operator.py
[2024-02-08T01:29:23.283+0100] {processor.py:840} INFO - DAG(s) 'example_python_operator' retrieved from /home/ubuntu/.local/lib/python3.10/site-packages/airflow/example_dags/example_python_operator.py
[2024-02-08T01:29:23.321+0100] {logging_mixin.py:188} INFO - [2024-02-08T01:29:23.320+0100] {dag.py:3033} INFO - Sync 1 DAGs
[2024-02-08T01:29:23.342+0100] {logging_mixin.py:188} INFO - [2024-02-08T01:29:23.342+0100] {dag.py:3820} INFO - Setting next_dagrun for example_python_operator to None, run_after=None
[2024-02-08T01:29:23.450+0100] {processor.py:183} INFO - Processing /home/ubuntu/.local/lib/python3.10/site-packages/airflow/example_dags/example_python_operator.py took 0.199 seconds
[2024-02-08T01:31:19.256+0100] {processor.py:161} INFO - Started process (PID=55786) to work on /home/ubuntu/.local/lib/python3.10/site-packages/airflow/example_dags/example_python_operator.py
[2024-02-08T01:31:19.260+0100] {processor.py:830} INFO - Processing file /home/ubuntu/.local/lib/python3.10/site-packages/airflow/example_dags/example_python_operator.py for tasks to queue
[2024-02-08T01:31:19.263+0100] {logging_mixin.py:188} INFO - [2024-02-08T01:31:19.261+0100] {dagbag.py:538} INFO - Filling up the DagBag from /home/ubuntu/.local/lib/python3.10/site-packages/airflow/example_dags/example_python_operator.py
[2024-02-08T01:31:19.316+0100] {processor.py:840} INFO - DAG(s) 'example_python_operator' retrieved from /home/ubuntu/.local/lib/python3.10/site-packages/airflow/example_dags/example_python_operator.py
[2024-02-08T01:31:19.526+0100] {logging_mixin.py:188} INFO - [2024-02-08T01:31:19.525+0100] {dag.py:3033} INFO - Sync 1 DAGs
[2024-02-08T01:31:19.558+0100] {logging_mixin.py:188} INFO - [2024-02-08T01:31:19.558+0100] {dag.py:3820} INFO - Setting next_dagrun for example_python_operator to None, run_after=None
[2024-02-08T01:31:19.859+0100] {processor.py:183} INFO - Processing /home/ubuntu/.local/lib/python3.10/site-packages/airflow/example_dags/example_python_operator.py took 0.632 seconds
[2024-02-08T01:33:35.105+0100] {processor.py:161} INFO - Started process (PID=56007) to work on /home/ubuntu/.local/lib/python3.10/site-packages/airflow/example_dags/example_python_operator.py
[2024-02-08T01:33:35.235+0100] {processor.py:830} INFO - Processing file /home/ubuntu/.local/lib/python3.10/site-packages/airflow/example_dags/example_python_operator.py for tasks to queue
[2024-02-08T01:33:35.237+0100] {logging_mixin.py:188} INFO - [2024-02-08T01:33:35.236+0100] {dagbag.py:538} INFO - Filling up the DagBag from /home/ubuntu/.local/lib/python3.10/site-packages/airflow/example_dags/example_python_operator.py
[2024-02-08T01:33:35.295+0100] {processor.py:840} INFO - DAG(s) 'example_python_operator' retrieved from /home/ubuntu/.local/lib/python3.10/site-packages/airflow/example_dags/example_python_operator.py
[2024-02-08T01:33:35.402+0100] {logging_mixin.py:188} INFO - [2024-02-08T01:33:35.401+0100] {dag.py:3033} INFO - Sync 1 DAGs
[2024-02-08T01:33:35.445+0100] {logging_mixin.py:188} INFO - [2024-02-08T01:33:35.445+0100] {dag.py:3820} INFO - Setting next_dagrun for example_python_operator to None, run_after=None
[2024-02-08T01:33:35.604+0100] {processor.py:183} INFO - Processing /home/ubuntu/.local/lib/python3.10/site-packages/airflow/example_dags/example_python_operator.py took 0.543 seconds
[2024-02-08T01:36:53.739+0100] {processor.py:161} INFO - Started process (PID=56304) to work on /home/ubuntu/.local/lib/python3.10/site-packages/airflow/example_dags/example_python_operator.py
[2024-02-08T01:36:53.744+0100] {processor.py:830} INFO - Processing file /home/ubuntu/.local/lib/python3.10/site-packages/airflow/example_dags/example_python_operator.py for tasks to queue
[2024-02-08T01:36:53.753+0100] {logging_mixin.py:188} INFO - [2024-02-08T01:36:53.746+0100] {dagbag.py:538} INFO - Filling up the DagBag from /home/ubuntu/.local/lib/python3.10/site-packages/airflow/example_dags/example_python_operator.py
[2024-02-08T01:36:53.850+0100] {processor.py:840} INFO - DAG(s) 'example_python_operator' retrieved from /home/ubuntu/.local/lib/python3.10/site-packages/airflow/example_dags/example_python_operator.py
[2024-02-08T01:36:53.934+0100] {logging_mixin.py:188} INFO - [2024-02-08T01:36:53.934+0100] {dag.py:3033} INFO - Sync 1 DAGs
[2024-02-08T01:36:54.039+0100] {logging_mixin.py:188} INFO - [2024-02-08T01:36:54.038+0100] {dag.py:3820} INFO - Setting next_dagrun for example_python_operator to None, run_after=None
[2024-02-08T01:36:54.234+0100] {processor.py:183} INFO - Processing /home/ubuntu/.local/lib/python3.10/site-packages/airflow/example_dags/example_python_operator.py took 0.515 seconds
[2024-02-08T01:38:49.039+0100] {processor.py:161} INFO - Started process (PID=56508) to work on /home/ubuntu/.local/lib/python3.10/site-packages/airflow/example_dags/example_python_operator.py
[2024-02-08T01:38:49.071+0100] {processor.py:830} INFO - Processing file /home/ubuntu/.local/lib/python3.10/site-packages/airflow/example_dags/example_python_operator.py for tasks to queue
[2024-02-08T01:38:49.085+0100] {logging_mixin.py:188} INFO - [2024-02-08T01:38:49.072+0100] {dagbag.py:538} INFO - Filling up the DagBag from /home/ubuntu/.local/lib/python3.10/site-packages/airflow/example_dags/example_python_operator.py
[2024-02-08T01:38:49.235+0100] {processor.py:840} INFO - DAG(s) 'example_python_operator' retrieved from /home/ubuntu/.local/lib/python3.10/site-packages/airflow/example_dags/example_python_operator.py
[2024-02-08T01:38:49.446+0100] {logging_mixin.py:188} INFO - [2024-02-08T01:38:49.446+0100] {dag.py:3033} INFO - Sync 1 DAGs
[2024-02-08T01:38:49.530+0100] {logging_mixin.py:188} INFO - [2024-02-08T01:38:49.530+0100] {dag.py:3820} INFO - Setting next_dagrun for example_python_operator to None, run_after=None
[2024-02-08T01:38:49.792+0100] {processor.py:183} INFO - Processing /home/ubuntu/.local/lib/python3.10/site-packages/airflow/example_dags/example_python_operator.py took 0.773 seconds
[2024-02-08T01:41:14.770+0100] {processor.py:161} INFO - Started process (PID=56800) to work on /home/ubuntu/.local/lib/python3.10/site-packages/airflow/example_dags/example_python_operator.py
[2024-02-08T01:41:14.780+0100] {processor.py:830} INFO - Processing file /home/ubuntu/.local/lib/python3.10/site-packages/airflow/example_dags/example_python_operator.py for tasks to queue
[2024-02-08T01:41:14.785+0100] {logging_mixin.py:188} INFO - [2024-02-08T01:41:14.784+0100] {dagbag.py:538} INFO - Filling up the DagBag from /home/ubuntu/.local/lib/python3.10/site-packages/airflow/example_dags/example_python_operator.py
[2024-02-08T01:41:14.883+0100] {processor.py:840} INFO - DAG(s) 'example_python_operator' retrieved from /home/ubuntu/.local/lib/python3.10/site-packages/airflow/example_dags/example_python_operator.py
[2024-02-08T01:41:14.980+0100] {logging_mixin.py:188} INFO - [2024-02-08T01:41:14.980+0100] {dag.py:3033} INFO - Sync 1 DAGs
[2024-02-08T01:41:15.050+0100] {logging_mixin.py:188} INFO - [2024-02-08T01:41:15.049+0100] {dag.py:3820} INFO - Setting next_dagrun for example_python_operator to None, run_after=None
[2024-02-08T01:41:15.130+0100] {processor.py:183} INFO - Processing /home/ubuntu/.local/lib/python3.10/site-packages/airflow/example_dags/example_python_operator.py took 0.397 seconds
[2024-02-08T01:42:41.954+0100] {processor.py:161} INFO - Started process (PID=56969) to work on /home/ubuntu/.local/lib/python3.10/site-packages/airflow/example_dags/example_python_operator.py
[2024-02-08T01:42:41.961+0100] {processor.py:830} INFO - Processing file /home/ubuntu/.local/lib/python3.10/site-packages/airflow/example_dags/example_python_operator.py for tasks to queue
[2024-02-08T01:42:41.963+0100] {logging_mixin.py:188} INFO - [2024-02-08T01:42:41.962+0100] {dagbag.py:538} INFO - Filling up the DagBag from /home/ubuntu/.local/lib/python3.10/site-packages/airflow/example_dags/example_python_operator.py
[2024-02-08T01:42:41.995+0100] {processor.py:840} INFO - DAG(s) 'example_python_operator' retrieved from /home/ubuntu/.local/lib/python3.10/site-packages/airflow/example_dags/example_python_operator.py
[2024-02-08T01:42:42.086+0100] {logging_mixin.py:188} INFO - [2024-02-08T01:42:42.086+0100] {dag.py:3033} INFO - Sync 1 DAGs
[2024-02-08T01:42:42.165+0100] {logging_mixin.py:188} INFO - [2024-02-08T01:42:42.164+0100] {dag.py:3820} INFO - Setting next_dagrun for example_python_operator to None, run_after=None
[2024-02-08T01:42:42.270+0100] {processor.py:183} INFO - Processing /home/ubuntu/.local/lib/python3.10/site-packages/airflow/example_dags/example_python_operator.py took 0.329 seconds
[2024-02-08T01:44:07.313+0100] {processor.py:161} INFO - Started process (PID=57131) to work on /home/ubuntu/.local/lib/python3.10/site-packages/airflow/example_dags/example_python_operator.py
[2024-02-08T01:44:07.315+0100] {processor.py:830} INFO - Processing file /home/ubuntu/.local/lib/python3.10/site-packages/airflow/example_dags/example_python_operator.py for tasks to queue
[2024-02-08T01:44:07.317+0100] {logging_mixin.py:188} INFO - [2024-02-08T01:44:07.316+0100] {dagbag.py:538} INFO - Filling up the DagBag from /home/ubuntu/.local/lib/python3.10/site-packages/airflow/example_dags/example_python_operator.py
[2024-02-08T01:44:07.339+0100] {processor.py:840} INFO - DAG(s) 'example_python_operator' retrieved from /home/ubuntu/.local/lib/python3.10/site-packages/airflow/example_dags/example_python_operator.py
[2024-02-08T01:44:07.385+0100] {logging_mixin.py:188} INFO - [2024-02-08T01:44:07.385+0100] {dag.py:3033} INFO - Sync 1 DAGs
[2024-02-08T01:44:07.455+0100] {logging_mixin.py:188} INFO - [2024-02-08T01:44:07.455+0100] {dag.py:3820} INFO - Setting next_dagrun for example_python_operator to None, run_after=None
[2024-02-08T01:44:07.518+0100] {processor.py:183} INFO - Processing /home/ubuntu/.local/lib/python3.10/site-packages/airflow/example_dags/example_python_operator.py took 0.211 seconds
[2024-02-08T01:45:10.468+0100] {processor.py:161} INFO - Started process (PID=57256) to work on /home/ubuntu/.local/lib/python3.10/site-packages/airflow/example_dags/example_python_operator.py
[2024-02-08T01:45:10.471+0100] {processor.py:830} INFO - Processing file /home/ubuntu/.local/lib/python3.10/site-packages/airflow/example_dags/example_python_operator.py for tasks to queue
[2024-02-08T01:45:10.473+0100] {logging_mixin.py:188} INFO - [2024-02-08T01:45:10.473+0100] {dagbag.py:538} INFO - Filling up the DagBag from /home/ubuntu/.local/lib/python3.10/site-packages/airflow/example_dags/example_python_operator.py
[2024-02-08T01:45:10.490+0100] {processor.py:840} INFO - DAG(s) 'example_python_operator' retrieved from /home/ubuntu/.local/lib/python3.10/site-packages/airflow/example_dags/example_python_operator.py
[2024-02-08T01:45:10.531+0100] {logging_mixin.py:188} INFO - [2024-02-08T01:45:10.531+0100] {dag.py:3033} INFO - Sync 1 DAGs
[2024-02-08T01:45:10.545+0100] {logging_mixin.py:188} INFO - [2024-02-08T01:45:10.545+0100] {dag.py:3820} INFO - Setting next_dagrun for example_python_operator to None, run_after=None
[2024-02-08T01:45:10.574+0100] {processor.py:183} INFO - Processing /home/ubuntu/.local/lib/python3.10/site-packages/airflow/example_dags/example_python_operator.py took 0.110 seconds
[2024-02-08T01:46:13.178+0100] {processor.py:161} INFO - Started process (PID=57377) to work on /home/ubuntu/.local/lib/python3.10/site-packages/airflow/example_dags/example_python_operator.py
[2024-02-08T01:46:13.182+0100] {processor.py:830} INFO - Processing file /home/ubuntu/.local/lib/python3.10/site-packages/airflow/example_dags/example_python_operator.py for tasks to queue
[2024-02-08T01:46:13.185+0100] {logging_mixin.py:188} INFO - [2024-02-08T01:46:13.185+0100] {dagbag.py:538} INFO - Filling up the DagBag from /home/ubuntu/.local/lib/python3.10/site-packages/airflow/example_dags/example_python_operator.py
[2024-02-08T01:46:13.214+0100] {processor.py:840} INFO - DAG(s) 'example_python_operator' retrieved from /home/ubuntu/.local/lib/python3.10/site-packages/airflow/example_dags/example_python_operator.py
[2024-02-08T01:46:13.256+0100] {logging_mixin.py:188} INFO - [2024-02-08T01:46:13.256+0100] {dag.py:3033} INFO - Sync 1 DAGs
[2024-02-08T01:46:13.296+0100] {logging_mixin.py:188} INFO - [2024-02-08T01:46:13.295+0100] {dag.py:3820} INFO - Setting next_dagrun for example_python_operator to None, run_after=None
[2024-02-08T01:46:13.428+0100] {processor.py:183} INFO - Processing /home/ubuntu/.local/lib/python3.10/site-packages/airflow/example_dags/example_python_operator.py took 0.255 seconds
[2024-02-08T01:47:21.983+0100] {processor.py:161} INFO - Started process (PID=57519) to work on /home/ubuntu/.local/lib/python3.10/site-packages/airflow/example_dags/example_python_operator.py
[2024-02-08T01:47:22.009+0100] {processor.py:830} INFO - Processing file /home/ubuntu/.local/lib/python3.10/site-packages/airflow/example_dags/example_python_operator.py for tasks to queue
[2024-02-08T01:47:22.012+0100] {logging_mixin.py:188} INFO - [2024-02-08T01:47:22.011+0100] {dagbag.py:538} INFO - Filling up the DagBag from /home/ubuntu/.local/lib/python3.10/site-packages/airflow/example_dags/example_python_operator.py
[2024-02-08T01:47:22.053+0100] {processor.py:840} INFO - DAG(s) 'example_python_operator' retrieved from /home/ubuntu/.local/lib/python3.10/site-packages/airflow/example_dags/example_python_operator.py
[2024-02-08T01:47:22.113+0100] {logging_mixin.py:188} INFO - [2024-02-08T01:47:22.113+0100] {dag.py:3033} INFO - Sync 1 DAGs
[2024-02-08T01:47:22.143+0100] {logging_mixin.py:188} INFO - [2024-02-08T01:47:22.142+0100] {dag.py:3820} INFO - Setting next_dagrun for example_python_operator to None, run_after=None
[2024-02-08T01:47:22.456+0100] {processor.py:183} INFO - Processing /home/ubuntu/.local/lib/python3.10/site-packages/airflow/example_dags/example_python_operator.py took 0.502 seconds
[2024-02-08T01:49:04.329+0100] {processor.py:161} INFO - Started process (PID=57732) to work on /home/ubuntu/.local/lib/python3.10/site-packages/airflow/example_dags/example_python_operator.py
[2024-02-08T01:49:04.334+0100] {processor.py:830} INFO - Processing file /home/ubuntu/.local/lib/python3.10/site-packages/airflow/example_dags/example_python_operator.py for tasks to queue
[2024-02-08T01:49:04.336+0100] {logging_mixin.py:188} INFO - [2024-02-08T01:49:04.335+0100] {dagbag.py:538} INFO - Filling up the DagBag from /home/ubuntu/.local/lib/python3.10/site-packages/airflow/example_dags/example_python_operator.py
[2024-02-08T01:49:04.360+0100] {processor.py:840} INFO - DAG(s) 'example_python_operator' retrieved from /home/ubuntu/.local/lib/python3.10/site-packages/airflow/example_dags/example_python_operator.py
[2024-02-08T01:49:04.391+0100] {logging_mixin.py:188} INFO - [2024-02-08T01:49:04.391+0100] {dag.py:3033} INFO - Sync 1 DAGs
[2024-02-08T01:49:04.410+0100] {logging_mixin.py:188} INFO - [2024-02-08T01:49:04.409+0100] {dag.py:3820} INFO - Setting next_dagrun for example_python_operator to None, run_after=None
[2024-02-08T01:49:04.455+0100] {processor.py:183} INFO - Processing /home/ubuntu/.local/lib/python3.10/site-packages/airflow/example_dags/example_python_operator.py took 0.138 seconds
[2024-02-08T01:50:59.929+0100] {processor.py:161} INFO - Started process (PID=57965) to work on /home/ubuntu/.local/lib/python3.10/site-packages/airflow/example_dags/example_python_operator.py
[2024-02-08T01:50:59.932+0100] {processor.py:830} INFO - Processing file /home/ubuntu/.local/lib/python3.10/site-packages/airflow/example_dags/example_python_operator.py for tasks to queue
[2024-02-08T01:50:59.934+0100] {logging_mixin.py:188} INFO - [2024-02-08T01:50:59.934+0100] {dagbag.py:538} INFO - Filling up the DagBag from /home/ubuntu/.local/lib/python3.10/site-packages/airflow/example_dags/example_python_operator.py
[2024-02-08T01:50:59.950+0100] {processor.py:840} INFO - DAG(s) 'example_python_operator' retrieved from /home/ubuntu/.local/lib/python3.10/site-packages/airflow/example_dags/example_python_operator.py
[2024-02-08T01:50:59.975+0100] {logging_mixin.py:188} INFO - [2024-02-08T01:50:59.975+0100] {dag.py:3033} INFO - Sync 1 DAGs
[2024-02-08T01:50:59.992+0100] {logging_mixin.py:188} INFO - [2024-02-08T01:50:59.992+0100] {dag.py:3820} INFO - Setting next_dagrun for example_python_operator to None, run_after=None
[2024-02-08T01:51:00.126+0100] {processor.py:183} INFO - Processing /home/ubuntu/.local/lib/python3.10/site-packages/airflow/example_dags/example_python_operator.py took 0.201 seconds
[2024-02-08T01:52:18.479+0100] {processor.py:161} INFO - Started process (PID=58111) to work on /home/ubuntu/.local/lib/python3.10/site-packages/airflow/example_dags/example_python_operator.py
[2024-02-08T01:52:18.502+0100] {processor.py:830} INFO - Processing file /home/ubuntu/.local/lib/python3.10/site-packages/airflow/example_dags/example_python_operator.py for tasks to queue
[2024-02-08T01:52:18.563+0100] {logging_mixin.py:188} INFO - [2024-02-08T01:52:18.503+0100] {dagbag.py:538} INFO - Filling up the DagBag from /home/ubuntu/.local/lib/python3.10/site-packages/airflow/example_dags/example_python_operator.py
[2024-02-08T01:52:18.614+0100] {processor.py:840} INFO - DAG(s) 'example_python_operator' retrieved from /home/ubuntu/.local/lib/python3.10/site-packages/airflow/example_dags/example_python_operator.py
[2024-02-08T01:52:18.742+0100] {logging_mixin.py:188} INFO - [2024-02-08T01:52:18.742+0100] {dag.py:3033} INFO - Sync 1 DAGs
[2024-02-08T01:52:18.786+0100] {logging_mixin.py:188} INFO - [2024-02-08T01:52:18.785+0100] {dag.py:3820} INFO - Setting next_dagrun for example_python_operator to None, run_after=None
[2024-02-08T01:52:18.980+0100] {processor.py:183} INFO - Processing /home/ubuntu/.local/lib/python3.10/site-packages/airflow/example_dags/example_python_operator.py took 0.514 seconds
[2024-02-08T01:53:49.399+0100] {processor.py:161} INFO - Started process (PID=58270) to work on /home/ubuntu/.local/lib/python3.10/site-packages/airflow/example_dags/example_python_operator.py
[2024-02-08T01:53:49.427+0100] {processor.py:830} INFO - Processing file /home/ubuntu/.local/lib/python3.10/site-packages/airflow/example_dags/example_python_operator.py for tasks to queue
[2024-02-08T01:53:49.431+0100] {logging_mixin.py:188} INFO - [2024-02-08T01:53:49.429+0100] {dagbag.py:538} INFO - Filling up the DagBag from /home/ubuntu/.local/lib/python3.10/site-packages/airflow/example_dags/example_python_operator.py
[2024-02-08T01:53:49.608+0100] {processor.py:840} INFO - DAG(s) 'example_python_operator' retrieved from /home/ubuntu/.local/lib/python3.10/site-packages/airflow/example_dags/example_python_operator.py
[2024-02-08T01:53:49.747+0100] {logging_mixin.py:188} INFO - [2024-02-08T01:53:49.747+0100] {dag.py:3033} INFO - Sync 1 DAGs
[2024-02-08T01:53:49.789+0100] {logging_mixin.py:188} INFO - [2024-02-08T01:53:49.785+0100] {dag.py:3820} INFO - Setting next_dagrun for example_python_operator to None, run_after=None
[2024-02-08T01:53:49.941+0100] {processor.py:183} INFO - Processing /home/ubuntu/.local/lib/python3.10/site-packages/airflow/example_dags/example_python_operator.py took 0.581 seconds
[2024-02-08T01:55:48.476+0100] {processor.py:161} INFO - Started process (PID=58497) to work on /home/ubuntu/.local/lib/python3.10/site-packages/airflow/example_dags/example_python_operator.py
[2024-02-08T01:55:48.490+0100] {processor.py:830} INFO - Processing file /home/ubuntu/.local/lib/python3.10/site-packages/airflow/example_dags/example_python_operator.py for tasks to queue
[2024-02-08T01:55:48.492+0100] {logging_mixin.py:188} INFO - [2024-02-08T01:55:48.491+0100] {dagbag.py:538} INFO - Filling up the DagBag from /home/ubuntu/.local/lib/python3.10/site-packages/airflow/example_dags/example_python_operator.py
[2024-02-08T01:55:48.554+0100] {processor.py:840} INFO - DAG(s) 'example_python_operator' retrieved from /home/ubuntu/.local/lib/python3.10/site-packages/airflow/example_dags/example_python_operator.py
[2024-02-08T01:55:48.665+0100] {logging_mixin.py:188} INFO - [2024-02-08T01:55:48.661+0100] {dag.py:3033} INFO - Sync 1 DAGs
[2024-02-08T01:55:48.720+0100] {logging_mixin.py:188} INFO - [2024-02-08T01:55:48.720+0100] {dag.py:3820} INFO - Setting next_dagrun for example_python_operator to None, run_after=None
[2024-02-08T01:55:48.913+0100] {processor.py:183} INFO - Processing /home/ubuntu/.local/lib/python3.10/site-packages/airflow/example_dags/example_python_operator.py took 0.458 seconds
[2024-02-08T01:57:27.182+0100] {processor.py:161} INFO - Started process (PID=58660) to work on /home/ubuntu/.local/lib/python3.10/site-packages/airflow/example_dags/example_python_operator.py
[2024-02-08T01:57:27.204+0100] {processor.py:830} INFO - Processing file /home/ubuntu/.local/lib/python3.10/site-packages/airflow/example_dags/example_python_operator.py for tasks to queue
[2024-02-08T01:57:27.212+0100] {logging_mixin.py:188} INFO - [2024-02-08T01:57:27.211+0100] {dagbag.py:538} INFO - Filling up the DagBag from /home/ubuntu/.local/lib/python3.10/site-packages/airflow/example_dags/example_python_operator.py
[2024-02-08T01:57:27.282+0100] {processor.py:840} INFO - DAG(s) 'example_python_operator' retrieved from /home/ubuntu/.local/lib/python3.10/site-packages/airflow/example_dags/example_python_operator.py
[2024-02-08T01:57:27.367+0100] {logging_mixin.py:188} INFO - [2024-02-08T01:57:27.367+0100] {dag.py:3033} INFO - Sync 1 DAGs
[2024-02-08T01:57:27.424+0100] {logging_mixin.py:188} INFO - [2024-02-08T01:57:27.423+0100] {dag.py:3820} INFO - Setting next_dagrun for example_python_operator to None, run_after=None
[2024-02-08T01:57:27.809+0100] {processor.py:183} INFO - Processing /home/ubuntu/.local/lib/python3.10/site-packages/airflow/example_dags/example_python_operator.py took 0.684 seconds
[2024-02-08T01:59:35.518+0100] {processor.py:161} INFO - Started process (PID=58883) to work on /home/ubuntu/.local/lib/python3.10/site-packages/airflow/example_dags/example_python_operator.py
[2024-02-08T01:59:35.521+0100] {processor.py:830} INFO - Processing file /home/ubuntu/.local/lib/python3.10/site-packages/airflow/example_dags/example_python_operator.py for tasks to queue
[2024-02-08T01:59:35.523+0100] {logging_mixin.py:188} INFO - [2024-02-08T01:59:35.522+0100] {dagbag.py:538} INFO - Filling up the DagBag from /home/ubuntu/.local/lib/python3.10/site-packages/airflow/example_dags/example_python_operator.py
[2024-02-08T01:59:35.543+0100] {processor.py:840} INFO - DAG(s) 'example_python_operator' retrieved from /home/ubuntu/.local/lib/python3.10/site-packages/airflow/example_dags/example_python_operator.py
[2024-02-08T01:59:35.569+0100] {logging_mixin.py:188} INFO - [2024-02-08T01:59:35.569+0100] {dag.py:3033} INFO - Sync 1 DAGs
[2024-02-08T01:59:35.583+0100] {logging_mixin.py:188} INFO - [2024-02-08T01:59:35.582+0100] {dag.py:3820} INFO - Setting next_dagrun for example_python_operator to None, run_after=None
[2024-02-08T01:59:35.626+0100] {processor.py:183} INFO - Processing /home/ubuntu/.local/lib/python3.10/site-packages/airflow/example_dags/example_python_operator.py took 0.114 seconds
[2024-02-08T02:01:24.011+0100] {processor.py:161} INFO - Started process (PID=59076) to work on /home/ubuntu/.local/lib/python3.10/site-packages/airflow/example_dags/example_python_operator.py
[2024-02-08T02:01:24.026+0100] {processor.py:830} INFO - Processing file /home/ubuntu/.local/lib/python3.10/site-packages/airflow/example_dags/example_python_operator.py for tasks to queue
[2024-02-08T02:01:24.032+0100] {logging_mixin.py:188} INFO - [2024-02-08T02:01:24.031+0100] {dagbag.py:538} INFO - Filling up the DagBag from /home/ubuntu/.local/lib/python3.10/site-packages/airflow/example_dags/example_python_operator.py
[2024-02-08T02:01:24.069+0100] {processor.py:840} INFO - DAG(s) 'example_python_operator' retrieved from /home/ubuntu/.local/lib/python3.10/site-packages/airflow/example_dags/example_python_operator.py
[2024-02-08T02:01:24.164+0100] {logging_mixin.py:188} INFO - [2024-02-08T02:01:24.163+0100] {dag.py:3033} INFO - Sync 1 DAGs
[2024-02-08T02:01:24.210+0100] {logging_mixin.py:188} INFO - [2024-02-08T02:01:24.209+0100] {dag.py:3820} INFO - Setting next_dagrun for example_python_operator to None, run_after=None
[2024-02-08T02:01:24.392+0100] {processor.py:183} INFO - Processing /home/ubuntu/.local/lib/python3.10/site-packages/airflow/example_dags/example_python_operator.py took 0.403 seconds
[2024-02-08T02:03:35.593+0100] {processor.py:161} INFO - Started process (PID=59284) to work on /home/ubuntu/.local/lib/python3.10/site-packages/airflow/example_dags/example_python_operator.py
[2024-02-08T02:03:35.630+0100] {processor.py:830} INFO - Processing file /home/ubuntu/.local/lib/python3.10/site-packages/airflow/example_dags/example_python_operator.py for tasks to queue
[2024-02-08T02:03:35.632+0100] {logging_mixin.py:188} INFO - [2024-02-08T02:03:35.631+0100] {dagbag.py:538} INFO - Filling up the DagBag from /home/ubuntu/.local/lib/python3.10/site-packages/airflow/example_dags/example_python_operator.py
[2024-02-08T02:03:35.688+0100] {processor.py:840} INFO - DAG(s) 'example_python_operator' retrieved from /home/ubuntu/.local/lib/python3.10/site-packages/airflow/example_dags/example_python_operator.py
[2024-02-08T02:03:35.786+0100] {logging_mixin.py:188} INFO - [2024-02-08T02:03:35.786+0100] {dag.py:3033} INFO - Sync 1 DAGs
[2024-02-08T02:03:35.829+0100] {logging_mixin.py:188} INFO - [2024-02-08T02:03:35.829+0100] {dag.py:3820} INFO - Setting next_dagrun for example_python_operator to None, run_after=None
[2024-02-08T02:03:35.955+0100] {processor.py:183} INFO - Processing /home/ubuntu/.local/lib/python3.10/site-packages/airflow/example_dags/example_python_operator.py took 0.388 seconds
[2024-02-08T02:05:38.244+0100] {processor.py:161} INFO - Started process (PID=59480) to work on /home/ubuntu/.local/lib/python3.10/site-packages/airflow/example_dags/example_python_operator.py
[2024-02-08T02:05:38.267+0100] {processor.py:830} INFO - Processing file /home/ubuntu/.local/lib/python3.10/site-packages/airflow/example_dags/example_python_operator.py for tasks to queue
[2024-02-08T02:05:38.272+0100] {logging_mixin.py:188} INFO - [2024-02-08T02:05:38.272+0100] {dagbag.py:538} INFO - Filling up the DagBag from /home/ubuntu/.local/lib/python3.10/site-packages/airflow/example_dags/example_python_operator.py
[2024-02-08T02:05:38.328+0100] {processor.py:840} INFO - DAG(s) 'example_python_operator' retrieved from /home/ubuntu/.local/lib/python3.10/site-packages/airflow/example_dags/example_python_operator.py
[2024-02-08T02:05:38.403+0100] {logging_mixin.py:188} INFO - [2024-02-08T02:05:38.403+0100] {dag.py:3033} INFO - Sync 1 DAGs
[2024-02-08T02:05:38.498+0100] {logging_mixin.py:188} INFO - [2024-02-08T02:05:38.498+0100] {dag.py:3820} INFO - Setting next_dagrun for example_python_operator to None, run_after=None
[2024-02-08T02:05:38.567+0100] {processor.py:183} INFO - Processing /home/ubuntu/.local/lib/python3.10/site-packages/airflow/example_dags/example_python_operator.py took 0.331 seconds
[2024-02-08T02:09:13.758+0100] {processor.py:161} INFO - Started process (PID=60419) to work on /home/ubuntu/.local/lib/python3.10/site-packages/airflow/example_dags/example_python_operator.py
[2024-02-08T02:09:13.774+0100] {processor.py:830} INFO - Processing file /home/ubuntu/.local/lib/python3.10/site-packages/airflow/example_dags/example_python_operator.py for tasks to queue
[2024-02-08T02:09:13.778+0100] {logging_mixin.py:188} INFO - [2024-02-08T02:09:13.775+0100] {dagbag.py:538} INFO - Filling up the DagBag from /home/ubuntu/.local/lib/python3.10/site-packages/airflow/example_dags/example_python_operator.py
[2024-02-08T02:09:13.824+0100] {processor.py:840} INFO - DAG(s) 'example_python_operator' retrieved from /home/ubuntu/.local/lib/python3.10/site-packages/airflow/example_dags/example_python_operator.py
[2024-02-08T02:09:13.910+0100] {logging_mixin.py:188} INFO - [2024-02-08T02:09:13.909+0100] {dag.py:3033} INFO - Sync 1 DAGs
[2024-02-08T02:09:13.974+0100] {logging_mixin.py:188} INFO - [2024-02-08T02:09:13.974+0100] {dag.py:3820} INFO - Setting next_dagrun for example_python_operator to None, run_after=None
[2024-02-08T02:09:14.192+0100] {processor.py:183} INFO - Processing /home/ubuntu/.local/lib/python3.10/site-packages/airflow/example_dags/example_python_operator.py took 0.460 seconds
[2024-02-08T02:11:09.894+0100] {processor.py:161} INFO - Started process (PID=60590) to work on /home/ubuntu/.local/lib/python3.10/site-packages/airflow/example_dags/example_python_operator.py
[2024-02-08T02:11:09.896+0100] {processor.py:830} INFO - Processing file /home/ubuntu/.local/lib/python3.10/site-packages/airflow/example_dags/example_python_operator.py for tasks to queue
[2024-02-08T02:11:09.897+0100] {logging_mixin.py:188} INFO - [2024-02-08T02:11:09.897+0100] {dagbag.py:538} INFO - Filling up the DagBag from /home/ubuntu/.local/lib/python3.10/site-packages/airflow/example_dags/example_python_operator.py
[2024-02-08T02:11:09.916+0100] {processor.py:840} INFO - DAG(s) 'example_python_operator' retrieved from /home/ubuntu/.local/lib/python3.10/site-packages/airflow/example_dags/example_python_operator.py
[2024-02-08T02:11:09.936+0100] {logging_mixin.py:188} INFO - [2024-02-08T02:11:09.936+0100] {dag.py:3033} INFO - Sync 1 DAGs
[2024-02-08T02:11:09.951+0100] {logging_mixin.py:188} INFO - [2024-02-08T02:11:09.950+0100] {dag.py:3820} INFO - Setting next_dagrun for example_python_operator to None, run_after=None
[2024-02-08T02:11:09.982+0100] {processor.py:183} INFO - Processing /home/ubuntu/.local/lib/python3.10/site-packages/airflow/example_dags/example_python_operator.py took 0.092 seconds
[2024-02-08T02:12:43.065+0100] {processor.py:161} INFO - Started process (PID=60942) to work on /home/ubuntu/.local/lib/python3.10/site-packages/airflow/example_dags/example_python_operator.py
[2024-02-08T02:12:43.071+0100] {processor.py:830} INFO - Processing file /home/ubuntu/.local/lib/python3.10/site-packages/airflow/example_dags/example_python_operator.py for tasks to queue
[2024-02-08T02:12:43.073+0100] {logging_mixin.py:188} INFO - [2024-02-08T02:12:43.073+0100] {dagbag.py:538} INFO - Filling up the DagBag from /home/ubuntu/.local/lib/python3.10/site-packages/airflow/example_dags/example_python_operator.py
[2024-02-08T02:12:43.125+0100] {processor.py:840} INFO - DAG(s) 'example_python_operator' retrieved from /home/ubuntu/.local/lib/python3.10/site-packages/airflow/example_dags/example_python_operator.py
[2024-02-08T02:12:43.160+0100] {logging_mixin.py:188} INFO - [2024-02-08T02:12:43.160+0100] {dag.py:3033} INFO - Sync 1 DAGs
[2024-02-08T02:12:43.174+0100] {logging_mixin.py:188} INFO - [2024-02-08T02:12:43.174+0100] {dag.py:3820} INFO - Setting next_dagrun for example_python_operator to None, run_after=None
[2024-02-08T02:12:43.207+0100] {processor.py:183} INFO - Processing /home/ubuntu/.local/lib/python3.10/site-packages/airflow/example_dags/example_python_operator.py took 0.147 seconds
[2024-02-08T02:13:49.193+0100] {processor.py:161} INFO - Started process (PID=61052) to work on /home/ubuntu/.local/lib/python3.10/site-packages/airflow/example_dags/example_python_operator.py
[2024-02-08T02:13:49.195+0100] {processor.py:830} INFO - Processing file /home/ubuntu/.local/lib/python3.10/site-packages/airflow/example_dags/example_python_operator.py for tasks to queue
[2024-02-08T02:13:49.197+0100] {logging_mixin.py:188} INFO - [2024-02-08T02:13:49.196+0100] {dagbag.py:538} INFO - Filling up the DagBag from /home/ubuntu/.local/lib/python3.10/site-packages/airflow/example_dags/example_python_operator.py
[2024-02-08T02:13:49.209+0100] {processor.py:840} INFO - DAG(s) 'example_python_operator' retrieved from /home/ubuntu/.local/lib/python3.10/site-packages/airflow/example_dags/example_python_operator.py
[2024-02-08T02:13:49.228+0100] {logging_mixin.py:188} INFO - [2024-02-08T02:13:49.228+0100] {dag.py:3033} INFO - Sync 1 DAGs
[2024-02-08T02:13:49.242+0100] {logging_mixin.py:188} INFO - [2024-02-08T02:13:49.242+0100] {dag.py:3820} INFO - Setting next_dagrun for example_python_operator to None, run_after=None
[2024-02-08T02:13:49.271+0100] {processor.py:183} INFO - Processing /home/ubuntu/.local/lib/python3.10/site-packages/airflow/example_dags/example_python_operator.py took 0.081 seconds
[2024-02-08T02:14:47.874+0100] {processor.py:161} INFO - Started process (PID=61143) to work on /home/ubuntu/.local/lib/python3.10/site-packages/airflow/example_dags/example_python_operator.py
[2024-02-08T02:14:47.879+0100] {processor.py:830} INFO - Processing file /home/ubuntu/.local/lib/python3.10/site-packages/airflow/example_dags/example_python_operator.py for tasks to queue
[2024-02-08T02:14:47.881+0100] {logging_mixin.py:188} INFO - [2024-02-08T02:14:47.880+0100] {dagbag.py:538} INFO - Filling up the DagBag from /home/ubuntu/.local/lib/python3.10/site-packages/airflow/example_dags/example_python_operator.py
[2024-02-08T02:14:47.899+0100] {processor.py:840} INFO - DAG(s) 'example_python_operator' retrieved from /home/ubuntu/.local/lib/python3.10/site-packages/airflow/example_dags/example_python_operator.py
[2024-02-08T02:14:47.920+0100] {logging_mixin.py:188} INFO - [2024-02-08T02:14:47.920+0100] {dag.py:3033} INFO - Sync 1 DAGs
[2024-02-08T02:14:47.948+0100] {logging_mixin.py:188} INFO - [2024-02-08T02:14:47.948+0100] {dag.py:3820} INFO - Setting next_dagrun for example_python_operator to None, run_after=None
[2024-02-08T02:14:47.992+0100] {processor.py:183} INFO - Processing /home/ubuntu/.local/lib/python3.10/site-packages/airflow/example_dags/example_python_operator.py took 0.124 seconds
[2024-02-08T02:16:08.954+0100] {processor.py:161} INFO - Started process (PID=61277) to work on /home/ubuntu/.local/lib/python3.10/site-packages/airflow/example_dags/example_python_operator.py
[2024-02-08T02:16:08.956+0100] {processor.py:830} INFO - Processing file /home/ubuntu/.local/lib/python3.10/site-packages/airflow/example_dags/example_python_operator.py for tasks to queue
[2024-02-08T02:16:08.957+0100] {logging_mixin.py:188} INFO - [2024-02-08T02:16:08.956+0100] {dagbag.py:538} INFO - Filling up the DagBag from /home/ubuntu/.local/lib/python3.10/site-packages/airflow/example_dags/example_python_operator.py
[2024-02-08T02:16:08.967+0100] {processor.py:840} INFO - DAG(s) 'example_python_operator' retrieved from /home/ubuntu/.local/lib/python3.10/site-packages/airflow/example_dags/example_python_operator.py
[2024-02-08T02:16:08.983+0100] {logging_mixin.py:188} INFO - [2024-02-08T02:16:08.983+0100] {dag.py:3033} INFO - Sync 1 DAGs
[2024-02-08T02:16:08.993+0100] {logging_mixin.py:188} INFO - [2024-02-08T02:16:08.993+0100] {dag.py:3820} INFO - Setting next_dagrun for example_python_operator to None, run_after=None
[2024-02-08T02:16:09.024+0100] {processor.py:183} INFO - Processing /home/ubuntu/.local/lib/python3.10/site-packages/airflow/example_dags/example_python_operator.py took 0.074 seconds
