[2024-02-08T01:01:57.107+0100] {processor.py:161} INFO - Started process (PID=50450) to work on /home/ubuntu/.local/lib/python3.10/site-packages/airflow/example_dags/example_trigger_controller_dag.py
[2024-02-08T01:01:57.111+0100] {processor.py:830} INFO - Processing file /home/ubuntu/.local/lib/python3.10/site-packages/airflow/example_dags/example_trigger_controller_dag.py for tasks to queue
[2024-02-08T01:01:57.127+0100] {logging_mixin.py:188} INFO - [2024-02-08T01:01:57.123+0100] {dagbag.py:538} INFO - Filling up the DagBag from /home/ubuntu/.local/lib/python3.10/site-packages/airflow/example_dags/example_trigger_controller_dag.py
[2024-02-08T01:01:57.153+0100] {processor.py:840} INFO - DAG(s) 'example_trigger_controller_dag' retrieved from /home/ubuntu/.local/lib/python3.10/site-packages/airflow/example_dags/example_trigger_controller_dag.py
[2024-02-08T01:01:57.813+0100] {logging_mixin.py:188} INFO - [2024-02-08T01:01:57.808+0100] {dag.py:3033} INFO - Sync 1 DAGs
[2024-02-08T01:01:57.879+0100] {logging_mixin.py:188} INFO - [2024-02-08T01:01:57.879+0100] {dag.py:3820} INFO - Setting next_dagrun for example_trigger_controller_dag to 2021-01-01T00:00:00+00:00, run_after=2021-01-01T00:00:00+00:00
[2024-02-08T01:01:57.989+0100] {processor.py:183} INFO - Processing /home/ubuntu/.local/lib/python3.10/site-packages/airflow/example_dags/example_trigger_controller_dag.py took 0.933 seconds
[2024-02-08T01:03:50.065+0100] {processor.py:161} INFO - Started process (PID=50833) to work on /home/ubuntu/.local/lib/python3.10/site-packages/airflow/example_dags/example_trigger_controller_dag.py
[2024-02-08T01:03:50.069+0100] {processor.py:830} INFO - Processing file /home/ubuntu/.local/lib/python3.10/site-packages/airflow/example_dags/example_trigger_controller_dag.py for tasks to queue
[2024-02-08T01:03:50.070+0100] {logging_mixin.py:188} INFO - [2024-02-08T01:03:50.069+0100] {dagbag.py:538} INFO - Filling up the DagBag from /home/ubuntu/.local/lib/python3.10/site-packages/airflow/example_dags/example_trigger_controller_dag.py
[2024-02-08T01:03:50.120+0100] {processor.py:840} INFO - DAG(s) 'example_trigger_controller_dag' retrieved from /home/ubuntu/.local/lib/python3.10/site-packages/airflow/example_dags/example_trigger_controller_dag.py
[2024-02-08T01:03:50.187+0100] {logging_mixin.py:188} INFO - [2024-02-08T01:03:50.187+0100] {dag.py:3033} INFO - Sync 1 DAGs
[2024-02-08T01:03:50.264+0100] {logging_mixin.py:188} INFO - [2024-02-08T01:03:50.264+0100] {dag.py:3820} INFO - Setting next_dagrun for example_trigger_controller_dag to 2021-01-01T00:00:00+00:00, run_after=2021-01-01T00:00:00+00:00
[2024-02-08T01:03:50.450+0100] {processor.py:183} INFO - Processing /home/ubuntu/.local/lib/python3.10/site-packages/airflow/example_dags/example_trigger_controller_dag.py took 0.398 seconds
[2024-02-08T01:05:00.419+0100] {processor.py:161} INFO - Started process (PID=50970) to work on /home/ubuntu/.local/lib/python3.10/site-packages/airflow/example_dags/example_trigger_controller_dag.py
[2024-02-08T01:05:00.424+0100] {processor.py:830} INFO - Processing file /home/ubuntu/.local/lib/python3.10/site-packages/airflow/example_dags/example_trigger_controller_dag.py for tasks to queue
[2024-02-08T01:05:00.427+0100] {logging_mixin.py:188} INFO - [2024-02-08T01:05:00.426+0100] {dagbag.py:538} INFO - Filling up the DagBag from /home/ubuntu/.local/lib/python3.10/site-packages/airflow/example_dags/example_trigger_controller_dag.py
[2024-02-08T01:05:00.439+0100] {processor.py:840} INFO - DAG(s) 'example_trigger_controller_dag' retrieved from /home/ubuntu/.local/lib/python3.10/site-packages/airflow/example_dags/example_trigger_controller_dag.py
[2024-02-08T01:05:00.491+0100] {logging_mixin.py:188} INFO - [2024-02-08T01:05:00.491+0100] {dag.py:3033} INFO - Sync 1 DAGs
[2024-02-08T01:05:00.545+0100] {logging_mixin.py:188} INFO - [2024-02-08T01:05:00.545+0100] {dag.py:3820} INFO - Setting next_dagrun for example_trigger_controller_dag to 2021-01-01T00:00:00+00:00, run_after=2021-01-01T00:00:00+00:00
[2024-02-08T01:05:01.059+0100] {processor.py:183} INFO - Processing /home/ubuntu/.local/lib/python3.10/site-packages/airflow/example_dags/example_trigger_controller_dag.py took 0.651 seconds
[2024-02-08T01:05:53.281+0100] {processor.py:161} INFO - Started process (PID=51094) to work on /home/ubuntu/.local/lib/python3.10/site-packages/airflow/example_dags/example_trigger_controller_dag.py
[2024-02-08T01:05:53.294+0100] {processor.py:830} INFO - Processing file /home/ubuntu/.local/lib/python3.10/site-packages/airflow/example_dags/example_trigger_controller_dag.py for tasks to queue
[2024-02-08T01:05:53.296+0100] {logging_mixin.py:188} INFO - [2024-02-08T01:05:53.295+0100] {dagbag.py:538} INFO - Filling up the DagBag from /home/ubuntu/.local/lib/python3.10/site-packages/airflow/example_dags/example_trigger_controller_dag.py
[2024-02-08T01:05:53.306+0100] {processor.py:840} INFO - DAG(s) 'example_trigger_controller_dag' retrieved from /home/ubuntu/.local/lib/python3.10/site-packages/airflow/example_dags/example_trigger_controller_dag.py
[2024-02-08T01:05:53.336+0100] {logging_mixin.py:188} INFO - [2024-02-08T01:05:53.336+0100] {dag.py:3033} INFO - Sync 1 DAGs
[2024-02-08T01:05:53.371+0100] {logging_mixin.py:188} INFO - [2024-02-08T01:05:53.371+0100] {dag.py:3820} INFO - Setting next_dagrun for example_trigger_controller_dag to 2021-01-01T00:00:00+00:00, run_after=2021-01-01T00:00:00+00:00
[2024-02-08T01:05:53.421+0100] {processor.py:183} INFO - Processing /home/ubuntu/.local/lib/python3.10/site-packages/airflow/example_dags/example_trigger_controller_dag.py took 0.144 seconds
[2024-02-08T01:07:07.911+0100] {processor.py:161} INFO - Started process (PID=51505) to work on /home/ubuntu/.local/lib/python3.10/site-packages/airflow/example_dags/example_trigger_controller_dag.py
[2024-02-08T01:07:07.924+0100] {processor.py:830} INFO - Processing file /home/ubuntu/.local/lib/python3.10/site-packages/airflow/example_dags/example_trigger_controller_dag.py for tasks to queue
[2024-02-08T01:07:07.925+0100] {logging_mixin.py:188} INFO - [2024-02-08T01:07:07.925+0100] {dagbag.py:538} INFO - Filling up the DagBag from /home/ubuntu/.local/lib/python3.10/site-packages/airflow/example_dags/example_trigger_controller_dag.py
[2024-02-08T01:07:07.934+0100] {processor.py:840} INFO - DAG(s) 'example_trigger_controller_dag' retrieved from /home/ubuntu/.local/lib/python3.10/site-packages/airflow/example_dags/example_trigger_controller_dag.py
[2024-02-08T01:07:07.966+0100] {logging_mixin.py:188} INFO - [2024-02-08T01:07:07.965+0100] {dag.py:3033} INFO - Sync 1 DAGs
[2024-02-08T01:07:07.998+0100] {logging_mixin.py:188} INFO - [2024-02-08T01:07:07.998+0100] {dag.py:3820} INFO - Setting next_dagrun for example_trigger_controller_dag to 2021-01-01T00:00:00+00:00, run_after=2021-01-01T00:00:00+00:00
[2024-02-08T01:07:08.199+0100] {processor.py:183} INFO - Processing /home/ubuntu/.local/lib/python3.10/site-packages/airflow/example_dags/example_trigger_controller_dag.py took 0.291 seconds
[2024-02-08T01:08:30.417+0100] {processor.py:161} INFO - Started process (PID=51860) to work on /home/ubuntu/.local/lib/python3.10/site-packages/airflow/example_dags/example_trigger_controller_dag.py
[2024-02-08T01:08:30.421+0100] {processor.py:830} INFO - Processing file /home/ubuntu/.local/lib/python3.10/site-packages/airflow/example_dags/example_trigger_controller_dag.py for tasks to queue
[2024-02-08T01:08:30.423+0100] {logging_mixin.py:188} INFO - [2024-02-08T01:08:30.422+0100] {dagbag.py:538} INFO - Filling up the DagBag from /home/ubuntu/.local/lib/python3.10/site-packages/airflow/example_dags/example_trigger_controller_dag.py
[2024-02-08T01:08:30.438+0100] {processor.py:840} INFO - DAG(s) 'example_trigger_controller_dag' retrieved from /home/ubuntu/.local/lib/python3.10/site-packages/airflow/example_dags/example_trigger_controller_dag.py
[2024-02-08T01:08:30.479+0100] {logging_mixin.py:188} INFO - [2024-02-08T01:08:30.479+0100] {dag.py:3033} INFO - Sync 1 DAGs
[2024-02-08T01:08:30.533+0100] {logging_mixin.py:188} INFO - [2024-02-08T01:08:30.532+0100] {dag.py:3820} INFO - Setting next_dagrun for example_trigger_controller_dag to 2021-01-01T00:00:00+00:00, run_after=2021-01-01T00:00:00+00:00
[2024-02-08T01:08:30.584+0100] {processor.py:183} INFO - Processing /home/ubuntu/.local/lib/python3.10/site-packages/airflow/example_dags/example_trigger_controller_dag.py took 0.175 seconds
[2024-02-08T01:10:07.133+0100] {processor.py:161} INFO - Started process (PID=52224) to work on /home/ubuntu/.local/lib/python3.10/site-packages/airflow/example_dags/example_trigger_controller_dag.py
[2024-02-08T01:10:07.135+0100] {processor.py:830} INFO - Processing file /home/ubuntu/.local/lib/python3.10/site-packages/airflow/example_dags/example_trigger_controller_dag.py for tasks to queue
[2024-02-08T01:10:07.141+0100] {logging_mixin.py:188} INFO - [2024-02-08T01:10:07.141+0100] {dagbag.py:538} INFO - Filling up the DagBag from /home/ubuntu/.local/lib/python3.10/site-packages/airflow/example_dags/example_trigger_controller_dag.py
[2024-02-08T01:10:07.151+0100] {processor.py:840} INFO - DAG(s) 'example_trigger_controller_dag' retrieved from /home/ubuntu/.local/lib/python3.10/site-packages/airflow/example_dags/example_trigger_controller_dag.py
[2024-02-08T01:10:07.174+0100] {logging_mixin.py:188} INFO - [2024-02-08T01:10:07.174+0100] {dag.py:3033} INFO - Sync 1 DAGs
[2024-02-08T01:10:07.203+0100] {logging_mixin.py:188} INFO - [2024-02-08T01:10:07.202+0100] {dag.py:3820} INFO - Setting next_dagrun for example_trigger_controller_dag to 2021-01-01T00:00:00+00:00, run_after=2021-01-01T00:00:00+00:00
[2024-02-08T01:10:07.237+0100] {processor.py:183} INFO - Processing /home/ubuntu/.local/lib/python3.10/site-packages/airflow/example_dags/example_trigger_controller_dag.py took 0.109 seconds
[2024-02-08T01:11:17.110+0100] {processor.py:161} INFO - Started process (PID=52430) to work on /home/ubuntu/.local/lib/python3.10/site-packages/airflow/example_dags/example_trigger_controller_dag.py
[2024-02-08T01:11:17.146+0100] {processor.py:830} INFO - Processing file /home/ubuntu/.local/lib/python3.10/site-packages/airflow/example_dags/example_trigger_controller_dag.py for tasks to queue
[2024-02-08T01:11:17.156+0100] {logging_mixin.py:188} INFO - [2024-02-08T01:11:17.147+0100] {dagbag.py:538} INFO - Filling up the DagBag from /home/ubuntu/.local/lib/python3.10/site-packages/airflow/example_dags/example_trigger_controller_dag.py
[2024-02-08T01:11:17.184+0100] {processor.py:840} INFO - DAG(s) 'example_trigger_controller_dag' retrieved from /home/ubuntu/.local/lib/python3.10/site-packages/airflow/example_dags/example_trigger_controller_dag.py
[2024-02-08T01:11:17.216+0100] {logging_mixin.py:188} INFO - [2024-02-08T01:11:17.215+0100] {dag.py:3033} INFO - Sync 1 DAGs
[2024-02-08T01:11:17.247+0100] {logging_mixin.py:188} INFO - [2024-02-08T01:11:17.247+0100] {dag.py:3820} INFO - Setting next_dagrun for example_trigger_controller_dag to 2021-01-01T00:00:00+00:00, run_after=2021-01-01T00:00:00+00:00
[2024-02-08T01:11:17.547+0100] {processor.py:183} INFO - Processing /home/ubuntu/.local/lib/python3.10/site-packages/airflow/example_dags/example_trigger_controller_dag.py took 0.454 seconds
[2024-02-08T01:12:36.607+0100] {processor.py:161} INFO - Started process (PID=52772) to work on /home/ubuntu/.local/lib/python3.10/site-packages/airflow/example_dags/example_trigger_controller_dag.py
[2024-02-08T01:12:36.666+0100] {processor.py:830} INFO - Processing file /home/ubuntu/.local/lib/python3.10/site-packages/airflow/example_dags/example_trigger_controller_dag.py for tasks to queue
[2024-02-08T01:12:36.667+0100] {logging_mixin.py:188} INFO - [2024-02-08T01:12:36.667+0100] {dagbag.py:538} INFO - Filling up the DagBag from /home/ubuntu/.local/lib/python3.10/site-packages/airflow/example_dags/example_trigger_controller_dag.py
[2024-02-08T01:12:36.687+0100] {processor.py:840} INFO - DAG(s) 'example_trigger_controller_dag' retrieved from /home/ubuntu/.local/lib/python3.10/site-packages/airflow/example_dags/example_trigger_controller_dag.py
[2024-02-08T01:12:36.861+0100] {logging_mixin.py:188} INFO - [2024-02-08T01:12:36.849+0100] {dag.py:3033} INFO - Sync 1 DAGs
[2024-02-08T01:12:37.001+0100] {logging_mixin.py:188} INFO - [2024-02-08T01:12:37.001+0100] {dag.py:3820} INFO - Setting next_dagrun for example_trigger_controller_dag to 2021-01-01T00:00:00+00:00, run_after=2021-01-01T00:00:00+00:00
[2024-02-08T01:12:37.404+0100] {processor.py:183} INFO - Processing /home/ubuntu/.local/lib/python3.10/site-packages/airflow/example_dags/example_trigger_controller_dag.py took 0.837 seconds
[2024-02-08T01:14:14.658+0100] {processor.py:161} INFO - Started process (PID=53174) to work on /home/ubuntu/.local/lib/python3.10/site-packages/airflow/example_dags/example_trigger_controller_dag.py
[2024-02-08T01:14:14.663+0100] {processor.py:830} INFO - Processing file /home/ubuntu/.local/lib/python3.10/site-packages/airflow/example_dags/example_trigger_controller_dag.py for tasks to queue
[2024-02-08T01:14:14.668+0100] {logging_mixin.py:188} INFO - [2024-02-08T01:14:14.665+0100] {dagbag.py:538} INFO - Filling up the DagBag from /home/ubuntu/.local/lib/python3.10/site-packages/airflow/example_dags/example_trigger_controller_dag.py
[2024-02-08T01:14:14.686+0100] {processor.py:840} INFO - DAG(s) 'example_trigger_controller_dag' retrieved from /home/ubuntu/.local/lib/python3.10/site-packages/airflow/example_dags/example_trigger_controller_dag.py
[2024-02-08T01:14:14.722+0100] {logging_mixin.py:188} INFO - [2024-02-08T01:14:14.722+0100] {dag.py:3033} INFO - Sync 1 DAGs
[2024-02-08T01:14:14.811+0100] {logging_mixin.py:188} INFO - [2024-02-08T01:14:14.811+0100] {dag.py:3820} INFO - Setting next_dagrun for example_trigger_controller_dag to 2021-01-01T00:00:00+00:00, run_after=2021-01-01T00:00:00+00:00
[2024-02-08T01:14:14.926+0100] {processor.py:183} INFO - Processing /home/ubuntu/.local/lib/python3.10/site-packages/airflow/example_dags/example_trigger_controller_dag.py took 0.278 seconds
[2024-02-08T01:16:41.270+0100] {processor.py:161} INFO - Started process (PID=53706) to work on /home/ubuntu/.local/lib/python3.10/site-packages/airflow/example_dags/example_trigger_controller_dag.py
[2024-02-08T01:16:41.277+0100] {processor.py:830} INFO - Processing file /home/ubuntu/.local/lib/python3.10/site-packages/airflow/example_dags/example_trigger_controller_dag.py for tasks to queue
[2024-02-08T01:16:41.279+0100] {logging_mixin.py:188} INFO - [2024-02-08T01:16:41.278+0100] {dagbag.py:538} INFO - Filling up the DagBag from /home/ubuntu/.local/lib/python3.10/site-packages/airflow/example_dags/example_trigger_controller_dag.py
[2024-02-08T01:16:41.302+0100] {processor.py:840} INFO - DAG(s) 'example_trigger_controller_dag' retrieved from /home/ubuntu/.local/lib/python3.10/site-packages/airflow/example_dags/example_trigger_controller_dag.py
[2024-02-08T01:16:41.444+0100] {logging_mixin.py:188} INFO - [2024-02-08T01:16:41.436+0100] {dag.py:3033} INFO - Sync 1 DAGs
[2024-02-08T01:16:41.691+0100] {logging_mixin.py:188} INFO - [2024-02-08T01:16:41.691+0100] {dag.py:3820} INFO - Setting next_dagrun for example_trigger_controller_dag to 2021-01-01T00:00:00+00:00, run_after=2021-01-01T00:00:00+00:00
[2024-02-08T01:16:42.040+0100] {processor.py:183} INFO - Processing /home/ubuntu/.local/lib/python3.10/site-packages/airflow/example_dags/example_trigger_controller_dag.py took 0.778 seconds
[2024-02-08T01:18:10.147+0100] {processor.py:161} INFO - Started process (PID=54150) to work on /home/ubuntu/.local/lib/python3.10/site-packages/airflow/example_dags/example_trigger_controller_dag.py
[2024-02-08T01:18:10.181+0100] {processor.py:830} INFO - Processing file /home/ubuntu/.local/lib/python3.10/site-packages/airflow/example_dags/example_trigger_controller_dag.py for tasks to queue
[2024-02-08T01:18:10.186+0100] {logging_mixin.py:188} INFO - [2024-02-08T01:18:10.182+0100] {dagbag.py:538} INFO - Filling up the DagBag from /home/ubuntu/.local/lib/python3.10/site-packages/airflow/example_dags/example_trigger_controller_dag.py
[2024-02-08T01:18:10.262+0100] {processor.py:840} INFO - DAG(s) 'example_trigger_controller_dag' retrieved from /home/ubuntu/.local/lib/python3.10/site-packages/airflow/example_dags/example_trigger_controller_dag.py
[2024-02-08T01:18:10.435+0100] {logging_mixin.py:188} INFO - [2024-02-08T01:18:10.435+0100] {dag.py:3033} INFO - Sync 1 DAGs
[2024-02-08T01:18:10.557+0100] {logging_mixin.py:188} INFO - [2024-02-08T01:18:10.557+0100] {dag.py:3820} INFO - Setting next_dagrun for example_trigger_controller_dag to 2021-01-01T00:00:00+00:00, run_after=2021-01-01T00:00:00+00:00
[2024-02-08T01:18:10.834+0100] {processor.py:183} INFO - Processing /home/ubuntu/.local/lib/python3.10/site-packages/airflow/example_dags/example_trigger_controller_dag.py took 0.817 seconds
[2024-02-08T01:19:27.058+0100] {processor.py:161} INFO - Started process (PID=54356) to work on /home/ubuntu/.local/lib/python3.10/site-packages/airflow/example_dags/example_trigger_controller_dag.py
[2024-02-08T01:19:27.061+0100] {processor.py:830} INFO - Processing file /home/ubuntu/.local/lib/python3.10/site-packages/airflow/example_dags/example_trigger_controller_dag.py for tasks to queue
[2024-02-08T01:19:27.065+0100] {logging_mixin.py:188} INFO - [2024-02-08T01:19:27.064+0100] {dagbag.py:538} INFO - Filling up the DagBag from /home/ubuntu/.local/lib/python3.10/site-packages/airflow/example_dags/example_trigger_controller_dag.py
[2024-02-08T01:19:27.125+0100] {processor.py:840} INFO - DAG(s) 'example_trigger_controller_dag' retrieved from /home/ubuntu/.local/lib/python3.10/site-packages/airflow/example_dags/example_trigger_controller_dag.py
[2024-02-08T01:19:27.207+0100] {logging_mixin.py:188} INFO - [2024-02-08T01:19:27.207+0100] {dag.py:3033} INFO - Sync 1 DAGs
[2024-02-08T01:19:27.274+0100] {logging_mixin.py:188} INFO - [2024-02-08T01:19:27.273+0100] {dag.py:3820} INFO - Setting next_dagrun for example_trigger_controller_dag to 2021-01-01T00:00:00+00:00, run_after=2021-01-01T00:00:00+00:00
[2024-02-08T01:19:27.388+0100] {processor.py:183} INFO - Processing /home/ubuntu/.local/lib/python3.10/site-packages/airflow/example_dags/example_trigger_controller_dag.py took 0.361 seconds
[2024-02-08T01:20:29.528+0100] {processor.py:161} INFO - Started process (PID=54505) to work on /home/ubuntu/.local/lib/python3.10/site-packages/airflow/example_dags/example_trigger_controller_dag.py
[2024-02-08T01:20:29.532+0100] {processor.py:830} INFO - Processing file /home/ubuntu/.local/lib/python3.10/site-packages/airflow/example_dags/example_trigger_controller_dag.py for tasks to queue
[2024-02-08T01:20:29.534+0100] {logging_mixin.py:188} INFO - [2024-02-08T01:20:29.533+0100] {dagbag.py:538} INFO - Filling up the DagBag from /home/ubuntu/.local/lib/python3.10/site-packages/airflow/example_dags/example_trigger_controller_dag.py
[2024-02-08T01:20:29.552+0100] {processor.py:840} INFO - DAG(s) 'example_trigger_controller_dag' retrieved from /home/ubuntu/.local/lib/python3.10/site-packages/airflow/example_dags/example_trigger_controller_dag.py
[2024-02-08T01:20:29.639+0100] {logging_mixin.py:188} INFO - [2024-02-08T01:20:29.639+0100] {dag.py:3033} INFO - Sync 1 DAGs
[2024-02-08T01:20:29.733+0100] {logging_mixin.py:188} INFO - [2024-02-08T01:20:29.733+0100] {dag.py:3820} INFO - Setting next_dagrun for example_trigger_controller_dag to 2021-01-01T00:00:00+00:00, run_after=2021-01-01T00:00:00+00:00
[2024-02-08T01:20:29.957+0100] {processor.py:183} INFO - Processing /home/ubuntu/.local/lib/python3.10/site-packages/airflow/example_dags/example_trigger_controller_dag.py took 0.440 seconds
[2024-02-08T01:22:16.800+0100] {processor.py:161} INFO - Started process (PID=54701) to work on /home/ubuntu/.local/lib/python3.10/site-packages/airflow/example_dags/example_trigger_controller_dag.py
[2024-02-08T01:22:16.805+0100] {processor.py:830} INFO - Processing file /home/ubuntu/.local/lib/python3.10/site-packages/airflow/example_dags/example_trigger_controller_dag.py for tasks to queue
[2024-02-08T01:22:16.807+0100] {logging_mixin.py:188} INFO - [2024-02-08T01:22:16.806+0100] {dagbag.py:538} INFO - Filling up the DagBag from /home/ubuntu/.local/lib/python3.10/site-packages/airflow/example_dags/example_trigger_controller_dag.py
[2024-02-08T01:22:16.818+0100] {processor.py:840} INFO - DAG(s) 'example_trigger_controller_dag' retrieved from /home/ubuntu/.local/lib/python3.10/site-packages/airflow/example_dags/example_trigger_controller_dag.py
[2024-02-08T01:22:16.849+0100] {logging_mixin.py:188} INFO - [2024-02-08T01:22:16.848+0100] {dag.py:3033} INFO - Sync 1 DAGs
[2024-02-08T01:22:16.886+0100] {logging_mixin.py:188} INFO - [2024-02-08T01:22:16.886+0100] {dag.py:3820} INFO - Setting next_dagrun for example_trigger_controller_dag to 2021-01-01T00:00:00+00:00, run_after=2021-01-01T00:00:00+00:00
[2024-02-08T01:22:17.022+0100] {processor.py:183} INFO - Processing /home/ubuntu/.local/lib/python3.10/site-packages/airflow/example_dags/example_trigger_controller_dag.py took 0.230 seconds
[2024-02-08T01:23:02.514+0100] {processor.py:161} INFO - Started process (PID=54886) to work on /home/ubuntu/.local/lib/python3.10/site-packages/airflow/example_dags/example_trigger_controller_dag.py
[2024-02-08T01:23:02.518+0100] {processor.py:830} INFO - Processing file /home/ubuntu/.local/lib/python3.10/site-packages/airflow/example_dags/example_trigger_controller_dag.py for tasks to queue
[2024-02-08T01:23:02.520+0100] {logging_mixin.py:188} INFO - [2024-02-08T01:23:02.519+0100] {dagbag.py:538} INFO - Filling up the DagBag from /home/ubuntu/.local/lib/python3.10/site-packages/airflow/example_dags/example_trigger_controller_dag.py
[2024-02-08T01:23:02.532+0100] {processor.py:840} INFO - DAG(s) 'example_trigger_controller_dag' retrieved from /home/ubuntu/.local/lib/python3.10/site-packages/airflow/example_dags/example_trigger_controller_dag.py
[2024-02-08T01:23:02.565+0100] {logging_mixin.py:188} INFO - [2024-02-08T01:23:02.564+0100] {dag.py:3033} INFO - Sync 1 DAGs
[2024-02-08T01:23:02.606+0100] {logging_mixin.py:188} INFO - [2024-02-08T01:23:02.606+0100] {dag.py:3820} INFO - Setting next_dagrun for example_trigger_controller_dag to 2021-01-01T00:00:00+00:00, run_after=2021-01-01T00:00:00+00:00
[2024-02-08T01:23:02.669+0100] {processor.py:183} INFO - Processing /home/ubuntu/.local/lib/python3.10/site-packages/airflow/example_dags/example_trigger_controller_dag.py took 0.165 seconds
[2024-02-08T01:24:14.137+0100] {processor.py:161} INFO - Started process (PID=55015) to work on /home/ubuntu/.local/lib/python3.10/site-packages/airflow/example_dags/example_trigger_controller_dag.py
[2024-02-08T01:24:14.139+0100] {processor.py:830} INFO - Processing file /home/ubuntu/.local/lib/python3.10/site-packages/airflow/example_dags/example_trigger_controller_dag.py for tasks to queue
[2024-02-08T01:24:14.140+0100] {logging_mixin.py:188} INFO - [2024-02-08T01:24:14.139+0100] {dagbag.py:538} INFO - Filling up the DagBag from /home/ubuntu/.local/lib/python3.10/site-packages/airflow/example_dags/example_trigger_controller_dag.py
[2024-02-08T01:24:14.150+0100] {processor.py:840} INFO - DAG(s) 'example_trigger_controller_dag' retrieved from /home/ubuntu/.local/lib/python3.10/site-packages/airflow/example_dags/example_trigger_controller_dag.py
[2024-02-08T01:24:14.171+0100] {logging_mixin.py:188} INFO - [2024-02-08T01:24:14.170+0100] {dag.py:3033} INFO - Sync 1 DAGs
[2024-02-08T01:24:14.196+0100] {logging_mixin.py:188} INFO - [2024-02-08T01:24:14.195+0100] {dag.py:3820} INFO - Setting next_dagrun for example_trigger_controller_dag to 2021-01-01T00:00:00+00:00, run_after=2021-01-01T00:00:00+00:00
[2024-02-08T01:24:14.237+0100] {processor.py:183} INFO - Processing /home/ubuntu/.local/lib/python3.10/site-packages/airflow/example_dags/example_trigger_controller_dag.py took 0.106 seconds
[2024-02-08T01:25:41.634+0100] {processor.py:161} INFO - Started process (PID=55165) to work on /home/ubuntu/.local/lib/python3.10/site-packages/airflow/example_dags/example_trigger_controller_dag.py
[2024-02-08T01:25:41.672+0100] {processor.py:830} INFO - Processing file /home/ubuntu/.local/lib/python3.10/site-packages/airflow/example_dags/example_trigger_controller_dag.py for tasks to queue
[2024-02-08T01:25:41.712+0100] {logging_mixin.py:188} INFO - [2024-02-08T01:25:41.700+0100] {dagbag.py:538} INFO - Filling up the DagBag from /home/ubuntu/.local/lib/python3.10/site-packages/airflow/example_dags/example_trigger_controller_dag.py
[2024-02-08T01:25:41.737+0100] {processor.py:840} INFO - DAG(s) 'example_trigger_controller_dag' retrieved from /home/ubuntu/.local/lib/python3.10/site-packages/airflow/example_dags/example_trigger_controller_dag.py
[2024-02-08T01:25:41.835+0100] {logging_mixin.py:188} INFO - [2024-02-08T01:25:41.834+0100] {dag.py:3033} INFO - Sync 1 DAGs
[2024-02-08T01:25:41.909+0100] {logging_mixin.py:188} INFO - [2024-02-08T01:25:41.908+0100] {dag.py:3820} INFO - Setting next_dagrun for example_trigger_controller_dag to 2021-01-01T00:00:00+00:00, run_after=2021-01-01T00:00:00+00:00
[2024-02-08T01:25:42.010+0100] {processor.py:183} INFO - Processing /home/ubuntu/.local/lib/python3.10/site-packages/airflow/example_dags/example_trigger_controller_dag.py took 0.399 seconds
[2024-02-08T01:27:18.801+0100] {processor.py:161} INFO - Started process (PID=55346) to work on /home/ubuntu/.local/lib/python3.10/site-packages/airflow/example_dags/example_trigger_controller_dag.py
[2024-02-08T01:27:18.850+0100] {processor.py:830} INFO - Processing file /home/ubuntu/.local/lib/python3.10/site-packages/airflow/example_dags/example_trigger_controller_dag.py for tasks to queue
[2024-02-08T01:27:18.851+0100] {logging_mixin.py:188} INFO - [2024-02-08T01:27:18.851+0100] {dagbag.py:538} INFO - Filling up the DagBag from /home/ubuntu/.local/lib/python3.10/site-packages/airflow/example_dags/example_trigger_controller_dag.py
[2024-02-08T01:27:18.881+0100] {processor.py:840} INFO - DAG(s) 'example_trigger_controller_dag' retrieved from /home/ubuntu/.local/lib/python3.10/site-packages/airflow/example_dags/example_trigger_controller_dag.py
[2024-02-08T01:27:18.981+0100] {logging_mixin.py:188} INFO - [2024-02-08T01:27:18.981+0100] {dag.py:3033} INFO - Sync 1 DAGs
[2024-02-08T01:27:19.068+0100] {logging_mixin.py:188} INFO - [2024-02-08T01:27:19.068+0100] {dag.py:3820} INFO - Setting next_dagrun for example_trigger_controller_dag to 2021-01-01T00:00:00+00:00, run_after=2021-01-01T00:00:00+00:00
[2024-02-08T01:27:19.434+0100] {processor.py:183} INFO - Processing /home/ubuntu/.local/lib/python3.10/site-packages/airflow/example_dags/example_trigger_controller_dag.py took 0.652 seconds
[2024-02-08T01:28:07.605+0100] {processor.py:161} INFO - Started process (PID=55438) to work on /home/ubuntu/.local/lib/python3.10/site-packages/airflow/example_dags/example_trigger_controller_dag.py
[2024-02-08T01:28:07.618+0100] {processor.py:830} INFO - Processing file /home/ubuntu/.local/lib/python3.10/site-packages/airflow/example_dags/example_trigger_controller_dag.py for tasks to queue
[2024-02-08T01:28:07.620+0100] {logging_mixin.py:188} INFO - [2024-02-08T01:28:07.619+0100] {dagbag.py:538} INFO - Filling up the DagBag from /home/ubuntu/.local/lib/python3.10/site-packages/airflow/example_dags/example_trigger_controller_dag.py
[2024-02-08T01:28:07.631+0100] {processor.py:840} INFO - DAG(s) 'example_trigger_controller_dag' retrieved from /home/ubuntu/.local/lib/python3.10/site-packages/airflow/example_dags/example_trigger_controller_dag.py
[2024-02-08T01:28:07.743+0100] {logging_mixin.py:188} INFO - [2024-02-08T01:28:07.743+0100] {dag.py:3033} INFO - Sync 1 DAGs
[2024-02-08T01:28:07.981+0100] {logging_mixin.py:188} INFO - [2024-02-08T01:28:07.975+0100] {dag.py:3820} INFO - Setting next_dagrun for example_trigger_controller_dag to 2021-01-01T00:00:00+00:00, run_after=2021-01-01T00:00:00+00:00
[2024-02-08T01:28:08.196+0100] {processor.py:183} INFO - Processing /home/ubuntu/.local/lib/python3.10/site-packages/airflow/example_dags/example_trigger_controller_dag.py took 0.601 seconds
[2024-02-08T01:29:48.448+0100] {processor.py:161} INFO - Started process (PID=55623) to work on /home/ubuntu/.local/lib/python3.10/site-packages/airflow/example_dags/example_trigger_controller_dag.py
[2024-02-08T01:29:48.463+0100] {processor.py:830} INFO - Processing file /home/ubuntu/.local/lib/python3.10/site-packages/airflow/example_dags/example_trigger_controller_dag.py for tasks to queue
[2024-02-08T01:29:48.464+0100] {logging_mixin.py:188} INFO - [2024-02-08T01:29:48.464+0100] {dagbag.py:538} INFO - Filling up the DagBag from /home/ubuntu/.local/lib/python3.10/site-packages/airflow/example_dags/example_trigger_controller_dag.py
[2024-02-08T01:29:48.525+0100] {processor.py:840} INFO - DAG(s) 'example_trigger_controller_dag' retrieved from /home/ubuntu/.local/lib/python3.10/site-packages/airflow/example_dags/example_trigger_controller_dag.py
[2024-02-08T01:29:48.859+0100] {logging_mixin.py:188} INFO - [2024-02-08T01:29:48.859+0100] {dag.py:3033} INFO - Sync 1 DAGs
[2024-02-08T01:29:49.014+0100] {logging_mixin.py:188} INFO - [2024-02-08T01:29:49.014+0100] {dag.py:3820} INFO - Setting next_dagrun for example_trigger_controller_dag to 2021-01-01T00:00:00+00:00, run_after=2021-01-01T00:00:00+00:00
[2024-02-08T01:29:49.284+0100] {processor.py:183} INFO - Processing /home/ubuntu/.local/lib/python3.10/site-packages/airflow/example_dags/example_trigger_controller_dag.py took 0.844 seconds
[2024-02-08T01:30:47.233+0100] {processor.py:161} INFO - Started process (PID=55722) to work on /home/ubuntu/.local/lib/python3.10/site-packages/airflow/example_dags/example_trigger_controller_dag.py
[2024-02-08T01:30:47.235+0100] {processor.py:830} INFO - Processing file /home/ubuntu/.local/lib/python3.10/site-packages/airflow/example_dags/example_trigger_controller_dag.py for tasks to queue
[2024-02-08T01:30:47.237+0100] {logging_mixin.py:188} INFO - [2024-02-08T01:30:47.236+0100] {dagbag.py:538} INFO - Filling up the DagBag from /home/ubuntu/.local/lib/python3.10/site-packages/airflow/example_dags/example_trigger_controller_dag.py
[2024-02-08T01:30:47.246+0100] {processor.py:840} INFO - DAG(s) 'example_trigger_controller_dag' retrieved from /home/ubuntu/.local/lib/python3.10/site-packages/airflow/example_dags/example_trigger_controller_dag.py
[2024-02-08T01:30:47.273+0100] {logging_mixin.py:188} INFO - [2024-02-08T01:30:47.273+0100] {dag.py:3033} INFO - Sync 1 DAGs
[2024-02-08T01:30:47.299+0100] {logging_mixin.py:188} INFO - [2024-02-08T01:30:47.299+0100] {dag.py:3820} INFO - Setting next_dagrun for example_trigger_controller_dag to 2021-01-01T00:00:00+00:00, run_after=2021-01-01T00:00:00+00:00
[2024-02-08T01:30:47.519+0100] {processor.py:183} INFO - Processing /home/ubuntu/.local/lib/python3.10/site-packages/airflow/example_dags/example_trigger_controller_dag.py took 0.290 seconds
[2024-02-08T01:31:48.303+0100] {processor.py:161} INFO - Started process (PID=55830) to work on /home/ubuntu/.local/lib/python3.10/site-packages/airflow/example_dags/example_trigger_controller_dag.py
[2024-02-08T01:31:48.331+0100] {processor.py:830} INFO - Processing file /home/ubuntu/.local/lib/python3.10/site-packages/airflow/example_dags/example_trigger_controller_dag.py for tasks to queue
[2024-02-08T01:31:48.342+0100] {logging_mixin.py:188} INFO - [2024-02-08T01:31:48.342+0100] {dagbag.py:538} INFO - Filling up the DagBag from /home/ubuntu/.local/lib/python3.10/site-packages/airflow/example_dags/example_trigger_controller_dag.py
[2024-02-08T01:31:48.358+0100] {processor.py:840} INFO - DAG(s) 'example_trigger_controller_dag' retrieved from /home/ubuntu/.local/lib/python3.10/site-packages/airflow/example_dags/example_trigger_controller_dag.py
[2024-02-08T01:31:48.411+0100] {logging_mixin.py:188} INFO - [2024-02-08T01:31:48.410+0100] {dag.py:3033} INFO - Sync 1 DAGs
[2024-02-08T01:31:48.457+0100] {logging_mixin.py:188} INFO - [2024-02-08T01:31:48.456+0100] {dag.py:3820} INFO - Setting next_dagrun for example_trigger_controller_dag to 2021-01-01T00:00:00+00:00, run_after=2021-01-01T00:00:00+00:00
[2024-02-08T01:31:48.838+0100] {processor.py:183} INFO - Processing /home/ubuntu/.local/lib/python3.10/site-packages/airflow/example_dags/example_trigger_controller_dag.py took 0.550 seconds
[2024-02-08T01:32:54.126+0100] {processor.py:161} INFO - Started process (PID=55944) to work on /home/ubuntu/.local/lib/python3.10/site-packages/airflow/example_dags/example_trigger_controller_dag.py
[2024-02-08T01:32:54.150+0100] {processor.py:830} INFO - Processing file /home/ubuntu/.local/lib/python3.10/site-packages/airflow/example_dags/example_trigger_controller_dag.py for tasks to queue
[2024-02-08T01:32:54.151+0100] {logging_mixin.py:188} INFO - [2024-02-08T01:32:54.150+0100] {dagbag.py:538} INFO - Filling up the DagBag from /home/ubuntu/.local/lib/python3.10/site-packages/airflow/example_dags/example_trigger_controller_dag.py
[2024-02-08T01:32:54.172+0100] {processor.py:840} INFO - DAG(s) 'example_trigger_controller_dag' retrieved from /home/ubuntu/.local/lib/python3.10/site-packages/airflow/example_dags/example_trigger_controller_dag.py
[2024-02-08T01:32:54.262+0100] {logging_mixin.py:188} INFO - [2024-02-08T01:32:54.261+0100] {dag.py:3033} INFO - Sync 1 DAGs
[2024-02-08T01:32:54.339+0100] {logging_mixin.py:188} INFO - [2024-02-08T01:32:54.338+0100] {dag.py:3820} INFO - Setting next_dagrun for example_trigger_controller_dag to 2021-01-01T00:00:00+00:00, run_after=2021-01-01T00:00:00+00:00
[2024-02-08T01:32:54.521+0100] {processor.py:183} INFO - Processing /home/ubuntu/.local/lib/python3.10/site-packages/airflow/example_dags/example_trigger_controller_dag.py took 0.441 seconds
[2024-02-08T01:34:52.805+0100] {processor.py:161} INFO - Started process (PID=56114) to work on /home/ubuntu/.local/lib/python3.10/site-packages/airflow/example_dags/example_trigger_controller_dag.py
[2024-02-08T01:34:52.849+0100] {processor.py:830} INFO - Processing file /home/ubuntu/.local/lib/python3.10/site-packages/airflow/example_dags/example_trigger_controller_dag.py for tasks to queue
[2024-02-08T01:34:52.851+0100] {logging_mixin.py:188} INFO - [2024-02-08T01:34:52.850+0100] {dagbag.py:538} INFO - Filling up the DagBag from /home/ubuntu/.local/lib/python3.10/site-packages/airflow/example_dags/example_trigger_controller_dag.py
[2024-02-08T01:34:52.900+0100] {processor.py:840} INFO - DAG(s) 'example_trigger_controller_dag' retrieved from /home/ubuntu/.local/lib/python3.10/site-packages/airflow/example_dags/example_trigger_controller_dag.py
[2024-02-08T01:34:52.976+0100] {logging_mixin.py:188} INFO - [2024-02-08T01:34:52.975+0100] {dag.py:3033} INFO - Sync 1 DAGs
[2024-02-08T01:34:53.051+0100] {logging_mixin.py:188} INFO - [2024-02-08T01:34:53.043+0100] {dag.py:3820} INFO - Setting next_dagrun for example_trigger_controller_dag to 2021-01-01T00:00:00+00:00, run_after=2021-01-01T00:00:00+00:00
[2024-02-08T01:34:53.166+0100] {processor.py:183} INFO - Processing /home/ubuntu/.local/lib/python3.10/site-packages/airflow/example_dags/example_trigger_controller_dag.py took 0.385 seconds
[2024-02-08T01:36:09.627+0100] {processor.py:161} INFO - Started process (PID=56237) to work on /home/ubuntu/.local/lib/python3.10/site-packages/airflow/example_dags/example_trigger_controller_dag.py
[2024-02-08T01:36:09.662+0100] {processor.py:830} INFO - Processing file /home/ubuntu/.local/lib/python3.10/site-packages/airflow/example_dags/example_trigger_controller_dag.py for tasks to queue
[2024-02-08T01:36:09.664+0100] {logging_mixin.py:188} INFO - [2024-02-08T01:36:09.663+0100] {dagbag.py:538} INFO - Filling up the DagBag from /home/ubuntu/.local/lib/python3.10/site-packages/airflow/example_dags/example_trigger_controller_dag.py
[2024-02-08T01:36:09.715+0100] {processor.py:840} INFO - DAG(s) 'example_trigger_controller_dag' retrieved from /home/ubuntu/.local/lib/python3.10/site-packages/airflow/example_dags/example_trigger_controller_dag.py
[2024-02-08T01:36:09.795+0100] {logging_mixin.py:188} INFO - [2024-02-08T01:36:09.794+0100] {dag.py:3033} INFO - Sync 1 DAGs
[2024-02-08T01:36:09.936+0100] {logging_mixin.py:188} INFO - [2024-02-08T01:36:09.936+0100] {dag.py:3820} INFO - Setting next_dagrun for example_trigger_controller_dag to 2021-01-01T00:00:00+00:00, run_after=2021-01-01T00:00:00+00:00
[2024-02-08T01:36:10.145+0100] {processor.py:183} INFO - Processing /home/ubuntu/.local/lib/python3.10/site-packages/airflow/example_dags/example_trigger_controller_dag.py took 0.530 seconds
[2024-02-08T01:37:26.875+0100] {processor.py:161} INFO - Started process (PID=56360) to work on /home/ubuntu/.local/lib/python3.10/site-packages/airflow/example_dags/example_trigger_controller_dag.py
[2024-02-08T01:37:26.881+0100] {processor.py:830} INFO - Processing file /home/ubuntu/.local/lib/python3.10/site-packages/airflow/example_dags/example_trigger_controller_dag.py for tasks to queue
[2024-02-08T01:37:26.882+0100] {logging_mixin.py:188} INFO - [2024-02-08T01:37:26.882+0100] {dagbag.py:538} INFO - Filling up the DagBag from /home/ubuntu/.local/lib/python3.10/site-packages/airflow/example_dags/example_trigger_controller_dag.py
[2024-02-08T01:37:26.906+0100] {processor.py:840} INFO - DAG(s) 'example_trigger_controller_dag' retrieved from /home/ubuntu/.local/lib/python3.10/site-packages/airflow/example_dags/example_trigger_controller_dag.py
[2024-02-08T01:37:26.966+0100] {logging_mixin.py:188} INFO - [2024-02-08T01:37:26.966+0100] {dag.py:3033} INFO - Sync 1 DAGs
[2024-02-08T01:37:27.067+0100] {logging_mixin.py:188} INFO - [2024-02-08T01:37:27.067+0100] {dag.py:3820} INFO - Setting next_dagrun for example_trigger_controller_dag to 2021-01-01T00:00:00+00:00, run_after=2021-01-01T00:00:00+00:00
[2024-02-08T01:37:27.525+0100] {processor.py:183} INFO - Processing /home/ubuntu/.local/lib/python3.10/site-packages/airflow/example_dags/example_trigger_controller_dag.py took 0.662 seconds
[2024-02-08T01:38:24.743+0100] {processor.py:161} INFO - Started process (PID=56459) to work on /home/ubuntu/.local/lib/python3.10/site-packages/airflow/example_dags/example_trigger_controller_dag.py
[2024-02-08T01:38:24.747+0100] {processor.py:830} INFO - Processing file /home/ubuntu/.local/lib/python3.10/site-packages/airflow/example_dags/example_trigger_controller_dag.py for tasks to queue
[2024-02-08T01:38:24.749+0100] {logging_mixin.py:188} INFO - [2024-02-08T01:38:24.748+0100] {dagbag.py:538} INFO - Filling up the DagBag from /home/ubuntu/.local/lib/python3.10/site-packages/airflow/example_dags/example_trigger_controller_dag.py
[2024-02-08T01:38:24.757+0100] {processor.py:840} INFO - DAG(s) 'example_trigger_controller_dag' retrieved from /home/ubuntu/.local/lib/python3.10/site-packages/airflow/example_dags/example_trigger_controller_dag.py
[2024-02-08T01:38:24.786+0100] {logging_mixin.py:188} INFO - [2024-02-08T01:38:24.785+0100] {dag.py:3033} INFO - Sync 1 DAGs
[2024-02-08T01:38:24.826+0100] {logging_mixin.py:188} INFO - [2024-02-08T01:38:24.826+0100] {dag.py:3820} INFO - Setting next_dagrun for example_trigger_controller_dag to 2021-01-01T00:00:00+00:00, run_after=2021-01-01T00:00:00+00:00
[2024-02-08T01:38:24.875+0100] {processor.py:183} INFO - Processing /home/ubuntu/.local/lib/python3.10/site-packages/airflow/example_dags/example_trigger_controller_dag.py took 0.137 seconds
[2024-02-08T01:40:29.857+0100] {processor.py:161} INFO - Started process (PID=56697) to work on /home/ubuntu/.local/lib/python3.10/site-packages/airflow/example_dags/example_trigger_controller_dag.py
[2024-02-08T01:40:29.874+0100] {processor.py:830} INFO - Processing file /home/ubuntu/.local/lib/python3.10/site-packages/airflow/example_dags/example_trigger_controller_dag.py for tasks to queue
[2024-02-08T01:40:29.891+0100] {logging_mixin.py:188} INFO - [2024-02-08T01:40:29.887+0100] {dagbag.py:538} INFO - Filling up the DagBag from /home/ubuntu/.local/lib/python3.10/site-packages/airflow/example_dags/example_trigger_controller_dag.py
[2024-02-08T01:40:29.914+0100] {processor.py:840} INFO - DAG(s) 'example_trigger_controller_dag' retrieved from /home/ubuntu/.local/lib/python3.10/site-packages/airflow/example_dags/example_trigger_controller_dag.py
[2024-02-08T01:40:29.966+0100] {logging_mixin.py:188} INFO - [2024-02-08T01:40:29.965+0100] {dag.py:3033} INFO - Sync 1 DAGs
[2024-02-08T01:40:30.027+0100] {logging_mixin.py:188} INFO - [2024-02-08T01:40:30.027+0100] {dag.py:3820} INFO - Setting next_dagrun for example_trigger_controller_dag to 2021-01-01T00:00:00+00:00, run_after=2021-01-01T00:00:00+00:00
[2024-02-08T01:40:30.262+0100] {processor.py:183} INFO - Processing /home/ubuntu/.local/lib/python3.10/site-packages/airflow/example_dags/example_trigger_controller_dag.py took 0.443 seconds
[2024-02-08T01:41:40.322+0100] {processor.py:161} INFO - Started process (PID=56839) to work on /home/ubuntu/.local/lib/python3.10/site-packages/airflow/example_dags/example_trigger_controller_dag.py
[2024-02-08T01:41:40.327+0100] {processor.py:830} INFO - Processing file /home/ubuntu/.local/lib/python3.10/site-packages/airflow/example_dags/example_trigger_controller_dag.py for tasks to queue
[2024-02-08T01:41:40.329+0100] {logging_mixin.py:188} INFO - [2024-02-08T01:41:40.329+0100] {dagbag.py:538} INFO - Filling up the DagBag from /home/ubuntu/.local/lib/python3.10/site-packages/airflow/example_dags/example_trigger_controller_dag.py
[2024-02-08T01:41:40.336+0100] {processor.py:840} INFO - DAG(s) 'example_trigger_controller_dag' retrieved from /home/ubuntu/.local/lib/python3.10/site-packages/airflow/example_dags/example_trigger_controller_dag.py
[2024-02-08T01:41:40.361+0100] {logging_mixin.py:188} INFO - [2024-02-08T01:41:40.360+0100] {dag.py:3033} INFO - Sync 1 DAGs
[2024-02-08T01:41:40.383+0100] {logging_mixin.py:188} INFO - [2024-02-08T01:41:40.382+0100] {dag.py:3820} INFO - Setting next_dagrun for example_trigger_controller_dag to 2021-01-01T00:00:00+00:00, run_after=2021-01-01T00:00:00+00:00
[2024-02-08T01:41:40.427+0100] {processor.py:183} INFO - Processing /home/ubuntu/.local/lib/python3.10/site-packages/airflow/example_dags/example_trigger_controller_dag.py took 0.109 seconds
[2024-02-08T01:43:02.123+0100] {processor.py:161} INFO - Started process (PID=57007) to work on /home/ubuntu/.local/lib/python3.10/site-packages/airflow/example_dags/example_trigger_controller_dag.py
[2024-02-08T01:43:02.126+0100] {processor.py:830} INFO - Processing file /home/ubuntu/.local/lib/python3.10/site-packages/airflow/example_dags/example_trigger_controller_dag.py for tasks to queue
[2024-02-08T01:43:02.127+0100] {logging_mixin.py:188} INFO - [2024-02-08T01:43:02.127+0100] {dagbag.py:538} INFO - Filling up the DagBag from /home/ubuntu/.local/lib/python3.10/site-packages/airflow/example_dags/example_trigger_controller_dag.py
[2024-02-08T01:43:02.135+0100] {processor.py:840} INFO - DAG(s) 'example_trigger_controller_dag' retrieved from /home/ubuntu/.local/lib/python3.10/site-packages/airflow/example_dags/example_trigger_controller_dag.py
[2024-02-08T01:43:02.159+0100] {logging_mixin.py:188} INFO - [2024-02-08T01:43:02.159+0100] {dag.py:3033} INFO - Sync 1 DAGs
[2024-02-08T01:43:02.227+0100] {logging_mixin.py:188} INFO - [2024-02-08T01:43:02.227+0100] {dag.py:3820} INFO - Setting next_dagrun for example_trigger_controller_dag to 2021-01-01T00:00:00+00:00, run_after=2021-01-01T00:00:00+00:00
[2024-02-08T01:43:02.504+0100] {processor.py:183} INFO - Processing /home/ubuntu/.local/lib/python3.10/site-packages/airflow/example_dags/example_trigger_controller_dag.py took 0.385 seconds
[2024-02-08T01:44:18.870+0100] {processor.py:161} INFO - Started process (PID=57149) to work on /home/ubuntu/.local/lib/python3.10/site-packages/airflow/example_dags/example_trigger_controller_dag.py
[2024-02-08T01:44:18.872+0100] {processor.py:830} INFO - Processing file /home/ubuntu/.local/lib/python3.10/site-packages/airflow/example_dags/example_trigger_controller_dag.py for tasks to queue
[2024-02-08T01:44:18.873+0100] {logging_mixin.py:188} INFO - [2024-02-08T01:44:18.873+0100] {dagbag.py:538} INFO - Filling up the DagBag from /home/ubuntu/.local/lib/python3.10/site-packages/airflow/example_dags/example_trigger_controller_dag.py
[2024-02-08T01:44:18.878+0100] {processor.py:840} INFO - DAG(s) 'example_trigger_controller_dag' retrieved from /home/ubuntu/.local/lib/python3.10/site-packages/airflow/example_dags/example_trigger_controller_dag.py
[2024-02-08T01:44:18.905+0100] {logging_mixin.py:188} INFO - [2024-02-08T01:44:18.905+0100] {dag.py:3033} INFO - Sync 1 DAGs
[2024-02-08T01:44:18.926+0100] {logging_mixin.py:188} INFO - [2024-02-08T01:44:18.926+0100] {dag.py:3820} INFO - Setting next_dagrun for example_trigger_controller_dag to 2021-01-01T00:00:00+00:00, run_after=2021-01-01T00:00:00+00:00
[2024-02-08T01:44:18.970+0100] {processor.py:183} INFO - Processing /home/ubuntu/.local/lib/python3.10/site-packages/airflow/example_dags/example_trigger_controller_dag.py took 0.104 seconds
[2024-02-08T01:45:24.341+0100] {processor.py:161} INFO - Started process (PID=57280) to work on /home/ubuntu/.local/lib/python3.10/site-packages/airflow/example_dags/example_trigger_controller_dag.py
[2024-02-08T01:45:24.342+0100] {processor.py:830} INFO - Processing file /home/ubuntu/.local/lib/python3.10/site-packages/airflow/example_dags/example_trigger_controller_dag.py for tasks to queue
[2024-02-08T01:45:24.343+0100] {logging_mixin.py:188} INFO - [2024-02-08T01:45:24.342+0100] {dagbag.py:538} INFO - Filling up the DagBag from /home/ubuntu/.local/lib/python3.10/site-packages/airflow/example_dags/example_trigger_controller_dag.py
[2024-02-08T01:45:24.348+0100] {processor.py:840} INFO - DAG(s) 'example_trigger_controller_dag' retrieved from /home/ubuntu/.local/lib/python3.10/site-packages/airflow/example_dags/example_trigger_controller_dag.py
[2024-02-08T01:45:24.367+0100] {logging_mixin.py:188} INFO - [2024-02-08T01:45:24.367+0100] {dag.py:3033} INFO - Sync 1 DAGs
[2024-02-08T01:45:24.403+0100] {logging_mixin.py:188} INFO - [2024-02-08T01:45:24.403+0100] {dag.py:3820} INFO - Setting next_dagrun for example_trigger_controller_dag to 2021-01-01T00:00:00+00:00, run_after=2021-01-01T00:00:00+00:00
[2024-02-08T01:45:24.440+0100] {processor.py:183} INFO - Processing /home/ubuntu/.local/lib/python3.10/site-packages/airflow/example_dags/example_trigger_controller_dag.py took 0.106 seconds
[2024-02-08T01:46:23.653+0100] {processor.py:161} INFO - Started process (PID=57397) to work on /home/ubuntu/.local/lib/python3.10/site-packages/airflow/example_dags/example_trigger_controller_dag.py
[2024-02-08T01:46:23.679+0100] {processor.py:830} INFO - Processing file /home/ubuntu/.local/lib/python3.10/site-packages/airflow/example_dags/example_trigger_controller_dag.py for tasks to queue
[2024-02-08T01:46:23.681+0100] {logging_mixin.py:188} INFO - [2024-02-08T01:46:23.680+0100] {dagbag.py:538} INFO - Filling up the DagBag from /home/ubuntu/.local/lib/python3.10/site-packages/airflow/example_dags/example_trigger_controller_dag.py
[2024-02-08T01:46:23.697+0100] {processor.py:840} INFO - DAG(s) 'example_trigger_controller_dag' retrieved from /home/ubuntu/.local/lib/python3.10/site-packages/airflow/example_dags/example_trigger_controller_dag.py
[2024-02-08T01:46:23.722+0100] {logging_mixin.py:188} INFO - [2024-02-08T01:46:23.721+0100] {dag.py:3033} INFO - Sync 1 DAGs
[2024-02-08T01:46:23.744+0100] {logging_mixin.py:188} INFO - [2024-02-08T01:46:23.744+0100] {dag.py:3820} INFO - Setting next_dagrun for example_trigger_controller_dag to 2021-01-01T00:00:00+00:00, run_after=2021-01-01T00:00:00+00:00
[2024-02-08T01:46:23.774+0100] {processor.py:183} INFO - Processing /home/ubuntu/.local/lib/python3.10/site-packages/airflow/example_dags/example_trigger_controller_dag.py took 0.135 seconds
[2024-02-08T01:47:44.237+0100] {processor.py:161} INFO - Started process (PID=57562) to work on /home/ubuntu/.local/lib/python3.10/site-packages/airflow/example_dags/example_trigger_controller_dag.py
[2024-02-08T01:47:44.239+0100] {processor.py:830} INFO - Processing file /home/ubuntu/.local/lib/python3.10/site-packages/airflow/example_dags/example_trigger_controller_dag.py for tasks to queue
[2024-02-08T01:47:44.241+0100] {logging_mixin.py:188} INFO - [2024-02-08T01:47:44.240+0100] {dagbag.py:538} INFO - Filling up the DagBag from /home/ubuntu/.local/lib/python3.10/site-packages/airflow/example_dags/example_trigger_controller_dag.py
[2024-02-08T01:47:44.250+0100] {processor.py:840} INFO - DAG(s) 'example_trigger_controller_dag' retrieved from /home/ubuntu/.local/lib/python3.10/site-packages/airflow/example_dags/example_trigger_controller_dag.py
[2024-02-08T01:47:44.270+0100] {logging_mixin.py:188} INFO - [2024-02-08T01:47:44.270+0100] {dag.py:3033} INFO - Sync 1 DAGs
[2024-02-08T01:47:44.296+0100] {logging_mixin.py:188} INFO - [2024-02-08T01:47:44.296+0100] {dag.py:3820} INFO - Setting next_dagrun for example_trigger_controller_dag to 2021-01-01T00:00:00+00:00, run_after=2021-01-01T00:00:00+00:00
[2024-02-08T01:47:44.331+0100] {processor.py:183} INFO - Processing /home/ubuntu/.local/lib/python3.10/site-packages/airflow/example_dags/example_trigger_controller_dag.py took 0.098 seconds
[2024-02-08T01:48:37.081+0100] {processor.py:161} INFO - Started process (PID=57680) to work on /home/ubuntu/.local/lib/python3.10/site-packages/airflow/example_dags/example_trigger_controller_dag.py
[2024-02-08T01:48:37.089+0100] {processor.py:830} INFO - Processing file /home/ubuntu/.local/lib/python3.10/site-packages/airflow/example_dags/example_trigger_controller_dag.py for tasks to queue
[2024-02-08T01:48:37.090+0100] {logging_mixin.py:188} INFO - [2024-02-08T01:48:37.090+0100] {dagbag.py:538} INFO - Filling up the DagBag from /home/ubuntu/.local/lib/python3.10/site-packages/airflow/example_dags/example_trigger_controller_dag.py
[2024-02-08T01:48:37.099+0100] {processor.py:840} INFO - DAG(s) 'example_trigger_controller_dag' retrieved from /home/ubuntu/.local/lib/python3.10/site-packages/airflow/example_dags/example_trigger_controller_dag.py
[2024-02-08T01:48:37.133+0100] {logging_mixin.py:188} INFO - [2024-02-08T01:48:37.133+0100] {dag.py:3033} INFO - Sync 1 DAGs
[2024-02-08T01:48:37.171+0100] {logging_mixin.py:188} INFO - [2024-02-08T01:48:37.171+0100] {dag.py:3820} INFO - Setting next_dagrun for example_trigger_controller_dag to 2021-01-01T00:00:00+00:00, run_after=2021-01-01T00:00:00+00:00
[2024-02-08T01:48:37.395+0100] {processor.py:183} INFO - Processing /home/ubuntu/.local/lib/python3.10/site-packages/airflow/example_dags/example_trigger_controller_dag.py took 0.322 seconds
[2024-02-08T01:49:28.269+0100] {processor.py:161} INFO - Started process (PID=57775) to work on /home/ubuntu/.local/lib/python3.10/site-packages/airflow/example_dags/example_trigger_controller_dag.py
[2024-02-08T01:49:28.279+0100] {processor.py:830} INFO - Processing file /home/ubuntu/.local/lib/python3.10/site-packages/airflow/example_dags/example_trigger_controller_dag.py for tasks to queue
[2024-02-08T01:49:28.280+0100] {logging_mixin.py:188} INFO - [2024-02-08T01:49:28.279+0100] {dagbag.py:538} INFO - Filling up the DagBag from /home/ubuntu/.local/lib/python3.10/site-packages/airflow/example_dags/example_trigger_controller_dag.py
[2024-02-08T01:49:28.289+0100] {processor.py:840} INFO - DAG(s) 'example_trigger_controller_dag' retrieved from /home/ubuntu/.local/lib/python3.10/site-packages/airflow/example_dags/example_trigger_controller_dag.py
[2024-02-08T01:49:28.353+0100] {logging_mixin.py:188} INFO - [2024-02-08T01:49:28.353+0100] {dag.py:3033} INFO - Sync 1 DAGs
[2024-02-08T01:49:28.421+0100] {logging_mixin.py:188} INFO - [2024-02-08T01:49:28.421+0100] {dag.py:3820} INFO - Setting next_dagrun for example_trigger_controller_dag to 2021-01-01T00:00:00+00:00, run_after=2021-01-01T00:00:00+00:00
[2024-02-08T01:49:28.470+0100] {processor.py:183} INFO - Processing /home/ubuntu/.local/lib/python3.10/site-packages/airflow/example_dags/example_trigger_controller_dag.py took 0.208 seconds
[2024-02-08T01:50:31.279+0100] {processor.py:161} INFO - Started process (PID=57901) to work on /home/ubuntu/.local/lib/python3.10/site-packages/airflow/example_dags/example_trigger_controller_dag.py
[2024-02-08T01:50:31.295+0100] {processor.py:830} INFO - Processing file /home/ubuntu/.local/lib/python3.10/site-packages/airflow/example_dags/example_trigger_controller_dag.py for tasks to queue
[2024-02-08T01:50:31.298+0100] {logging_mixin.py:188} INFO - [2024-02-08T01:50:31.297+0100] {dagbag.py:538} INFO - Filling up the DagBag from /home/ubuntu/.local/lib/python3.10/site-packages/airflow/example_dags/example_trigger_controller_dag.py
[2024-02-08T01:50:31.309+0100] {processor.py:840} INFO - DAG(s) 'example_trigger_controller_dag' retrieved from /home/ubuntu/.local/lib/python3.10/site-packages/airflow/example_dags/example_trigger_controller_dag.py
[2024-02-08T01:50:31.392+0100] {logging_mixin.py:188} INFO - [2024-02-08T01:50:31.392+0100] {dag.py:3033} INFO - Sync 1 DAGs
[2024-02-08T01:50:31.461+0100] {logging_mixin.py:188} INFO - [2024-02-08T01:50:31.461+0100] {dag.py:3820} INFO - Setting next_dagrun for example_trigger_controller_dag to 2021-01-01T00:00:00+00:00, run_after=2021-01-01T00:00:00+00:00
[2024-02-08T01:50:31.495+0100] {processor.py:183} INFO - Processing /home/ubuntu/.local/lib/python3.10/site-packages/airflow/example_dags/example_trigger_controller_dag.py took 0.221 seconds
[2024-02-08T01:51:20.470+0100] {processor.py:161} INFO - Started process (PID=58004) to work on /home/ubuntu/.local/lib/python3.10/site-packages/airflow/example_dags/example_trigger_controller_dag.py
[2024-02-08T01:51:20.472+0100] {processor.py:830} INFO - Processing file /home/ubuntu/.local/lib/python3.10/site-packages/airflow/example_dags/example_trigger_controller_dag.py for tasks to queue
[2024-02-08T01:51:20.473+0100] {logging_mixin.py:188} INFO - [2024-02-08T01:51:20.473+0100] {dagbag.py:538} INFO - Filling up the DagBag from /home/ubuntu/.local/lib/python3.10/site-packages/airflow/example_dags/example_trigger_controller_dag.py
[2024-02-08T01:51:20.479+0100] {processor.py:840} INFO - DAG(s) 'example_trigger_controller_dag' retrieved from /home/ubuntu/.local/lib/python3.10/site-packages/airflow/example_dags/example_trigger_controller_dag.py
[2024-02-08T01:51:20.502+0100] {logging_mixin.py:188} INFO - [2024-02-08T01:51:20.502+0100] {dag.py:3033} INFO - Sync 1 DAGs
[2024-02-08T01:51:20.532+0100] {logging_mixin.py:188} INFO - [2024-02-08T01:51:20.532+0100] {dag.py:3820} INFO - Setting next_dagrun for example_trigger_controller_dag to 2021-01-01T00:00:00+00:00, run_after=2021-01-01T00:00:00+00:00
[2024-02-08T01:51:20.575+0100] {processor.py:183} INFO - Processing /home/ubuntu/.local/lib/python3.10/site-packages/airflow/example_dags/example_trigger_controller_dag.py took 0.110 seconds
[2024-02-08T01:52:41.982+0100] {processor.py:161} INFO - Started process (PID=58152) to work on /home/ubuntu/.local/lib/python3.10/site-packages/airflow/example_dags/example_trigger_controller_dag.py
[2024-02-08T01:52:41.984+0100] {processor.py:830} INFO - Processing file /home/ubuntu/.local/lib/python3.10/site-packages/airflow/example_dags/example_trigger_controller_dag.py for tasks to queue
[2024-02-08T01:52:41.985+0100] {logging_mixin.py:188} INFO - [2024-02-08T01:52:41.984+0100] {dagbag.py:538} INFO - Filling up the DagBag from /home/ubuntu/.local/lib/python3.10/site-packages/airflow/example_dags/example_trigger_controller_dag.py
[2024-02-08T01:52:41.990+0100] {processor.py:840} INFO - DAG(s) 'example_trigger_controller_dag' retrieved from /home/ubuntu/.local/lib/python3.10/site-packages/airflow/example_dags/example_trigger_controller_dag.py
[2024-02-08T01:52:42.014+0100] {logging_mixin.py:188} INFO - [2024-02-08T01:52:42.014+0100] {dag.py:3033} INFO - Sync 1 DAGs
[2024-02-08T01:52:42.104+0100] {logging_mixin.py:188} INFO - [2024-02-08T01:52:42.104+0100] {dag.py:3820} INFO - Setting next_dagrun for example_trigger_controller_dag to 2021-01-01T00:00:00+00:00, run_after=2021-01-01T00:00:00+00:00
[2024-02-08T01:52:42.141+0100] {processor.py:183} INFO - Processing /home/ubuntu/.local/lib/python3.10/site-packages/airflow/example_dags/example_trigger_controller_dag.py took 0.163 seconds
[2024-02-08T01:54:20.124+0100] {processor.py:161} INFO - Started process (PID=58322) to work on /home/ubuntu/.local/lib/python3.10/site-packages/airflow/example_dags/example_trigger_controller_dag.py
[2024-02-08T01:54:20.131+0100] {processor.py:830} INFO - Processing file /home/ubuntu/.local/lib/python3.10/site-packages/airflow/example_dags/example_trigger_controller_dag.py for tasks to queue
[2024-02-08T01:54:20.134+0100] {logging_mixin.py:188} INFO - [2024-02-08T01:54:20.133+0100] {dagbag.py:538} INFO - Filling up the DagBag from /home/ubuntu/.local/lib/python3.10/site-packages/airflow/example_dags/example_trigger_controller_dag.py
[2024-02-08T01:54:20.154+0100] {processor.py:840} INFO - DAG(s) 'example_trigger_controller_dag' retrieved from /home/ubuntu/.local/lib/python3.10/site-packages/airflow/example_dags/example_trigger_controller_dag.py
[2024-02-08T01:54:20.191+0100] {logging_mixin.py:188} INFO - [2024-02-08T01:54:20.191+0100] {dag.py:3033} INFO - Sync 1 DAGs
[2024-02-08T01:54:20.256+0100] {logging_mixin.py:188} INFO - [2024-02-08T01:54:20.252+0100] {dag.py:3820} INFO - Setting next_dagrun for example_trigger_controller_dag to 2021-01-01T00:00:00+00:00, run_after=2021-01-01T00:00:00+00:00
[2024-02-08T01:54:20.369+0100] {processor.py:183} INFO - Processing /home/ubuntu/.local/lib/python3.10/site-packages/airflow/example_dags/example_trigger_controller_dag.py took 0.266 seconds
[2024-02-08T01:56:14.274+0100] {processor.py:161} INFO - Started process (PID=58536) to work on /home/ubuntu/.local/lib/python3.10/site-packages/airflow/example_dags/example_trigger_controller_dag.py
[2024-02-08T01:56:14.277+0100] {processor.py:830} INFO - Processing file /home/ubuntu/.local/lib/python3.10/site-packages/airflow/example_dags/example_trigger_controller_dag.py for tasks to queue
[2024-02-08T01:56:14.278+0100] {logging_mixin.py:188} INFO - [2024-02-08T01:56:14.278+0100] {dagbag.py:538} INFO - Filling up the DagBag from /home/ubuntu/.local/lib/python3.10/site-packages/airflow/example_dags/example_trigger_controller_dag.py
[2024-02-08T01:56:14.290+0100] {processor.py:840} INFO - DAG(s) 'example_trigger_controller_dag' retrieved from /home/ubuntu/.local/lib/python3.10/site-packages/airflow/example_dags/example_trigger_controller_dag.py
[2024-02-08T01:56:14.349+0100] {logging_mixin.py:188} INFO - [2024-02-08T01:56:14.347+0100] {dag.py:3033} INFO - Sync 1 DAGs
[2024-02-08T01:56:14.395+0100] {logging_mixin.py:188} INFO - [2024-02-08T01:56:14.395+0100] {dag.py:3820} INFO - Setting next_dagrun for example_trigger_controller_dag to 2021-01-01T00:00:00+00:00, run_after=2021-01-01T00:00:00+00:00
[2024-02-08T01:56:14.514+0100] {processor.py:183} INFO - Processing /home/ubuntu/.local/lib/python3.10/site-packages/airflow/example_dags/example_trigger_controller_dag.py took 0.248 seconds
[2024-02-08T01:57:59.057+0100] {processor.py:161} INFO - Started process (PID=58709) to work on /home/ubuntu/.local/lib/python3.10/site-packages/airflow/example_dags/example_trigger_controller_dag.py
[2024-02-08T01:57:59.064+0100] {processor.py:830} INFO - Processing file /home/ubuntu/.local/lib/python3.10/site-packages/airflow/example_dags/example_trigger_controller_dag.py for tasks to queue
[2024-02-08T01:57:59.067+0100] {logging_mixin.py:188} INFO - [2024-02-08T01:57:59.066+0100] {dagbag.py:538} INFO - Filling up the DagBag from /home/ubuntu/.local/lib/python3.10/site-packages/airflow/example_dags/example_trigger_controller_dag.py
[2024-02-08T01:57:59.086+0100] {processor.py:840} INFO - DAG(s) 'example_trigger_controller_dag' retrieved from /home/ubuntu/.local/lib/python3.10/site-packages/airflow/example_dags/example_trigger_controller_dag.py
[2024-02-08T01:57:59.273+0100] {logging_mixin.py:188} INFO - [2024-02-08T01:57:59.273+0100] {dag.py:3033} INFO - Sync 1 DAGs
[2024-02-08T01:57:59.642+0100] {logging_mixin.py:188} INFO - [2024-02-08T01:57:59.642+0100] {dag.py:3820} INFO - Setting next_dagrun for example_trigger_controller_dag to 2021-01-01T00:00:00+00:00, run_after=2021-01-01T00:00:00+00:00
[2024-02-08T01:57:59.998+0100] {processor.py:183} INFO - Processing /home/ubuntu/.local/lib/python3.10/site-packages/airflow/example_dags/example_trigger_controller_dag.py took 0.957 seconds
[2024-02-08T01:59:07.004+0100] {processor.py:161} INFO - Started process (PID=58832) to work on /home/ubuntu/.local/lib/python3.10/site-packages/airflow/example_dags/example_trigger_controller_dag.py
[2024-02-08T01:59:07.009+0100] {processor.py:830} INFO - Processing file /home/ubuntu/.local/lib/python3.10/site-packages/airflow/example_dags/example_trigger_controller_dag.py for tasks to queue
[2024-02-08T01:59:07.014+0100] {logging_mixin.py:188} INFO - [2024-02-08T01:59:07.014+0100] {dagbag.py:538} INFO - Filling up the DagBag from /home/ubuntu/.local/lib/python3.10/site-packages/airflow/example_dags/example_trigger_controller_dag.py
[2024-02-08T01:59:07.031+0100] {processor.py:840} INFO - DAG(s) 'example_trigger_controller_dag' retrieved from /home/ubuntu/.local/lib/python3.10/site-packages/airflow/example_dags/example_trigger_controller_dag.py
[2024-02-08T01:59:07.076+0100] {logging_mixin.py:188} INFO - [2024-02-08T01:59:07.075+0100] {dag.py:3033} INFO - Sync 1 DAGs
[2024-02-08T01:59:07.164+0100] {logging_mixin.py:188} INFO - [2024-02-08T01:59:07.164+0100] {dag.py:3820} INFO - Setting next_dagrun for example_trigger_controller_dag to 2021-01-01T00:00:00+00:00, run_after=2021-01-01T00:00:00+00:00
[2024-02-08T01:59:07.249+0100] {processor.py:183} INFO - Processing /home/ubuntu/.local/lib/python3.10/site-packages/airflow/example_dags/example_trigger_controller_dag.py took 0.254 seconds
[2024-02-08T01:59:55.426+0100] {processor.py:161} INFO - Started process (PID=58919) to work on /home/ubuntu/.local/lib/python3.10/site-packages/airflow/example_dags/example_trigger_controller_dag.py
[2024-02-08T01:59:55.428+0100] {processor.py:830} INFO - Processing file /home/ubuntu/.local/lib/python3.10/site-packages/airflow/example_dags/example_trigger_controller_dag.py for tasks to queue
[2024-02-08T01:59:55.430+0100] {logging_mixin.py:188} INFO - [2024-02-08T01:59:55.429+0100] {dagbag.py:538} INFO - Filling up the DagBag from /home/ubuntu/.local/lib/python3.10/site-packages/airflow/example_dags/example_trigger_controller_dag.py
[2024-02-08T01:59:55.436+0100] {processor.py:840} INFO - DAG(s) 'example_trigger_controller_dag' retrieved from /home/ubuntu/.local/lib/python3.10/site-packages/airflow/example_dags/example_trigger_controller_dag.py
[2024-02-08T01:59:55.455+0100] {logging_mixin.py:188} INFO - [2024-02-08T01:59:55.454+0100] {dag.py:3033} INFO - Sync 1 DAGs
[2024-02-08T01:59:55.473+0100] {logging_mixin.py:188} INFO - [2024-02-08T01:59:55.472+0100] {dag.py:3820} INFO - Setting next_dagrun for example_trigger_controller_dag to 2021-01-01T00:00:00+00:00, run_after=2021-01-01T00:00:00+00:00
[2024-02-08T01:59:55.506+0100] {processor.py:183} INFO - Processing /home/ubuntu/.local/lib/python3.10/site-packages/airflow/example_dags/example_trigger_controller_dag.py took 0.083 seconds
[2024-02-08T02:00:47.166+0100] {processor.py:161} INFO - Started process (PID=59008) to work on /home/ubuntu/.local/lib/python3.10/site-packages/airflow/example_dags/example_trigger_controller_dag.py
[2024-02-08T02:00:47.175+0100] {processor.py:830} INFO - Processing file /home/ubuntu/.local/lib/python3.10/site-packages/airflow/example_dags/example_trigger_controller_dag.py for tasks to queue
[2024-02-08T02:00:47.177+0100] {logging_mixin.py:188} INFO - [2024-02-08T02:00:47.177+0100] {dagbag.py:538} INFO - Filling up the DagBag from /home/ubuntu/.local/lib/python3.10/site-packages/airflow/example_dags/example_trigger_controller_dag.py
[2024-02-08T02:00:47.189+0100] {processor.py:840} INFO - DAG(s) 'example_trigger_controller_dag' retrieved from /home/ubuntu/.local/lib/python3.10/site-packages/airflow/example_dags/example_trigger_controller_dag.py
[2024-02-08T02:00:47.278+0100] {logging_mixin.py:188} INFO - [2024-02-08T02:00:47.278+0100] {dag.py:3033} INFO - Sync 1 DAGs
[2024-02-08T02:00:47.331+0100] {logging_mixin.py:188} INFO - [2024-02-08T02:00:47.330+0100] {dag.py:3820} INFO - Setting next_dagrun for example_trigger_controller_dag to 2021-01-01T00:00:00+00:00, run_after=2021-01-01T00:00:00+00:00
[2024-02-08T02:00:47.405+0100] {processor.py:183} INFO - Processing /home/ubuntu/.local/lib/python3.10/site-packages/airflow/example_dags/example_trigger_controller_dag.py took 0.277 seconds
[2024-02-08T02:01:53.839+0100] {processor.py:161} INFO - Started process (PID=59116) to work on /home/ubuntu/.local/lib/python3.10/site-packages/airflow/example_dags/example_trigger_controller_dag.py
[2024-02-08T02:01:53.854+0100] {processor.py:830} INFO - Processing file /home/ubuntu/.local/lib/python3.10/site-packages/airflow/example_dags/example_trigger_controller_dag.py for tasks to queue
[2024-02-08T02:01:53.857+0100] {logging_mixin.py:188} INFO - [2024-02-08T02:01:53.857+0100] {dagbag.py:538} INFO - Filling up the DagBag from /home/ubuntu/.local/lib/python3.10/site-packages/airflow/example_dags/example_trigger_controller_dag.py
[2024-02-08T02:01:53.883+0100] {processor.py:840} INFO - DAG(s) 'example_trigger_controller_dag' retrieved from /home/ubuntu/.local/lib/python3.10/site-packages/airflow/example_dags/example_trigger_controller_dag.py
[2024-02-08T02:01:53.948+0100] {logging_mixin.py:188} INFO - [2024-02-08T02:01:53.944+0100] {dag.py:3033} INFO - Sync 1 DAGs
[2024-02-08T02:01:54.040+0100] {logging_mixin.py:188} INFO - [2024-02-08T02:01:54.040+0100] {dag.py:3820} INFO - Setting next_dagrun for example_trigger_controller_dag to 2021-01-01T00:00:00+00:00, run_after=2021-01-01T00:00:00+00:00
[2024-02-08T02:01:54.179+0100] {processor.py:183} INFO - Processing /home/ubuntu/.local/lib/python3.10/site-packages/airflow/example_dags/example_trigger_controller_dag.py took 0.380 seconds
[2024-02-08T02:03:01.513+0100] {processor.py:161} INFO - Started process (PID=59221) to work on /home/ubuntu/.local/lib/python3.10/site-packages/airflow/example_dags/example_trigger_controller_dag.py
[2024-02-08T02:03:01.530+0100] {processor.py:830} INFO - Processing file /home/ubuntu/.local/lib/python3.10/site-packages/airflow/example_dags/example_trigger_controller_dag.py for tasks to queue
[2024-02-08T02:03:01.533+0100] {logging_mixin.py:188} INFO - [2024-02-08T02:03:01.532+0100] {dagbag.py:538} INFO - Filling up the DagBag from /home/ubuntu/.local/lib/python3.10/site-packages/airflow/example_dags/example_trigger_controller_dag.py
[2024-02-08T02:03:01.623+0100] {processor.py:840} INFO - DAG(s) 'example_trigger_controller_dag' retrieved from /home/ubuntu/.local/lib/python3.10/site-packages/airflow/example_dags/example_trigger_controller_dag.py
[2024-02-08T02:03:01.685+0100] {logging_mixin.py:188} INFO - [2024-02-08T02:03:01.684+0100] {dag.py:3033} INFO - Sync 1 DAGs
[2024-02-08T02:03:01.803+0100] {logging_mixin.py:188} INFO - [2024-02-08T02:03:01.802+0100] {dag.py:3820} INFO - Setting next_dagrun for example_trigger_controller_dag to 2021-01-01T00:00:00+00:00, run_after=2021-01-01T00:00:00+00:00
[2024-02-08T02:03:01.977+0100] {processor.py:183} INFO - Processing /home/ubuntu/.local/lib/python3.10/site-packages/airflow/example_dags/example_trigger_controller_dag.py took 0.476 seconds
[2024-02-08T02:04:02.799+0100] {processor.py:161} INFO - Started process (PID=59326) to work on /home/ubuntu/.local/lib/python3.10/site-packages/airflow/example_dags/example_trigger_controller_dag.py
[2024-02-08T02:04:02.840+0100] {processor.py:830} INFO - Processing file /home/ubuntu/.local/lib/python3.10/site-packages/airflow/example_dags/example_trigger_controller_dag.py for tasks to queue
[2024-02-08T02:04:02.865+0100] {logging_mixin.py:188} INFO - [2024-02-08T02:04:02.864+0100] {dagbag.py:538} INFO - Filling up the DagBag from /home/ubuntu/.local/lib/python3.10/site-packages/airflow/example_dags/example_trigger_controller_dag.py
[2024-02-08T02:04:02.896+0100] {processor.py:840} INFO - DAG(s) 'example_trigger_controller_dag' retrieved from /home/ubuntu/.local/lib/python3.10/site-packages/airflow/example_dags/example_trigger_controller_dag.py
[2024-02-08T02:04:02.999+0100] {logging_mixin.py:188} INFO - [2024-02-08T02:04:02.998+0100] {dag.py:3033} INFO - Sync 1 DAGs
[2024-02-08T02:04:03.158+0100] {logging_mixin.py:188} INFO - [2024-02-08T02:04:03.157+0100] {dag.py:3820} INFO - Setting next_dagrun for example_trigger_controller_dag to 2021-01-01T00:00:00+00:00, run_after=2021-01-01T00:00:00+00:00
[2024-02-08T02:04:03.422+0100] {processor.py:183} INFO - Processing /home/ubuntu/.local/lib/python3.10/site-packages/airflow/example_dags/example_trigger_controller_dag.py took 0.651 seconds
[2024-02-08T02:05:04.240+0100] {processor.py:161} INFO - Started process (PID=59428) to work on /home/ubuntu/.local/lib/python3.10/site-packages/airflow/example_dags/example_trigger_controller_dag.py
[2024-02-08T02:05:04.290+0100] {processor.py:830} INFO - Processing file /home/ubuntu/.local/lib/python3.10/site-packages/airflow/example_dags/example_trigger_controller_dag.py for tasks to queue
[2024-02-08T02:05:04.319+0100] {logging_mixin.py:188} INFO - [2024-02-08T02:05:04.310+0100] {dagbag.py:538} INFO - Filling up the DagBag from /home/ubuntu/.local/lib/python3.10/site-packages/airflow/example_dags/example_trigger_controller_dag.py
[2024-02-08T02:05:04.363+0100] {processor.py:840} INFO - DAG(s) 'example_trigger_controller_dag' retrieved from /home/ubuntu/.local/lib/python3.10/site-packages/airflow/example_dags/example_trigger_controller_dag.py
[2024-02-08T02:05:04.507+0100] {logging_mixin.py:188} INFO - [2024-02-08T02:05:04.507+0100] {dag.py:3033} INFO - Sync 1 DAGs
[2024-02-08T02:05:04.592+0100] {logging_mixin.py:188} INFO - [2024-02-08T02:05:04.592+0100] {dag.py:3820} INFO - Setting next_dagrun for example_trigger_controller_dag to 2021-01-01T00:00:00+00:00, run_after=2021-01-01T00:00:00+00:00
[2024-02-08T02:05:04.980+0100] {processor.py:183} INFO - Processing /home/ubuntu/.local/lib/python3.10/site-packages/airflow/example_dags/example_trigger_controller_dag.py took 0.748 seconds
[2024-02-08T02:06:39.657+0100] {processor.py:161} INFO - Started process (PID=60138) to work on /home/ubuntu/.local/lib/python3.10/site-packages/airflow/example_dags/example_trigger_controller_dag.py
[2024-02-08T02:06:39.660+0100] {processor.py:830} INFO - Processing file /home/ubuntu/.local/lib/python3.10/site-packages/airflow/example_dags/example_trigger_controller_dag.py for tasks to queue
[2024-02-08T02:06:39.687+0100] {logging_mixin.py:188} INFO - [2024-02-08T02:06:39.679+0100] {dagbag.py:538} INFO - Filling up the DagBag from /home/ubuntu/.local/lib/python3.10/site-packages/airflow/example_dags/example_trigger_controller_dag.py
[2024-02-08T02:06:39.704+0100] {processor.py:840} INFO - DAG(s) 'example_trigger_controller_dag' retrieved from /home/ubuntu/.local/lib/python3.10/site-packages/airflow/example_dags/example_trigger_controller_dag.py
[2024-02-08T02:06:39.788+0100] {logging_mixin.py:188} INFO - [2024-02-08T02:06:39.788+0100] {dag.py:3033} INFO - Sync 1 DAGs
[2024-02-08T02:06:40.024+0100] {logging_mixin.py:188} INFO - [2024-02-08T02:06:40.023+0100] {dag.py:3820} INFO - Setting next_dagrun for example_trigger_controller_dag to 2021-01-01T00:00:00+00:00, run_after=2021-01-01T00:00:00+00:00
[2024-02-08T02:06:40.407+0100] {processor.py:183} INFO - Processing /home/ubuntu/.local/lib/python3.10/site-packages/airflow/example_dags/example_trigger_controller_dag.py took 0.803 seconds
[2024-02-08T02:08:13.972+0100] {processor.py:161} INFO - Started process (PID=60339) to work on /home/ubuntu/.local/lib/python3.10/site-packages/airflow/example_dags/example_trigger_controller_dag.py
[2024-02-08T02:08:14.022+0100] {processor.py:830} INFO - Processing file /home/ubuntu/.local/lib/python3.10/site-packages/airflow/example_dags/example_trigger_controller_dag.py for tasks to queue
[2024-02-08T02:08:14.029+0100] {logging_mixin.py:188} INFO - [2024-02-08T02:08:14.028+0100] {dagbag.py:538} INFO - Filling up the DagBag from /home/ubuntu/.local/lib/python3.10/site-packages/airflow/example_dags/example_trigger_controller_dag.py
[2024-02-08T02:08:14.106+0100] {processor.py:840} INFO - DAG(s) 'example_trigger_controller_dag' retrieved from /home/ubuntu/.local/lib/python3.10/site-packages/airflow/example_dags/example_trigger_controller_dag.py
[2024-02-08T02:08:14.215+0100] {logging_mixin.py:188} INFO - [2024-02-08T02:08:14.215+0100] {dag.py:3033} INFO - Sync 1 DAGs
[2024-02-08T02:08:14.585+0100] {logging_mixin.py:188} INFO - [2024-02-08T02:08:14.585+0100] {dag.py:3820} INFO - Setting next_dagrun for example_trigger_controller_dag to 2021-01-01T00:00:00+00:00, run_after=2021-01-01T00:00:00+00:00
[2024-02-08T02:08:15.675+0100] {processor.py:183} INFO - Processing /home/ubuntu/.local/lib/python3.10/site-packages/airflow/example_dags/example_trigger_controller_dag.py took 1.739 seconds
[2024-02-08T02:09:49.407+0100] {processor.py:161} INFO - Started process (PID=60466) to work on /home/ubuntu/.local/lib/python3.10/site-packages/airflow/example_dags/example_trigger_controller_dag.py
[2024-02-08T02:09:49.430+0100] {processor.py:830} INFO - Processing file /home/ubuntu/.local/lib/python3.10/site-packages/airflow/example_dags/example_trigger_controller_dag.py for tasks to queue
[2024-02-08T02:09:49.433+0100] {logging_mixin.py:188} INFO - [2024-02-08T02:09:49.432+0100] {dagbag.py:538} INFO - Filling up the DagBag from /home/ubuntu/.local/lib/python3.10/site-packages/airflow/example_dags/example_trigger_controller_dag.py
[2024-02-08T02:09:49.443+0100] {processor.py:840} INFO - DAG(s) 'example_trigger_controller_dag' retrieved from /home/ubuntu/.local/lib/python3.10/site-packages/airflow/example_dags/example_trigger_controller_dag.py
[2024-02-08T02:09:49.540+0100] {logging_mixin.py:188} INFO - [2024-02-08T02:09:49.539+0100] {dag.py:3033} INFO - Sync 1 DAGs
[2024-02-08T02:09:49.636+0100] {logging_mixin.py:188} INFO - [2024-02-08T02:09:49.632+0100] {dag.py:3820} INFO - Setting next_dagrun for example_trigger_controller_dag to 2021-01-01T00:00:00+00:00, run_after=2021-01-01T00:00:00+00:00
[2024-02-08T02:09:50.050+0100] {processor.py:183} INFO - Processing /home/ubuntu/.local/lib/python3.10/site-packages/airflow/example_dags/example_trigger_controller_dag.py took 0.654 seconds
[2024-02-08T02:10:49.105+0100] {processor.py:161} INFO - Started process (PID=60559) to work on /home/ubuntu/.local/lib/python3.10/site-packages/airflow/example_dags/example_trigger_controller_dag.py
[2024-02-08T02:10:49.107+0100] {processor.py:830} INFO - Processing file /home/ubuntu/.local/lib/python3.10/site-packages/airflow/example_dags/example_trigger_controller_dag.py for tasks to queue
[2024-02-08T02:10:49.109+0100] {logging_mixin.py:188} INFO - [2024-02-08T02:10:49.108+0100] {dagbag.py:538} INFO - Filling up the DagBag from /home/ubuntu/.local/lib/python3.10/site-packages/airflow/example_dags/example_trigger_controller_dag.py
[2024-02-08T02:10:49.115+0100] {processor.py:840} INFO - DAG(s) 'example_trigger_controller_dag' retrieved from /home/ubuntu/.local/lib/python3.10/site-packages/airflow/example_dags/example_trigger_controller_dag.py
[2024-02-08T02:10:49.149+0100] {logging_mixin.py:188} INFO - [2024-02-08T02:10:49.148+0100] {dag.py:3033} INFO - Sync 1 DAGs
[2024-02-08T02:10:49.184+0100] {logging_mixin.py:188} INFO - [2024-02-08T02:10:49.183+0100] {dag.py:3820} INFO - Setting next_dagrun for example_trigger_controller_dag to 2021-01-01T00:00:00+00:00, run_after=2021-01-01T00:00:00+00:00
[2024-02-08T02:10:49.243+0100] {processor.py:183} INFO - Processing /home/ubuntu/.local/lib/python3.10/site-packages/airflow/example_dags/example_trigger_controller_dag.py took 0.142 seconds
[2024-02-08T02:12:15.591+0100] {processor.py:161} INFO - Started process (PID=60667) to work on /home/ubuntu/.local/lib/python3.10/site-packages/airflow/example_dags/example_trigger_controller_dag.py
[2024-02-08T02:12:15.593+0100] {processor.py:830} INFO - Processing file /home/ubuntu/.local/lib/python3.10/site-packages/airflow/example_dags/example_trigger_controller_dag.py for tasks to queue
[2024-02-08T02:12:15.594+0100] {logging_mixin.py:188} INFO - [2024-02-08T02:12:15.594+0100] {dagbag.py:538} INFO - Filling up the DagBag from /home/ubuntu/.local/lib/python3.10/site-packages/airflow/example_dags/example_trigger_controller_dag.py
[2024-02-08T02:12:15.599+0100] {processor.py:840} INFO - DAG(s) 'example_trigger_controller_dag' retrieved from /home/ubuntu/.local/lib/python3.10/site-packages/airflow/example_dags/example_trigger_controller_dag.py
[2024-02-08T02:12:15.616+0100] {logging_mixin.py:188} INFO - [2024-02-08T02:12:15.616+0100] {dag.py:3033} INFO - Sync 1 DAGs
[2024-02-08T02:12:15.635+0100] {logging_mixin.py:188} INFO - [2024-02-08T02:12:15.634+0100] {dag.py:3820} INFO - Setting next_dagrun for example_trigger_controller_dag to 2021-01-01T00:00:00+00:00, run_after=2021-01-01T00:00:00+00:00
[2024-02-08T02:12:15.667+0100] {processor.py:183} INFO - Processing /home/ubuntu/.local/lib/python3.10/site-packages/airflow/example_dags/example_trigger_controller_dag.py took 0.079 seconds
[2024-02-08T02:13:00.674+0100] {processor.py:161} INFO - Started process (PID=60973) to work on /home/ubuntu/.local/lib/python3.10/site-packages/airflow/example_dags/example_trigger_controller_dag.py
[2024-02-08T02:13:00.677+0100] {processor.py:830} INFO - Processing file /home/ubuntu/.local/lib/python3.10/site-packages/airflow/example_dags/example_trigger_controller_dag.py for tasks to queue
[2024-02-08T02:13:00.678+0100] {logging_mixin.py:188} INFO - [2024-02-08T02:13:00.677+0100] {dagbag.py:538} INFO - Filling up the DagBag from /home/ubuntu/.local/lib/python3.10/site-packages/airflow/example_dags/example_trigger_controller_dag.py
[2024-02-08T02:13:00.686+0100] {processor.py:840} INFO - DAG(s) 'example_trigger_controller_dag' retrieved from /home/ubuntu/.local/lib/python3.10/site-packages/airflow/example_dags/example_trigger_controller_dag.py
[2024-02-08T02:13:00.705+0100] {logging_mixin.py:188} INFO - [2024-02-08T02:13:00.704+0100] {dag.py:3033} INFO - Sync 1 DAGs
[2024-02-08T02:13:00.722+0100] {logging_mixin.py:188} INFO - [2024-02-08T02:13:00.722+0100] {dag.py:3820} INFO - Setting next_dagrun for example_trigger_controller_dag to 2021-01-01T00:00:00+00:00, run_after=2021-01-01T00:00:00+00:00
[2024-02-08T02:13:00.752+0100] {processor.py:183} INFO - Processing /home/ubuntu/.local/lib/python3.10/site-packages/airflow/example_dags/example_trigger_controller_dag.py took 0.082 seconds
[2024-02-08T02:13:58.354+0100] {processor.py:161} INFO - Started process (PID=61072) to work on /home/ubuntu/.local/lib/python3.10/site-packages/airflow/example_dags/example_trigger_controller_dag.py
[2024-02-08T02:13:58.357+0100] {processor.py:830} INFO - Processing file /home/ubuntu/.local/lib/python3.10/site-packages/airflow/example_dags/example_trigger_controller_dag.py for tasks to queue
[2024-02-08T02:13:58.358+0100] {logging_mixin.py:188} INFO - [2024-02-08T02:13:58.357+0100] {dagbag.py:538} INFO - Filling up the DagBag from /home/ubuntu/.local/lib/python3.10/site-packages/airflow/example_dags/example_trigger_controller_dag.py
[2024-02-08T02:13:58.365+0100] {processor.py:840} INFO - DAG(s) 'example_trigger_controller_dag' retrieved from /home/ubuntu/.local/lib/python3.10/site-packages/airflow/example_dags/example_trigger_controller_dag.py
[2024-02-08T02:13:58.387+0100] {logging_mixin.py:188} INFO - [2024-02-08T02:13:58.387+0100] {dag.py:3033} INFO - Sync 1 DAGs
[2024-02-08T02:13:58.420+0100] {logging_mixin.py:188} INFO - [2024-02-08T02:13:58.420+0100] {dag.py:3820} INFO - Setting next_dagrun for example_trigger_controller_dag to 2021-01-01T00:00:00+00:00, run_after=2021-01-01T00:00:00+00:00
[2024-02-08T02:13:58.458+0100] {processor.py:183} INFO - Processing /home/ubuntu/.local/lib/python3.10/site-packages/airflow/example_dags/example_trigger_controller_dag.py took 0.110 seconds
[2024-02-08T02:14:55.600+0100] {processor.py:161} INFO - Started process (PID=61155) to work on /home/ubuntu/.local/lib/python3.10/site-packages/airflow/example_dags/example_trigger_controller_dag.py
[2024-02-08T02:14:55.602+0100] {processor.py:830} INFO - Processing file /home/ubuntu/.local/lib/python3.10/site-packages/airflow/example_dags/example_trigger_controller_dag.py for tasks to queue
[2024-02-08T02:14:55.603+0100] {logging_mixin.py:188} INFO - [2024-02-08T02:14:55.602+0100] {dagbag.py:538} INFO - Filling up the DagBag from /home/ubuntu/.local/lib/python3.10/site-packages/airflow/example_dags/example_trigger_controller_dag.py
[2024-02-08T02:14:55.609+0100] {processor.py:840} INFO - DAG(s) 'example_trigger_controller_dag' retrieved from /home/ubuntu/.local/lib/python3.10/site-packages/airflow/example_dags/example_trigger_controller_dag.py
[2024-02-08T02:14:55.628+0100] {logging_mixin.py:188} INFO - [2024-02-08T02:14:55.628+0100] {dag.py:3033} INFO - Sync 1 DAGs
[2024-02-08T02:14:55.653+0100] {logging_mixin.py:188} INFO - [2024-02-08T02:14:55.653+0100] {dag.py:3820} INFO - Setting next_dagrun for example_trigger_controller_dag to 2021-01-01T00:00:00+00:00, run_after=2021-01-01T00:00:00+00:00
[2024-02-08T02:14:55.694+0100] {processor.py:183} INFO - Processing /home/ubuntu/.local/lib/python3.10/site-packages/airflow/example_dags/example_trigger_controller_dag.py took 0.098 seconds
[2024-02-08T02:15:49.538+0100] {processor.py:161} INFO - Started process (PID=61253) to work on /home/ubuntu/.local/lib/python3.10/site-packages/airflow/example_dags/example_trigger_controller_dag.py
[2024-02-08T02:15:49.540+0100] {processor.py:830} INFO - Processing file /home/ubuntu/.local/lib/python3.10/site-packages/airflow/example_dags/example_trigger_controller_dag.py for tasks to queue
[2024-02-08T02:15:49.541+0100] {logging_mixin.py:188} INFO - [2024-02-08T02:15:49.541+0100] {dagbag.py:538} INFO - Filling up the DagBag from /home/ubuntu/.local/lib/python3.10/site-packages/airflow/example_dags/example_trigger_controller_dag.py
[2024-02-08T02:15:49.547+0100] {processor.py:840} INFO - DAG(s) 'example_trigger_controller_dag' retrieved from /home/ubuntu/.local/lib/python3.10/site-packages/airflow/example_dags/example_trigger_controller_dag.py
[2024-02-08T02:15:49.566+0100] {logging_mixin.py:188} INFO - [2024-02-08T02:15:49.566+0100] {dag.py:3033} INFO - Sync 1 DAGs
[2024-02-08T02:15:49.591+0100] {logging_mixin.py:188} INFO - [2024-02-08T02:15:49.590+0100] {dag.py:3820} INFO - Setting next_dagrun for example_trigger_controller_dag to 2021-01-01T00:00:00+00:00, run_after=2021-01-01T00:00:00+00:00
[2024-02-08T02:15:49.620+0100] {processor.py:183} INFO - Processing /home/ubuntu/.local/lib/python3.10/site-packages/airflow/example_dags/example_trigger_controller_dag.py took 0.086 seconds
[2024-02-08T02:16:41.497+0100] {processor.py:161} INFO - Started process (PID=61323) to work on /home/ubuntu/.local/lib/python3.10/site-packages/airflow/example_dags/example_trigger_controller_dag.py
[2024-02-08T02:16:41.500+0100] {processor.py:830} INFO - Processing file /home/ubuntu/.local/lib/python3.10/site-packages/airflow/example_dags/example_trigger_controller_dag.py for tasks to queue
[2024-02-08T02:16:41.501+0100] {logging_mixin.py:188} INFO - [2024-02-08T02:16:41.500+0100] {dagbag.py:538} INFO - Filling up the DagBag from /home/ubuntu/.local/lib/python3.10/site-packages/airflow/example_dags/example_trigger_controller_dag.py
[2024-02-08T02:16:41.508+0100] {processor.py:840} INFO - DAG(s) 'example_trigger_controller_dag' retrieved from /home/ubuntu/.local/lib/python3.10/site-packages/airflow/example_dags/example_trigger_controller_dag.py
[2024-02-08T02:16:41.528+0100] {logging_mixin.py:188} INFO - [2024-02-08T02:16:41.528+0100] {dag.py:3033} INFO - Sync 1 DAGs
[2024-02-08T02:16:41.556+0100] {logging_mixin.py:188} INFO - [2024-02-08T02:16:41.556+0100] {dag.py:3820} INFO - Setting next_dagrun for example_trigger_controller_dag to 2021-01-01T00:00:00+00:00, run_after=2021-01-01T00:00:00+00:00
[2024-02-08T02:16:41.583+0100] {processor.py:183} INFO - Processing /home/ubuntu/.local/lib/python3.10/site-packages/airflow/example_dags/example_trigger_controller_dag.py took 0.090 seconds
