[2024-02-08T01:02:34.110+0100] {processor.py:161} INFO - Started process (PID=50687) to work on /home/ubuntu/.local/lib/python3.10/site-packages/airflow/example_dags/example_params_ui_tutorial.py
[2024-02-08T01:02:34.121+0100] {processor.py:830} INFO - Processing file /home/ubuntu/.local/lib/python3.10/site-packages/airflow/example_dags/example_params_ui_tutorial.py for tasks to queue
[2024-02-08T01:02:34.123+0100] {logging_mixin.py:188} INFO - [2024-02-08T01:02:34.122+0100] {dagbag.py:538} INFO - Filling up the DagBag from /home/ubuntu/.local/lib/python3.10/site-packages/airflow/example_dags/example_params_ui_tutorial.py
[2024-02-08T01:02:34.158+0100] {processor.py:840} INFO - DAG(s) 'example_params_ui_tutorial' retrieved from /home/ubuntu/.local/lib/python3.10/site-packages/airflow/example_dags/example_params_ui_tutorial.py
[2024-02-08T01:02:34.665+0100] {logging_mixin.py:188} INFO - [2024-02-08T01:02:34.664+0100] {dag.py:3033} INFO - Sync 1 DAGs
[2024-02-08T01:02:34.682+0100] {logging_mixin.py:188} INFO - [2024-02-08T01:02:34.681+0100] {dag.py:3820} INFO - Setting next_dagrun for example_params_ui_tutorial to None, run_after=None
[2024-02-08T01:02:34.882+0100] {processor.py:183} INFO - Processing /home/ubuntu/.local/lib/python3.10/site-packages/airflow/example_dags/example_params_ui_tutorial.py took 0.782 seconds
[2024-02-08T01:04:26.540+0100] {processor.py:161} INFO - Started process (PID=50890) to work on /home/ubuntu/.local/lib/python3.10/site-packages/airflow/example_dags/example_params_ui_tutorial.py
[2024-02-08T01:04:26.544+0100] {processor.py:830} INFO - Processing file /home/ubuntu/.local/lib/python3.10/site-packages/airflow/example_dags/example_params_ui_tutorial.py for tasks to queue
[2024-02-08T01:04:26.546+0100] {logging_mixin.py:188} INFO - [2024-02-08T01:04:26.545+0100] {dagbag.py:538} INFO - Filling up the DagBag from /home/ubuntu/.local/lib/python3.10/site-packages/airflow/example_dags/example_params_ui_tutorial.py
[2024-02-08T01:04:26.573+0100] {processor.py:840} INFO - DAG(s) 'example_params_ui_tutorial' retrieved from /home/ubuntu/.local/lib/python3.10/site-packages/airflow/example_dags/example_params_ui_tutorial.py
[2024-02-08T01:04:26.768+0100] {logging_mixin.py:188} INFO - [2024-02-08T01:04:26.767+0100] {dag.py:3033} INFO - Sync 1 DAGs
[2024-02-08T01:04:26.820+0100] {logging_mixin.py:188} INFO - [2024-02-08T01:04:26.816+0100] {dag.py:3820} INFO - Setting next_dagrun for example_params_ui_tutorial to None, run_after=None
[2024-02-08T01:04:27.091+0100] {processor.py:183} INFO - Processing /home/ubuntu/.local/lib/python3.10/site-packages/airflow/example_dags/example_params_ui_tutorial.py took 0.558 seconds
[2024-02-08T01:06:04.508+0100] {processor.py:161} INFO - Started process (PID=51114) to work on /home/ubuntu/.local/lib/python3.10/site-packages/airflow/example_dags/example_params_ui_tutorial.py
[2024-02-08T01:06:04.514+0100] {processor.py:830} INFO - Processing file /home/ubuntu/.local/lib/python3.10/site-packages/airflow/example_dags/example_params_ui_tutorial.py for tasks to queue
[2024-02-08T01:06:04.517+0100] {logging_mixin.py:188} INFO - [2024-02-08T01:06:04.517+0100] {dagbag.py:538} INFO - Filling up the DagBag from /home/ubuntu/.local/lib/python3.10/site-packages/airflow/example_dags/example_params_ui_tutorial.py
[2024-02-08T01:06:04.566+0100] {processor.py:840} INFO - DAG(s) 'example_params_ui_tutorial' retrieved from /home/ubuntu/.local/lib/python3.10/site-packages/airflow/example_dags/example_params_ui_tutorial.py
[2024-02-08T01:06:04.662+0100] {logging_mixin.py:188} INFO - [2024-02-08T01:06:04.662+0100] {dag.py:3033} INFO - Sync 1 DAGs
[2024-02-08T01:06:04.690+0100] {logging_mixin.py:188} INFO - [2024-02-08T01:06:04.690+0100] {dag.py:3820} INFO - Setting next_dagrun for example_params_ui_tutorial to None, run_after=None
[2024-02-08T01:06:04.762+0100] {processor.py:183} INFO - Processing /home/ubuntu/.local/lib/python3.10/site-packages/airflow/example_dags/example_params_ui_tutorial.py took 0.272 seconds
[2024-02-08T01:07:20.037+0100] {processor.py:161} INFO - Started process (PID=51576) to work on /home/ubuntu/.local/lib/python3.10/site-packages/airflow/example_dags/example_params_ui_tutorial.py
[2024-02-08T01:07:20.040+0100] {processor.py:830} INFO - Processing file /home/ubuntu/.local/lib/python3.10/site-packages/airflow/example_dags/example_params_ui_tutorial.py for tasks to queue
[2024-02-08T01:07:20.042+0100] {logging_mixin.py:188} INFO - [2024-02-08T01:07:20.041+0100] {dagbag.py:538} INFO - Filling up the DagBag from /home/ubuntu/.local/lib/python3.10/site-packages/airflow/example_dags/example_params_ui_tutorial.py
[2024-02-08T01:07:20.072+0100] {processor.py:840} INFO - DAG(s) 'example_params_ui_tutorial' retrieved from /home/ubuntu/.local/lib/python3.10/site-packages/airflow/example_dags/example_params_ui_tutorial.py
[2024-02-08T01:07:20.329+0100] {logging_mixin.py:188} INFO - [2024-02-08T01:07:20.329+0100] {dag.py:3033} INFO - Sync 1 DAGs
[2024-02-08T01:07:20.406+0100] {logging_mixin.py:188} INFO - [2024-02-08T01:07:20.406+0100] {dag.py:3820} INFO - Setting next_dagrun for example_params_ui_tutorial to None, run_after=None
[2024-02-08T01:07:20.563+0100] {processor.py:183} INFO - Processing /home/ubuntu/.local/lib/python3.10/site-packages/airflow/example_dags/example_params_ui_tutorial.py took 0.533 seconds
[2024-02-08T01:08:44.911+0100] {processor.py:161} INFO - Started process (PID=51923) to work on /home/ubuntu/.local/lib/python3.10/site-packages/airflow/example_dags/example_params_ui_tutorial.py
[2024-02-08T01:08:44.943+0100] {processor.py:830} INFO - Processing file /home/ubuntu/.local/lib/python3.10/site-packages/airflow/example_dags/example_params_ui_tutorial.py for tasks to queue
[2024-02-08T01:08:44.952+0100] {logging_mixin.py:188} INFO - [2024-02-08T01:08:44.947+0100] {dagbag.py:538} INFO - Filling up the DagBag from /home/ubuntu/.local/lib/python3.10/site-packages/airflow/example_dags/example_params_ui_tutorial.py
[2024-02-08T01:08:45.001+0100] {processor.py:840} INFO - DAG(s) 'example_params_ui_tutorial' retrieved from /home/ubuntu/.local/lib/python3.10/site-packages/airflow/example_dags/example_params_ui_tutorial.py
[2024-02-08T01:08:45.184+0100] {logging_mixin.py:188} INFO - [2024-02-08T01:08:45.184+0100] {dag.py:3033} INFO - Sync 1 DAGs
[2024-02-08T01:08:45.259+0100] {logging_mixin.py:188} INFO - [2024-02-08T01:08:45.258+0100] {dag.py:3820} INFO - Setting next_dagrun for example_params_ui_tutorial to None, run_after=None
[2024-02-08T01:08:45.592+0100] {processor.py:183} INFO - Processing /home/ubuntu/.local/lib/python3.10/site-packages/airflow/example_dags/example_params_ui_tutorial.py took 0.690 seconds
[2024-02-08T01:10:20.523+0100] {processor.py:161} INFO - Started process (PID=52254) to work on /home/ubuntu/.local/lib/python3.10/site-packages/airflow/example_dags/example_params_ui_tutorial.py
[2024-02-08T01:10:20.527+0100] {processor.py:830} INFO - Processing file /home/ubuntu/.local/lib/python3.10/site-packages/airflow/example_dags/example_params_ui_tutorial.py for tasks to queue
[2024-02-08T01:10:20.529+0100] {logging_mixin.py:188} INFO - [2024-02-08T01:10:20.528+0100] {dagbag.py:538} INFO - Filling up the DagBag from /home/ubuntu/.local/lib/python3.10/site-packages/airflow/example_dags/example_params_ui_tutorial.py
[2024-02-08T01:10:20.559+0100] {processor.py:840} INFO - DAG(s) 'example_params_ui_tutorial' retrieved from /home/ubuntu/.local/lib/python3.10/site-packages/airflow/example_dags/example_params_ui_tutorial.py
[2024-02-08T01:10:20.777+0100] {logging_mixin.py:188} INFO - [2024-02-08T01:10:20.776+0100] {dag.py:3033} INFO - Sync 1 DAGs
[2024-02-08T01:10:20.810+0100] {logging_mixin.py:188} INFO - [2024-02-08T01:10:20.809+0100] {dag.py:3820} INFO - Setting next_dagrun for example_params_ui_tutorial to None, run_after=None
[2024-02-08T01:10:20.882+0100] {processor.py:183} INFO - Processing /home/ubuntu/.local/lib/python3.10/site-packages/airflow/example_dags/example_params_ui_tutorial.py took 0.366 seconds
[2024-02-08T01:11:40.281+0100] {processor.py:161} INFO - Started process (PID=52529) to work on /home/ubuntu/.local/lib/python3.10/site-packages/airflow/example_dags/example_params_ui_tutorial.py
[2024-02-08T01:11:40.326+0100] {processor.py:830} INFO - Processing file /home/ubuntu/.local/lib/python3.10/site-packages/airflow/example_dags/example_params_ui_tutorial.py for tasks to queue
[2024-02-08T01:11:40.330+0100] {logging_mixin.py:188} INFO - [2024-02-08T01:11:40.329+0100] {dagbag.py:538} INFO - Filling up the DagBag from /home/ubuntu/.local/lib/python3.10/site-packages/airflow/example_dags/example_params_ui_tutorial.py
[2024-02-08T01:11:40.477+0100] {processor.py:840} INFO - DAG(s) 'example_params_ui_tutorial' retrieved from /home/ubuntu/.local/lib/python3.10/site-packages/airflow/example_dags/example_params_ui_tutorial.py
[2024-02-08T01:11:40.915+0100] {logging_mixin.py:188} INFO - [2024-02-08T01:11:40.914+0100] {dag.py:3033} INFO - Sync 1 DAGs
[2024-02-08T01:11:41.003+0100] {logging_mixin.py:188} INFO - [2024-02-08T01:11:41.003+0100] {dag.py:3820} INFO - Setting next_dagrun for example_params_ui_tutorial to None, run_after=None
[2024-02-08T01:11:41.657+0100] {processor.py:183} INFO - Processing /home/ubuntu/.local/lib/python3.10/site-packages/airflow/example_dags/example_params_ui_tutorial.py took 1.445 seconds
[2024-02-08T01:15:23.188+0100] {processor.py:161} INFO - Started process (PID=53349) to work on /home/ubuntu/.local/lib/python3.10/site-packages/airflow/example_dags/example_params_ui_tutorial.py
[2024-02-08T01:15:23.195+0100] {processor.py:830} INFO - Processing file /home/ubuntu/.local/lib/python3.10/site-packages/airflow/example_dags/example_params_ui_tutorial.py for tasks to queue
[2024-02-08T01:15:23.197+0100] {logging_mixin.py:188} INFO - [2024-02-08T01:15:23.196+0100] {dagbag.py:538} INFO - Filling up the DagBag from /home/ubuntu/.local/lib/python3.10/site-packages/airflow/example_dags/example_params_ui_tutorial.py
[2024-02-08T01:15:23.315+0100] {processor.py:840} INFO - DAG(s) 'example_params_ui_tutorial' retrieved from /home/ubuntu/.local/lib/python3.10/site-packages/airflow/example_dags/example_params_ui_tutorial.py
[2024-02-08T01:15:24.561+0100] {logging_mixin.py:188} INFO - [2024-02-08T01:15:24.560+0100] {dag.py:3033} INFO - Sync 1 DAGs
[2024-02-08T01:15:24.764+0100] {logging_mixin.py:188} INFO - [2024-02-08T01:15:24.764+0100] {dag.py:3820} INFO - Setting next_dagrun for example_params_ui_tutorial to None, run_after=None
[2024-02-08T01:15:25.961+0100] {processor.py:183} INFO - Processing /home/ubuntu/.local/lib/python3.10/site-packages/airflow/example_dags/example_params_ui_tutorial.py took 2.812 seconds
[2024-02-08T01:18:46.679+0100] {processor.py:161} INFO - Started process (PID=54268) to work on /home/ubuntu/.local/lib/python3.10/site-packages/airflow/example_dags/example_params_ui_tutorial.py
[2024-02-08T01:18:46.688+0100] {processor.py:830} INFO - Processing file /home/ubuntu/.local/lib/python3.10/site-packages/airflow/example_dags/example_params_ui_tutorial.py for tasks to queue
[2024-02-08T01:18:46.690+0100] {logging_mixin.py:188} INFO - [2024-02-08T01:18:46.689+0100] {dagbag.py:538} INFO - Filling up the DagBag from /home/ubuntu/.local/lib/python3.10/site-packages/airflow/example_dags/example_params_ui_tutorial.py
[2024-02-08T01:18:46.732+0100] {processor.py:840} INFO - DAG(s) 'example_params_ui_tutorial' retrieved from /home/ubuntu/.local/lib/python3.10/site-packages/airflow/example_dags/example_params_ui_tutorial.py
[2024-02-08T01:18:47.175+0100] {logging_mixin.py:188} INFO - [2024-02-08T01:18:47.174+0100] {dag.py:3033} INFO - Sync 1 DAGs
[2024-02-08T01:18:47.239+0100] {logging_mixin.py:188} INFO - [2024-02-08T01:18:47.238+0100] {dag.py:3820} INFO - Setting next_dagrun for example_params_ui_tutorial to None, run_after=None
[2024-02-08T01:18:47.555+0100] {processor.py:183} INFO - Processing /home/ubuntu/.local/lib/python3.10/site-packages/airflow/example_dags/example_params_ui_tutorial.py took 0.884 seconds
[2024-02-08T01:20:47.925+0100] {processor.py:161} INFO - Started process (PID=54545) to work on /home/ubuntu/.local/lib/python3.10/site-packages/airflow/example_dags/example_params_ui_tutorial.py
[2024-02-08T01:20:47.930+0100] {processor.py:830} INFO - Processing file /home/ubuntu/.local/lib/python3.10/site-packages/airflow/example_dags/example_params_ui_tutorial.py for tasks to queue
[2024-02-08T01:20:47.935+0100] {logging_mixin.py:188} INFO - [2024-02-08T01:20:47.934+0100] {dagbag.py:538} INFO - Filling up the DagBag from /home/ubuntu/.local/lib/python3.10/site-packages/airflow/example_dags/example_params_ui_tutorial.py
[2024-02-08T01:20:47.993+0100] {processor.py:840} INFO - DAG(s) 'example_params_ui_tutorial' retrieved from /home/ubuntu/.local/lib/python3.10/site-packages/airflow/example_dags/example_params_ui_tutorial.py
[2024-02-08T01:20:48.164+0100] {logging_mixin.py:188} INFO - [2024-02-08T01:20:48.164+0100] {dag.py:3033} INFO - Sync 1 DAGs
[2024-02-08T01:20:48.184+0100] {logging_mixin.py:188} INFO - [2024-02-08T01:20:48.184+0100] {dag.py:3820} INFO - Setting next_dagrun for example_params_ui_tutorial to None, run_after=None
[2024-02-08T01:20:48.232+0100] {processor.py:183} INFO - Processing /home/ubuntu/.local/lib/python3.10/site-packages/airflow/example_dags/example_params_ui_tutorial.py took 0.319 seconds
[2024-02-08T01:22:34.683+0100] {processor.py:161} INFO - Started process (PID=54739) to work on /home/ubuntu/.local/lib/python3.10/site-packages/airflow/example_dags/example_params_ui_tutorial.py
[2024-02-08T01:22:34.686+0100] {processor.py:830} INFO - Processing file /home/ubuntu/.local/lib/python3.10/site-packages/airflow/example_dags/example_params_ui_tutorial.py for tasks to queue
[2024-02-08T01:22:34.687+0100] {logging_mixin.py:188} INFO - [2024-02-08T01:22:34.686+0100] {dagbag.py:538} INFO - Filling up the DagBag from /home/ubuntu/.local/lib/python3.10/site-packages/airflow/example_dags/example_params_ui_tutorial.py
[2024-02-08T01:22:34.710+0100] {processor.py:840} INFO - DAG(s) 'example_params_ui_tutorial' retrieved from /home/ubuntu/.local/lib/python3.10/site-packages/airflow/example_dags/example_params_ui_tutorial.py
[2024-02-08T01:22:34.792+0100] {logging_mixin.py:188} INFO - [2024-02-08T01:22:34.791+0100] {dag.py:3033} INFO - Sync 1 DAGs
[2024-02-08T01:22:34.828+0100] {logging_mixin.py:188} INFO - [2024-02-08T01:22:34.828+0100] {dag.py:3820} INFO - Setting next_dagrun for example_params_ui_tutorial to None, run_after=None
[2024-02-08T01:22:34.878+0100] {processor.py:183} INFO - Processing /home/ubuntu/.local/lib/python3.10/site-packages/airflow/example_dags/example_params_ui_tutorial.py took 0.202 seconds
[2024-02-08T01:23:52.941+0100] {processor.py:161} INFO - Started process (PID=54974) to work on /home/ubuntu/.local/lib/python3.10/site-packages/airflow/example_dags/example_params_ui_tutorial.py
[2024-02-08T01:23:52.944+0100] {processor.py:830} INFO - Processing file /home/ubuntu/.local/lib/python3.10/site-packages/airflow/example_dags/example_params_ui_tutorial.py for tasks to queue
[2024-02-08T01:23:52.946+0100] {logging_mixin.py:188} INFO - [2024-02-08T01:23:52.945+0100] {dagbag.py:538} INFO - Filling up the DagBag from /home/ubuntu/.local/lib/python3.10/site-packages/airflow/example_dags/example_params_ui_tutorial.py
[2024-02-08T01:23:52.958+0100] {processor.py:840} INFO - DAG(s) 'example_params_ui_tutorial' retrieved from /home/ubuntu/.local/lib/python3.10/site-packages/airflow/example_dags/example_params_ui_tutorial.py
[2024-02-08T01:23:53.047+0100] {logging_mixin.py:188} INFO - [2024-02-08T01:23:53.047+0100] {dag.py:3033} INFO - Sync 1 DAGs
[2024-02-08T01:23:53.062+0100] {logging_mixin.py:188} INFO - [2024-02-08T01:23:53.062+0100] {dag.py:3820} INFO - Setting next_dagrun for example_params_ui_tutorial to None, run_after=None
[2024-02-08T01:23:53.099+0100] {processor.py:183} INFO - Processing /home/ubuntu/.local/lib/python3.10/site-packages/airflow/example_dags/example_params_ui_tutorial.py took 0.162 seconds
[2024-02-08T01:25:00.633+0100] {processor.py:161} INFO - Started process (PID=55101) to work on /home/ubuntu/.local/lib/python3.10/site-packages/airflow/example_dags/example_params_ui_tutorial.py
[2024-02-08T01:25:00.635+0100] {processor.py:830} INFO - Processing file /home/ubuntu/.local/lib/python3.10/site-packages/airflow/example_dags/example_params_ui_tutorial.py for tasks to queue
[2024-02-08T01:25:00.636+0100] {logging_mixin.py:188} INFO - [2024-02-08T01:25:00.635+0100] {dagbag.py:538} INFO - Filling up the DagBag from /home/ubuntu/.local/lib/python3.10/site-packages/airflow/example_dags/example_params_ui_tutorial.py
[2024-02-08T01:25:00.653+0100] {processor.py:840} INFO - DAG(s) 'example_params_ui_tutorial' retrieved from /home/ubuntu/.local/lib/python3.10/site-packages/airflow/example_dags/example_params_ui_tutorial.py
[2024-02-08T01:25:00.748+0100] {logging_mixin.py:188} INFO - [2024-02-08T01:25:00.748+0100] {dag.py:3033} INFO - Sync 1 DAGs
[2024-02-08T01:25:00.837+0100] {logging_mixin.py:188} INFO - [2024-02-08T01:25:00.837+0100] {dag.py:3820} INFO - Setting next_dagrun for example_params_ui_tutorial to None, run_after=None
[2024-02-08T01:25:00.958+0100] {processor.py:183} INFO - Processing /home/ubuntu/.local/lib/python3.10/site-packages/airflow/example_dags/example_params_ui_tutorial.py took 0.329 seconds
[2024-02-08T01:26:44.761+0100] {processor.py:161} INFO - Started process (PID=55285) to work on /home/ubuntu/.local/lib/python3.10/site-packages/airflow/example_dags/example_params_ui_tutorial.py
[2024-02-08T01:26:44.791+0100] {processor.py:830} INFO - Processing file /home/ubuntu/.local/lib/python3.10/site-packages/airflow/example_dags/example_params_ui_tutorial.py for tasks to queue
[2024-02-08T01:26:44.795+0100] {logging_mixin.py:188} INFO - [2024-02-08T01:26:44.791+0100] {dagbag.py:538} INFO - Filling up the DagBag from /home/ubuntu/.local/lib/python3.10/site-packages/airflow/example_dags/example_params_ui_tutorial.py
[2024-02-08T01:26:44.880+0100] {processor.py:840} INFO - DAG(s) 'example_params_ui_tutorial' retrieved from /home/ubuntu/.local/lib/python3.10/site-packages/airflow/example_dags/example_params_ui_tutorial.py
[2024-02-08T01:26:45.130+0100] {logging_mixin.py:188} INFO - [2024-02-08T01:26:45.125+0100] {dag.py:3033} INFO - Sync 1 DAGs
[2024-02-08T01:26:45.201+0100] {logging_mixin.py:188} INFO - [2024-02-08T01:26:45.201+0100] {dag.py:3820} INFO - Setting next_dagrun for example_params_ui_tutorial to None, run_after=None
[2024-02-08T01:26:45.520+0100] {processor.py:183} INFO - Processing /home/ubuntu/.local/lib/python3.10/site-packages/airflow/example_dags/example_params_ui_tutorial.py took 0.770 seconds
[2024-02-08T01:28:20.142+0100] {processor.py:161} INFO - Started process (PID=55458) to work on /home/ubuntu/.local/lib/python3.10/site-packages/airflow/example_dags/example_params_ui_tutorial.py
[2024-02-08T01:28:20.147+0100] {processor.py:830} INFO - Processing file /home/ubuntu/.local/lib/python3.10/site-packages/airflow/example_dags/example_params_ui_tutorial.py for tasks to queue
[2024-02-08T01:28:20.150+0100] {logging_mixin.py:188} INFO - [2024-02-08T01:28:20.149+0100] {dagbag.py:538} INFO - Filling up the DagBag from /home/ubuntu/.local/lib/python3.10/site-packages/airflow/example_dags/example_params_ui_tutorial.py
[2024-02-08T01:28:20.168+0100] {processor.py:840} INFO - DAG(s) 'example_params_ui_tutorial' retrieved from /home/ubuntu/.local/lib/python3.10/site-packages/airflow/example_dags/example_params_ui_tutorial.py
[2024-02-08T01:28:20.404+0100] {logging_mixin.py:188} INFO - [2024-02-08T01:28:20.404+0100] {dag.py:3033} INFO - Sync 1 DAGs
[2024-02-08T01:28:20.431+0100] {logging_mixin.py:188} INFO - [2024-02-08T01:28:20.430+0100] {dag.py:3820} INFO - Setting next_dagrun for example_params_ui_tutorial to None, run_after=None
[2024-02-08T01:28:20.487+0100] {processor.py:183} INFO - Processing /home/ubuntu/.local/lib/python3.10/site-packages/airflow/example_dags/example_params_ui_tutorial.py took 0.351 seconds
[2024-02-08T01:30:15.836+0100] {processor.py:161} INFO - Started process (PID=55671) to work on /home/ubuntu/.local/lib/python3.10/site-packages/airflow/example_dags/example_params_ui_tutorial.py
[2024-02-08T01:30:15.845+0100] {processor.py:830} INFO - Processing file /home/ubuntu/.local/lib/python3.10/site-packages/airflow/example_dags/example_params_ui_tutorial.py for tasks to queue
[2024-02-08T01:30:15.847+0100] {logging_mixin.py:188} INFO - [2024-02-08T01:30:15.846+0100] {dagbag.py:538} INFO - Filling up the DagBag from /home/ubuntu/.local/lib/python3.10/site-packages/airflow/example_dags/example_params_ui_tutorial.py
[2024-02-08T01:30:15.912+0100] {processor.py:840} INFO - DAG(s) 'example_params_ui_tutorial' retrieved from /home/ubuntu/.local/lib/python3.10/site-packages/airflow/example_dags/example_params_ui_tutorial.py
[2024-02-08T01:30:16.154+0100] {logging_mixin.py:188} INFO - [2024-02-08T01:30:16.153+0100] {dag.py:3033} INFO - Sync 1 DAGs
[2024-02-08T01:30:16.302+0100] {logging_mixin.py:188} INFO - [2024-02-08T01:30:16.299+0100] {dag.py:3820} INFO - Setting next_dagrun for example_params_ui_tutorial to None, run_after=None
[2024-02-08T01:30:16.616+0100] {processor.py:183} INFO - Processing /home/ubuntu/.local/lib/python3.10/site-packages/airflow/example_dags/example_params_ui_tutorial.py took 0.797 seconds
[2024-02-08T01:32:11.415+0100] {processor.py:161} INFO - Started process (PID=55874) to work on /home/ubuntu/.local/lib/python3.10/site-packages/airflow/example_dags/example_params_ui_tutorial.py
[2024-02-08T01:32:11.467+0100] {processor.py:830} INFO - Processing file /home/ubuntu/.local/lib/python3.10/site-packages/airflow/example_dags/example_params_ui_tutorial.py for tasks to queue
[2024-02-08T01:32:11.490+0100] {logging_mixin.py:188} INFO - [2024-02-08T01:32:11.481+0100] {dagbag.py:538} INFO - Filling up the DagBag from /home/ubuntu/.local/lib/python3.10/site-packages/airflow/example_dags/example_params_ui_tutorial.py
[2024-02-08T01:32:11.526+0100] {processor.py:840} INFO - DAG(s) 'example_params_ui_tutorial' retrieved from /home/ubuntu/.local/lib/python3.10/site-packages/airflow/example_dags/example_params_ui_tutorial.py
[2024-02-08T01:32:11.770+0100] {logging_mixin.py:188} INFO - [2024-02-08T01:32:11.768+0100] {dag.py:3033} INFO - Sync 1 DAGs
[2024-02-08T01:32:11.803+0100] {logging_mixin.py:188} INFO - [2024-02-08T01:32:11.803+0100] {dag.py:3820} INFO - Setting next_dagrun for example_params_ui_tutorial to None, run_after=None
[2024-02-08T01:32:12.138+0100] {processor.py:183} INFO - Processing /home/ubuntu/.local/lib/python3.10/site-packages/airflow/example_dags/example_params_ui_tutorial.py took 0.759 seconds
[2024-02-08T01:35:24.515+0100] {processor.py:161} INFO - Started process (PID=56170) to work on /home/ubuntu/.local/lib/python3.10/site-packages/airflow/example_dags/example_params_ui_tutorial.py
[2024-02-08T01:35:24.555+0100] {processor.py:830} INFO - Processing file /home/ubuntu/.local/lib/python3.10/site-packages/airflow/example_dags/example_params_ui_tutorial.py for tasks to queue
[2024-02-08T01:35:24.560+0100] {logging_mixin.py:188} INFO - [2024-02-08T01:35:24.560+0100] {dagbag.py:538} INFO - Filling up the DagBag from /home/ubuntu/.local/lib/python3.10/site-packages/airflow/example_dags/example_params_ui_tutorial.py
[2024-02-08T01:35:24.630+0100] {processor.py:840} INFO - DAG(s) 'example_params_ui_tutorial' retrieved from /home/ubuntu/.local/lib/python3.10/site-packages/airflow/example_dags/example_params_ui_tutorial.py
[2024-02-08T01:35:24.897+0100] {logging_mixin.py:188} INFO - [2024-02-08T01:35:24.897+0100] {dag.py:3033} INFO - Sync 1 DAGs
[2024-02-08T01:35:24.992+0100] {logging_mixin.py:188} INFO - [2024-02-08T01:35:24.991+0100] {dag.py:3820} INFO - Setting next_dagrun for example_params_ui_tutorial to None, run_after=None
[2024-02-08T01:35:25.167+0100] {processor.py:183} INFO - Processing /home/ubuntu/.local/lib/python3.10/site-packages/airflow/example_dags/example_params_ui_tutorial.py took 0.687 seconds
[2024-02-08T01:37:56.872+0100] {processor.py:161} INFO - Started process (PID=56410) to work on /home/ubuntu/.local/lib/python3.10/site-packages/airflow/example_dags/example_params_ui_tutorial.py
[2024-02-08T01:37:56.917+0100] {processor.py:830} INFO - Processing file /home/ubuntu/.local/lib/python3.10/site-packages/airflow/example_dags/example_params_ui_tutorial.py for tasks to queue
[2024-02-08T01:37:56.919+0100] {logging_mixin.py:188} INFO - [2024-02-08T01:37:56.918+0100] {dagbag.py:538} INFO - Filling up the DagBag from /home/ubuntu/.local/lib/python3.10/site-packages/airflow/example_dags/example_params_ui_tutorial.py
[2024-02-08T01:37:56.990+0100] {processor.py:840} INFO - DAG(s) 'example_params_ui_tutorial' retrieved from /home/ubuntu/.local/lib/python3.10/site-packages/airflow/example_dags/example_params_ui_tutorial.py
[2024-02-08T01:37:57.243+0100] {logging_mixin.py:188} INFO - [2024-02-08T01:37:57.243+0100] {dag.py:3033} INFO - Sync 1 DAGs
[2024-02-08T01:37:57.267+0100] {logging_mixin.py:188} INFO - [2024-02-08T01:37:57.267+0100] {dag.py:3820} INFO - Setting next_dagrun for example_params_ui_tutorial to None, run_after=None
[2024-02-08T01:37:57.345+0100] {processor.py:183} INFO - Processing /home/ubuntu/.local/lib/python3.10/site-packages/airflow/example_dags/example_params_ui_tutorial.py took 0.497 seconds
[2024-02-08T01:39:32.684+0100] {processor.py:161} INFO - Started process (PID=56600) to work on /home/ubuntu/.local/lib/python3.10/site-packages/airflow/example_dags/example_params_ui_tutorial.py
[2024-02-08T01:39:32.718+0100] {processor.py:830} INFO - Processing file /home/ubuntu/.local/lib/python3.10/site-packages/airflow/example_dags/example_params_ui_tutorial.py for tasks to queue
[2024-02-08T01:39:32.724+0100] {logging_mixin.py:188} INFO - [2024-02-08T01:39:32.719+0100] {dagbag.py:538} INFO - Filling up the DagBag from /home/ubuntu/.local/lib/python3.10/site-packages/airflow/example_dags/example_params_ui_tutorial.py
[2024-02-08T01:39:32.815+0100] {processor.py:840} INFO - DAG(s) 'example_params_ui_tutorial' retrieved from /home/ubuntu/.local/lib/python3.10/site-packages/airflow/example_dags/example_params_ui_tutorial.py
[2024-02-08T01:39:33.048+0100] {logging_mixin.py:188} INFO - [2024-02-08T01:39:33.047+0100] {dag.py:3033} INFO - Sync 1 DAGs
[2024-02-08T01:39:33.076+0100] {logging_mixin.py:188} INFO - [2024-02-08T01:39:33.076+0100] {dag.py:3820} INFO - Setting next_dagrun for example_params_ui_tutorial to None, run_after=None
[2024-02-08T01:39:33.356+0100] {processor.py:183} INFO - Processing /home/ubuntu/.local/lib/python3.10/site-packages/airflow/example_dags/example_params_ui_tutorial.py took 0.686 seconds
[2024-02-08T01:40:59.124+0100] {processor.py:161} INFO - Started process (PID=56763) to work on /home/ubuntu/.local/lib/python3.10/site-packages/airflow/example_dags/example_params_ui_tutorial.py
[2024-02-08T01:40:59.130+0100] {processor.py:830} INFO - Processing file /home/ubuntu/.local/lib/python3.10/site-packages/airflow/example_dags/example_params_ui_tutorial.py for tasks to queue
[2024-02-08T01:40:59.133+0100] {logging_mixin.py:188} INFO - [2024-02-08T01:40:59.131+0100] {dagbag.py:538} INFO - Filling up the DagBag from /home/ubuntu/.local/lib/python3.10/site-packages/airflow/example_dags/example_params_ui_tutorial.py
[2024-02-08T01:40:59.163+0100] {processor.py:840} INFO - DAG(s) 'example_params_ui_tutorial' retrieved from /home/ubuntu/.local/lib/python3.10/site-packages/airflow/example_dags/example_params_ui_tutorial.py
[2024-02-08T01:40:59.325+0100] {logging_mixin.py:188} INFO - [2024-02-08T01:40:59.324+0100] {dag.py:3033} INFO - Sync 1 DAGs
[2024-02-08T01:40:59.401+0100] {logging_mixin.py:188} INFO - [2024-02-08T01:40:59.401+0100] {dag.py:3820} INFO - Setting next_dagrun for example_params_ui_tutorial to None, run_after=None
[2024-02-08T01:40:59.708+0100] {processor.py:183} INFO - Processing /home/ubuntu/.local/lib/python3.10/site-packages/airflow/example_dags/example_params_ui_tutorial.py took 0.597 seconds
[2024-02-08T01:42:28.255+0100] {processor.py:161} INFO - Started process (PID=56944) to work on /home/ubuntu/.local/lib/python3.10/site-packages/airflow/example_dags/example_params_ui_tutorial.py
[2024-02-08T01:42:28.313+0100] {processor.py:830} INFO - Processing file /home/ubuntu/.local/lib/python3.10/site-packages/airflow/example_dags/example_params_ui_tutorial.py for tasks to queue
[2024-02-08T01:42:28.314+0100] {logging_mixin.py:188} INFO - [2024-02-08T01:42:28.314+0100] {dagbag.py:538} INFO - Filling up the DagBag from /home/ubuntu/.local/lib/python3.10/site-packages/airflow/example_dags/example_params_ui_tutorial.py
[2024-02-08T01:42:28.387+0100] {processor.py:840} INFO - DAG(s) 'example_params_ui_tutorial' retrieved from /home/ubuntu/.local/lib/python3.10/site-packages/airflow/example_dags/example_params_ui_tutorial.py
[2024-02-08T01:42:28.547+0100] {logging_mixin.py:188} INFO - [2024-02-08T01:42:28.547+0100] {dag.py:3033} INFO - Sync 1 DAGs
[2024-02-08T01:42:28.576+0100] {logging_mixin.py:188} INFO - [2024-02-08T01:42:28.576+0100] {dag.py:3820} INFO - Setting next_dagrun for example_params_ui_tutorial to None, run_after=None
[2024-02-08T01:42:28.756+0100] {processor.py:183} INFO - Processing /home/ubuntu/.local/lib/python3.10/site-packages/airflow/example_dags/example_params_ui_tutorial.py took 0.515 seconds
[2024-02-08T01:43:54.993+0100] {processor.py:161} INFO - Started process (PID=57107) to work on /home/ubuntu/.local/lib/python3.10/site-packages/airflow/example_dags/example_params_ui_tutorial.py
[2024-02-08T01:43:54.995+0100] {processor.py:830} INFO - Processing file /home/ubuntu/.local/lib/python3.10/site-packages/airflow/example_dags/example_params_ui_tutorial.py for tasks to queue
[2024-02-08T01:43:54.997+0100] {logging_mixin.py:188} INFO - [2024-02-08T01:43:54.996+0100] {dagbag.py:538} INFO - Filling up the DagBag from /home/ubuntu/.local/lib/python3.10/site-packages/airflow/example_dags/example_params_ui_tutorial.py
[2024-02-08T01:43:55.016+0100] {processor.py:840} INFO - DAG(s) 'example_params_ui_tutorial' retrieved from /home/ubuntu/.local/lib/python3.10/site-packages/airflow/example_dags/example_params_ui_tutorial.py
[2024-02-08T01:43:55.089+0100] {logging_mixin.py:188} INFO - [2024-02-08T01:43:55.089+0100] {dag.py:3033} INFO - Sync 1 DAGs
[2024-02-08T01:43:55.106+0100] {logging_mixin.py:188} INFO - [2024-02-08T01:43:55.106+0100] {dag.py:3820} INFO - Setting next_dagrun for example_params_ui_tutorial to None, run_after=None
[2024-02-08T01:43:55.143+0100] {processor.py:183} INFO - Processing /home/ubuntu/.local/lib/python3.10/site-packages/airflow/example_dags/example_params_ui_tutorial.py took 0.155 seconds
[2024-02-08T01:44:58.639+0100] {processor.py:161} INFO - Started process (PID=57233) to work on /home/ubuntu/.local/lib/python3.10/site-packages/airflow/example_dags/example_params_ui_tutorial.py
[2024-02-08T01:44:58.648+0100] {processor.py:830} INFO - Processing file /home/ubuntu/.local/lib/python3.10/site-packages/airflow/example_dags/example_params_ui_tutorial.py for tasks to queue
[2024-02-08T01:44:58.651+0100] {logging_mixin.py:188} INFO - [2024-02-08T01:44:58.650+0100] {dagbag.py:538} INFO - Filling up the DagBag from /home/ubuntu/.local/lib/python3.10/site-packages/airflow/example_dags/example_params_ui_tutorial.py
[2024-02-08T01:44:58.674+0100] {processor.py:840} INFO - DAG(s) 'example_params_ui_tutorial' retrieved from /home/ubuntu/.local/lib/python3.10/site-packages/airflow/example_dags/example_params_ui_tutorial.py
[2024-02-08T01:44:58.746+0100] {logging_mixin.py:188} INFO - [2024-02-08T01:44:58.746+0100] {dag.py:3033} INFO - Sync 1 DAGs
[2024-02-08T01:44:58.764+0100] {logging_mixin.py:188} INFO - [2024-02-08T01:44:58.764+0100] {dag.py:3820} INFO - Setting next_dagrun for example_params_ui_tutorial to None, run_after=None
[2024-02-08T01:44:58.803+0100] {processor.py:183} INFO - Processing /home/ubuntu/.local/lib/python3.10/site-packages/airflow/example_dags/example_params_ui_tutorial.py took 0.170 seconds
[2024-02-08T01:46:01.962+0100] {processor.py:161} INFO - Started process (PID=57359) to work on /home/ubuntu/.local/lib/python3.10/site-packages/airflow/example_dags/example_params_ui_tutorial.py
[2024-02-08T01:46:01.965+0100] {processor.py:830} INFO - Processing file /home/ubuntu/.local/lib/python3.10/site-packages/airflow/example_dags/example_params_ui_tutorial.py for tasks to queue
[2024-02-08T01:46:01.966+0100] {logging_mixin.py:188} INFO - [2024-02-08T01:46:01.965+0100] {dagbag.py:538} INFO - Filling up the DagBag from /home/ubuntu/.local/lib/python3.10/site-packages/airflow/example_dags/example_params_ui_tutorial.py
[2024-02-08T01:46:01.986+0100] {processor.py:840} INFO - DAG(s) 'example_params_ui_tutorial' retrieved from /home/ubuntu/.local/lib/python3.10/site-packages/airflow/example_dags/example_params_ui_tutorial.py
[2024-02-08T01:46:02.060+0100] {logging_mixin.py:188} INFO - [2024-02-08T01:46:02.060+0100] {dag.py:3033} INFO - Sync 1 DAGs
[2024-02-08T01:46:02.072+0100] {logging_mixin.py:188} INFO - [2024-02-08T01:46:02.072+0100] {dag.py:3820} INFO - Setting next_dagrun for example_params_ui_tutorial to None, run_after=None
[2024-02-08T01:46:02.105+0100] {processor.py:183} INFO - Processing /home/ubuntu/.local/lib/python3.10/site-packages/airflow/example_dags/example_params_ui_tutorial.py took 0.151 seconds
[2024-02-08T01:47:05.051+0100] {processor.py:161} INFO - Started process (PID=57482) to work on /home/ubuntu/.local/lib/python3.10/site-packages/airflow/example_dags/example_params_ui_tutorial.py
[2024-02-08T01:47:05.053+0100] {processor.py:830} INFO - Processing file /home/ubuntu/.local/lib/python3.10/site-packages/airflow/example_dags/example_params_ui_tutorial.py for tasks to queue
[2024-02-08T01:47:05.054+0100] {logging_mixin.py:188} INFO - [2024-02-08T01:47:05.054+0100] {dagbag.py:538} INFO - Filling up the DagBag from /home/ubuntu/.local/lib/python3.10/site-packages/airflow/example_dags/example_params_ui_tutorial.py
[2024-02-08T01:47:05.072+0100] {processor.py:840} INFO - DAG(s) 'example_params_ui_tutorial' retrieved from /home/ubuntu/.local/lib/python3.10/site-packages/airflow/example_dags/example_params_ui_tutorial.py
[2024-02-08T01:47:05.216+0100] {logging_mixin.py:188} INFO - [2024-02-08T01:47:05.216+0100] {dag.py:3033} INFO - Sync 1 DAGs
[2024-02-08T01:47:05.244+0100] {logging_mixin.py:188} INFO - [2024-02-08T01:47:05.243+0100] {dag.py:3820} INFO - Setting next_dagrun for example_params_ui_tutorial to None, run_after=None
[2024-02-08T01:47:05.486+0100] {processor.py:183} INFO - Processing /home/ubuntu/.local/lib/python3.10/site-packages/airflow/example_dags/example_params_ui_tutorial.py took 0.439 seconds
[2024-02-08T01:48:44.979+0100] {processor.py:161} INFO - Started process (PID=57700) to work on /home/ubuntu/.local/lib/python3.10/site-packages/airflow/example_dags/example_params_ui_tutorial.py
[2024-02-08T01:48:44.982+0100] {processor.py:830} INFO - Processing file /home/ubuntu/.local/lib/python3.10/site-packages/airflow/example_dags/example_params_ui_tutorial.py for tasks to queue
[2024-02-08T01:48:44.984+0100] {logging_mixin.py:188} INFO - [2024-02-08T01:48:44.983+0100] {dagbag.py:538} INFO - Filling up the DagBag from /home/ubuntu/.local/lib/python3.10/site-packages/airflow/example_dags/example_params_ui_tutorial.py
[2024-02-08T01:48:45.012+0100] {processor.py:840} INFO - DAG(s) 'example_params_ui_tutorial' retrieved from /home/ubuntu/.local/lib/python3.10/site-packages/airflow/example_dags/example_params_ui_tutorial.py
[2024-02-08T01:48:45.187+0100] {logging_mixin.py:188} INFO - [2024-02-08T01:48:45.187+0100] {dag.py:3033} INFO - Sync 1 DAGs
[2024-02-08T01:48:45.234+0100] {logging_mixin.py:188} INFO - [2024-02-08T01:48:45.233+0100] {dag.py:3820} INFO - Setting next_dagrun for example_params_ui_tutorial to None, run_after=None
[2024-02-08T01:48:45.425+0100] {processor.py:183} INFO - Processing /home/ubuntu/.local/lib/python3.10/site-packages/airflow/example_dags/example_params_ui_tutorial.py took 0.451 seconds
[2024-02-08T01:50:46.841+0100] {processor.py:161} INFO - Started process (PID=57944) to work on /home/ubuntu/.local/lib/python3.10/site-packages/airflow/example_dags/example_params_ui_tutorial.py
[2024-02-08T01:50:46.844+0100] {processor.py:830} INFO - Processing file /home/ubuntu/.local/lib/python3.10/site-packages/airflow/example_dags/example_params_ui_tutorial.py for tasks to queue
[2024-02-08T01:50:46.845+0100] {logging_mixin.py:188} INFO - [2024-02-08T01:50:46.844+0100] {dagbag.py:538} INFO - Filling up the DagBag from /home/ubuntu/.local/lib/python3.10/site-packages/airflow/example_dags/example_params_ui_tutorial.py
[2024-02-08T01:50:46.866+0100] {processor.py:840} INFO - DAG(s) 'example_params_ui_tutorial' retrieved from /home/ubuntu/.local/lib/python3.10/site-packages/airflow/example_dags/example_params_ui_tutorial.py
[2024-02-08T01:50:46.999+0100] {logging_mixin.py:188} INFO - [2024-02-08T01:50:46.998+0100] {dag.py:3033} INFO - Sync 1 DAGs
[2024-02-08T01:50:47.022+0100] {logging_mixin.py:188} INFO - [2024-02-08T01:50:47.022+0100] {dag.py:3820} INFO - Setting next_dagrun for example_params_ui_tutorial to None, run_after=None
[2024-02-08T01:50:47.069+0100] {processor.py:183} INFO - Processing /home/ubuntu/.local/lib/python3.10/site-packages/airflow/example_dags/example_params_ui_tutorial.py took 0.234 seconds
[2024-02-08T01:52:07.695+0100] {processor.py:161} INFO - Started process (PID=58094) to work on /home/ubuntu/.local/lib/python3.10/site-packages/airflow/example_dags/example_params_ui_tutorial.py
[2024-02-08T01:52:07.697+0100] {processor.py:830} INFO - Processing file /home/ubuntu/.local/lib/python3.10/site-packages/airflow/example_dags/example_params_ui_tutorial.py for tasks to queue
[2024-02-08T01:52:07.698+0100] {logging_mixin.py:188} INFO - [2024-02-08T01:52:07.698+0100] {dagbag.py:538} INFO - Filling up the DagBag from /home/ubuntu/.local/lib/python3.10/site-packages/airflow/example_dags/example_params_ui_tutorial.py
[2024-02-08T01:52:07.720+0100] {processor.py:840} INFO - DAG(s) 'example_params_ui_tutorial' retrieved from /home/ubuntu/.local/lib/python3.10/site-packages/airflow/example_dags/example_params_ui_tutorial.py
[2024-02-08T01:52:07.782+0100] {logging_mixin.py:188} INFO - [2024-02-08T01:52:07.782+0100] {dag.py:3033} INFO - Sync 1 DAGs
[2024-02-08T01:52:07.796+0100] {logging_mixin.py:188} INFO - [2024-02-08T01:52:07.795+0100] {dag.py:3820} INFO - Setting next_dagrun for example_params_ui_tutorial to None, run_after=None
[2024-02-08T01:52:07.846+0100] {processor.py:183} INFO - Processing /home/ubuntu/.local/lib/python3.10/site-packages/airflow/example_dags/example_params_ui_tutorial.py took 0.154 seconds
[2024-02-08T01:53:33.741+0100] {processor.py:161} INFO - Started process (PID=58243) to work on /home/ubuntu/.local/lib/python3.10/site-packages/airflow/example_dags/example_params_ui_tutorial.py
[2024-02-08T01:53:33.746+0100] {processor.py:830} INFO - Processing file /home/ubuntu/.local/lib/python3.10/site-packages/airflow/example_dags/example_params_ui_tutorial.py for tasks to queue
[2024-02-08T01:53:33.752+0100] {logging_mixin.py:188} INFO - [2024-02-08T01:53:33.751+0100] {dagbag.py:538} INFO - Filling up the DagBag from /home/ubuntu/.local/lib/python3.10/site-packages/airflow/example_dags/example_params_ui_tutorial.py
[2024-02-08T01:53:33.774+0100] {processor.py:840} INFO - DAG(s) 'example_params_ui_tutorial' retrieved from /home/ubuntu/.local/lib/python3.10/site-packages/airflow/example_dags/example_params_ui_tutorial.py
[2024-02-08T01:53:33.828+0100] {logging_mixin.py:188} INFO - [2024-02-08T01:53:33.828+0100] {dag.py:3033} INFO - Sync 1 DAGs
[2024-02-08T01:53:33.843+0100] {logging_mixin.py:188} INFO - [2024-02-08T01:53:33.842+0100] {dag.py:3820} INFO - Setting next_dagrun for example_params_ui_tutorial to None, run_after=None
[2024-02-08T01:53:33.873+0100] {processor.py:183} INFO - Processing /home/ubuntu/.local/lib/python3.10/site-packages/airflow/example_dags/example_params_ui_tutorial.py took 0.175 seconds
[2024-02-08T01:55:29.487+0100] {processor.py:161} INFO - Started process (PID=58464) to work on /home/ubuntu/.local/lib/python3.10/site-packages/airflow/example_dags/example_params_ui_tutorial.py
[2024-02-08T01:55:29.489+0100] {processor.py:830} INFO - Processing file /home/ubuntu/.local/lib/python3.10/site-packages/airflow/example_dags/example_params_ui_tutorial.py for tasks to queue
[2024-02-08T01:55:29.490+0100] {logging_mixin.py:188} INFO - [2024-02-08T01:55:29.490+0100] {dagbag.py:538} INFO - Filling up the DagBag from /home/ubuntu/.local/lib/python3.10/site-packages/airflow/example_dags/example_params_ui_tutorial.py
[2024-02-08T01:55:29.509+0100] {processor.py:840} INFO - DAG(s) 'example_params_ui_tutorial' retrieved from /home/ubuntu/.local/lib/python3.10/site-packages/airflow/example_dags/example_params_ui_tutorial.py
[2024-02-08T01:55:29.561+0100] {logging_mixin.py:188} INFO - [2024-02-08T01:55:29.561+0100] {dag.py:3033} INFO - Sync 1 DAGs
[2024-02-08T01:55:29.580+0100] {logging_mixin.py:188} INFO - [2024-02-08T01:55:29.580+0100] {dag.py:3820} INFO - Setting next_dagrun for example_params_ui_tutorial to None, run_after=None
[2024-02-08T01:55:29.615+0100] {processor.py:183} INFO - Processing /home/ubuntu/.local/lib/python3.10/site-packages/airflow/example_dags/example_params_ui_tutorial.py took 0.134 seconds
[2024-02-08T01:57:04.884+0100] {processor.py:161} INFO - Started process (PID=58621) to work on /home/ubuntu/.local/lib/python3.10/site-packages/airflow/example_dags/example_params_ui_tutorial.py
[2024-02-08T01:57:04.924+0100] {processor.py:830} INFO - Processing file /home/ubuntu/.local/lib/python3.10/site-packages/airflow/example_dags/example_params_ui_tutorial.py for tasks to queue
[2024-02-08T01:57:04.934+0100] {logging_mixin.py:188} INFO - [2024-02-08T01:57:04.933+0100] {dagbag.py:538} INFO - Filling up the DagBag from /home/ubuntu/.local/lib/python3.10/site-packages/airflow/example_dags/example_params_ui_tutorial.py
[2024-02-08T01:57:05.151+0100] {processor.py:840} INFO - DAG(s) 'example_params_ui_tutorial' retrieved from /home/ubuntu/.local/lib/python3.10/site-packages/airflow/example_dags/example_params_ui_tutorial.py
[2024-02-08T01:57:05.415+0100] {logging_mixin.py:188} INFO - [2024-02-08T01:57:05.409+0100] {dag.py:3033} INFO - Sync 1 DAGs
[2024-02-08T01:57:05.484+0100] {logging_mixin.py:188} INFO - [2024-02-08T01:57:05.481+0100] {dag.py:3820} INFO - Setting next_dagrun for example_params_ui_tutorial to None, run_after=None
[2024-02-08T01:57:05.583+0100] {processor.py:183} INFO - Processing /home/ubuntu/.local/lib/python3.10/site-packages/airflow/example_dags/example_params_ui_tutorial.py took 0.732 seconds
[2024-02-08T01:59:21.602+0100] {processor.py:161} INFO - Started process (PID=58860) to work on /home/ubuntu/.local/lib/python3.10/site-packages/airflow/example_dags/example_params_ui_tutorial.py
[2024-02-08T01:59:21.609+0100] {processor.py:830} INFO - Processing file /home/ubuntu/.local/lib/python3.10/site-packages/airflow/example_dags/example_params_ui_tutorial.py for tasks to queue
[2024-02-08T01:59:21.612+0100] {logging_mixin.py:188} INFO - [2024-02-08T01:59:21.610+0100] {dagbag.py:538} INFO - Filling up the DagBag from /home/ubuntu/.local/lib/python3.10/site-packages/airflow/example_dags/example_params_ui_tutorial.py
[2024-02-08T01:59:21.642+0100] {processor.py:840} INFO - DAG(s) 'example_params_ui_tutorial' retrieved from /home/ubuntu/.local/lib/python3.10/site-packages/airflow/example_dags/example_params_ui_tutorial.py
[2024-02-08T01:59:21.701+0100] {logging_mixin.py:188} INFO - [2024-02-08T01:59:21.701+0100] {dag.py:3033} INFO - Sync 1 DAGs
[2024-02-08T01:59:21.712+0100] {logging_mixin.py:188} INFO - [2024-02-08T01:59:21.712+0100] {dag.py:3820} INFO - Setting next_dagrun for example_params_ui_tutorial to None, run_after=None
[2024-02-08T01:59:21.948+0100] {processor.py:183} INFO - Processing /home/ubuntu/.local/lib/python3.10/site-packages/airflow/example_dags/example_params_ui_tutorial.py took 0.355 seconds
[2024-02-08T02:01:03.087+0100] {processor.py:161} INFO - Started process (PID=59041) to work on /home/ubuntu/.local/lib/python3.10/site-packages/airflow/example_dags/example_params_ui_tutorial.py
[2024-02-08T02:01:03.091+0100] {processor.py:830} INFO - Processing file /home/ubuntu/.local/lib/python3.10/site-packages/airflow/example_dags/example_params_ui_tutorial.py for tasks to queue
[2024-02-08T02:01:03.105+0100] {logging_mixin.py:188} INFO - [2024-02-08T02:01:03.100+0100] {dagbag.py:538} INFO - Filling up the DagBag from /home/ubuntu/.local/lib/python3.10/site-packages/airflow/example_dags/example_params_ui_tutorial.py
[2024-02-08T02:01:03.184+0100] {processor.py:840} INFO - DAG(s) 'example_params_ui_tutorial' retrieved from /home/ubuntu/.local/lib/python3.10/site-packages/airflow/example_dags/example_params_ui_tutorial.py
[2024-02-08T02:01:03.388+0100] {logging_mixin.py:188} INFO - [2024-02-08T02:01:03.388+0100] {dag.py:3033} INFO - Sync 1 DAGs
[2024-02-08T02:01:03.440+0100] {logging_mixin.py:188} INFO - [2024-02-08T02:01:03.440+0100] {dag.py:3820} INFO - Setting next_dagrun for example_params_ui_tutorial to None, run_after=None
[2024-02-08T02:01:03.599+0100] {processor.py:183} INFO - Processing /home/ubuntu/.local/lib/python3.10/site-packages/airflow/example_dags/example_params_ui_tutorial.py took 0.524 seconds
[2024-02-08T02:03:17.792+0100] {processor.py:161} INFO - Started process (PID=59258) to work on /home/ubuntu/.local/lib/python3.10/site-packages/airflow/example_dags/example_params_ui_tutorial.py
[2024-02-08T02:03:17.795+0100] {processor.py:830} INFO - Processing file /home/ubuntu/.local/lib/python3.10/site-packages/airflow/example_dags/example_params_ui_tutorial.py for tasks to queue
[2024-02-08T02:03:17.797+0100] {logging_mixin.py:188} INFO - [2024-02-08T02:03:17.796+0100] {dagbag.py:538} INFO - Filling up the DagBag from /home/ubuntu/.local/lib/python3.10/site-packages/airflow/example_dags/example_params_ui_tutorial.py
[2024-02-08T02:03:17.866+0100] {processor.py:840} INFO - DAG(s) 'example_params_ui_tutorial' retrieved from /home/ubuntu/.local/lib/python3.10/site-packages/airflow/example_dags/example_params_ui_tutorial.py
[2024-02-08T02:03:18.139+0100] {logging_mixin.py:188} INFO - [2024-02-08T02:03:18.138+0100] {dag.py:3033} INFO - Sync 1 DAGs
[2024-02-08T02:03:18.185+0100] {logging_mixin.py:188} INFO - [2024-02-08T02:03:18.184+0100] {dag.py:3820} INFO - Setting next_dagrun for example_params_ui_tutorial to None, run_after=None
[2024-02-08T02:03:18.296+0100] {processor.py:183} INFO - Processing /home/ubuntu/.local/lib/python3.10/site-packages/airflow/example_dags/example_params_ui_tutorial.py took 0.527 seconds
[2024-02-08T02:05:21.691+0100] {processor.py:161} INFO - Started process (PID=59458) to work on /home/ubuntu/.local/lib/python3.10/site-packages/airflow/example_dags/example_params_ui_tutorial.py
[2024-02-08T02:05:21.717+0100] {processor.py:830} INFO - Processing file /home/ubuntu/.local/lib/python3.10/site-packages/airflow/example_dags/example_params_ui_tutorial.py for tasks to queue
[2024-02-08T02:05:21.718+0100] {logging_mixin.py:188} INFO - [2024-02-08T02:05:21.718+0100] {dagbag.py:538} INFO - Filling up the DagBag from /home/ubuntu/.local/lib/python3.10/site-packages/airflow/example_dags/example_params_ui_tutorial.py
[2024-02-08T02:05:21.768+0100] {processor.py:840} INFO - DAG(s) 'example_params_ui_tutorial' retrieved from /home/ubuntu/.local/lib/python3.10/site-packages/airflow/example_dags/example_params_ui_tutorial.py
[2024-02-08T02:05:22.066+0100] {logging_mixin.py:188} INFO - [2024-02-08T02:05:22.066+0100] {dag.py:3033} INFO - Sync 1 DAGs
[2024-02-08T02:05:22.101+0100] {logging_mixin.py:188} INFO - [2024-02-08T02:05:22.101+0100] {dag.py:3820} INFO - Setting next_dagrun for example_params_ui_tutorial to None, run_after=None
[2024-02-08T02:05:22.270+0100] {processor.py:183} INFO - Processing /home/ubuntu/.local/lib/python3.10/site-packages/airflow/example_dags/example_params_ui_tutorial.py took 0.594 seconds
[2024-02-08T02:08:47.262+0100] {processor.py:161} INFO - Started process (PID=60383) to work on /home/ubuntu/.local/lib/python3.10/site-packages/airflow/example_dags/example_params_ui_tutorial.py
[2024-02-08T02:08:47.278+0100] {processor.py:830} INFO - Processing file /home/ubuntu/.local/lib/python3.10/site-packages/airflow/example_dags/example_params_ui_tutorial.py for tasks to queue
[2024-02-08T02:08:47.280+0100] {logging_mixin.py:188} INFO - [2024-02-08T02:08:47.279+0100] {dagbag.py:538} INFO - Filling up the DagBag from /home/ubuntu/.local/lib/python3.10/site-packages/airflow/example_dags/example_params_ui_tutorial.py
[2024-02-08T02:08:47.360+0100] {processor.py:840} INFO - DAG(s) 'example_params_ui_tutorial' retrieved from /home/ubuntu/.local/lib/python3.10/site-packages/airflow/example_dags/example_params_ui_tutorial.py
[2024-02-08T02:08:47.635+0100] {logging_mixin.py:188} INFO - [2024-02-08T02:08:47.635+0100] {dag.py:3033} INFO - Sync 1 DAGs
[2024-02-08T02:08:47.752+0100] {logging_mixin.py:188} INFO - [2024-02-08T02:08:47.747+0100] {dag.py:3820} INFO - Setting next_dagrun for example_params_ui_tutorial to None, run_after=None
[2024-02-08T02:08:48.556+0100] {processor.py:183} INFO - Processing /home/ubuntu/.local/lib/python3.10/site-packages/airflow/example_dags/example_params_ui_tutorial.py took 1.304 seconds
[2024-02-08T02:10:23.169+0100] {processor.py:161} INFO - Started process (PID=60535) to work on /home/ubuntu/.local/lib/python3.10/site-packages/airflow/example_dags/example_params_ui_tutorial.py
[2024-02-08T02:10:23.171+0100] {processor.py:830} INFO - Processing file /home/ubuntu/.local/lib/python3.10/site-packages/airflow/example_dags/example_params_ui_tutorial.py for tasks to queue
[2024-02-08T02:10:23.172+0100] {logging_mixin.py:188} INFO - [2024-02-08T02:10:23.172+0100] {dagbag.py:538} INFO - Filling up the DagBag from /home/ubuntu/.local/lib/python3.10/site-packages/airflow/example_dags/example_params_ui_tutorial.py
[2024-02-08T02:10:23.186+0100] {processor.py:840} INFO - DAG(s) 'example_params_ui_tutorial' retrieved from /home/ubuntu/.local/lib/python3.10/site-packages/airflow/example_dags/example_params_ui_tutorial.py
[2024-02-08T02:10:23.249+0100] {logging_mixin.py:188} INFO - [2024-02-08T02:10:23.246+0100] {dag.py:3033} INFO - Sync 1 DAGs
[2024-02-08T02:10:23.295+0100] {logging_mixin.py:188} INFO - [2024-02-08T02:10:23.295+0100] {dag.py:3820} INFO - Setting next_dagrun for example_params_ui_tutorial to None, run_after=None
[2024-02-08T02:10:23.365+0100] {processor.py:183} INFO - Processing /home/ubuntu/.local/lib/python3.10/site-packages/airflow/example_dags/example_params_ui_tutorial.py took 0.200 seconds
[2024-02-08T02:11:46.970+0100] {processor.py:161} INFO - Started process (PID=60626) to work on /home/ubuntu/.local/lib/python3.10/site-packages/airflow/example_dags/example_params_ui_tutorial.py
[2024-02-08T02:11:46.978+0100] {processor.py:830} INFO - Processing file /home/ubuntu/.local/lib/python3.10/site-packages/airflow/example_dags/example_params_ui_tutorial.py for tasks to queue
[2024-02-08T02:11:46.981+0100] {logging_mixin.py:188} INFO - [2024-02-08T02:11:46.979+0100] {dagbag.py:538} INFO - Filling up the DagBag from /home/ubuntu/.local/lib/python3.10/site-packages/airflow/example_dags/example_params_ui_tutorial.py
[2024-02-08T02:11:47.122+0100] {processor.py:840} INFO - DAG(s) 'example_params_ui_tutorial' retrieved from /home/ubuntu/.local/lib/python3.10/site-packages/airflow/example_dags/example_params_ui_tutorial.py
[2024-02-08T02:11:47.323+0100] {logging_mixin.py:188} INFO - [2024-02-08T02:11:47.323+0100] {dag.py:3033} INFO - Sync 1 DAGs
[2024-02-08T02:11:47.348+0100] {logging_mixin.py:188} INFO - [2024-02-08T02:11:47.348+0100] {dag.py:3820} INFO - Setting next_dagrun for example_params_ui_tutorial to None, run_after=None
[2024-02-08T02:11:47.448+0100] {processor.py:183} INFO - Processing /home/ubuntu/.local/lib/python3.10/site-packages/airflow/example_dags/example_params_ui_tutorial.py took 0.503 seconds
[2024-02-08T02:13:14.201+0100] {processor.py:161} INFO - Started process (PID=60989) to work on /home/ubuntu/.local/lib/python3.10/site-packages/airflow/example_dags/example_params_ui_tutorial.py
[2024-02-08T02:13:14.203+0100] {processor.py:830} INFO - Processing file /home/ubuntu/.local/lib/python3.10/site-packages/airflow/example_dags/example_params_ui_tutorial.py for tasks to queue
[2024-02-08T02:13:14.204+0100] {logging_mixin.py:188} INFO - [2024-02-08T02:13:14.204+0100] {dagbag.py:538} INFO - Filling up the DagBag from /home/ubuntu/.local/lib/python3.10/site-packages/airflow/example_dags/example_params_ui_tutorial.py
[2024-02-08T02:13:14.219+0100] {processor.py:840} INFO - DAG(s) 'example_params_ui_tutorial' retrieved from /home/ubuntu/.local/lib/python3.10/site-packages/airflow/example_dags/example_params_ui_tutorial.py
[2024-02-08T02:13:14.290+0100] {logging_mixin.py:188} INFO - [2024-02-08T02:13:14.290+0100] {dag.py:3033} INFO - Sync 1 DAGs
[2024-02-08T02:13:14.306+0100] {logging_mixin.py:188} INFO - [2024-02-08T02:13:14.306+0100] {dag.py:3820} INFO - Setting next_dagrun for example_params_ui_tutorial to None, run_after=None
[2024-02-08T02:13:14.340+0100] {processor.py:183} INFO - Processing /home/ubuntu/.local/lib/python3.10/site-packages/airflow/example_dags/example_params_ui_tutorial.py took 0.144 seconds
[2024-02-08T02:14:10.563+0100] {processor.py:161} INFO - Started process (PID=61088) to work on /home/ubuntu/.local/lib/python3.10/site-packages/airflow/example_dags/example_params_ui_tutorial.py
[2024-02-08T02:14:10.579+0100] {processor.py:830} INFO - Processing file /home/ubuntu/.local/lib/python3.10/site-packages/airflow/example_dags/example_params_ui_tutorial.py for tasks to queue
[2024-02-08T02:14:10.580+0100] {logging_mixin.py:188} INFO - [2024-02-08T02:14:10.580+0100] {dagbag.py:538} INFO - Filling up the DagBag from /home/ubuntu/.local/lib/python3.10/site-packages/airflow/example_dags/example_params_ui_tutorial.py
[2024-02-08T02:14:10.623+0100] {processor.py:840} INFO - DAG(s) 'example_params_ui_tutorial' retrieved from /home/ubuntu/.local/lib/python3.10/site-packages/airflow/example_dags/example_params_ui_tutorial.py
[2024-02-08T02:14:10.740+0100] {logging_mixin.py:188} INFO - [2024-02-08T02:14:10.740+0100] {dag.py:3033} INFO - Sync 1 DAGs
[2024-02-08T02:14:10.781+0100] {logging_mixin.py:188} INFO - [2024-02-08T02:14:10.781+0100] {dag.py:3820} INFO - Setting next_dagrun for example_params_ui_tutorial to None, run_after=None
[2024-02-08T02:14:10.966+0100] {processor.py:183} INFO - Processing /home/ubuntu/.local/lib/python3.10/site-packages/airflow/example_dags/example_params_ui_tutorial.py took 0.413 seconds
[2024-02-08T02:15:05.777+0100] {processor.py:161} INFO - Started process (PID=61173) to work on /home/ubuntu/.local/lib/python3.10/site-packages/airflow/example_dags/example_params_ui_tutorial.py
[2024-02-08T02:15:05.779+0100] {processor.py:830} INFO - Processing file /home/ubuntu/.local/lib/python3.10/site-packages/airflow/example_dags/example_params_ui_tutorial.py for tasks to queue
[2024-02-08T02:15:05.780+0100] {logging_mixin.py:188} INFO - [2024-02-08T02:15:05.780+0100] {dagbag.py:538} INFO - Filling up the DagBag from /home/ubuntu/.local/lib/python3.10/site-packages/airflow/example_dags/example_params_ui_tutorial.py
[2024-02-08T02:15:05.795+0100] {processor.py:840} INFO - DAG(s) 'example_params_ui_tutorial' retrieved from /home/ubuntu/.local/lib/python3.10/site-packages/airflow/example_dags/example_params_ui_tutorial.py
[2024-02-08T02:15:05.847+0100] {logging_mixin.py:188} INFO - [2024-02-08T02:15:05.847+0100] {dag.py:3033} INFO - Sync 1 DAGs
[2024-02-08T02:15:05.861+0100] {logging_mixin.py:188} INFO - [2024-02-08T02:15:05.860+0100] {dag.py:3820} INFO - Setting next_dagrun for example_params_ui_tutorial to None, run_after=None
[2024-02-08T02:15:05.891+0100] {processor.py:183} INFO - Processing /home/ubuntu/.local/lib/python3.10/site-packages/airflow/example_dags/example_params_ui_tutorial.py took 0.118 seconds
[2024-02-08T02:16:01.045+0100] {processor.py:161} INFO - Started process (PID=61265) to work on /home/ubuntu/.local/lib/python3.10/site-packages/airflow/example_dags/example_params_ui_tutorial.py
[2024-02-08T02:16:01.047+0100] {processor.py:830} INFO - Processing file /home/ubuntu/.local/lib/python3.10/site-packages/airflow/example_dags/example_params_ui_tutorial.py for tasks to queue
[2024-02-08T02:16:01.048+0100] {logging_mixin.py:188} INFO - [2024-02-08T02:16:01.048+0100] {dagbag.py:538} INFO - Filling up the DagBag from /home/ubuntu/.local/lib/python3.10/site-packages/airflow/example_dags/example_params_ui_tutorial.py
[2024-02-08T02:16:01.063+0100] {processor.py:840} INFO - DAG(s) 'example_params_ui_tutorial' retrieved from /home/ubuntu/.local/lib/python3.10/site-packages/airflow/example_dags/example_params_ui_tutorial.py
[2024-02-08T02:16:01.119+0100] {logging_mixin.py:188} INFO - [2024-02-08T02:16:01.118+0100] {dag.py:3033} INFO - Sync 1 DAGs
[2024-02-08T02:16:01.135+0100] {logging_mixin.py:188} INFO - [2024-02-08T02:16:01.135+0100] {dag.py:3820} INFO - Setting next_dagrun for example_params_ui_tutorial to None, run_after=None
[2024-02-08T02:16:01.169+0100] {processor.py:183} INFO - Processing /home/ubuntu/.local/lib/python3.10/site-packages/airflow/example_dags/example_params_ui_tutorial.py took 0.128 seconds
