[2024-02-08T01:02:06.377+0100] {processor.py:161} INFO - Started process (PID=50590) to work on /home/ubuntu/.local/lib/python3.10/site-packages/airflow/example_dags/example_short_circuit_operator.py
[2024-02-08T01:02:06.378+0100] {processor.py:830} INFO - Processing file /home/ubuntu/.local/lib/python3.10/site-packages/airflow/example_dags/example_short_circuit_operator.py for tasks to queue
[2024-02-08T01:02:06.379+0100] {logging_mixin.py:188} INFO - [2024-02-08T01:02:06.379+0100] {dagbag.py:538} INFO - Filling up the DagBag from /home/ubuntu/.local/lib/python3.10/site-packages/airflow/example_dags/example_short_circuit_operator.py
[2024-02-08T01:02:06.406+0100] {processor.py:840} INFO - DAG(s) 'example_short_circuit_operator' retrieved from /home/ubuntu/.local/lib/python3.10/site-packages/airflow/example_dags/example_short_circuit_operator.py
[2024-02-08T01:02:06.785+0100] {logging_mixin.py:188} INFO - [2024-02-08T01:02:06.784+0100] {dag.py:3033} INFO - Sync 1 DAGs
[2024-02-08T01:02:06.838+0100] {logging_mixin.py:188} INFO - [2024-02-08T01:02:06.838+0100] {dag.py:3820} INFO - Setting next_dagrun for example_short_circuit_operator to 2024-02-07T00:00:00+00:00, run_after=2024-02-08T00:00:00+00:00
[2024-02-08T01:02:06.961+0100] {processor.py:183} INFO - Processing /home/ubuntu/.local/lib/python3.10/site-packages/airflow/example_dags/example_short_circuit_operator.py took 0.595 seconds
[2024-02-08T01:03:59.558+0100] {processor.py:161} INFO - Started process (PID=50853) to work on /home/ubuntu/.local/lib/python3.10/site-packages/airflow/example_dags/example_short_circuit_operator.py
[2024-02-08T01:03:59.561+0100] {processor.py:830} INFO - Processing file /home/ubuntu/.local/lib/python3.10/site-packages/airflow/example_dags/example_short_circuit_operator.py for tasks to queue
[2024-02-08T01:03:59.563+0100] {logging_mixin.py:188} INFO - [2024-02-08T01:03:59.562+0100] {dagbag.py:538} INFO - Filling up the DagBag from /home/ubuntu/.local/lib/python3.10/site-packages/airflow/example_dags/example_short_circuit_operator.py
[2024-02-08T01:03:59.625+0100] {processor.py:840} INFO - DAG(s) 'example_short_circuit_operator' retrieved from /home/ubuntu/.local/lib/python3.10/site-packages/airflow/example_dags/example_short_circuit_operator.py
[2024-02-08T01:03:59.726+0100] {logging_mixin.py:188} INFO - [2024-02-08T01:03:59.725+0100] {dag.py:3033} INFO - Sync 1 DAGs
[2024-02-08T01:03:59.793+0100] {logging_mixin.py:188} INFO - [2024-02-08T01:03:59.783+0100] {dag.py:3820} INFO - Setting next_dagrun for example_short_circuit_operator to 2024-02-07T00:00:00+00:00, run_after=2024-02-08T00:00:00+00:00
[2024-02-08T01:03:59.973+0100] {processor.py:183} INFO - Processing /home/ubuntu/.local/lib/python3.10/site-packages/airflow/example_dags/example_short_circuit_operator.py took 0.424 seconds
[2024-02-08T01:05:12.029+0100] {processor.py:161} INFO - Started process (PID=50997) to work on /home/ubuntu/.local/lib/python3.10/site-packages/airflow/example_dags/example_short_circuit_operator.py
[2024-02-08T01:05:12.035+0100] {processor.py:830} INFO - Processing file /home/ubuntu/.local/lib/python3.10/site-packages/airflow/example_dags/example_short_circuit_operator.py for tasks to queue
[2024-02-08T01:05:12.036+0100] {logging_mixin.py:188} INFO - [2024-02-08T01:05:12.036+0100] {dagbag.py:538} INFO - Filling up the DagBag from /home/ubuntu/.local/lib/python3.10/site-packages/airflow/example_dags/example_short_circuit_operator.py
[2024-02-08T01:05:12.060+0100] {processor.py:840} INFO - DAG(s) 'example_short_circuit_operator' retrieved from /home/ubuntu/.local/lib/python3.10/site-packages/airflow/example_dags/example_short_circuit_operator.py
[2024-02-08T01:05:12.329+0100] {logging_mixin.py:188} INFO - [2024-02-08T01:05:12.329+0100] {dag.py:3033} INFO - Sync 1 DAGs
[2024-02-08T01:05:12.388+0100] {logging_mixin.py:188} INFO - [2024-02-08T01:05:12.387+0100] {dag.py:3820} INFO - Setting next_dagrun for example_short_circuit_operator to 2024-02-07T00:00:00+00:00, run_after=2024-02-08T00:00:00+00:00
[2024-02-08T01:05:12.586+0100] {processor.py:183} INFO - Processing /home/ubuntu/.local/lib/python3.10/site-packages/airflow/example_dags/example_short_circuit_operator.py took 0.564 seconds
[2024-02-08T01:06:35.958+0100] {processor.py:161} INFO - Started process (PID=51249) to work on /home/ubuntu/.local/lib/python3.10/site-packages/airflow/example_dags/example_short_circuit_operator.py
[2024-02-08T01:06:35.962+0100] {processor.py:830} INFO - Processing file /home/ubuntu/.local/lib/python3.10/site-packages/airflow/example_dags/example_short_circuit_operator.py for tasks to queue
[2024-02-08T01:06:35.965+0100] {logging_mixin.py:188} INFO - [2024-02-08T01:06:35.964+0100] {dagbag.py:538} INFO - Filling up the DagBag from /home/ubuntu/.local/lib/python3.10/site-packages/airflow/example_dags/example_short_circuit_operator.py
[2024-02-08T01:06:36.001+0100] {processor.py:840} INFO - DAG(s) 'example_short_circuit_operator' retrieved from /home/ubuntu/.local/lib/python3.10/site-packages/airflow/example_dags/example_short_circuit_operator.py
[2024-02-08T01:06:36.051+0100] {logging_mixin.py:188} INFO - [2024-02-08T01:06:36.051+0100] {dag.py:3033} INFO - Sync 1 DAGs
[2024-02-08T01:06:36.088+0100] {logging_mixin.py:188} INFO - [2024-02-08T01:06:36.088+0100] {dag.py:3820} INFO - Setting next_dagrun for example_short_circuit_operator to 2024-02-07T00:00:00+00:00, run_after=2024-02-08T00:00:00+00:00
[2024-02-08T01:06:36.168+0100] {processor.py:183} INFO - Processing /home/ubuntu/.local/lib/python3.10/site-packages/airflow/example_dags/example_short_circuit_operator.py took 0.222 seconds
[2024-02-08T01:07:49.822+0100] {processor.py:161} INFO - Started process (PID=51756) to work on /home/ubuntu/.local/lib/python3.10/site-packages/airflow/example_dags/example_short_circuit_operator.py
[2024-02-08T01:07:49.863+0100] {processor.py:830} INFO - Processing file /home/ubuntu/.local/lib/python3.10/site-packages/airflow/example_dags/example_short_circuit_operator.py for tasks to queue
[2024-02-08T01:07:49.866+0100] {logging_mixin.py:188} INFO - [2024-02-08T01:07:49.866+0100] {dagbag.py:538} INFO - Filling up the DagBag from /home/ubuntu/.local/lib/python3.10/site-packages/airflow/example_dags/example_short_circuit_operator.py
[2024-02-08T01:07:49.890+0100] {processor.py:840} INFO - DAG(s) 'example_short_circuit_operator' retrieved from /home/ubuntu/.local/lib/python3.10/site-packages/airflow/example_dags/example_short_circuit_operator.py
[2024-02-08T01:07:49.944+0100] {logging_mixin.py:188} INFO - [2024-02-08T01:07:49.944+0100] {dag.py:3033} INFO - Sync 1 DAGs
[2024-02-08T01:07:50.009+0100] {logging_mixin.py:188} INFO - [2024-02-08T01:07:50.008+0100] {dag.py:3820} INFO - Setting next_dagrun for example_short_circuit_operator to 2024-02-07T00:00:00+00:00, run_after=2024-02-08T00:00:00+00:00
[2024-02-08T01:07:50.097+0100] {processor.py:183} INFO - Processing /home/ubuntu/.local/lib/python3.10/site-packages/airflow/example_dags/example_short_circuit_operator.py took 0.307 seconds
[2024-02-08T01:09:19.685+0100] {processor.py:161} INFO - Started process (PID=52129) to work on /home/ubuntu/.local/lib/python3.10/site-packages/airflow/example_dags/example_short_circuit_operator.py
[2024-02-08T01:09:19.711+0100] {processor.py:830} INFO - Processing file /home/ubuntu/.local/lib/python3.10/site-packages/airflow/example_dags/example_short_circuit_operator.py for tasks to queue
[2024-02-08T01:09:19.716+0100] {logging_mixin.py:188} INFO - [2024-02-08T01:09:19.712+0100] {dagbag.py:538} INFO - Filling up the DagBag from /home/ubuntu/.local/lib/python3.10/site-packages/airflow/example_dags/example_short_circuit_operator.py
[2024-02-08T01:09:19.744+0100] {processor.py:840} INFO - DAG(s) 'example_short_circuit_operator' retrieved from /home/ubuntu/.local/lib/python3.10/site-packages/airflow/example_dags/example_short_circuit_operator.py
[2024-02-08T01:09:19.829+0100] {logging_mixin.py:188} INFO - [2024-02-08T01:09:19.825+0100] {dag.py:3033} INFO - Sync 1 DAGs
[2024-02-08T01:09:19.940+0100] {logging_mixin.py:188} INFO - [2024-02-08T01:09:19.936+0100] {dag.py:3820} INFO - Setting next_dagrun for example_short_circuit_operator to 2024-02-07T00:00:00+00:00, run_after=2024-02-08T00:00:00+00:00
[2024-02-08T01:09:20.062+0100] {processor.py:183} INFO - Processing /home/ubuntu/.local/lib/python3.10/site-packages/airflow/example_dags/example_short_circuit_operator.py took 0.388 seconds
[2024-02-08T01:10:46.804+0100] {processor.py:161} INFO - Started process (PID=52303) to work on /home/ubuntu/.local/lib/python3.10/site-packages/airflow/example_dags/example_short_circuit_operator.py
[2024-02-08T01:10:46.807+0100] {processor.py:830} INFO - Processing file /home/ubuntu/.local/lib/python3.10/site-packages/airflow/example_dags/example_short_circuit_operator.py for tasks to queue
[2024-02-08T01:10:46.809+0100] {logging_mixin.py:188} INFO - [2024-02-08T01:10:46.808+0100] {dagbag.py:538} INFO - Filling up the DagBag from /home/ubuntu/.local/lib/python3.10/site-packages/airflow/example_dags/example_short_circuit_operator.py
[2024-02-08T01:10:46.823+0100] {processor.py:840} INFO - DAG(s) 'example_short_circuit_operator' retrieved from /home/ubuntu/.local/lib/python3.10/site-packages/airflow/example_dags/example_short_circuit_operator.py
[2024-02-08T01:10:46.851+0100] {logging_mixin.py:188} INFO - [2024-02-08T01:10:46.850+0100] {dag.py:3033} INFO - Sync 1 DAGs
[2024-02-08T01:10:46.888+0100] {logging_mixin.py:188} INFO - [2024-02-08T01:10:46.887+0100] {dag.py:3820} INFO - Setting next_dagrun for example_short_circuit_operator to 2024-02-07T00:00:00+00:00, run_after=2024-02-08T00:00:00+00:00
[2024-02-08T01:10:46.965+0100] {processor.py:183} INFO - Processing /home/ubuntu/.local/lib/python3.10/site-packages/airflow/example_dags/example_short_circuit_operator.py took 0.166 seconds
[2024-02-08T01:12:50.112+0100] {processor.py:161} INFO - Started process (PID=52834) to work on /home/ubuntu/.local/lib/python3.10/site-packages/airflow/example_dags/example_short_circuit_operator.py
[2024-02-08T01:12:50.152+0100] {processor.py:830} INFO - Processing file /home/ubuntu/.local/lib/python3.10/site-packages/airflow/example_dags/example_short_circuit_operator.py for tasks to queue
[2024-02-08T01:12:50.153+0100] {logging_mixin.py:188} INFO - [2024-02-08T01:12:50.153+0100] {dagbag.py:538} INFO - Filling up the DagBag from /home/ubuntu/.local/lib/python3.10/site-packages/airflow/example_dags/example_short_circuit_operator.py
[2024-02-08T01:12:50.194+0100] {processor.py:840} INFO - DAG(s) 'example_short_circuit_operator' retrieved from /home/ubuntu/.local/lib/python3.10/site-packages/airflow/example_dags/example_short_circuit_operator.py
[2024-02-08T01:12:50.334+0100] {logging_mixin.py:188} INFO - [2024-02-08T01:12:50.334+0100] {dag.py:3033} INFO - Sync 1 DAGs
[2024-02-08T01:12:50.494+0100] {logging_mixin.py:188} INFO - [2024-02-08T01:12:50.493+0100] {dag.py:3820} INFO - Setting next_dagrun for example_short_circuit_operator to 2024-02-07T00:00:00+00:00, run_after=2024-02-08T00:00:00+00:00
[2024-02-08T01:12:50.897+0100] {processor.py:183} INFO - Processing /home/ubuntu/.local/lib/python3.10/site-packages/airflow/example_dags/example_short_circuit_operator.py took 0.804 seconds
[2024-02-08T01:14:51.041+0100] {processor.py:161} INFO - Started process (PID=53231) to work on /home/ubuntu/.local/lib/python3.10/site-packages/airflow/example_dags/example_short_circuit_operator.py
[2024-02-08T01:14:51.104+0100] {processor.py:830} INFO - Processing file /home/ubuntu/.local/lib/python3.10/site-packages/airflow/example_dags/example_short_circuit_operator.py for tasks to queue
[2024-02-08T01:14:51.112+0100] {logging_mixin.py:188} INFO - [2024-02-08T01:14:51.111+0100] {dagbag.py:538} INFO - Filling up the DagBag from /home/ubuntu/.local/lib/python3.10/site-packages/airflow/example_dags/example_short_circuit_operator.py
[2024-02-08T01:14:51.208+0100] {processor.py:840} INFO - DAG(s) 'example_short_circuit_operator' retrieved from /home/ubuntu/.local/lib/python3.10/site-packages/airflow/example_dags/example_short_circuit_operator.py
[2024-02-08T01:14:51.400+0100] {logging_mixin.py:188} INFO - [2024-02-08T01:14:51.399+0100] {dag.py:3033} INFO - Sync 1 DAGs
[2024-02-08T01:14:51.842+0100] {logging_mixin.py:188} INFO - [2024-02-08T01:14:51.842+0100] {dag.py:3820} INFO - Setting next_dagrun for example_short_circuit_operator to 2024-02-07T00:00:00+00:00, run_after=2024-02-08T00:00:00+00:00
[2024-02-08T01:14:52.385+0100] {processor.py:183} INFO - Processing /home/ubuntu/.local/lib/python3.10/site-packages/airflow/example_dags/example_short_circuit_operator.py took 1.356 seconds
[2024-02-08T01:16:55.329+0100] {processor.py:161} INFO - Started process (PID=53782) to work on /home/ubuntu/.local/lib/python3.10/site-packages/airflow/example_dags/example_short_circuit_operator.py
[2024-02-08T01:16:55.359+0100] {processor.py:830} INFO - Processing file /home/ubuntu/.local/lib/python3.10/site-packages/airflow/example_dags/example_short_circuit_operator.py for tasks to queue
[2024-02-08T01:16:55.385+0100] {logging_mixin.py:188} INFO - [2024-02-08T01:16:55.384+0100] {dagbag.py:538} INFO - Filling up the DagBag from /home/ubuntu/.local/lib/python3.10/site-packages/airflow/example_dags/example_short_circuit_operator.py
[2024-02-08T01:16:55.455+0100] {processor.py:840} INFO - DAG(s) 'example_short_circuit_operator' retrieved from /home/ubuntu/.local/lib/python3.10/site-packages/airflow/example_dags/example_short_circuit_operator.py
[2024-02-08T01:16:55.637+0100] {logging_mixin.py:188} INFO - [2024-02-08T01:16:55.636+0100] {dag.py:3033} INFO - Sync 1 DAGs
[2024-02-08T01:16:55.732+0100] {logging_mixin.py:188} INFO - [2024-02-08T01:16:55.732+0100] {dag.py:3820} INFO - Setting next_dagrun for example_short_circuit_operator to 2024-02-07T00:00:00+00:00, run_after=2024-02-08T00:00:00+00:00
[2024-02-08T01:16:55.941+0100] {processor.py:183} INFO - Processing /home/ubuntu/.local/lib/python3.10/site-packages/airflow/example_dags/example_short_circuit_operator.py took 0.630 seconds
[2024-02-08T01:18:21.023+0100] {processor.py:161} INFO - Started process (PID=54204) to work on /home/ubuntu/.local/lib/python3.10/site-packages/airflow/example_dags/example_short_circuit_operator.py
[2024-02-08T01:18:21.048+0100] {processor.py:830} INFO - Processing file /home/ubuntu/.local/lib/python3.10/site-packages/airflow/example_dags/example_short_circuit_operator.py for tasks to queue
[2024-02-08T01:18:21.058+0100] {logging_mixin.py:188} INFO - [2024-02-08T01:18:21.057+0100] {dagbag.py:538} INFO - Filling up the DagBag from /home/ubuntu/.local/lib/python3.10/site-packages/airflow/example_dags/example_short_circuit_operator.py
[2024-02-08T01:18:21.082+0100] {processor.py:840} INFO - DAG(s) 'example_short_circuit_operator' retrieved from /home/ubuntu/.local/lib/python3.10/site-packages/airflow/example_dags/example_short_circuit_operator.py
[2024-02-08T01:18:21.120+0100] {logging_mixin.py:188} INFO - [2024-02-08T01:18:21.119+0100] {dag.py:3033} INFO - Sync 1 DAGs
[2024-02-08T01:18:21.187+0100] {logging_mixin.py:188} INFO - [2024-02-08T01:18:21.186+0100] {dag.py:3820} INFO - Setting next_dagrun for example_short_circuit_operator to 2024-02-07T00:00:00+00:00, run_after=2024-02-08T00:00:00+00:00
[2024-02-08T01:18:21.246+0100] {processor.py:183} INFO - Processing /home/ubuntu/.local/lib/python3.10/site-packages/airflow/example_dags/example_short_circuit_operator.py took 0.253 seconds
[2024-02-08T01:19:35.239+0100] {processor.py:161} INFO - Started process (PID=54376) to work on /home/ubuntu/.local/lib/python3.10/site-packages/airflow/example_dags/example_short_circuit_operator.py
[2024-02-08T01:19:35.285+0100] {processor.py:830} INFO - Processing file /home/ubuntu/.local/lib/python3.10/site-packages/airflow/example_dags/example_short_circuit_operator.py for tasks to queue
[2024-02-08T01:19:35.287+0100] {logging_mixin.py:188} INFO - [2024-02-08T01:19:35.286+0100] {dagbag.py:538} INFO - Filling up the DagBag from /home/ubuntu/.local/lib/python3.10/site-packages/airflow/example_dags/example_short_circuit_operator.py
[2024-02-08T01:19:35.333+0100] {processor.py:840} INFO - DAG(s) 'example_short_circuit_operator' retrieved from /home/ubuntu/.local/lib/python3.10/site-packages/airflow/example_dags/example_short_circuit_operator.py
[2024-02-08T01:19:35.418+0100] {logging_mixin.py:188} INFO - [2024-02-08T01:19:35.417+0100] {dag.py:3033} INFO - Sync 1 DAGs
[2024-02-08T01:19:35.619+0100] {logging_mixin.py:188} INFO - [2024-02-08T01:19:35.619+0100] {dag.py:3820} INFO - Setting next_dagrun for example_short_circuit_operator to 2024-02-07T00:00:00+00:00, run_after=2024-02-08T00:00:00+00:00
[2024-02-08T01:19:35.857+0100] {processor.py:183} INFO - Processing /home/ubuntu/.local/lib/python3.10/site-packages/airflow/example_dags/example_short_circuit_operator.py took 0.690 seconds
[2024-02-08T01:20:39.731+0100] {processor.py:161} INFO - Started process (PID=54530) to work on /home/ubuntu/.local/lib/python3.10/site-packages/airflow/example_dags/example_short_circuit_operator.py
[2024-02-08T01:20:39.769+0100] {processor.py:830} INFO - Processing file /home/ubuntu/.local/lib/python3.10/site-packages/airflow/example_dags/example_short_circuit_operator.py for tasks to queue
[2024-02-08T01:20:39.783+0100] {logging_mixin.py:188} INFO - [2024-02-08T01:20:39.782+0100] {dagbag.py:538} INFO - Filling up the DagBag from /home/ubuntu/.local/lib/python3.10/site-packages/airflow/example_dags/example_short_circuit_operator.py
[2024-02-08T01:20:39.855+0100] {processor.py:840} INFO - DAG(s) 'example_short_circuit_operator' retrieved from /home/ubuntu/.local/lib/python3.10/site-packages/airflow/example_dags/example_short_circuit_operator.py
[2024-02-08T01:20:40.063+0100] {logging_mixin.py:188} INFO - [2024-02-08T01:20:40.063+0100] {dag.py:3033} INFO - Sync 1 DAGs
[2024-02-08T01:20:40.111+0100] {logging_mixin.py:188} INFO - [2024-02-08T01:20:40.111+0100] {dag.py:3820} INFO - Setting next_dagrun for example_short_circuit_operator to 2024-02-07T00:00:00+00:00, run_after=2024-02-08T00:00:00+00:00
[2024-02-08T01:20:40.168+0100] {processor.py:183} INFO - Processing /home/ubuntu/.local/lib/python3.10/site-packages/airflow/example_dags/example_short_circuit_operator.py took 0.465 seconds
[2024-02-08T01:22:24.753+0100] {processor.py:161} INFO - Started process (PID=54724) to work on /home/ubuntu/.local/lib/python3.10/site-packages/airflow/example_dags/example_short_circuit_operator.py
[2024-02-08T01:22:24.796+0100] {processor.py:830} INFO - Processing file /home/ubuntu/.local/lib/python3.10/site-packages/airflow/example_dags/example_short_circuit_operator.py for tasks to queue
[2024-02-08T01:22:24.808+0100] {logging_mixin.py:188} INFO - [2024-02-08T01:22:24.807+0100] {dagbag.py:538} INFO - Filling up the DagBag from /home/ubuntu/.local/lib/python3.10/site-packages/airflow/example_dags/example_short_circuit_operator.py
[2024-02-08T01:22:24.884+0100] {processor.py:840} INFO - DAG(s) 'example_short_circuit_operator' retrieved from /home/ubuntu/.local/lib/python3.10/site-packages/airflow/example_dags/example_short_circuit_operator.py
[2024-02-08T01:22:25.160+0100] {logging_mixin.py:188} INFO - [2024-02-08T01:22:25.160+0100] {dag.py:3033} INFO - Sync 1 DAGs
[2024-02-08T01:22:25.241+0100] {logging_mixin.py:188} INFO - [2024-02-08T01:22:25.241+0100] {dag.py:3820} INFO - Setting next_dagrun for example_short_circuit_operator to 2024-02-07T00:00:00+00:00, run_after=2024-02-08T00:00:00+00:00
[2024-02-08T01:22:25.700+0100] {processor.py:183} INFO - Processing /home/ubuntu/.local/lib/python3.10/site-packages/airflow/example_dags/example_short_circuit_operator.py took 0.962 seconds
[2024-02-08T01:23:43.515+0100] {processor.py:161} INFO - Started process (PID=54958) to work on /home/ubuntu/.local/lib/python3.10/site-packages/airflow/example_dags/example_short_circuit_operator.py
[2024-02-08T01:23:43.518+0100] {processor.py:830} INFO - Processing file /home/ubuntu/.local/lib/python3.10/site-packages/airflow/example_dags/example_short_circuit_operator.py for tasks to queue
[2024-02-08T01:23:43.519+0100] {logging_mixin.py:188} INFO - [2024-02-08T01:23:43.519+0100] {dagbag.py:538} INFO - Filling up the DagBag from /home/ubuntu/.local/lib/python3.10/site-packages/airflow/example_dags/example_short_circuit_operator.py
[2024-02-08T01:23:43.538+0100] {processor.py:840} INFO - DAG(s) 'example_short_circuit_operator' retrieved from /home/ubuntu/.local/lib/python3.10/site-packages/airflow/example_dags/example_short_circuit_operator.py
[2024-02-08T01:23:43.576+0100] {logging_mixin.py:188} INFO - [2024-02-08T01:23:43.575+0100] {dag.py:3033} INFO - Sync 1 DAGs
[2024-02-08T01:23:43.604+0100] {logging_mixin.py:188} INFO - [2024-02-08T01:23:43.604+0100] {dag.py:3820} INFO - Setting next_dagrun for example_short_circuit_operator to 2024-02-07T00:00:00+00:00, run_after=2024-02-08T00:00:00+00:00
[2024-02-08T01:23:43.640+0100] {processor.py:183} INFO - Processing /home/ubuntu/.local/lib/python3.10/site-packages/airflow/example_dags/example_short_circuit_operator.py took 0.131 seconds
[2024-02-08T01:24:50.420+0100] {processor.py:161} INFO - Started process (PID=55081) to work on /home/ubuntu/.local/lib/python3.10/site-packages/airflow/example_dags/example_short_circuit_operator.py
[2024-02-08T01:24:50.430+0100] {processor.py:830} INFO - Processing file /home/ubuntu/.local/lib/python3.10/site-packages/airflow/example_dags/example_short_circuit_operator.py for tasks to queue
[2024-02-08T01:24:50.434+0100] {logging_mixin.py:188} INFO - [2024-02-08T01:24:50.433+0100] {dagbag.py:538} INFO - Filling up the DagBag from /home/ubuntu/.local/lib/python3.10/site-packages/airflow/example_dags/example_short_circuit_operator.py
[2024-02-08T01:24:50.458+0100] {processor.py:840} INFO - DAG(s) 'example_short_circuit_operator' retrieved from /home/ubuntu/.local/lib/python3.10/site-packages/airflow/example_dags/example_short_circuit_operator.py
[2024-02-08T01:24:50.499+0100] {logging_mixin.py:188} INFO - [2024-02-08T01:24:50.499+0100] {dag.py:3033} INFO - Sync 1 DAGs
[2024-02-08T01:24:50.541+0100] {logging_mixin.py:188} INFO - [2024-02-08T01:24:50.540+0100] {dag.py:3820} INFO - Setting next_dagrun for example_short_circuit_operator to 2024-02-07T00:00:00+00:00, run_after=2024-02-08T00:00:00+00:00
[2024-02-08T01:24:50.597+0100] {processor.py:183} INFO - Processing /home/ubuntu/.local/lib/python3.10/site-packages/airflow/example_dags/example_short_circuit_operator.py took 0.189 seconds
[2024-02-08T01:26:31.717+0100] {processor.py:161} INFO - Started process (PID=55259) to work on /home/ubuntu/.local/lib/python3.10/site-packages/airflow/example_dags/example_short_circuit_operator.py
[2024-02-08T01:26:31.738+0100] {processor.py:830} INFO - Processing file /home/ubuntu/.local/lib/python3.10/site-packages/airflow/example_dags/example_short_circuit_operator.py for tasks to queue
[2024-02-08T01:26:31.743+0100] {logging_mixin.py:188} INFO - [2024-02-08T01:26:31.742+0100] {dagbag.py:538} INFO - Filling up the DagBag from /home/ubuntu/.local/lib/python3.10/site-packages/airflow/example_dags/example_short_circuit_operator.py
[2024-02-08T01:26:31.866+0100] {processor.py:840} INFO - DAG(s) 'example_short_circuit_operator' retrieved from /home/ubuntu/.local/lib/python3.10/site-packages/airflow/example_dags/example_short_circuit_operator.py
[2024-02-08T01:26:31.933+0100] {logging_mixin.py:188} INFO - [2024-02-08T01:26:31.933+0100] {dag.py:3033} INFO - Sync 1 DAGs
[2024-02-08T01:26:32.005+0100] {logging_mixin.py:188} INFO - [2024-02-08T01:26:32.000+0100] {dag.py:3820} INFO - Setting next_dagrun for example_short_circuit_operator to 2024-02-07T00:00:00+00:00, run_after=2024-02-08T00:00:00+00:00
[2024-02-08T01:26:32.365+0100] {processor.py:183} INFO - Processing /home/ubuntu/.local/lib/python3.10/site-packages/airflow/example_dags/example_short_circuit_operator.py took 0.671 seconds
[2024-02-08T01:28:09.525+0100] {processor.py:161} INFO - Started process (PID=55442) to work on /home/ubuntu/.local/lib/python3.10/site-packages/airflow/example_dags/example_short_circuit_operator.py
[2024-02-08T01:28:09.545+0100] {processor.py:830} INFO - Processing file /home/ubuntu/.local/lib/python3.10/site-packages/airflow/example_dags/example_short_circuit_operator.py for tasks to queue
[2024-02-08T01:28:09.546+0100] {logging_mixin.py:188} INFO - [2024-02-08T01:28:09.546+0100] {dagbag.py:538} INFO - Filling up the DagBag from /home/ubuntu/.local/lib/python3.10/site-packages/airflow/example_dags/example_short_circuit_operator.py
[2024-02-08T01:28:09.626+0100] {processor.py:840} INFO - DAG(s) 'example_short_circuit_operator' retrieved from /home/ubuntu/.local/lib/python3.10/site-packages/airflow/example_dags/example_short_circuit_operator.py
[2024-02-08T01:28:09.767+0100] {logging_mixin.py:188} INFO - [2024-02-08T01:28:09.766+0100] {dag.py:3033} INFO - Sync 1 DAGs
[2024-02-08T01:28:09.873+0100] {logging_mixin.py:188} INFO - [2024-02-08T01:28:09.873+0100] {dag.py:3820} INFO - Setting next_dagrun for example_short_circuit_operator to 2024-02-07T00:00:00+00:00, run_after=2024-02-08T00:00:00+00:00
[2024-02-08T01:28:10.023+0100] {processor.py:183} INFO - Processing /home/ubuntu/.local/lib/python3.10/site-packages/airflow/example_dags/example_short_circuit_operator.py took 0.502 seconds
[2024-02-08T01:30:02.375+0100] {processor.py:161} INFO - Started process (PID=55649) to work on /home/ubuntu/.local/lib/python3.10/site-packages/airflow/example_dags/example_short_circuit_operator.py
[2024-02-08T01:30:02.388+0100] {processor.py:830} INFO - Processing file /home/ubuntu/.local/lib/python3.10/site-packages/airflow/example_dags/example_short_circuit_operator.py for tasks to queue
[2024-02-08T01:30:02.390+0100] {logging_mixin.py:188} INFO - [2024-02-08T01:30:02.389+0100] {dagbag.py:538} INFO - Filling up the DagBag from /home/ubuntu/.local/lib/python3.10/site-packages/airflow/example_dags/example_short_circuit_operator.py
[2024-02-08T01:30:02.454+0100] {processor.py:840} INFO - DAG(s) 'example_short_circuit_operator' retrieved from /home/ubuntu/.local/lib/python3.10/site-packages/airflow/example_dags/example_short_circuit_operator.py
[2024-02-08T01:30:02.498+0100] {logging_mixin.py:188} INFO - [2024-02-08T01:30:02.497+0100] {dag.py:3033} INFO - Sync 1 DAGs
[2024-02-08T01:30:02.572+0100] {logging_mixin.py:188} INFO - [2024-02-08T01:30:02.571+0100] {dag.py:3820} INFO - Setting next_dagrun for example_short_circuit_operator to 2024-02-07T00:00:00+00:00, run_after=2024-02-08T00:00:00+00:00
[2024-02-08T01:30:02.629+0100] {processor.py:183} INFO - Processing /home/ubuntu/.local/lib/python3.10/site-packages/airflow/example_dags/example_short_circuit_operator.py took 0.272 seconds
[2024-02-08T01:31:56.928+0100] {processor.py:161} INFO - Started process (PID=55847) to work on /home/ubuntu/.local/lib/python3.10/site-packages/airflow/example_dags/example_short_circuit_operator.py
[2024-02-08T01:31:56.935+0100] {processor.py:830} INFO - Processing file /home/ubuntu/.local/lib/python3.10/site-packages/airflow/example_dags/example_short_circuit_operator.py for tasks to queue
[2024-02-08T01:31:56.943+0100] {logging_mixin.py:188} INFO - [2024-02-08T01:31:56.942+0100] {dagbag.py:538} INFO - Filling up the DagBag from /home/ubuntu/.local/lib/python3.10/site-packages/airflow/example_dags/example_short_circuit_operator.py
[2024-02-08T01:31:56.972+0100] {processor.py:840} INFO - DAG(s) 'example_short_circuit_operator' retrieved from /home/ubuntu/.local/lib/python3.10/site-packages/airflow/example_dags/example_short_circuit_operator.py
[2024-02-08T01:31:57.051+0100] {logging_mixin.py:188} INFO - [2024-02-08T01:31:57.050+0100] {dag.py:3033} INFO - Sync 1 DAGs
[2024-02-08T01:31:57.099+0100] {logging_mixin.py:188} INFO - [2024-02-08T01:31:57.099+0100] {dag.py:3820} INFO - Setting next_dagrun for example_short_circuit_operator to 2024-02-07T00:00:00+00:00, run_after=2024-02-08T00:00:00+00:00
[2024-02-08T01:31:57.319+0100] {processor.py:183} INFO - Processing /home/ubuntu/.local/lib/python3.10/site-packages/airflow/example_dags/example_short_circuit_operator.py took 0.426 seconds
[2024-02-08T01:33:03.247+0100] {processor.py:161} INFO - Started process (PID=55965) to work on /home/ubuntu/.local/lib/python3.10/site-packages/airflow/example_dags/example_short_circuit_operator.py
[2024-02-08T01:33:03.251+0100] {processor.py:830} INFO - Processing file /home/ubuntu/.local/lib/python3.10/site-packages/airflow/example_dags/example_short_circuit_operator.py for tasks to queue
[2024-02-08T01:33:03.254+0100] {logging_mixin.py:188} INFO - [2024-02-08T01:33:03.252+0100] {dagbag.py:538} INFO - Filling up the DagBag from /home/ubuntu/.local/lib/python3.10/site-packages/airflow/example_dags/example_short_circuit_operator.py
[2024-02-08T01:33:03.292+0100] {processor.py:840} INFO - DAG(s) 'example_short_circuit_operator' retrieved from /home/ubuntu/.local/lib/python3.10/site-packages/airflow/example_dags/example_short_circuit_operator.py
[2024-02-08T01:33:03.400+0100] {logging_mixin.py:188} INFO - [2024-02-08T01:33:03.400+0100] {dag.py:3033} INFO - Sync 1 DAGs
[2024-02-08T01:33:03.551+0100] {logging_mixin.py:188} INFO - [2024-02-08T01:33:03.551+0100] {dag.py:3820} INFO - Setting next_dagrun for example_short_circuit_operator to 2024-02-07T00:00:00+00:00, run_after=2024-02-08T00:00:00+00:00
[2024-02-08T01:33:03.736+0100] {processor.py:183} INFO - Processing /home/ubuntu/.local/lib/python3.10/site-packages/airflow/example_dags/example_short_circuit_operator.py took 0.499 seconds
[2024-02-08T01:35:05.368+0100] {processor.py:161} INFO - Started process (PID=56142) to work on /home/ubuntu/.local/lib/python3.10/site-packages/airflow/example_dags/example_short_circuit_operator.py
[2024-02-08T01:35:05.375+0100] {processor.py:830} INFO - Processing file /home/ubuntu/.local/lib/python3.10/site-packages/airflow/example_dags/example_short_circuit_operator.py for tasks to queue
[2024-02-08T01:35:05.379+0100] {logging_mixin.py:188} INFO - [2024-02-08T01:35:05.378+0100] {dagbag.py:538} INFO - Filling up the DagBag from /home/ubuntu/.local/lib/python3.10/site-packages/airflow/example_dags/example_short_circuit_operator.py
[2024-02-08T01:35:05.494+0100] {processor.py:840} INFO - DAG(s) 'example_short_circuit_operator' retrieved from /home/ubuntu/.local/lib/python3.10/site-packages/airflow/example_dags/example_short_circuit_operator.py
[2024-02-08T01:35:05.958+0100] {logging_mixin.py:188} INFO - [2024-02-08T01:35:05.958+0100] {dag.py:3033} INFO - Sync 1 DAGs
[2024-02-08T01:35:06.439+0100] {logging_mixin.py:188} INFO - [2024-02-08T01:35:06.438+0100] {dag.py:3820} INFO - Setting next_dagrun for example_short_circuit_operator to 2024-02-07T00:00:00+00:00, run_after=2024-02-08T00:00:00+00:00
[2024-02-08T01:35:06.714+0100] {processor.py:183} INFO - Processing /home/ubuntu/.local/lib/python3.10/site-packages/airflow/example_dags/example_short_circuit_operator.py took 1.335 seconds
[2024-02-08T01:36:23.575+0100] {processor.py:161} INFO - Started process (PID=56263) to work on /home/ubuntu/.local/lib/python3.10/site-packages/airflow/example_dags/example_short_circuit_operator.py
[2024-02-08T01:36:23.615+0100] {processor.py:830} INFO - Processing file /home/ubuntu/.local/lib/python3.10/site-packages/airflow/example_dags/example_short_circuit_operator.py for tasks to queue
[2024-02-08T01:36:23.629+0100] {logging_mixin.py:188} INFO - [2024-02-08T01:36:23.616+0100] {dagbag.py:538} INFO - Filling up the DagBag from /home/ubuntu/.local/lib/python3.10/site-packages/airflow/example_dags/example_short_circuit_operator.py
[2024-02-08T01:36:23.703+0100] {processor.py:840} INFO - DAG(s) 'example_short_circuit_operator' retrieved from /home/ubuntu/.local/lib/python3.10/site-packages/airflow/example_dags/example_short_circuit_operator.py
[2024-02-08T01:36:23.819+0100] {logging_mixin.py:188} INFO - [2024-02-08T01:36:23.819+0100] {dag.py:3033} INFO - Sync 1 DAGs
[2024-02-08T01:36:23.930+0100] {logging_mixin.py:188} INFO - [2024-02-08T01:36:23.929+0100] {dag.py:3820} INFO - Setting next_dagrun for example_short_circuit_operator to 2024-02-07T00:00:00+00:00, run_after=2024-02-08T00:00:00+00:00
[2024-02-08T01:36:24.006+0100] {processor.py:183} INFO - Processing /home/ubuntu/.local/lib/python3.10/site-packages/airflow/example_dags/example_short_circuit_operator.py took 0.456 seconds
[2024-02-08T01:37:39.858+0100] {processor.py:161} INFO - Started process (PID=56384) to work on /home/ubuntu/.local/lib/python3.10/site-packages/airflow/example_dags/example_short_circuit_operator.py
[2024-02-08T01:37:39.865+0100] {processor.py:830} INFO - Processing file /home/ubuntu/.local/lib/python3.10/site-packages/airflow/example_dags/example_short_circuit_operator.py for tasks to queue
[2024-02-08T01:37:39.868+0100] {logging_mixin.py:188} INFO - [2024-02-08T01:37:39.867+0100] {dagbag.py:538} INFO - Filling up the DagBag from /home/ubuntu/.local/lib/python3.10/site-packages/airflow/example_dags/example_short_circuit_operator.py
[2024-02-08T01:37:39.923+0100] {processor.py:840} INFO - DAG(s) 'example_short_circuit_operator' retrieved from /home/ubuntu/.local/lib/python3.10/site-packages/airflow/example_dags/example_short_circuit_operator.py
[2024-02-08T01:37:40.032+0100] {logging_mixin.py:188} INFO - [2024-02-08T01:37:40.031+0100] {dag.py:3033} INFO - Sync 1 DAGs
[2024-02-08T01:37:40.162+0100] {logging_mixin.py:188} INFO - [2024-02-08T01:37:40.161+0100] {dag.py:3820} INFO - Setting next_dagrun for example_short_circuit_operator to 2024-02-07T00:00:00+00:00, run_after=2024-02-08T00:00:00+00:00
[2024-02-08T01:37:40.685+0100] {processor.py:183} INFO - Processing /home/ubuntu/.local/lib/python3.10/site-packages/airflow/example_dags/example_short_circuit_operator.py took 0.878 seconds
[2024-02-08T01:39:16.771+0100] {processor.py:161} INFO - Started process (PID=56572) to work on /home/ubuntu/.local/lib/python3.10/site-packages/airflow/example_dags/example_short_circuit_operator.py
[2024-02-08T01:39:16.803+0100] {processor.py:830} INFO - Processing file /home/ubuntu/.local/lib/python3.10/site-packages/airflow/example_dags/example_short_circuit_operator.py for tasks to queue
[2024-02-08T01:39:16.824+0100] {logging_mixin.py:188} INFO - [2024-02-08T01:39:16.817+0100] {dagbag.py:538} INFO - Filling up the DagBag from /home/ubuntu/.local/lib/python3.10/site-packages/airflow/example_dags/example_short_circuit_operator.py
[2024-02-08T01:39:16.893+0100] {processor.py:840} INFO - DAG(s) 'example_short_circuit_operator' retrieved from /home/ubuntu/.local/lib/python3.10/site-packages/airflow/example_dags/example_short_circuit_operator.py
[2024-02-08T01:39:16.964+0100] {logging_mixin.py:188} INFO - [2024-02-08T01:39:16.964+0100] {dag.py:3033} INFO - Sync 1 DAGs
[2024-02-08T01:39:17.045+0100] {logging_mixin.py:188} INFO - [2024-02-08T01:39:17.045+0100] {dag.py:3820} INFO - Setting next_dagrun for example_short_circuit_operator to 2024-02-07T00:00:00+00:00, run_after=2024-02-08T00:00:00+00:00
[2024-02-08T01:39:17.183+0100] {processor.py:183} INFO - Processing /home/ubuntu/.local/lib/python3.10/site-packages/airflow/example_dags/example_short_circuit_operator.py took 0.429 seconds
[2024-02-08T01:40:40.928+0100] {processor.py:161} INFO - Started process (PID=56726) to work on /home/ubuntu/.local/lib/python3.10/site-packages/airflow/example_dags/example_short_circuit_operator.py
[2024-02-08T01:40:40.948+0100] {processor.py:830} INFO - Processing file /home/ubuntu/.local/lib/python3.10/site-packages/airflow/example_dags/example_short_circuit_operator.py for tasks to queue
[2024-02-08T01:40:40.952+0100] {logging_mixin.py:188} INFO - [2024-02-08T01:40:40.950+0100] {dagbag.py:538} INFO - Filling up the DagBag from /home/ubuntu/.local/lib/python3.10/site-packages/airflow/example_dags/example_short_circuit_operator.py
[2024-02-08T01:40:40.977+0100] {processor.py:840} INFO - DAG(s) 'example_short_circuit_operator' retrieved from /home/ubuntu/.local/lib/python3.10/site-packages/airflow/example_dags/example_short_circuit_operator.py
[2024-02-08T01:40:41.107+0100] {logging_mixin.py:188} INFO - [2024-02-08T01:40:41.107+0100] {dag.py:3033} INFO - Sync 1 DAGs
[2024-02-08T01:40:41.186+0100] {logging_mixin.py:188} INFO - [2024-02-08T01:40:41.186+0100] {dag.py:3820} INFO - Setting next_dagrun for example_short_circuit_operator to 2024-02-07T00:00:00+00:00, run_after=2024-02-08T00:00:00+00:00
[2024-02-08T01:40:41.415+0100] {processor.py:183} INFO - Processing /home/ubuntu/.local/lib/python3.10/site-packages/airflow/example_dags/example_short_circuit_operator.py took 0.499 seconds
[2024-02-08T01:41:48.059+0100] {processor.py:161} INFO - Started process (PID=56858) to work on /home/ubuntu/.local/lib/python3.10/site-packages/airflow/example_dags/example_short_circuit_operator.py
[2024-02-08T01:41:48.093+0100] {processor.py:830} INFO - Processing file /home/ubuntu/.local/lib/python3.10/site-packages/airflow/example_dags/example_short_circuit_operator.py for tasks to queue
[2024-02-08T01:41:48.111+0100] {logging_mixin.py:188} INFO - [2024-02-08T01:41:48.094+0100] {dagbag.py:538} INFO - Filling up the DagBag from /home/ubuntu/.local/lib/python3.10/site-packages/airflow/example_dags/example_short_circuit_operator.py
[2024-02-08T01:41:48.132+0100] {processor.py:840} INFO - DAG(s) 'example_short_circuit_operator' retrieved from /home/ubuntu/.local/lib/python3.10/site-packages/airflow/example_dags/example_short_circuit_operator.py
[2024-02-08T01:41:48.174+0100] {logging_mixin.py:188} INFO - [2024-02-08T01:41:48.174+0100] {dag.py:3033} INFO - Sync 1 DAGs
[2024-02-08T01:41:48.199+0100] {logging_mixin.py:188} INFO - [2024-02-08T01:41:48.199+0100] {dag.py:3820} INFO - Setting next_dagrun for example_short_circuit_operator to 2024-02-07T00:00:00+00:00, run_after=2024-02-08T00:00:00+00:00
[2024-02-08T01:41:48.258+0100] {processor.py:183} INFO - Processing /home/ubuntu/.local/lib/python3.10/site-packages/airflow/example_dags/example_short_circuit_operator.py took 0.230 seconds
[2024-02-08T01:43:10.548+0100] {processor.py:161} INFO - Started process (PID=57026) to work on /home/ubuntu/.local/lib/python3.10/site-packages/airflow/example_dags/example_short_circuit_operator.py
[2024-02-08T01:43:10.578+0100] {processor.py:830} INFO - Processing file /home/ubuntu/.local/lib/python3.10/site-packages/airflow/example_dags/example_short_circuit_operator.py for tasks to queue
[2024-02-08T01:43:10.581+0100] {logging_mixin.py:188} INFO - [2024-02-08T01:43:10.581+0100] {dagbag.py:538} INFO - Filling up the DagBag from /home/ubuntu/.local/lib/python3.10/site-packages/airflow/example_dags/example_short_circuit_operator.py
[2024-02-08T01:43:10.602+0100] {processor.py:840} INFO - DAG(s) 'example_short_circuit_operator' retrieved from /home/ubuntu/.local/lib/python3.10/site-packages/airflow/example_dags/example_short_circuit_operator.py
[2024-02-08T01:43:10.631+0100] {logging_mixin.py:188} INFO - [2024-02-08T01:43:10.630+0100] {dag.py:3033} INFO - Sync 1 DAGs
[2024-02-08T01:43:10.655+0100] {logging_mixin.py:188} INFO - [2024-02-08T01:43:10.655+0100] {dag.py:3820} INFO - Setting next_dagrun for example_short_circuit_operator to 2024-02-07T00:00:00+00:00, run_after=2024-02-08T00:00:00+00:00
[2024-02-08T01:43:10.690+0100] {processor.py:183} INFO - Processing /home/ubuntu/.local/lib/python3.10/site-packages/airflow/example_dags/example_short_circuit_operator.py took 0.166 seconds
[2024-02-08T01:44:26.335+0100] {processor.py:161} INFO - Started process (PID=57168) to work on /home/ubuntu/.local/lib/python3.10/site-packages/airflow/example_dags/example_short_circuit_operator.py
[2024-02-08T01:44:26.359+0100] {processor.py:830} INFO - Processing file /home/ubuntu/.local/lib/python3.10/site-packages/airflow/example_dags/example_short_circuit_operator.py for tasks to queue
[2024-02-08T01:44:26.371+0100] {logging_mixin.py:188} INFO - [2024-02-08T01:44:26.371+0100] {dagbag.py:538} INFO - Filling up the DagBag from /home/ubuntu/.local/lib/python3.10/site-packages/airflow/example_dags/example_short_circuit_operator.py
[2024-02-08T01:44:26.417+0100] {processor.py:840} INFO - DAG(s) 'example_short_circuit_operator' retrieved from /home/ubuntu/.local/lib/python3.10/site-packages/airflow/example_dags/example_short_circuit_operator.py
[2024-02-08T01:44:26.543+0100] {logging_mixin.py:188} INFO - [2024-02-08T01:44:26.540+0100] {dag.py:3033} INFO - Sync 1 DAGs
[2024-02-08T01:44:26.589+0100] {logging_mixin.py:188} INFO - [2024-02-08T01:44:26.589+0100] {dag.py:3820} INFO - Setting next_dagrun for example_short_circuit_operator to 2024-02-07T00:00:00+00:00, run_after=2024-02-08T00:00:00+00:00
[2024-02-08T01:44:26.634+0100] {processor.py:183} INFO - Processing /home/ubuntu/.local/lib/python3.10/site-packages/airflow/example_dags/example_short_circuit_operator.py took 0.308 seconds
[2024-02-08T01:45:31.361+0100] {processor.py:161} INFO - Started process (PID=57297) to work on /home/ubuntu/.local/lib/python3.10/site-packages/airflow/example_dags/example_short_circuit_operator.py
[2024-02-08T01:45:31.399+0100] {processor.py:830} INFO - Processing file /home/ubuntu/.local/lib/python3.10/site-packages/airflow/example_dags/example_short_circuit_operator.py for tasks to queue
[2024-02-08T01:45:31.428+0100] {logging_mixin.py:188} INFO - [2024-02-08T01:45:31.428+0100] {dagbag.py:538} INFO - Filling up the DagBag from /home/ubuntu/.local/lib/python3.10/site-packages/airflow/example_dags/example_short_circuit_operator.py
[2024-02-08T01:45:31.478+0100] {processor.py:840} INFO - DAG(s) 'example_short_circuit_operator' retrieved from /home/ubuntu/.local/lib/python3.10/site-packages/airflow/example_dags/example_short_circuit_operator.py
[2024-02-08T01:45:31.515+0100] {logging_mixin.py:188} INFO - [2024-02-08T01:45:31.515+0100] {dag.py:3033} INFO - Sync 1 DAGs
[2024-02-08T01:45:31.555+0100] {logging_mixin.py:188} INFO - [2024-02-08T01:45:31.554+0100] {dag.py:3820} INFO - Setting next_dagrun for example_short_circuit_operator to 2024-02-07T00:00:00+00:00, run_after=2024-02-08T00:00:00+00:00
[2024-02-08T01:45:31.597+0100] {processor.py:183} INFO - Processing /home/ubuntu/.local/lib/python3.10/site-packages/airflow/example_dags/example_short_circuit_operator.py took 0.245 seconds
[2024-02-08T01:46:32.134+0100] {processor.py:161} INFO - Started process (PID=57416) to work on /home/ubuntu/.local/lib/python3.10/site-packages/airflow/example_dags/example_short_circuit_operator.py
[2024-02-08T01:46:32.136+0100] {processor.py:830} INFO - Processing file /home/ubuntu/.local/lib/python3.10/site-packages/airflow/example_dags/example_short_circuit_operator.py for tasks to queue
[2024-02-08T01:46:32.137+0100] {logging_mixin.py:188} INFO - [2024-02-08T01:46:32.137+0100] {dagbag.py:538} INFO - Filling up the DagBag from /home/ubuntu/.local/lib/python3.10/site-packages/airflow/example_dags/example_short_circuit_operator.py
[2024-02-08T01:46:32.150+0100] {processor.py:840} INFO - DAG(s) 'example_short_circuit_operator' retrieved from /home/ubuntu/.local/lib/python3.10/site-packages/airflow/example_dags/example_short_circuit_operator.py
[2024-02-08T01:46:32.173+0100] {logging_mixin.py:188} INFO - [2024-02-08T01:46:32.171+0100] {dag.py:3033} INFO - Sync 1 DAGs
[2024-02-08T01:46:32.215+0100] {logging_mixin.py:188} INFO - [2024-02-08T01:46:32.215+0100] {dag.py:3820} INFO - Setting next_dagrun for example_short_circuit_operator to 2024-02-07T00:00:00+00:00, run_after=2024-02-08T00:00:00+00:00
[2024-02-08T01:46:32.261+0100] {processor.py:183} INFO - Processing /home/ubuntu/.local/lib/python3.10/site-packages/airflow/example_dags/example_short_circuit_operator.py took 0.130 seconds
[2024-02-08T01:47:52.595+0100] {processor.py:161} INFO - Started process (PID=57589) to work on /home/ubuntu/.local/lib/python3.10/site-packages/airflow/example_dags/example_short_circuit_operator.py
[2024-02-08T01:47:52.598+0100] {processor.py:830} INFO - Processing file /home/ubuntu/.local/lib/python3.10/site-packages/airflow/example_dags/example_short_circuit_operator.py for tasks to queue
[2024-02-08T01:47:52.599+0100] {logging_mixin.py:188} INFO - [2024-02-08T01:47:52.598+0100] {dagbag.py:538} INFO - Filling up the DagBag from /home/ubuntu/.local/lib/python3.10/site-packages/airflow/example_dags/example_short_circuit_operator.py
[2024-02-08T01:47:52.615+0100] {processor.py:840} INFO - DAG(s) 'example_short_circuit_operator' retrieved from /home/ubuntu/.local/lib/python3.10/site-packages/airflow/example_dags/example_short_circuit_operator.py
[2024-02-08T01:47:52.649+0100] {logging_mixin.py:188} INFO - [2024-02-08T01:47:52.649+0100] {dag.py:3033} INFO - Sync 1 DAGs
[2024-02-08T01:47:52.749+0100] {logging_mixin.py:188} INFO - [2024-02-08T01:47:52.749+0100] {dag.py:3820} INFO - Setting next_dagrun for example_short_circuit_operator to 2024-02-07T00:00:00+00:00, run_after=2024-02-08T00:00:00+00:00
[2024-02-08T01:47:52.993+0100] {processor.py:183} INFO - Processing /home/ubuntu/.local/lib/python3.10/site-packages/airflow/example_dags/example_short_circuit_operator.py took 0.403 seconds
[2024-02-08T01:49:38.038+0100] {processor.py:161} INFO - Started process (PID=57801) to work on /home/ubuntu/.local/lib/python3.10/site-packages/airflow/example_dags/example_short_circuit_operator.py
[2024-02-08T01:49:38.040+0100] {processor.py:830} INFO - Processing file /home/ubuntu/.local/lib/python3.10/site-packages/airflow/example_dags/example_short_circuit_operator.py for tasks to queue
[2024-02-08T01:49:38.043+0100] {logging_mixin.py:188} INFO - [2024-02-08T01:49:38.041+0100] {dagbag.py:538} INFO - Filling up the DagBag from /home/ubuntu/.local/lib/python3.10/site-packages/airflow/example_dags/example_short_circuit_operator.py
[2024-02-08T01:49:38.107+0100] {processor.py:840} INFO - DAG(s) 'example_short_circuit_operator' retrieved from /home/ubuntu/.local/lib/python3.10/site-packages/airflow/example_dags/example_short_circuit_operator.py
[2024-02-08T01:49:38.173+0100] {logging_mixin.py:188} INFO - [2024-02-08T01:49:38.173+0100] {dag.py:3033} INFO - Sync 1 DAGs
[2024-02-08T01:49:38.263+0100] {logging_mixin.py:188} INFO - [2024-02-08T01:49:38.262+0100] {dag.py:3820} INFO - Setting next_dagrun for example_short_circuit_operator to 2024-02-07T00:00:00+00:00, run_after=2024-02-08T00:00:00+00:00
[2024-02-08T01:49:38.624+0100] {processor.py:183} INFO - Processing /home/ubuntu/.local/lib/python3.10/site-packages/airflow/example_dags/example_short_circuit_operator.py took 0.595 seconds
[2024-02-08T01:50:41.001+0100] {processor.py:161} INFO - Started process (PID=57931) to work on /home/ubuntu/.local/lib/python3.10/site-packages/airflow/example_dags/example_short_circuit_operator.py
[2024-02-08T01:50:41.004+0100] {processor.py:830} INFO - Processing file /home/ubuntu/.local/lib/python3.10/site-packages/airflow/example_dags/example_short_circuit_operator.py for tasks to queue
[2024-02-08T01:50:41.005+0100] {logging_mixin.py:188} INFO - [2024-02-08T01:50:41.005+0100] {dagbag.py:538} INFO - Filling up the DagBag from /home/ubuntu/.local/lib/python3.10/site-packages/airflow/example_dags/example_short_circuit_operator.py
[2024-02-08T01:50:41.016+0100] {processor.py:840} INFO - DAG(s) 'example_short_circuit_operator' retrieved from /home/ubuntu/.local/lib/python3.10/site-packages/airflow/example_dags/example_short_circuit_operator.py
[2024-02-08T01:50:41.037+0100] {logging_mixin.py:188} INFO - [2024-02-08T01:50:41.037+0100] {dag.py:3033} INFO - Sync 1 DAGs
[2024-02-08T01:50:41.062+0100] {logging_mixin.py:188} INFO - [2024-02-08T01:50:41.062+0100] {dag.py:3820} INFO - Setting next_dagrun for example_short_circuit_operator to 2024-02-07T00:00:00+00:00, run_after=2024-02-08T00:00:00+00:00
[2024-02-08T01:50:41.090+0100] {processor.py:183} INFO - Processing /home/ubuntu/.local/lib/python3.10/site-packages/airflow/example_dags/example_short_circuit_operator.py took 0.092 seconds
[2024-02-08T01:52:00.151+0100] {processor.py:161} INFO - Started process (PID=58078) to work on /home/ubuntu/.local/lib/python3.10/site-packages/airflow/example_dags/example_short_circuit_operator.py
[2024-02-08T01:52:00.155+0100] {processor.py:830} INFO - Processing file /home/ubuntu/.local/lib/python3.10/site-packages/airflow/example_dags/example_short_circuit_operator.py for tasks to queue
[2024-02-08T01:52:00.159+0100] {logging_mixin.py:188} INFO - [2024-02-08T01:52:00.156+0100] {dagbag.py:538} INFO - Filling up the DagBag from /home/ubuntu/.local/lib/python3.10/site-packages/airflow/example_dags/example_short_circuit_operator.py
[2024-02-08T01:52:00.247+0100] {processor.py:840} INFO - DAG(s) 'example_short_circuit_operator' retrieved from /home/ubuntu/.local/lib/python3.10/site-packages/airflow/example_dags/example_short_circuit_operator.py
[2024-02-08T01:52:00.307+0100] {logging_mixin.py:188} INFO - [2024-02-08T01:52:00.307+0100] {dag.py:3033} INFO - Sync 1 DAGs
[2024-02-08T01:52:00.451+0100] {logging_mixin.py:188} INFO - [2024-02-08T01:52:00.450+0100] {dag.py:3820} INFO - Setting next_dagrun for example_short_circuit_operator to 2024-02-07T00:00:00+00:00, run_after=2024-02-08T00:00:00+00:00
[2024-02-08T01:52:00.618+0100] {processor.py:183} INFO - Processing /home/ubuntu/.local/lib/python3.10/site-packages/airflow/example_dags/example_short_circuit_operator.py took 0.473 seconds
[2024-02-08T01:53:27.175+0100] {processor.py:161} INFO - Started process (PID=58233) to work on /home/ubuntu/.local/lib/python3.10/site-packages/airflow/example_dags/example_short_circuit_operator.py
[2024-02-08T01:53:27.193+0100] {processor.py:830} INFO - Processing file /home/ubuntu/.local/lib/python3.10/site-packages/airflow/example_dags/example_short_circuit_operator.py for tasks to queue
[2024-02-08T01:53:27.201+0100] {logging_mixin.py:188} INFO - [2024-02-08T01:53:27.200+0100] {dagbag.py:538} INFO - Filling up the DagBag from /home/ubuntu/.local/lib/python3.10/site-packages/airflow/example_dags/example_short_circuit_operator.py
[2024-02-08T01:53:27.283+0100] {processor.py:840} INFO - DAG(s) 'example_short_circuit_operator' retrieved from /home/ubuntu/.local/lib/python3.10/site-packages/airflow/example_dags/example_short_circuit_operator.py
[2024-02-08T01:53:27.367+0100] {logging_mixin.py:188} INFO - [2024-02-08T01:53:27.367+0100] {dag.py:3033} INFO - Sync 1 DAGs
[2024-02-08T01:53:27.423+0100] {logging_mixin.py:188} INFO - [2024-02-08T01:53:27.422+0100] {dag.py:3820} INFO - Setting next_dagrun for example_short_circuit_operator to 2024-02-07T00:00:00+00:00, run_after=2024-02-08T00:00:00+00:00
[2024-02-08T01:53:27.469+0100] {processor.py:183} INFO - Processing /home/ubuntu/.local/lib/python3.10/site-packages/airflow/example_dags/example_short_circuit_operator.py took 0.300 seconds
[2024-02-08T01:55:20.767+0100] {processor.py:161} INFO - Started process (PID=58448) to work on /home/ubuntu/.local/lib/python3.10/site-packages/airflow/example_dags/example_short_circuit_operator.py
[2024-02-08T01:55:20.798+0100] {processor.py:830} INFO - Processing file /home/ubuntu/.local/lib/python3.10/site-packages/airflow/example_dags/example_short_circuit_operator.py for tasks to queue
[2024-02-08T01:55:20.810+0100] {logging_mixin.py:188} INFO - [2024-02-08T01:55:20.804+0100] {dagbag.py:538} INFO - Filling up the DagBag from /home/ubuntu/.local/lib/python3.10/site-packages/airflow/example_dags/example_short_circuit_operator.py
[2024-02-08T01:55:20.878+0100] {processor.py:840} INFO - DAG(s) 'example_short_circuit_operator' retrieved from /home/ubuntu/.local/lib/python3.10/site-packages/airflow/example_dags/example_short_circuit_operator.py
[2024-02-08T01:55:20.927+0100] {logging_mixin.py:188} INFO - [2024-02-08T01:55:20.927+0100] {dag.py:3033} INFO - Sync 1 DAGs
[2024-02-08T01:55:20.970+0100] {logging_mixin.py:188} INFO - [2024-02-08T01:55:20.970+0100] {dag.py:3820} INFO - Setting next_dagrun for example_short_circuit_operator to 2024-02-07T00:00:00+00:00, run_after=2024-02-08T00:00:00+00:00
[2024-02-08T01:55:21.274+0100] {processor.py:183} INFO - Processing /home/ubuntu/.local/lib/python3.10/site-packages/airflow/example_dags/example_short_circuit_operator.py took 0.526 seconds
[2024-02-08T01:56:21.700+0100] {processor.py:161} INFO - Started process (PID=58552) to work on /home/ubuntu/.local/lib/python3.10/site-packages/airflow/example_dags/example_short_circuit_operator.py
[2024-02-08T01:56:21.705+0100] {processor.py:830} INFO - Processing file /home/ubuntu/.local/lib/python3.10/site-packages/airflow/example_dags/example_short_circuit_operator.py for tasks to queue
[2024-02-08T01:56:21.707+0100] {logging_mixin.py:188} INFO - [2024-02-08T01:56:21.706+0100] {dagbag.py:538} INFO - Filling up the DagBag from /home/ubuntu/.local/lib/python3.10/site-packages/airflow/example_dags/example_short_circuit_operator.py
[2024-02-08T01:56:21.727+0100] {processor.py:840} INFO - DAG(s) 'example_short_circuit_operator' retrieved from /home/ubuntu/.local/lib/python3.10/site-packages/airflow/example_dags/example_short_circuit_operator.py
[2024-02-08T01:56:21.773+0100] {logging_mixin.py:188} INFO - [2024-02-08T01:56:21.773+0100] {dag.py:3033} INFO - Sync 1 DAGs
[2024-02-08T01:56:21.803+0100] {logging_mixin.py:188} INFO - [2024-02-08T01:56:21.803+0100] {dag.py:3820} INFO - Setting next_dagrun for example_short_circuit_operator to 2024-02-07T00:00:00+00:00, run_after=2024-02-08T00:00:00+00:00
[2024-02-08T01:56:21.841+0100] {processor.py:183} INFO - Processing /home/ubuntu/.local/lib/python3.10/site-packages/airflow/example_dags/example_short_circuit_operator.py took 0.148 seconds
[2024-02-08T01:58:13.103+0100] {processor.py:161} INFO - Started process (PID=58743) to work on /home/ubuntu/.local/lib/python3.10/site-packages/airflow/example_dags/example_short_circuit_operator.py
[2024-02-08T01:58:13.115+0100] {processor.py:830} INFO - Processing file /home/ubuntu/.local/lib/python3.10/site-packages/airflow/example_dags/example_short_circuit_operator.py for tasks to queue
[2024-02-08T01:58:13.118+0100] {logging_mixin.py:188} INFO - [2024-02-08T01:58:13.117+0100] {dagbag.py:538} INFO - Filling up the DagBag from /home/ubuntu/.local/lib/python3.10/site-packages/airflow/example_dags/example_short_circuit_operator.py
[2024-02-08T01:58:13.169+0100] {processor.py:840} INFO - DAG(s) 'example_short_circuit_operator' retrieved from /home/ubuntu/.local/lib/python3.10/site-packages/airflow/example_dags/example_short_circuit_operator.py
[2024-02-08T01:58:13.289+0100] {logging_mixin.py:188} INFO - [2024-02-08T01:58:13.288+0100] {dag.py:3033} INFO - Sync 1 DAGs
[2024-02-08T01:58:13.423+0100] {logging_mixin.py:188} INFO - [2024-02-08T01:58:13.417+0100] {dag.py:3820} INFO - Setting next_dagrun for example_short_circuit_operator to 2024-02-07T00:00:00+00:00, run_after=2024-02-08T00:00:00+00:00
[2024-02-08T01:58:13.879+0100] {processor.py:183} INFO - Processing /home/ubuntu/.local/lib/python3.10/site-packages/airflow/example_dags/example_short_circuit_operator.py took 0.787 seconds
[2024-02-08T01:59:17.520+0100] {processor.py:161} INFO - Started process (PID=58853) to work on /home/ubuntu/.local/lib/python3.10/site-packages/airflow/example_dags/example_short_circuit_operator.py
[2024-02-08T01:59:17.566+0100] {processor.py:830} INFO - Processing file /home/ubuntu/.local/lib/python3.10/site-packages/airflow/example_dags/example_short_circuit_operator.py for tasks to queue
[2024-02-08T01:59:17.570+0100] {logging_mixin.py:188} INFO - [2024-02-08T01:59:17.568+0100] {dagbag.py:538} INFO - Filling up the DagBag from /home/ubuntu/.local/lib/python3.10/site-packages/airflow/example_dags/example_short_circuit_operator.py
[2024-02-08T01:59:17.600+0100] {processor.py:840} INFO - DAG(s) 'example_short_circuit_operator' retrieved from /home/ubuntu/.local/lib/python3.10/site-packages/airflow/example_dags/example_short_circuit_operator.py
[2024-02-08T01:59:17.674+0100] {logging_mixin.py:188} INFO - [2024-02-08T01:59:17.674+0100] {dag.py:3033} INFO - Sync 1 DAGs
[2024-02-08T01:59:17.802+0100] {logging_mixin.py:188} INFO - [2024-02-08T01:59:17.802+0100] {dag.py:3820} INFO - Setting next_dagrun for example_short_circuit_operator to 2024-02-07T00:00:00+00:00, run_after=2024-02-08T00:00:00+00:00
[2024-02-08T01:59:17.854+0100] {processor.py:183} INFO - Processing /home/ubuntu/.local/lib/python3.10/site-packages/airflow/example_dags/example_short_circuit_operator.py took 0.371 seconds
[2024-02-08T02:00:56.249+0100] {processor.py:161} INFO - Started process (PID=59028) to work on /home/ubuntu/.local/lib/python3.10/site-packages/airflow/example_dags/example_short_circuit_operator.py
[2024-02-08T02:00:56.296+0100] {processor.py:830} INFO - Processing file /home/ubuntu/.local/lib/python3.10/site-packages/airflow/example_dags/example_short_circuit_operator.py for tasks to queue
[2024-02-08T02:00:56.303+0100] {logging_mixin.py:188} INFO - [2024-02-08T02:00:56.297+0100] {dagbag.py:538} INFO - Filling up the DagBag from /home/ubuntu/.local/lib/python3.10/site-packages/airflow/example_dags/example_short_circuit_operator.py
[2024-02-08T02:00:56.366+0100] {processor.py:840} INFO - DAG(s) 'example_short_circuit_operator' retrieved from /home/ubuntu/.local/lib/python3.10/site-packages/airflow/example_dags/example_short_circuit_operator.py
[2024-02-08T02:00:56.472+0100] {logging_mixin.py:188} INFO - [2024-02-08T02:00:56.472+0100] {dag.py:3033} INFO - Sync 1 DAGs
[2024-02-08T02:00:56.624+0100] {logging_mixin.py:188} INFO - [2024-02-08T02:00:56.623+0100] {dag.py:3820} INFO - Setting next_dagrun for example_short_circuit_operator to 2024-02-07T00:00:00+00:00, run_after=2024-02-08T00:00:00+00:00
[2024-02-08T02:00:56.890+0100] {processor.py:183} INFO - Processing /home/ubuntu/.local/lib/python3.10/site-packages/airflow/example_dags/example_short_circuit_operator.py took 0.679 seconds
[2024-02-08T02:02:04.962+0100] {processor.py:161} INFO - Started process (PID=59138) to work on /home/ubuntu/.local/lib/python3.10/site-packages/airflow/example_dags/example_short_circuit_operator.py
[2024-02-08T02:02:04.982+0100] {processor.py:830} INFO - Processing file /home/ubuntu/.local/lib/python3.10/site-packages/airflow/example_dags/example_short_circuit_operator.py for tasks to queue
[2024-02-08T02:02:05.000+0100] {logging_mixin.py:188} INFO - [2024-02-08T02:02:04.983+0100] {dagbag.py:538} INFO - Filling up the DagBag from /home/ubuntu/.local/lib/python3.10/site-packages/airflow/example_dags/example_short_circuit_operator.py
[2024-02-08T02:02:05.056+0100] {processor.py:840} INFO - DAG(s) 'example_short_circuit_operator' retrieved from /home/ubuntu/.local/lib/python3.10/site-packages/airflow/example_dags/example_short_circuit_operator.py
[2024-02-08T02:02:05.139+0100] {logging_mixin.py:188} INFO - [2024-02-08T02:02:05.139+0100] {dag.py:3033} INFO - Sync 1 DAGs
[2024-02-08T02:02:05.215+0100] {logging_mixin.py:188} INFO - [2024-02-08T02:02:05.211+0100] {dag.py:3820} INFO - Setting next_dagrun for example_short_circuit_operator to 2024-02-07T00:00:00+00:00, run_after=2024-02-08T00:00:00+00:00
[2024-02-08T02:02:05.542+0100] {processor.py:183} INFO - Processing /home/ubuntu/.local/lib/python3.10/site-packages/airflow/example_dags/example_short_circuit_operator.py took 0.611 seconds
[2024-02-08T02:04:10.070+0100] {processor.py:161} INFO - Started process (PID=59347) to work on /home/ubuntu/.local/lib/python3.10/site-packages/airflow/example_dags/example_short_circuit_operator.py
[2024-02-08T02:04:10.077+0100] {processor.py:830} INFO - Processing file /home/ubuntu/.local/lib/python3.10/site-packages/airflow/example_dags/example_short_circuit_operator.py for tasks to queue
[2024-02-08T02:04:10.080+0100] {logging_mixin.py:188} INFO - [2024-02-08T02:04:10.078+0100] {dagbag.py:538} INFO - Filling up the DagBag from /home/ubuntu/.local/lib/python3.10/site-packages/airflow/example_dags/example_short_circuit_operator.py
[2024-02-08T02:04:10.169+0100] {processor.py:840} INFO - DAG(s) 'example_short_circuit_operator' retrieved from /home/ubuntu/.local/lib/python3.10/site-packages/airflow/example_dags/example_short_circuit_operator.py
[2024-02-08T02:04:10.276+0100] {logging_mixin.py:188} INFO - [2024-02-08T02:04:10.276+0100] {dag.py:3033} INFO - Sync 1 DAGs
[2024-02-08T02:04:10.557+0100] {logging_mixin.py:188} INFO - [2024-02-08T02:04:10.556+0100] {dag.py:3820} INFO - Setting next_dagrun for example_short_circuit_operator to 2024-02-07T00:00:00+00:00, run_after=2024-02-08T00:00:00+00:00
[2024-02-08T02:04:10.733+0100] {processor.py:183} INFO - Processing /home/ubuntu/.local/lib/python3.10/site-packages/airflow/example_dags/example_short_circuit_operator.py took 0.684 seconds
[2024-02-08T02:06:53.495+0100] {processor.py:161} INFO - Started process (PID=60165) to work on /home/ubuntu/.local/lib/python3.10/site-packages/airflow/example_dags/example_short_circuit_operator.py
[2024-02-08T02:06:53.555+0100] {processor.py:830} INFO - Processing file /home/ubuntu/.local/lib/python3.10/site-packages/airflow/example_dags/example_short_circuit_operator.py for tasks to queue
[2024-02-08T02:06:53.557+0100] {logging_mixin.py:188} INFO - [2024-02-08T02:06:53.556+0100] {dagbag.py:538} INFO - Filling up the DagBag from /home/ubuntu/.local/lib/python3.10/site-packages/airflow/example_dags/example_short_circuit_operator.py
[2024-02-08T02:06:53.611+0100] {processor.py:840} INFO - DAG(s) 'example_short_circuit_operator' retrieved from /home/ubuntu/.local/lib/python3.10/site-packages/airflow/example_dags/example_short_circuit_operator.py
[2024-02-08T02:06:53.669+0100] {logging_mixin.py:188} INFO - [2024-02-08T02:06:53.668+0100] {dag.py:3033} INFO - Sync 1 DAGs
[2024-02-08T02:06:54.372+0100] {logging_mixin.py:188} INFO - [2024-02-08T02:06:54.372+0100] {dag.py:3820} INFO - Setting next_dagrun for example_short_circuit_operator to 2024-02-07T00:00:00+00:00, run_after=2024-02-08T00:00:00+00:00
[2024-02-08T02:06:55.581+0100] {processor.py:183} INFO - Processing /home/ubuntu/.local/lib/python3.10/site-packages/airflow/example_dags/example_short_circuit_operator.py took 2.151 seconds
[2024-02-08T02:08:30.361+0100] {processor.py:161} INFO - Started process (PID=60367) to work on /home/ubuntu/.local/lib/python3.10/site-packages/airflow/example_dags/example_short_circuit_operator.py
[2024-02-08T02:08:30.385+0100] {processor.py:830} INFO - Processing file /home/ubuntu/.local/lib/python3.10/site-packages/airflow/example_dags/example_short_circuit_operator.py for tasks to queue
[2024-02-08T02:08:30.391+0100] {logging_mixin.py:188} INFO - [2024-02-08T02:08:30.390+0100] {dagbag.py:538} INFO - Filling up the DagBag from /home/ubuntu/.local/lib/python3.10/site-packages/airflow/example_dags/example_short_circuit_operator.py
[2024-02-08T02:08:30.432+0100] {processor.py:840} INFO - DAG(s) 'example_short_circuit_operator' retrieved from /home/ubuntu/.local/lib/python3.10/site-packages/airflow/example_dags/example_short_circuit_operator.py
[2024-02-08T02:08:30.533+0100] {logging_mixin.py:188} INFO - [2024-02-08T02:08:30.533+0100] {dag.py:3033} INFO - Sync 1 DAGs
[2024-02-08T02:08:30.631+0100] {logging_mixin.py:188} INFO - [2024-02-08T02:08:30.630+0100] {dag.py:3820} INFO - Setting next_dagrun for example_short_circuit_operator to 2024-02-07T00:00:00+00:00, run_after=2024-02-08T00:00:00+00:00
[2024-02-08T02:08:30.980+0100] {processor.py:183} INFO - Processing /home/ubuntu/.local/lib/python3.10/site-packages/airflow/example_dags/example_short_circuit_operator.py took 0.654 seconds
[2024-02-08T02:10:02.553+0100] {processor.py:161} INFO - Started process (PID=60493) to work on /home/ubuntu/.local/lib/python3.10/site-packages/airflow/example_dags/example_short_circuit_operator.py
[2024-02-08T02:10:02.617+0100] {processor.py:830} INFO - Processing file /home/ubuntu/.local/lib/python3.10/site-packages/airflow/example_dags/example_short_circuit_operator.py for tasks to queue
[2024-02-08T02:10:02.620+0100] {logging_mixin.py:188} INFO - [2024-02-08T02:10:02.619+0100] {dagbag.py:538} INFO - Filling up the DagBag from /home/ubuntu/.local/lib/python3.10/site-packages/airflow/example_dags/example_short_circuit_operator.py
[2024-02-08T02:10:02.661+0100] {processor.py:840} INFO - DAG(s) 'example_short_circuit_operator' retrieved from /home/ubuntu/.local/lib/python3.10/site-packages/airflow/example_dags/example_short_circuit_operator.py
[2024-02-08T02:10:03.046+0100] {logging_mixin.py:188} INFO - [2024-02-08T02:10:03.045+0100] {dag.py:3033} INFO - Sync 1 DAGs
[2024-02-08T02:10:03.541+0100] {logging_mixin.py:188} INFO - [2024-02-08T02:10:03.541+0100] {dag.py:3820} INFO - Setting next_dagrun for example_short_circuit_operator to 2024-02-07T00:00:00+00:00, run_after=2024-02-08T00:00:00+00:00
[2024-02-08T02:10:03.821+0100] {processor.py:183} INFO - Processing /home/ubuntu/.local/lib/python3.10/site-packages/airflow/example_dags/example_short_circuit_operator.py took 1.384 seconds
[2024-02-08T02:10:56.566+0100] {processor.py:161} INFO - Started process (PID=60571) to work on /home/ubuntu/.local/lib/python3.10/site-packages/airflow/example_dags/example_short_circuit_operator.py
[2024-02-08T02:10:56.570+0100] {processor.py:830} INFO - Processing file /home/ubuntu/.local/lib/python3.10/site-packages/airflow/example_dags/example_short_circuit_operator.py for tasks to queue
[2024-02-08T02:10:56.573+0100] {logging_mixin.py:188} INFO - [2024-02-08T02:10:56.572+0100] {dagbag.py:538} INFO - Filling up the DagBag from /home/ubuntu/.local/lib/python3.10/site-packages/airflow/example_dags/example_short_circuit_operator.py
[2024-02-08T02:10:56.592+0100] {processor.py:840} INFO - DAG(s) 'example_short_circuit_operator' retrieved from /home/ubuntu/.local/lib/python3.10/site-packages/airflow/example_dags/example_short_circuit_operator.py
[2024-02-08T02:10:56.638+0100] {logging_mixin.py:188} INFO - [2024-02-08T02:10:56.638+0100] {dag.py:3033} INFO - Sync 1 DAGs
[2024-02-08T02:10:56.701+0100] {logging_mixin.py:188} INFO - [2024-02-08T02:10:56.701+0100] {dag.py:3820} INFO - Setting next_dagrun for example_short_circuit_operator to 2024-02-07T00:00:00+00:00, run_after=2024-02-08T00:00:00+00:00
[2024-02-08T02:10:56.754+0100] {processor.py:183} INFO - Processing /home/ubuntu/.local/lib/python3.10/site-packages/airflow/example_dags/example_short_circuit_operator.py took 0.195 seconds
[2024-02-08T02:12:23.491+0100] {processor.py:161} INFO - Started process (PID=60805) to work on /home/ubuntu/.local/lib/python3.10/site-packages/airflow/example_dags/example_short_circuit_operator.py
[2024-02-08T02:12:23.505+0100] {processor.py:830} INFO - Processing file /home/ubuntu/.local/lib/python3.10/site-packages/airflow/example_dags/example_short_circuit_operator.py for tasks to queue
[2024-02-08T02:12:23.512+0100] {logging_mixin.py:188} INFO - [2024-02-08T02:12:23.508+0100] {dagbag.py:538} INFO - Filling up the DagBag from /home/ubuntu/.local/lib/python3.10/site-packages/airflow/example_dags/example_short_circuit_operator.py
[2024-02-08T02:12:23.605+0100] {processor.py:840} INFO - DAG(s) 'example_short_circuit_operator' retrieved from /home/ubuntu/.local/lib/python3.10/site-packages/airflow/example_dags/example_short_circuit_operator.py
[2024-02-08T02:12:23.722+0100] {logging_mixin.py:188} INFO - [2024-02-08T02:12:23.721+0100] {dag.py:3033} INFO - Sync 1 DAGs
[2024-02-08T02:12:23.856+0100] {logging_mixin.py:188} INFO - [2024-02-08T02:12:23.856+0100] {dag.py:3820} INFO - Setting next_dagrun for example_short_circuit_operator to 2024-02-07T00:00:00+00:00, run_after=2024-02-08T00:00:00+00:00
[2024-02-08T02:12:23.993+0100] {processor.py:183} INFO - Processing /home/ubuntu/.local/lib/python3.10/site-packages/airflow/example_dags/example_short_circuit_operator.py took 0.554 seconds
[2024-02-08T02:13:39.468+0100] {processor.py:161} INFO - Started process (PID=61039) to work on /home/ubuntu/.local/lib/python3.10/site-packages/airflow/example_dags/example_short_circuit_operator.py
[2024-02-08T02:13:39.473+0100] {processor.py:830} INFO - Processing file /home/ubuntu/.local/lib/python3.10/site-packages/airflow/example_dags/example_short_circuit_operator.py for tasks to queue
[2024-02-08T02:13:39.474+0100] {logging_mixin.py:188} INFO - [2024-02-08T02:13:39.474+0100] {dagbag.py:538} INFO - Filling up the DagBag from /home/ubuntu/.local/lib/python3.10/site-packages/airflow/example_dags/example_short_circuit_operator.py
[2024-02-08T02:13:39.484+0100] {processor.py:840} INFO - DAG(s) 'example_short_circuit_operator' retrieved from /home/ubuntu/.local/lib/python3.10/site-packages/airflow/example_dags/example_short_circuit_operator.py
[2024-02-08T02:13:39.505+0100] {logging_mixin.py:188} INFO - [2024-02-08T02:13:39.504+0100] {dag.py:3033} INFO - Sync 1 DAGs
[2024-02-08T02:13:39.525+0100] {logging_mixin.py:188} INFO - [2024-02-08T02:13:39.525+0100] {dag.py:3820} INFO - Setting next_dagrun for example_short_circuit_operator to 2024-02-07T00:00:00+00:00, run_after=2024-02-08T00:00:00+00:00
[2024-02-08T02:13:39.560+0100] {processor.py:183} INFO - Processing /home/ubuntu/.local/lib/python3.10/site-packages/airflow/example_dags/example_short_circuit_operator.py took 0.096 seconds
[2024-02-08T02:14:34.406+0100] {processor.py:161} INFO - Started process (PID=61118) to work on /home/ubuntu/.local/lib/python3.10/site-packages/airflow/example_dags/example_short_circuit_operator.py
[2024-02-08T02:14:34.412+0100] {processor.py:830} INFO - Processing file /home/ubuntu/.local/lib/python3.10/site-packages/airflow/example_dags/example_short_circuit_operator.py for tasks to queue
[2024-02-08T02:14:34.414+0100] {logging_mixin.py:188} INFO - [2024-02-08T02:14:34.413+0100] {dagbag.py:538} INFO - Filling up the DagBag from /home/ubuntu/.local/lib/python3.10/site-packages/airflow/example_dags/example_short_circuit_operator.py
[2024-02-08T02:14:34.431+0100] {processor.py:840} INFO - DAG(s) 'example_short_circuit_operator' retrieved from /home/ubuntu/.local/lib/python3.10/site-packages/airflow/example_dags/example_short_circuit_operator.py
[2024-02-08T02:14:34.458+0100] {logging_mixin.py:188} INFO - [2024-02-08T02:14:34.458+0100] {dag.py:3033} INFO - Sync 1 DAGs
[2024-02-08T02:14:34.478+0100] {logging_mixin.py:188} INFO - [2024-02-08T02:14:34.478+0100] {dag.py:3820} INFO - Setting next_dagrun for example_short_circuit_operator to 2024-02-07T00:00:00+00:00, run_after=2024-02-08T00:00:00+00:00
[2024-02-08T02:14:34.515+0100] {processor.py:183} INFO - Processing /home/ubuntu/.local/lib/python3.10/site-packages/airflow/example_dags/example_short_circuit_operator.py took 0.136 seconds
[2024-02-08T02:15:32.579+0100] {processor.py:161} INFO - Started process (PID=61238) to work on /home/ubuntu/.local/lib/python3.10/site-packages/airflow/example_dags/example_short_circuit_operator.py
[2024-02-08T02:15:32.581+0100] {processor.py:830} INFO - Processing file /home/ubuntu/.local/lib/python3.10/site-packages/airflow/example_dags/example_short_circuit_operator.py for tasks to queue
[2024-02-08T02:15:32.582+0100] {logging_mixin.py:188} INFO - [2024-02-08T02:15:32.582+0100] {dagbag.py:538} INFO - Filling up the DagBag from /home/ubuntu/.local/lib/python3.10/site-packages/airflow/example_dags/example_short_circuit_operator.py
[2024-02-08T02:15:32.591+0100] {processor.py:840} INFO - DAG(s) 'example_short_circuit_operator' retrieved from /home/ubuntu/.local/lib/python3.10/site-packages/airflow/example_dags/example_short_circuit_operator.py
[2024-02-08T02:15:32.610+0100] {logging_mixin.py:188} INFO - [2024-02-08T02:15:32.609+0100] {dag.py:3033} INFO - Sync 1 DAGs
[2024-02-08T02:15:32.632+0100] {logging_mixin.py:188} INFO - [2024-02-08T02:15:32.632+0100] {dag.py:3820} INFO - Setting next_dagrun for example_short_circuit_operator to 2024-02-07T00:00:00+00:00, run_after=2024-02-08T00:00:00+00:00
[2024-02-08T02:15:32.660+0100] {processor.py:183} INFO - Processing /home/ubuntu/.local/lib/python3.10/site-packages/airflow/example_dags/example_short_circuit_operator.py took 0.085 seconds
[2024-02-08T02:16:27.139+0100] {processor.py:161} INFO - Started process (PID=61307) to work on /home/ubuntu/.local/lib/python3.10/site-packages/airflow/example_dags/example_short_circuit_operator.py
[2024-02-08T02:16:27.141+0100] {processor.py:830} INFO - Processing file /home/ubuntu/.local/lib/python3.10/site-packages/airflow/example_dags/example_short_circuit_operator.py for tasks to queue
[2024-02-08T02:16:27.142+0100] {logging_mixin.py:188} INFO - [2024-02-08T02:16:27.141+0100] {dagbag.py:538} INFO - Filling up the DagBag from /home/ubuntu/.local/lib/python3.10/site-packages/airflow/example_dags/example_short_circuit_operator.py
[2024-02-08T02:16:27.151+0100] {processor.py:840} INFO - DAG(s) 'example_short_circuit_operator' retrieved from /home/ubuntu/.local/lib/python3.10/site-packages/airflow/example_dags/example_short_circuit_operator.py
[2024-02-08T02:16:27.173+0100] {logging_mixin.py:188} INFO - [2024-02-08T02:16:27.173+0100] {dag.py:3033} INFO - Sync 1 DAGs
[2024-02-08T02:16:27.193+0100] {logging_mixin.py:188} INFO - [2024-02-08T02:16:27.193+0100] {dag.py:3820} INFO - Setting next_dagrun for example_short_circuit_operator to 2024-02-07T00:00:00+00:00, run_after=2024-02-08T00:00:00+00:00
[2024-02-08T02:16:27.222+0100] {processor.py:183} INFO - Processing /home/ubuntu/.local/lib/python3.10/site-packages/airflow/example_dags/example_short_circuit_operator.py took 0.087 seconds
