[2024-02-08T01:02:17.223+0100] {processor.py:161} INFO - Started process (PID=50625) to work on /home/ubuntu/.local/lib/python3.10/site-packages/airflow/example_dags/example_external_task_marker_dag.py
[2024-02-08T01:02:17.227+0100] {processor.py:830} INFO - Processing file /home/ubuntu/.local/lib/python3.10/site-packages/airflow/example_dags/example_external_task_marker_dag.py for tasks to queue
[2024-02-08T01:02:17.231+0100] {logging_mixin.py:188} INFO - [2024-02-08T01:02:17.231+0100] {dagbag.py:538} INFO - Filling up the DagBag from /home/ubuntu/.local/lib/python3.10/site-packages/airflow/example_dags/example_external_task_marker_dag.py
[2024-02-08T01:02:17.251+0100] {processor.py:840} INFO - DAG(s) 'example_external_task_marker_child', 'example_external_task_marker_parent' retrieved from /home/ubuntu/.local/lib/python3.10/site-packages/airflow/example_dags/example_external_task_marker_dag.py
[2024-02-08T01:02:17.867+0100] {logging_mixin.py:188} INFO - [2024-02-08T01:02:17.866+0100] {dag.py:3033} INFO - Sync 2 DAGs
[2024-02-08T01:02:17.931+0100] {logging_mixin.py:188} INFO - [2024-02-08T01:02:17.931+0100] {dag.py:3820} INFO - Setting next_dagrun for example_external_task_marker_child to None, run_after=None
[2024-02-08T01:02:17.945+0100] {logging_mixin.py:188} INFO - [2024-02-08T01:02:17.944+0100] {dag.py:3820} INFO - Setting next_dagrun for example_external_task_marker_parent to None, run_after=None
[2024-02-08T01:02:18.202+0100] {processor.py:183} INFO - Processing /home/ubuntu/.local/lib/python3.10/site-packages/airflow/example_dags/example_external_task_marker_dag.py took 1.033 seconds
[2024-02-08T01:04:12.464+0100] {processor.py:161} INFO - Started process (PID=50872) to work on /home/ubuntu/.local/lib/python3.10/site-packages/airflow/example_dags/example_external_task_marker_dag.py
[2024-02-08T01:04:12.468+0100] {processor.py:830} INFO - Processing file /home/ubuntu/.local/lib/python3.10/site-packages/airflow/example_dags/example_external_task_marker_dag.py for tasks to queue
[2024-02-08T01:04:12.469+0100] {logging_mixin.py:188} INFO - [2024-02-08T01:04:12.469+0100] {dagbag.py:538} INFO - Filling up the DagBag from /home/ubuntu/.local/lib/python3.10/site-packages/airflow/example_dags/example_external_task_marker_dag.py
[2024-02-08T01:04:12.499+0100] {processor.py:840} INFO - DAG(s) 'example_external_task_marker_parent', 'example_external_task_marker_child' retrieved from /home/ubuntu/.local/lib/python3.10/site-packages/airflow/example_dags/example_external_task_marker_dag.py
[2024-02-08T01:04:12.600+0100] {logging_mixin.py:188} INFO - [2024-02-08T01:04:12.599+0100] {dag.py:3033} INFO - Sync 2 DAGs
[2024-02-08T01:04:12.682+0100] {logging_mixin.py:188} INFO - [2024-02-08T01:04:12.681+0100] {dag.py:3820} INFO - Setting next_dagrun for example_external_task_marker_child to None, run_after=None
[2024-02-08T01:04:12.699+0100] {logging_mixin.py:188} INFO - [2024-02-08T01:04:12.699+0100] {dag.py:3820} INFO - Setting next_dagrun for example_external_task_marker_parent to None, run_after=None
[2024-02-08T01:04:13.013+0100] {processor.py:183} INFO - Processing /home/ubuntu/.local/lib/python3.10/site-packages/airflow/example_dags/example_external_task_marker_dag.py took 0.567 seconds
[2024-02-08T01:05:57.278+0100] {processor.py:161} INFO - Started process (PID=51101) to work on /home/ubuntu/.local/lib/python3.10/site-packages/airflow/example_dags/example_external_task_marker_dag.py
[2024-02-08T01:05:57.281+0100] {processor.py:830} INFO - Processing file /home/ubuntu/.local/lib/python3.10/site-packages/airflow/example_dags/example_external_task_marker_dag.py for tasks to queue
[2024-02-08T01:05:57.282+0100] {logging_mixin.py:188} INFO - [2024-02-08T01:05:57.282+0100] {dagbag.py:538} INFO - Filling up the DagBag from /home/ubuntu/.local/lib/python3.10/site-packages/airflow/example_dags/example_external_task_marker_dag.py
[2024-02-08T01:05:57.292+0100] {processor.py:840} INFO - DAG(s) 'example_external_task_marker_parent', 'example_external_task_marker_child' retrieved from /home/ubuntu/.local/lib/python3.10/site-packages/airflow/example_dags/example_external_task_marker_dag.py
[2024-02-08T01:05:57.322+0100] {logging_mixin.py:188} INFO - [2024-02-08T01:05:57.322+0100] {dag.py:3033} INFO - Sync 2 DAGs
[2024-02-08T01:05:57.339+0100] {logging_mixin.py:188} INFO - [2024-02-08T01:05:57.338+0100] {dag.py:3820} INFO - Setting next_dagrun for example_external_task_marker_child to None, run_after=None
[2024-02-08T01:05:57.343+0100] {logging_mixin.py:188} INFO - [2024-02-08T01:05:57.343+0100] {dag.py:3820} INFO - Setting next_dagrun for example_external_task_marker_parent to None, run_after=None
[2024-02-08T01:05:57.385+0100] {processor.py:183} INFO - Processing /home/ubuntu/.local/lib/python3.10/site-packages/airflow/example_dags/example_external_task_marker_dag.py took 0.112 seconds
[2024-02-08T01:07:13.697+0100] {processor.py:161} INFO - Started process (PID=51550) to work on /home/ubuntu/.local/lib/python3.10/site-packages/airflow/example_dags/example_external_task_marker_dag.py
[2024-02-08T01:07:13.713+0100] {processor.py:830} INFO - Processing file /home/ubuntu/.local/lib/python3.10/site-packages/airflow/example_dags/example_external_task_marker_dag.py for tasks to queue
[2024-02-08T01:07:13.723+0100] {logging_mixin.py:188} INFO - [2024-02-08T01:07:13.722+0100] {dagbag.py:538} INFO - Filling up the DagBag from /home/ubuntu/.local/lib/python3.10/site-packages/airflow/example_dags/example_external_task_marker_dag.py
[2024-02-08T01:07:13.755+0100] {processor.py:840} INFO - DAG(s) 'example_external_task_marker_child', 'example_external_task_marker_parent' retrieved from /home/ubuntu/.local/lib/python3.10/site-packages/airflow/example_dags/example_external_task_marker_dag.py
[2024-02-08T01:07:13.797+0100] {logging_mixin.py:188} INFO - [2024-02-08T01:07:13.797+0100] {dag.py:3033} INFO - Sync 2 DAGs
[2024-02-08T01:07:13.818+0100] {logging_mixin.py:188} INFO - [2024-02-08T01:07:13.818+0100] {dag.py:3820} INFO - Setting next_dagrun for example_external_task_marker_child to None, run_after=None
[2024-02-08T01:07:13.823+0100] {logging_mixin.py:188} INFO - [2024-02-08T01:07:13.823+0100] {dag.py:3820} INFO - Setting next_dagrun for example_external_task_marker_parent to None, run_after=None
[2024-02-08T01:07:14.028+0100] {processor.py:183} INFO - Processing /home/ubuntu/.local/lib/python3.10/site-packages/airflow/example_dags/example_external_task_marker_dag.py took 0.355 seconds
[2024-02-08T01:08:36.083+0100] {processor.py:161} INFO - Started process (PID=51881) to work on /home/ubuntu/.local/lib/python3.10/site-packages/airflow/example_dags/example_external_task_marker_dag.py
[2024-02-08T01:08:36.109+0100] {processor.py:830} INFO - Processing file /home/ubuntu/.local/lib/python3.10/site-packages/airflow/example_dags/example_external_task_marker_dag.py for tasks to queue
[2024-02-08T01:08:36.112+0100] {logging_mixin.py:188} INFO - [2024-02-08T01:08:36.111+0100] {dagbag.py:538} INFO - Filling up the DagBag from /home/ubuntu/.local/lib/python3.10/site-packages/airflow/example_dags/example_external_task_marker_dag.py
[2024-02-08T01:08:36.129+0100] {processor.py:840} INFO - DAG(s) 'example_external_task_marker_child', 'example_external_task_marker_parent' retrieved from /home/ubuntu/.local/lib/python3.10/site-packages/airflow/example_dags/example_external_task_marker_dag.py
[2024-02-08T01:08:36.242+0100] {logging_mixin.py:188} INFO - [2024-02-08T01:08:36.242+0100] {dag.py:3033} INFO - Sync 2 DAGs
[2024-02-08T01:08:36.304+0100] {logging_mixin.py:188} INFO - [2024-02-08T01:08:36.304+0100] {dag.py:3820} INFO - Setting next_dagrun for example_external_task_marker_child to None, run_after=None
[2024-02-08T01:08:36.345+0100] {logging_mixin.py:188} INFO - [2024-02-08T01:08:36.345+0100] {dag.py:3820} INFO - Setting next_dagrun for example_external_task_marker_parent to None, run_after=None
[2024-02-08T01:08:36.535+0100] {processor.py:183} INFO - Processing /home/ubuntu/.local/lib/python3.10/site-packages/airflow/example_dags/example_external_task_marker_dag.py took 0.463 seconds
[2024-02-08T01:10:13.549+0100] {processor.py:161} INFO - Started process (PID=52244) to work on /home/ubuntu/.local/lib/python3.10/site-packages/airflow/example_dags/example_external_task_marker_dag.py
[2024-02-08T01:10:13.560+0100] {processor.py:830} INFO - Processing file /home/ubuntu/.local/lib/python3.10/site-packages/airflow/example_dags/example_external_task_marker_dag.py for tasks to queue
[2024-02-08T01:10:13.574+0100] {logging_mixin.py:188} INFO - [2024-02-08T01:10:13.564+0100] {dagbag.py:538} INFO - Filling up the DagBag from /home/ubuntu/.local/lib/python3.10/site-packages/airflow/example_dags/example_external_task_marker_dag.py
[2024-02-08T01:10:13.598+0100] {processor.py:840} INFO - DAG(s) 'example_external_task_marker_parent', 'example_external_task_marker_child' retrieved from /home/ubuntu/.local/lib/python3.10/site-packages/airflow/example_dags/example_external_task_marker_dag.py
[2024-02-08T01:10:13.634+0100] {logging_mixin.py:188} INFO - [2024-02-08T01:10:13.634+0100] {dag.py:3033} INFO - Sync 2 DAGs
[2024-02-08T01:10:13.651+0100] {logging_mixin.py:188} INFO - [2024-02-08T01:10:13.651+0100] {dag.py:3820} INFO - Setting next_dagrun for example_external_task_marker_child to None, run_after=None
[2024-02-08T01:10:13.655+0100] {logging_mixin.py:188} INFO - [2024-02-08T01:10:13.654+0100] {dag.py:3820} INFO - Setting next_dagrun for example_external_task_marker_parent to None, run_after=None
[2024-02-08T01:10:13.686+0100] {processor.py:183} INFO - Processing /home/ubuntu/.local/lib/python3.10/site-packages/airflow/example_dags/example_external_task_marker_dag.py took 0.143 seconds
[2024-02-08T01:11:29.968+0100] {processor.py:161} INFO - Started process (PID=52483) to work on /home/ubuntu/.local/lib/python3.10/site-packages/airflow/example_dags/example_external_task_marker_dag.py
[2024-02-08T01:11:29.972+0100] {processor.py:830} INFO - Processing file /home/ubuntu/.local/lib/python3.10/site-packages/airflow/example_dags/example_external_task_marker_dag.py for tasks to queue
[2024-02-08T01:11:29.974+0100] {logging_mixin.py:188} INFO - [2024-02-08T01:11:29.973+0100] {dagbag.py:538} INFO - Filling up the DagBag from /home/ubuntu/.local/lib/python3.10/site-packages/airflow/example_dags/example_external_task_marker_dag.py
[2024-02-08T01:11:29.985+0100] {processor.py:840} INFO - DAG(s) 'example_external_task_marker_parent', 'example_external_task_marker_child' retrieved from /home/ubuntu/.local/lib/python3.10/site-packages/airflow/example_dags/example_external_task_marker_dag.py
[2024-02-08T01:11:30.026+0100] {logging_mixin.py:188} INFO - [2024-02-08T01:11:30.025+0100] {dag.py:3033} INFO - Sync 2 DAGs
[2024-02-08T01:11:30.051+0100] {logging_mixin.py:188} INFO - [2024-02-08T01:11:30.051+0100] {dag.py:3820} INFO - Setting next_dagrun for example_external_task_marker_child to None, run_after=None
[2024-02-08T01:11:30.059+0100] {logging_mixin.py:188} INFO - [2024-02-08T01:11:30.059+0100] {dag.py:3820} INFO - Setting next_dagrun for example_external_task_marker_parent to None, run_after=None
[2024-02-08T01:11:30.102+0100] {processor.py:183} INFO - Processing /home/ubuntu/.local/lib/python3.10/site-packages/airflow/example_dags/example_external_task_marker_dag.py took 0.157 seconds
[2024-02-08T01:13:02.833+0100] {processor.py:161} INFO - Started process (PID=52880) to work on /home/ubuntu/.local/lib/python3.10/site-packages/airflow/example_dags/example_external_task_marker_dag.py
[2024-02-08T01:13:02.872+0100] {processor.py:830} INFO - Processing file /home/ubuntu/.local/lib/python3.10/site-packages/airflow/example_dags/example_external_task_marker_dag.py for tasks to queue
[2024-02-08T01:13:02.896+0100] {logging_mixin.py:188} INFO - [2024-02-08T01:13:02.895+0100] {dagbag.py:538} INFO - Filling up the DagBag from /home/ubuntu/.local/lib/python3.10/site-packages/airflow/example_dags/example_external_task_marker_dag.py
[2024-02-08T01:13:02.984+0100] {processor.py:840} INFO - DAG(s) 'example_external_task_marker_child', 'example_external_task_marker_parent' retrieved from /home/ubuntu/.local/lib/python3.10/site-packages/airflow/example_dags/example_external_task_marker_dag.py
[2024-02-08T01:13:03.173+0100] {logging_mixin.py:188} INFO - [2024-02-08T01:13:03.172+0100] {dag.py:3033} INFO - Sync 2 DAGs
[2024-02-08T01:13:03.237+0100] {logging_mixin.py:188} INFO - [2024-02-08T01:13:03.237+0100] {dag.py:3820} INFO - Setting next_dagrun for example_external_task_marker_child to None, run_after=None
[2024-02-08T01:13:03.249+0100] {logging_mixin.py:188} INFO - [2024-02-08T01:13:03.249+0100] {dag.py:3820} INFO - Setting next_dagrun for example_external_task_marker_parent to None, run_after=None
[2024-02-08T01:13:03.755+0100] {processor.py:183} INFO - Processing /home/ubuntu/.local/lib/python3.10/site-packages/airflow/example_dags/example_external_task_marker_dag.py took 1.005 seconds
[2024-02-08T01:15:02.794+0100] {processor.py:161} INFO - Started process (PID=53278) to work on /home/ubuntu/.local/lib/python3.10/site-packages/airflow/example_dags/example_external_task_marker_dag.py
[2024-02-08T01:15:02.810+0100] {processor.py:830} INFO - Processing file /home/ubuntu/.local/lib/python3.10/site-packages/airflow/example_dags/example_external_task_marker_dag.py for tasks to queue
[2024-02-08T01:15:02.812+0100] {logging_mixin.py:188} INFO - [2024-02-08T01:15:02.811+0100] {dagbag.py:538} INFO - Filling up the DagBag from /home/ubuntu/.local/lib/python3.10/site-packages/airflow/example_dags/example_external_task_marker_dag.py
[2024-02-08T01:15:02.879+0100] {processor.py:840} INFO - DAG(s) 'example_external_task_marker_child', 'example_external_task_marker_parent' retrieved from /home/ubuntu/.local/lib/python3.10/site-packages/airflow/example_dags/example_external_task_marker_dag.py
[2024-02-08T01:15:03.130+0100] {logging_mixin.py:188} INFO - [2024-02-08T01:15:03.129+0100] {dag.py:3033} INFO - Sync 2 DAGs
[2024-02-08T01:15:03.270+0100] {logging_mixin.py:188} INFO - [2024-02-08T01:15:03.269+0100] {dag.py:3820} INFO - Setting next_dagrun for example_external_task_marker_child to None, run_after=None
[2024-02-08T01:15:03.281+0100] {logging_mixin.py:188} INFO - [2024-02-08T01:15:03.280+0100] {dag.py:3820} INFO - Setting next_dagrun for example_external_task_marker_parent to None, run_after=None
[2024-02-08T01:15:03.392+0100] {processor.py:183} INFO - Processing /home/ubuntu/.local/lib/python3.10/site-packages/airflow/example_dags/example_external_task_marker_dag.py took 0.613 seconds
[2024-02-08T01:17:04.767+0100] {processor.py:161} INFO - Started process (PID=53838) to work on /home/ubuntu/.local/lib/python3.10/site-packages/airflow/example_dags/example_external_task_marker_dag.py
[2024-02-08T01:17:04.781+0100] {processor.py:830} INFO - Processing file /home/ubuntu/.local/lib/python3.10/site-packages/airflow/example_dags/example_external_task_marker_dag.py for tasks to queue
[2024-02-08T01:17:04.783+0100] {logging_mixin.py:188} INFO - [2024-02-08T01:17:04.782+0100] {dagbag.py:538} INFO - Filling up the DagBag from /home/ubuntu/.local/lib/python3.10/site-packages/airflow/example_dags/example_external_task_marker_dag.py
[2024-02-08T01:17:04.803+0100] {processor.py:840} INFO - DAG(s) 'example_external_task_marker_child', 'example_external_task_marker_parent' retrieved from /home/ubuntu/.local/lib/python3.10/site-packages/airflow/example_dags/example_external_task_marker_dag.py
[2024-02-08T01:17:04.909+0100] {logging_mixin.py:188} INFO - [2024-02-08T01:17:04.909+0100] {dag.py:3033} INFO - Sync 2 DAGs
[2024-02-08T01:17:04.979+0100] {logging_mixin.py:188} INFO - [2024-02-08T01:17:04.978+0100] {dag.py:3820} INFO - Setting next_dagrun for example_external_task_marker_child to None, run_after=None
[2024-02-08T01:17:05.037+0100] {logging_mixin.py:188} INFO - [2024-02-08T01:17:05.033+0100] {dag.py:3820} INFO - Setting next_dagrun for example_external_task_marker_parent to None, run_after=None
[2024-02-08T01:17:05.412+0100] {processor.py:183} INFO - Processing /home/ubuntu/.local/lib/python3.10/site-packages/airflow/example_dags/example_external_task_marker_dag.py took 0.676 seconds
[2024-02-08T01:18:36.000+0100] {processor.py:161} INFO - Started process (PID=54241) to work on /home/ubuntu/.local/lib/python3.10/site-packages/airflow/example_dags/example_external_task_marker_dag.py
[2024-02-08T01:18:36.006+0100] {processor.py:830} INFO - Processing file /home/ubuntu/.local/lib/python3.10/site-packages/airflow/example_dags/example_external_task_marker_dag.py for tasks to queue
[2024-02-08T01:18:36.008+0100] {logging_mixin.py:188} INFO - [2024-02-08T01:18:36.007+0100] {dagbag.py:538} INFO - Filling up the DagBag from /home/ubuntu/.local/lib/python3.10/site-packages/airflow/example_dags/example_external_task_marker_dag.py
[2024-02-08T01:18:36.243+0100] {processor.py:840} INFO - DAG(s) 'example_external_task_marker_child', 'example_external_task_marker_parent' retrieved from /home/ubuntu/.local/lib/python3.10/site-packages/airflow/example_dags/example_external_task_marker_dag.py
[2024-02-08T01:18:36.402+0100] {logging_mixin.py:188} INFO - [2024-02-08T01:18:36.402+0100] {dag.py:3033} INFO - Sync 2 DAGs
[2024-02-08T01:18:36.459+0100] {logging_mixin.py:188} INFO - [2024-02-08T01:18:36.458+0100] {dag.py:3820} INFO - Setting next_dagrun for example_external_task_marker_child to None, run_after=None
[2024-02-08T01:18:36.503+0100] {logging_mixin.py:188} INFO - [2024-02-08T01:18:36.502+0100] {dag.py:3820} INFO - Setting next_dagrun for example_external_task_marker_parent to None, run_after=None
[2024-02-08T01:18:36.619+0100] {processor.py:183} INFO - Processing /home/ubuntu/.local/lib/python3.10/site-packages/airflow/example_dags/example_external_task_marker_dag.py took 0.633 seconds
[2024-02-08T01:20:42.513+0100] {processor.py:161} INFO - Started process (PID=54537) to work on /home/ubuntu/.local/lib/python3.10/site-packages/airflow/example_dags/example_external_task_marker_dag.py
[2024-02-08T01:20:42.516+0100] {processor.py:830} INFO - Processing file /home/ubuntu/.local/lib/python3.10/site-packages/airflow/example_dags/example_external_task_marker_dag.py for tasks to queue
[2024-02-08T01:20:42.517+0100] {logging_mixin.py:188} INFO - [2024-02-08T01:20:42.517+0100] {dagbag.py:538} INFO - Filling up the DagBag from /home/ubuntu/.local/lib/python3.10/site-packages/airflow/example_dags/example_external_task_marker_dag.py
[2024-02-08T01:20:42.529+0100] {processor.py:840} INFO - DAG(s) 'example_external_task_marker_child', 'example_external_task_marker_parent' retrieved from /home/ubuntu/.local/lib/python3.10/site-packages/airflow/example_dags/example_external_task_marker_dag.py
[2024-02-08T01:20:42.566+0100] {logging_mixin.py:188} INFO - [2024-02-08T01:20:42.565+0100] {dag.py:3033} INFO - Sync 2 DAGs
[2024-02-08T01:20:42.587+0100] {logging_mixin.py:188} INFO - [2024-02-08T01:20:42.587+0100] {dag.py:3820} INFO - Setting next_dagrun for example_external_task_marker_child to None, run_after=None
[2024-02-08T01:20:42.596+0100] {logging_mixin.py:188} INFO - [2024-02-08T01:20:42.596+0100] {dag.py:3820} INFO - Setting next_dagrun for example_external_task_marker_parent to None, run_after=None
[2024-02-08T01:20:42.714+0100] {processor.py:183} INFO - Processing /home/ubuntu/.local/lib/python3.10/site-packages/airflow/example_dags/example_external_task_marker_dag.py took 0.206 seconds
[2024-02-08T01:22:29.329+0100] {processor.py:161} INFO - Started process (PID=54729) to work on /home/ubuntu/.local/lib/python3.10/site-packages/airflow/example_dags/example_external_task_marker_dag.py
[2024-02-08T01:22:29.340+0100] {processor.py:830} INFO - Processing file /home/ubuntu/.local/lib/python3.10/site-packages/airflow/example_dags/example_external_task_marker_dag.py for tasks to queue
[2024-02-08T01:22:29.349+0100] {logging_mixin.py:188} INFO - [2024-02-08T01:22:29.341+0100] {dagbag.py:538} INFO - Filling up the DagBag from /home/ubuntu/.local/lib/python3.10/site-packages/airflow/example_dags/example_external_task_marker_dag.py
[2024-02-08T01:22:29.371+0100] {processor.py:840} INFO - DAG(s) 'example_external_task_marker_parent', 'example_external_task_marker_child' retrieved from /home/ubuntu/.local/lib/python3.10/site-packages/airflow/example_dags/example_external_task_marker_dag.py
[2024-02-08T01:22:29.407+0100] {logging_mixin.py:188} INFO - [2024-02-08T01:22:29.406+0100] {dag.py:3033} INFO - Sync 2 DAGs
[2024-02-08T01:22:29.429+0100] {logging_mixin.py:188} INFO - [2024-02-08T01:22:29.429+0100] {dag.py:3820} INFO - Setting next_dagrun for example_external_task_marker_child to None, run_after=None
[2024-02-08T01:22:29.435+0100] {logging_mixin.py:188} INFO - [2024-02-08T01:22:29.435+0100] {dag.py:3820} INFO - Setting next_dagrun for example_external_task_marker_parent to None, run_after=None
[2024-02-08T01:22:29.495+0100] {processor.py:183} INFO - Processing /home/ubuntu/.local/lib/python3.10/site-packages/airflow/example_dags/example_external_task_marker_dag.py took 0.191 seconds
[2024-02-08T01:23:46.970+0100] {processor.py:161} INFO - Started process (PID=54964) to work on /home/ubuntu/.local/lib/python3.10/site-packages/airflow/example_dags/example_external_task_marker_dag.py
[2024-02-08T01:23:46.978+0100] {processor.py:830} INFO - Processing file /home/ubuntu/.local/lib/python3.10/site-packages/airflow/example_dags/example_external_task_marker_dag.py for tasks to queue
[2024-02-08T01:23:46.982+0100] {logging_mixin.py:188} INFO - [2024-02-08T01:23:46.981+0100] {dagbag.py:538} INFO - Filling up the DagBag from /home/ubuntu/.local/lib/python3.10/site-packages/airflow/example_dags/example_external_task_marker_dag.py
[2024-02-08T01:23:47.169+0100] {processor.py:840} INFO - DAG(s) 'example_external_task_marker_parent', 'example_external_task_marker_child' retrieved from /home/ubuntu/.local/lib/python3.10/site-packages/airflow/example_dags/example_external_task_marker_dag.py
[2024-02-08T01:23:47.338+0100] {logging_mixin.py:188} INFO - [2024-02-08T01:23:47.338+0100] {dag.py:3033} INFO - Sync 2 DAGs
[2024-02-08T01:23:47.395+0100] {logging_mixin.py:188} INFO - [2024-02-08T01:23:47.394+0100] {dag.py:3820} INFO - Setting next_dagrun for example_external_task_marker_child to None, run_after=None
[2024-02-08T01:23:47.417+0100] {logging_mixin.py:188} INFO - [2024-02-08T01:23:47.413+0100] {dag.py:3820} INFO - Setting next_dagrun for example_external_task_marker_parent to None, run_after=None
[2024-02-08T01:23:47.567+0100] {processor.py:183} INFO - Processing /home/ubuntu/.local/lib/python3.10/site-packages/airflow/example_dags/example_external_task_marker_dag.py took 0.616 seconds
[2024-02-08T01:24:53.996+0100] {processor.py:161} INFO - Started process (PID=55088) to work on /home/ubuntu/.local/lib/python3.10/site-packages/airflow/example_dags/example_external_task_marker_dag.py
[2024-02-08T01:24:54.009+0100] {processor.py:830} INFO - Processing file /home/ubuntu/.local/lib/python3.10/site-packages/airflow/example_dags/example_external_task_marker_dag.py for tasks to queue
[2024-02-08T01:24:54.010+0100] {logging_mixin.py:188} INFO - [2024-02-08T01:24:54.010+0100] {dagbag.py:538} INFO - Filling up the DagBag from /home/ubuntu/.local/lib/python3.10/site-packages/airflow/example_dags/example_external_task_marker_dag.py
[2024-02-08T01:24:54.044+0100] {processor.py:840} INFO - DAG(s) 'example_external_task_marker_parent', 'example_external_task_marker_child' retrieved from /home/ubuntu/.local/lib/python3.10/site-packages/airflow/example_dags/example_external_task_marker_dag.py
[2024-02-08T01:24:54.161+0100] {logging_mixin.py:188} INFO - [2024-02-08T01:24:54.161+0100] {dag.py:3033} INFO - Sync 2 DAGs
[2024-02-08T01:24:54.258+0100] {logging_mixin.py:188} INFO - [2024-02-08T01:24:54.258+0100] {dag.py:3820} INFO - Setting next_dagrun for example_external_task_marker_child to None, run_after=None
[2024-02-08T01:24:54.285+0100] {logging_mixin.py:188} INFO - [2024-02-08T01:24:54.285+0100] {dag.py:3820} INFO - Setting next_dagrun for example_external_task_marker_parent to None, run_after=None
[2024-02-08T01:24:54.399+0100] {processor.py:183} INFO - Processing /home/ubuntu/.local/lib/python3.10/site-packages/airflow/example_dags/example_external_task_marker_dag.py took 0.444 seconds
[2024-02-08T01:26:37.837+0100] {processor.py:161} INFO - Started process (PID=55269) to work on /home/ubuntu/.local/lib/python3.10/site-packages/airflow/example_dags/example_external_task_marker_dag.py
[2024-02-08T01:26:37.904+0100] {processor.py:830} INFO - Processing file /home/ubuntu/.local/lib/python3.10/site-packages/airflow/example_dags/example_external_task_marker_dag.py for tasks to queue
[2024-02-08T01:26:37.919+0100] {logging_mixin.py:188} INFO - [2024-02-08T01:26:37.905+0100] {dagbag.py:538} INFO - Filling up the DagBag from /home/ubuntu/.local/lib/python3.10/site-packages/airflow/example_dags/example_external_task_marker_dag.py
[2024-02-08T01:26:37.983+0100] {processor.py:840} INFO - DAG(s) 'example_external_task_marker_parent', 'example_external_task_marker_child' retrieved from /home/ubuntu/.local/lib/python3.10/site-packages/airflow/example_dags/example_external_task_marker_dag.py
[2024-02-08T01:26:38.131+0100] {logging_mixin.py:188} INFO - [2024-02-08T01:26:38.130+0100] {dag.py:3033} INFO - Sync 2 DAGs
[2024-02-08T01:26:38.163+0100] {logging_mixin.py:188} INFO - [2024-02-08T01:26:38.163+0100] {dag.py:3820} INFO - Setting next_dagrun for example_external_task_marker_child to None, run_after=None
[2024-02-08T01:26:38.177+0100] {logging_mixin.py:188} INFO - [2024-02-08T01:26:38.176+0100] {dag.py:3820} INFO - Setting next_dagrun for example_external_task_marker_parent to None, run_after=None
[2024-02-08T01:26:38.504+0100] {processor.py:183} INFO - Processing /home/ubuntu/.local/lib/python3.10/site-packages/airflow/example_dags/example_external_task_marker_dag.py took 0.691 seconds
[2024-02-08T01:28:14.340+0100] {processor.py:161} INFO - Started process (PID=55449) to work on /home/ubuntu/.local/lib/python3.10/site-packages/airflow/example_dags/example_external_task_marker_dag.py
[2024-02-08T01:28:14.343+0100] {processor.py:830} INFO - Processing file /home/ubuntu/.local/lib/python3.10/site-packages/airflow/example_dags/example_external_task_marker_dag.py for tasks to queue
[2024-02-08T01:28:14.346+0100] {logging_mixin.py:188} INFO - [2024-02-08T01:28:14.345+0100] {dagbag.py:538} INFO - Filling up the DagBag from /home/ubuntu/.local/lib/python3.10/site-packages/airflow/example_dags/example_external_task_marker_dag.py
[2024-02-08T01:28:14.367+0100] {processor.py:840} INFO - DAG(s) 'example_external_task_marker_child', 'example_external_task_marker_parent' retrieved from /home/ubuntu/.local/lib/python3.10/site-packages/airflow/example_dags/example_external_task_marker_dag.py
[2024-02-08T01:28:14.476+0100] {logging_mixin.py:188} INFO - [2024-02-08T01:28:14.476+0100] {dag.py:3033} INFO - Sync 2 DAGs
[2024-02-08T01:28:14.533+0100] {logging_mixin.py:188} INFO - [2024-02-08T01:28:14.533+0100] {dag.py:3820} INFO - Setting next_dagrun for example_external_task_marker_child to None, run_after=None
[2024-02-08T01:28:14.558+0100] {logging_mixin.py:188} INFO - [2024-02-08T01:28:14.558+0100] {dag.py:3820} INFO - Setting next_dagrun for example_external_task_marker_parent to None, run_after=None
[2024-02-08T01:28:14.894+0100] {processor.py:183} INFO - Processing /home/ubuntu/.local/lib/python3.10/site-packages/airflow/example_dags/example_external_task_marker_dag.py took 0.570 seconds
[2024-02-08T01:30:08.109+0100] {processor.py:161} INFO - Started process (PID=55657) to work on /home/ubuntu/.local/lib/python3.10/site-packages/airflow/example_dags/example_external_task_marker_dag.py
[2024-02-08T01:30:08.117+0100] {processor.py:830} INFO - Processing file /home/ubuntu/.local/lib/python3.10/site-packages/airflow/example_dags/example_external_task_marker_dag.py for tasks to queue
[2024-02-08T01:30:08.120+0100] {logging_mixin.py:188} INFO - [2024-02-08T01:30:08.119+0100] {dagbag.py:538} INFO - Filling up the DagBag from /home/ubuntu/.local/lib/python3.10/site-packages/airflow/example_dags/example_external_task_marker_dag.py
[2024-02-08T01:30:08.145+0100] {processor.py:840} INFO - DAG(s) 'example_external_task_marker_parent', 'example_external_task_marker_child' retrieved from /home/ubuntu/.local/lib/python3.10/site-packages/airflow/example_dags/example_external_task_marker_dag.py
[2024-02-08T01:30:08.255+0100] {logging_mixin.py:188} INFO - [2024-02-08T01:30:08.255+0100] {dag.py:3033} INFO - Sync 2 DAGs
[2024-02-08T01:30:08.335+0100] {logging_mixin.py:188} INFO - [2024-02-08T01:30:08.334+0100] {dag.py:3820} INFO - Setting next_dagrun for example_external_task_marker_child to None, run_after=None
[2024-02-08T01:30:08.344+0100] {logging_mixin.py:188} INFO - [2024-02-08T01:30:08.344+0100] {dag.py:3820} INFO - Setting next_dagrun for example_external_task_marker_parent to None, run_after=None
[2024-02-08T01:30:08.486+0100] {processor.py:183} INFO - Processing /home/ubuntu/.local/lib/python3.10/site-packages/airflow/example_dags/example_external_task_marker_dag.py took 0.395 seconds
[2024-02-08T01:32:04.358+0100] {processor.py:161} INFO - Started process (PID=55863) to work on /home/ubuntu/.local/lib/python3.10/site-packages/airflow/example_dags/example_external_task_marker_dag.py
[2024-02-08T01:32:04.379+0100] {processor.py:830} INFO - Processing file /home/ubuntu/.local/lib/python3.10/site-packages/airflow/example_dags/example_external_task_marker_dag.py for tasks to queue
[2024-02-08T01:32:04.383+0100] {logging_mixin.py:188} INFO - [2024-02-08T01:32:04.379+0100] {dagbag.py:538} INFO - Filling up the DagBag from /home/ubuntu/.local/lib/python3.10/site-packages/airflow/example_dags/example_external_task_marker_dag.py
[2024-02-08T01:32:04.423+0100] {processor.py:840} INFO - DAG(s) 'example_external_task_marker_parent', 'example_external_task_marker_child' retrieved from /home/ubuntu/.local/lib/python3.10/site-packages/airflow/example_dags/example_external_task_marker_dag.py
[2024-02-08T01:32:04.517+0100] {logging_mixin.py:188} INFO - [2024-02-08T01:32:04.516+0100] {dag.py:3033} INFO - Sync 2 DAGs
[2024-02-08T01:32:04.677+0100] {logging_mixin.py:188} INFO - [2024-02-08T01:32:04.673+0100] {dag.py:3820} INFO - Setting next_dagrun for example_external_task_marker_child to None, run_after=None
[2024-02-08T01:32:04.707+0100] {logging_mixin.py:188} INFO - [2024-02-08T01:32:04.706+0100] {dag.py:3820} INFO - Setting next_dagrun for example_external_task_marker_parent to None, run_after=None
[2024-02-08T01:32:04.894+0100] {processor.py:183} INFO - Processing /home/ubuntu/.local/lib/python3.10/site-packages/airflow/example_dags/example_external_task_marker_dag.py took 0.564 seconds
[2024-02-08T01:35:16.524+0100] {processor.py:161} INFO - Started process (PID=56159) to work on /home/ubuntu/.local/lib/python3.10/site-packages/airflow/example_dags/example_external_task_marker_dag.py
[2024-02-08T01:35:16.586+0100] {processor.py:830} INFO - Processing file /home/ubuntu/.local/lib/python3.10/site-packages/airflow/example_dags/example_external_task_marker_dag.py for tasks to queue
[2024-02-08T01:35:16.588+0100] {logging_mixin.py:188} INFO - [2024-02-08T01:35:16.587+0100] {dagbag.py:538} INFO - Filling up the DagBag from /home/ubuntu/.local/lib/python3.10/site-packages/airflow/example_dags/example_external_task_marker_dag.py
[2024-02-08T01:35:16.668+0100] {processor.py:840} INFO - DAG(s) 'example_external_task_marker_parent', 'example_external_task_marker_child' retrieved from /home/ubuntu/.local/lib/python3.10/site-packages/airflow/example_dags/example_external_task_marker_dag.py
[2024-02-08T01:35:16.816+0100] {logging_mixin.py:188} INFO - [2024-02-08T01:35:16.816+0100] {dag.py:3033} INFO - Sync 2 DAGs
[2024-02-08T01:35:16.875+0100] {logging_mixin.py:188} INFO - [2024-02-08T01:35:16.875+0100] {dag.py:3820} INFO - Setting next_dagrun for example_external_task_marker_child to None, run_after=None
[2024-02-08T01:35:16.887+0100] {logging_mixin.py:188} INFO - [2024-02-08T01:35:16.887+0100] {dag.py:3820} INFO - Setting next_dagrun for example_external_task_marker_parent to None, run_after=None
[2024-02-08T01:35:17.461+0100] {processor.py:183} INFO - Processing /home/ubuntu/.local/lib/python3.10/site-packages/airflow/example_dags/example_external_task_marker_dag.py took 0.968 seconds
[2024-02-08T01:37:50.264+0100] {processor.py:161} INFO - Started process (PID=56392) to work on /home/ubuntu/.local/lib/python3.10/site-packages/airflow/example_dags/example_external_task_marker_dag.py
[2024-02-08T01:37:50.296+0100] {processor.py:830} INFO - Processing file /home/ubuntu/.local/lib/python3.10/site-packages/airflow/example_dags/example_external_task_marker_dag.py for tasks to queue
[2024-02-08T01:37:50.303+0100] {logging_mixin.py:188} INFO - [2024-02-08T01:37:50.303+0100] {dagbag.py:538} INFO - Filling up the DagBag from /home/ubuntu/.local/lib/python3.10/site-packages/airflow/example_dags/example_external_task_marker_dag.py
[2024-02-08T01:37:50.339+0100] {processor.py:840} INFO - DAG(s) 'example_external_task_marker_parent', 'example_external_task_marker_child' retrieved from /home/ubuntu/.local/lib/python3.10/site-packages/airflow/example_dags/example_external_task_marker_dag.py
[2024-02-08T01:37:50.473+0100] {logging_mixin.py:188} INFO - [2024-02-08T01:37:50.472+0100] {dag.py:3033} INFO - Sync 2 DAGs
[2024-02-08T01:37:50.503+0100] {logging_mixin.py:188} INFO - [2024-02-08T01:37:50.503+0100] {dag.py:3820} INFO - Setting next_dagrun for example_external_task_marker_child to None, run_after=None
[2024-02-08T01:37:50.522+0100] {logging_mixin.py:188} INFO - [2024-02-08T01:37:50.517+0100] {dag.py:3820} INFO - Setting next_dagrun for example_external_task_marker_parent to None, run_after=None
[2024-02-08T01:37:50.601+0100] {processor.py:183} INFO - Processing /home/ubuntu/.local/lib/python3.10/site-packages/airflow/example_dags/example_external_task_marker_dag.py took 0.363 seconds
[2024-02-08T01:39:24.483+0100] {processor.py:161} INFO - Started process (PID=56586) to work on /home/ubuntu/.local/lib/python3.10/site-packages/airflow/example_dags/example_external_task_marker_dag.py
[2024-02-08T01:39:24.508+0100] {processor.py:830} INFO - Processing file /home/ubuntu/.local/lib/python3.10/site-packages/airflow/example_dags/example_external_task_marker_dag.py for tasks to queue
[2024-02-08T01:39:24.514+0100] {logging_mixin.py:188} INFO - [2024-02-08T01:39:24.510+0100] {dagbag.py:538} INFO - Filling up the DagBag from /home/ubuntu/.local/lib/python3.10/site-packages/airflow/example_dags/example_external_task_marker_dag.py
[2024-02-08T01:39:24.532+0100] {processor.py:840} INFO - DAG(s) 'example_external_task_marker_child', 'example_external_task_marker_parent' retrieved from /home/ubuntu/.local/lib/python3.10/site-packages/airflow/example_dags/example_external_task_marker_dag.py
[2024-02-08T01:39:24.615+0100] {logging_mixin.py:188} INFO - [2024-02-08T01:39:24.615+0100] {dag.py:3033} INFO - Sync 2 DAGs
[2024-02-08T01:39:24.710+0100] {logging_mixin.py:188} INFO - [2024-02-08T01:39:24.700+0100] {dag.py:3820} INFO - Setting next_dagrun for example_external_task_marker_child to None, run_after=None
[2024-02-08T01:39:24.728+0100] {logging_mixin.py:188} INFO - [2024-02-08T01:39:24.728+0100] {dag.py:3820} INFO - Setting next_dagrun for example_external_task_marker_parent to None, run_after=None
[2024-02-08T01:39:24.801+0100] {processor.py:183} INFO - Processing /home/ubuntu/.local/lib/python3.10/site-packages/airflow/example_dags/example_external_task_marker_dag.py took 0.342 seconds
[2024-02-08T01:40:49.987+0100] {processor.py:161} INFO - Started process (PID=56744) to work on /home/ubuntu/.local/lib/python3.10/site-packages/airflow/example_dags/example_external_task_marker_dag.py
[2024-02-08T01:40:49.993+0100] {processor.py:830} INFO - Processing file /home/ubuntu/.local/lib/python3.10/site-packages/airflow/example_dags/example_external_task_marker_dag.py for tasks to queue
[2024-02-08T01:40:49.996+0100] {logging_mixin.py:188} INFO - [2024-02-08T01:40:49.995+0100] {dagbag.py:538} INFO - Filling up the DagBag from /home/ubuntu/.local/lib/python3.10/site-packages/airflow/example_dags/example_external_task_marker_dag.py
[2024-02-08T01:40:50.030+0100] {processor.py:840} INFO - DAG(s) 'example_external_task_marker_parent', 'example_external_task_marker_child' retrieved from /home/ubuntu/.local/lib/python3.10/site-packages/airflow/example_dags/example_external_task_marker_dag.py
[2024-02-08T01:40:50.103+0100] {logging_mixin.py:188} INFO - [2024-02-08T01:40:50.099+0100] {dag.py:3033} INFO - Sync 2 DAGs
[2024-02-08T01:40:50.197+0100] {logging_mixin.py:188} INFO - [2024-02-08T01:40:50.197+0100] {dag.py:3820} INFO - Setting next_dagrun for example_external_task_marker_child to None, run_after=None
[2024-02-08T01:40:50.207+0100] {logging_mixin.py:188} INFO - [2024-02-08T01:40:50.207+0100] {dag.py:3820} INFO - Setting next_dagrun for example_external_task_marker_parent to None, run_after=None
[2024-02-08T01:40:50.618+0100] {processor.py:183} INFO - Processing /home/ubuntu/.local/lib/python3.10/site-packages/airflow/example_dags/example_external_task_marker_dag.py took 0.687 seconds
[2024-02-08T01:41:54.192+0100] {processor.py:161} INFO - Started process (PID=56868) to work on /home/ubuntu/.local/lib/python3.10/site-packages/airflow/example_dags/example_external_task_marker_dag.py
[2024-02-08T01:41:54.232+0100] {processor.py:830} INFO - Processing file /home/ubuntu/.local/lib/python3.10/site-packages/airflow/example_dags/example_external_task_marker_dag.py for tasks to queue
[2024-02-08T01:41:54.238+0100] {logging_mixin.py:188} INFO - [2024-02-08T01:41:54.233+0100] {dagbag.py:538} INFO - Filling up the DagBag from /home/ubuntu/.local/lib/python3.10/site-packages/airflow/example_dags/example_external_task_marker_dag.py
[2024-02-08T01:41:54.271+0100] {processor.py:840} INFO - DAG(s) 'example_external_task_marker_parent', 'example_external_task_marker_child' retrieved from /home/ubuntu/.local/lib/python3.10/site-packages/airflow/example_dags/example_external_task_marker_dag.py
[2024-02-08T01:41:54.360+0100] {logging_mixin.py:188} INFO - [2024-02-08T01:41:54.355+0100] {dag.py:3033} INFO - Sync 2 DAGs
[2024-02-08T01:41:54.434+0100] {logging_mixin.py:188} INFO - [2024-02-08T01:41:54.418+0100] {dag.py:3820} INFO - Setting next_dagrun for example_external_task_marker_child to None, run_after=None
[2024-02-08T01:41:54.454+0100] {logging_mixin.py:188} INFO - [2024-02-08T01:41:54.449+0100] {dag.py:3820} INFO - Setting next_dagrun for example_external_task_marker_parent to None, run_after=None
[2024-02-08T01:41:54.543+0100] {processor.py:183} INFO - Processing /home/ubuntu/.local/lib/python3.10/site-packages/airflow/example_dags/example_external_task_marker_dag.py took 0.375 seconds
[2024-02-08T01:43:17.281+0100] {processor.py:161} INFO - Started process (PID=57038) to work on /home/ubuntu/.local/lib/python3.10/site-packages/airflow/example_dags/example_external_task_marker_dag.py
[2024-02-08T01:43:17.284+0100] {processor.py:830} INFO - Processing file /home/ubuntu/.local/lib/python3.10/site-packages/airflow/example_dags/example_external_task_marker_dag.py for tasks to queue
[2024-02-08T01:43:17.285+0100] {logging_mixin.py:188} INFO - [2024-02-08T01:43:17.285+0100] {dagbag.py:538} INFO - Filling up the DagBag from /home/ubuntu/.local/lib/python3.10/site-packages/airflow/example_dags/example_external_task_marker_dag.py
[2024-02-08T01:43:17.296+0100] {processor.py:840} INFO - DAG(s) 'example_external_task_marker_child', 'example_external_task_marker_parent' retrieved from /home/ubuntu/.local/lib/python3.10/site-packages/airflow/example_dags/example_external_task_marker_dag.py
[2024-02-08T01:43:17.329+0100] {logging_mixin.py:188} INFO - [2024-02-08T01:43:17.329+0100] {dag.py:3033} INFO - Sync 2 DAGs
[2024-02-08T01:43:17.345+0100] {logging_mixin.py:188} INFO - [2024-02-08T01:43:17.345+0100] {dag.py:3820} INFO - Setting next_dagrun for example_external_task_marker_child to None, run_after=None
[2024-02-08T01:43:17.354+0100] {logging_mixin.py:188} INFO - [2024-02-08T01:43:17.354+0100] {dag.py:3820} INFO - Setting next_dagrun for example_external_task_marker_parent to None, run_after=None
[2024-02-08T01:43:17.527+0100] {processor.py:183} INFO - Processing /home/ubuntu/.local/lib/python3.10/site-packages/airflow/example_dags/example_external_task_marker_dag.py took 0.250 seconds
[2024-02-08T01:44:32.784+0100] {processor.py:161} INFO - Started process (PID=57180) to work on /home/ubuntu/.local/lib/python3.10/site-packages/airflow/example_dags/example_external_task_marker_dag.py
[2024-02-08T01:44:32.787+0100] {processor.py:830} INFO - Processing file /home/ubuntu/.local/lib/python3.10/site-packages/airflow/example_dags/example_external_task_marker_dag.py for tasks to queue
[2024-02-08T01:44:32.790+0100] {logging_mixin.py:188} INFO - [2024-02-08T01:44:32.788+0100] {dagbag.py:538} INFO - Filling up the DagBag from /home/ubuntu/.local/lib/python3.10/site-packages/airflow/example_dags/example_external_task_marker_dag.py
[2024-02-08T01:44:32.801+0100] {processor.py:840} INFO - DAG(s) 'example_external_task_marker_parent', 'example_external_task_marker_child' retrieved from /home/ubuntu/.local/lib/python3.10/site-packages/airflow/example_dags/example_external_task_marker_dag.py
[2024-02-08T01:44:32.832+0100] {logging_mixin.py:188} INFO - [2024-02-08T01:44:32.832+0100] {dag.py:3033} INFO - Sync 2 DAGs
[2024-02-08T01:44:32.846+0100] {logging_mixin.py:188} INFO - [2024-02-08T01:44:32.845+0100] {dag.py:3820} INFO - Setting next_dagrun for example_external_task_marker_child to None, run_after=None
[2024-02-08T01:44:32.850+0100] {logging_mixin.py:188} INFO - [2024-02-08T01:44:32.850+0100] {dag.py:3820} INFO - Setting next_dagrun for example_external_task_marker_parent to None, run_after=None
[2024-02-08T01:44:32.879+0100] {processor.py:183} INFO - Processing /home/ubuntu/.local/lib/python3.10/site-packages/airflow/example_dags/example_external_task_marker_dag.py took 0.099 seconds
[2024-02-08T01:45:36.686+0100] {processor.py:161} INFO - Started process (PID=57307) to work on /home/ubuntu/.local/lib/python3.10/site-packages/airflow/example_dags/example_external_task_marker_dag.py
[2024-02-08T01:45:36.688+0100] {processor.py:830} INFO - Processing file /home/ubuntu/.local/lib/python3.10/site-packages/airflow/example_dags/example_external_task_marker_dag.py for tasks to queue
[2024-02-08T01:45:36.689+0100] {logging_mixin.py:188} INFO - [2024-02-08T01:45:36.689+0100] {dagbag.py:538} INFO - Filling up the DagBag from /home/ubuntu/.local/lib/python3.10/site-packages/airflow/example_dags/example_external_task_marker_dag.py
[2024-02-08T01:45:36.699+0100] {processor.py:840} INFO - DAG(s) 'example_external_task_marker_child', 'example_external_task_marker_parent' retrieved from /home/ubuntu/.local/lib/python3.10/site-packages/airflow/example_dags/example_external_task_marker_dag.py
[2024-02-08T01:45:36.722+0100] {logging_mixin.py:188} INFO - [2024-02-08T01:45:36.722+0100] {dag.py:3033} INFO - Sync 2 DAGs
[2024-02-08T01:45:36.739+0100] {logging_mixin.py:188} INFO - [2024-02-08T01:45:36.739+0100] {dag.py:3820} INFO - Setting next_dagrun for example_external_task_marker_child to None, run_after=None
[2024-02-08T01:45:36.742+0100] {logging_mixin.py:188} INFO - [2024-02-08T01:45:36.742+0100] {dag.py:3820} INFO - Setting next_dagrun for example_external_task_marker_parent to None, run_after=None
[2024-02-08T01:45:36.774+0100] {processor.py:183} INFO - Processing /home/ubuntu/.local/lib/python3.10/site-packages/airflow/example_dags/example_external_task_marker_dag.py took 0.092 seconds
[2024-02-08T01:46:37.580+0100] {processor.py:161} INFO - Started process (PID=57427) to work on /home/ubuntu/.local/lib/python3.10/site-packages/airflow/example_dags/example_external_task_marker_dag.py
[2024-02-08T01:46:37.583+0100] {processor.py:830} INFO - Processing file /home/ubuntu/.local/lib/python3.10/site-packages/airflow/example_dags/example_external_task_marker_dag.py for tasks to queue
[2024-02-08T01:46:37.584+0100] {logging_mixin.py:188} INFO - [2024-02-08T01:46:37.583+0100] {dagbag.py:538} INFO - Filling up the DagBag from /home/ubuntu/.local/lib/python3.10/site-packages/airflow/example_dags/example_external_task_marker_dag.py
[2024-02-08T01:46:37.590+0100] {processor.py:840} INFO - DAG(s) 'example_external_task_marker_child', 'example_external_task_marker_parent' retrieved from /home/ubuntu/.local/lib/python3.10/site-packages/airflow/example_dags/example_external_task_marker_dag.py
[2024-02-08T01:46:37.609+0100] {logging_mixin.py:188} INFO - [2024-02-08T01:46:37.609+0100] {dag.py:3033} INFO - Sync 2 DAGs
[2024-02-08T01:46:37.622+0100] {logging_mixin.py:188} INFO - [2024-02-08T01:46:37.622+0100] {dag.py:3820} INFO - Setting next_dagrun for example_external_task_marker_child to None, run_after=None
[2024-02-08T01:46:37.625+0100] {logging_mixin.py:188} INFO - [2024-02-08T01:46:37.625+0100] {dag.py:3820} INFO - Setting next_dagrun for example_external_task_marker_parent to None, run_after=None
[2024-02-08T01:46:37.670+0100] {processor.py:183} INFO - Processing /home/ubuntu/.local/lib/python3.10/site-packages/airflow/example_dags/example_external_task_marker_dag.py took 0.100 seconds
[2024-02-08T01:48:00.118+0100] {processor.py:161} INFO - Started process (PID=57603) to work on /home/ubuntu/.local/lib/python3.10/site-packages/airflow/example_dags/example_external_task_marker_dag.py
[2024-02-08T01:48:00.127+0100] {processor.py:830} INFO - Processing file /home/ubuntu/.local/lib/python3.10/site-packages/airflow/example_dags/example_external_task_marker_dag.py for tasks to queue
[2024-02-08T01:48:00.129+0100] {logging_mixin.py:188} INFO - [2024-02-08T01:48:00.129+0100] {dagbag.py:538} INFO - Filling up the DagBag from /home/ubuntu/.local/lib/python3.10/site-packages/airflow/example_dags/example_external_task_marker_dag.py
[2024-02-08T01:48:00.141+0100] {processor.py:840} INFO - DAG(s) 'example_external_task_marker_child', 'example_external_task_marker_parent' retrieved from /home/ubuntu/.local/lib/python3.10/site-packages/airflow/example_dags/example_external_task_marker_dag.py
[2024-02-08T01:48:00.212+0100] {logging_mixin.py:188} INFO - [2024-02-08T01:48:00.212+0100] {dag.py:3033} INFO - Sync 2 DAGs
[2024-02-08T01:48:00.248+0100] {logging_mixin.py:188} INFO - [2024-02-08T01:48:00.248+0100] {dag.py:3820} INFO - Setting next_dagrun for example_external_task_marker_child to None, run_after=None
[2024-02-08T01:48:00.273+0100] {logging_mixin.py:188} INFO - [2024-02-08T01:48:00.273+0100] {dag.py:3820} INFO - Setting next_dagrun for example_external_task_marker_parent to None, run_after=None
[2024-02-08T01:48:00.619+0100] {processor.py:183} INFO - Processing /home/ubuntu/.local/lib/python3.10/site-packages/airflow/example_dags/example_external_task_marker_dag.py took 0.506 seconds
[2024-02-08T01:49:45.075+0100] {processor.py:161} INFO - Started process (PID=57812) to work on /home/ubuntu/.local/lib/python3.10/site-packages/airflow/example_dags/example_external_task_marker_dag.py
[2024-02-08T01:49:45.078+0100] {processor.py:830} INFO - Processing file /home/ubuntu/.local/lib/python3.10/site-packages/airflow/example_dags/example_external_task_marker_dag.py for tasks to queue
[2024-02-08T01:49:45.079+0100] {logging_mixin.py:188} INFO - [2024-02-08T01:49:45.078+0100] {dagbag.py:538} INFO - Filling up the DagBag from /home/ubuntu/.local/lib/python3.10/site-packages/airflow/example_dags/example_external_task_marker_dag.py
[2024-02-08T01:49:45.089+0100] {processor.py:840} INFO - DAG(s) 'example_external_task_marker_child', 'example_external_task_marker_parent' retrieved from /home/ubuntu/.local/lib/python3.10/site-packages/airflow/example_dags/example_external_task_marker_dag.py
[2024-02-08T01:49:45.118+0100] {logging_mixin.py:188} INFO - [2024-02-08T01:49:45.117+0100] {dag.py:3033} INFO - Sync 2 DAGs
[2024-02-08T01:49:45.133+0100] {logging_mixin.py:188} INFO - [2024-02-08T01:49:45.133+0100] {dag.py:3820} INFO - Setting next_dagrun for example_external_task_marker_child to None, run_after=None
[2024-02-08T01:49:45.138+0100] {logging_mixin.py:188} INFO - [2024-02-08T01:49:45.137+0100] {dag.py:3820} INFO - Setting next_dagrun for example_external_task_marker_parent to None, run_after=None
[2024-02-08T01:49:45.166+0100] {processor.py:183} INFO - Processing /home/ubuntu/.local/lib/python3.10/site-packages/airflow/example_dags/example_external_task_marker_dag.py took 0.096 seconds
[2024-02-08T01:51:25.019+0100] {processor.py:161} INFO - Started process (PID=58014) to work on /home/ubuntu/.local/lib/python3.10/site-packages/airflow/example_dags/example_external_task_marker_dag.py
[2024-02-08T01:51:25.021+0100] {processor.py:830} INFO - Processing file /home/ubuntu/.local/lib/python3.10/site-packages/airflow/example_dags/example_external_task_marker_dag.py for tasks to queue
[2024-02-08T01:51:25.024+0100] {logging_mixin.py:188} INFO - [2024-02-08T01:51:25.023+0100] {dagbag.py:538} INFO - Filling up the DagBag from /home/ubuntu/.local/lib/python3.10/site-packages/airflow/example_dags/example_external_task_marker_dag.py
[2024-02-08T01:51:25.033+0100] {processor.py:840} INFO - DAG(s) 'example_external_task_marker_child', 'example_external_task_marker_parent' retrieved from /home/ubuntu/.local/lib/python3.10/site-packages/airflow/example_dags/example_external_task_marker_dag.py
[2024-02-08T01:51:25.066+0100] {logging_mixin.py:188} INFO - [2024-02-08T01:51:25.066+0100] {dag.py:3033} INFO - Sync 2 DAGs
[2024-02-08T01:51:25.079+0100] {logging_mixin.py:188} INFO - [2024-02-08T01:51:25.079+0100] {dag.py:3820} INFO - Setting next_dagrun for example_external_task_marker_child to None, run_after=None
[2024-02-08T01:51:25.083+0100] {logging_mixin.py:188} INFO - [2024-02-08T01:51:25.083+0100] {dag.py:3820} INFO - Setting next_dagrun for example_external_task_marker_parent to None, run_after=None
[2024-02-08T01:51:25.118+0100] {processor.py:183} INFO - Processing /home/ubuntu/.local/lib/python3.10/site-packages/airflow/example_dags/example_external_task_marker_dag.py took 0.103 seconds
[2024-02-08T01:52:51.080+0100] {processor.py:161} INFO - Started process (PID=58166) to work on /home/ubuntu/.local/lib/python3.10/site-packages/airflow/example_dags/example_external_task_marker_dag.py
[2024-02-08T01:52:51.123+0100] {processor.py:830} INFO - Processing file /home/ubuntu/.local/lib/python3.10/site-packages/airflow/example_dags/example_external_task_marker_dag.py for tasks to queue
[2024-02-08T01:52:51.141+0100] {logging_mixin.py:188} INFO - [2024-02-08T01:52:51.140+0100] {dagbag.py:538} INFO - Filling up the DagBag from /home/ubuntu/.local/lib/python3.10/site-packages/airflow/example_dags/example_external_task_marker_dag.py
[2024-02-08T01:52:51.206+0100] {processor.py:840} INFO - DAG(s) 'example_external_task_marker_parent', 'example_external_task_marker_child' retrieved from /home/ubuntu/.local/lib/python3.10/site-packages/airflow/example_dags/example_external_task_marker_dag.py
[2024-02-08T01:52:51.325+0100] {logging_mixin.py:188} INFO - [2024-02-08T01:52:51.324+0100] {dag.py:3033} INFO - Sync 2 DAGs
[2024-02-08T01:52:51.355+0100] {logging_mixin.py:188} INFO - [2024-02-08T01:52:51.354+0100] {dag.py:3820} INFO - Setting next_dagrun for example_external_task_marker_child to None, run_after=None
[2024-02-08T01:52:51.363+0100] {logging_mixin.py:188} INFO - [2024-02-08T01:52:51.363+0100] {dag.py:3820} INFO - Setting next_dagrun for example_external_task_marker_parent to None, run_after=None
[2024-02-08T01:52:51.679+0100] {processor.py:183} INFO - Processing /home/ubuntu/.local/lib/python3.10/site-packages/airflow/example_dags/example_external_task_marker_dag.py took 0.627 seconds
[2024-02-08T01:54:33.490+0100] {processor.py:161} INFO - Started process (PID=58350) to work on /home/ubuntu/.local/lib/python3.10/site-packages/airflow/example_dags/example_external_task_marker_dag.py
[2024-02-08T01:54:33.492+0100] {processor.py:830} INFO - Processing file /home/ubuntu/.local/lib/python3.10/site-packages/airflow/example_dags/example_external_task_marker_dag.py for tasks to queue
[2024-02-08T01:54:33.493+0100] {logging_mixin.py:188} INFO - [2024-02-08T01:54:33.492+0100] {dagbag.py:538} INFO - Filling up the DagBag from /home/ubuntu/.local/lib/python3.10/site-packages/airflow/example_dags/example_external_task_marker_dag.py
[2024-02-08T01:54:33.501+0100] {processor.py:840} INFO - DAG(s) 'example_external_task_marker_parent', 'example_external_task_marker_child' retrieved from /home/ubuntu/.local/lib/python3.10/site-packages/airflow/example_dags/example_external_task_marker_dag.py
[2024-02-08T01:54:33.530+0100] {logging_mixin.py:188} INFO - [2024-02-08T01:54:33.530+0100] {dag.py:3033} INFO - Sync 2 DAGs
[2024-02-08T01:54:33.551+0100] {logging_mixin.py:188} INFO - [2024-02-08T01:54:33.550+0100] {dag.py:3820} INFO - Setting next_dagrun for example_external_task_marker_child to None, run_after=None
[2024-02-08T01:54:33.556+0100] {logging_mixin.py:188} INFO - [2024-02-08T01:54:33.556+0100] {dag.py:3820} INFO - Setting next_dagrun for example_external_task_marker_parent to None, run_after=None
[2024-02-08T01:54:33.582+0100] {processor.py:183} INFO - Processing /home/ubuntu/.local/lib/python3.10/site-packages/airflow/example_dags/example_external_task_marker_dag.py took 0.097 seconds
[2024-02-08T01:56:25.686+0100] {processor.py:161} INFO - Started process (PID=58561) to work on /home/ubuntu/.local/lib/python3.10/site-packages/airflow/example_dags/example_external_task_marker_dag.py
[2024-02-08T01:56:25.688+0100] {processor.py:830} INFO - Processing file /home/ubuntu/.local/lib/python3.10/site-packages/airflow/example_dags/example_external_task_marker_dag.py for tasks to queue
[2024-02-08T01:56:25.689+0100] {logging_mixin.py:188} INFO - [2024-02-08T01:56:25.688+0100] {dagbag.py:538} INFO - Filling up the DagBag from /home/ubuntu/.local/lib/python3.10/site-packages/airflow/example_dags/example_external_task_marker_dag.py
[2024-02-08T01:56:25.696+0100] {processor.py:840} INFO - DAG(s) 'example_external_task_marker_parent', 'example_external_task_marker_child' retrieved from /home/ubuntu/.local/lib/python3.10/site-packages/airflow/example_dags/example_external_task_marker_dag.py
[2024-02-08T01:56:25.723+0100] {logging_mixin.py:188} INFO - [2024-02-08T01:56:25.723+0100] {dag.py:3033} INFO - Sync 2 DAGs
[2024-02-08T01:56:25.739+0100] {logging_mixin.py:188} INFO - [2024-02-08T01:56:25.739+0100] {dag.py:3820} INFO - Setting next_dagrun for example_external_task_marker_child to None, run_after=None
[2024-02-08T01:56:25.744+0100] {logging_mixin.py:188} INFO - [2024-02-08T01:56:25.744+0100] {dag.py:3820} INFO - Setting next_dagrun for example_external_task_marker_parent to None, run_after=None
[2024-02-08T01:56:25.798+0100] {processor.py:183} INFO - Processing /home/ubuntu/.local/lib/python3.10/site-packages/airflow/example_dags/example_external_task_marker_dag.py took 0.116 seconds
[2024-02-08T01:58:23.140+0100] {processor.py:161} INFO - Started process (PID=58757) to work on /home/ubuntu/.local/lib/python3.10/site-packages/airflow/example_dags/example_external_task_marker_dag.py
[2024-02-08T01:58:23.147+0100] {processor.py:830} INFO - Processing file /home/ubuntu/.local/lib/python3.10/site-packages/airflow/example_dags/example_external_task_marker_dag.py for tasks to queue
[2024-02-08T01:58:23.150+0100] {logging_mixin.py:188} INFO - [2024-02-08T01:58:23.149+0100] {dagbag.py:538} INFO - Filling up the DagBag from /home/ubuntu/.local/lib/python3.10/site-packages/airflow/example_dags/example_external_task_marker_dag.py
[2024-02-08T01:58:23.166+0100] {processor.py:840} INFO - DAG(s) 'example_external_task_marker_child', 'example_external_task_marker_parent' retrieved from /home/ubuntu/.local/lib/python3.10/site-packages/airflow/example_dags/example_external_task_marker_dag.py
[2024-02-08T01:58:23.265+0100] {logging_mixin.py:188} INFO - [2024-02-08T01:58:23.265+0100] {dag.py:3033} INFO - Sync 2 DAGs
[2024-02-08T01:58:23.308+0100] {logging_mixin.py:188} INFO - [2024-02-08T01:58:23.307+0100] {dag.py:3820} INFO - Setting next_dagrun for example_external_task_marker_child to None, run_after=None
[2024-02-08T01:58:23.348+0100] {logging_mixin.py:188} INFO - [2024-02-08T01:58:23.348+0100] {dag.py:3820} INFO - Setting next_dagrun for example_external_task_marker_parent to None, run_after=None
[2024-02-08T01:58:23.750+0100] {processor.py:183} INFO - Processing /home/ubuntu/.local/lib/python3.10/site-packages/airflow/example_dags/example_external_task_marker_dag.py took 0.624 seconds
[2024-02-08T02:00:03.021+0100] {processor.py:161} INFO - Started process (PID=58933) to work on /home/ubuntu/.local/lib/python3.10/site-packages/airflow/example_dags/example_external_task_marker_dag.py
[2024-02-08T02:00:03.047+0100] {processor.py:830} INFO - Processing file /home/ubuntu/.local/lib/python3.10/site-packages/airflow/example_dags/example_external_task_marker_dag.py for tasks to queue
[2024-02-08T02:00:03.051+0100] {logging_mixin.py:188} INFO - [2024-02-08T02:00:03.048+0100] {dagbag.py:538} INFO - Filling up the DagBag from /home/ubuntu/.local/lib/python3.10/site-packages/airflow/example_dags/example_external_task_marker_dag.py
[2024-02-08T02:00:03.121+0100] {processor.py:840} INFO - DAG(s) 'example_external_task_marker_parent', 'example_external_task_marker_child' retrieved from /home/ubuntu/.local/lib/python3.10/site-packages/airflow/example_dags/example_external_task_marker_dag.py
[2024-02-08T02:00:03.247+0100] {logging_mixin.py:188} INFO - [2024-02-08T02:00:03.246+0100] {dag.py:3033} INFO - Sync 2 DAGs
[2024-02-08T02:00:03.322+0100] {logging_mixin.py:188} INFO - [2024-02-08T02:00:03.316+0100] {dag.py:3820} INFO - Setting next_dagrun for example_external_task_marker_child to None, run_after=None
[2024-02-08T02:00:03.332+0100] {logging_mixin.py:188} INFO - [2024-02-08T02:00:03.332+0100] {dag.py:3820} INFO - Setting next_dagrun for example_external_task_marker_parent to None, run_after=None
[2024-02-08T02:00:03.399+0100] {processor.py:183} INFO - Processing /home/ubuntu/.local/lib/python3.10/site-packages/airflow/example_dags/example_external_task_marker_dag.py took 0.428 seconds
[2024-02-08T02:02:13.244+0100] {processor.py:161} INFO - Started process (PID=59152) to work on /home/ubuntu/.local/lib/python3.10/site-packages/airflow/example_dags/example_external_task_marker_dag.py
[2024-02-08T02:02:13.283+0100] {processor.py:830} INFO - Processing file /home/ubuntu/.local/lib/python3.10/site-packages/airflow/example_dags/example_external_task_marker_dag.py for tasks to queue
[2024-02-08T02:02:13.327+0100] {logging_mixin.py:188} INFO - [2024-02-08T02:02:13.327+0100] {dagbag.py:538} INFO - Filling up the DagBag from /home/ubuntu/.local/lib/python3.10/site-packages/airflow/example_dags/example_external_task_marker_dag.py
[2024-02-08T02:02:13.408+0100] {processor.py:840} INFO - DAG(s) 'example_external_task_marker_child', 'example_external_task_marker_parent' retrieved from /home/ubuntu/.local/lib/python3.10/site-packages/airflow/example_dags/example_external_task_marker_dag.py
[2024-02-08T02:02:13.503+0100] {logging_mixin.py:188} INFO - [2024-02-08T02:02:13.502+0100] {dag.py:3033} INFO - Sync 2 DAGs
[2024-02-08T02:02:13.544+0100] {logging_mixin.py:188} INFO - [2024-02-08T02:02:13.543+0100] {dag.py:3820} INFO - Setting next_dagrun for example_external_task_marker_child to None, run_after=None
[2024-02-08T02:02:13.564+0100] {logging_mixin.py:188} INFO - [2024-02-08T02:02:13.564+0100] {dag.py:3820} INFO - Setting next_dagrun for example_external_task_marker_parent to None, run_after=None
[2024-02-08T02:02:13.701+0100] {processor.py:183} INFO - Processing /home/ubuntu/.local/lib/python3.10/site-packages/airflow/example_dags/example_external_task_marker_dag.py took 0.486 seconds
[2024-02-08T02:04:17.598+0100] {processor.py:161} INFO - Started process (PID=59356) to work on /home/ubuntu/.local/lib/python3.10/site-packages/airflow/example_dags/example_external_task_marker_dag.py
[2024-02-08T02:04:17.613+0100] {processor.py:830} INFO - Processing file /home/ubuntu/.local/lib/python3.10/site-packages/airflow/example_dags/example_external_task_marker_dag.py for tasks to queue
[2024-02-08T02:04:17.619+0100] {logging_mixin.py:188} INFO - [2024-02-08T02:04:17.618+0100] {dagbag.py:538} INFO - Filling up the DagBag from /home/ubuntu/.local/lib/python3.10/site-packages/airflow/example_dags/example_external_task_marker_dag.py
[2024-02-08T02:04:17.644+0100] {processor.py:840} INFO - DAG(s) 'example_external_task_marker_parent', 'example_external_task_marker_child' retrieved from /home/ubuntu/.local/lib/python3.10/site-packages/airflow/example_dags/example_external_task_marker_dag.py
[2024-02-08T02:04:17.733+0100] {logging_mixin.py:188} INFO - [2024-02-08T02:04:17.732+0100] {dag.py:3033} INFO - Sync 2 DAGs
[2024-02-08T02:04:17.788+0100] {logging_mixin.py:188} INFO - [2024-02-08T02:04:17.787+0100] {dag.py:3820} INFO - Setting next_dagrun for example_external_task_marker_child to None, run_after=None
[2024-02-08T02:04:17.794+0100] {logging_mixin.py:188} INFO - [2024-02-08T02:04:17.794+0100] {dag.py:3820} INFO - Setting next_dagrun for example_external_task_marker_parent to None, run_after=None
[2024-02-08T02:04:18.026+0100] {processor.py:183} INFO - Processing /home/ubuntu/.local/lib/python3.10/site-packages/airflow/example_dags/example_external_task_marker_dag.py took 0.441 seconds
[2024-02-08T02:07:04.621+0100] {processor.py:161} INFO - Started process (PID=60211) to work on /home/ubuntu/.local/lib/python3.10/site-packages/airflow/example_dags/example_external_task_marker_dag.py
[2024-02-08T02:07:04.632+0100] {processor.py:830} INFO - Processing file /home/ubuntu/.local/lib/python3.10/site-packages/airflow/example_dags/example_external_task_marker_dag.py for tasks to queue
[2024-02-08T02:07:04.644+0100] {logging_mixin.py:188} INFO - [2024-02-08T02:07:04.639+0100] {dagbag.py:538} INFO - Filling up the DagBag from /home/ubuntu/.local/lib/python3.10/site-packages/airflow/example_dags/example_external_task_marker_dag.py
[2024-02-08T02:07:04.679+0100] {processor.py:840} INFO - DAG(s) 'example_external_task_marker_child', 'example_external_task_marker_parent' retrieved from /home/ubuntu/.local/lib/python3.10/site-packages/airflow/example_dags/example_external_task_marker_dag.py
[2024-02-08T02:07:04.780+0100] {logging_mixin.py:188} INFO - [2024-02-08T02:07:04.776+0100] {dag.py:3033} INFO - Sync 2 DAGs
[2024-02-08T02:07:04.871+0100] {logging_mixin.py:188} INFO - [2024-02-08T02:07:04.870+0100] {dag.py:3820} INFO - Setting next_dagrun for example_external_task_marker_child to None, run_after=None
[2024-02-08T02:07:04.878+0100] {logging_mixin.py:188} INFO - [2024-02-08T02:07:04.878+0100] {dag.py:3820} INFO - Setting next_dagrun for example_external_task_marker_parent to None, run_after=None
[2024-02-08T02:07:05.073+0100] {processor.py:183} INFO - Processing /home/ubuntu/.local/lib/python3.10/site-packages/airflow/example_dags/example_external_task_marker_dag.py took 0.460 seconds
[2024-02-08T02:10:15.616+0100] {processor.py:161} INFO - Started process (PID=60527) to work on /home/ubuntu/.local/lib/python3.10/site-packages/airflow/example_dags/example_external_task_marker_dag.py
[2024-02-08T02:10:15.654+0100] {processor.py:830} INFO - Processing file /home/ubuntu/.local/lib/python3.10/site-packages/airflow/example_dags/example_external_task_marker_dag.py for tasks to queue
[2024-02-08T02:10:15.655+0100] {logging_mixin.py:188} INFO - [2024-02-08T02:10:15.655+0100] {dagbag.py:538} INFO - Filling up the DagBag from /home/ubuntu/.local/lib/python3.10/site-packages/airflow/example_dags/example_external_task_marker_dag.py
[2024-02-08T02:10:15.678+0100] {processor.py:840} INFO - DAG(s) 'example_external_task_marker_parent', 'example_external_task_marker_child' retrieved from /home/ubuntu/.local/lib/python3.10/site-packages/airflow/example_dags/example_external_task_marker_dag.py
[2024-02-08T02:10:15.758+0100] {logging_mixin.py:188} INFO - [2024-02-08T02:10:15.758+0100] {dag.py:3033} INFO - Sync 2 DAGs
[2024-02-08T02:10:15.804+0100] {logging_mixin.py:188} INFO - [2024-02-08T02:10:15.804+0100] {dag.py:3820} INFO - Setting next_dagrun for example_external_task_marker_child to None, run_after=None
[2024-02-08T02:10:15.824+0100] {logging_mixin.py:188} INFO - [2024-02-08T02:10:15.824+0100] {dag.py:3820} INFO - Setting next_dagrun for example_external_task_marker_parent to None, run_after=None
[2024-02-08T02:10:15.921+0100] {processor.py:183} INFO - Processing /home/ubuntu/.local/lib/python3.10/site-packages/airflow/example_dags/example_external_task_marker_dag.py took 0.403 seconds
[2024-02-08T02:11:37.699+0100] {processor.py:161} INFO - Started process (PID=60621) to work on /home/ubuntu/.local/lib/python3.10/site-packages/airflow/example_dags/example_external_task_marker_dag.py
[2024-02-08T02:11:37.704+0100] {processor.py:830} INFO - Processing file /home/ubuntu/.local/lib/python3.10/site-packages/airflow/example_dags/example_external_task_marker_dag.py for tasks to queue
[2024-02-08T02:11:37.706+0100] {logging_mixin.py:188} INFO - [2024-02-08T02:11:37.705+0100] {dagbag.py:538} INFO - Filling up the DagBag from /home/ubuntu/.local/lib/python3.10/site-packages/airflow/example_dags/example_external_task_marker_dag.py
[2024-02-08T02:11:37.724+0100] {processor.py:840} INFO - DAG(s) 'example_external_task_marker_parent', 'example_external_task_marker_child' retrieved from /home/ubuntu/.local/lib/python3.10/site-packages/airflow/example_dags/example_external_task_marker_dag.py
[2024-02-08T02:11:37.861+0100] {logging_mixin.py:188} INFO - [2024-02-08T02:11:37.861+0100] {dag.py:3033} INFO - Sync 2 DAGs
[2024-02-08T02:11:37.898+0100] {logging_mixin.py:188} INFO - [2024-02-08T02:11:37.898+0100] {dag.py:3820} INFO - Setting next_dagrun for example_external_task_marker_child to None, run_after=None
[2024-02-08T02:11:37.915+0100] {logging_mixin.py:188} INFO - [2024-02-08T02:11:37.914+0100] {dag.py:3820} INFO - Setting next_dagrun for example_external_task_marker_parent to None, run_after=None
[2024-02-08T02:11:38.068+0100] {processor.py:183} INFO - Processing /home/ubuntu/.local/lib/python3.10/site-packages/airflow/example_dags/example_external_task_marker_dag.py took 0.375 seconds
[2024-02-08T02:13:08.143+0100] {processor.py:161} INFO - Started process (PID=60982) to work on /home/ubuntu/.local/lib/python3.10/site-packages/airflow/example_dags/example_external_task_marker_dag.py
[2024-02-08T02:13:08.145+0100] {processor.py:830} INFO - Processing file /home/ubuntu/.local/lib/python3.10/site-packages/airflow/example_dags/example_external_task_marker_dag.py for tasks to queue
[2024-02-08T02:13:08.146+0100] {logging_mixin.py:188} INFO - [2024-02-08T02:13:08.145+0100] {dagbag.py:538} INFO - Filling up the DagBag from /home/ubuntu/.local/lib/python3.10/site-packages/airflow/example_dags/example_external_task_marker_dag.py
[2024-02-08T02:13:08.153+0100] {processor.py:840} INFO - DAG(s) 'example_external_task_marker_child', 'example_external_task_marker_parent' retrieved from /home/ubuntu/.local/lib/python3.10/site-packages/airflow/example_dags/example_external_task_marker_dag.py
[2024-02-08T02:13:08.174+0100] {logging_mixin.py:188} INFO - [2024-02-08T02:13:08.174+0100] {dag.py:3033} INFO - Sync 2 DAGs
[2024-02-08T02:13:08.190+0100] {logging_mixin.py:188} INFO - [2024-02-08T02:13:08.190+0100] {dag.py:3820} INFO - Setting next_dagrun for example_external_task_marker_child to None, run_after=None
[2024-02-08T02:13:08.194+0100] {logging_mixin.py:188} INFO - [2024-02-08T02:13:08.194+0100] {dag.py:3820} INFO - Setting next_dagrun for example_external_task_marker_parent to None, run_after=None
[2024-02-08T02:13:08.224+0100] {processor.py:183} INFO - Processing /home/ubuntu/.local/lib/python3.10/site-packages/airflow/example_dags/example_external_task_marker_dag.py took 0.086 seconds
[2024-02-08T02:14:03.526+0100] {processor.py:161} INFO - Started process (PID=61081) to work on /home/ubuntu/.local/lib/python3.10/site-packages/airflow/example_dags/example_external_task_marker_dag.py
[2024-02-08T02:14:03.528+0100] {processor.py:830} INFO - Processing file /home/ubuntu/.local/lib/python3.10/site-packages/airflow/example_dags/example_external_task_marker_dag.py for tasks to queue
[2024-02-08T02:14:03.530+0100] {logging_mixin.py:188} INFO - [2024-02-08T02:14:03.529+0100] {dagbag.py:538} INFO - Filling up the DagBag from /home/ubuntu/.local/lib/python3.10/site-packages/airflow/example_dags/example_external_task_marker_dag.py
[2024-02-08T02:14:03.536+0100] {processor.py:840} INFO - DAG(s) 'example_external_task_marker_child', 'example_external_task_marker_parent' retrieved from /home/ubuntu/.local/lib/python3.10/site-packages/airflow/example_dags/example_external_task_marker_dag.py
[2024-02-08T02:14:03.555+0100] {logging_mixin.py:188} INFO - [2024-02-08T02:14:03.555+0100] {dag.py:3033} INFO - Sync 2 DAGs
[2024-02-08T02:14:03.566+0100] {logging_mixin.py:188} INFO - [2024-02-08T02:14:03.566+0100] {dag.py:3820} INFO - Setting next_dagrun for example_external_task_marker_child to None, run_after=None
[2024-02-08T02:14:03.570+0100] {logging_mixin.py:188} INFO - [2024-02-08T02:14:03.570+0100] {dag.py:3820} INFO - Setting next_dagrun for example_external_task_marker_parent to None, run_after=None
[2024-02-08T02:14:03.598+0100] {processor.py:183} INFO - Processing /home/ubuntu/.local/lib/python3.10/site-packages/airflow/example_dags/example_external_task_marker_dag.py took 0.076 seconds
[2024-02-08T02:15:00.799+0100] {processor.py:161} INFO - Started process (PID=61163) to work on /home/ubuntu/.local/lib/python3.10/site-packages/airflow/example_dags/example_external_task_marker_dag.py
[2024-02-08T02:15:00.802+0100] {processor.py:830} INFO - Processing file /home/ubuntu/.local/lib/python3.10/site-packages/airflow/example_dags/example_external_task_marker_dag.py for tasks to queue
[2024-02-08T02:15:00.803+0100] {logging_mixin.py:188} INFO - [2024-02-08T02:15:00.802+0100] {dagbag.py:538} INFO - Filling up the DagBag from /home/ubuntu/.local/lib/python3.10/site-packages/airflow/example_dags/example_external_task_marker_dag.py
[2024-02-08T02:15:00.813+0100] {processor.py:840} INFO - DAG(s) 'example_external_task_marker_child', 'example_external_task_marker_parent' retrieved from /home/ubuntu/.local/lib/python3.10/site-packages/airflow/example_dags/example_external_task_marker_dag.py
[2024-02-08T02:15:00.834+0100] {logging_mixin.py:188} INFO - [2024-02-08T02:15:00.834+0100] {dag.py:3033} INFO - Sync 2 DAGs
[2024-02-08T02:15:00.847+0100] {logging_mixin.py:188} INFO - [2024-02-08T02:15:00.846+0100] {dag.py:3820} INFO - Setting next_dagrun for example_external_task_marker_child to None, run_after=None
[2024-02-08T02:15:00.850+0100] {logging_mixin.py:188} INFO - [2024-02-08T02:15:00.850+0100] {dag.py:3820} INFO - Setting next_dagrun for example_external_task_marker_parent to None, run_after=None
[2024-02-08T02:15:00.881+0100] {processor.py:183} INFO - Processing /home/ubuntu/.local/lib/python3.10/site-packages/airflow/example_dags/example_external_task_marker_dag.py took 0.085 seconds
[2024-02-08T02:15:55.754+0100] {processor.py:161} INFO - Started process (PID=61258) to work on /home/ubuntu/.local/lib/python3.10/site-packages/airflow/example_dags/example_external_task_marker_dag.py
[2024-02-08T02:15:55.756+0100] {processor.py:830} INFO - Processing file /home/ubuntu/.local/lib/python3.10/site-packages/airflow/example_dags/example_external_task_marker_dag.py for tasks to queue
[2024-02-08T02:15:55.757+0100] {logging_mixin.py:188} INFO - [2024-02-08T02:15:55.757+0100] {dagbag.py:538} INFO - Filling up the DagBag from /home/ubuntu/.local/lib/python3.10/site-packages/airflow/example_dags/example_external_task_marker_dag.py
[2024-02-08T02:15:55.764+0100] {processor.py:840} INFO - DAG(s) 'example_external_task_marker_child', 'example_external_task_marker_parent' retrieved from /home/ubuntu/.local/lib/python3.10/site-packages/airflow/example_dags/example_external_task_marker_dag.py
[2024-02-08T02:15:55.782+0100] {logging_mixin.py:188} INFO - [2024-02-08T02:15:55.782+0100] {dag.py:3033} INFO - Sync 2 DAGs
[2024-02-08T02:15:55.793+0100] {logging_mixin.py:188} INFO - [2024-02-08T02:15:55.793+0100] {dag.py:3820} INFO - Setting next_dagrun for example_external_task_marker_child to None, run_after=None
[2024-02-08T02:15:55.796+0100] {logging_mixin.py:188} INFO - [2024-02-08T02:15:55.796+0100] {dag.py:3820} INFO - Setting next_dagrun for example_external_task_marker_parent to None, run_after=None
[2024-02-08T02:15:55.830+0100] {processor.py:183} INFO - Processing /home/ubuntu/.local/lib/python3.10/site-packages/airflow/example_dags/example_external_task_marker_dag.py took 0.079 seconds
[2024-02-08T02:16:46.731+0100] {processor.py:161} INFO - Started process (PID=61332) to work on /home/ubuntu/.local/lib/python3.10/site-packages/airflow/example_dags/example_external_task_marker_dag.py
[2024-02-08T02:16:46.748+0100] {processor.py:830} INFO - Processing file /home/ubuntu/.local/lib/python3.10/site-packages/airflow/example_dags/example_external_task_marker_dag.py for tasks to queue
[2024-02-08T02:16:46.752+0100] {logging_mixin.py:188} INFO - [2024-02-08T02:16:46.749+0100] {dagbag.py:538} INFO - Filling up the DagBag from /home/ubuntu/.local/lib/python3.10/site-packages/airflow/example_dags/example_external_task_marker_dag.py
[2024-02-08T02:16:46.780+0100] {processor.py:840} INFO - DAG(s) 'example_external_task_marker_parent', 'example_external_task_marker_child' retrieved from /home/ubuntu/.local/lib/python3.10/site-packages/airflow/example_dags/example_external_task_marker_dag.py
[2024-02-08T02:16:46.852+0100] {logging_mixin.py:188} INFO - [2024-02-08T02:16:46.851+0100] {dag.py:3033} INFO - Sync 2 DAGs
[2024-02-08T02:16:46.867+0100] {logging_mixin.py:188} INFO - [2024-02-08T02:16:46.867+0100] {dag.py:3820} INFO - Setting next_dagrun for example_external_task_marker_child to None, run_after=None
[2024-02-08T02:16:46.871+0100] {logging_mixin.py:188} INFO - [2024-02-08T02:16:46.871+0100] {dag.py:3820} INFO - Setting next_dagrun for example_external_task_marker_parent to None, run_after=None
[2024-02-08T02:16:47.379+0100] {processor.py:183} INFO - Processing /home/ubuntu/.local/lib/python3.10/site-packages/airflow/example_dags/example_external_task_marker_dag.py took 0.663 seconds
