[2024-02-08T01:02:42.649+0100] {processor.py:161} INFO - Started process (PID=50703) to work on /home/ubuntu/.local/lib/python3.10/site-packages/airflow/example_dags/example_skip_dag.py
[2024-02-08T01:02:42.651+0100] {processor.py:830} INFO - Processing file /home/ubuntu/.local/lib/python3.10/site-packages/airflow/example_dags/example_skip_dag.py for tasks to queue
[2024-02-08T01:02:42.652+0100] {logging_mixin.py:188} INFO - [2024-02-08T01:02:42.651+0100] {dagbag.py:538} INFO - Filling up the DagBag from /home/ubuntu/.local/lib/python3.10/site-packages/airflow/example_dags/example_skip_dag.py
[2024-02-08T01:02:42.688+0100] {processor.py:840} INFO - DAG(s) 'example_skip_dag' retrieved from /home/ubuntu/.local/lib/python3.10/site-packages/airflow/example_dags/example_skip_dag.py
[2024-02-08T01:02:43.107+0100] {logging_mixin.py:188} INFO - [2024-02-08T01:02:43.107+0100] {dag.py:3033} INFO - Sync 1 DAGs
[2024-02-08T01:02:43.222+0100] {logging_mixin.py:188} INFO - [2024-02-08T01:02:43.222+0100] {dag.py:3820} INFO - Setting next_dagrun for example_skip_dag to 2024-02-07T00:00:00+00:00, run_after=2024-02-08T00:00:00+00:00
[2024-02-08T01:02:43.454+0100] {processor.py:183} INFO - Processing /home/ubuntu/.local/lib/python3.10/site-packages/airflow/example_dags/example_skip_dag.py took 0.815 seconds
[2024-02-08T01:04:31.658+0100] {processor.py:161} INFO - Started process (PID=50898) to work on /home/ubuntu/.local/lib/python3.10/site-packages/airflow/example_dags/example_skip_dag.py
[2024-02-08T01:04:31.666+0100] {processor.py:830} INFO - Processing file /home/ubuntu/.local/lib/python3.10/site-packages/airflow/example_dags/example_skip_dag.py for tasks to queue
[2024-02-08T01:04:31.669+0100] {logging_mixin.py:188} INFO - [2024-02-08T01:04:31.668+0100] {dagbag.py:538} INFO - Filling up the DagBag from /home/ubuntu/.local/lib/python3.10/site-packages/airflow/example_dags/example_skip_dag.py
[2024-02-08T01:04:31.707+0100] {processor.py:840} INFO - DAG(s) 'example_skip_dag' retrieved from /home/ubuntu/.local/lib/python3.10/site-packages/airflow/example_dags/example_skip_dag.py
[2024-02-08T01:04:31.773+0100] {logging_mixin.py:188} INFO - [2024-02-08T01:04:31.772+0100] {dag.py:3033} INFO - Sync 1 DAGs
[2024-02-08T01:04:31.873+0100] {logging_mixin.py:188} INFO - [2024-02-08T01:04:31.872+0100] {dag.py:3820} INFO - Setting next_dagrun for example_skip_dag to 2024-02-07T00:00:00+00:00, run_after=2024-02-08T00:00:00+00:00
[2024-02-08T01:04:32.157+0100] {processor.py:183} INFO - Processing /home/ubuntu/.local/lib/python3.10/site-packages/airflow/example_dags/example_skip_dag.py took 0.507 seconds
[2024-02-08T01:06:11.002+0100] {processor.py:161} INFO - Started process (PID=51122) to work on /home/ubuntu/.local/lib/python3.10/site-packages/airflow/example_dags/example_skip_dag.py
[2024-02-08T01:06:11.006+0100] {processor.py:830} INFO - Processing file /home/ubuntu/.local/lib/python3.10/site-packages/airflow/example_dags/example_skip_dag.py for tasks to queue
[2024-02-08T01:06:11.008+0100] {logging_mixin.py:188} INFO - [2024-02-08T01:06:11.007+0100] {dagbag.py:538} INFO - Filling up the DagBag from /home/ubuntu/.local/lib/python3.10/site-packages/airflow/example_dags/example_skip_dag.py
[2024-02-08T01:06:11.018+0100] {processor.py:840} INFO - DAG(s) 'example_skip_dag' retrieved from /home/ubuntu/.local/lib/python3.10/site-packages/airflow/example_dags/example_skip_dag.py
[2024-02-08T01:06:11.041+0100] {logging_mixin.py:188} INFO - [2024-02-08T01:06:11.041+0100] {dag.py:3033} INFO - Sync 1 DAGs
[2024-02-08T01:06:11.069+0100] {logging_mixin.py:188} INFO - [2024-02-08T01:06:11.069+0100] {dag.py:3820} INFO - Setting next_dagrun for example_skip_dag to 2024-02-07T00:00:00+00:00, run_after=2024-02-08T00:00:00+00:00
[2024-02-08T01:06:11.231+0100] {processor.py:183} INFO - Processing /home/ubuntu/.local/lib/python3.10/site-packages/airflow/example_dags/example_skip_dag.py took 0.233 seconds
[2024-02-08T01:07:26.211+0100] {processor.py:161} INFO - Started process (PID=51605) to work on /home/ubuntu/.local/lib/python3.10/site-packages/airflow/example_dags/example_skip_dag.py
[2024-02-08T01:07:26.253+0100] {processor.py:830} INFO - Processing file /home/ubuntu/.local/lib/python3.10/site-packages/airflow/example_dags/example_skip_dag.py for tasks to queue
[2024-02-08T01:07:26.257+0100] {logging_mixin.py:188} INFO - [2024-02-08T01:07:26.254+0100] {dagbag.py:538} INFO - Filling up the DagBag from /home/ubuntu/.local/lib/python3.10/site-packages/airflow/example_dags/example_skip_dag.py
[2024-02-08T01:07:26.287+0100] {processor.py:840} INFO - DAG(s) 'example_skip_dag' retrieved from /home/ubuntu/.local/lib/python3.10/site-packages/airflow/example_dags/example_skip_dag.py
[2024-02-08T01:07:26.401+0100] {logging_mixin.py:188} INFO - [2024-02-08T01:07:26.401+0100] {dag.py:3033} INFO - Sync 1 DAGs
[2024-02-08T01:07:26.460+0100] {logging_mixin.py:188} INFO - [2024-02-08T01:07:26.460+0100] {dag.py:3820} INFO - Setting next_dagrun for example_skip_dag to 2024-02-07T00:00:00+00:00, run_after=2024-02-08T00:00:00+00:00
[2024-02-08T01:07:26.788+0100] {processor.py:183} INFO - Processing /home/ubuntu/.local/lib/python3.10/site-packages/airflow/example_dags/example_skip_dag.py took 0.583 seconds
[2024-02-08T01:08:52.679+0100] {processor.py:161} INFO - Started process (PID=51998) to work on /home/ubuntu/.local/lib/python3.10/site-packages/airflow/example_dags/example_skip_dag.py
[2024-02-08T01:08:52.696+0100] {processor.py:830} INFO - Processing file /home/ubuntu/.local/lib/python3.10/site-packages/airflow/example_dags/example_skip_dag.py for tasks to queue
[2024-02-08T01:08:52.712+0100] {logging_mixin.py:188} INFO - [2024-02-08T01:08:52.697+0100] {dagbag.py:538} INFO - Filling up the DagBag from /home/ubuntu/.local/lib/python3.10/site-packages/airflow/example_dags/example_skip_dag.py
[2024-02-08T01:08:52.787+0100] {processor.py:840} INFO - DAG(s) 'example_skip_dag' retrieved from /home/ubuntu/.local/lib/python3.10/site-packages/airflow/example_dags/example_skip_dag.py
[2024-02-08T01:08:52.872+0100] {logging_mixin.py:188} INFO - [2024-02-08T01:08:52.872+0100] {dag.py:3033} INFO - Sync 1 DAGs
[2024-02-08T01:08:53.001+0100] {logging_mixin.py:188} INFO - [2024-02-08T01:08:53.001+0100] {dag.py:3820} INFO - Setting next_dagrun for example_skip_dag to 2024-02-07T00:00:00+00:00, run_after=2024-02-08T00:00:00+00:00
[2024-02-08T01:08:53.272+0100] {processor.py:183} INFO - Processing /home/ubuntu/.local/lib/python3.10/site-packages/airflow/example_dags/example_skip_dag.py took 0.611 seconds
[2024-02-08T01:10:26.435+0100] {processor.py:161} INFO - Started process (PID=52266) to work on /home/ubuntu/.local/lib/python3.10/site-packages/airflow/example_dags/example_skip_dag.py
[2024-02-08T01:10:26.471+0100] {processor.py:830} INFO - Processing file /home/ubuntu/.local/lib/python3.10/site-packages/airflow/example_dags/example_skip_dag.py for tasks to queue
[2024-02-08T01:10:26.473+0100] {logging_mixin.py:188} INFO - [2024-02-08T01:10:26.472+0100] {dagbag.py:538} INFO - Filling up the DagBag from /home/ubuntu/.local/lib/python3.10/site-packages/airflow/example_dags/example_skip_dag.py
[2024-02-08T01:10:26.525+0100] {processor.py:840} INFO - DAG(s) 'example_skip_dag' retrieved from /home/ubuntu/.local/lib/python3.10/site-packages/airflow/example_dags/example_skip_dag.py
[2024-02-08T01:10:26.595+0100] {logging_mixin.py:188} INFO - [2024-02-08T01:10:26.595+0100] {dag.py:3033} INFO - Sync 1 DAGs
[2024-02-08T01:10:26.645+0100] {logging_mixin.py:188} INFO - [2024-02-08T01:10:26.644+0100] {dag.py:3820} INFO - Setting next_dagrun for example_skip_dag to 2024-02-07T00:00:00+00:00, run_after=2024-02-08T00:00:00+00:00
[2024-02-08T01:10:26.780+0100] {processor.py:183} INFO - Processing /home/ubuntu/.local/lib/python3.10/site-packages/airflow/example_dags/example_skip_dag.py took 0.361 seconds
[2024-02-08T01:11:51.684+0100] {processor.py:161} INFO - Started process (PID=52577) to work on /home/ubuntu/.local/lib/python3.10/site-packages/airflow/example_dags/example_skip_dag.py
[2024-02-08T01:11:51.751+0100] {processor.py:830} INFO - Processing file /home/ubuntu/.local/lib/python3.10/site-packages/airflow/example_dags/example_skip_dag.py for tasks to queue
[2024-02-08T01:11:51.767+0100] {logging_mixin.py:188} INFO - [2024-02-08T01:11:51.752+0100] {dagbag.py:538} INFO - Filling up the DagBag from /home/ubuntu/.local/lib/python3.10/site-packages/airflow/example_dags/example_skip_dag.py
[2024-02-08T01:11:51.855+0100] {processor.py:840} INFO - DAG(s) 'example_skip_dag' retrieved from /home/ubuntu/.local/lib/python3.10/site-packages/airflow/example_dags/example_skip_dag.py
[2024-02-08T01:11:52.035+0100] {logging_mixin.py:188} INFO - [2024-02-08T01:11:52.029+0100] {dag.py:3033} INFO - Sync 1 DAGs
[2024-02-08T01:11:52.180+0100] {logging_mixin.py:188} INFO - [2024-02-08T01:11:52.179+0100] {dag.py:3820} INFO - Setting next_dagrun for example_skip_dag to 2024-02-07T00:00:00+00:00, run_after=2024-02-08T00:00:00+00:00
[2024-02-08T01:11:52.706+0100] {processor.py:183} INFO - Processing /home/ubuntu/.local/lib/python3.10/site-packages/airflow/example_dags/example_skip_dag.py took 1.140 seconds
[2024-02-08T01:15:36.840+0100] {processor.py:161} INFO - Started process (PID=53404) to work on /home/ubuntu/.local/lib/python3.10/site-packages/airflow/example_dags/example_skip_dag.py
[2024-02-08T01:15:36.843+0100] {processor.py:830} INFO - Processing file /home/ubuntu/.local/lib/python3.10/site-packages/airflow/example_dags/example_skip_dag.py for tasks to queue
[2024-02-08T01:15:36.844+0100] {logging_mixin.py:188} INFO - [2024-02-08T01:15:36.844+0100] {dagbag.py:538} INFO - Filling up the DagBag from /home/ubuntu/.local/lib/python3.10/site-packages/airflow/example_dags/example_skip_dag.py
[2024-02-08T01:15:36.891+0100] {processor.py:840} INFO - DAG(s) 'example_skip_dag' retrieved from /home/ubuntu/.local/lib/python3.10/site-packages/airflow/example_dags/example_skip_dag.py
[2024-02-08T01:15:37.079+0100] {logging_mixin.py:188} INFO - [2024-02-08T01:15:37.079+0100] {dag.py:3033} INFO - Sync 1 DAGs
[2024-02-08T01:15:37.207+0100] {logging_mixin.py:188} INFO - [2024-02-08T01:15:37.206+0100] {dag.py:3820} INFO - Setting next_dagrun for example_skip_dag to 2024-02-07T00:00:00+00:00, run_after=2024-02-08T00:00:00+00:00
[2024-02-08T01:15:37.487+0100] {processor.py:183} INFO - Processing /home/ubuntu/.local/lib/python3.10/site-packages/airflow/example_dags/example_skip_dag.py took 0.656 seconds
[2024-02-08T01:18:55.108+0100] {processor.py:161} INFO - Started process (PID=54302) to work on /home/ubuntu/.local/lib/python3.10/site-packages/airflow/example_dags/example_skip_dag.py
[2024-02-08T01:18:55.128+0100] {processor.py:830} INFO - Processing file /home/ubuntu/.local/lib/python3.10/site-packages/airflow/example_dags/example_skip_dag.py for tasks to queue
[2024-02-08T01:18:55.129+0100] {logging_mixin.py:188} INFO - [2024-02-08T01:18:55.129+0100] {dagbag.py:538} INFO - Filling up the DagBag from /home/ubuntu/.local/lib/python3.10/site-packages/airflow/example_dags/example_skip_dag.py
[2024-02-08T01:18:55.196+0100] {processor.py:840} INFO - DAG(s) 'example_skip_dag' retrieved from /home/ubuntu/.local/lib/python3.10/site-packages/airflow/example_dags/example_skip_dag.py
[2024-02-08T01:18:55.313+0100] {logging_mixin.py:188} INFO - [2024-02-08T01:18:55.312+0100] {dag.py:3033} INFO - Sync 1 DAGs
[2024-02-08T01:18:55.435+0100] {logging_mixin.py:188} INFO - [2024-02-08T01:18:55.435+0100] {dag.py:3820} INFO - Setting next_dagrun for example_skip_dag to 2024-02-07T00:00:00+00:00, run_after=2024-02-08T00:00:00+00:00
[2024-02-08T01:18:55.799+0100] {processor.py:183} INFO - Processing /home/ubuntu/.local/lib/python3.10/site-packages/airflow/example_dags/example_skip_dag.py took 0.766 seconds
[2024-02-08T01:20:53.447+0100] {processor.py:161} INFO - Started process (PID=54555) to work on /home/ubuntu/.local/lib/python3.10/site-packages/airflow/example_dags/example_skip_dag.py
[2024-02-08T01:20:53.450+0100] {processor.py:830} INFO - Processing file /home/ubuntu/.local/lib/python3.10/site-packages/airflow/example_dags/example_skip_dag.py for tasks to queue
[2024-02-08T01:20:53.452+0100] {logging_mixin.py:188} INFO - [2024-02-08T01:20:53.451+0100] {dagbag.py:538} INFO - Filling up the DagBag from /home/ubuntu/.local/lib/python3.10/site-packages/airflow/example_dags/example_skip_dag.py
[2024-02-08T01:20:53.467+0100] {processor.py:840} INFO - DAG(s) 'example_skip_dag' retrieved from /home/ubuntu/.local/lib/python3.10/site-packages/airflow/example_dags/example_skip_dag.py
[2024-02-08T01:20:53.497+0100] {logging_mixin.py:188} INFO - [2024-02-08T01:20:53.496+0100] {dag.py:3033} INFO - Sync 1 DAGs
[2024-02-08T01:20:53.535+0100] {logging_mixin.py:188} INFO - [2024-02-08T01:20:53.535+0100] {dag.py:3820} INFO - Setting next_dagrun for example_skip_dag to 2024-02-07T00:00:00+00:00, run_after=2024-02-08T00:00:00+00:00
[2024-02-08T01:20:53.582+0100] {processor.py:183} INFO - Processing /home/ubuntu/.local/lib/python3.10/site-packages/airflow/example_dags/example_skip_dag.py took 0.140 seconds
[2024-02-08T01:22:40.851+0100] {processor.py:161} INFO - Started process (PID=54747) to work on /home/ubuntu/.local/lib/python3.10/site-packages/airflow/example_dags/example_skip_dag.py
[2024-02-08T01:22:40.871+0100] {processor.py:830} INFO - Processing file /home/ubuntu/.local/lib/python3.10/site-packages/airflow/example_dags/example_skip_dag.py for tasks to queue
[2024-02-08T01:22:40.879+0100] {logging_mixin.py:188} INFO - [2024-02-08T01:22:40.875+0100] {dagbag.py:538} INFO - Filling up the DagBag from /home/ubuntu/.local/lib/python3.10/site-packages/airflow/example_dags/example_skip_dag.py
[2024-02-08T01:22:40.939+0100] {processor.py:840} INFO - DAG(s) 'example_skip_dag' retrieved from /home/ubuntu/.local/lib/python3.10/site-packages/airflow/example_dags/example_skip_dag.py
[2024-02-08T01:22:40.981+0100] {logging_mixin.py:188} INFO - [2024-02-08T01:22:40.980+0100] {dag.py:3033} INFO - Sync 1 DAGs
[2024-02-08T01:22:41.034+0100] {logging_mixin.py:188} INFO - [2024-02-08T01:22:41.034+0100] {dag.py:3820} INFO - Setting next_dagrun for example_skip_dag to 2024-02-07T00:00:00+00:00, run_after=2024-02-08T00:00:00+00:00
[2024-02-08T01:22:41.118+0100] {processor.py:183} INFO - Processing /home/ubuntu/.local/lib/python3.10/site-packages/airflow/example_dags/example_skip_dag.py took 0.288 seconds
[2024-02-08T01:23:57.781+0100] {processor.py:161} INFO - Started process (PID=54984) to work on /home/ubuntu/.local/lib/python3.10/site-packages/airflow/example_dags/example_skip_dag.py
[2024-02-08T01:23:57.792+0100] {processor.py:830} INFO - Processing file /home/ubuntu/.local/lib/python3.10/site-packages/airflow/example_dags/example_skip_dag.py for tasks to queue
[2024-02-08T01:23:57.798+0100] {logging_mixin.py:188} INFO - [2024-02-08T01:23:57.798+0100] {dagbag.py:538} INFO - Filling up the DagBag from /home/ubuntu/.local/lib/python3.10/site-packages/airflow/example_dags/example_skip_dag.py
[2024-02-08T01:23:57.846+0100] {processor.py:840} INFO - DAG(s) 'example_skip_dag' retrieved from /home/ubuntu/.local/lib/python3.10/site-packages/airflow/example_dags/example_skip_dag.py
[2024-02-08T01:23:57.879+0100] {logging_mixin.py:188} INFO - [2024-02-08T01:23:57.879+0100] {dag.py:3033} INFO - Sync 1 DAGs
[2024-02-08T01:23:57.919+0100] {logging_mixin.py:188} INFO - [2024-02-08T01:23:57.918+0100] {dag.py:3820} INFO - Setting next_dagrun for example_skip_dag to 2024-02-07T00:00:00+00:00, run_after=2024-02-08T00:00:00+00:00
[2024-02-08T01:23:57.964+0100] {processor.py:183} INFO - Processing /home/ubuntu/.local/lib/python3.10/site-packages/airflow/example_dags/example_skip_dag.py took 0.187 seconds
[2024-02-08T01:25:06.934+0100] {processor.py:161} INFO - Started process (PID=55112) to work on /home/ubuntu/.local/lib/python3.10/site-packages/airflow/example_dags/example_skip_dag.py
[2024-02-08T01:25:06.960+0100] {processor.py:830} INFO - Processing file /home/ubuntu/.local/lib/python3.10/site-packages/airflow/example_dags/example_skip_dag.py for tasks to queue
[2024-02-08T01:25:06.971+0100] {logging_mixin.py:188} INFO - [2024-02-08T01:25:06.967+0100] {dagbag.py:538} INFO - Filling up the DagBag from /home/ubuntu/.local/lib/python3.10/site-packages/airflow/example_dags/example_skip_dag.py
[2024-02-08T01:25:07.029+0100] {processor.py:840} INFO - DAG(s) 'example_skip_dag' retrieved from /home/ubuntu/.local/lib/python3.10/site-packages/airflow/example_dags/example_skip_dag.py
[2024-02-08T01:25:07.105+0100] {logging_mixin.py:188} INFO - [2024-02-08T01:25:07.105+0100] {dag.py:3033} INFO - Sync 1 DAGs
[2024-02-08T01:25:07.141+0100] {logging_mixin.py:188} INFO - [2024-02-08T01:25:07.141+0100] {dag.py:3820} INFO - Setting next_dagrun for example_skip_dag to 2024-02-07T00:00:00+00:00, run_after=2024-02-08T00:00:00+00:00
[2024-02-08T01:25:07.207+0100] {processor.py:183} INFO - Processing /home/ubuntu/.local/lib/python3.10/site-packages/airflow/example_dags/example_skip_dag.py took 0.315 seconds
[2024-02-08T01:26:52.175+0100] {processor.py:161} INFO - Started process (PID=55295) to work on /home/ubuntu/.local/lib/python3.10/site-packages/airflow/example_dags/example_skip_dag.py
[2024-02-08T01:26:52.181+0100] {processor.py:830} INFO - Processing file /home/ubuntu/.local/lib/python3.10/site-packages/airflow/example_dags/example_skip_dag.py for tasks to queue
[2024-02-08T01:26:52.185+0100] {logging_mixin.py:188} INFO - [2024-02-08T01:26:52.183+0100] {dagbag.py:538} INFO - Filling up the DagBag from /home/ubuntu/.local/lib/python3.10/site-packages/airflow/example_dags/example_skip_dag.py
[2024-02-08T01:26:52.221+0100] {processor.py:840} INFO - DAG(s) 'example_skip_dag' retrieved from /home/ubuntu/.local/lib/python3.10/site-packages/airflow/example_dags/example_skip_dag.py
[2024-02-08T01:26:52.352+0100] {logging_mixin.py:188} INFO - [2024-02-08T01:26:52.351+0100] {dag.py:3033} INFO - Sync 1 DAGs
[2024-02-08T01:26:52.510+0100] {logging_mixin.py:188} INFO - [2024-02-08T01:26:52.509+0100] {dag.py:3820} INFO - Setting next_dagrun for example_skip_dag to 2024-02-07T00:00:00+00:00, run_after=2024-02-08T00:00:00+00:00
[2024-02-08T01:26:52.703+0100] {processor.py:183} INFO - Processing /home/ubuntu/.local/lib/python3.10/site-packages/airflow/example_dags/example_skip_dag.py took 0.540 seconds
[2024-02-08T01:28:26.963+0100] {processor.py:161} INFO - Started process (PID=55466) to work on /home/ubuntu/.local/lib/python3.10/site-packages/airflow/example_dags/example_skip_dag.py
[2024-02-08T01:28:26.996+0100] {processor.py:830} INFO - Processing file /home/ubuntu/.local/lib/python3.10/site-packages/airflow/example_dags/example_skip_dag.py for tasks to queue
[2024-02-08T01:28:27.000+0100] {logging_mixin.py:188} INFO - [2024-02-08T01:28:26.999+0100] {dagbag.py:538} INFO - Filling up the DagBag from /home/ubuntu/.local/lib/python3.10/site-packages/airflow/example_dags/example_skip_dag.py
[2024-02-08T01:28:27.058+0100] {processor.py:840} INFO - DAG(s) 'example_skip_dag' retrieved from /home/ubuntu/.local/lib/python3.10/site-packages/airflow/example_dags/example_skip_dag.py
[2024-02-08T01:28:27.172+0100] {logging_mixin.py:188} INFO - [2024-02-08T01:28:27.172+0100] {dag.py:3033} INFO - Sync 1 DAGs
[2024-02-08T01:28:27.317+0100] {logging_mixin.py:188} INFO - [2024-02-08T01:28:27.317+0100] {dag.py:3820} INFO - Setting next_dagrun for example_skip_dag to 2024-02-07T00:00:00+00:00, run_after=2024-02-08T00:00:00+00:00
[2024-02-08T01:28:27.376+0100] {processor.py:183} INFO - Processing /home/ubuntu/.local/lib/python3.10/site-packages/airflow/example_dags/example_skip_dag.py took 0.516 seconds
[2024-02-08T01:30:23.611+0100] {processor.py:161} INFO - Started process (PID=55682) to work on /home/ubuntu/.local/lib/python3.10/site-packages/airflow/example_dags/example_skip_dag.py
[2024-02-08T01:30:23.649+0100] {processor.py:830} INFO - Processing file /home/ubuntu/.local/lib/python3.10/site-packages/airflow/example_dags/example_skip_dag.py for tasks to queue
[2024-02-08T01:30:23.650+0100] {logging_mixin.py:188} INFO - [2024-02-08T01:30:23.650+0100] {dagbag.py:538} INFO - Filling up the DagBag from /home/ubuntu/.local/lib/python3.10/site-packages/airflow/example_dags/example_skip_dag.py
[2024-02-08T01:30:23.689+0100] {processor.py:840} INFO - DAG(s) 'example_skip_dag' retrieved from /home/ubuntu/.local/lib/python3.10/site-packages/airflow/example_dags/example_skip_dag.py
[2024-02-08T01:30:23.726+0100] {logging_mixin.py:188} INFO - [2024-02-08T01:30:23.726+0100] {dag.py:3033} INFO - Sync 1 DAGs
[2024-02-08T01:30:23.765+0100] {logging_mixin.py:188} INFO - [2024-02-08T01:30:23.765+0100] {dag.py:3820} INFO - Setting next_dagrun for example_skip_dag to 2024-02-07T00:00:00+00:00, run_after=2024-02-08T00:00:00+00:00
[2024-02-08T01:30:23.817+0100] {processor.py:183} INFO - Processing /home/ubuntu/.local/lib/python3.10/site-packages/airflow/example_dags/example_skip_dag.py took 0.248 seconds
[2024-02-08T01:32:19.001+0100] {processor.py:161} INFO - Started process (PID=55885) to work on /home/ubuntu/.local/lib/python3.10/site-packages/airflow/example_dags/example_skip_dag.py
[2024-02-08T01:32:19.023+0100] {processor.py:830} INFO - Processing file /home/ubuntu/.local/lib/python3.10/site-packages/airflow/example_dags/example_skip_dag.py for tasks to queue
[2024-02-08T01:32:19.024+0100] {logging_mixin.py:188} INFO - [2024-02-08T01:32:19.024+0100] {dagbag.py:538} INFO - Filling up the DagBag from /home/ubuntu/.local/lib/python3.10/site-packages/airflow/example_dags/example_skip_dag.py
[2024-02-08T01:32:19.052+0100] {processor.py:840} INFO - DAG(s) 'example_skip_dag' retrieved from /home/ubuntu/.local/lib/python3.10/site-packages/airflow/example_dags/example_skip_dag.py
[2024-02-08T01:32:19.365+0100] {logging_mixin.py:188} INFO - [2024-02-08T01:32:19.364+0100] {dag.py:3033} INFO - Sync 1 DAGs
[2024-02-08T01:32:20.204+0100] {logging_mixin.py:188} INFO - [2024-02-08T01:32:20.203+0100] {dag.py:3820} INFO - Setting next_dagrun for example_skip_dag to 2024-02-07T00:00:00+00:00, run_after=2024-02-08T00:00:00+00:00
[2024-02-08T01:32:22.039+0100] {processor.py:183} INFO - Processing /home/ubuntu/.local/lib/python3.10/site-packages/airflow/example_dags/example_skip_dag.py took 3.066 seconds
[2024-02-08T01:35:32.981+0100] {processor.py:161} INFO - Started process (PID=56181) to work on /home/ubuntu/.local/lib/python3.10/site-packages/airflow/example_dags/example_skip_dag.py
[2024-02-08T01:35:33.004+0100] {processor.py:830} INFO - Processing file /home/ubuntu/.local/lib/python3.10/site-packages/airflow/example_dags/example_skip_dag.py for tasks to queue
[2024-02-08T01:35:33.007+0100] {logging_mixin.py:188} INFO - [2024-02-08T01:35:33.005+0100] {dagbag.py:538} INFO - Filling up the DagBag from /home/ubuntu/.local/lib/python3.10/site-packages/airflow/example_dags/example_skip_dag.py
[2024-02-08T01:35:33.086+0100] {processor.py:840} INFO - DAG(s) 'example_skip_dag' retrieved from /home/ubuntu/.local/lib/python3.10/site-packages/airflow/example_dags/example_skip_dag.py
[2024-02-08T01:35:33.176+0100] {logging_mixin.py:188} INFO - [2024-02-08T01:35:33.176+0100] {dag.py:3033} INFO - Sync 1 DAGs
[2024-02-08T01:35:33.285+0100] {logging_mixin.py:188} INFO - [2024-02-08T01:35:33.285+0100] {dag.py:3820} INFO - Setting next_dagrun for example_skip_dag to 2024-02-07T00:00:00+00:00, run_after=2024-02-08T00:00:00+00:00
[2024-02-08T01:35:33.517+0100] {processor.py:183} INFO - Processing /home/ubuntu/.local/lib/python3.10/site-packages/airflow/example_dags/example_skip_dag.py took 0.556 seconds
[2024-02-08T01:38:02.166+0100] {processor.py:161} INFO - Started process (PID=56420) to work on /home/ubuntu/.local/lib/python3.10/site-packages/airflow/example_dags/example_skip_dag.py
[2024-02-08T01:38:02.171+0100] {processor.py:830} INFO - Processing file /home/ubuntu/.local/lib/python3.10/site-packages/airflow/example_dags/example_skip_dag.py for tasks to queue
[2024-02-08T01:38:02.172+0100] {logging_mixin.py:188} INFO - [2024-02-08T01:38:02.172+0100] {dagbag.py:538} INFO - Filling up the DagBag from /home/ubuntu/.local/lib/python3.10/site-packages/airflow/example_dags/example_skip_dag.py
[2024-02-08T01:38:02.184+0100] {processor.py:840} INFO - DAG(s) 'example_skip_dag' retrieved from /home/ubuntu/.local/lib/python3.10/site-packages/airflow/example_dags/example_skip_dag.py
[2024-02-08T01:38:02.208+0100] {logging_mixin.py:188} INFO - [2024-02-08T01:38:02.207+0100] {dag.py:3033} INFO - Sync 1 DAGs
[2024-02-08T01:38:02.238+0100] {logging_mixin.py:188} INFO - [2024-02-08T01:38:02.238+0100] {dag.py:3820} INFO - Setting next_dagrun for example_skip_dag to 2024-02-07T00:00:00+00:00, run_after=2024-02-08T00:00:00+00:00
[2024-02-08T01:38:02.296+0100] {processor.py:183} INFO - Processing /home/ubuntu/.local/lib/python3.10/site-packages/airflow/example_dags/example_skip_dag.py took 0.135 seconds
[2024-02-08T01:39:54.909+0100] {processor.py:161} INFO - Started process (PID=56638) to work on /home/ubuntu/.local/lib/python3.10/site-packages/airflow/example_dags/example_skip_dag.py
[2024-02-08T01:39:54.913+0100] {processor.py:830} INFO - Processing file /home/ubuntu/.local/lib/python3.10/site-packages/airflow/example_dags/example_skip_dag.py for tasks to queue
[2024-02-08T01:39:54.914+0100] {logging_mixin.py:188} INFO - [2024-02-08T01:39:54.913+0100] {dagbag.py:538} INFO - Filling up the DagBag from /home/ubuntu/.local/lib/python3.10/site-packages/airflow/example_dags/example_skip_dag.py
[2024-02-08T01:39:54.936+0100] {processor.py:840} INFO - DAG(s) 'example_skip_dag' retrieved from /home/ubuntu/.local/lib/python3.10/site-packages/airflow/example_dags/example_skip_dag.py
[2024-02-08T01:39:54.993+0100] {logging_mixin.py:188} INFO - [2024-02-08T01:39:54.986+0100] {dag.py:3033} INFO - Sync 1 DAGs
[2024-02-08T01:39:55.142+0100] {logging_mixin.py:188} INFO - [2024-02-08T01:39:55.142+0100] {dag.py:3820} INFO - Setting next_dagrun for example_skip_dag to 2024-02-07T00:00:00+00:00, run_after=2024-02-08T00:00:00+00:00
[2024-02-08T01:39:55.344+0100] {processor.py:183} INFO - Processing /home/ubuntu/.local/lib/python3.10/site-packages/airflow/example_dags/example_skip_dag.py took 0.450 seconds
[2024-02-08T01:41:57.410+0100] {processor.py:161} INFO - Started process (PID=56874) to work on /home/ubuntu/.local/lib/python3.10/site-packages/airflow/example_dags/example_skip_dag.py
[2024-02-08T01:41:57.412+0100] {processor.py:830} INFO - Processing file /home/ubuntu/.local/lib/python3.10/site-packages/airflow/example_dags/example_skip_dag.py for tasks to queue
[2024-02-08T01:41:57.413+0100] {logging_mixin.py:188} INFO - [2024-02-08T01:41:57.413+0100] {dagbag.py:538} INFO - Filling up the DagBag from /home/ubuntu/.local/lib/python3.10/site-packages/airflow/example_dags/example_skip_dag.py
[2024-02-08T01:41:57.427+0100] {processor.py:840} INFO - DAG(s) 'example_skip_dag' retrieved from /home/ubuntu/.local/lib/python3.10/site-packages/airflow/example_dags/example_skip_dag.py
[2024-02-08T01:41:57.447+0100] {logging_mixin.py:188} INFO - [2024-02-08T01:41:57.447+0100] {dag.py:3033} INFO - Sync 1 DAGs
[2024-02-08T01:41:57.484+0100] {logging_mixin.py:188} INFO - [2024-02-08T01:41:57.483+0100] {dag.py:3820} INFO - Setting next_dagrun for example_skip_dag to 2024-02-07T00:00:00+00:00, run_after=2024-02-08T00:00:00+00:00
[2024-02-08T01:41:57.745+0100] {processor.py:183} INFO - Processing /home/ubuntu/.local/lib/python3.10/site-packages/airflow/example_dags/example_skip_dag.py took 0.339 seconds
[2024-02-08T01:43:22.047+0100] {processor.py:161} INFO - Started process (PID=57050) to work on /home/ubuntu/.local/lib/python3.10/site-packages/airflow/example_dags/example_skip_dag.py
[2024-02-08T01:43:22.097+0100] {processor.py:830} INFO - Processing file /home/ubuntu/.local/lib/python3.10/site-packages/airflow/example_dags/example_skip_dag.py for tasks to queue
[2024-02-08T01:43:22.099+0100] {logging_mixin.py:188} INFO - [2024-02-08T01:43:22.098+0100] {dagbag.py:538} INFO - Filling up the DagBag from /home/ubuntu/.local/lib/python3.10/site-packages/airflow/example_dags/example_skip_dag.py
[2024-02-08T01:43:22.151+0100] {processor.py:840} INFO - DAG(s) 'example_skip_dag' retrieved from /home/ubuntu/.local/lib/python3.10/site-packages/airflow/example_dags/example_skip_dag.py
[2024-02-08T01:43:22.200+0100] {logging_mixin.py:188} INFO - [2024-02-08T01:43:22.200+0100] {dag.py:3033} INFO - Sync 1 DAGs
[2024-02-08T01:43:22.481+0100] {logging_mixin.py:188} INFO - [2024-02-08T01:43:22.480+0100] {dag.py:3820} INFO - Setting next_dagrun for example_skip_dag to 2024-02-07T00:00:00+00:00, run_after=2024-02-08T00:00:00+00:00
[2024-02-08T01:43:22.552+0100] {processor.py:183} INFO - Processing /home/ubuntu/.local/lib/python3.10/site-packages/airflow/example_dags/example_skip_dag.py took 0.531 seconds
[2024-02-08T01:44:36.410+0100] {processor.py:161} INFO - Started process (PID=57186) to work on /home/ubuntu/.local/lib/python3.10/site-packages/airflow/example_dags/example_skip_dag.py
[2024-02-08T01:44:36.412+0100] {processor.py:830} INFO - Processing file /home/ubuntu/.local/lib/python3.10/site-packages/airflow/example_dags/example_skip_dag.py for tasks to queue
[2024-02-08T01:44:36.413+0100] {logging_mixin.py:188} INFO - [2024-02-08T01:44:36.413+0100] {dagbag.py:538} INFO - Filling up the DagBag from /home/ubuntu/.local/lib/python3.10/site-packages/airflow/example_dags/example_skip_dag.py
[2024-02-08T01:44:36.424+0100] {processor.py:840} INFO - DAG(s) 'example_skip_dag' retrieved from /home/ubuntu/.local/lib/python3.10/site-packages/airflow/example_dags/example_skip_dag.py
[2024-02-08T01:44:36.468+0100] {logging_mixin.py:188} INFO - [2024-02-08T01:44:36.468+0100] {dag.py:3033} INFO - Sync 1 DAGs
[2024-02-08T01:44:36.493+0100] {logging_mixin.py:188} INFO - [2024-02-08T01:44:36.493+0100] {dag.py:3820} INFO - Setting next_dagrun for example_skip_dag to 2024-02-07T00:00:00+00:00, run_after=2024-02-08T00:00:00+00:00
[2024-02-08T01:44:36.527+0100] {processor.py:183} INFO - Processing /home/ubuntu/.local/lib/python3.10/site-packages/airflow/example_dags/example_skip_dag.py took 0.122 seconds
[2024-02-08T01:45:41.874+0100] {processor.py:161} INFO - Started process (PID=57318) to work on /home/ubuntu/.local/lib/python3.10/site-packages/airflow/example_dags/example_skip_dag.py
[2024-02-08T01:45:41.876+0100] {processor.py:830} INFO - Processing file /home/ubuntu/.local/lib/python3.10/site-packages/airflow/example_dags/example_skip_dag.py for tasks to queue
[2024-02-08T01:45:41.877+0100] {logging_mixin.py:188} INFO - [2024-02-08T01:45:41.877+0100] {dagbag.py:538} INFO - Filling up the DagBag from /home/ubuntu/.local/lib/python3.10/site-packages/airflow/example_dags/example_skip_dag.py
[2024-02-08T01:45:41.886+0100] {processor.py:840} INFO - DAG(s) 'example_skip_dag' retrieved from /home/ubuntu/.local/lib/python3.10/site-packages/airflow/example_dags/example_skip_dag.py
[2024-02-08T01:45:41.916+0100] {logging_mixin.py:188} INFO - [2024-02-08T01:45:41.915+0100] {dag.py:3033} INFO - Sync 1 DAGs
[2024-02-08T01:45:41.951+0100] {logging_mixin.py:188} INFO - [2024-02-08T01:45:41.951+0100] {dag.py:3820} INFO - Setting next_dagrun for example_skip_dag to 2024-02-07T00:00:00+00:00, run_after=2024-02-08T00:00:00+00:00
[2024-02-08T01:45:41.999+0100] {processor.py:183} INFO - Processing /home/ubuntu/.local/lib/python3.10/site-packages/airflow/example_dags/example_skip_dag.py took 0.128 seconds
[2024-02-08T01:46:43.019+0100] {processor.py:161} INFO - Started process (PID=57437) to work on /home/ubuntu/.local/lib/python3.10/site-packages/airflow/example_dags/example_skip_dag.py
[2024-02-08T01:46:43.020+0100] {processor.py:830} INFO - Processing file /home/ubuntu/.local/lib/python3.10/site-packages/airflow/example_dags/example_skip_dag.py for tasks to queue
[2024-02-08T01:46:43.022+0100] {logging_mixin.py:188} INFO - [2024-02-08T01:46:43.021+0100] {dagbag.py:538} INFO - Filling up the DagBag from /home/ubuntu/.local/lib/python3.10/site-packages/airflow/example_dags/example_skip_dag.py
[2024-02-08T01:46:43.034+0100] {processor.py:840} INFO - DAG(s) 'example_skip_dag' retrieved from /home/ubuntu/.local/lib/python3.10/site-packages/airflow/example_dags/example_skip_dag.py
[2024-02-08T01:46:43.059+0100] {logging_mixin.py:188} INFO - [2024-02-08T01:46:43.059+0100] {dag.py:3033} INFO - Sync 1 DAGs
[2024-02-08T01:46:43.084+0100] {logging_mixin.py:188} INFO - [2024-02-08T01:46:43.084+0100] {dag.py:3820} INFO - Setting next_dagrun for example_skip_dag to 2024-02-07T00:00:00+00:00, run_after=2024-02-08T00:00:00+00:00
[2024-02-08T01:46:43.111+0100] {processor.py:183} INFO - Processing /home/ubuntu/.local/lib/python3.10/site-packages/airflow/example_dags/example_skip_dag.py took 0.097 seconds
[2024-02-08T01:48:06.807+0100] {processor.py:161} INFO - Started process (PID=57618) to work on /home/ubuntu/.local/lib/python3.10/site-packages/airflow/example_dags/example_skip_dag.py
[2024-02-08T01:48:06.831+0100] {processor.py:830} INFO - Processing file /home/ubuntu/.local/lib/python3.10/site-packages/airflow/example_dags/example_skip_dag.py for tasks to queue
[2024-02-08T01:48:06.835+0100] {logging_mixin.py:188} INFO - [2024-02-08T01:48:06.835+0100] {dagbag.py:538} INFO - Filling up the DagBag from /home/ubuntu/.local/lib/python3.10/site-packages/airflow/example_dags/example_skip_dag.py
[2024-02-08T01:48:06.871+0100] {processor.py:840} INFO - DAG(s) 'example_skip_dag' retrieved from /home/ubuntu/.local/lib/python3.10/site-packages/airflow/example_dags/example_skip_dag.py
[2024-02-08T01:48:06.949+0100] {logging_mixin.py:188} INFO - [2024-02-08T01:48:06.949+0100] {dag.py:3033} INFO - Sync 1 DAGs
[2024-02-08T01:48:07.064+0100] {logging_mixin.py:188} INFO - [2024-02-08T01:48:07.063+0100] {dag.py:3820} INFO - Setting next_dagrun for example_skip_dag to 2024-02-07T00:00:00+00:00, run_after=2024-02-08T00:00:00+00:00
[2024-02-08T01:48:07.278+0100] {processor.py:183} INFO - Processing /home/ubuntu/.local/lib/python3.10/site-packages/airflow/example_dags/example_skip_dag.py took 0.500 seconds
[2024-02-08T01:49:52.146+0100] {processor.py:161} INFO - Started process (PID=57828) to work on /home/ubuntu/.local/lib/python3.10/site-packages/airflow/example_dags/example_skip_dag.py
[2024-02-08T01:49:52.155+0100] {processor.py:830} INFO - Processing file /home/ubuntu/.local/lib/python3.10/site-packages/airflow/example_dags/example_skip_dag.py for tasks to queue
[2024-02-08T01:49:52.160+0100] {logging_mixin.py:188} INFO - [2024-02-08T01:49:52.159+0100] {dagbag.py:538} INFO - Filling up the DagBag from /home/ubuntu/.local/lib/python3.10/site-packages/airflow/example_dags/example_skip_dag.py
[2024-02-08T01:49:52.207+0100] {processor.py:840} INFO - DAG(s) 'example_skip_dag' retrieved from /home/ubuntu/.local/lib/python3.10/site-packages/airflow/example_dags/example_skip_dag.py
[2024-02-08T01:49:52.341+0100] {logging_mixin.py:188} INFO - [2024-02-08T01:49:52.340+0100] {dag.py:3033} INFO - Sync 1 DAGs
[2024-02-08T01:49:52.450+0100] {logging_mixin.py:188} INFO - [2024-02-08T01:49:52.450+0100] {dag.py:3820} INFO - Setting next_dagrun for example_skip_dag to 2024-02-07T00:00:00+00:00, run_after=2024-02-08T00:00:00+00:00
[2024-02-08T01:49:52.595+0100] {processor.py:183} INFO - Processing /home/ubuntu/.local/lib/python3.10/site-packages/airflow/example_dags/example_skip_dag.py took 0.453 seconds
[2024-02-08T01:51:31.699+0100] {processor.py:161} INFO - Started process (PID=58023) to work on /home/ubuntu/.local/lib/python3.10/site-packages/airflow/example_dags/example_skip_dag.py
[2024-02-08T01:51:31.717+0100] {processor.py:830} INFO - Processing file /home/ubuntu/.local/lib/python3.10/site-packages/airflow/example_dags/example_skip_dag.py for tasks to queue
[2024-02-08T01:51:31.719+0100] {logging_mixin.py:188} INFO - [2024-02-08T01:51:31.718+0100] {dagbag.py:538} INFO - Filling up the DagBag from /home/ubuntu/.local/lib/python3.10/site-packages/airflow/example_dags/example_skip_dag.py
[2024-02-08T01:51:31.764+0100] {processor.py:840} INFO - DAG(s) 'example_skip_dag' retrieved from /home/ubuntu/.local/lib/python3.10/site-packages/airflow/example_dags/example_skip_dag.py
[2024-02-08T01:51:31.823+0100] {logging_mixin.py:188} INFO - [2024-02-08T01:51:31.823+0100] {dag.py:3033} INFO - Sync 1 DAGs
[2024-02-08T01:51:31.878+0100] {logging_mixin.py:188} INFO - [2024-02-08T01:51:31.878+0100] {dag.py:3820} INFO - Setting next_dagrun for example_skip_dag to 2024-02-07T00:00:00+00:00, run_after=2024-02-08T00:00:00+00:00
[2024-02-08T01:51:31.996+0100] {processor.py:183} INFO - Processing /home/ubuntu/.local/lib/python3.10/site-packages/airflow/example_dags/example_skip_dag.py took 0.335 seconds
[2024-02-08T01:52:58.583+0100] {processor.py:161} INFO - Started process (PID=58178) to work on /home/ubuntu/.local/lib/python3.10/site-packages/airflow/example_dags/example_skip_dag.py
[2024-02-08T01:52:58.613+0100] {processor.py:830} INFO - Processing file /home/ubuntu/.local/lib/python3.10/site-packages/airflow/example_dags/example_skip_dag.py for tasks to queue
[2024-02-08T01:52:58.625+0100] {logging_mixin.py:188} INFO - [2024-02-08T01:52:58.614+0100] {dagbag.py:538} INFO - Filling up the DagBag from /home/ubuntu/.local/lib/python3.10/site-packages/airflow/example_dags/example_skip_dag.py
[2024-02-08T01:52:58.660+0100] {processor.py:840} INFO - DAG(s) 'example_skip_dag' retrieved from /home/ubuntu/.local/lib/python3.10/site-packages/airflow/example_dags/example_skip_dag.py
[2024-02-08T01:52:58.745+0100] {logging_mixin.py:188} INFO - [2024-02-08T01:52:58.740+0100] {dag.py:3033} INFO - Sync 1 DAGs
[2024-02-08T01:52:58.851+0100] {logging_mixin.py:188} INFO - [2024-02-08T01:52:58.851+0100] {dag.py:3820} INFO - Setting next_dagrun for example_skip_dag to 2024-02-07T00:00:00+00:00, run_after=2024-02-08T00:00:00+00:00
[2024-02-08T01:52:59.084+0100] {processor.py:183} INFO - Processing /home/ubuntu/.local/lib/python3.10/site-packages/airflow/example_dags/example_skip_dag.py took 0.525 seconds
[2024-02-08T01:54:41.562+0100] {processor.py:161} INFO - Started process (PID=58364) to work on /home/ubuntu/.local/lib/python3.10/site-packages/airflow/example_dags/example_skip_dag.py
[2024-02-08T01:54:41.580+0100] {processor.py:830} INFO - Processing file /home/ubuntu/.local/lib/python3.10/site-packages/airflow/example_dags/example_skip_dag.py for tasks to queue
[2024-02-08T01:54:41.592+0100] {logging_mixin.py:188} INFO - [2024-02-08T01:54:41.591+0100] {dagbag.py:538} INFO - Filling up the DagBag from /home/ubuntu/.local/lib/python3.10/site-packages/airflow/example_dags/example_skip_dag.py
[2024-02-08T01:54:41.647+0100] {processor.py:840} INFO - DAG(s) 'example_skip_dag' retrieved from /home/ubuntu/.local/lib/python3.10/site-packages/airflow/example_dags/example_skip_dag.py
[2024-02-08T01:54:41.726+0100] {logging_mixin.py:188} INFO - [2024-02-08T01:54:41.726+0100] {dag.py:3033} INFO - Sync 1 DAGs
[2024-02-08T01:54:41.833+0100] {logging_mixin.py:188} INFO - [2024-02-08T01:54:41.833+0100] {dag.py:3820} INFO - Setting next_dagrun for example_skip_dag to 2024-02-07T00:00:00+00:00, run_after=2024-02-08T00:00:00+00:00
[2024-02-08T01:54:41.907+0100] {processor.py:183} INFO - Processing /home/ubuntu/.local/lib/python3.10/site-packages/airflow/example_dags/example_skip_dag.py took 0.371 seconds
[2024-02-08T01:56:35.137+0100] {processor.py:161} INFO - Started process (PID=58572) to work on /home/ubuntu/.local/lib/python3.10/site-packages/airflow/example_dags/example_skip_dag.py
[2024-02-08T01:56:35.157+0100] {processor.py:830} INFO - Processing file /home/ubuntu/.local/lib/python3.10/site-packages/airflow/example_dags/example_skip_dag.py for tasks to queue
[2024-02-08T01:56:35.162+0100] {logging_mixin.py:188} INFO - [2024-02-08T01:56:35.158+0100] {dagbag.py:538} INFO - Filling up the DagBag from /home/ubuntu/.local/lib/python3.10/site-packages/airflow/example_dags/example_skip_dag.py
[2024-02-08T01:56:35.186+0100] {processor.py:840} INFO - DAG(s) 'example_skip_dag' retrieved from /home/ubuntu/.local/lib/python3.10/site-packages/airflow/example_dags/example_skip_dag.py
[2024-02-08T01:56:35.260+0100] {logging_mixin.py:188} INFO - [2024-02-08T01:56:35.249+0100] {dag.py:3033} INFO - Sync 1 DAGs
[2024-02-08T01:56:35.333+0100] {logging_mixin.py:188} INFO - [2024-02-08T01:56:35.332+0100] {dag.py:3820} INFO - Setting next_dagrun for example_skip_dag to 2024-02-07T00:00:00+00:00, run_after=2024-02-08T00:00:00+00:00
[2024-02-08T01:56:35.398+0100] {processor.py:183} INFO - Processing /home/ubuntu/.local/lib/python3.10/site-packages/airflow/example_dags/example_skip_dag.py took 0.302 seconds
[2024-02-08T01:58:37.672+0100] {processor.py:161} INFO - Started process (PID=58778) to work on /home/ubuntu/.local/lib/python3.10/site-packages/airflow/example_dags/example_skip_dag.py
[2024-02-08T01:58:37.676+0100] {processor.py:830} INFO - Processing file /home/ubuntu/.local/lib/python3.10/site-packages/airflow/example_dags/example_skip_dag.py for tasks to queue
[2024-02-08T01:58:37.679+0100] {logging_mixin.py:188} INFO - [2024-02-08T01:58:37.679+0100] {dagbag.py:538} INFO - Filling up the DagBag from /home/ubuntu/.local/lib/python3.10/site-packages/airflow/example_dags/example_skip_dag.py
[2024-02-08T01:58:37.708+0100] {processor.py:840} INFO - DAG(s) 'example_skip_dag' retrieved from /home/ubuntu/.local/lib/python3.10/site-packages/airflow/example_dags/example_skip_dag.py
[2024-02-08T01:58:37.767+0100] {logging_mixin.py:188} INFO - [2024-02-08T01:58:37.767+0100] {dag.py:3033} INFO - Sync 1 DAGs
[2024-02-08T01:58:37.879+0100] {logging_mixin.py:188} INFO - [2024-02-08T01:58:37.879+0100] {dag.py:3820} INFO - Setting next_dagrun for example_skip_dag to 2024-02-07T00:00:00+00:00, run_after=2024-02-08T00:00:00+00:00
[2024-02-08T01:58:38.107+0100] {processor.py:183} INFO - Processing /home/ubuntu/.local/lib/python3.10/site-packages/airflow/example_dags/example_skip_dag.py took 0.445 seconds
[2024-02-08T02:00:14.517+0100] {processor.py:161} INFO - Started process (PID=58953) to work on /home/ubuntu/.local/lib/python3.10/site-packages/airflow/example_dags/example_skip_dag.py
[2024-02-08T02:00:14.522+0100] {processor.py:830} INFO - Processing file /home/ubuntu/.local/lib/python3.10/site-packages/airflow/example_dags/example_skip_dag.py for tasks to queue
[2024-02-08T02:00:14.524+0100] {logging_mixin.py:188} INFO - [2024-02-08T02:00:14.523+0100] {dagbag.py:538} INFO - Filling up the DagBag from /home/ubuntu/.local/lib/python3.10/site-packages/airflow/example_dags/example_skip_dag.py
[2024-02-08T02:00:14.539+0100] {processor.py:840} INFO - DAG(s) 'example_skip_dag' retrieved from /home/ubuntu/.local/lib/python3.10/site-packages/airflow/example_dags/example_skip_dag.py
[2024-02-08T02:00:14.570+0100] {logging_mixin.py:188} INFO - [2024-02-08T02:00:14.570+0100] {dag.py:3033} INFO - Sync 1 DAGs
[2024-02-08T02:00:14.607+0100] {logging_mixin.py:188} INFO - [2024-02-08T02:00:14.607+0100] {dag.py:3820} INFO - Setting next_dagrun for example_skip_dag to 2024-02-07T00:00:00+00:00, run_after=2024-02-08T00:00:00+00:00
[2024-02-08T02:00:14.781+0100] {processor.py:183} INFO - Processing /home/ubuntu/.local/lib/python3.10/site-packages/airflow/example_dags/example_skip_dag.py took 0.271 seconds
[2024-02-08T02:02:26.352+0100] {processor.py:161} INFO - Started process (PID=59170) to work on /home/ubuntu/.local/lib/python3.10/site-packages/airflow/example_dags/example_skip_dag.py
[2024-02-08T02:02:26.357+0100] {processor.py:830} INFO - Processing file /home/ubuntu/.local/lib/python3.10/site-packages/airflow/example_dags/example_skip_dag.py for tasks to queue
[2024-02-08T02:02:26.371+0100] {logging_mixin.py:188} INFO - [2024-02-08T02:02:26.369+0100] {dagbag.py:538} INFO - Filling up the DagBag from /home/ubuntu/.local/lib/python3.10/site-packages/airflow/example_dags/example_skip_dag.py
[2024-02-08T02:02:26.396+0100] {processor.py:840} INFO - DAG(s) 'example_skip_dag' retrieved from /home/ubuntu/.local/lib/python3.10/site-packages/airflow/example_dags/example_skip_dag.py
[2024-02-08T02:02:26.573+0100] {logging_mixin.py:188} INFO - [2024-02-08T02:02:26.568+0100] {dag.py:3033} INFO - Sync 1 DAGs
[2024-02-08T02:02:26.660+0100] {logging_mixin.py:188} INFO - [2024-02-08T02:02:26.656+0100] {dag.py:3820} INFO - Setting next_dagrun for example_skip_dag to 2024-02-07T00:00:00+00:00, run_after=2024-02-08T00:00:00+00:00
[2024-02-08T02:02:26.863+0100] {processor.py:183} INFO - Processing /home/ubuntu/.local/lib/python3.10/site-packages/airflow/example_dags/example_skip_dag.py took 0.556 seconds
[2024-02-08T02:04:30.322+0100] {processor.py:161} INFO - Started process (PID=59376) to work on /home/ubuntu/.local/lib/python3.10/site-packages/airflow/example_dags/example_skip_dag.py
[2024-02-08T02:04:30.459+0100] {processor.py:830} INFO - Processing file /home/ubuntu/.local/lib/python3.10/site-packages/airflow/example_dags/example_skip_dag.py for tasks to queue
[2024-02-08T02:04:30.461+0100] {logging_mixin.py:188} INFO - [2024-02-08T02:04:30.460+0100] {dagbag.py:538} INFO - Filling up the DagBag from /home/ubuntu/.local/lib/python3.10/site-packages/airflow/example_dags/example_skip_dag.py
[2024-02-08T02:04:30.476+0100] {processor.py:840} INFO - DAG(s) 'example_skip_dag' retrieved from /home/ubuntu/.local/lib/python3.10/site-packages/airflow/example_dags/example_skip_dag.py
[2024-02-08T02:04:30.501+0100] {logging_mixin.py:188} INFO - [2024-02-08T02:04:30.501+0100] {dag.py:3033} INFO - Sync 1 DAGs
[2024-02-08T02:04:30.536+0100] {logging_mixin.py:188} INFO - [2024-02-08T02:04:30.536+0100] {dag.py:3820} INFO - Setting next_dagrun for example_skip_dag to 2024-02-07T00:00:00+00:00, run_after=2024-02-08T00:00:00+00:00
[2024-02-08T02:04:30.736+0100] {processor.py:183} INFO - Processing /home/ubuntu/.local/lib/python3.10/site-packages/airflow/example_dags/example_skip_dag.py took 0.453 seconds
[2024-02-08T02:07:20.518+0100] {processor.py:161} INFO - Started process (PID=60263) to work on /home/ubuntu/.local/lib/python3.10/site-packages/airflow/example_dags/example_skip_dag.py
[2024-02-08T02:07:20.570+0100] {processor.py:830} INFO - Processing file /home/ubuntu/.local/lib/python3.10/site-packages/airflow/example_dags/example_skip_dag.py for tasks to queue
[2024-02-08T02:07:20.590+0100] {logging_mixin.py:188} INFO - [2024-02-08T02:07:20.590+0100] {dagbag.py:538} INFO - Filling up the DagBag from /home/ubuntu/.local/lib/python3.10/site-packages/airflow/example_dags/example_skip_dag.py
[2024-02-08T02:07:20.973+0100] {processor.py:840} INFO - DAG(s) 'example_skip_dag' retrieved from /home/ubuntu/.local/lib/python3.10/site-packages/airflow/example_dags/example_skip_dag.py
[2024-02-08T02:07:21.376+0100] {logging_mixin.py:188} INFO - [2024-02-08T02:07:21.375+0100] {dag.py:3033} INFO - Sync 1 DAGs
[2024-02-08T02:07:21.606+0100] {logging_mixin.py:188} INFO - [2024-02-08T02:07:21.606+0100] {dag.py:3820} INFO - Setting next_dagrun for example_skip_dag to 2024-02-07T00:00:00+00:00, run_after=2024-02-08T00:00:00+00:00
[2024-02-08T02:07:22.891+0100] {processor.py:183} INFO - Processing /home/ubuntu/.local/lib/python3.10/site-packages/airflow/example_dags/example_skip_dag.py took 2.417 seconds
[2024-02-08T02:10:28.215+0100] {processor.py:161} INFO - Started process (PID=60539) to work on /home/ubuntu/.local/lib/python3.10/site-packages/airflow/example_dags/example_skip_dag.py
[2024-02-08T02:10:28.238+0100] {processor.py:830} INFO - Processing file /home/ubuntu/.local/lib/python3.10/site-packages/airflow/example_dags/example_skip_dag.py for tasks to queue
[2024-02-08T02:10:28.240+0100] {logging_mixin.py:188} INFO - [2024-02-08T02:10:28.239+0100] {dagbag.py:538} INFO - Filling up the DagBag from /home/ubuntu/.local/lib/python3.10/site-packages/airflow/example_dags/example_skip_dag.py
[2024-02-08T02:10:28.256+0100] {processor.py:840} INFO - DAG(s) 'example_skip_dag' retrieved from /home/ubuntu/.local/lib/python3.10/site-packages/airflow/example_dags/example_skip_dag.py
[2024-02-08T02:10:28.281+0100] {logging_mixin.py:188} INFO - [2024-02-08T02:10:28.281+0100] {dag.py:3033} INFO - Sync 1 DAGs
[2024-02-08T02:10:28.310+0100] {logging_mixin.py:188} INFO - [2024-02-08T02:10:28.310+0100] {dag.py:3820} INFO - Setting next_dagrun for example_skip_dag to 2024-02-07T00:00:00+00:00, run_after=2024-02-08T00:00:00+00:00
[2024-02-08T02:10:28.427+0100] {processor.py:183} INFO - Processing /home/ubuntu/.local/lib/python3.10/site-packages/airflow/example_dags/example_skip_dag.py took 0.215 seconds
[2024-02-08T02:11:53.066+0100] {processor.py:161} INFO - Started process (PID=60630) to work on /home/ubuntu/.local/lib/python3.10/site-packages/airflow/example_dags/example_skip_dag.py
[2024-02-08T02:11:53.068+0100] {processor.py:830} INFO - Processing file /home/ubuntu/.local/lib/python3.10/site-packages/airflow/example_dags/example_skip_dag.py for tasks to queue
[2024-02-08T02:11:53.069+0100] {logging_mixin.py:188} INFO - [2024-02-08T02:11:53.069+0100] {dagbag.py:538} INFO - Filling up the DagBag from /home/ubuntu/.local/lib/python3.10/site-packages/airflow/example_dags/example_skip_dag.py
[2024-02-08T02:11:53.080+0100] {processor.py:840} INFO - DAG(s) 'example_skip_dag' retrieved from /home/ubuntu/.local/lib/python3.10/site-packages/airflow/example_dags/example_skip_dag.py
[2024-02-08T02:11:53.105+0100] {logging_mixin.py:188} INFO - [2024-02-08T02:11:53.105+0100] {dag.py:3033} INFO - Sync 1 DAGs
[2024-02-08T02:11:53.132+0100] {logging_mixin.py:188} INFO - [2024-02-08T02:11:53.132+0100] {dag.py:3820} INFO - Setting next_dagrun for example_skip_dag to 2024-02-07T00:00:00+00:00, run_after=2024-02-08T00:00:00+00:00
[2024-02-08T02:11:53.174+0100] {processor.py:183} INFO - Processing /home/ubuntu/.local/lib/python3.10/site-packages/airflow/example_dags/example_skip_dag.py took 0.113 seconds
[2024-02-08T02:13:18.372+0100] {processor.py:161} INFO - Started process (PID=61004) to work on /home/ubuntu/.local/lib/python3.10/site-packages/airflow/example_dags/example_skip_dag.py
[2024-02-08T02:13:18.376+0100] {processor.py:830} INFO - Processing file /home/ubuntu/.local/lib/python3.10/site-packages/airflow/example_dags/example_skip_dag.py for tasks to queue
[2024-02-08T02:13:18.378+0100] {logging_mixin.py:188} INFO - [2024-02-08T02:13:18.377+0100] {dagbag.py:538} INFO - Filling up the DagBag from /home/ubuntu/.local/lib/python3.10/site-packages/airflow/example_dags/example_skip_dag.py
[2024-02-08T02:13:18.387+0100] {processor.py:840} INFO - DAG(s) 'example_skip_dag' retrieved from /home/ubuntu/.local/lib/python3.10/site-packages/airflow/example_dags/example_skip_dag.py
[2024-02-08T02:13:18.407+0100] {logging_mixin.py:188} INFO - [2024-02-08T02:13:18.406+0100] {dag.py:3033} INFO - Sync 1 DAGs
[2024-02-08T02:13:18.430+0100] {logging_mixin.py:188} INFO - [2024-02-08T02:13:18.430+0100] {dag.py:3820} INFO - Setting next_dagrun for example_skip_dag to 2024-02-07T00:00:00+00:00, run_after=2024-02-08T00:00:00+00:00
[2024-02-08T02:13:18.545+0100] {processor.py:183} INFO - Processing /home/ubuntu/.local/lib/python3.10/site-packages/airflow/example_dags/example_skip_dag.py took 0.176 seconds
[2024-02-08T02:14:14.568+0100] {processor.py:161} INFO - Started process (PID=61095) to work on /home/ubuntu/.local/lib/python3.10/site-packages/airflow/example_dags/example_skip_dag.py
[2024-02-08T02:14:14.570+0100] {processor.py:830} INFO - Processing file /home/ubuntu/.local/lib/python3.10/site-packages/airflow/example_dags/example_skip_dag.py for tasks to queue
[2024-02-08T02:14:14.571+0100] {logging_mixin.py:188} INFO - [2024-02-08T02:14:14.570+0100] {dagbag.py:538} INFO - Filling up the DagBag from /home/ubuntu/.local/lib/python3.10/site-packages/airflow/example_dags/example_skip_dag.py
[2024-02-08T02:14:14.579+0100] {processor.py:840} INFO - DAG(s) 'example_skip_dag' retrieved from /home/ubuntu/.local/lib/python3.10/site-packages/airflow/example_dags/example_skip_dag.py
[2024-02-08T02:14:14.597+0100] {logging_mixin.py:188} INFO - [2024-02-08T02:14:14.597+0100] {dag.py:3033} INFO - Sync 1 DAGs
[2024-02-08T02:14:14.617+0100] {logging_mixin.py:188} INFO - [2024-02-08T02:14:14.617+0100] {dag.py:3820} INFO - Setting next_dagrun for example_skip_dag to 2024-02-07T00:00:00+00:00, run_after=2024-02-08T00:00:00+00:00
[2024-02-08T02:14:14.644+0100] {processor.py:183} INFO - Processing /home/ubuntu/.local/lib/python3.10/site-packages/airflow/example_dags/example_skip_dag.py took 0.080 seconds
[2024-02-08T02:15:10.366+0100] {processor.py:161} INFO - Started process (PID=61186) to work on /home/ubuntu/.local/lib/python3.10/site-packages/airflow/example_dags/example_skip_dag.py
[2024-02-08T02:15:10.369+0100] {processor.py:830} INFO - Processing file /home/ubuntu/.local/lib/python3.10/site-packages/airflow/example_dags/example_skip_dag.py for tasks to queue
[2024-02-08T02:15:10.370+0100] {logging_mixin.py:188} INFO - [2024-02-08T02:15:10.369+0100] {dagbag.py:538} INFO - Filling up the DagBag from /home/ubuntu/.local/lib/python3.10/site-packages/airflow/example_dags/example_skip_dag.py
[2024-02-08T02:15:10.379+0100] {processor.py:840} INFO - DAG(s) 'example_skip_dag' retrieved from /home/ubuntu/.local/lib/python3.10/site-packages/airflow/example_dags/example_skip_dag.py
[2024-02-08T02:15:10.399+0100] {logging_mixin.py:188} INFO - [2024-02-08T02:15:10.398+0100] {dag.py:3033} INFO - Sync 1 DAGs
[2024-02-08T02:15:10.424+0100] {logging_mixin.py:188} INFO - [2024-02-08T02:15:10.423+0100] {dag.py:3820} INFO - Setting next_dagrun for example_skip_dag to 2024-02-07T00:00:00+00:00, run_after=2024-02-08T00:00:00+00:00
[2024-02-08T02:15:10.459+0100] {processor.py:183} INFO - Processing /home/ubuntu/.local/lib/python3.10/site-packages/airflow/example_dags/example_skip_dag.py took 0.097 seconds
[2024-02-08T02:16:04.971+0100] {processor.py:161} INFO - Started process (PID=61269) to work on /home/ubuntu/.local/lib/python3.10/site-packages/airflow/example_dags/example_skip_dag.py
[2024-02-08T02:16:04.973+0100] {processor.py:830} INFO - Processing file /home/ubuntu/.local/lib/python3.10/site-packages/airflow/example_dags/example_skip_dag.py for tasks to queue
[2024-02-08T02:16:04.974+0100] {logging_mixin.py:188} INFO - [2024-02-08T02:16:04.973+0100] {dagbag.py:538} INFO - Filling up the DagBag from /home/ubuntu/.local/lib/python3.10/site-packages/airflow/example_dags/example_skip_dag.py
[2024-02-08T02:16:04.984+0100] {processor.py:840} INFO - DAG(s) 'example_skip_dag' retrieved from /home/ubuntu/.local/lib/python3.10/site-packages/airflow/example_dags/example_skip_dag.py
[2024-02-08T02:16:05.000+0100] {logging_mixin.py:188} INFO - [2024-02-08T02:16:05.000+0100] {dag.py:3033} INFO - Sync 1 DAGs
[2024-02-08T02:16:05.025+0100] {logging_mixin.py:188} INFO - [2024-02-08T02:16:05.025+0100] {dag.py:3820} INFO - Setting next_dagrun for example_skip_dag to 2024-02-07T00:00:00+00:00, run_after=2024-02-08T00:00:00+00:00
[2024-02-08T02:16:05.054+0100] {processor.py:183} INFO - Processing /home/ubuntu/.local/lib/python3.10/site-packages/airflow/example_dags/example_skip_dag.py took 0.086 seconds
