[2024-02-08T01:02:44.200+0100] {processor.py:161} INFO - Started process (PID=50705) to work on /home/ubuntu/.local/lib/python3.10/site-packages/airflow/example_dags/example_sensor_decorator.py
[2024-02-08T01:02:44.201+0100] {processor.py:830} INFO - Processing file /home/ubuntu/.local/lib/python3.10/site-packages/airflow/example_dags/example_sensor_decorator.py for tasks to queue
[2024-02-08T01:02:44.203+0100] {logging_mixin.py:188} INFO - [2024-02-08T01:02:44.202+0100] {dagbag.py:538} INFO - Filling up the DagBag from /home/ubuntu/.local/lib/python3.10/site-packages/airflow/example_dags/example_sensor_decorator.py
[2024-02-08T01:02:44.241+0100] {processor.py:840} INFO - DAG(s) 'example_sensor_decorator' retrieved from /home/ubuntu/.local/lib/python3.10/site-packages/airflow/example_dags/example_sensor_decorator.py
[2024-02-08T01:02:44.655+0100] {logging_mixin.py:188} INFO - [2024-02-08T01:02:44.655+0100] {dag.py:3033} INFO - Sync 1 DAGs
[2024-02-08T01:02:44.689+0100] {logging_mixin.py:188} INFO - [2024-02-08T01:02:44.689+0100] {dag.py:3820} INFO - Setting next_dagrun for example_sensor_decorator to None, run_after=None
[2024-02-08T01:02:44.947+0100] {processor.py:183} INFO - Processing /home/ubuntu/.local/lib/python3.10/site-packages/airflow/example_dags/example_sensor_decorator.py took 0.753 seconds
[2024-02-08T01:04:34.457+0100] {processor.py:161} INFO - Started process (PID=50902) to work on /home/ubuntu/.local/lib/python3.10/site-packages/airflow/example_dags/example_sensor_decorator.py
[2024-02-08T01:04:34.501+0100] {processor.py:830} INFO - Processing file /home/ubuntu/.local/lib/python3.10/site-packages/airflow/example_dags/example_sensor_decorator.py for tasks to queue
[2024-02-08T01:04:34.503+0100] {logging_mixin.py:188} INFO - [2024-02-08T01:04:34.502+0100] {dagbag.py:538} INFO - Filling up the DagBag from /home/ubuntu/.local/lib/python3.10/site-packages/airflow/example_dags/example_sensor_decorator.py
[2024-02-08T01:04:34.529+0100] {processor.py:840} INFO - DAG(s) 'example_sensor_decorator' retrieved from /home/ubuntu/.local/lib/python3.10/site-packages/airflow/example_dags/example_sensor_decorator.py
[2024-02-08T01:04:34.586+0100] {logging_mixin.py:188} INFO - [2024-02-08T01:04:34.586+0100] {dag.py:3033} INFO - Sync 1 DAGs
[2024-02-08T01:04:34.646+0100] {logging_mixin.py:188} INFO - [2024-02-08T01:04:34.646+0100] {dag.py:3820} INFO - Setting next_dagrun for example_sensor_decorator to None, run_after=None
[2024-02-08T01:04:34.760+0100] {processor.py:183} INFO - Processing /home/ubuntu/.local/lib/python3.10/site-packages/airflow/example_dags/example_sensor_decorator.py took 0.321 seconds
[2024-02-08T01:06:12.382+0100] {processor.py:161} INFO - Started process (PID=51125) to work on /home/ubuntu/.local/lib/python3.10/site-packages/airflow/example_dags/example_sensor_decorator.py
[2024-02-08T01:06:12.385+0100] {processor.py:830} INFO - Processing file /home/ubuntu/.local/lib/python3.10/site-packages/airflow/example_dags/example_sensor_decorator.py for tasks to queue
[2024-02-08T01:06:12.387+0100] {logging_mixin.py:188} INFO - [2024-02-08T01:06:12.386+0100] {dagbag.py:538} INFO - Filling up the DagBag from /home/ubuntu/.local/lib/python3.10/site-packages/airflow/example_dags/example_sensor_decorator.py
[2024-02-08T01:06:12.399+0100] {processor.py:840} INFO - DAG(s) 'example_sensor_decorator' retrieved from /home/ubuntu/.local/lib/python3.10/site-packages/airflow/example_dags/example_sensor_decorator.py
[2024-02-08T01:06:12.426+0100] {logging_mixin.py:188} INFO - [2024-02-08T01:06:12.425+0100] {dag.py:3033} INFO - Sync 1 DAGs
[2024-02-08T01:06:12.444+0100] {logging_mixin.py:188} INFO - [2024-02-08T01:06:12.443+0100] {dag.py:3820} INFO - Setting next_dagrun for example_sensor_decorator to None, run_after=None
[2024-02-08T01:06:12.486+0100] {processor.py:183} INFO - Processing /home/ubuntu/.local/lib/python3.10/site-packages/airflow/example_dags/example_sensor_decorator.py took 0.110 seconds
[2024-02-08T01:07:28.394+0100] {processor.py:161} INFO - Started process (PID=51616) to work on /home/ubuntu/.local/lib/python3.10/site-packages/airflow/example_dags/example_sensor_decorator.py
[2024-02-08T01:07:28.413+0100] {processor.py:830} INFO - Processing file /home/ubuntu/.local/lib/python3.10/site-packages/airflow/example_dags/example_sensor_decorator.py for tasks to queue
[2024-02-08T01:07:28.414+0100] {logging_mixin.py:188} INFO - [2024-02-08T01:07:28.414+0100] {dagbag.py:538} INFO - Filling up the DagBag from /home/ubuntu/.local/lib/python3.10/site-packages/airflow/example_dags/example_sensor_decorator.py
[2024-02-08T01:07:28.489+0100] {processor.py:840} INFO - DAG(s) 'example_sensor_decorator' retrieved from /home/ubuntu/.local/lib/python3.10/site-packages/airflow/example_dags/example_sensor_decorator.py
[2024-02-08T01:07:28.722+0100] {logging_mixin.py:188} INFO - [2024-02-08T01:07:28.722+0100] {dag.py:3033} INFO - Sync 1 DAGs
[2024-02-08T01:07:28.763+0100] {logging_mixin.py:188} INFO - [2024-02-08T01:07:28.762+0100] {dag.py:3820} INFO - Setting next_dagrun for example_sensor_decorator to None, run_after=None
[2024-02-08T01:07:29.016+0100] {processor.py:183} INFO - Processing /home/ubuntu/.local/lib/python3.10/site-packages/airflow/example_dags/example_sensor_decorator.py took 0.627 seconds
[2024-02-08T01:08:53.427+0100] {processor.py:161} INFO - Started process (PID=52008) to work on /home/ubuntu/.local/lib/python3.10/site-packages/airflow/example_dags/example_sensor_decorator.py
[2024-02-08T01:08:53.430+0100] {processor.py:830} INFO - Processing file /home/ubuntu/.local/lib/python3.10/site-packages/airflow/example_dags/example_sensor_decorator.py for tasks to queue
[2024-02-08T01:08:53.431+0100] {logging_mixin.py:188} INFO - [2024-02-08T01:08:53.431+0100] {dagbag.py:538} INFO - Filling up the DagBag from /home/ubuntu/.local/lib/python3.10/site-packages/airflow/example_dags/example_sensor_decorator.py
[2024-02-08T01:08:53.443+0100] {processor.py:840} INFO - DAG(s) 'example_sensor_decorator' retrieved from /home/ubuntu/.local/lib/python3.10/site-packages/airflow/example_dags/example_sensor_decorator.py
[2024-02-08T01:08:53.469+0100] {logging_mixin.py:188} INFO - [2024-02-08T01:08:53.469+0100] {dag.py:3033} INFO - Sync 1 DAGs
[2024-02-08T01:08:53.489+0100] {logging_mixin.py:188} INFO - [2024-02-08T01:08:53.488+0100] {dag.py:3820} INFO - Setting next_dagrun for example_sensor_decorator to None, run_after=None
[2024-02-08T01:08:53.529+0100] {processor.py:183} INFO - Processing /home/ubuntu/.local/lib/python3.10/site-packages/airflow/example_dags/example_sensor_decorator.py took 0.107 seconds
[2024-02-08T01:10:27.622+0100] {processor.py:161} INFO - Started process (PID=52268) to work on /home/ubuntu/.local/lib/python3.10/site-packages/airflow/example_dags/example_sensor_decorator.py
[2024-02-08T01:10:27.626+0100] {processor.py:830} INFO - Processing file /home/ubuntu/.local/lib/python3.10/site-packages/airflow/example_dags/example_sensor_decorator.py for tasks to queue
[2024-02-08T01:10:27.627+0100] {logging_mixin.py:188} INFO - [2024-02-08T01:10:27.627+0100] {dagbag.py:538} INFO - Filling up the DagBag from /home/ubuntu/.local/lib/python3.10/site-packages/airflow/example_dags/example_sensor_decorator.py
[2024-02-08T01:10:27.676+0100] {processor.py:840} INFO - DAG(s) 'example_sensor_decorator' retrieved from /home/ubuntu/.local/lib/python3.10/site-packages/airflow/example_dags/example_sensor_decorator.py
[2024-02-08T01:10:27.768+0100] {logging_mixin.py:188} INFO - [2024-02-08T01:10:27.768+0100] {dag.py:3033} INFO - Sync 1 DAGs
[2024-02-08T01:10:27.805+0100] {logging_mixin.py:188} INFO - [2024-02-08T01:10:27.805+0100] {dag.py:3820} INFO - Setting next_dagrun for example_sensor_decorator to None, run_after=None
[2024-02-08T01:10:28.167+0100] {processor.py:183} INFO - Processing /home/ubuntu/.local/lib/python3.10/site-packages/airflow/example_dags/example_sensor_decorator.py took 0.564 seconds
[2024-02-08T01:11:54.084+0100] {processor.py:161} INFO - Started process (PID=52588) to work on /home/ubuntu/.local/lib/python3.10/site-packages/airflow/example_dags/example_sensor_decorator.py
[2024-02-08T01:11:54.094+0100] {processor.py:830} INFO - Processing file /home/ubuntu/.local/lib/python3.10/site-packages/airflow/example_dags/example_sensor_decorator.py for tasks to queue
[2024-02-08T01:11:54.103+0100] {logging_mixin.py:188} INFO - [2024-02-08T01:11:54.097+0100] {dagbag.py:538} INFO - Filling up the DagBag from /home/ubuntu/.local/lib/python3.10/site-packages/airflow/example_dags/example_sensor_decorator.py
[2024-02-08T01:11:54.136+0100] {processor.py:840} INFO - DAG(s) 'example_sensor_decorator' retrieved from /home/ubuntu/.local/lib/python3.10/site-packages/airflow/example_dags/example_sensor_decorator.py
[2024-02-08T01:11:54.283+0100] {logging_mixin.py:188} INFO - [2024-02-08T01:11:54.277+0100] {dag.py:3033} INFO - Sync 1 DAGs
[2024-02-08T01:11:54.382+0100] {logging_mixin.py:188} INFO - [2024-02-08T01:11:54.378+0100] {dag.py:3820} INFO - Setting next_dagrun for example_sensor_decorator to None, run_after=None
[2024-02-08T01:11:54.760+0100] {processor.py:183} INFO - Processing /home/ubuntu/.local/lib/python3.10/site-packages/airflow/example_dags/example_sensor_decorator.py took 0.691 seconds
[2024-02-08T01:15:38.350+0100] {processor.py:161} INFO - Started process (PID=53413) to work on /home/ubuntu/.local/lib/python3.10/site-packages/airflow/example_dags/example_sensor_decorator.py
[2024-02-08T01:15:38.357+0100] {processor.py:830} INFO - Processing file /home/ubuntu/.local/lib/python3.10/site-packages/airflow/example_dags/example_sensor_decorator.py for tasks to queue
[2024-02-08T01:15:38.359+0100] {logging_mixin.py:188} INFO - [2024-02-08T01:15:38.358+0100] {dagbag.py:538} INFO - Filling up the DagBag from /home/ubuntu/.local/lib/python3.10/site-packages/airflow/example_dags/example_sensor_decorator.py
[2024-02-08T01:15:38.385+0100] {processor.py:840} INFO - DAG(s) 'example_sensor_decorator' retrieved from /home/ubuntu/.local/lib/python3.10/site-packages/airflow/example_dags/example_sensor_decorator.py
[2024-02-08T01:15:38.496+0100] {logging_mixin.py:188} INFO - [2024-02-08T01:15:38.494+0100] {dag.py:3033} INFO - Sync 1 DAGs
[2024-02-08T01:15:38.723+0100] {logging_mixin.py:188} INFO - [2024-02-08T01:15:38.723+0100] {dag.py:3820} INFO - Setting next_dagrun for example_sensor_decorator to None, run_after=None
[2024-02-08T01:15:39.067+0100] {processor.py:183} INFO - Processing /home/ubuntu/.local/lib/python3.10/site-packages/airflow/example_dags/example_sensor_decorator.py took 0.863 seconds
[2024-02-08T01:18:57.350+0100] {processor.py:161} INFO - Started process (PID=54304) to work on /home/ubuntu/.local/lib/python3.10/site-packages/airflow/example_dags/example_sensor_decorator.py
[2024-02-08T01:18:57.368+0100] {processor.py:830} INFO - Processing file /home/ubuntu/.local/lib/python3.10/site-packages/airflow/example_dags/example_sensor_decorator.py for tasks to queue
[2024-02-08T01:18:57.375+0100] {logging_mixin.py:188} INFO - [2024-02-08T01:18:57.375+0100] {dagbag.py:538} INFO - Filling up the DagBag from /home/ubuntu/.local/lib/python3.10/site-packages/airflow/example_dags/example_sensor_decorator.py
[2024-02-08T01:18:57.420+0100] {processor.py:840} INFO - DAG(s) 'example_sensor_decorator' retrieved from /home/ubuntu/.local/lib/python3.10/site-packages/airflow/example_dags/example_sensor_decorator.py
[2024-02-08T01:18:57.526+0100] {logging_mixin.py:188} INFO - [2024-02-08T01:18:57.526+0100] {dag.py:3033} INFO - Sync 1 DAGs
[2024-02-08T01:18:57.582+0100] {logging_mixin.py:188} INFO - [2024-02-08T01:18:57.581+0100] {dag.py:3820} INFO - Setting next_dagrun for example_sensor_decorator to None, run_after=None
[2024-02-08T01:18:57.744+0100] {processor.py:183} INFO - Processing /home/ubuntu/.local/lib/python3.10/site-packages/airflow/example_dags/example_sensor_decorator.py took 0.415 seconds
[2024-02-08T01:20:54.755+0100] {processor.py:161} INFO - Started process (PID=54558) to work on /home/ubuntu/.local/lib/python3.10/site-packages/airflow/example_dags/example_sensor_decorator.py
[2024-02-08T01:20:54.764+0100] {processor.py:830} INFO - Processing file /home/ubuntu/.local/lib/python3.10/site-packages/airflow/example_dags/example_sensor_decorator.py for tasks to queue
[2024-02-08T01:20:54.766+0100] {logging_mixin.py:188} INFO - [2024-02-08T01:20:54.765+0100] {dagbag.py:538} INFO - Filling up the DagBag from /home/ubuntu/.local/lib/python3.10/site-packages/airflow/example_dags/example_sensor_decorator.py
[2024-02-08T01:20:54.781+0100] {processor.py:840} INFO - DAG(s) 'example_sensor_decorator' retrieved from /home/ubuntu/.local/lib/python3.10/site-packages/airflow/example_dags/example_sensor_decorator.py
[2024-02-08T01:20:54.819+0100] {logging_mixin.py:188} INFO - [2024-02-08T01:20:54.818+0100] {dag.py:3033} INFO - Sync 1 DAGs
[2024-02-08T01:20:54.837+0100] {logging_mixin.py:188} INFO - [2024-02-08T01:20:54.837+0100] {dag.py:3820} INFO - Setting next_dagrun for example_sensor_decorator to None, run_after=None
[2024-02-08T01:20:54.893+0100] {processor.py:183} INFO - Processing /home/ubuntu/.local/lib/python3.10/site-packages/airflow/example_dags/example_sensor_decorator.py took 0.142 seconds
[2024-02-08T01:22:41.479+0100] {processor.py:161} INFO - Started process (PID=54748) to work on /home/ubuntu/.local/lib/python3.10/site-packages/airflow/example_dags/example_sensor_decorator.py
[2024-02-08T01:22:41.504+0100] {processor.py:830} INFO - Processing file /home/ubuntu/.local/lib/python3.10/site-packages/airflow/example_dags/example_sensor_decorator.py for tasks to queue
[2024-02-08T01:22:41.509+0100] {logging_mixin.py:188} INFO - [2024-02-08T01:22:41.509+0100] {dagbag.py:538} INFO - Filling up the DagBag from /home/ubuntu/.local/lib/python3.10/site-packages/airflow/example_dags/example_sensor_decorator.py
[2024-02-08T01:22:41.530+0100] {processor.py:840} INFO - DAG(s) 'example_sensor_decorator' retrieved from /home/ubuntu/.local/lib/python3.10/site-packages/airflow/example_dags/example_sensor_decorator.py
[2024-02-08T01:22:41.604+0100] {logging_mixin.py:188} INFO - [2024-02-08T01:22:41.604+0100] {dag.py:3033} INFO - Sync 1 DAGs
[2024-02-08T01:22:41.658+0100] {logging_mixin.py:188} INFO - [2024-02-08T01:22:41.657+0100] {dag.py:3820} INFO - Setting next_dagrun for example_sensor_decorator to None, run_after=None
[2024-02-08T01:22:41.905+0100] {processor.py:183} INFO - Processing /home/ubuntu/.local/lib/python3.10/site-packages/airflow/example_dags/example_sensor_decorator.py took 0.438 seconds
[2024-02-08T01:23:58.420+0100] {processor.py:161} INFO - Started process (PID=54987) to work on /home/ubuntu/.local/lib/python3.10/site-packages/airflow/example_dags/example_sensor_decorator.py
[2024-02-08T01:23:58.463+0100] {processor.py:830} INFO - Processing file /home/ubuntu/.local/lib/python3.10/site-packages/airflow/example_dags/example_sensor_decorator.py for tasks to queue
[2024-02-08T01:23:58.466+0100] {logging_mixin.py:188} INFO - [2024-02-08T01:23:58.465+0100] {dagbag.py:538} INFO - Filling up the DagBag from /home/ubuntu/.local/lib/python3.10/site-packages/airflow/example_dags/example_sensor_decorator.py
[2024-02-08T01:23:58.478+0100] {processor.py:840} INFO - DAG(s) 'example_sensor_decorator' retrieved from /home/ubuntu/.local/lib/python3.10/site-packages/airflow/example_dags/example_sensor_decorator.py
[2024-02-08T01:23:58.505+0100] {logging_mixin.py:188} INFO - [2024-02-08T01:23:58.505+0100] {dag.py:3033} INFO - Sync 1 DAGs
[2024-02-08T01:23:58.531+0100] {logging_mixin.py:188} INFO - [2024-02-08T01:23:58.531+0100] {dag.py:3820} INFO - Setting next_dagrun for example_sensor_decorator to None, run_after=None
[2024-02-08T01:23:58.585+0100] {processor.py:183} INFO - Processing /home/ubuntu/.local/lib/python3.10/site-packages/airflow/example_dags/example_sensor_decorator.py took 0.173 seconds
[2024-02-08T01:25:08.377+0100] {processor.py:161} INFO - Started process (PID=55115) to work on /home/ubuntu/.local/lib/python3.10/site-packages/airflow/example_dags/example_sensor_decorator.py
[2024-02-08T01:25:08.379+0100] {processor.py:830} INFO - Processing file /home/ubuntu/.local/lib/python3.10/site-packages/airflow/example_dags/example_sensor_decorator.py for tasks to queue
[2024-02-08T01:25:08.381+0100] {logging_mixin.py:188} INFO - [2024-02-08T01:25:08.380+0100] {dagbag.py:538} INFO - Filling up the DagBag from /home/ubuntu/.local/lib/python3.10/site-packages/airflow/example_dags/example_sensor_decorator.py
[2024-02-08T01:25:08.397+0100] {processor.py:840} INFO - DAG(s) 'example_sensor_decorator' retrieved from /home/ubuntu/.local/lib/python3.10/site-packages/airflow/example_dags/example_sensor_decorator.py
[2024-02-08T01:25:08.432+0100] {logging_mixin.py:188} INFO - [2024-02-08T01:25:08.431+0100] {dag.py:3033} INFO - Sync 1 DAGs
[2024-02-08T01:25:08.453+0100] {logging_mixin.py:188} INFO - [2024-02-08T01:25:08.453+0100] {dag.py:3820} INFO - Setting next_dagrun for example_sensor_decorator to None, run_after=None
[2024-02-08T01:25:08.533+0100] {processor.py:183} INFO - Processing /home/ubuntu/.local/lib/python3.10/site-packages/airflow/example_dags/example_sensor_decorator.py took 0.163 seconds
[2024-02-08T01:26:53.810+0100] {processor.py:161} INFO - Started process (PID=55297) to work on /home/ubuntu/.local/lib/python3.10/site-packages/airflow/example_dags/example_sensor_decorator.py
[2024-02-08T01:26:53.821+0100] {processor.py:830} INFO - Processing file /home/ubuntu/.local/lib/python3.10/site-packages/airflow/example_dags/example_sensor_decorator.py for tasks to queue
[2024-02-08T01:26:53.823+0100] {logging_mixin.py:188} INFO - [2024-02-08T01:26:53.822+0100] {dagbag.py:538} INFO - Filling up the DagBag from /home/ubuntu/.local/lib/python3.10/site-packages/airflow/example_dags/example_sensor_decorator.py
[2024-02-08T01:26:53.843+0100] {processor.py:840} INFO - DAG(s) 'example_sensor_decorator' retrieved from /home/ubuntu/.local/lib/python3.10/site-packages/airflow/example_dags/example_sensor_decorator.py
[2024-02-08T01:26:53.883+0100] {logging_mixin.py:188} INFO - [2024-02-08T01:26:53.883+0100] {dag.py:3033} INFO - Sync 1 DAGs
[2024-02-08T01:26:53.988+0100] {logging_mixin.py:188} INFO - [2024-02-08T01:26:53.988+0100] {dag.py:3820} INFO - Setting next_dagrun for example_sensor_decorator to None, run_after=None
[2024-02-08T01:26:54.296+0100] {processor.py:183} INFO - Processing /home/ubuntu/.local/lib/python3.10/site-packages/airflow/example_dags/example_sensor_decorator.py took 0.508 seconds
[2024-02-08T01:28:27.583+0100] {processor.py:161} INFO - Started process (PID=55467) to work on /home/ubuntu/.local/lib/python3.10/site-packages/airflow/example_dags/example_sensor_decorator.py
[2024-02-08T01:28:27.585+0100] {processor.py:830} INFO - Processing file /home/ubuntu/.local/lib/python3.10/site-packages/airflow/example_dags/example_sensor_decorator.py for tasks to queue
[2024-02-08T01:28:27.586+0100] {logging_mixin.py:188} INFO - [2024-02-08T01:28:27.586+0100] {dagbag.py:538} INFO - Filling up the DagBag from /home/ubuntu/.local/lib/python3.10/site-packages/airflow/example_dags/example_sensor_decorator.py
[2024-02-08T01:28:27.596+0100] {processor.py:840} INFO - DAG(s) 'example_sensor_decorator' retrieved from /home/ubuntu/.local/lib/python3.10/site-packages/airflow/example_dags/example_sensor_decorator.py
[2024-02-08T01:28:27.628+0100] {logging_mixin.py:188} INFO - [2024-02-08T01:28:27.628+0100] {dag.py:3033} INFO - Sync 1 DAGs
[2024-02-08T01:28:27.660+0100] {logging_mixin.py:188} INFO - [2024-02-08T01:28:27.659+0100] {dag.py:3820} INFO - Setting next_dagrun for example_sensor_decorator to None, run_after=None
[2024-02-08T01:28:27.715+0100] {processor.py:183} INFO - Processing /home/ubuntu/.local/lib/python3.10/site-packages/airflow/example_dags/example_sensor_decorator.py took 0.136 seconds
[2024-02-08T01:30:24.993+0100] {processor.py:161} INFO - Started process (PID=55685) to work on /home/ubuntu/.local/lib/python3.10/site-packages/airflow/example_dags/example_sensor_decorator.py
[2024-02-08T01:30:24.997+0100] {processor.py:830} INFO - Processing file /home/ubuntu/.local/lib/python3.10/site-packages/airflow/example_dags/example_sensor_decorator.py for tasks to queue
[2024-02-08T01:30:25.003+0100] {logging_mixin.py:188} INFO - [2024-02-08T01:30:24.999+0100] {dagbag.py:538} INFO - Filling up the DagBag from /home/ubuntu/.local/lib/python3.10/site-packages/airflow/example_dags/example_sensor_decorator.py
[2024-02-08T01:30:25.033+0100] {processor.py:840} INFO - DAG(s) 'example_sensor_decorator' retrieved from /home/ubuntu/.local/lib/python3.10/site-packages/airflow/example_dags/example_sensor_decorator.py
[2024-02-08T01:30:25.077+0100] {logging_mixin.py:188} INFO - [2024-02-08T01:30:25.077+0100] {dag.py:3033} INFO - Sync 1 DAGs
[2024-02-08T01:30:25.139+0100] {logging_mixin.py:188} INFO - [2024-02-08T01:30:25.138+0100] {dag.py:3820} INFO - Setting next_dagrun for example_sensor_decorator to None, run_after=None
[2024-02-08T01:30:25.199+0100] {processor.py:183} INFO - Processing /home/ubuntu/.local/lib/python3.10/site-packages/airflow/example_dags/example_sensor_decorator.py took 0.226 seconds
[2024-02-08T01:32:25.026+0100] {processor.py:161} INFO - Started process (PID=55892) to work on /home/ubuntu/.local/lib/python3.10/site-packages/airflow/example_dags/example_sensor_decorator.py
[2024-02-08T01:32:25.031+0100] {processor.py:830} INFO - Processing file /home/ubuntu/.local/lib/python3.10/site-packages/airflow/example_dags/example_sensor_decorator.py for tasks to queue
[2024-02-08T01:32:25.035+0100] {logging_mixin.py:188} INFO - [2024-02-08T01:32:25.033+0100] {dagbag.py:538} INFO - Filling up the DagBag from /home/ubuntu/.local/lib/python3.10/site-packages/airflow/example_dags/example_sensor_decorator.py
[2024-02-08T01:32:25.071+0100] {processor.py:840} INFO - DAG(s) 'example_sensor_decorator' retrieved from /home/ubuntu/.local/lib/python3.10/site-packages/airflow/example_dags/example_sensor_decorator.py
[2024-02-08T01:32:25.641+0100] {logging_mixin.py:188} INFO - [2024-02-08T01:32:25.641+0100] {dag.py:3033} INFO - Sync 1 DAGs
[2024-02-08T01:32:25.912+0100] {logging_mixin.py:188} INFO - [2024-02-08T01:32:25.912+0100] {dag.py:3820} INFO - Setting next_dagrun for example_sensor_decorator to None, run_after=None
[2024-02-08T01:32:26.199+0100] {processor.py:183} INFO - Processing /home/ubuntu/.local/lib/python3.10/site-packages/airflow/example_dags/example_sensor_decorator.py took 1.220 seconds
[2024-02-08T01:35:35.128+0100] {processor.py:161} INFO - Started process (PID=56185) to work on /home/ubuntu/.local/lib/python3.10/site-packages/airflow/example_dags/example_sensor_decorator.py
[2024-02-08T01:35:35.165+0100] {processor.py:830} INFO - Processing file /home/ubuntu/.local/lib/python3.10/site-packages/airflow/example_dags/example_sensor_decorator.py for tasks to queue
[2024-02-08T01:35:35.169+0100] {logging_mixin.py:188} INFO - [2024-02-08T01:35:35.168+0100] {dagbag.py:538} INFO - Filling up the DagBag from /home/ubuntu/.local/lib/python3.10/site-packages/airflow/example_dags/example_sensor_decorator.py
[2024-02-08T01:35:35.182+0100] {processor.py:840} INFO - DAG(s) 'example_sensor_decorator' retrieved from /home/ubuntu/.local/lib/python3.10/site-packages/airflow/example_dags/example_sensor_decorator.py
[2024-02-08T01:35:35.414+0100] {logging_mixin.py:188} INFO - [2024-02-08T01:35:35.408+0100] {dag.py:3033} INFO - Sync 1 DAGs
[2024-02-08T01:35:35.505+0100] {logging_mixin.py:188} INFO - [2024-02-08T01:35:35.505+0100] {dag.py:3820} INFO - Setting next_dagrun for example_sensor_decorator to None, run_after=None
[2024-02-08T01:35:35.711+0100] {processor.py:183} INFO - Processing /home/ubuntu/.local/lib/python3.10/site-packages/airflow/example_dags/example_sensor_decorator.py took 0.603 seconds
[2024-02-08T01:38:03.485+0100] {processor.py:161} INFO - Started process (PID=56423) to work on /home/ubuntu/.local/lib/python3.10/site-packages/airflow/example_dags/example_sensor_decorator.py
[2024-02-08T01:38:03.487+0100] {processor.py:830} INFO - Processing file /home/ubuntu/.local/lib/python3.10/site-packages/airflow/example_dags/example_sensor_decorator.py for tasks to queue
[2024-02-08T01:38:03.489+0100] {logging_mixin.py:188} INFO - [2024-02-08T01:38:03.489+0100] {dagbag.py:538} INFO - Filling up the DagBag from /home/ubuntu/.local/lib/python3.10/site-packages/airflow/example_dags/example_sensor_decorator.py
[2024-02-08T01:38:03.503+0100] {processor.py:840} INFO - DAG(s) 'example_sensor_decorator' retrieved from /home/ubuntu/.local/lib/python3.10/site-packages/airflow/example_dags/example_sensor_decorator.py
[2024-02-08T01:38:03.539+0100] {logging_mixin.py:188} INFO - [2024-02-08T01:38:03.539+0100] {dag.py:3033} INFO - Sync 1 DAGs
[2024-02-08T01:38:03.558+0100] {logging_mixin.py:188} INFO - [2024-02-08T01:38:03.558+0100] {dag.py:3820} INFO - Setting next_dagrun for example_sensor_decorator to None, run_after=None
[2024-02-08T01:38:03.616+0100] {processor.py:183} INFO - Processing /home/ubuntu/.local/lib/python3.10/site-packages/airflow/example_dags/example_sensor_decorator.py took 0.138 seconds
[2024-02-08T01:39:56.778+0100] {processor.py:161} INFO - Started process (PID=56640) to work on /home/ubuntu/.local/lib/python3.10/site-packages/airflow/example_dags/example_sensor_decorator.py
[2024-02-08T01:39:56.857+0100] {processor.py:830} INFO - Processing file /home/ubuntu/.local/lib/python3.10/site-packages/airflow/example_dags/example_sensor_decorator.py for tasks to queue
[2024-02-08T01:39:56.859+0100] {logging_mixin.py:188} INFO - [2024-02-08T01:39:56.859+0100] {dagbag.py:538} INFO - Filling up the DagBag from /home/ubuntu/.local/lib/python3.10/site-packages/airflow/example_dags/example_sensor_decorator.py
[2024-02-08T01:39:56.900+0100] {processor.py:840} INFO - DAG(s) 'example_sensor_decorator' retrieved from /home/ubuntu/.local/lib/python3.10/site-packages/airflow/example_dags/example_sensor_decorator.py
[2024-02-08T01:39:57.038+0100] {logging_mixin.py:188} INFO - [2024-02-08T01:39:57.038+0100] {dag.py:3033} INFO - Sync 1 DAGs
[2024-02-08T01:39:57.061+0100] {logging_mixin.py:188} INFO - [2024-02-08T01:39:57.061+0100] {dag.py:3820} INFO - Setting next_dagrun for example_sensor_decorator to None, run_after=None
[2024-02-08T01:39:57.144+0100] {processor.py:183} INFO - Processing /home/ubuntu/.local/lib/python3.10/site-packages/airflow/example_dags/example_sensor_decorator.py took 0.377 seconds
[2024-02-08T01:41:59.064+0100] {processor.py:161} INFO - Started process (PID=56877) to work on /home/ubuntu/.local/lib/python3.10/site-packages/airflow/example_dags/example_sensor_decorator.py
[2024-02-08T01:41:59.067+0100] {processor.py:830} INFO - Processing file /home/ubuntu/.local/lib/python3.10/site-packages/airflow/example_dags/example_sensor_decorator.py for tasks to queue
[2024-02-08T01:41:59.070+0100] {logging_mixin.py:188} INFO - [2024-02-08T01:41:59.069+0100] {dagbag.py:538} INFO - Filling up the DagBag from /home/ubuntu/.local/lib/python3.10/site-packages/airflow/example_dags/example_sensor_decorator.py
[2024-02-08T01:41:59.129+0100] {processor.py:840} INFO - DAG(s) 'example_sensor_decorator' retrieved from /home/ubuntu/.local/lib/python3.10/site-packages/airflow/example_dags/example_sensor_decorator.py
[2024-02-08T01:41:59.167+0100] {logging_mixin.py:188} INFO - [2024-02-08T01:41:59.167+0100] {dag.py:3033} INFO - Sync 1 DAGs
[2024-02-08T01:41:59.195+0100] {logging_mixin.py:188} INFO - [2024-02-08T01:41:59.195+0100] {dag.py:3820} INFO - Setting next_dagrun for example_sensor_decorator to None, run_after=None
[2024-02-08T01:41:59.251+0100] {processor.py:183} INFO - Processing /home/ubuntu/.local/lib/python3.10/site-packages/airflow/example_dags/example_sensor_decorator.py took 0.196 seconds
[2024-02-08T01:43:23.969+0100] {processor.py:161} INFO - Started process (PID=57054) to work on /home/ubuntu/.local/lib/python3.10/site-packages/airflow/example_dags/example_sensor_decorator.py
[2024-02-08T01:43:24.012+0100] {processor.py:830} INFO - Processing file /home/ubuntu/.local/lib/python3.10/site-packages/airflow/example_dags/example_sensor_decorator.py for tasks to queue
[2024-02-08T01:43:24.016+0100] {logging_mixin.py:188} INFO - [2024-02-08T01:43:24.015+0100] {dagbag.py:538} INFO - Filling up the DagBag from /home/ubuntu/.local/lib/python3.10/site-packages/airflow/example_dags/example_sensor_decorator.py
[2024-02-08T01:43:24.052+0100] {processor.py:840} INFO - DAG(s) 'example_sensor_decorator' retrieved from /home/ubuntu/.local/lib/python3.10/site-packages/airflow/example_dags/example_sensor_decorator.py
[2024-02-08T01:43:24.085+0100] {logging_mixin.py:188} INFO - [2024-02-08T01:43:24.085+0100] {dag.py:3033} INFO - Sync 1 DAGs
[2024-02-08T01:43:24.133+0100] {logging_mixin.py:188} INFO - [2024-02-08T01:43:24.132+0100] {dag.py:3820} INFO - Setting next_dagrun for example_sensor_decorator to None, run_after=None
[2024-02-08T01:43:24.564+0100] {processor.py:183} INFO - Processing /home/ubuntu/.local/lib/python3.10/site-packages/airflow/example_dags/example_sensor_decorator.py took 0.604 seconds
[2024-02-08T01:44:37.679+0100] {processor.py:161} INFO - Started process (PID=57187) to work on /home/ubuntu/.local/lib/python3.10/site-packages/airflow/example_dags/example_sensor_decorator.py
[2024-02-08T01:44:37.681+0100] {processor.py:830} INFO - Processing file /home/ubuntu/.local/lib/python3.10/site-packages/airflow/example_dags/example_sensor_decorator.py for tasks to queue
[2024-02-08T01:44:37.682+0100] {logging_mixin.py:188} INFO - [2024-02-08T01:44:37.681+0100] {dagbag.py:538} INFO - Filling up the DagBag from /home/ubuntu/.local/lib/python3.10/site-packages/airflow/example_dags/example_sensor_decorator.py
[2024-02-08T01:44:37.692+0100] {processor.py:840} INFO - DAG(s) 'example_sensor_decorator' retrieved from /home/ubuntu/.local/lib/python3.10/site-packages/airflow/example_dags/example_sensor_decorator.py
[2024-02-08T01:44:37.714+0100] {logging_mixin.py:188} INFO - [2024-02-08T01:44:37.713+0100] {dag.py:3033} INFO - Sync 1 DAGs
[2024-02-08T01:44:37.732+0100] {logging_mixin.py:188} INFO - [2024-02-08T01:44:37.732+0100] {dag.py:3820} INFO - Setting next_dagrun for example_sensor_decorator to None, run_after=None
[2024-02-08T01:44:37.764+0100] {processor.py:183} INFO - Processing /home/ubuntu/.local/lib/python3.10/site-packages/airflow/example_dags/example_sensor_decorator.py took 0.089 seconds
[2024-02-08T01:45:42.347+0100] {processor.py:161} INFO - Started process (PID=57320) to work on /home/ubuntu/.local/lib/python3.10/site-packages/airflow/example_dags/example_sensor_decorator.py
[2024-02-08T01:45:42.349+0100] {processor.py:830} INFO - Processing file /home/ubuntu/.local/lib/python3.10/site-packages/airflow/example_dags/example_sensor_decorator.py for tasks to queue
[2024-02-08T01:45:42.350+0100] {logging_mixin.py:188} INFO - [2024-02-08T01:45:42.350+0100] {dagbag.py:538} INFO - Filling up the DagBag from /home/ubuntu/.local/lib/python3.10/site-packages/airflow/example_dags/example_sensor_decorator.py
[2024-02-08T01:45:42.358+0100] {processor.py:840} INFO - DAG(s) 'example_sensor_decorator' retrieved from /home/ubuntu/.local/lib/python3.10/site-packages/airflow/example_dags/example_sensor_decorator.py
[2024-02-08T01:45:42.381+0100] {logging_mixin.py:188} INFO - [2024-02-08T01:45:42.381+0100] {dag.py:3033} INFO - Sync 1 DAGs
[2024-02-08T01:45:42.399+0100] {logging_mixin.py:188} INFO - [2024-02-08T01:45:42.399+0100] {dag.py:3820} INFO - Setting next_dagrun for example_sensor_decorator to None, run_after=None
[2024-02-08T01:45:42.429+0100] {processor.py:183} INFO - Processing /home/ubuntu/.local/lib/python3.10/site-packages/airflow/example_dags/example_sensor_decorator.py took 0.086 seconds
[2024-02-08T01:46:44.009+0100] {processor.py:161} INFO - Started process (PID=57440) to work on /home/ubuntu/.local/lib/python3.10/site-packages/airflow/example_dags/example_sensor_decorator.py
[2024-02-08T01:46:44.010+0100] {processor.py:830} INFO - Processing file /home/ubuntu/.local/lib/python3.10/site-packages/airflow/example_dags/example_sensor_decorator.py for tasks to queue
[2024-02-08T01:46:44.011+0100] {logging_mixin.py:188} INFO - [2024-02-08T01:46:44.011+0100] {dagbag.py:538} INFO - Filling up the DagBag from /home/ubuntu/.local/lib/python3.10/site-packages/airflow/example_dags/example_sensor_decorator.py
[2024-02-08T01:46:44.019+0100] {processor.py:840} INFO - DAG(s) 'example_sensor_decorator' retrieved from /home/ubuntu/.local/lib/python3.10/site-packages/airflow/example_dags/example_sensor_decorator.py
[2024-02-08T01:46:44.043+0100] {logging_mixin.py:188} INFO - [2024-02-08T01:46:44.042+0100] {dag.py:3033} INFO - Sync 1 DAGs
[2024-02-08T01:46:44.056+0100] {logging_mixin.py:188} INFO - [2024-02-08T01:46:44.055+0100] {dag.py:3820} INFO - Setting next_dagrun for example_sensor_decorator to None, run_after=None
[2024-02-08T01:46:44.083+0100] {processor.py:183} INFO - Processing /home/ubuntu/.local/lib/python3.10/site-packages/airflow/example_dags/example_sensor_decorator.py took 0.079 seconds
[2024-02-08T01:48:08.479+0100] {processor.py:161} INFO - Started process (PID=57621) to work on /home/ubuntu/.local/lib/python3.10/site-packages/airflow/example_dags/example_sensor_decorator.py
[2024-02-08T01:48:08.487+0100] {processor.py:830} INFO - Processing file /home/ubuntu/.local/lib/python3.10/site-packages/airflow/example_dags/example_sensor_decorator.py for tasks to queue
[2024-02-08T01:48:08.488+0100] {logging_mixin.py:188} INFO - [2024-02-08T01:48:08.487+0100] {dagbag.py:538} INFO - Filling up the DagBag from /home/ubuntu/.local/lib/python3.10/site-packages/airflow/example_dags/example_sensor_decorator.py
[2024-02-08T01:48:08.495+0100] {processor.py:840} INFO - DAG(s) 'example_sensor_decorator' retrieved from /home/ubuntu/.local/lib/python3.10/site-packages/airflow/example_dags/example_sensor_decorator.py
[2024-02-08T01:48:08.540+0100] {logging_mixin.py:188} INFO - [2024-02-08T01:48:08.540+0100] {dag.py:3033} INFO - Sync 1 DAGs
[2024-02-08T01:48:08.557+0100] {logging_mixin.py:188} INFO - [2024-02-08T01:48:08.557+0100] {dag.py:3820} INFO - Setting next_dagrun for example_sensor_decorator to None, run_after=None
[2024-02-08T01:48:08.613+0100] {processor.py:183} INFO - Processing /home/ubuntu/.local/lib/python3.10/site-packages/airflow/example_dags/example_sensor_decorator.py took 0.137 seconds
[2024-02-08T01:49:53.915+0100] {processor.py:161} INFO - Started process (PID=57830) to work on /home/ubuntu/.local/lib/python3.10/site-packages/airflow/example_dags/example_sensor_decorator.py
[2024-02-08T01:49:53.950+0100] {processor.py:830} INFO - Processing file /home/ubuntu/.local/lib/python3.10/site-packages/airflow/example_dags/example_sensor_decorator.py for tasks to queue
[2024-02-08T01:49:53.951+0100] {logging_mixin.py:188} INFO - [2024-02-08T01:49:53.951+0100] {dagbag.py:538} INFO - Filling up the DagBag from /home/ubuntu/.local/lib/python3.10/site-packages/airflow/example_dags/example_sensor_decorator.py
[2024-02-08T01:49:53.988+0100] {processor.py:840} INFO - DAG(s) 'example_sensor_decorator' retrieved from /home/ubuntu/.local/lib/python3.10/site-packages/airflow/example_dags/example_sensor_decorator.py
[2024-02-08T01:49:54.069+0100] {logging_mixin.py:188} INFO - [2024-02-08T01:49:54.069+0100] {dag.py:3033} INFO - Sync 1 DAGs
[2024-02-08T01:49:54.098+0100] {logging_mixin.py:188} INFO - [2024-02-08T01:49:54.098+0100] {dag.py:3820} INFO - Setting next_dagrun for example_sensor_decorator to None, run_after=None
[2024-02-08T01:49:54.228+0100] {processor.py:183} INFO - Processing /home/ubuntu/.local/lib/python3.10/site-packages/airflow/example_dags/example_sensor_decorator.py took 0.329 seconds
[2024-02-08T01:51:33.223+0100] {processor.py:161} INFO - Started process (PID=58025) to work on /home/ubuntu/.local/lib/python3.10/site-packages/airflow/example_dags/example_sensor_decorator.py
[2024-02-08T01:51:33.226+0100] {processor.py:830} INFO - Processing file /home/ubuntu/.local/lib/python3.10/site-packages/airflow/example_dags/example_sensor_decorator.py for tasks to queue
[2024-02-08T01:51:33.236+0100] {logging_mixin.py:188} INFO - [2024-02-08T01:51:33.231+0100] {dagbag.py:538} INFO - Filling up the DagBag from /home/ubuntu/.local/lib/python3.10/site-packages/airflow/example_dags/example_sensor_decorator.py
[2024-02-08T01:51:33.279+0100] {processor.py:840} INFO - DAG(s) 'example_sensor_decorator' retrieved from /home/ubuntu/.local/lib/python3.10/site-packages/airflow/example_dags/example_sensor_decorator.py
[2024-02-08T01:51:33.384+0100] {logging_mixin.py:188} INFO - [2024-02-08T01:51:33.384+0100] {dag.py:3033} INFO - Sync 1 DAGs
[2024-02-08T01:51:33.398+0100] {logging_mixin.py:188} INFO - [2024-02-08T01:51:33.397+0100] {dag.py:3820} INFO - Setting next_dagrun for example_sensor_decorator to None, run_after=None
[2024-02-08T01:51:33.438+0100] {processor.py:183} INFO - Processing /home/ubuntu/.local/lib/python3.10/site-packages/airflow/example_dags/example_sensor_decorator.py took 0.224 seconds
[2024-02-08T01:53:01.153+0100] {processor.py:161} INFO - Started process (PID=58181) to work on /home/ubuntu/.local/lib/python3.10/site-packages/airflow/example_dags/example_sensor_decorator.py
[2024-02-08T01:53:01.167+0100] {processor.py:830} INFO - Processing file /home/ubuntu/.local/lib/python3.10/site-packages/airflow/example_dags/example_sensor_decorator.py for tasks to queue
[2024-02-08T01:53:01.170+0100] {logging_mixin.py:188} INFO - [2024-02-08T01:53:01.169+0100] {dagbag.py:538} INFO - Filling up the DagBag from /home/ubuntu/.local/lib/python3.10/site-packages/airflow/example_dags/example_sensor_decorator.py
[2024-02-08T01:53:01.189+0100] {processor.py:840} INFO - DAG(s) 'example_sensor_decorator' retrieved from /home/ubuntu/.local/lib/python3.10/site-packages/airflow/example_dags/example_sensor_decorator.py
[2024-02-08T01:53:01.232+0100] {logging_mixin.py:188} INFO - [2024-02-08T01:53:01.228+0100] {dag.py:3033} INFO - Sync 1 DAGs
[2024-02-08T01:53:01.283+0100] {logging_mixin.py:188} INFO - [2024-02-08T01:53:01.282+0100] {dag.py:3820} INFO - Setting next_dagrun for example_sensor_decorator to None, run_after=None
[2024-02-08T01:53:01.647+0100] {processor.py:183} INFO - Processing /home/ubuntu/.local/lib/python3.10/site-packages/airflow/example_dags/example_sensor_decorator.py took 0.532 seconds
[2024-02-08T01:54:43.079+0100] {processor.py:161} INFO - Started process (PID=58366) to work on /home/ubuntu/.local/lib/python3.10/site-packages/airflow/example_dags/example_sensor_decorator.py
[2024-02-08T01:54:43.085+0100] {processor.py:830} INFO - Processing file /home/ubuntu/.local/lib/python3.10/site-packages/airflow/example_dags/example_sensor_decorator.py for tasks to queue
[2024-02-08T01:54:43.087+0100] {logging_mixin.py:188} INFO - [2024-02-08T01:54:43.086+0100] {dagbag.py:538} INFO - Filling up the DagBag from /home/ubuntu/.local/lib/python3.10/site-packages/airflow/example_dags/example_sensor_decorator.py
[2024-02-08T01:54:43.097+0100] {processor.py:840} INFO - DAG(s) 'example_sensor_decorator' retrieved from /home/ubuntu/.local/lib/python3.10/site-packages/airflow/example_dags/example_sensor_decorator.py
[2024-02-08T01:54:43.118+0100] {logging_mixin.py:188} INFO - [2024-02-08T01:54:43.118+0100] {dag.py:3033} INFO - Sync 1 DAGs
[2024-02-08T01:54:43.131+0100] {logging_mixin.py:188} INFO - [2024-02-08T01:54:43.130+0100] {dag.py:3820} INFO - Setting next_dagrun for example_sensor_decorator to None, run_after=None
[2024-02-08T01:54:43.193+0100] {processor.py:183} INFO - Processing /home/ubuntu/.local/lib/python3.10/site-packages/airflow/example_dags/example_sensor_decorator.py took 0.122 seconds
[2024-02-08T01:56:36.714+0100] {processor.py:161} INFO - Started process (PID=58576) to work on /home/ubuntu/.local/lib/python3.10/site-packages/airflow/example_dags/example_sensor_decorator.py
[2024-02-08T01:56:36.727+0100] {processor.py:830} INFO - Processing file /home/ubuntu/.local/lib/python3.10/site-packages/airflow/example_dags/example_sensor_decorator.py for tasks to queue
[2024-02-08T01:56:36.734+0100] {logging_mixin.py:188} INFO - [2024-02-08T01:56:36.733+0100] {dagbag.py:538} INFO - Filling up the DagBag from /home/ubuntu/.local/lib/python3.10/site-packages/airflow/example_dags/example_sensor_decorator.py
[2024-02-08T01:56:36.808+0100] {processor.py:840} INFO - DAG(s) 'example_sensor_decorator' retrieved from /home/ubuntu/.local/lib/python3.10/site-packages/airflow/example_dags/example_sensor_decorator.py
[2024-02-08T01:56:36.953+0100] {logging_mixin.py:188} INFO - [2024-02-08T01:56:36.953+0100] {dag.py:3033} INFO - Sync 1 DAGs
[2024-02-08T01:56:37.046+0100] {logging_mixin.py:188} INFO - [2024-02-08T01:56:37.046+0100] {dag.py:3820} INFO - Setting next_dagrun for example_sensor_decorator to None, run_after=None
[2024-02-08T01:56:37.344+0100] {processor.py:183} INFO - Processing /home/ubuntu/.local/lib/python3.10/site-packages/airflow/example_dags/example_sensor_decorator.py took 0.639 seconds
[2024-02-08T01:58:39.589+0100] {processor.py:161} INFO - Started process (PID=58779) to work on /home/ubuntu/.local/lib/python3.10/site-packages/airflow/example_dags/example_sensor_decorator.py
[2024-02-08T01:58:39.608+0100] {processor.py:830} INFO - Processing file /home/ubuntu/.local/lib/python3.10/site-packages/airflow/example_dags/example_sensor_decorator.py for tasks to queue
[2024-02-08T01:58:39.624+0100] {logging_mixin.py:188} INFO - [2024-02-08T01:58:39.623+0100] {dagbag.py:538} INFO - Filling up the DagBag from /home/ubuntu/.local/lib/python3.10/site-packages/airflow/example_dags/example_sensor_decorator.py
[2024-02-08T01:58:39.650+0100] {processor.py:840} INFO - DAG(s) 'example_sensor_decorator' retrieved from /home/ubuntu/.local/lib/python3.10/site-packages/airflow/example_dags/example_sensor_decorator.py
[2024-02-08T01:58:39.685+0100] {logging_mixin.py:188} INFO - [2024-02-08T01:58:39.684+0100] {dag.py:3033} INFO - Sync 1 DAGs
[2024-02-08T01:58:39.710+0100] {logging_mixin.py:188} INFO - [2024-02-08T01:58:39.709+0100] {dag.py:3820} INFO - Setting next_dagrun for example_sensor_decorator to None, run_after=None
[2024-02-08T01:58:39.924+0100] {processor.py:183} INFO - Processing /home/ubuntu/.local/lib/python3.10/site-packages/airflow/example_dags/example_sensor_decorator.py took 0.373 seconds
[2024-02-08T02:00:15.567+0100] {processor.py:161} INFO - Started process (PID=58955) to work on /home/ubuntu/.local/lib/python3.10/site-packages/airflow/example_dags/example_sensor_decorator.py
[2024-02-08T02:00:15.570+0100] {processor.py:830} INFO - Processing file /home/ubuntu/.local/lib/python3.10/site-packages/airflow/example_dags/example_sensor_decorator.py for tasks to queue
[2024-02-08T02:00:15.571+0100] {logging_mixin.py:188} INFO - [2024-02-08T02:00:15.570+0100] {dagbag.py:538} INFO - Filling up the DagBag from /home/ubuntu/.local/lib/python3.10/site-packages/airflow/example_dags/example_sensor_decorator.py
[2024-02-08T02:00:15.601+0100] {processor.py:840} INFO - DAG(s) 'example_sensor_decorator' retrieved from /home/ubuntu/.local/lib/python3.10/site-packages/airflow/example_dags/example_sensor_decorator.py
[2024-02-08T02:00:15.721+0100] {logging_mixin.py:188} INFO - [2024-02-08T02:00:15.721+0100] {dag.py:3033} INFO - Sync 1 DAGs
[2024-02-08T02:00:15.776+0100] {logging_mixin.py:188} INFO - [2024-02-08T02:00:15.776+0100] {dag.py:3820} INFO - Setting next_dagrun for example_sensor_decorator to None, run_after=None
[2024-02-08T02:00:16.011+0100] {processor.py:183} INFO - Processing /home/ubuntu/.local/lib/python3.10/site-packages/airflow/example_dags/example_sensor_decorator.py took 0.454 seconds
[2024-02-08T02:02:28.181+0100] {processor.py:161} INFO - Started process (PID=59172) to work on /home/ubuntu/.local/lib/python3.10/site-packages/airflow/example_dags/example_sensor_decorator.py
[2024-02-08T02:02:28.190+0100] {processor.py:830} INFO - Processing file /home/ubuntu/.local/lib/python3.10/site-packages/airflow/example_dags/example_sensor_decorator.py for tasks to queue
[2024-02-08T02:02:28.193+0100] {logging_mixin.py:188} INFO - [2024-02-08T02:02:28.191+0100] {dagbag.py:538} INFO - Filling up the DagBag from /home/ubuntu/.local/lib/python3.10/site-packages/airflow/example_dags/example_sensor_decorator.py
[2024-02-08T02:02:28.212+0100] {processor.py:840} INFO - DAG(s) 'example_sensor_decorator' retrieved from /home/ubuntu/.local/lib/python3.10/site-packages/airflow/example_dags/example_sensor_decorator.py
[2024-02-08T02:02:28.288+0100] {logging_mixin.py:188} INFO - [2024-02-08T02:02:28.284+0100] {dag.py:3033} INFO - Sync 1 DAGs
[2024-02-08T02:02:28.345+0100] {logging_mixin.py:188} INFO - [2024-02-08T02:02:28.344+0100] {dag.py:3820} INFO - Setting next_dagrun for example_sensor_decorator to None, run_after=None
[2024-02-08T02:02:28.598+0100] {processor.py:183} INFO - Processing /home/ubuntu/.local/lib/python3.10/site-packages/airflow/example_dags/example_sensor_decorator.py took 0.434 seconds
[2024-02-08T02:04:32.182+0100] {processor.py:161} INFO - Started process (PID=59379) to work on /home/ubuntu/.local/lib/python3.10/site-packages/airflow/example_dags/example_sensor_decorator.py
[2024-02-08T02:04:32.218+0100] {processor.py:830} INFO - Processing file /home/ubuntu/.local/lib/python3.10/site-packages/airflow/example_dags/example_sensor_decorator.py for tasks to queue
[2024-02-08T02:04:32.223+0100] {logging_mixin.py:188} INFO - [2024-02-08T02:04:32.222+0100] {dagbag.py:538} INFO - Filling up the DagBag from /home/ubuntu/.local/lib/python3.10/site-packages/airflow/example_dags/example_sensor_decorator.py
[2024-02-08T02:04:32.264+0100] {processor.py:840} INFO - DAG(s) 'example_sensor_decorator' retrieved from /home/ubuntu/.local/lib/python3.10/site-packages/airflow/example_dags/example_sensor_decorator.py
[2024-02-08T02:04:32.311+0100] {logging_mixin.py:188} INFO - [2024-02-08T02:04:32.310+0100] {dag.py:3033} INFO - Sync 1 DAGs
[2024-02-08T02:04:32.369+0100] {logging_mixin.py:188} INFO - [2024-02-08T02:04:32.369+0100] {dag.py:3820} INFO - Setting next_dagrun for example_sensor_decorator to None, run_after=None
[2024-02-08T02:04:32.507+0100] {processor.py:183} INFO - Processing /home/ubuntu/.local/lib/python3.10/site-packages/airflow/example_dags/example_sensor_decorator.py took 0.341 seconds
[2024-02-08T02:07:23.737+0100] {processor.py:161} INFO - Started process (PID=60269) to work on /home/ubuntu/.local/lib/python3.10/site-packages/airflow/example_dags/example_sensor_decorator.py
[2024-02-08T02:07:23.780+0100] {processor.py:830} INFO - Processing file /home/ubuntu/.local/lib/python3.10/site-packages/airflow/example_dags/example_sensor_decorator.py for tasks to queue
[2024-02-08T02:07:23.794+0100] {logging_mixin.py:188} INFO - [2024-02-08T02:07:23.793+0100] {dagbag.py:538} INFO - Filling up the DagBag from /home/ubuntu/.local/lib/python3.10/site-packages/airflow/example_dags/example_sensor_decorator.py
[2024-02-08T02:07:23.839+0100] {processor.py:840} INFO - DAG(s) 'example_sensor_decorator' retrieved from /home/ubuntu/.local/lib/python3.10/site-packages/airflow/example_dags/example_sensor_decorator.py
[2024-02-08T02:07:23.958+0100] {logging_mixin.py:188} INFO - [2024-02-08T02:07:23.957+0100] {dag.py:3033} INFO - Sync 1 DAGs
[2024-02-08T02:07:24.004+0100] {logging_mixin.py:188} INFO - [2024-02-08T02:07:24.004+0100] {dag.py:3820} INFO - Setting next_dagrun for example_sensor_decorator to None, run_after=None
[2024-02-08T02:07:24.293+0100] {processor.py:183} INFO - Processing /home/ubuntu/.local/lib/python3.10/site-packages/airflow/example_dags/example_sensor_decorator.py took 0.563 seconds
[2024-02-08T02:10:29.593+0100] {processor.py:161} INFO - Started process (PID=60540) to work on /home/ubuntu/.local/lib/python3.10/site-packages/airflow/example_dags/example_sensor_decorator.py
[2024-02-08T02:10:29.595+0100] {processor.py:830} INFO - Processing file /home/ubuntu/.local/lib/python3.10/site-packages/airflow/example_dags/example_sensor_decorator.py for tasks to queue
[2024-02-08T02:10:29.596+0100] {logging_mixin.py:188} INFO - [2024-02-08T02:10:29.595+0100] {dagbag.py:538} INFO - Filling up the DagBag from /home/ubuntu/.local/lib/python3.10/site-packages/airflow/example_dags/example_sensor_decorator.py
[2024-02-08T02:10:29.604+0100] {processor.py:840} INFO - DAG(s) 'example_sensor_decorator' retrieved from /home/ubuntu/.local/lib/python3.10/site-packages/airflow/example_dags/example_sensor_decorator.py
[2024-02-08T02:10:29.622+0100] {logging_mixin.py:188} INFO - [2024-02-08T02:10:29.621+0100] {dag.py:3033} INFO - Sync 1 DAGs
[2024-02-08T02:10:29.635+0100] {logging_mixin.py:188} INFO - [2024-02-08T02:10:29.635+0100] {dag.py:3820} INFO - Setting next_dagrun for example_sensor_decorator to None, run_after=None
[2024-02-08T02:10:29.686+0100] {processor.py:183} INFO - Processing /home/ubuntu/.local/lib/python3.10/site-packages/airflow/example_dags/example_sensor_decorator.py took 0.097 seconds
[2024-02-08T02:11:54.480+0100] {processor.py:161} INFO - Started process (PID=60631) to work on /home/ubuntu/.local/lib/python3.10/site-packages/airflow/example_dags/example_sensor_decorator.py
[2024-02-08T02:11:54.508+0100] {processor.py:830} INFO - Processing file /home/ubuntu/.local/lib/python3.10/site-packages/airflow/example_dags/example_sensor_decorator.py for tasks to queue
[2024-02-08T02:11:54.526+0100] {logging_mixin.py:188} INFO - [2024-02-08T02:11:54.509+0100] {dagbag.py:538} INFO - Filling up the DagBag from /home/ubuntu/.local/lib/python3.10/site-packages/airflow/example_dags/example_sensor_decorator.py
[2024-02-08T02:11:54.560+0100] {processor.py:840} INFO - DAG(s) 'example_sensor_decorator' retrieved from /home/ubuntu/.local/lib/python3.10/site-packages/airflow/example_dags/example_sensor_decorator.py
[2024-02-08T02:11:54.618+0100] {logging_mixin.py:188} INFO - [2024-02-08T02:11:54.618+0100] {dag.py:3033} INFO - Sync 1 DAGs
[2024-02-08T02:11:54.670+0100] {logging_mixin.py:188} INFO - [2024-02-08T02:11:54.669+0100] {dag.py:3820} INFO - Setting next_dagrun for example_sensor_decorator to None, run_after=None
[2024-02-08T02:11:54.926+0100] {processor.py:183} INFO - Processing /home/ubuntu/.local/lib/python3.10/site-packages/airflow/example_dags/example_sensor_decorator.py took 0.503 seconds
[2024-02-08T02:13:19.484+0100] {processor.py:161} INFO - Started process (PID=61005) to work on /home/ubuntu/.local/lib/python3.10/site-packages/airflow/example_dags/example_sensor_decorator.py
[2024-02-08T02:13:19.486+0100] {processor.py:830} INFO - Processing file /home/ubuntu/.local/lib/python3.10/site-packages/airflow/example_dags/example_sensor_decorator.py for tasks to queue
[2024-02-08T02:13:19.488+0100] {logging_mixin.py:188} INFO - [2024-02-08T02:13:19.487+0100] {dagbag.py:538} INFO - Filling up the DagBag from /home/ubuntu/.local/lib/python3.10/site-packages/airflow/example_dags/example_sensor_decorator.py
[2024-02-08T02:13:19.495+0100] {processor.py:840} INFO - DAG(s) 'example_sensor_decorator' retrieved from /home/ubuntu/.local/lib/python3.10/site-packages/airflow/example_dags/example_sensor_decorator.py
[2024-02-08T02:13:19.513+0100] {logging_mixin.py:188} INFO - [2024-02-08T02:13:19.512+0100] {dag.py:3033} INFO - Sync 1 DAGs
[2024-02-08T02:13:19.527+0100] {logging_mixin.py:188} INFO - [2024-02-08T02:13:19.527+0100] {dag.py:3820} INFO - Setting next_dagrun for example_sensor_decorator to None, run_after=None
[2024-02-08T02:13:19.561+0100] {processor.py:183} INFO - Processing /home/ubuntu/.local/lib/python3.10/site-packages/airflow/example_dags/example_sensor_decorator.py took 0.082 seconds
[2024-02-08T02:14:15.732+0100] {processor.py:161} INFO - Started process (PID=61096) to work on /home/ubuntu/.local/lib/python3.10/site-packages/airflow/example_dags/example_sensor_decorator.py
[2024-02-08T02:14:15.735+0100] {processor.py:830} INFO - Processing file /home/ubuntu/.local/lib/python3.10/site-packages/airflow/example_dags/example_sensor_decorator.py for tasks to queue
[2024-02-08T02:14:15.736+0100] {logging_mixin.py:188} INFO - [2024-02-08T02:14:15.735+0100] {dagbag.py:538} INFO - Filling up the DagBag from /home/ubuntu/.local/lib/python3.10/site-packages/airflow/example_dags/example_sensor_decorator.py
[2024-02-08T02:14:15.746+0100] {processor.py:840} INFO - DAG(s) 'example_sensor_decorator' retrieved from /home/ubuntu/.local/lib/python3.10/site-packages/airflow/example_dags/example_sensor_decorator.py
[2024-02-08T02:14:15.766+0100] {logging_mixin.py:188} INFO - [2024-02-08T02:14:15.766+0100] {dag.py:3033} INFO - Sync 1 DAGs
[2024-02-08T02:14:15.780+0100] {logging_mixin.py:188} INFO - [2024-02-08T02:14:15.780+0100] {dag.py:3820} INFO - Setting next_dagrun for example_sensor_decorator to None, run_after=None
[2024-02-08T02:14:15.810+0100] {processor.py:183} INFO - Processing /home/ubuntu/.local/lib/python3.10/site-packages/airflow/example_dags/example_sensor_decorator.py took 0.083 seconds
[2024-02-08T02:15:11.536+0100] {processor.py:161} INFO - Started process (PID=61188) to work on /home/ubuntu/.local/lib/python3.10/site-packages/airflow/example_dags/example_sensor_decorator.py
[2024-02-08T02:15:11.538+0100] {processor.py:830} INFO - Processing file /home/ubuntu/.local/lib/python3.10/site-packages/airflow/example_dags/example_sensor_decorator.py for tasks to queue
[2024-02-08T02:15:11.539+0100] {logging_mixin.py:188} INFO - [2024-02-08T02:15:11.538+0100] {dagbag.py:538} INFO - Filling up the DagBag from /home/ubuntu/.local/lib/python3.10/site-packages/airflow/example_dags/example_sensor_decorator.py
[2024-02-08T02:15:11.547+0100] {processor.py:840} INFO - DAG(s) 'example_sensor_decorator' retrieved from /home/ubuntu/.local/lib/python3.10/site-packages/airflow/example_dags/example_sensor_decorator.py
[2024-02-08T02:15:11.565+0100] {logging_mixin.py:188} INFO - [2024-02-08T02:15:11.565+0100] {dag.py:3033} INFO - Sync 1 DAGs
[2024-02-08T02:15:11.579+0100] {logging_mixin.py:188} INFO - [2024-02-08T02:15:11.578+0100] {dag.py:3820} INFO - Setting next_dagrun for example_sensor_decorator to None, run_after=None
[2024-02-08T02:15:11.611+0100] {processor.py:183} INFO - Processing /home/ubuntu/.local/lib/python3.10/site-packages/airflow/example_dags/example_sensor_decorator.py took 0.078 seconds
[2024-02-08T02:16:06.127+0100] {processor.py:161} INFO - Started process (PID=61270) to work on /home/ubuntu/.local/lib/python3.10/site-packages/airflow/example_dags/example_sensor_decorator.py
[2024-02-08T02:16:06.129+0100] {processor.py:830} INFO - Processing file /home/ubuntu/.local/lib/python3.10/site-packages/airflow/example_dags/example_sensor_decorator.py for tasks to queue
[2024-02-08T02:16:06.130+0100] {logging_mixin.py:188} INFO - [2024-02-08T02:16:06.130+0100] {dagbag.py:538} INFO - Filling up the DagBag from /home/ubuntu/.local/lib/python3.10/site-packages/airflow/example_dags/example_sensor_decorator.py
[2024-02-08T02:16:06.137+0100] {processor.py:840} INFO - DAG(s) 'example_sensor_decorator' retrieved from /home/ubuntu/.local/lib/python3.10/site-packages/airflow/example_dags/example_sensor_decorator.py
[2024-02-08T02:16:06.155+0100] {logging_mixin.py:188} INFO - [2024-02-08T02:16:06.155+0100] {dag.py:3033} INFO - Sync 1 DAGs
[2024-02-08T02:16:06.168+0100] {logging_mixin.py:188} INFO - [2024-02-08T02:16:06.167+0100] {dag.py:3820} INFO - Setting next_dagrun for example_sensor_decorator to None, run_after=None
[2024-02-08T02:16:06.193+0100] {processor.py:183} INFO - Processing /home/ubuntu/.local/lib/python3.10/site-packages/airflow/example_dags/example_sensor_decorator.py took 0.069 seconds
