[2024-02-08T01:02:50.428+0100] {processor.py:161} INFO - Started process (PID=50715) to work on /home/ubuntu/.local/lib/python3.10/site-packages/airflow/example_dags/example_setup_teardown_taskflow.py
[2024-02-08T01:02:50.431+0100] {processor.py:830} INFO - Processing file /home/ubuntu/.local/lib/python3.10/site-packages/airflow/example_dags/example_setup_teardown_taskflow.py for tasks to queue
[2024-02-08T01:02:50.432+0100] {logging_mixin.py:188} INFO - [2024-02-08T01:02:50.432+0100] {dagbag.py:538} INFO - Filling up the DagBag from /home/ubuntu/.local/lib/python3.10/site-packages/airflow/example_dags/example_setup_teardown_taskflow.py
[2024-02-08T01:02:50.464+0100] {processor.py:840} INFO - DAG(s) 'example_setup_teardown_taskflow' retrieved from /home/ubuntu/.local/lib/python3.10/site-packages/airflow/example_dags/example_setup_teardown_taskflow.py
[2024-02-08T01:02:50.910+0100] {logging_mixin.py:188} INFO - [2024-02-08T01:02:50.909+0100] {dag.py:3033} INFO - Sync 1 DAGs
[2024-02-08T01:02:50.982+0100] {logging_mixin.py:188} INFO - [2024-02-08T01:02:50.982+0100] {dag.py:3820} INFO - Setting next_dagrun for example_setup_teardown_taskflow to 2024-02-07T00:00:00+00:00, run_after=2024-02-08T00:00:00+00:00
[2024-02-08T01:02:51.207+0100] {processor.py:183} INFO - Processing /home/ubuntu/.local/lib/python3.10/site-packages/airflow/example_dags/example_setup_teardown_taskflow.py took 0.789 seconds
[2024-02-08T01:04:39.471+0100] {processor.py:161} INFO - Started process (PID=50908) to work on /home/ubuntu/.local/lib/python3.10/site-packages/airflow/example_dags/example_setup_teardown_taskflow.py
[2024-02-08T01:04:39.488+0100] {processor.py:830} INFO - Processing file /home/ubuntu/.local/lib/python3.10/site-packages/airflow/example_dags/example_setup_teardown_taskflow.py for tasks to queue
[2024-02-08T01:04:39.504+0100] {logging_mixin.py:188} INFO - [2024-02-08T01:04:39.496+0100] {dagbag.py:538} INFO - Filling up the DagBag from /home/ubuntu/.local/lib/python3.10/site-packages/airflow/example_dags/example_setup_teardown_taskflow.py
[2024-02-08T01:04:39.556+0100] {processor.py:840} INFO - DAG(s) 'example_setup_teardown_taskflow' retrieved from /home/ubuntu/.local/lib/python3.10/site-packages/airflow/example_dags/example_setup_teardown_taskflow.py
[2024-02-08T01:04:39.638+0100] {logging_mixin.py:188} INFO - [2024-02-08T01:04:39.638+0100] {dag.py:3033} INFO - Sync 1 DAGs
[2024-02-08T01:04:39.797+0100] {logging_mixin.py:188} INFO - [2024-02-08T01:04:39.796+0100] {dag.py:3820} INFO - Setting next_dagrun for example_setup_teardown_taskflow to 2024-02-07T00:00:00+00:00, run_after=2024-02-08T00:00:00+00:00
[2024-02-08T01:04:40.009+0100] {processor.py:183} INFO - Processing /home/ubuntu/.local/lib/python3.10/site-packages/airflow/example_dags/example_setup_teardown_taskflow.py took 0.544 seconds
[2024-02-08T01:06:16.266+0100] {processor.py:161} INFO - Started process (PID=51132) to work on /home/ubuntu/.local/lib/python3.10/site-packages/airflow/example_dags/example_setup_teardown_taskflow.py
[2024-02-08T01:06:16.281+0100] {processor.py:830} INFO - Processing file /home/ubuntu/.local/lib/python3.10/site-packages/airflow/example_dags/example_setup_teardown_taskflow.py for tasks to queue
[2024-02-08T01:06:16.283+0100] {logging_mixin.py:188} INFO - [2024-02-08T01:06:16.282+0100] {dagbag.py:538} INFO - Filling up the DagBag from /home/ubuntu/.local/lib/python3.10/site-packages/airflow/example_dags/example_setup_teardown_taskflow.py
[2024-02-08T01:06:16.339+0100] {processor.py:840} INFO - DAG(s) 'example_setup_teardown_taskflow' retrieved from /home/ubuntu/.local/lib/python3.10/site-packages/airflow/example_dags/example_setup_teardown_taskflow.py
[2024-02-08T01:06:16.382+0100] {logging_mixin.py:188} INFO - [2024-02-08T01:06:16.382+0100] {dag.py:3033} INFO - Sync 1 DAGs
[2024-02-08T01:06:16.491+0100] {logging_mixin.py:188} INFO - [2024-02-08T01:06:16.491+0100] {dag.py:3820} INFO - Setting next_dagrun for example_setup_teardown_taskflow to 2024-02-07T00:00:00+00:00, run_after=2024-02-08T00:00:00+00:00
[2024-02-08T01:06:16.674+0100] {processor.py:183} INFO - Processing /home/ubuntu/.local/lib/python3.10/site-packages/airflow/example_dags/example_setup_teardown_taskflow.py took 0.430 seconds
[2024-02-08T01:07:32.006+0100] {processor.py:161} INFO - Started process (PID=51634) to work on /home/ubuntu/.local/lib/python3.10/site-packages/airflow/example_dags/example_setup_teardown_taskflow.py
[2024-02-08T01:07:32.029+0100] {processor.py:830} INFO - Processing file /home/ubuntu/.local/lib/python3.10/site-packages/airflow/example_dags/example_setup_teardown_taskflow.py for tasks to queue
[2024-02-08T01:07:32.030+0100] {logging_mixin.py:188} INFO - [2024-02-08T01:07:32.030+0100] {dagbag.py:538} INFO - Filling up the DagBag from /home/ubuntu/.local/lib/python3.10/site-packages/airflow/example_dags/example_setup_teardown_taskflow.py
[2024-02-08T01:07:32.084+0100] {processor.py:840} INFO - DAG(s) 'example_setup_teardown_taskflow' retrieved from /home/ubuntu/.local/lib/python3.10/site-packages/airflow/example_dags/example_setup_teardown_taskflow.py
[2024-02-08T01:07:32.121+0100] {logging_mixin.py:188} INFO - [2024-02-08T01:07:32.121+0100] {dag.py:3033} INFO - Sync 1 DAGs
[2024-02-08T01:07:32.157+0100] {logging_mixin.py:188} INFO - [2024-02-08T01:07:32.156+0100] {dag.py:3820} INFO - Setting next_dagrun for example_setup_teardown_taskflow to 2024-02-07T00:00:00+00:00, run_after=2024-02-08T00:00:00+00:00
[2024-02-08T01:07:32.200+0100] {processor.py:183} INFO - Processing /home/ubuntu/.local/lib/python3.10/site-packages/airflow/example_dags/example_setup_teardown_taskflow.py took 0.200 seconds
[2024-02-08T01:08:56.651+0100] {processor.py:161} INFO - Started process (PID=52019) to work on /home/ubuntu/.local/lib/python3.10/site-packages/airflow/example_dags/example_setup_teardown_taskflow.py
[2024-02-08T01:08:56.653+0100] {processor.py:830} INFO - Processing file /home/ubuntu/.local/lib/python3.10/site-packages/airflow/example_dags/example_setup_teardown_taskflow.py for tasks to queue
[2024-02-08T01:08:56.655+0100] {logging_mixin.py:188} INFO - [2024-02-08T01:08:56.654+0100] {dagbag.py:538} INFO - Filling up the DagBag from /home/ubuntu/.local/lib/python3.10/site-packages/airflow/example_dags/example_setup_teardown_taskflow.py
[2024-02-08T01:08:56.669+0100] {processor.py:840} INFO - DAG(s) 'example_setup_teardown_taskflow' retrieved from /home/ubuntu/.local/lib/python3.10/site-packages/airflow/example_dags/example_setup_teardown_taskflow.py
[2024-02-08T01:08:56.699+0100] {logging_mixin.py:188} INFO - [2024-02-08T01:08:56.699+0100] {dag.py:3033} INFO - Sync 1 DAGs
[2024-02-08T01:08:56.730+0100] {logging_mixin.py:188} INFO - [2024-02-08T01:08:56.730+0100] {dag.py:3820} INFO - Setting next_dagrun for example_setup_teardown_taskflow to 2024-02-07T00:00:00+00:00, run_after=2024-02-08T00:00:00+00:00
[2024-02-08T01:08:56.811+0100] {processor.py:183} INFO - Processing /home/ubuntu/.local/lib/python3.10/site-packages/airflow/example_dags/example_setup_teardown_taskflow.py took 0.166 seconds
[2024-02-08T01:10:32.260+0100] {processor.py:161} INFO - Started process (PID=52276) to work on /home/ubuntu/.local/lib/python3.10/site-packages/airflow/example_dags/example_setup_teardown_taskflow.py
[2024-02-08T01:10:32.263+0100] {processor.py:830} INFO - Processing file /home/ubuntu/.local/lib/python3.10/site-packages/airflow/example_dags/example_setup_teardown_taskflow.py for tasks to queue
[2024-02-08T01:10:32.266+0100] {logging_mixin.py:188} INFO - [2024-02-08T01:10:32.265+0100] {dagbag.py:538} INFO - Filling up the DagBag from /home/ubuntu/.local/lib/python3.10/site-packages/airflow/example_dags/example_setup_teardown_taskflow.py
[2024-02-08T01:10:32.287+0100] {processor.py:840} INFO - DAG(s) 'example_setup_teardown_taskflow' retrieved from /home/ubuntu/.local/lib/python3.10/site-packages/airflow/example_dags/example_setup_teardown_taskflow.py
[2024-02-08T01:10:32.314+0100] {logging_mixin.py:188} INFO - [2024-02-08T01:10:32.314+0100] {dag.py:3033} INFO - Sync 1 DAGs
[2024-02-08T01:10:32.335+0100] {logging_mixin.py:188} INFO - [2024-02-08T01:10:32.335+0100] {dag.py:3820} INFO - Setting next_dagrun for example_setup_teardown_taskflow to 2024-02-07T00:00:00+00:00, run_after=2024-02-08T00:00:00+00:00
[2024-02-08T01:10:32.368+0100] {processor.py:183} INFO - Processing /home/ubuntu/.local/lib/python3.10/site-packages/airflow/example_dags/example_setup_teardown_taskflow.py took 0.113 seconds
[2024-02-08T01:12:00.342+0100] {processor.py:161} INFO - Started process (PID=52614) to work on /home/ubuntu/.local/lib/python3.10/site-packages/airflow/example_dags/example_setup_teardown_taskflow.py
[2024-02-08T01:12:00.384+0100] {processor.py:830} INFO - Processing file /home/ubuntu/.local/lib/python3.10/site-packages/airflow/example_dags/example_setup_teardown_taskflow.py for tasks to queue
[2024-02-08T01:12:00.421+0100] {logging_mixin.py:188} INFO - [2024-02-08T01:12:00.417+0100] {dagbag.py:538} INFO - Filling up the DagBag from /home/ubuntu/.local/lib/python3.10/site-packages/airflow/example_dags/example_setup_teardown_taskflow.py
[2024-02-08T01:12:00.482+0100] {processor.py:840} INFO - DAG(s) 'example_setup_teardown_taskflow' retrieved from /home/ubuntu/.local/lib/python3.10/site-packages/airflow/example_dags/example_setup_teardown_taskflow.py
[2024-02-08T01:12:00.551+0100] {logging_mixin.py:188} INFO - [2024-02-08T01:12:00.550+0100] {dag.py:3033} INFO - Sync 1 DAGs
[2024-02-08T01:12:00.614+0100] {logging_mixin.py:188} INFO - [2024-02-08T01:12:00.613+0100] {dag.py:3820} INFO - Setting next_dagrun for example_setup_teardown_taskflow to 2024-02-07T00:00:00+00:00, run_after=2024-02-08T00:00:00+00:00
[2024-02-08T01:12:00.909+0100] {processor.py:183} INFO - Processing /home/ubuntu/.local/lib/python3.10/site-packages/airflow/example_dags/example_setup_teardown_taskflow.py took 0.607 seconds
[2024-02-08T01:15:50.648+0100] {processor.py:161} INFO - Started process (PID=53470) to work on /home/ubuntu/.local/lib/python3.10/site-packages/airflow/example_dags/example_setup_teardown_taskflow.py
[2024-02-08T01:15:50.807+0100] {processor.py:830} INFO - Processing file /home/ubuntu/.local/lib/python3.10/site-packages/airflow/example_dags/example_setup_teardown_taskflow.py for tasks to queue
[2024-02-08T01:15:50.827+0100] {logging_mixin.py:188} INFO - [2024-02-08T01:15:50.826+0100] {dagbag.py:538} INFO - Filling up the DagBag from /home/ubuntu/.local/lib/python3.10/site-packages/airflow/example_dags/example_setup_teardown_taskflow.py
[2024-02-08T01:15:51.354+0100] {processor.py:840} INFO - DAG(s) 'example_setup_teardown_taskflow' retrieved from /home/ubuntu/.local/lib/python3.10/site-packages/airflow/example_dags/example_setup_teardown_taskflow.py
[2024-02-08T01:15:51.512+0100] {logging_mixin.py:188} INFO - [2024-02-08T01:15:51.512+0100] {dag.py:3033} INFO - Sync 1 DAGs
[2024-02-08T01:15:51.761+0100] {logging_mixin.py:188} INFO - [2024-02-08T01:15:51.761+0100] {dag.py:3820} INFO - Setting next_dagrun for example_setup_teardown_taskflow to 2024-02-07T00:00:00+00:00, run_after=2024-02-08T00:00:00+00:00
[2024-02-08T01:15:53.136+0100] {processor.py:183} INFO - Processing /home/ubuntu/.local/lib/python3.10/site-packages/airflow/example_dags/example_setup_teardown_taskflow.py took 2.498 seconds
[2024-02-08T01:19:04.189+0100] {processor.py:161} INFO - Started process (PID=54318) to work on /home/ubuntu/.local/lib/python3.10/site-packages/airflow/example_dags/example_setup_teardown_taskflow.py
[2024-02-08T01:19:04.206+0100] {processor.py:830} INFO - Processing file /home/ubuntu/.local/lib/python3.10/site-packages/airflow/example_dags/example_setup_teardown_taskflow.py for tasks to queue
[2024-02-08T01:19:04.208+0100] {logging_mixin.py:188} INFO - [2024-02-08T01:19:04.207+0100] {dagbag.py:538} INFO - Filling up the DagBag from /home/ubuntu/.local/lib/python3.10/site-packages/airflow/example_dags/example_setup_teardown_taskflow.py
[2024-02-08T01:19:04.283+0100] {processor.py:840} INFO - DAG(s) 'example_setup_teardown_taskflow' retrieved from /home/ubuntu/.local/lib/python3.10/site-packages/airflow/example_dags/example_setup_teardown_taskflow.py
[2024-02-08T01:19:04.408+0100] {logging_mixin.py:188} INFO - [2024-02-08T01:19:04.407+0100] {dag.py:3033} INFO - Sync 1 DAGs
[2024-02-08T01:19:04.523+0100] {logging_mixin.py:188} INFO - [2024-02-08T01:19:04.523+0100] {dag.py:3820} INFO - Setting next_dagrun for example_setup_teardown_taskflow to 2024-02-07T00:00:00+00:00, run_after=2024-02-08T00:00:00+00:00
[2024-02-08T01:19:04.678+0100] {processor.py:183} INFO - Processing /home/ubuntu/.local/lib/python3.10/site-packages/airflow/example_dags/example_setup_teardown_taskflow.py took 0.500 seconds
[2024-02-08T01:20:57.425+0100] {processor.py:161} INFO - Started process (PID=54563) to work on /home/ubuntu/.local/lib/python3.10/site-packages/airflow/example_dags/example_setup_teardown_taskflow.py
[2024-02-08T01:20:57.429+0100] {processor.py:830} INFO - Processing file /home/ubuntu/.local/lib/python3.10/site-packages/airflow/example_dags/example_setup_teardown_taskflow.py for tasks to queue
[2024-02-08T01:20:57.431+0100] {logging_mixin.py:188} INFO - [2024-02-08T01:20:57.430+0100] {dagbag.py:538} INFO - Filling up the DagBag from /home/ubuntu/.local/lib/python3.10/site-packages/airflow/example_dags/example_setup_teardown_taskflow.py
[2024-02-08T01:20:57.461+0100] {processor.py:840} INFO - DAG(s) 'example_setup_teardown_taskflow' retrieved from /home/ubuntu/.local/lib/python3.10/site-packages/airflow/example_dags/example_setup_teardown_taskflow.py
[2024-02-08T01:20:57.507+0100] {logging_mixin.py:188} INFO - [2024-02-08T01:20:57.506+0100] {dag.py:3033} INFO - Sync 1 DAGs
[2024-02-08T01:20:57.623+0100] {logging_mixin.py:188} INFO - [2024-02-08T01:20:57.623+0100] {dag.py:3820} INFO - Setting next_dagrun for example_setup_teardown_taskflow to 2024-02-07T00:00:00+00:00, run_after=2024-02-08T00:00:00+00:00
[2024-02-08T01:20:57.723+0100] {processor.py:183} INFO - Processing /home/ubuntu/.local/lib/python3.10/site-packages/airflow/example_dags/example_setup_teardown_taskflow.py took 0.307 seconds
[2024-02-08T01:22:46.854+0100] {processor.py:161} INFO - Started process (PID=54806) to work on /home/ubuntu/.local/lib/python3.10/site-packages/airflow/example_dags/example_setup_teardown_taskflow.py
[2024-02-08T01:22:46.857+0100] {processor.py:830} INFO - Processing file /home/ubuntu/.local/lib/python3.10/site-packages/airflow/example_dags/example_setup_teardown_taskflow.py for tasks to queue
[2024-02-08T01:22:46.860+0100] {logging_mixin.py:188} INFO - [2024-02-08T01:22:46.858+0100] {dagbag.py:538} INFO - Filling up the DagBag from /home/ubuntu/.local/lib/python3.10/site-packages/airflow/example_dags/example_setup_teardown_taskflow.py
[2024-02-08T01:22:46.933+0100] {processor.py:840} INFO - DAG(s) 'example_setup_teardown_taskflow' retrieved from /home/ubuntu/.local/lib/python3.10/site-packages/airflow/example_dags/example_setup_teardown_taskflow.py
[2024-02-08T01:22:47.083+0100] {logging_mixin.py:188} INFO - [2024-02-08T01:22:47.083+0100] {dag.py:3033} INFO - Sync 1 DAGs
[2024-02-08T01:22:47.378+0100] {logging_mixin.py:188} INFO - [2024-02-08T01:22:47.377+0100] {dag.py:3820} INFO - Setting next_dagrun for example_setup_teardown_taskflow to 2024-02-07T00:00:00+00:00, run_after=2024-02-08T00:00:00+00:00
[2024-02-08T01:22:47.466+0100] {processor.py:183} INFO - Processing /home/ubuntu/.local/lib/python3.10/site-packages/airflow/example_dags/example_setup_teardown_taskflow.py took 0.622 seconds
[2024-02-08T01:24:02.436+0100] {processor.py:161} INFO - Started process (PID=54993) to work on /home/ubuntu/.local/lib/python3.10/site-packages/airflow/example_dags/example_setup_teardown_taskflow.py
[2024-02-08T01:24:02.438+0100] {processor.py:830} INFO - Processing file /home/ubuntu/.local/lib/python3.10/site-packages/airflow/example_dags/example_setup_teardown_taskflow.py for tasks to queue
[2024-02-08T01:24:02.440+0100] {logging_mixin.py:188} INFO - [2024-02-08T01:24:02.439+0100] {dagbag.py:538} INFO - Filling up the DagBag from /home/ubuntu/.local/lib/python3.10/site-packages/airflow/example_dags/example_setup_teardown_taskflow.py
[2024-02-08T01:24:02.455+0100] {processor.py:840} INFO - DAG(s) 'example_setup_teardown_taskflow' retrieved from /home/ubuntu/.local/lib/python3.10/site-packages/airflow/example_dags/example_setup_teardown_taskflow.py
[2024-02-08T01:24:02.479+0100] {logging_mixin.py:188} INFO - [2024-02-08T01:24:02.478+0100] {dag.py:3033} INFO - Sync 1 DAGs
[2024-02-08T01:24:02.524+0100] {logging_mixin.py:188} INFO - [2024-02-08T01:24:02.523+0100] {dag.py:3820} INFO - Setting next_dagrun for example_setup_teardown_taskflow to 2024-02-07T00:00:00+00:00, run_after=2024-02-08T00:00:00+00:00
[2024-02-08T01:24:02.557+0100] {processor.py:183} INFO - Processing /home/ubuntu/.local/lib/python3.10/site-packages/airflow/example_dags/example_setup_teardown_taskflow.py took 0.125 seconds
[2024-02-08T01:25:12.591+0100] {processor.py:161} INFO - Started process (PID=55122) to work on /home/ubuntu/.local/lib/python3.10/site-packages/airflow/example_dags/example_setup_teardown_taskflow.py
[2024-02-08T01:25:12.593+0100] {processor.py:830} INFO - Processing file /home/ubuntu/.local/lib/python3.10/site-packages/airflow/example_dags/example_setup_teardown_taskflow.py for tasks to queue
[2024-02-08T01:25:12.595+0100] {logging_mixin.py:188} INFO - [2024-02-08T01:25:12.594+0100] {dagbag.py:538} INFO - Filling up the DagBag from /home/ubuntu/.local/lib/python3.10/site-packages/airflow/example_dags/example_setup_teardown_taskflow.py
[2024-02-08T01:25:12.615+0100] {processor.py:840} INFO - DAG(s) 'example_setup_teardown_taskflow' retrieved from /home/ubuntu/.local/lib/python3.10/site-packages/airflow/example_dags/example_setup_teardown_taskflow.py
[2024-02-08T01:25:12.646+0100] {logging_mixin.py:188} INFO - [2024-02-08T01:25:12.644+0100] {dag.py:3033} INFO - Sync 1 DAGs
[2024-02-08T01:25:12.693+0100] {logging_mixin.py:188} INFO - [2024-02-08T01:25:12.692+0100] {dag.py:3820} INFO - Setting next_dagrun for example_setup_teardown_taskflow to 2024-02-07T00:00:00+00:00, run_after=2024-02-08T00:00:00+00:00
[2024-02-08T01:25:12.970+0100] {processor.py:183} INFO - Processing /home/ubuntu/.local/lib/python3.10/site-packages/airflow/example_dags/example_setup_teardown_taskflow.py took 0.385 seconds
[2024-02-08T01:26:59.403+0100] {processor.py:161} INFO - Started process (PID=55309) to work on /home/ubuntu/.local/lib/python3.10/site-packages/airflow/example_dags/example_setup_teardown_taskflow.py
[2024-02-08T01:26:59.411+0100] {processor.py:830} INFO - Processing file /home/ubuntu/.local/lib/python3.10/site-packages/airflow/example_dags/example_setup_teardown_taskflow.py for tasks to queue
[2024-02-08T01:26:59.416+0100] {logging_mixin.py:188} INFO - [2024-02-08T01:26:59.412+0100] {dagbag.py:538} INFO - Filling up the DagBag from /home/ubuntu/.local/lib/python3.10/site-packages/airflow/example_dags/example_setup_teardown_taskflow.py
[2024-02-08T01:26:59.452+0100] {processor.py:840} INFO - DAG(s) 'example_setup_teardown_taskflow' retrieved from /home/ubuntu/.local/lib/python3.10/site-packages/airflow/example_dags/example_setup_teardown_taskflow.py
[2024-02-08T01:26:59.519+0100] {logging_mixin.py:188} INFO - [2024-02-08T01:26:59.518+0100] {dag.py:3033} INFO - Sync 1 DAGs
[2024-02-08T01:26:59.691+0100] {logging_mixin.py:188} INFO - [2024-02-08T01:26:59.691+0100] {dag.py:3820} INFO - Setting next_dagrun for example_setup_teardown_taskflow to 2024-02-07T00:00:00+00:00, run_after=2024-02-08T00:00:00+00:00
[2024-02-08T01:26:59.918+0100] {processor.py:183} INFO - Processing /home/ubuntu/.local/lib/python3.10/site-packages/airflow/example_dags/example_setup_teardown_taskflow.py took 0.524 seconds
[2024-02-08T01:28:32.511+0100] {processor.py:161} INFO - Started process (PID=55473) to work on /home/ubuntu/.local/lib/python3.10/site-packages/airflow/example_dags/example_setup_teardown_taskflow.py
[2024-02-08T01:28:32.524+0100] {processor.py:830} INFO - Processing file /home/ubuntu/.local/lib/python3.10/site-packages/airflow/example_dags/example_setup_teardown_taskflow.py for tasks to queue
[2024-02-08T01:28:32.526+0100] {logging_mixin.py:188} INFO - [2024-02-08T01:28:32.526+0100] {dagbag.py:538} INFO - Filling up the DagBag from /home/ubuntu/.local/lib/python3.10/site-packages/airflow/example_dags/example_setup_teardown_taskflow.py
[2024-02-08T01:28:32.603+0100] {processor.py:840} INFO - DAG(s) 'example_setup_teardown_taskflow' retrieved from /home/ubuntu/.local/lib/python3.10/site-packages/airflow/example_dags/example_setup_teardown_taskflow.py
[2024-02-08T01:28:32.643+0100] {logging_mixin.py:188} INFO - [2024-02-08T01:28:32.643+0100] {dag.py:3033} INFO - Sync 1 DAGs
[2024-02-08T01:28:32.717+0100] {logging_mixin.py:188} INFO - [2024-02-08T01:28:32.716+0100] {dag.py:3820} INFO - Setting next_dagrun for example_setup_teardown_taskflow to 2024-02-07T00:00:00+00:00, run_after=2024-02-08T00:00:00+00:00
[2024-02-08T01:28:32.838+0100] {processor.py:183} INFO - Processing /home/ubuntu/.local/lib/python3.10/site-packages/airflow/example_dags/example_setup_teardown_taskflow.py took 0.340 seconds
[2024-02-08T01:30:28.552+0100] {processor.py:161} INFO - Started process (PID=55690) to work on /home/ubuntu/.local/lib/python3.10/site-packages/airflow/example_dags/example_setup_teardown_taskflow.py
[2024-02-08T01:30:28.571+0100] {processor.py:830} INFO - Processing file /home/ubuntu/.local/lib/python3.10/site-packages/airflow/example_dags/example_setup_teardown_taskflow.py for tasks to queue
[2024-02-08T01:30:28.572+0100] {logging_mixin.py:188} INFO - [2024-02-08T01:30:28.572+0100] {dagbag.py:538} INFO - Filling up the DagBag from /home/ubuntu/.local/lib/python3.10/site-packages/airflow/example_dags/example_setup_teardown_taskflow.py
[2024-02-08T01:30:28.689+0100] {processor.py:840} INFO - DAG(s) 'example_setup_teardown_taskflow' retrieved from /home/ubuntu/.local/lib/python3.10/site-packages/airflow/example_dags/example_setup_teardown_taskflow.py
[2024-02-08T01:30:28.781+0100] {logging_mixin.py:188} INFO - [2024-02-08T01:30:28.781+0100] {dag.py:3033} INFO - Sync 1 DAGs
[2024-02-08T01:30:28.974+0100] {logging_mixin.py:188} INFO - [2024-02-08T01:30:28.973+0100] {dag.py:3820} INFO - Setting next_dagrun for example_setup_teardown_taskflow to 2024-02-07T00:00:00+00:00, run_after=2024-02-08T00:00:00+00:00
[2024-02-08T01:30:29.214+0100] {processor.py:183} INFO - Processing /home/ubuntu/.local/lib/python3.10/site-packages/airflow/example_dags/example_setup_teardown_taskflow.py took 0.673 seconds
[2024-02-08T01:32:31.129+0100] {processor.py:161} INFO - Started process (PID=55901) to work on /home/ubuntu/.local/lib/python3.10/site-packages/airflow/example_dags/example_setup_teardown_taskflow.py
[2024-02-08T01:32:31.134+0100] {processor.py:830} INFO - Processing file /home/ubuntu/.local/lib/python3.10/site-packages/airflow/example_dags/example_setup_teardown_taskflow.py for tasks to queue
[2024-02-08T01:32:31.138+0100] {logging_mixin.py:188} INFO - [2024-02-08T01:32:31.135+0100] {dagbag.py:538} INFO - Filling up the DagBag from /home/ubuntu/.local/lib/python3.10/site-packages/airflow/example_dags/example_setup_teardown_taskflow.py
[2024-02-08T01:32:31.170+0100] {processor.py:840} INFO - DAG(s) 'example_setup_teardown_taskflow' retrieved from /home/ubuntu/.local/lib/python3.10/site-packages/airflow/example_dags/example_setup_teardown_taskflow.py
[2024-02-08T01:32:31.191+0100] {logging_mixin.py:188} INFO - [2024-02-08T01:32:31.191+0100] {dag.py:3033} INFO - Sync 1 DAGs
[2024-02-08T01:32:31.250+0100] {logging_mixin.py:188} INFO - [2024-02-08T01:32:31.250+0100] {dag.py:3820} INFO - Setting next_dagrun for example_setup_teardown_taskflow to 2024-02-07T00:00:00+00:00, run_after=2024-02-08T00:00:00+00:00
[2024-02-08T01:32:31.641+0100] {processor.py:183} INFO - Processing /home/ubuntu/.local/lib/python3.10/site-packages/airflow/example_dags/example_setup_teardown_taskflow.py took 0.517 seconds
[2024-02-08T01:35:42.038+0100] {processor.py:161} INFO - Started process (PID=56192) to work on /home/ubuntu/.local/lib/python3.10/site-packages/airflow/example_dags/example_setup_teardown_taskflow.py
[2024-02-08T01:35:42.043+0100] {processor.py:830} INFO - Processing file /home/ubuntu/.local/lib/python3.10/site-packages/airflow/example_dags/example_setup_teardown_taskflow.py for tasks to queue
[2024-02-08T01:35:42.045+0100] {logging_mixin.py:188} INFO - [2024-02-08T01:35:42.044+0100] {dagbag.py:538} INFO - Filling up the DagBag from /home/ubuntu/.local/lib/python3.10/site-packages/airflow/example_dags/example_setup_teardown_taskflow.py
[2024-02-08T01:35:42.096+0100] {processor.py:840} INFO - DAG(s) 'example_setup_teardown_taskflow' retrieved from /home/ubuntu/.local/lib/python3.10/site-packages/airflow/example_dags/example_setup_teardown_taskflow.py
[2024-02-08T01:35:42.194+0100] {logging_mixin.py:188} INFO - [2024-02-08T01:35:42.194+0100] {dag.py:3033} INFO - Sync 1 DAGs
[2024-02-08T01:35:42.288+0100] {logging_mixin.py:188} INFO - [2024-02-08T01:35:42.287+0100] {dag.py:3820} INFO - Setting next_dagrun for example_setup_teardown_taskflow to 2024-02-07T00:00:00+00:00, run_after=2024-02-08T00:00:00+00:00
[2024-02-08T01:35:42.545+0100] {processor.py:183} INFO - Processing /home/ubuntu/.local/lib/python3.10/site-packages/airflow/example_dags/example_setup_teardown_taskflow.py took 0.517 seconds
[2024-02-08T01:38:07.506+0100] {processor.py:161} INFO - Started process (PID=56430) to work on /home/ubuntu/.local/lib/python3.10/site-packages/airflow/example_dags/example_setup_teardown_taskflow.py
[2024-02-08T01:38:07.509+0100] {processor.py:830} INFO - Processing file /home/ubuntu/.local/lib/python3.10/site-packages/airflow/example_dags/example_setup_teardown_taskflow.py for tasks to queue
[2024-02-08T01:38:07.511+0100] {logging_mixin.py:188} INFO - [2024-02-08T01:38:07.510+0100] {dagbag.py:538} INFO - Filling up the DagBag from /home/ubuntu/.local/lib/python3.10/site-packages/airflow/example_dags/example_setup_teardown_taskflow.py
[2024-02-08T01:38:07.538+0100] {processor.py:840} INFO - DAG(s) 'example_setup_teardown_taskflow' retrieved from /home/ubuntu/.local/lib/python3.10/site-packages/airflow/example_dags/example_setup_teardown_taskflow.py
[2024-02-08T01:38:07.580+0100] {logging_mixin.py:188} INFO - [2024-02-08T01:38:07.579+0100] {dag.py:3033} INFO - Sync 1 DAGs
[2024-02-08T01:38:07.635+0100] {logging_mixin.py:188} INFO - [2024-02-08T01:38:07.634+0100] {dag.py:3820} INFO - Setting next_dagrun for example_setup_teardown_taskflow to 2024-02-07T00:00:00+00:00, run_after=2024-02-08T00:00:00+00:00
[2024-02-08T01:38:07.687+0100] {processor.py:183} INFO - Processing /home/ubuntu/.local/lib/python3.10/site-packages/airflow/example_dags/example_setup_teardown_taskflow.py took 0.189 seconds
[2024-02-08T01:40:02.462+0100] {processor.py:161} INFO - Started process (PID=56652) to work on /home/ubuntu/.local/lib/python3.10/site-packages/airflow/example_dags/example_setup_teardown_taskflow.py
[2024-02-08T01:40:02.530+0100] {processor.py:830} INFO - Processing file /home/ubuntu/.local/lib/python3.10/site-packages/airflow/example_dags/example_setup_teardown_taskflow.py for tasks to queue
[2024-02-08T01:40:02.534+0100] {logging_mixin.py:188} INFO - [2024-02-08T01:40:02.532+0100] {dagbag.py:538} INFO - Filling up the DagBag from /home/ubuntu/.local/lib/python3.10/site-packages/airflow/example_dags/example_setup_teardown_taskflow.py
[2024-02-08T01:40:02.630+0100] {processor.py:840} INFO - DAG(s) 'example_setup_teardown_taskflow' retrieved from /home/ubuntu/.local/lib/python3.10/site-packages/airflow/example_dags/example_setup_teardown_taskflow.py
[2024-02-08T01:40:02.710+0100] {logging_mixin.py:188} INFO - [2024-02-08T01:40:02.709+0100] {dag.py:3033} INFO - Sync 1 DAGs
[2024-02-08T01:40:02.818+0100] {logging_mixin.py:188} INFO - [2024-02-08T01:40:02.817+0100] {dag.py:3820} INFO - Setting next_dagrun for example_setup_teardown_taskflow to 2024-02-07T00:00:00+00:00, run_after=2024-02-08T00:00:00+00:00
[2024-02-08T01:40:03.008+0100] {processor.py:183} INFO - Processing /home/ubuntu/.local/lib/python3.10/site-packages/airflow/example_dags/example_setup_teardown_taskflow.py took 0.555 seconds
[2024-02-08T01:42:02.943+0100] {processor.py:161} INFO - Started process (PID=56883) to work on /home/ubuntu/.local/lib/python3.10/site-packages/airflow/example_dags/example_setup_teardown_taskflow.py
[2024-02-08T01:42:02.976+0100] {processor.py:830} INFO - Processing file /home/ubuntu/.local/lib/python3.10/site-packages/airflow/example_dags/example_setup_teardown_taskflow.py for tasks to queue
[2024-02-08T01:42:02.981+0100] {logging_mixin.py:188} INFO - [2024-02-08T01:42:02.977+0100] {dagbag.py:538} INFO - Filling up the DagBag from /home/ubuntu/.local/lib/python3.10/site-packages/airflow/example_dags/example_setup_teardown_taskflow.py
[2024-02-08T01:42:03.046+0100] {processor.py:840} INFO - DAG(s) 'example_setup_teardown_taskflow' retrieved from /home/ubuntu/.local/lib/python3.10/site-packages/airflow/example_dags/example_setup_teardown_taskflow.py
[2024-02-08T01:42:03.090+0100] {logging_mixin.py:188} INFO - [2024-02-08T01:42:03.090+0100] {dag.py:3033} INFO - Sync 1 DAGs
[2024-02-08T01:42:03.187+0100] {logging_mixin.py:188} INFO - [2024-02-08T01:42:03.187+0100] {dag.py:3820} INFO - Setting next_dagrun for example_setup_teardown_taskflow to 2024-02-07T00:00:00+00:00, run_after=2024-02-08T00:00:00+00:00
[2024-02-08T01:42:03.446+0100] {processor.py:183} INFO - Processing /home/ubuntu/.local/lib/python3.10/site-packages/airflow/example_dags/example_setup_teardown_taskflow.py took 0.516 seconds
[2024-02-08T01:43:29.733+0100] {processor.py:161} INFO - Started process (PID=57064) to work on /home/ubuntu/.local/lib/python3.10/site-packages/airflow/example_dags/example_setup_teardown_taskflow.py
[2024-02-08T01:43:29.746+0100] {processor.py:830} INFO - Processing file /home/ubuntu/.local/lib/python3.10/site-packages/airflow/example_dags/example_setup_teardown_taskflow.py for tasks to queue
[2024-02-08T01:43:29.749+0100] {logging_mixin.py:188} INFO - [2024-02-08T01:43:29.748+0100] {dagbag.py:538} INFO - Filling up the DagBag from /home/ubuntu/.local/lib/python3.10/site-packages/airflow/example_dags/example_setup_teardown_taskflow.py
[2024-02-08T01:43:29.783+0100] {processor.py:840} INFO - DAG(s) 'example_setup_teardown_taskflow' retrieved from /home/ubuntu/.local/lib/python3.10/site-packages/airflow/example_dags/example_setup_teardown_taskflow.py
[2024-02-08T01:43:29.923+0100] {logging_mixin.py:188} INFO - [2024-02-08T01:43:29.923+0100] {dag.py:3033} INFO - Sync 1 DAGs
[2024-02-08T01:43:30.017+0100] {logging_mixin.py:188} INFO - [2024-02-08T01:43:30.013+0100] {dag.py:3820} INFO - Setting next_dagrun for example_setup_teardown_taskflow to 2024-02-07T00:00:00+00:00, run_after=2024-02-08T00:00:00+00:00
[2024-02-08T01:43:30.273+0100] {processor.py:183} INFO - Processing /home/ubuntu/.local/lib/python3.10/site-packages/airflow/example_dags/example_setup_teardown_taskflow.py took 0.609 seconds
[2024-02-08T01:44:40.482+0100] {processor.py:161} INFO - Started process (PID=57194) to work on /home/ubuntu/.local/lib/python3.10/site-packages/airflow/example_dags/example_setup_teardown_taskflow.py
[2024-02-08T01:44:40.486+0100] {processor.py:830} INFO - Processing file /home/ubuntu/.local/lib/python3.10/site-packages/airflow/example_dags/example_setup_teardown_taskflow.py for tasks to queue
[2024-02-08T01:44:40.487+0100] {logging_mixin.py:188} INFO - [2024-02-08T01:44:40.487+0100] {dagbag.py:538} INFO - Filling up the DagBag from /home/ubuntu/.local/lib/python3.10/site-packages/airflow/example_dags/example_setup_teardown_taskflow.py
[2024-02-08T01:44:40.503+0100] {processor.py:840} INFO - DAG(s) 'example_setup_teardown_taskflow' retrieved from /home/ubuntu/.local/lib/python3.10/site-packages/airflow/example_dags/example_setup_teardown_taskflow.py
[2024-02-08T01:44:40.530+0100] {logging_mixin.py:188} INFO - [2024-02-08T01:44:40.530+0100] {dag.py:3033} INFO - Sync 1 DAGs
[2024-02-08T01:44:40.559+0100] {logging_mixin.py:188} INFO - [2024-02-08T01:44:40.558+0100] {dag.py:3820} INFO - Setting next_dagrun for example_setup_teardown_taskflow to 2024-02-07T00:00:00+00:00, run_after=2024-02-08T00:00:00+00:00
[2024-02-08T01:44:40.588+0100] {processor.py:183} INFO - Processing /home/ubuntu/.local/lib/python3.10/site-packages/airflow/example_dags/example_setup_teardown_taskflow.py took 0.110 seconds
[2024-02-08T01:45:45.877+0100] {processor.py:161} INFO - Started process (PID=57326) to work on /home/ubuntu/.local/lib/python3.10/site-packages/airflow/example_dags/example_setup_teardown_taskflow.py
[2024-02-08T01:45:45.880+0100] {processor.py:830} INFO - Processing file /home/ubuntu/.local/lib/python3.10/site-packages/airflow/example_dags/example_setup_teardown_taskflow.py for tasks to queue
[2024-02-08T01:45:45.883+0100] {logging_mixin.py:188} INFO - [2024-02-08T01:45:45.881+0100] {dagbag.py:538} INFO - Filling up the DagBag from /home/ubuntu/.local/lib/python3.10/site-packages/airflow/example_dags/example_setup_teardown_taskflow.py
[2024-02-08T01:45:45.909+0100] {processor.py:840} INFO - DAG(s) 'example_setup_teardown_taskflow' retrieved from /home/ubuntu/.local/lib/python3.10/site-packages/airflow/example_dags/example_setup_teardown_taskflow.py
[2024-02-08T01:45:45.951+0100] {logging_mixin.py:188} INFO - [2024-02-08T01:45:45.950+0100] {dag.py:3033} INFO - Sync 1 DAGs
[2024-02-08T01:45:45.988+0100] {logging_mixin.py:188} INFO - [2024-02-08T01:45:45.987+0100] {dag.py:3820} INFO - Setting next_dagrun for example_setup_teardown_taskflow to 2024-02-07T00:00:00+00:00, run_after=2024-02-08T00:00:00+00:00
[2024-02-08T01:45:46.044+0100] {processor.py:183} INFO - Processing /home/ubuntu/.local/lib/python3.10/site-packages/airflow/example_dags/example_setup_teardown_taskflow.py took 0.173 seconds
[2024-02-08T01:46:47.706+0100] {processor.py:161} INFO - Started process (PID=57447) to work on /home/ubuntu/.local/lib/python3.10/site-packages/airflow/example_dags/example_setup_teardown_taskflow.py
[2024-02-08T01:46:47.708+0100] {processor.py:830} INFO - Processing file /home/ubuntu/.local/lib/python3.10/site-packages/airflow/example_dags/example_setup_teardown_taskflow.py for tasks to queue
[2024-02-08T01:46:47.709+0100] {logging_mixin.py:188} INFO - [2024-02-08T01:46:47.709+0100] {dagbag.py:538} INFO - Filling up the DagBag from /home/ubuntu/.local/lib/python3.10/site-packages/airflow/example_dags/example_setup_teardown_taskflow.py
[2024-02-08T01:46:47.721+0100] {processor.py:840} INFO - DAG(s) 'example_setup_teardown_taskflow' retrieved from /home/ubuntu/.local/lib/python3.10/site-packages/airflow/example_dags/example_setup_teardown_taskflow.py
[2024-02-08T01:46:47.740+0100] {logging_mixin.py:188} INFO - [2024-02-08T01:46:47.740+0100] {dag.py:3033} INFO - Sync 1 DAGs
[2024-02-08T01:46:47.782+0100] {logging_mixin.py:188} INFO - [2024-02-08T01:46:47.782+0100] {dag.py:3820} INFO - Setting next_dagrun for example_setup_teardown_taskflow to 2024-02-07T00:00:00+00:00, run_after=2024-02-08T00:00:00+00:00
[2024-02-08T01:46:47.821+0100] {processor.py:183} INFO - Processing /home/ubuntu/.local/lib/python3.10/site-packages/airflow/example_dags/example_setup_teardown_taskflow.py took 0.118 seconds
[2024-02-08T01:48:13.486+0100] {processor.py:161} INFO - Started process (PID=57630) to work on /home/ubuntu/.local/lib/python3.10/site-packages/airflow/example_dags/example_setup_teardown_taskflow.py
[2024-02-08T01:48:13.493+0100] {processor.py:830} INFO - Processing file /home/ubuntu/.local/lib/python3.10/site-packages/airflow/example_dags/example_setup_teardown_taskflow.py for tasks to queue
[2024-02-08T01:48:13.498+0100] {logging_mixin.py:188} INFO - [2024-02-08T01:48:13.497+0100] {dagbag.py:538} INFO - Filling up the DagBag from /home/ubuntu/.local/lib/python3.10/site-packages/airflow/example_dags/example_setup_teardown_taskflow.py
[2024-02-08T01:48:13.565+0100] {processor.py:840} INFO - DAG(s) 'example_setup_teardown_taskflow' retrieved from /home/ubuntu/.local/lib/python3.10/site-packages/airflow/example_dags/example_setup_teardown_taskflow.py
[2024-02-08T01:48:13.614+0100] {logging_mixin.py:188} INFO - [2024-02-08T01:48:13.614+0100] {dag.py:3033} INFO - Sync 1 DAGs
[2024-02-08T01:48:13.672+0100] {logging_mixin.py:188} INFO - [2024-02-08T01:48:13.672+0100] {dag.py:3820} INFO - Setting next_dagrun for example_setup_teardown_taskflow to 2024-02-07T00:00:00+00:00, run_after=2024-02-08T00:00:00+00:00
[2024-02-08T01:48:13.826+0100] {processor.py:183} INFO - Processing /home/ubuntu/.local/lib/python3.10/site-packages/airflow/example_dags/example_setup_teardown_taskflow.py took 0.340 seconds
[2024-02-08T01:49:58.103+0100] {processor.py:161} INFO - Started process (PID=57834) to work on /home/ubuntu/.local/lib/python3.10/site-packages/airflow/example_dags/example_setup_teardown_taskflow.py
[2024-02-08T01:49:58.131+0100] {processor.py:830} INFO - Processing file /home/ubuntu/.local/lib/python3.10/site-packages/airflow/example_dags/example_setup_teardown_taskflow.py for tasks to queue
[2024-02-08T01:49:58.132+0100] {logging_mixin.py:188} INFO - [2024-02-08T01:49:58.131+0100] {dagbag.py:538} INFO - Filling up the DagBag from /home/ubuntu/.local/lib/python3.10/site-packages/airflow/example_dags/example_setup_teardown_taskflow.py
[2024-02-08T01:49:58.185+0100] {processor.py:840} INFO - DAG(s) 'example_setup_teardown_taskflow' retrieved from /home/ubuntu/.local/lib/python3.10/site-packages/airflow/example_dags/example_setup_teardown_taskflow.py
[2024-02-08T01:49:58.211+0100] {logging_mixin.py:188} INFO - [2024-02-08T01:49:58.211+0100] {dag.py:3033} INFO - Sync 1 DAGs
[2024-02-08T01:49:58.235+0100] {logging_mixin.py:188} INFO - [2024-02-08T01:49:58.234+0100] {dag.py:3820} INFO - Setting next_dagrun for example_setup_teardown_taskflow to 2024-02-07T00:00:00+00:00, run_after=2024-02-08T00:00:00+00:00
[2024-02-08T01:49:58.268+0100] {processor.py:183} INFO - Processing /home/ubuntu/.local/lib/python3.10/site-packages/airflow/example_dags/example_setup_teardown_taskflow.py took 0.190 seconds
[2024-02-08T01:51:38.202+0100] {processor.py:161} INFO - Started process (PID=58034) to work on /home/ubuntu/.local/lib/python3.10/site-packages/airflow/example_dags/example_setup_teardown_taskflow.py
[2024-02-08T01:51:38.208+0100] {processor.py:830} INFO - Processing file /home/ubuntu/.local/lib/python3.10/site-packages/airflow/example_dags/example_setup_teardown_taskflow.py for tasks to queue
[2024-02-08T01:51:38.211+0100] {logging_mixin.py:188} INFO - [2024-02-08T01:51:38.210+0100] {dagbag.py:538} INFO - Filling up the DagBag from /home/ubuntu/.local/lib/python3.10/site-packages/airflow/example_dags/example_setup_teardown_taskflow.py
[2024-02-08T01:51:38.286+0100] {processor.py:840} INFO - DAG(s) 'example_setup_teardown_taskflow' retrieved from /home/ubuntu/.local/lib/python3.10/site-packages/airflow/example_dags/example_setup_teardown_taskflow.py
[2024-02-08T01:51:38.344+0100] {logging_mixin.py:188} INFO - [2024-02-08T01:51:38.343+0100] {dag.py:3033} INFO - Sync 1 DAGs
[2024-02-08T01:51:38.395+0100] {logging_mixin.py:188} INFO - [2024-02-08T01:51:38.395+0100] {dag.py:3820} INFO - Setting next_dagrun for example_setup_teardown_taskflow to 2024-02-07T00:00:00+00:00, run_after=2024-02-08T00:00:00+00:00
[2024-02-08T01:51:38.631+0100] {processor.py:183} INFO - Processing /home/ubuntu/.local/lib/python3.10/site-packages/airflow/example_dags/example_setup_teardown_taskflow.py took 0.439 seconds
[2024-02-08T01:53:05.134+0100] {processor.py:161} INFO - Started process (PID=58191) to work on /home/ubuntu/.local/lib/python3.10/site-packages/airflow/example_dags/example_setup_teardown_taskflow.py
[2024-02-08T01:53:05.137+0100] {processor.py:830} INFO - Processing file /home/ubuntu/.local/lib/python3.10/site-packages/airflow/example_dags/example_setup_teardown_taskflow.py for tasks to queue
[2024-02-08T01:53:05.138+0100] {logging_mixin.py:188} INFO - [2024-02-08T01:53:05.138+0100] {dagbag.py:538} INFO - Filling up the DagBag from /home/ubuntu/.local/lib/python3.10/site-packages/airflow/example_dags/example_setup_teardown_taskflow.py
[2024-02-08T01:53:05.154+0100] {processor.py:840} INFO - DAG(s) 'example_setup_teardown_taskflow' retrieved from /home/ubuntu/.local/lib/python3.10/site-packages/airflow/example_dags/example_setup_teardown_taskflow.py
[2024-02-08T01:53:05.176+0100] {logging_mixin.py:188} INFO - [2024-02-08T01:53:05.175+0100] {dag.py:3033} INFO - Sync 1 DAGs
[2024-02-08T01:53:05.202+0100] {logging_mixin.py:188} INFO - [2024-02-08T01:53:05.202+0100] {dag.py:3820} INFO - Setting next_dagrun for example_setup_teardown_taskflow to 2024-02-07T00:00:00+00:00, run_after=2024-02-08T00:00:00+00:00
[2024-02-08T01:53:05.247+0100] {processor.py:183} INFO - Processing /home/ubuntu/.local/lib/python3.10/site-packages/airflow/example_dags/example_setup_teardown_taskflow.py took 0.120 seconds
[2024-02-08T01:54:46.315+0100] {processor.py:161} INFO - Started process (PID=58373) to work on /home/ubuntu/.local/lib/python3.10/site-packages/airflow/example_dags/example_setup_teardown_taskflow.py
[2024-02-08T01:54:46.318+0100] {processor.py:830} INFO - Processing file /home/ubuntu/.local/lib/python3.10/site-packages/airflow/example_dags/example_setup_teardown_taskflow.py for tasks to queue
[2024-02-08T01:54:46.319+0100] {logging_mixin.py:188} INFO - [2024-02-08T01:54:46.318+0100] {dagbag.py:538} INFO - Filling up the DagBag from /home/ubuntu/.local/lib/python3.10/site-packages/airflow/example_dags/example_setup_teardown_taskflow.py
[2024-02-08T01:54:46.332+0100] {processor.py:840} INFO - DAG(s) 'example_setup_teardown_taskflow' retrieved from /home/ubuntu/.local/lib/python3.10/site-packages/airflow/example_dags/example_setup_teardown_taskflow.py
[2024-02-08T01:54:46.353+0100] {logging_mixin.py:188} INFO - [2024-02-08T01:54:46.352+0100] {dag.py:3033} INFO - Sync 1 DAGs
[2024-02-08T01:54:46.378+0100] {logging_mixin.py:188} INFO - [2024-02-08T01:54:46.377+0100] {dag.py:3820} INFO - Setting next_dagrun for example_setup_teardown_taskflow to 2024-02-07T00:00:00+00:00, run_after=2024-02-08T00:00:00+00:00
[2024-02-08T01:54:46.415+0100] {processor.py:183} INFO - Processing /home/ubuntu/.local/lib/python3.10/site-packages/airflow/example_dags/example_setup_teardown_taskflow.py took 0.104 seconds
[2024-02-08T01:56:40.122+0100] {processor.py:161} INFO - Started process (PID=58579) to work on /home/ubuntu/.local/lib/python3.10/site-packages/airflow/example_dags/example_setup_teardown_taskflow.py
[2024-02-08T01:56:40.142+0100] {processor.py:830} INFO - Processing file /home/ubuntu/.local/lib/python3.10/site-packages/airflow/example_dags/example_setup_teardown_taskflow.py for tasks to queue
[2024-02-08T01:56:40.143+0100] {logging_mixin.py:188} INFO - [2024-02-08T01:56:40.142+0100] {dagbag.py:538} INFO - Filling up the DagBag from /home/ubuntu/.local/lib/python3.10/site-packages/airflow/example_dags/example_setup_teardown_taskflow.py
[2024-02-08T01:56:40.202+0100] {processor.py:840} INFO - DAG(s) 'example_setup_teardown_taskflow' retrieved from /home/ubuntu/.local/lib/python3.10/site-packages/airflow/example_dags/example_setup_teardown_taskflow.py
[2024-02-08T01:56:40.311+0100] {logging_mixin.py:188} INFO - [2024-02-08T01:56:40.304+0100] {dag.py:3033} INFO - Sync 1 DAGs
[2024-02-08T01:56:40.374+0100] {logging_mixin.py:188} INFO - [2024-02-08T01:56:40.374+0100] {dag.py:3820} INFO - Setting next_dagrun for example_setup_teardown_taskflow to 2024-02-07T00:00:00+00:00, run_after=2024-02-08T00:00:00+00:00
[2024-02-08T01:56:40.538+0100] {processor.py:183} INFO - Processing /home/ubuntu/.local/lib/python3.10/site-packages/airflow/example_dags/example_setup_teardown_taskflow.py took 0.434 seconds
[2024-02-08T01:58:44.987+0100] {processor.py:161} INFO - Started process (PID=58792) to work on /home/ubuntu/.local/lib/python3.10/site-packages/airflow/example_dags/example_setup_teardown_taskflow.py
[2024-02-08T01:58:44.991+0100] {processor.py:830} INFO - Processing file /home/ubuntu/.local/lib/python3.10/site-packages/airflow/example_dags/example_setup_teardown_taskflow.py for tasks to queue
[2024-02-08T01:58:44.994+0100] {logging_mixin.py:188} INFO - [2024-02-08T01:58:44.993+0100] {dagbag.py:538} INFO - Filling up the DagBag from /home/ubuntu/.local/lib/python3.10/site-packages/airflow/example_dags/example_setup_teardown_taskflow.py
[2024-02-08T01:58:45.047+0100] {processor.py:840} INFO - DAG(s) 'example_setup_teardown_taskflow' retrieved from /home/ubuntu/.local/lib/python3.10/site-packages/airflow/example_dags/example_setup_teardown_taskflow.py
[2024-02-08T01:58:45.131+0100] {logging_mixin.py:188} INFO - [2024-02-08T01:58:45.131+0100] {dag.py:3033} INFO - Sync 1 DAGs
[2024-02-08T01:58:45.212+0100] {logging_mixin.py:188} INFO - [2024-02-08T01:58:45.212+0100] {dag.py:3820} INFO - Setting next_dagrun for example_setup_teardown_taskflow to 2024-02-07T00:00:00+00:00, run_after=2024-02-08T00:00:00+00:00
[2024-02-08T01:58:45.400+0100] {processor.py:183} INFO - Processing /home/ubuntu/.local/lib/python3.10/site-packages/airflow/example_dags/example_setup_teardown_taskflow.py took 0.424 seconds
[2024-02-08T02:00:28.072+0100] {processor.py:161} INFO - Started process (PID=58978) to work on /home/ubuntu/.local/lib/python3.10/site-packages/airflow/example_dags/example_setup_teardown_taskflow.py
[2024-02-08T02:00:28.078+0100] {processor.py:830} INFO - Processing file /home/ubuntu/.local/lib/python3.10/site-packages/airflow/example_dags/example_setup_teardown_taskflow.py for tasks to queue
[2024-02-08T02:00:28.081+0100] {logging_mixin.py:188} INFO - [2024-02-08T02:00:28.080+0100] {dagbag.py:538} INFO - Filling up the DagBag from /home/ubuntu/.local/lib/python3.10/site-packages/airflow/example_dags/example_setup_teardown_taskflow.py
[2024-02-08T02:00:28.103+0100] {processor.py:840} INFO - DAG(s) 'example_setup_teardown_taskflow' retrieved from /home/ubuntu/.local/lib/python3.10/site-packages/airflow/example_dags/example_setup_teardown_taskflow.py
[2024-02-08T02:00:28.167+0100] {logging_mixin.py:188} INFO - [2024-02-08T02:00:28.166+0100] {dag.py:3033} INFO - Sync 1 DAGs
[2024-02-08T02:00:28.228+0100] {logging_mixin.py:188} INFO - [2024-02-08T02:00:28.227+0100] {dag.py:3820} INFO - Setting next_dagrun for example_setup_teardown_taskflow to 2024-02-07T00:00:00+00:00, run_after=2024-02-08T00:00:00+00:00
[2024-02-08T02:00:28.272+0100] {processor.py:183} INFO - Processing /home/ubuntu/.local/lib/python3.10/site-packages/airflow/example_dags/example_setup_teardown_taskflow.py took 0.209 seconds
[2024-02-08T02:02:32.787+0100] {processor.py:161} INFO - Started process (PID=59180) to work on /home/ubuntu/.local/lib/python3.10/site-packages/airflow/example_dags/example_setup_teardown_taskflow.py
[2024-02-08T02:02:32.804+0100] {processor.py:830} INFO - Processing file /home/ubuntu/.local/lib/python3.10/site-packages/airflow/example_dags/example_setup_teardown_taskflow.py for tasks to queue
[2024-02-08T02:02:32.819+0100] {logging_mixin.py:188} INFO - [2024-02-08T02:02:32.805+0100] {dagbag.py:538} INFO - Filling up the DagBag from /home/ubuntu/.local/lib/python3.10/site-packages/airflow/example_dags/example_setup_teardown_taskflow.py
[2024-02-08T02:02:32.868+0100] {processor.py:840} INFO - DAG(s) 'example_setup_teardown_taskflow' retrieved from /home/ubuntu/.local/lib/python3.10/site-packages/airflow/example_dags/example_setup_teardown_taskflow.py
[2024-02-08T02:02:32.923+0100] {logging_mixin.py:188} INFO - [2024-02-08T02:02:32.922+0100] {dag.py:3033} INFO - Sync 1 DAGs
[2024-02-08T02:02:33.015+0100] {logging_mixin.py:188} INFO - [2024-02-08T02:02:33.015+0100] {dag.py:3820} INFO - Setting next_dagrun for example_setup_teardown_taskflow to 2024-02-07T00:00:00+00:00, run_after=2024-02-08T00:00:00+00:00
[2024-02-08T02:02:33.140+0100] {processor.py:183} INFO - Processing /home/ubuntu/.local/lib/python3.10/site-packages/airflow/example_dags/example_setup_teardown_taskflow.py took 0.381 seconds
[2024-02-08T02:04:37.503+0100] {processor.py:161} INFO - Started process (PID=59387) to work on /home/ubuntu/.local/lib/python3.10/site-packages/airflow/example_dags/example_setup_teardown_taskflow.py
[2024-02-08T02:04:37.518+0100] {processor.py:830} INFO - Processing file /home/ubuntu/.local/lib/python3.10/site-packages/airflow/example_dags/example_setup_teardown_taskflow.py for tasks to queue
[2024-02-08T02:04:37.521+0100] {logging_mixin.py:188} INFO - [2024-02-08T02:04:37.519+0100] {dagbag.py:538} INFO - Filling up the DagBag from /home/ubuntu/.local/lib/python3.10/site-packages/airflow/example_dags/example_setup_teardown_taskflow.py
[2024-02-08T02:04:37.550+0100] {processor.py:840} INFO - DAG(s) 'example_setup_teardown_taskflow' retrieved from /home/ubuntu/.local/lib/python3.10/site-packages/airflow/example_dags/example_setup_teardown_taskflow.py
[2024-02-08T02:04:37.690+0100] {logging_mixin.py:188} INFO - [2024-02-08T02:04:37.689+0100] {dag.py:3033} INFO - Sync 1 DAGs
[2024-02-08T02:04:37.788+0100] {logging_mixin.py:188} INFO - [2024-02-08T02:04:37.787+0100] {dag.py:3820} INFO - Setting next_dagrun for example_setup_teardown_taskflow to 2024-02-07T00:00:00+00:00, run_after=2024-02-08T00:00:00+00:00
[2024-02-08T02:04:38.134+0100] {processor.py:183} INFO - Processing /home/ubuntu/.local/lib/python3.10/site-packages/airflow/example_dags/example_setup_teardown_taskflow.py took 0.667 seconds
[2024-02-08T02:07:29.586+0100] {processor.py:161} INFO - Started process (PID=60277) to work on /home/ubuntu/.local/lib/python3.10/site-packages/airflow/example_dags/example_setup_teardown_taskflow.py
[2024-02-08T02:07:29.621+0100] {processor.py:830} INFO - Processing file /home/ubuntu/.local/lib/python3.10/site-packages/airflow/example_dags/example_setup_teardown_taskflow.py for tasks to queue
[2024-02-08T02:07:29.623+0100] {logging_mixin.py:188} INFO - [2024-02-08T02:07:29.622+0100] {dagbag.py:538} INFO - Filling up the DagBag from /home/ubuntu/.local/lib/python3.10/site-packages/airflow/example_dags/example_setup_teardown_taskflow.py
[2024-02-08T02:07:29.699+0100] {processor.py:840} INFO - DAG(s) 'example_setup_teardown_taskflow' retrieved from /home/ubuntu/.local/lib/python3.10/site-packages/airflow/example_dags/example_setup_teardown_taskflow.py
[2024-02-08T02:07:29.891+0100] {logging_mixin.py:188} INFO - [2024-02-08T02:07:29.890+0100] {dag.py:3033} INFO - Sync 1 DAGs
[2024-02-08T02:07:30.086+0100] {logging_mixin.py:188} INFO - [2024-02-08T02:07:30.085+0100] {dag.py:3820} INFO - Setting next_dagrun for example_setup_teardown_taskflow to 2024-02-07T00:00:00+00:00, run_after=2024-02-08T00:00:00+00:00
[2024-02-08T02:07:30.280+0100] {processor.py:183} INFO - Processing /home/ubuntu/.local/lib/python3.10/site-packages/airflow/example_dags/example_setup_teardown_taskflow.py took 0.700 seconds
[2024-02-08T02:10:33.431+0100] {processor.py:161} INFO - Started process (PID=60543) to work on /home/ubuntu/.local/lib/python3.10/site-packages/airflow/example_dags/example_setup_teardown_taskflow.py
[2024-02-08T02:10:33.461+0100] {processor.py:830} INFO - Processing file /home/ubuntu/.local/lib/python3.10/site-packages/airflow/example_dags/example_setup_teardown_taskflow.py for tasks to queue
[2024-02-08T02:10:33.463+0100] {logging_mixin.py:188} INFO - [2024-02-08T02:10:33.462+0100] {dagbag.py:538} INFO - Filling up the DagBag from /home/ubuntu/.local/lib/python3.10/site-packages/airflow/example_dags/example_setup_teardown_taskflow.py
[2024-02-08T02:10:33.477+0100] {processor.py:840} INFO - DAG(s) 'example_setup_teardown_taskflow' retrieved from /home/ubuntu/.local/lib/python3.10/site-packages/airflow/example_dags/example_setup_teardown_taskflow.py
[2024-02-08T02:10:33.498+0100] {logging_mixin.py:188} INFO - [2024-02-08T02:10:33.498+0100] {dag.py:3033} INFO - Sync 1 DAGs
[2024-02-08T02:10:33.520+0100] {logging_mixin.py:188} INFO - [2024-02-08T02:10:33.519+0100] {dag.py:3820} INFO - Setting next_dagrun for example_setup_teardown_taskflow to 2024-02-07T00:00:00+00:00, run_after=2024-02-08T00:00:00+00:00
[2024-02-08T02:10:33.571+0100] {processor.py:183} INFO - Processing /home/ubuntu/.local/lib/python3.10/site-packages/airflow/example_dags/example_setup_teardown_taskflow.py took 0.145 seconds
[2024-02-08T02:11:57.690+0100] {processor.py:161} INFO - Started process (PID=60634) to work on /home/ubuntu/.local/lib/python3.10/site-packages/airflow/example_dags/example_setup_teardown_taskflow.py
[2024-02-08T02:11:57.696+0100] {processor.py:830} INFO - Processing file /home/ubuntu/.local/lib/python3.10/site-packages/airflow/example_dags/example_setup_teardown_taskflow.py for tasks to queue
[2024-02-08T02:11:57.699+0100] {logging_mixin.py:188} INFO - [2024-02-08T02:11:57.698+0100] {dagbag.py:538} INFO - Filling up the DagBag from /home/ubuntu/.local/lib/python3.10/site-packages/airflow/example_dags/example_setup_teardown_taskflow.py
[2024-02-08T02:11:57.728+0100] {processor.py:840} INFO - DAG(s) 'example_setup_teardown_taskflow' retrieved from /home/ubuntu/.local/lib/python3.10/site-packages/airflow/example_dags/example_setup_teardown_taskflow.py
[2024-02-08T02:11:57.769+0100] {logging_mixin.py:188} INFO - [2024-02-08T02:11:57.769+0100] {dag.py:3033} INFO - Sync 1 DAGs
[2024-02-08T02:11:57.963+0100] {logging_mixin.py:188} INFO - [2024-02-08T02:11:57.963+0100] {dag.py:3820} INFO - Setting next_dagrun for example_setup_teardown_taskflow to 2024-02-07T00:00:00+00:00, run_after=2024-02-08T00:00:00+00:00
[2024-02-08T02:11:58.358+0100] {processor.py:183} INFO - Processing /home/ubuntu/.local/lib/python3.10/site-packages/airflow/example_dags/example_setup_teardown_taskflow.py took 0.677 seconds
[2024-02-08T02:13:23.244+0100] {processor.py:161} INFO - Started process (PID=61008) to work on /home/ubuntu/.local/lib/python3.10/site-packages/airflow/example_dags/example_setup_teardown_taskflow.py
[2024-02-08T02:13:23.253+0100] {processor.py:830} INFO - Processing file /home/ubuntu/.local/lib/python3.10/site-packages/airflow/example_dags/example_setup_teardown_taskflow.py for tasks to queue
[2024-02-08T02:13:23.260+0100] {logging_mixin.py:188} INFO - [2024-02-08T02:13:23.254+0100] {dagbag.py:538} INFO - Filling up the DagBag from /home/ubuntu/.local/lib/python3.10/site-packages/airflow/example_dags/example_setup_teardown_taskflow.py
[2024-02-08T02:13:23.294+0100] {processor.py:840} INFO - DAG(s) 'example_setup_teardown_taskflow' retrieved from /home/ubuntu/.local/lib/python3.10/site-packages/airflow/example_dags/example_setup_teardown_taskflow.py
[2024-02-08T02:13:23.346+0100] {logging_mixin.py:188} INFO - [2024-02-08T02:13:23.346+0100] {dag.py:3033} INFO - Sync 1 DAGs
[2024-02-08T02:13:23.393+0100] {logging_mixin.py:188} INFO - [2024-02-08T02:13:23.392+0100] {dag.py:3820} INFO - Setting next_dagrun for example_setup_teardown_taskflow to 2024-02-07T00:00:00+00:00, run_after=2024-02-08T00:00:00+00:00
[2024-02-08T02:13:23.494+0100] {processor.py:183} INFO - Processing /home/ubuntu/.local/lib/python3.10/site-packages/airflow/example_dags/example_setup_teardown_taskflow.py took 0.254 seconds
[2024-02-08T02:14:34.920+0100] {processor.py:161} INFO - Started process (PID=61119) to work on /home/ubuntu/.local/lib/python3.10/site-packages/airflow/example_dags/example_setup_teardown_taskflow.py
[2024-02-08T02:14:34.954+0100] {processor.py:830} INFO - Processing file /home/ubuntu/.local/lib/python3.10/site-packages/airflow/example_dags/example_setup_teardown_taskflow.py for tasks to queue
[2024-02-08T02:14:34.955+0100] {logging_mixin.py:188} INFO - [2024-02-08T02:14:34.955+0100] {dagbag.py:538} INFO - Filling up the DagBag from /home/ubuntu/.local/lib/python3.10/site-packages/airflow/example_dags/example_setup_teardown_taskflow.py
[2024-02-08T02:14:34.984+0100] {processor.py:840} INFO - DAG(s) 'example_setup_teardown_taskflow' retrieved from /home/ubuntu/.local/lib/python3.10/site-packages/airflow/example_dags/example_setup_teardown_taskflow.py
[2024-02-08T02:14:35.013+0100] {logging_mixin.py:188} INFO - [2024-02-08T02:14:35.013+0100] {dag.py:3033} INFO - Sync 1 DAGs
[2024-02-08T02:14:35.070+0100] {logging_mixin.py:188} INFO - [2024-02-08T02:14:35.070+0100] {dag.py:3820} INFO - Setting next_dagrun for example_setup_teardown_taskflow to 2024-02-07T00:00:00+00:00, run_after=2024-02-08T00:00:00+00:00
[2024-02-08T02:14:35.184+0100] {processor.py:183} INFO - Processing /home/ubuntu/.local/lib/python3.10/site-packages/airflow/example_dags/example_setup_teardown_taskflow.py took 0.282 seconds
[2024-02-08T02:15:33.835+0100] {processor.py:161} INFO - Started process (PID=61239) to work on /home/ubuntu/.local/lib/python3.10/site-packages/airflow/example_dags/example_setup_teardown_taskflow.py
[2024-02-08T02:15:33.844+0100] {processor.py:830} INFO - Processing file /home/ubuntu/.local/lib/python3.10/site-packages/airflow/example_dags/example_setup_teardown_taskflow.py for tasks to queue
[2024-02-08T02:15:33.865+0100] {logging_mixin.py:188} INFO - [2024-02-08T02:15:33.848+0100] {dagbag.py:538} INFO - Filling up the DagBag from /home/ubuntu/.local/lib/python3.10/site-packages/airflow/example_dags/example_setup_teardown_taskflow.py
[2024-02-08T02:15:33.920+0100] {processor.py:840} INFO - DAG(s) 'example_setup_teardown_taskflow' retrieved from /home/ubuntu/.local/lib/python3.10/site-packages/airflow/example_dags/example_setup_teardown_taskflow.py
[2024-02-08T02:15:33.948+0100] {logging_mixin.py:188} INFO - [2024-02-08T02:15:33.948+0100] {dag.py:3033} INFO - Sync 1 DAGs
[2024-02-08T02:15:33.972+0100] {logging_mixin.py:188} INFO - [2024-02-08T02:15:33.971+0100] {dag.py:3820} INFO - Setting next_dagrun for example_setup_teardown_taskflow to 2024-02-07T00:00:00+00:00, run_after=2024-02-08T00:00:00+00:00
[2024-02-08T02:15:34.000+0100] {processor.py:183} INFO - Processing /home/ubuntu/.local/lib/python3.10/site-packages/airflow/example_dags/example_setup_teardown_taskflow.py took 0.176 seconds
[2024-02-08T02:16:27.516+0100] {processor.py:161} INFO - Started process (PID=61308) to work on /home/ubuntu/.local/lib/python3.10/site-packages/airflow/example_dags/example_setup_teardown_taskflow.py
[2024-02-08T02:16:27.519+0100] {processor.py:830} INFO - Processing file /home/ubuntu/.local/lib/python3.10/site-packages/airflow/example_dags/example_setup_teardown_taskflow.py for tasks to queue
[2024-02-08T02:16:27.520+0100] {logging_mixin.py:188} INFO - [2024-02-08T02:16:27.520+0100] {dagbag.py:538} INFO - Filling up the DagBag from /home/ubuntu/.local/lib/python3.10/site-packages/airflow/example_dags/example_setup_teardown_taskflow.py
[2024-02-08T02:16:27.538+0100] {processor.py:840} INFO - DAG(s) 'example_setup_teardown_taskflow' retrieved from /home/ubuntu/.local/lib/python3.10/site-packages/airflow/example_dags/example_setup_teardown_taskflow.py
[2024-02-08T02:16:27.565+0100] {logging_mixin.py:188} INFO - [2024-02-08T02:16:27.565+0100] {dag.py:3033} INFO - Sync 1 DAGs
[2024-02-08T02:16:27.588+0100] {logging_mixin.py:188} INFO - [2024-02-08T02:16:27.588+0100] {dag.py:3820} INFO - Setting next_dagrun for example_setup_teardown_taskflow to 2024-02-07T00:00:00+00:00, run_after=2024-02-08T00:00:00+00:00
[2024-02-08T02:16:27.617+0100] {processor.py:183} INFO - Processing /home/ubuntu/.local/lib/python3.10/site-packages/airflow/example_dags/example_setup_teardown_taskflow.py took 0.106 seconds
