[2024-02-08T01:02:56.724+0100] {processor.py:161} INFO - Started process (PID=50725) to work on /home/ubuntu/.local/lib/python3.10/site-packages/airflow/example_dags/example_latest_only_with_trigger.py
[2024-02-08T01:02:56.730+0100] {processor.py:830} INFO - Processing file /home/ubuntu/.local/lib/python3.10/site-packages/airflow/example_dags/example_latest_only_with_trigger.py for tasks to queue
[2024-02-08T01:02:56.738+0100] {logging_mixin.py:188} INFO - [2024-02-08T01:02:56.737+0100] {dagbag.py:538} INFO - Filling up the DagBag from /home/ubuntu/.local/lib/python3.10/site-packages/airflow/example_dags/example_latest_only_with_trigger.py
[2024-02-08T01:02:56.756+0100] {processor.py:840} INFO - DAG(s) 'latest_only_with_trigger' retrieved from /home/ubuntu/.local/lib/python3.10/site-packages/airflow/example_dags/example_latest_only_with_trigger.py
[2024-02-08T01:02:59.795+0100] {logging_mixin.py:188} INFO - [2024-02-08T01:02:59.795+0100] {dag.py:3033} INFO - Sync 1 DAGs
[2024-02-08T01:03:00.123+0100] {logging_mixin.py:188} INFO - [2024-02-08T01:03:00.123+0100] {dag.py:3820} INFO - Setting next_dagrun for latest_only_with_trigger to 2024-02-07T20:00:00+00:00, run_after=2024-02-08T00:00:00+00:00
[2024-02-08T01:03:01.768+0100] {processor.py:183} INFO - Processing /home/ubuntu/.local/lib/python3.10/site-packages/airflow/example_dags/example_latest_only_with_trigger.py took 5.061 seconds
[2024-02-08T01:05:21.156+0100] {processor.py:161} INFO - Started process (PID=51016) to work on /home/ubuntu/.local/lib/python3.10/site-packages/airflow/example_dags/example_latest_only_with_trigger.py
[2024-02-08T01:05:21.179+0100] {processor.py:830} INFO - Processing file /home/ubuntu/.local/lib/python3.10/site-packages/airflow/example_dags/example_latest_only_with_trigger.py for tasks to queue
[2024-02-08T01:05:21.181+0100] {logging_mixin.py:188} INFO - [2024-02-08T01:05:21.180+0100] {dagbag.py:538} INFO - Filling up the DagBag from /home/ubuntu/.local/lib/python3.10/site-packages/airflow/example_dags/example_latest_only_with_trigger.py
[2024-02-08T01:05:21.196+0100] {processor.py:840} INFO - DAG(s) 'latest_only_with_trigger' retrieved from /home/ubuntu/.local/lib/python3.10/site-packages/airflow/example_dags/example_latest_only_with_trigger.py
[2024-02-08T01:05:21.226+0100] {logging_mixin.py:188} INFO - [2024-02-08T01:05:21.226+0100] {dag.py:3033} INFO - Sync 1 DAGs
[2024-02-08T01:05:21.252+0100] {logging_mixin.py:188} INFO - [2024-02-08T01:05:21.252+0100] {dag.py:3820} INFO - Setting next_dagrun for latest_only_with_trigger to 2024-02-07T20:00:00+00:00, run_after=2024-02-08T00:00:00+00:00
[2024-02-08T01:05:21.515+0100] {processor.py:183} INFO - Processing /home/ubuntu/.local/lib/python3.10/site-packages/airflow/example_dags/example_latest_only_with_trigger.py took 0.369 seconds
[2024-02-08T01:06:42.820+0100] {processor.py:161} INFO - Started process (PID=51284) to work on /home/ubuntu/.local/lib/python3.10/site-packages/airflow/example_dags/example_latest_only_with_trigger.py
[2024-02-08T01:06:42.830+0100] {processor.py:830} INFO - Processing file /home/ubuntu/.local/lib/python3.10/site-packages/airflow/example_dags/example_latest_only_with_trigger.py for tasks to queue
[2024-02-08T01:06:42.832+0100] {logging_mixin.py:188} INFO - [2024-02-08T01:06:42.831+0100] {dagbag.py:538} INFO - Filling up the DagBag from /home/ubuntu/.local/lib/python3.10/site-packages/airflow/example_dags/example_latest_only_with_trigger.py
[2024-02-08T01:06:42.843+0100] {processor.py:840} INFO - DAG(s) 'latest_only_with_trigger' retrieved from /home/ubuntu/.local/lib/python3.10/site-packages/airflow/example_dags/example_latest_only_with_trigger.py
[2024-02-08T01:06:42.870+0100] {logging_mixin.py:188} INFO - [2024-02-08T01:06:42.870+0100] {dag.py:3033} INFO - Sync 1 DAGs
[2024-02-08T01:06:42.904+0100] {logging_mixin.py:188} INFO - [2024-02-08T01:06:42.904+0100] {dag.py:3820} INFO - Setting next_dagrun for latest_only_with_trigger to 2024-02-07T20:00:00+00:00, run_after=2024-02-08T00:00:00+00:00
[2024-02-08T01:06:42.950+0100] {processor.py:183} INFO - Processing /home/ubuntu/.local/lib/python3.10/site-packages/airflow/example_dags/example_latest_only_with_trigger.py took 0.135 seconds
[2024-02-08T01:07:57.828+0100] {processor.py:161} INFO - Started process (PID=51788) to work on /home/ubuntu/.local/lib/python3.10/site-packages/airflow/example_dags/example_latest_only_with_trigger.py
[2024-02-08T01:07:57.861+0100] {processor.py:830} INFO - Processing file /home/ubuntu/.local/lib/python3.10/site-packages/airflow/example_dags/example_latest_only_with_trigger.py for tasks to queue
[2024-02-08T01:07:57.866+0100] {logging_mixin.py:188} INFO - [2024-02-08T01:07:57.862+0100] {dagbag.py:538} INFO - Filling up the DagBag from /home/ubuntu/.local/lib/python3.10/site-packages/airflow/example_dags/example_latest_only_with_trigger.py
[2024-02-08T01:07:57.921+0100] {processor.py:840} INFO - DAG(s) 'latest_only_with_trigger' retrieved from /home/ubuntu/.local/lib/python3.10/site-packages/airflow/example_dags/example_latest_only_with_trigger.py
[2024-02-08T01:07:57.977+0100] {logging_mixin.py:188} INFO - [2024-02-08T01:07:57.977+0100] {dag.py:3033} INFO - Sync 1 DAGs
[2024-02-08T01:07:58.037+0100] {logging_mixin.py:188} INFO - [2024-02-08T01:07:58.037+0100] {dag.py:3820} INFO - Setting next_dagrun for latest_only_with_trigger to 2024-02-07T20:00:00+00:00, run_after=2024-02-08T00:00:00+00:00
[2024-02-08T01:07:58.098+0100] {processor.py:183} INFO - Processing /home/ubuntu/.local/lib/python3.10/site-packages/airflow/example_dags/example_latest_only_with_trigger.py took 0.284 seconds
[2024-02-08T01:09:29.119+0100] {processor.py:161} INFO - Started process (PID=52146) to work on /home/ubuntu/.local/lib/python3.10/site-packages/airflow/example_dags/example_latest_only_with_trigger.py
[2024-02-08T01:09:29.122+0100] {processor.py:830} INFO - Processing file /home/ubuntu/.local/lib/python3.10/site-packages/airflow/example_dags/example_latest_only_with_trigger.py for tasks to queue
[2024-02-08T01:09:29.123+0100] {logging_mixin.py:188} INFO - [2024-02-08T01:09:29.123+0100] {dagbag.py:538} INFO - Filling up the DagBag from /home/ubuntu/.local/lib/python3.10/site-packages/airflow/example_dags/example_latest_only_with_trigger.py
[2024-02-08T01:09:29.141+0100] {processor.py:840} INFO - DAG(s) 'latest_only_with_trigger' retrieved from /home/ubuntu/.local/lib/python3.10/site-packages/airflow/example_dags/example_latest_only_with_trigger.py
[2024-02-08T01:09:29.169+0100] {logging_mixin.py:188} INFO - [2024-02-08T01:09:29.169+0100] {dag.py:3033} INFO - Sync 1 DAGs
[2024-02-08T01:09:29.209+0100] {logging_mixin.py:188} INFO - [2024-02-08T01:09:29.208+0100] {dag.py:3820} INFO - Setting next_dagrun for latest_only_with_trigger to 2024-02-07T20:00:00+00:00, run_after=2024-02-08T00:00:00+00:00
[2024-02-08T01:09:29.278+0100] {processor.py:183} INFO - Processing /home/ubuntu/.local/lib/python3.10/site-packages/airflow/example_dags/example_latest_only_with_trigger.py took 0.164 seconds
[2024-02-08T01:10:53.098+0100] {processor.py:161} INFO - Started process (PID=52314) to work on /home/ubuntu/.local/lib/python3.10/site-packages/airflow/example_dags/example_latest_only_with_trigger.py
[2024-02-08T01:10:53.102+0100] {processor.py:830} INFO - Processing file /home/ubuntu/.local/lib/python3.10/site-packages/airflow/example_dags/example_latest_only_with_trigger.py for tasks to queue
[2024-02-08T01:10:53.105+0100] {logging_mixin.py:188} INFO - [2024-02-08T01:10:53.104+0100] {dagbag.py:538} INFO - Filling up the DagBag from /home/ubuntu/.local/lib/python3.10/site-packages/airflow/example_dags/example_latest_only_with_trigger.py
[2024-02-08T01:10:53.115+0100] {processor.py:840} INFO - DAG(s) 'latest_only_with_trigger' retrieved from /home/ubuntu/.local/lib/python3.10/site-packages/airflow/example_dags/example_latest_only_with_trigger.py
[2024-02-08T01:10:53.139+0100] {logging_mixin.py:188} INFO - [2024-02-08T01:10:53.139+0100] {dag.py:3033} INFO - Sync 1 DAGs
[2024-02-08T01:10:53.168+0100] {logging_mixin.py:188} INFO - [2024-02-08T01:10:53.168+0100] {dag.py:3820} INFO - Setting next_dagrun for latest_only_with_trigger to 2024-02-07T20:00:00+00:00, run_after=2024-02-08T00:00:00+00:00
[2024-02-08T01:10:53.213+0100] {processor.py:183} INFO - Processing /home/ubuntu/.local/lib/python3.10/site-packages/airflow/example_dags/example_latest_only_with_trigger.py took 0.119 seconds
[2024-02-08T01:13:14.069+0100] {processor.py:161} INFO - Started process (PID=52925) to work on /home/ubuntu/.local/lib/python3.10/site-packages/airflow/example_dags/example_latest_only_with_trigger.py
[2024-02-08T01:13:14.091+0100] {processor.py:830} INFO - Processing file /home/ubuntu/.local/lib/python3.10/site-packages/airflow/example_dags/example_latest_only_with_trigger.py for tasks to queue
[2024-02-08T01:13:14.096+0100] {logging_mixin.py:188} INFO - [2024-02-08T01:13:14.096+0100] {dagbag.py:538} INFO - Filling up the DagBag from /home/ubuntu/.local/lib/python3.10/site-packages/airflow/example_dags/example_latest_only_with_trigger.py
[2024-02-08T01:13:14.132+0100] {processor.py:840} INFO - DAG(s) 'latest_only_with_trigger' retrieved from /home/ubuntu/.local/lib/python3.10/site-packages/airflow/example_dags/example_latest_only_with_trigger.py
[2024-02-08T01:13:14.281+0100] {logging_mixin.py:188} INFO - [2024-02-08T01:13:14.281+0100] {dag.py:3033} INFO - Sync 1 DAGs
[2024-02-08T01:13:14.394+0100] {logging_mixin.py:188} INFO - [2024-02-08T01:13:14.394+0100] {dag.py:3820} INFO - Setting next_dagrun for latest_only_with_trigger to 2024-02-07T20:00:00+00:00, run_after=2024-02-08T00:00:00+00:00
[2024-02-08T01:13:14.845+0100] {processor.py:183} INFO - Processing /home/ubuntu/.local/lib/python3.10/site-packages/airflow/example_dags/example_latest_only_with_trigger.py took 0.798 seconds
[2024-02-08T01:17:15.896+0100] {processor.py:161} INFO - Started process (PID=53895) to work on /home/ubuntu/.local/lib/python3.10/site-packages/airflow/example_dags/example_latest_only_with_trigger.py
[2024-02-08T01:17:15.900+0100] {processor.py:830} INFO - Processing file /home/ubuntu/.local/lib/python3.10/site-packages/airflow/example_dags/example_latest_only_with_trigger.py for tasks to queue
[2024-02-08T01:17:15.903+0100] {logging_mixin.py:188} INFO - [2024-02-08T01:17:15.902+0100] {dagbag.py:538} INFO - Filling up the DagBag from /home/ubuntu/.local/lib/python3.10/site-packages/airflow/example_dags/example_latest_only_with_trigger.py
[2024-02-08T01:17:15.924+0100] {processor.py:840} INFO - DAG(s) 'latest_only_with_trigger' retrieved from /home/ubuntu/.local/lib/python3.10/site-packages/airflow/example_dags/example_latest_only_with_trigger.py
[2024-02-08T01:17:15.960+0100] {logging_mixin.py:188} INFO - [2024-02-08T01:17:15.959+0100] {dag.py:3033} INFO - Sync 1 DAGs
[2024-02-08T01:17:16.051+0100] {logging_mixin.py:188} INFO - [2024-02-08T01:17:16.050+0100] {dag.py:3820} INFO - Setting next_dagrun for latest_only_with_trigger to 2024-02-07T20:00:00+00:00, run_after=2024-02-08T00:00:00+00:00
[2024-02-08T01:17:16.187+0100] {processor.py:183} INFO - Processing /home/ubuntu/.local/lib/python3.10/site-packages/airflow/example_dags/example_latest_only_with_trigger.py took 0.376 seconds
[2024-02-08T01:19:50.736+0100] {processor.py:161} INFO - Started process (PID=54404) to work on /home/ubuntu/.local/lib/python3.10/site-packages/airflow/example_dags/example_latest_only_with_trigger.py
[2024-02-08T01:19:50.741+0100] {processor.py:830} INFO - Processing file /home/ubuntu/.local/lib/python3.10/site-packages/airflow/example_dags/example_latest_only_with_trigger.py for tasks to queue
[2024-02-08T01:19:50.744+0100] {logging_mixin.py:188} INFO - [2024-02-08T01:19:50.743+0100] {dagbag.py:538} INFO - Filling up the DagBag from /home/ubuntu/.local/lib/python3.10/site-packages/airflow/example_dags/example_latest_only_with_trigger.py
[2024-02-08T01:19:50.770+0100] {processor.py:840} INFO - DAG(s) 'latest_only_with_trigger' retrieved from /home/ubuntu/.local/lib/python3.10/site-packages/airflow/example_dags/example_latest_only_with_trigger.py
[2024-02-08T01:19:50.861+0100] {logging_mixin.py:188} INFO - [2024-02-08T01:19:50.860+0100] {dag.py:3033} INFO - Sync 1 DAGs
[2024-02-08T01:19:50.942+0100] {logging_mixin.py:188} INFO - [2024-02-08T01:19:50.942+0100] {dag.py:3820} INFO - Setting next_dagrun for latest_only_with_trigger to 2024-02-07T20:00:00+00:00, run_after=2024-02-08T00:00:00+00:00
[2024-02-08T01:19:51.164+0100] {processor.py:183} INFO - Processing /home/ubuntu/.local/lib/python3.10/site-packages/airflow/example_dags/example_latest_only_with_trigger.py took 0.437 seconds
[2024-02-08T01:21:37.416+0100] {processor.py:161} INFO - Started process (PID=54636) to work on /home/ubuntu/.local/lib/python3.10/site-packages/airflow/example_dags/example_latest_only_with_trigger.py
[2024-02-08T01:21:37.419+0100] {processor.py:830} INFO - Processing file /home/ubuntu/.local/lib/python3.10/site-packages/airflow/example_dags/example_latest_only_with_trigger.py for tasks to queue
[2024-02-08T01:21:37.421+0100] {logging_mixin.py:188} INFO - [2024-02-08T01:21:37.420+0100] {dagbag.py:538} INFO - Filling up the DagBag from /home/ubuntu/.local/lib/python3.10/site-packages/airflow/example_dags/example_latest_only_with_trigger.py
[2024-02-08T01:21:37.478+0100] {processor.py:840} INFO - DAG(s) 'latest_only_with_trigger' retrieved from /home/ubuntu/.local/lib/python3.10/site-packages/airflow/example_dags/example_latest_only_with_trigger.py
[2024-02-08T01:21:37.545+0100] {logging_mixin.py:188} INFO - [2024-02-08T01:21:37.545+0100] {dag.py:3033} INFO - Sync 1 DAGs
[2024-02-08T01:21:37.636+0100] {logging_mixin.py:188} INFO - [2024-02-08T01:21:37.636+0100] {dag.py:3820} INFO - Setting next_dagrun for latest_only_with_trigger to 2024-02-07T20:00:00+00:00, run_after=2024-02-08T00:00:00+00:00
[2024-02-08T01:21:37.862+0100] {processor.py:183} INFO - Processing /home/ubuntu/.local/lib/python3.10/site-packages/airflow/example_dags/example_latest_only_with_trigger.py took 0.463 seconds
[2024-02-08T01:23:13.955+0100] {processor.py:161} INFO - Started process (PID=54903) to work on /home/ubuntu/.local/lib/python3.10/site-packages/airflow/example_dags/example_latest_only_with_trigger.py
[2024-02-08T01:23:13.995+0100] {processor.py:830} INFO - Processing file /home/ubuntu/.local/lib/python3.10/site-packages/airflow/example_dags/example_latest_only_with_trigger.py for tasks to queue
[2024-02-08T01:23:14.007+0100] {logging_mixin.py:188} INFO - [2024-02-08T01:23:13.999+0100] {dagbag.py:538} INFO - Filling up the DagBag from /home/ubuntu/.local/lib/python3.10/site-packages/airflow/example_dags/example_latest_only_with_trigger.py
[2024-02-08T01:23:14.062+0100] {processor.py:840} INFO - DAG(s) 'latest_only_with_trigger' retrieved from /home/ubuntu/.local/lib/python3.10/site-packages/airflow/example_dags/example_latest_only_with_trigger.py
[2024-02-08T01:23:14.091+0100] {logging_mixin.py:188} INFO - [2024-02-08T01:23:14.090+0100] {dag.py:3033} INFO - Sync 1 DAGs
[2024-02-08T01:23:14.125+0100] {logging_mixin.py:188} INFO - [2024-02-08T01:23:14.125+0100] {dag.py:3820} INFO - Setting next_dagrun for latest_only_with_trigger to 2024-02-07T20:00:00+00:00, run_after=2024-02-08T00:00:00+00:00
[2024-02-08T01:23:14.229+0100] {processor.py:183} INFO - Processing /home/ubuntu/.local/lib/python3.10/site-packages/airflow/example_dags/example_latest_only_with_trigger.py took 0.325 seconds
[2024-02-08T01:24:21.926+0100] {processor.py:161} INFO - Started process (PID=55030) to work on /home/ubuntu/.local/lib/python3.10/site-packages/airflow/example_dags/example_latest_only_with_trigger.py
[2024-02-08T01:24:21.965+0100] {processor.py:830} INFO - Processing file /home/ubuntu/.local/lib/python3.10/site-packages/airflow/example_dags/example_latest_only_with_trigger.py for tasks to queue
[2024-02-08T01:24:21.969+0100] {logging_mixin.py:188} INFO - [2024-02-08T01:24:21.965+0100] {dagbag.py:538} INFO - Filling up the DagBag from /home/ubuntu/.local/lib/python3.10/site-packages/airflow/example_dags/example_latest_only_with_trigger.py
[2024-02-08T01:24:22.006+0100] {processor.py:840} INFO - DAG(s) 'latest_only_with_trigger' retrieved from /home/ubuntu/.local/lib/python3.10/site-packages/airflow/example_dags/example_latest_only_with_trigger.py
[2024-02-08T01:24:22.073+0100] {logging_mixin.py:188} INFO - [2024-02-08T01:24:22.073+0100] {dag.py:3033} INFO - Sync 1 DAGs
[2024-02-08T01:24:22.237+0100] {logging_mixin.py:188} INFO - [2024-02-08T01:24:22.236+0100] {dag.py:3820} INFO - Setting next_dagrun for latest_only_with_trigger to 2024-02-07T20:00:00+00:00, run_after=2024-02-08T00:00:00+00:00
[2024-02-08T01:24:22.393+0100] {processor.py:183} INFO - Processing /home/ubuntu/.local/lib/python3.10/site-packages/airflow/example_dags/example_latest_only_with_trigger.py took 0.479 seconds
[2024-02-08T01:25:53.925+0100] {processor.py:161} INFO - Started process (PID=55185) to work on /home/ubuntu/.local/lib/python3.10/site-packages/airflow/example_dags/example_latest_only_with_trigger.py
[2024-02-08T01:25:53.938+0100] {processor.py:830} INFO - Processing file /home/ubuntu/.local/lib/python3.10/site-packages/airflow/example_dags/example_latest_only_with_trigger.py for tasks to queue
[2024-02-08T01:25:53.943+0100] {logging_mixin.py:188} INFO - [2024-02-08T01:25:53.939+0100] {dagbag.py:538} INFO - Filling up the DagBag from /home/ubuntu/.local/lib/python3.10/site-packages/airflow/example_dags/example_latest_only_with_trigger.py
[2024-02-08T01:25:53.994+0100] {processor.py:840} INFO - DAG(s) 'latest_only_with_trigger' retrieved from /home/ubuntu/.local/lib/python3.10/site-packages/airflow/example_dags/example_latest_only_with_trigger.py
[2024-02-08T01:25:54.055+0100] {logging_mixin.py:188} INFO - [2024-02-08T01:25:54.055+0100] {dag.py:3033} INFO - Sync 1 DAGs
[2024-02-08T01:25:54.156+0100] {logging_mixin.py:188} INFO - [2024-02-08T01:25:54.155+0100] {dag.py:3820} INFO - Setting next_dagrun for latest_only_with_trigger to 2024-02-07T20:00:00+00:00, run_after=2024-02-08T00:00:00+00:00
[2024-02-08T01:25:54.544+0100] {processor.py:183} INFO - Processing /home/ubuntu/.local/lib/python3.10/site-packages/airflow/example_dags/example_latest_only_with_trigger.py took 0.630 seconds
[2024-02-08T01:27:36.970+0100] {processor.py:161} INFO - Started process (PID=55378) to work on /home/ubuntu/.local/lib/python3.10/site-packages/airflow/example_dags/example_latest_only_with_trigger.py
[2024-02-08T01:27:36.974+0100] {processor.py:830} INFO - Processing file /home/ubuntu/.local/lib/python3.10/site-packages/airflow/example_dags/example_latest_only_with_trigger.py for tasks to queue
[2024-02-08T01:27:36.976+0100] {logging_mixin.py:188} INFO - [2024-02-08T01:27:36.975+0100] {dagbag.py:538} INFO - Filling up the DagBag from /home/ubuntu/.local/lib/python3.10/site-packages/airflow/example_dags/example_latest_only_with_trigger.py
[2024-02-08T01:27:37.001+0100] {processor.py:840} INFO - DAG(s) 'latest_only_with_trigger' retrieved from /home/ubuntu/.local/lib/python3.10/site-packages/airflow/example_dags/example_latest_only_with_trigger.py
[2024-02-08T01:27:37.060+0100] {logging_mixin.py:188} INFO - [2024-02-08T01:27:37.059+0100] {dag.py:3033} INFO - Sync 1 DAGs
[2024-02-08T01:27:37.121+0100] {logging_mixin.py:188} INFO - [2024-02-08T01:27:37.121+0100] {dag.py:3820} INFO - Setting next_dagrun for latest_only_with_trigger to 2024-02-07T20:00:00+00:00, run_after=2024-02-08T00:00:00+00:00
[2024-02-08T01:27:37.166+0100] {processor.py:183} INFO - Processing /home/ubuntu/.local/lib/python3.10/site-packages/airflow/example_dags/example_latest_only_with_trigger.py took 0.206 seconds
[2024-02-08T01:29:10.691+0100] {processor.py:161} INFO - Started process (PID=55547) to work on /home/ubuntu/.local/lib/python3.10/site-packages/airflow/example_dags/example_latest_only_with_trigger.py
[2024-02-08T01:29:10.728+0100] {processor.py:830} INFO - Processing file /home/ubuntu/.local/lib/python3.10/site-packages/airflow/example_dags/example_latest_only_with_trigger.py for tasks to queue
[2024-02-08T01:29:10.730+0100] {logging_mixin.py:188} INFO - [2024-02-08T01:29:10.729+0100] {dagbag.py:538} INFO - Filling up the DagBag from /home/ubuntu/.local/lib/python3.10/site-packages/airflow/example_dags/example_latest_only_with_trigger.py
[2024-02-08T01:29:10.773+0100] {processor.py:840} INFO - DAG(s) 'latest_only_with_trigger' retrieved from /home/ubuntu/.local/lib/python3.10/site-packages/airflow/example_dags/example_latest_only_with_trigger.py
[2024-02-08T01:29:10.895+0100] {logging_mixin.py:188} INFO - [2024-02-08T01:29:10.895+0100] {dag.py:3033} INFO - Sync 1 DAGs
[2024-02-08T01:29:11.028+0100] {logging_mixin.py:188} INFO - [2024-02-08T01:29:11.028+0100] {dag.py:3820} INFO - Setting next_dagrun for latest_only_with_trigger to 2024-02-07T20:00:00+00:00, run_after=2024-02-08T00:00:00+00:00
[2024-02-08T01:29:11.425+0100] {processor.py:183} INFO - Processing /home/ubuntu/.local/lib/python3.10/site-packages/airflow/example_dags/example_latest_only_with_trigger.py took 0.760 seconds
[2024-02-08T01:31:01.422+0100] {processor.py:161} INFO - Started process (PID=55753) to work on /home/ubuntu/.local/lib/python3.10/site-packages/airflow/example_dags/example_latest_only_with_trigger.py
[2024-02-08T01:31:01.426+0100] {processor.py:830} INFO - Processing file /home/ubuntu/.local/lib/python3.10/site-packages/airflow/example_dags/example_latest_only_with_trigger.py for tasks to queue
[2024-02-08T01:31:01.428+0100] {logging_mixin.py:188} INFO - [2024-02-08T01:31:01.427+0100] {dagbag.py:538} INFO - Filling up the DagBag from /home/ubuntu/.local/lib/python3.10/site-packages/airflow/example_dags/example_latest_only_with_trigger.py
[2024-02-08T01:31:01.444+0100] {processor.py:840} INFO - DAG(s) 'latest_only_with_trigger' retrieved from /home/ubuntu/.local/lib/python3.10/site-packages/airflow/example_dags/example_latest_only_with_trigger.py
[2024-02-08T01:31:01.530+0100] {logging_mixin.py:188} INFO - [2024-02-08T01:31:01.530+0100] {dag.py:3033} INFO - Sync 1 DAGs
[2024-02-08T01:31:01.610+0100] {logging_mixin.py:188} INFO - [2024-02-08T01:31:01.610+0100] {dag.py:3820} INFO - Setting next_dagrun for latest_only_with_trigger to 2024-02-07T20:00:00+00:00, run_after=2024-02-08T00:00:00+00:00
[2024-02-08T01:31:01.831+0100] {processor.py:183} INFO - Processing /home/ubuntu/.local/lib/python3.10/site-packages/airflow/example_dags/example_latest_only_with_trigger.py took 0.450 seconds
[2024-02-08T01:33:16.849+0100] {processor.py:161} INFO - Started process (PID=55983) to work on /home/ubuntu/.local/lib/python3.10/site-packages/airflow/example_dags/example_latest_only_with_trigger.py
[2024-02-08T01:33:16.853+0100] {processor.py:830} INFO - Processing file /home/ubuntu/.local/lib/python3.10/site-packages/airflow/example_dags/example_latest_only_with_trigger.py for tasks to queue
[2024-02-08T01:33:16.855+0100] {logging_mixin.py:188} INFO - [2024-02-08T01:33:16.854+0100] {dagbag.py:538} INFO - Filling up the DagBag from /home/ubuntu/.local/lib/python3.10/site-packages/airflow/example_dags/example_latest_only_with_trigger.py
[2024-02-08T01:33:16.874+0100] {processor.py:840} INFO - DAG(s) 'latest_only_with_trigger' retrieved from /home/ubuntu/.local/lib/python3.10/site-packages/airflow/example_dags/example_latest_only_with_trigger.py
[2024-02-08T01:33:16.919+0100] {logging_mixin.py:188} INFO - [2024-02-08T01:33:16.919+0100] {dag.py:3033} INFO - Sync 1 DAGs
[2024-02-08T01:33:17.033+0100] {logging_mixin.py:188} INFO - [2024-02-08T01:33:17.033+0100] {dag.py:3820} INFO - Setting next_dagrun for latest_only_with_trigger to 2024-02-07T20:00:00+00:00, run_after=2024-02-08T00:00:00+00:00
[2024-02-08T01:33:17.164+0100] {processor.py:183} INFO - Processing /home/ubuntu/.local/lib/python3.10/site-packages/airflow/example_dags/example_latest_only_with_trigger.py took 0.355 seconds
[2024-02-08T01:36:39.115+0100] {processor.py:161} INFO - Started process (PID=56282) to work on /home/ubuntu/.local/lib/python3.10/site-packages/airflow/example_dags/example_latest_only_with_trigger.py
[2024-02-08T01:36:39.121+0100] {processor.py:830} INFO - Processing file /home/ubuntu/.local/lib/python3.10/site-packages/airflow/example_dags/example_latest_only_with_trigger.py for tasks to queue
[2024-02-08T01:36:39.124+0100] {logging_mixin.py:188} INFO - [2024-02-08T01:36:39.123+0100] {dagbag.py:538} INFO - Filling up the DagBag from /home/ubuntu/.local/lib/python3.10/site-packages/airflow/example_dags/example_latest_only_with_trigger.py
[2024-02-08T01:36:39.148+0100] {processor.py:840} INFO - DAG(s) 'latest_only_with_trigger' retrieved from /home/ubuntu/.local/lib/python3.10/site-packages/airflow/example_dags/example_latest_only_with_trigger.py
[2024-02-08T01:36:39.206+0100] {logging_mixin.py:188} INFO - [2024-02-08T01:36:39.205+0100] {dag.py:3033} INFO - Sync 1 DAGs
[2024-02-08T01:36:39.308+0100] {logging_mixin.py:188} INFO - [2024-02-08T01:36:39.308+0100] {dag.py:3820} INFO - Setting next_dagrun for latest_only_with_trigger to 2024-02-07T20:00:00+00:00, run_after=2024-02-08T00:00:00+00:00
[2024-02-08T01:36:39.573+0100] {processor.py:183} INFO - Processing /home/ubuntu/.local/lib/python3.10/site-packages/airflow/example_dags/example_latest_only_with_trigger.py took 0.499 seconds
[2024-02-08T01:38:39.925+0100] {processor.py:161} INFO - Started process (PID=56488) to work on /home/ubuntu/.local/lib/python3.10/site-packages/airflow/example_dags/example_latest_only_with_trigger.py
[2024-02-08T01:38:39.929+0100] {processor.py:830} INFO - Processing file /home/ubuntu/.local/lib/python3.10/site-packages/airflow/example_dags/example_latest_only_with_trigger.py for tasks to queue
[2024-02-08T01:38:39.931+0100] {logging_mixin.py:188} INFO - [2024-02-08T01:38:39.930+0100] {dagbag.py:538} INFO - Filling up the DagBag from /home/ubuntu/.local/lib/python3.10/site-packages/airflow/example_dags/example_latest_only_with_trigger.py
[2024-02-08T01:38:39.986+0100] {processor.py:840} INFO - DAG(s) 'latest_only_with_trigger' retrieved from /home/ubuntu/.local/lib/python3.10/site-packages/airflow/example_dags/example_latest_only_with_trigger.py
[2024-02-08T01:38:40.031+0100] {logging_mixin.py:188} INFO - [2024-02-08T01:38:40.031+0100] {dag.py:3033} INFO - Sync 1 DAGs
[2024-02-08T01:38:40.115+0100] {logging_mixin.py:188} INFO - [2024-02-08T01:38:40.115+0100] {dag.py:3820} INFO - Setting next_dagrun for latest_only_with_trigger to 2024-02-07T20:00:00+00:00, run_after=2024-02-08T00:00:00+00:00
[2024-02-08T01:38:40.163+0100] {processor.py:183} INFO - Processing /home/ubuntu/.local/lib/python3.10/site-packages/airflow/example_dags/example_latest_only_with_trigger.py took 0.248 seconds
[2024-02-08T01:41:04.130+0100] {processor.py:161} INFO - Started process (PID=56776) to work on /home/ubuntu/.local/lib/python3.10/site-packages/airflow/example_dags/example_latest_only_with_trigger.py
[2024-02-08T01:41:04.137+0100] {processor.py:830} INFO - Processing file /home/ubuntu/.local/lib/python3.10/site-packages/airflow/example_dags/example_latest_only_with_trigger.py for tasks to queue
[2024-02-08T01:41:04.140+0100] {logging_mixin.py:188} INFO - [2024-02-08T01:41:04.139+0100] {dagbag.py:538} INFO - Filling up the DagBag from /home/ubuntu/.local/lib/python3.10/site-packages/airflow/example_dags/example_latest_only_with_trigger.py
[2024-02-08T01:41:04.167+0100] {processor.py:840} INFO - DAG(s) 'latest_only_with_trigger' retrieved from /home/ubuntu/.local/lib/python3.10/site-packages/airflow/example_dags/example_latest_only_with_trigger.py
[2024-02-08T01:41:04.209+0100] {logging_mixin.py:188} INFO - [2024-02-08T01:41:04.208+0100] {dag.py:3033} INFO - Sync 1 DAGs
[2024-02-08T01:41:04.241+0100] {logging_mixin.py:188} INFO - [2024-02-08T01:41:04.241+0100] {dag.py:3820} INFO - Setting next_dagrun for latest_only_with_trigger to 2024-02-07T20:00:00+00:00, run_after=2024-02-08T00:00:00+00:00
[2024-02-08T01:41:04.479+0100] {processor.py:183} INFO - Processing /home/ubuntu/.local/lib/python3.10/site-packages/airflow/example_dags/example_latest_only_with_trigger.py took 0.366 seconds
[2024-02-08T01:42:32.980+0100] {processor.py:161} INFO - Started process (PID=56953) to work on /home/ubuntu/.local/lib/python3.10/site-packages/airflow/example_dags/example_latest_only_with_trigger.py
[2024-02-08T01:42:32.982+0100] {processor.py:830} INFO - Processing file /home/ubuntu/.local/lib/python3.10/site-packages/airflow/example_dags/example_latest_only_with_trigger.py for tasks to queue
[2024-02-08T01:42:32.983+0100] {logging_mixin.py:188} INFO - [2024-02-08T01:42:32.983+0100] {dagbag.py:538} INFO - Filling up the DagBag from /home/ubuntu/.local/lib/python3.10/site-packages/airflow/example_dags/example_latest_only_with_trigger.py
[2024-02-08T01:42:32.994+0100] {processor.py:840} INFO - DAG(s) 'latest_only_with_trigger' retrieved from /home/ubuntu/.local/lib/python3.10/site-packages/airflow/example_dags/example_latest_only_with_trigger.py
[2024-02-08T01:42:33.019+0100] {logging_mixin.py:188} INFO - [2024-02-08T01:42:33.019+0100] {dag.py:3033} INFO - Sync 1 DAGs
[2024-02-08T01:42:33.063+0100] {logging_mixin.py:188} INFO - [2024-02-08T01:42:33.062+0100] {dag.py:3820} INFO - Setting next_dagrun for latest_only_with_trigger to 2024-02-07T20:00:00+00:00, run_after=2024-02-08T00:00:00+00:00
[2024-02-08T01:42:33.208+0100] {processor.py:183} INFO - Processing /home/ubuntu/.local/lib/python3.10/site-packages/airflow/example_dags/example_latest_only_with_trigger.py took 0.233 seconds
[2024-02-08T01:43:59.171+0100] {processor.py:161} INFO - Started process (PID=57116) to work on /home/ubuntu/.local/lib/python3.10/site-packages/airflow/example_dags/example_latest_only_with_trigger.py
[2024-02-08T01:43:59.200+0100] {processor.py:830} INFO - Processing file /home/ubuntu/.local/lib/python3.10/site-packages/airflow/example_dags/example_latest_only_with_trigger.py for tasks to queue
[2024-02-08T01:43:59.202+0100] {logging_mixin.py:188} INFO - [2024-02-08T01:43:59.202+0100] {dagbag.py:538} INFO - Filling up the DagBag from /home/ubuntu/.local/lib/python3.10/site-packages/airflow/example_dags/example_latest_only_with_trigger.py
[2024-02-08T01:43:59.243+0100] {processor.py:840} INFO - DAG(s) 'latest_only_with_trigger' retrieved from /home/ubuntu/.local/lib/python3.10/site-packages/airflow/example_dags/example_latest_only_with_trigger.py
[2024-02-08T01:43:59.314+0100] {logging_mixin.py:188} INFO - [2024-02-08T01:43:59.313+0100] {dag.py:3033} INFO - Sync 1 DAGs
[2024-02-08T01:43:59.362+0100] {logging_mixin.py:188} INFO - [2024-02-08T01:43:59.362+0100] {dag.py:3820} INFO - Setting next_dagrun for latest_only_with_trigger to 2024-02-07T20:00:00+00:00, run_after=2024-02-08T00:00:00+00:00
[2024-02-08T01:43:59.402+0100] {processor.py:183} INFO - Processing /home/ubuntu/.local/lib/python3.10/site-packages/airflow/example_dags/example_latest_only_with_trigger.py took 0.261 seconds
[2024-02-08T01:45:02.576+0100] {processor.py:161} INFO - Started process (PID=57242) to work on /home/ubuntu/.local/lib/python3.10/site-packages/airflow/example_dags/example_latest_only_with_trigger.py
[2024-02-08T01:45:02.580+0100] {processor.py:830} INFO - Processing file /home/ubuntu/.local/lib/python3.10/site-packages/airflow/example_dags/example_latest_only_with_trigger.py for tasks to queue
[2024-02-08T01:45:02.582+0100] {logging_mixin.py:188} INFO - [2024-02-08T01:45:02.581+0100] {dagbag.py:538} INFO - Filling up the DagBag from /home/ubuntu/.local/lib/python3.10/site-packages/airflow/example_dags/example_latest_only_with_trigger.py
[2024-02-08T01:45:02.590+0100] {processor.py:840} INFO - DAG(s) 'latest_only_with_trigger' retrieved from /home/ubuntu/.local/lib/python3.10/site-packages/airflow/example_dags/example_latest_only_with_trigger.py
[2024-02-08T01:45:02.607+0100] {logging_mixin.py:188} INFO - [2024-02-08T01:45:02.607+0100] {dag.py:3033} INFO - Sync 1 DAGs
[2024-02-08T01:45:02.626+0100] {logging_mixin.py:188} INFO - [2024-02-08T01:45:02.626+0100] {dag.py:3820} INFO - Setting next_dagrun for latest_only_with_trigger to 2024-02-07T20:00:00+00:00, run_after=2024-02-08T00:00:00+00:00
[2024-02-08T01:45:02.663+0100] {processor.py:183} INFO - Processing /home/ubuntu/.local/lib/python3.10/site-packages/airflow/example_dags/example_latest_only_with_trigger.py took 0.091 seconds
[2024-02-08T01:46:05.559+0100] {processor.py:161} INFO - Started process (PID=57366) to work on /home/ubuntu/.local/lib/python3.10/site-packages/airflow/example_dags/example_latest_only_with_trigger.py
[2024-02-08T01:46:05.562+0100] {processor.py:830} INFO - Processing file /home/ubuntu/.local/lib/python3.10/site-packages/airflow/example_dags/example_latest_only_with_trigger.py for tasks to queue
[2024-02-08T01:46:05.564+0100] {logging_mixin.py:188} INFO - [2024-02-08T01:46:05.563+0100] {dagbag.py:538} INFO - Filling up the DagBag from /home/ubuntu/.local/lib/python3.10/site-packages/airflow/example_dags/example_latest_only_with_trigger.py
[2024-02-08T01:46:05.574+0100] {processor.py:840} INFO - DAG(s) 'latest_only_with_trigger' retrieved from /home/ubuntu/.local/lib/python3.10/site-packages/airflow/example_dags/example_latest_only_with_trigger.py
[2024-02-08T01:46:05.640+0100] {logging_mixin.py:188} INFO - [2024-02-08T01:46:05.639+0100] {dag.py:3033} INFO - Sync 1 DAGs
[2024-02-08T01:46:05.677+0100] {logging_mixin.py:188} INFO - [2024-02-08T01:46:05.677+0100] {dag.py:3820} INFO - Setting next_dagrun for latest_only_with_trigger to 2024-02-07T20:00:00+00:00, run_after=2024-02-08T00:00:00+00:00
[2024-02-08T01:46:05.714+0100] {processor.py:183} INFO - Processing /home/ubuntu/.local/lib/python3.10/site-packages/airflow/example_dags/example_latest_only_with_trigger.py took 0.160 seconds
[2024-02-08T01:47:09.580+0100] {processor.py:161} INFO - Started process (PID=57492) to work on /home/ubuntu/.local/lib/python3.10/site-packages/airflow/example_dags/example_latest_only_with_trigger.py
[2024-02-08T01:47:09.599+0100] {processor.py:830} INFO - Processing file /home/ubuntu/.local/lib/python3.10/site-packages/airflow/example_dags/example_latest_only_with_trigger.py for tasks to queue
[2024-02-08T01:47:09.614+0100] {logging_mixin.py:188} INFO - [2024-02-08T01:47:09.600+0100] {dagbag.py:538} INFO - Filling up the DagBag from /home/ubuntu/.local/lib/python3.10/site-packages/airflow/example_dags/example_latest_only_with_trigger.py
[2024-02-08T01:47:09.648+0100] {processor.py:840} INFO - DAG(s) 'latest_only_with_trigger' retrieved from /home/ubuntu/.local/lib/python3.10/site-packages/airflow/example_dags/example_latest_only_with_trigger.py
[2024-02-08T01:47:09.744+0100] {logging_mixin.py:188} INFO - [2024-02-08T01:47:09.743+0100] {dag.py:3033} INFO - Sync 1 DAGs
[2024-02-08T01:47:09.817+0100] {logging_mixin.py:188} INFO - [2024-02-08T01:47:09.816+0100] {dag.py:3820} INFO - Setting next_dagrun for latest_only_with_trigger to 2024-02-07T20:00:00+00:00, run_after=2024-02-08T00:00:00+00:00
[2024-02-08T01:47:10.112+0100] {processor.py:183} INFO - Processing /home/ubuntu/.local/lib/python3.10/site-packages/airflow/example_dags/example_latest_only_with_trigger.py took 0.563 seconds
[2024-02-08T01:48:50.627+0100] {processor.py:161} INFO - Started process (PID=57709) to work on /home/ubuntu/.local/lib/python3.10/site-packages/airflow/example_dags/example_latest_only_with_trigger.py
[2024-02-08T01:48:50.632+0100] {processor.py:830} INFO - Processing file /home/ubuntu/.local/lib/python3.10/site-packages/airflow/example_dags/example_latest_only_with_trigger.py for tasks to queue
[2024-02-08T01:48:50.634+0100] {logging_mixin.py:188} INFO - [2024-02-08T01:48:50.633+0100] {dagbag.py:538} INFO - Filling up the DagBag from /home/ubuntu/.local/lib/python3.10/site-packages/airflow/example_dags/example_latest_only_with_trigger.py
[2024-02-08T01:48:50.668+0100] {processor.py:840} INFO - DAG(s) 'latest_only_with_trigger' retrieved from /home/ubuntu/.local/lib/python3.10/site-packages/airflow/example_dags/example_latest_only_with_trigger.py
[2024-02-08T01:48:50.754+0100] {logging_mixin.py:188} INFO - [2024-02-08T01:48:50.753+0100] {dag.py:3033} INFO - Sync 1 DAGs
[2024-02-08T01:48:50.860+0100] {logging_mixin.py:188} INFO - [2024-02-08T01:48:50.859+0100] {dag.py:3820} INFO - Setting next_dagrun for latest_only_with_trigger to 2024-02-07T20:00:00+00:00, run_after=2024-02-08T00:00:00+00:00
[2024-02-08T01:48:51.117+0100] {processor.py:183} INFO - Processing /home/ubuntu/.local/lib/python3.10/site-packages/airflow/example_dags/example_latest_only_with_trigger.py took 0.496 seconds
[2024-02-08T01:50:50.481+0100] {processor.py:161} INFO - Started process (PID=57951) to work on /home/ubuntu/.local/lib/python3.10/site-packages/airflow/example_dags/example_latest_only_with_trigger.py
[2024-02-08T01:50:50.483+0100] {processor.py:830} INFO - Processing file /home/ubuntu/.local/lib/python3.10/site-packages/airflow/example_dags/example_latest_only_with_trigger.py for tasks to queue
[2024-02-08T01:50:50.484+0100] {logging_mixin.py:188} INFO - [2024-02-08T01:50:50.484+0100] {dagbag.py:538} INFO - Filling up the DagBag from /home/ubuntu/.local/lib/python3.10/site-packages/airflow/example_dags/example_latest_only_with_trigger.py
[2024-02-08T01:50:50.493+0100] {processor.py:840} INFO - DAG(s) 'latest_only_with_trigger' retrieved from /home/ubuntu/.local/lib/python3.10/site-packages/airflow/example_dags/example_latest_only_with_trigger.py
[2024-02-08T01:50:50.519+0100] {logging_mixin.py:188} INFO - [2024-02-08T01:50:50.519+0100] {dag.py:3033} INFO - Sync 1 DAGs
[2024-02-08T01:50:50.538+0100] {logging_mixin.py:188} INFO - [2024-02-08T01:50:50.538+0100] {dag.py:3820} INFO - Setting next_dagrun for latest_only_with_trigger to 2024-02-07T20:00:00+00:00, run_after=2024-02-08T00:00:00+00:00
[2024-02-08T01:50:50.583+0100] {processor.py:183} INFO - Processing /home/ubuntu/.local/lib/python3.10/site-packages/airflow/example_dags/example_latest_only_with_trigger.py took 0.106 seconds
[2024-02-08T01:52:10.833+0100] {processor.py:161} INFO - Started process (PID=58098) to work on /home/ubuntu/.local/lib/python3.10/site-packages/airflow/example_dags/example_latest_only_with_trigger.py
[2024-02-08T01:52:10.836+0100] {processor.py:830} INFO - Processing file /home/ubuntu/.local/lib/python3.10/site-packages/airflow/example_dags/example_latest_only_with_trigger.py for tasks to queue
[2024-02-08T01:52:10.838+0100] {logging_mixin.py:188} INFO - [2024-02-08T01:52:10.837+0100] {dagbag.py:538} INFO - Filling up the DagBag from /home/ubuntu/.local/lib/python3.10/site-packages/airflow/example_dags/example_latest_only_with_trigger.py
[2024-02-08T01:52:10.850+0100] {processor.py:840} INFO - DAG(s) 'latest_only_with_trigger' retrieved from /home/ubuntu/.local/lib/python3.10/site-packages/airflow/example_dags/example_latest_only_with_trigger.py
[2024-02-08T01:52:10.867+0100] {logging_mixin.py:188} INFO - [2024-02-08T01:52:10.867+0100] {dag.py:3033} INFO - Sync 1 DAGs
[2024-02-08T01:52:10.893+0100] {logging_mixin.py:188} INFO - [2024-02-08T01:52:10.893+0100] {dag.py:3820} INFO - Setting next_dagrun for latest_only_with_trigger to 2024-02-07T20:00:00+00:00, run_after=2024-02-08T00:00:00+00:00
[2024-02-08T01:52:10.933+0100] {processor.py:183} INFO - Processing /home/ubuntu/.local/lib/python3.10/site-packages/airflow/example_dags/example_latest_only_with_trigger.py took 0.105 seconds
[2024-02-08T01:53:37.686+0100] {processor.py:161} INFO - Started process (PID=58250) to work on /home/ubuntu/.local/lib/python3.10/site-packages/airflow/example_dags/example_latest_only_with_trigger.py
[2024-02-08T01:53:37.688+0100] {processor.py:830} INFO - Processing file /home/ubuntu/.local/lib/python3.10/site-packages/airflow/example_dags/example_latest_only_with_trigger.py for tasks to queue
[2024-02-08T01:53:37.689+0100] {logging_mixin.py:188} INFO - [2024-02-08T01:53:37.689+0100] {dagbag.py:538} INFO - Filling up the DagBag from /home/ubuntu/.local/lib/python3.10/site-packages/airflow/example_dags/example_latest_only_with_trigger.py
[2024-02-08T01:53:37.699+0100] {processor.py:840} INFO - DAG(s) 'latest_only_with_trigger' retrieved from /home/ubuntu/.local/lib/python3.10/site-packages/airflow/example_dags/example_latest_only_with_trigger.py
[2024-02-08T01:53:37.736+0100] {logging_mixin.py:188} INFO - [2024-02-08T01:53:37.736+0100] {dag.py:3033} INFO - Sync 1 DAGs
[2024-02-08T01:53:37.762+0100] {logging_mixin.py:188} INFO - [2024-02-08T01:53:37.762+0100] {dag.py:3820} INFO - Setting next_dagrun for latest_only_with_trigger to 2024-02-07T20:00:00+00:00, run_after=2024-02-08T00:00:00+00:00
[2024-02-08T01:53:37.796+0100] {processor.py:183} INFO - Processing /home/ubuntu/.local/lib/python3.10/site-packages/airflow/example_dags/example_latest_only_with_trigger.py took 0.114 seconds
[2024-02-08T01:55:33.225+0100] {processor.py:161} INFO - Started process (PID=58471) to work on /home/ubuntu/.local/lib/python3.10/site-packages/airflow/example_dags/example_latest_only_with_trigger.py
[2024-02-08T01:55:33.257+0100] {processor.py:830} INFO - Processing file /home/ubuntu/.local/lib/python3.10/site-packages/airflow/example_dags/example_latest_only_with_trigger.py for tasks to queue
[2024-02-08T01:55:33.262+0100] {logging_mixin.py:188} INFO - [2024-02-08T01:55:33.261+0100] {dagbag.py:538} INFO - Filling up the DagBag from /home/ubuntu/.local/lib/python3.10/site-packages/airflow/example_dags/example_latest_only_with_trigger.py
[2024-02-08T01:55:33.318+0100] {processor.py:840} INFO - DAG(s) 'latest_only_with_trigger' retrieved from /home/ubuntu/.local/lib/python3.10/site-packages/airflow/example_dags/example_latest_only_with_trigger.py
[2024-02-08T01:55:33.360+0100] {logging_mixin.py:188} INFO - [2024-02-08T01:55:33.359+0100] {dag.py:3033} INFO - Sync 1 DAGs
[2024-02-08T01:55:33.393+0100] {logging_mixin.py:188} INFO - [2024-02-08T01:55:33.393+0100] {dag.py:3820} INFO - Setting next_dagrun for latest_only_with_trigger to 2024-02-07T20:00:00+00:00, run_after=2024-02-08T00:00:00+00:00
[2024-02-08T01:55:33.484+0100] {processor.py:183} INFO - Processing /home/ubuntu/.local/lib/python3.10/site-packages/airflow/example_dags/example_latest_only_with_trigger.py took 0.297 seconds
[2024-02-08T01:57:11.653+0100] {processor.py:161} INFO - Started process (PID=58641) to work on /home/ubuntu/.local/lib/python3.10/site-packages/airflow/example_dags/example_latest_only_with_trigger.py
[2024-02-08T01:57:11.673+0100] {processor.py:830} INFO - Processing file /home/ubuntu/.local/lib/python3.10/site-packages/airflow/example_dags/example_latest_only_with_trigger.py for tasks to queue
[2024-02-08T01:57:11.675+0100] {logging_mixin.py:188} INFO - [2024-02-08T01:57:11.674+0100] {dagbag.py:538} INFO - Filling up the DagBag from /home/ubuntu/.local/lib/python3.10/site-packages/airflow/example_dags/example_latest_only_with_trigger.py
[2024-02-08T01:57:11.706+0100] {processor.py:840} INFO - DAG(s) 'latest_only_with_trigger' retrieved from /home/ubuntu/.local/lib/python3.10/site-packages/airflow/example_dags/example_latest_only_with_trigger.py
[2024-02-08T01:57:11.776+0100] {logging_mixin.py:188} INFO - [2024-02-08T01:57:11.775+0100] {dag.py:3033} INFO - Sync 1 DAGs
[2024-02-08T01:57:11.873+0100] {logging_mixin.py:188} INFO - [2024-02-08T01:57:11.873+0100] {dag.py:3820} INFO - Setting next_dagrun for latest_only_with_trigger to 2024-02-07T20:00:00+00:00, run_after=2024-02-08T00:00:00+00:00
[2024-02-08T01:57:12.026+0100] {processor.py:183} INFO - Processing /home/ubuntu/.local/lib/python3.10/site-packages/airflow/example_dags/example_latest_only_with_trigger.py took 0.406 seconds
[2024-02-08T01:59:25.626+0100] {processor.py:161} INFO - Started process (PID=58867) to work on /home/ubuntu/.local/lib/python3.10/site-packages/airflow/example_dags/example_latest_only_with_trigger.py
[2024-02-08T01:59:25.629+0100] {processor.py:830} INFO - Processing file /home/ubuntu/.local/lib/python3.10/site-packages/airflow/example_dags/example_latest_only_with_trigger.py for tasks to queue
[2024-02-08T01:59:25.631+0100] {logging_mixin.py:188} INFO - [2024-02-08T01:59:25.630+0100] {dagbag.py:538} INFO - Filling up the DagBag from /home/ubuntu/.local/lib/python3.10/site-packages/airflow/example_dags/example_latest_only_with_trigger.py
[2024-02-08T01:59:25.666+0100] {processor.py:840} INFO - DAG(s) 'latest_only_with_trigger' retrieved from /home/ubuntu/.local/lib/python3.10/site-packages/airflow/example_dags/example_latest_only_with_trigger.py
[2024-02-08T01:59:25.743+0100] {logging_mixin.py:188} INFO - [2024-02-08T01:59:25.740+0100] {dag.py:3033} INFO - Sync 1 DAGs
[2024-02-08T01:59:25.794+0100] {logging_mixin.py:188} INFO - [2024-02-08T01:59:25.794+0100] {dag.py:3820} INFO - Setting next_dagrun for latest_only_with_trigger to 2024-02-07T20:00:00+00:00, run_after=2024-02-08T00:00:00+00:00
[2024-02-08T01:59:25.856+0100] {processor.py:183} INFO - Processing /home/ubuntu/.local/lib/python3.10/site-packages/airflow/example_dags/example_latest_only_with_trigger.py took 0.238 seconds
[2024-02-08T02:01:09.605+0100] {processor.py:161} INFO - Started process (PID=59054) to work on /home/ubuntu/.local/lib/python3.10/site-packages/airflow/example_dags/example_latest_only_with_trigger.py
[2024-02-08T02:01:09.611+0100] {processor.py:830} INFO - Processing file /home/ubuntu/.local/lib/python3.10/site-packages/airflow/example_dags/example_latest_only_with_trigger.py for tasks to queue
[2024-02-08T02:01:09.627+0100] {logging_mixin.py:188} INFO - [2024-02-08T02:01:09.612+0100] {dagbag.py:538} INFO - Filling up the DagBag from /home/ubuntu/.local/lib/python3.10/site-packages/airflow/example_dags/example_latest_only_with_trigger.py
[2024-02-08T02:01:09.686+0100] {processor.py:840} INFO - DAG(s) 'latest_only_with_trigger' retrieved from /home/ubuntu/.local/lib/python3.10/site-packages/airflow/example_dags/example_latest_only_with_trigger.py
[2024-02-08T02:01:09.755+0100] {logging_mixin.py:188} INFO - [2024-02-08T02:01:09.755+0100] {dag.py:3033} INFO - Sync 1 DAGs
[2024-02-08T02:01:09.831+0100] {logging_mixin.py:188} INFO - [2024-02-08T02:01:09.831+0100] {dag.py:3820} INFO - Setting next_dagrun for latest_only_with_trigger to 2024-02-07T20:00:00+00:00, run_after=2024-02-08T00:00:00+00:00
[2024-02-08T02:01:10.005+0100] {processor.py:183} INFO - Processing /home/ubuntu/.local/lib/python3.10/site-packages/airflow/example_dags/example_latest_only_with_trigger.py took 0.426 seconds
[2024-02-08T02:03:23.124+0100] {processor.py:161} INFO - Started process (PID=59267) to work on /home/ubuntu/.local/lib/python3.10/site-packages/airflow/example_dags/example_latest_only_with_trigger.py
[2024-02-08T02:03:23.143+0100] {processor.py:830} INFO - Processing file /home/ubuntu/.local/lib/python3.10/site-packages/airflow/example_dags/example_latest_only_with_trigger.py for tasks to queue
[2024-02-08T02:03:23.144+0100] {logging_mixin.py:188} INFO - [2024-02-08T02:03:23.144+0100] {dagbag.py:538} INFO - Filling up the DagBag from /home/ubuntu/.local/lib/python3.10/site-packages/airflow/example_dags/example_latest_only_with_trigger.py
[2024-02-08T02:03:23.185+0100] {processor.py:840} INFO - DAG(s) 'latest_only_with_trigger' retrieved from /home/ubuntu/.local/lib/python3.10/site-packages/airflow/example_dags/example_latest_only_with_trigger.py
[2024-02-08T02:03:23.232+0100] {logging_mixin.py:188} INFO - [2024-02-08T02:03:23.232+0100] {dag.py:3033} INFO - Sync 1 DAGs
[2024-02-08T02:03:23.301+0100] {logging_mixin.py:188} INFO - [2024-02-08T02:03:23.301+0100] {dag.py:3820} INFO - Setting next_dagrun for latest_only_with_trigger to 2024-02-07T20:00:00+00:00, run_after=2024-02-08T00:00:00+00:00
[2024-02-08T02:03:23.503+0100] {processor.py:183} INFO - Processing /home/ubuntu/.local/lib/python3.10/site-packages/airflow/example_dags/example_latest_only_with_trigger.py took 0.414 seconds
[2024-02-08T02:05:27.012+0100] {processor.py:161} INFO - Started process (PID=59466) to work on /home/ubuntu/.local/lib/python3.10/site-packages/airflow/example_dags/example_latest_only_with_trigger.py
[2024-02-08T02:05:27.039+0100] {processor.py:830} INFO - Processing file /home/ubuntu/.local/lib/python3.10/site-packages/airflow/example_dags/example_latest_only_with_trigger.py for tasks to queue
[2024-02-08T02:05:27.043+0100] {logging_mixin.py:188} INFO - [2024-02-08T02:05:27.039+0100] {dagbag.py:538} INFO - Filling up the DagBag from /home/ubuntu/.local/lib/python3.10/site-packages/airflow/example_dags/example_latest_only_with_trigger.py
[2024-02-08T02:05:27.115+0100] {processor.py:840} INFO - DAG(s) 'latest_only_with_trigger' retrieved from /home/ubuntu/.local/lib/python3.10/site-packages/airflow/example_dags/example_latest_only_with_trigger.py
[2024-02-08T02:05:27.240+0100] {logging_mixin.py:188} INFO - [2024-02-08T02:05:27.240+0100] {dag.py:3033} INFO - Sync 1 DAGs
[2024-02-08T02:05:27.341+0100] {logging_mixin.py:188} INFO - [2024-02-08T02:05:27.341+0100] {dag.py:3820} INFO - Setting next_dagrun for latest_only_with_trigger to 2024-02-07T20:00:00+00:00, run_after=2024-02-08T00:00:00+00:00
[2024-02-08T02:05:27.506+0100] {processor.py:183} INFO - Processing /home/ubuntu/.local/lib/python3.10/site-packages/airflow/example_dags/example_latest_only_with_trigger.py took 0.517 seconds
[2024-02-08T02:08:55.663+0100] {processor.py:161} INFO - Started process (PID=60396) to work on /home/ubuntu/.local/lib/python3.10/site-packages/airflow/example_dags/example_latest_only_with_trigger.py
[2024-02-08T02:08:55.682+0100] {processor.py:830} INFO - Processing file /home/ubuntu/.local/lib/python3.10/site-packages/airflow/example_dags/example_latest_only_with_trigger.py for tasks to queue
[2024-02-08T02:08:55.683+0100] {logging_mixin.py:188} INFO - [2024-02-08T02:08:55.683+0100] {dagbag.py:538} INFO - Filling up the DagBag from /home/ubuntu/.local/lib/python3.10/site-packages/airflow/example_dags/example_latest_only_with_trigger.py
[2024-02-08T02:08:55.733+0100] {processor.py:840} INFO - DAG(s) 'latest_only_with_trigger' retrieved from /home/ubuntu/.local/lib/python3.10/site-packages/airflow/example_dags/example_latest_only_with_trigger.py
[2024-02-08T02:08:55.847+0100] {logging_mixin.py:188} INFO - [2024-02-08T02:08:55.847+0100] {dag.py:3033} INFO - Sync 1 DAGs
[2024-02-08T02:08:56.026+0100] {logging_mixin.py:188} INFO - [2024-02-08T02:08:56.023+0100] {dag.py:3820} INFO - Setting next_dagrun for latest_only_with_trigger to 2024-02-07T20:00:00+00:00, run_after=2024-02-08T00:00:00+00:00
[2024-02-08T02:08:56.551+0100] {processor.py:183} INFO - Processing /home/ubuntu/.local/lib/python3.10/site-packages/airflow/example_dags/example_latest_only_with_trigger.py took 0.908 seconds
[2024-02-08T02:10:59.569+0100] {processor.py:161} INFO - Started process (PID=60574) to work on /home/ubuntu/.local/lib/python3.10/site-packages/airflow/example_dags/example_latest_only_with_trigger.py
[2024-02-08T02:10:59.571+0100] {processor.py:830} INFO - Processing file /home/ubuntu/.local/lib/python3.10/site-packages/airflow/example_dags/example_latest_only_with_trigger.py for tasks to queue
[2024-02-08T02:10:59.572+0100] {logging_mixin.py:188} INFO - [2024-02-08T02:10:59.572+0100] {dagbag.py:538} INFO - Filling up the DagBag from /home/ubuntu/.local/lib/python3.10/site-packages/airflow/example_dags/example_latest_only_with_trigger.py
[2024-02-08T02:10:59.582+0100] {processor.py:840} INFO - DAG(s) 'latest_only_with_trigger' retrieved from /home/ubuntu/.local/lib/python3.10/site-packages/airflow/example_dags/example_latest_only_with_trigger.py
[2024-02-08T02:10:59.601+0100] {logging_mixin.py:188} INFO - [2024-02-08T02:10:59.601+0100] {dag.py:3033} INFO - Sync 1 DAGs
[2024-02-08T02:10:59.623+0100] {logging_mixin.py:188} INFO - [2024-02-08T02:10:59.623+0100] {dag.py:3820} INFO - Setting next_dagrun for latest_only_with_trigger to 2024-02-07T20:00:00+00:00, run_after=2024-02-08T00:00:00+00:00
[2024-02-08T02:10:59.656+0100] {processor.py:183} INFO - Processing /home/ubuntu/.local/lib/python3.10/site-packages/airflow/example_dags/example_latest_only_with_trigger.py took 0.090 seconds
[2024-02-08T02:12:28.107+0100] {processor.py:161} INFO - Started process (PID=60863) to work on /home/ubuntu/.local/lib/python3.10/site-packages/airflow/example_dags/example_latest_only_with_trigger.py
[2024-02-08T02:12:28.136+0100] {processor.py:830} INFO - Processing file /home/ubuntu/.local/lib/python3.10/site-packages/airflow/example_dags/example_latest_only_with_trigger.py for tasks to queue
[2024-02-08T02:12:28.171+0100] {logging_mixin.py:188} INFO - [2024-02-08T02:12:28.137+0100] {dagbag.py:538} INFO - Filling up the DagBag from /home/ubuntu/.local/lib/python3.10/site-packages/airflow/example_dags/example_latest_only_with_trigger.py
[2024-02-08T02:12:28.213+0100] {processor.py:840} INFO - DAG(s) 'latest_only_with_trigger' retrieved from /home/ubuntu/.local/lib/python3.10/site-packages/airflow/example_dags/example_latest_only_with_trigger.py
[2024-02-08T02:12:28.334+0100] {logging_mixin.py:188} INFO - [2024-02-08T02:12:28.333+0100] {dag.py:3033} INFO - Sync 1 DAGs
[2024-02-08T02:12:28.439+0100] {logging_mixin.py:188} INFO - [2024-02-08T02:12:28.434+0100] {dag.py:3820} INFO - Setting next_dagrun for latest_only_with_trigger to 2024-02-07T20:00:00+00:00, run_after=2024-02-08T00:00:00+00:00
[2024-02-08T02:12:28.595+0100] {processor.py:183} INFO - Processing /home/ubuntu/.local/lib/python3.10/site-packages/airflow/example_dags/example_latest_only_with_trigger.py took 0.509 seconds
[2024-02-08T02:13:42.168+0100] {processor.py:161} INFO - Started process (PID=61042) to work on /home/ubuntu/.local/lib/python3.10/site-packages/airflow/example_dags/example_latest_only_with_trigger.py
[2024-02-08T02:13:42.171+0100] {processor.py:830} INFO - Processing file /home/ubuntu/.local/lib/python3.10/site-packages/airflow/example_dags/example_latest_only_with_trigger.py for tasks to queue
[2024-02-08T02:13:42.172+0100] {logging_mixin.py:188} INFO - [2024-02-08T02:13:42.171+0100] {dagbag.py:538} INFO - Filling up the DagBag from /home/ubuntu/.local/lib/python3.10/site-packages/airflow/example_dags/example_latest_only_with_trigger.py
[2024-02-08T02:13:42.179+0100] {processor.py:840} INFO - DAG(s) 'latest_only_with_trigger' retrieved from /home/ubuntu/.local/lib/python3.10/site-packages/airflow/example_dags/example_latest_only_with_trigger.py
[2024-02-08T02:13:42.222+0100] {logging_mixin.py:188} INFO - [2024-02-08T02:13:42.221+0100] {dag.py:3033} INFO - Sync 1 DAGs
[2024-02-08T02:13:42.271+0100] {logging_mixin.py:188} INFO - [2024-02-08T02:13:42.270+0100] {dag.py:3820} INFO - Setting next_dagrun for latest_only_with_trigger to 2024-02-07T20:00:00+00:00, run_after=2024-02-08T00:00:00+00:00
[2024-02-08T02:13:42.299+0100] {processor.py:183} INFO - Processing /home/ubuntu/.local/lib/python3.10/site-packages/airflow/example_dags/example_latest_only_with_trigger.py took 0.135 seconds
[2024-02-08T02:14:39.356+0100] {processor.py:161} INFO - Started process (PID=61129) to work on /home/ubuntu/.local/lib/python3.10/site-packages/airflow/example_dags/example_latest_only_with_trigger.py
[2024-02-08T02:14:39.385+0100] {processor.py:830} INFO - Processing file /home/ubuntu/.local/lib/python3.10/site-packages/airflow/example_dags/example_latest_only_with_trigger.py for tasks to queue
[2024-02-08T02:14:39.387+0100] {logging_mixin.py:188} INFO - [2024-02-08T02:14:39.386+0100] {dagbag.py:538} INFO - Filling up the DagBag from /home/ubuntu/.local/lib/python3.10/site-packages/airflow/example_dags/example_latest_only_with_trigger.py
[2024-02-08T02:14:39.429+0100] {processor.py:840} INFO - DAG(s) 'latest_only_with_trigger' retrieved from /home/ubuntu/.local/lib/python3.10/site-packages/airflow/example_dags/example_latest_only_with_trigger.py
[2024-02-08T02:14:39.529+0100] {logging_mixin.py:188} INFO - [2024-02-08T02:14:39.528+0100] {dag.py:3033} INFO - Sync 1 DAGs
[2024-02-08T02:14:39.648+0100] {logging_mixin.py:188} INFO - [2024-02-08T02:14:39.648+0100] {dag.py:3820} INFO - Setting next_dagrun for latest_only_with_trigger to 2024-02-07T20:00:00+00:00, run_after=2024-02-08T00:00:00+00:00
[2024-02-08T02:14:39.960+0100] {processor.py:183} INFO - Processing /home/ubuntu/.local/lib/python3.10/site-packages/airflow/example_dags/example_latest_only_with_trigger.py took 0.621 seconds
[2024-02-08T02:15:37.472+0100] {processor.py:161} INFO - Started process (PID=61242) to work on /home/ubuntu/.local/lib/python3.10/site-packages/airflow/example_dags/example_latest_only_with_trigger.py
[2024-02-08T02:15:37.494+0100] {processor.py:830} INFO - Processing file /home/ubuntu/.local/lib/python3.10/site-packages/airflow/example_dags/example_latest_only_with_trigger.py for tasks to queue
[2024-02-08T02:15:37.502+0100] {logging_mixin.py:188} INFO - [2024-02-08T02:15:37.494+0100] {dagbag.py:538} INFO - Filling up the DagBag from /home/ubuntu/.local/lib/python3.10/site-packages/airflow/example_dags/example_latest_only_with_trigger.py
[2024-02-08T02:15:37.535+0100] {processor.py:840} INFO - DAG(s) 'latest_only_with_trigger' retrieved from /home/ubuntu/.local/lib/python3.10/site-packages/airflow/example_dags/example_latest_only_with_trigger.py
[2024-02-08T02:15:37.611+0100] {logging_mixin.py:188} INFO - [2024-02-08T02:15:37.611+0100] {dag.py:3033} INFO - Sync 1 DAGs
[2024-02-08T02:15:37.644+0100] {logging_mixin.py:188} INFO - [2024-02-08T02:15:37.643+0100] {dag.py:3820} INFO - Setting next_dagrun for latest_only_with_trigger to 2024-02-07T20:00:00+00:00, run_after=2024-02-08T00:00:00+00:00
[2024-02-08T02:15:37.672+0100] {processor.py:183} INFO - Processing /home/ubuntu/.local/lib/python3.10/site-packages/airflow/example_dags/example_latest_only_with_trigger.py took 0.216 seconds
[2024-02-08T02:16:31.226+0100] {processor.py:161} INFO - Started process (PID=61314) to work on /home/ubuntu/.local/lib/python3.10/site-packages/airflow/example_dags/example_latest_only_with_trigger.py
[2024-02-08T02:16:31.229+0100] {processor.py:830} INFO - Processing file /home/ubuntu/.local/lib/python3.10/site-packages/airflow/example_dags/example_latest_only_with_trigger.py for tasks to queue
[2024-02-08T02:16:31.230+0100] {logging_mixin.py:188} INFO - [2024-02-08T02:16:31.230+0100] {dagbag.py:538} INFO - Filling up the DagBag from /home/ubuntu/.local/lib/python3.10/site-packages/airflow/example_dags/example_latest_only_with_trigger.py
[2024-02-08T02:16:31.241+0100] {processor.py:840} INFO - DAG(s) 'latest_only_with_trigger' retrieved from /home/ubuntu/.local/lib/python3.10/site-packages/airflow/example_dags/example_latest_only_with_trigger.py
[2024-02-08T02:16:31.259+0100] {logging_mixin.py:188} INFO - [2024-02-08T02:16:31.259+0100] {dag.py:3033} INFO - Sync 1 DAGs
[2024-02-08T02:16:31.283+0100] {logging_mixin.py:188} INFO - [2024-02-08T02:16:31.282+0100] {dag.py:3820} INFO - Setting next_dagrun for latest_only_with_trigger to 2024-02-07T20:00:00+00:00, run_after=2024-02-08T00:00:00+00:00
[2024-02-08T02:16:31.313+0100] {processor.py:183} INFO - Processing /home/ubuntu/.local/lib/python3.10/site-packages/airflow/example_dags/example_latest_only_with_trigger.py took 0.093 seconds
