[2024-02-08T01:02:14.676+0100] {processor.py:161} INFO - Started process (PID=50618) to work on /home/ubuntu/.local/lib/python3.10/site-packages/airflow/example_dags/example_branch_python_dop_operator_3.py
[2024-02-08T01:02:14.680+0100] {processor.py:830} INFO - Processing file /home/ubuntu/.local/lib/python3.10/site-packages/airflow/example_dags/example_branch_python_dop_operator_3.py for tasks to queue
[2024-02-08T01:02:14.686+0100] {logging_mixin.py:188} INFO - [2024-02-08T01:02:14.686+0100] {dagbag.py:538} INFO - Filling up the DagBag from /home/ubuntu/.local/lib/python3.10/site-packages/airflow/example_dags/example_branch_python_dop_operator_3.py
[2024-02-08T01:02:14.800+0100] {processor.py:840} INFO - DAG(s) 'example_branch_dop_operator_v3' retrieved from /home/ubuntu/.local/lib/python3.10/site-packages/airflow/example_dags/example_branch_python_dop_operator_3.py
[2024-02-08T01:02:15.381+0100] {logging_mixin.py:188} INFO - [2024-02-08T01:02:15.380+0100] {dag.py:3033} INFO - Sync 1 DAGs
[2024-02-08T01:02:15.524+0100] {logging_mixin.py:188} INFO - [2024-02-08T01:02:15.523+0100] {dag.py:3820} INFO - Setting next_dagrun for example_branch_dop_operator_v3 to 2024-02-08T00:01:00+00:00, run_after=2024-02-08T00:02:00+00:00
[2024-02-08T01:02:15.823+0100] {processor.py:183} INFO - Processing /home/ubuntu/.local/lib/python3.10/site-packages/airflow/example_dags/example_branch_python_dop_operator_3.py took 1.199 seconds
[2024-02-08T01:04:11.354+0100] {processor.py:161} INFO - Started process (PID=50869) to work on /home/ubuntu/.local/lib/python3.10/site-packages/airflow/example_dags/example_branch_python_dop_operator_3.py
[2024-02-08T01:04:11.383+0100] {processor.py:830} INFO - Processing file /home/ubuntu/.local/lib/python3.10/site-packages/airflow/example_dags/example_branch_python_dop_operator_3.py for tasks to queue
[2024-02-08T01:04:11.384+0100] {logging_mixin.py:188} INFO - [2024-02-08T01:04:11.384+0100] {dagbag.py:538} INFO - Filling up the DagBag from /home/ubuntu/.local/lib/python3.10/site-packages/airflow/example_dags/example_branch_python_dop_operator_3.py
[2024-02-08T01:04:11.434+0100] {processor.py:840} INFO - DAG(s) 'example_branch_dop_operator_v3' retrieved from /home/ubuntu/.local/lib/python3.10/site-packages/airflow/example_dags/example_branch_python_dop_operator_3.py
[2024-02-08T01:04:11.492+0100] {logging_mixin.py:188} INFO - [2024-02-08T01:04:11.492+0100] {dag.py:3033} INFO - Sync 1 DAGs
[2024-02-08T01:04:11.601+0100] {logging_mixin.py:188} INFO - [2024-02-08T01:04:11.601+0100] {dag.py:3820} INFO - Setting next_dagrun for example_branch_dop_operator_v3 to 2024-02-08T00:03:00+00:00, run_after=2024-02-08T00:04:00+00:00
[2024-02-08T01:04:11.829+0100] {processor.py:183} INFO - Processing /home/ubuntu/.local/lib/python3.10/site-packages/airflow/example_dags/example_branch_python_dop_operator_3.py took 0.481 seconds
[2024-02-08T01:05:56.190+0100] {processor.py:161} INFO - Started process (PID=51100) to work on /home/ubuntu/.local/lib/python3.10/site-packages/airflow/example_dags/example_branch_python_dop_operator_3.py
[2024-02-08T01:05:56.192+0100] {processor.py:830} INFO - Processing file /home/ubuntu/.local/lib/python3.10/site-packages/airflow/example_dags/example_branch_python_dop_operator_3.py for tasks to queue
[2024-02-08T01:05:56.194+0100] {logging_mixin.py:188} INFO - [2024-02-08T01:05:56.193+0100] {dagbag.py:538} INFO - Filling up the DagBag from /home/ubuntu/.local/lib/python3.10/site-packages/airflow/example_dags/example_branch_python_dop_operator_3.py
[2024-02-08T01:05:56.208+0100] {processor.py:840} INFO - DAG(s) 'example_branch_dop_operator_v3' retrieved from /home/ubuntu/.local/lib/python3.10/site-packages/airflow/example_dags/example_branch_python_dop_operator_3.py
[2024-02-08T01:05:56.235+0100] {logging_mixin.py:188} INFO - [2024-02-08T01:05:56.234+0100] {dag.py:3033} INFO - Sync 1 DAGs
[2024-02-08T01:05:56.281+0100] {logging_mixin.py:188} INFO - [2024-02-08T01:05:56.281+0100] {dag.py:3820} INFO - Setting next_dagrun for example_branch_dop_operator_v3 to 2024-02-08T00:04:00+00:00, run_after=2024-02-08T00:05:00+00:00
[2024-02-08T01:05:56.330+0100] {processor.py:183} INFO - Processing /home/ubuntu/.local/lib/python3.10/site-packages/airflow/example_dags/example_branch_python_dop_operator_3.py took 0.145 seconds
[2024-02-08T01:07:11.861+0100] {processor.py:161} INFO - Started process (PID=51535) to work on /home/ubuntu/.local/lib/python3.10/site-packages/airflow/example_dags/example_branch_python_dop_operator_3.py
[2024-02-08T01:07:11.883+0100] {processor.py:830} INFO - Processing file /home/ubuntu/.local/lib/python3.10/site-packages/airflow/example_dags/example_branch_python_dop_operator_3.py for tasks to queue
[2024-02-08T01:07:11.888+0100] {logging_mixin.py:188} INFO - [2024-02-08T01:07:11.886+0100] {dagbag.py:538} INFO - Filling up the DagBag from /home/ubuntu/.local/lib/python3.10/site-packages/airflow/example_dags/example_branch_python_dop_operator_3.py
[2024-02-08T01:07:11.922+0100] {processor.py:840} INFO - DAG(s) 'example_branch_dop_operator_v3' retrieved from /home/ubuntu/.local/lib/python3.10/site-packages/airflow/example_dags/example_branch_python_dop_operator_3.py
[2024-02-08T01:07:12.007+0100] {logging_mixin.py:188} INFO - [2024-02-08T01:07:12.004+0100] {dag.py:3033} INFO - Sync 1 DAGs
[2024-02-08T01:07:12.061+0100] {logging_mixin.py:188} INFO - [2024-02-08T01:07:12.057+0100] {dag.py:3820} INFO - Setting next_dagrun for example_branch_dop_operator_v3 to 2024-02-08T00:06:00+00:00, run_after=2024-02-08T00:07:00+00:00
[2024-02-08T01:07:12.391+0100] {processor.py:183} INFO - Processing /home/ubuntu/.local/lib/python3.10/site-packages/airflow/example_dags/example_branch_python_dop_operator_3.py took 0.557 seconds
[2024-02-08T01:08:34.202+0100] {processor.py:161} INFO - Started process (PID=51866) to work on /home/ubuntu/.local/lib/python3.10/site-packages/airflow/example_dags/example_branch_python_dop_operator_3.py
[2024-02-08T01:08:34.206+0100] {processor.py:830} INFO - Processing file /home/ubuntu/.local/lib/python3.10/site-packages/airflow/example_dags/example_branch_python_dop_operator_3.py for tasks to queue
[2024-02-08T01:08:34.209+0100] {logging_mixin.py:188} INFO - [2024-02-08T01:08:34.208+0100] {dagbag.py:538} INFO - Filling up the DagBag from /home/ubuntu/.local/lib/python3.10/site-packages/airflow/example_dags/example_branch_python_dop_operator_3.py
[2024-02-08T01:08:34.244+0100] {processor.py:840} INFO - DAG(s) 'example_branch_dop_operator_v3' retrieved from /home/ubuntu/.local/lib/python3.10/site-packages/airflow/example_dags/example_branch_python_dop_operator_3.py
[2024-02-08T01:08:34.286+0100] {logging_mixin.py:188} INFO - [2024-02-08T01:08:34.284+0100] {dag.py:3033} INFO - Sync 1 DAGs
[2024-02-08T01:08:34.517+0100] {logging_mixin.py:188} INFO - [2024-02-08T01:08:34.517+0100] {dag.py:3820} INFO - Setting next_dagrun for example_branch_dop_operator_v3 to 2024-02-08T00:07:00+00:00, run_after=2024-02-08T00:08:00+00:00
[2024-02-08T01:08:34.822+0100] {processor.py:183} INFO - Processing /home/ubuntu/.local/lib/python3.10/site-packages/airflow/example_dags/example_branch_python_dop_operator_3.py took 0.630 seconds
[2024-02-08T01:10:12.300+0100] {processor.py:161} INFO - Started process (PID=52241) to work on /home/ubuntu/.local/lib/python3.10/site-packages/airflow/example_dags/example_branch_python_dop_operator_3.py
[2024-02-08T01:10:12.303+0100] {processor.py:830} INFO - Processing file /home/ubuntu/.local/lib/python3.10/site-packages/airflow/example_dags/example_branch_python_dop_operator_3.py for tasks to queue
[2024-02-08T01:10:12.305+0100] {logging_mixin.py:188} INFO - [2024-02-08T01:10:12.304+0100] {dagbag.py:538} INFO - Filling up the DagBag from /home/ubuntu/.local/lib/python3.10/site-packages/airflow/example_dags/example_branch_python_dop_operator_3.py
[2024-02-08T01:10:12.329+0100] {processor.py:840} INFO - DAG(s) 'example_branch_dop_operator_v3' retrieved from /home/ubuntu/.local/lib/python3.10/site-packages/airflow/example_dags/example_branch_python_dop_operator_3.py
[2024-02-08T01:10:12.375+0100] {logging_mixin.py:188} INFO - [2024-02-08T01:10:12.375+0100] {dag.py:3033} INFO - Sync 1 DAGs
[2024-02-08T01:10:12.410+0100] {logging_mixin.py:188} INFO - [2024-02-08T01:10:12.410+0100] {dag.py:3820} INFO - Setting next_dagrun for example_branch_dop_operator_v3 to 2024-02-08T00:09:00+00:00, run_after=2024-02-08T00:10:00+00:00
[2024-02-08T01:10:12.447+0100] {processor.py:183} INFO - Processing /home/ubuntu/.local/lib/python3.10/site-packages/airflow/example_dags/example_branch_python_dop_operator_3.py took 0.153 seconds
[2024-02-08T01:11:27.983+0100] {processor.py:161} INFO - Started process (PID=52466) to work on /home/ubuntu/.local/lib/python3.10/site-packages/airflow/example_dags/example_branch_python_dop_operator_3.py
[2024-02-08T01:11:27.990+0100] {processor.py:830} INFO - Processing file /home/ubuntu/.local/lib/python3.10/site-packages/airflow/example_dags/example_branch_python_dop_operator_3.py for tasks to queue
[2024-02-08T01:11:27.992+0100] {logging_mixin.py:188} INFO - [2024-02-08T01:11:27.991+0100] {dagbag.py:538} INFO - Filling up the DagBag from /home/ubuntu/.local/lib/python3.10/site-packages/airflow/example_dags/example_branch_python_dop_operator_3.py
[2024-02-08T01:11:28.021+0100] {processor.py:840} INFO - DAG(s) 'example_branch_dop_operator_v3' retrieved from /home/ubuntu/.local/lib/python3.10/site-packages/airflow/example_dags/example_branch_python_dop_operator_3.py
[2024-02-08T01:11:28.104+0100] {logging_mixin.py:188} INFO - [2024-02-08T01:11:28.100+0100] {dag.py:3033} INFO - Sync 1 DAGs
[2024-02-08T01:11:28.170+0100] {logging_mixin.py:188} INFO - [2024-02-08T01:11:28.167+0100] {dag.py:3820} INFO - Setting next_dagrun for example_branch_dop_operator_v3 to 2024-02-08T00:10:00+00:00, run_after=2024-02-08T00:11:00+00:00
[2024-02-08T01:11:28.527+0100] {processor.py:183} INFO - Processing /home/ubuntu/.local/lib/python3.10/site-packages/airflow/example_dags/example_branch_python_dop_operator_3.py took 0.550 seconds
[2024-02-08T01:12:58.937+0100] {processor.py:161} INFO - Started process (PID=52863) to work on /home/ubuntu/.local/lib/python3.10/site-packages/airflow/example_dags/example_branch_python_dop_operator_3.py
[2024-02-08T01:12:59.072+0100] {processor.py:830} INFO - Processing file /home/ubuntu/.local/lib/python3.10/site-packages/airflow/example_dags/example_branch_python_dop_operator_3.py for tasks to queue
[2024-02-08T01:12:59.082+0100] {logging_mixin.py:188} INFO - [2024-02-08T01:12:59.073+0100] {dagbag.py:538} INFO - Filling up the DagBag from /home/ubuntu/.local/lib/python3.10/site-packages/airflow/example_dags/example_branch_python_dop_operator_3.py
[2024-02-08T01:12:59.294+0100] {processor.py:840} INFO - DAG(s) 'example_branch_dop_operator_v3' retrieved from /home/ubuntu/.local/lib/python3.10/site-packages/airflow/example_dags/example_branch_python_dop_operator_3.py
[2024-02-08T01:13:00.773+0100] {logging_mixin.py:188} INFO - [2024-02-08T01:13:00.773+0100] {dag.py:3033} INFO - Sync 1 DAGs
[2024-02-08T01:13:01.014+0100] {logging_mixin.py:188} INFO - [2024-02-08T01:13:01.009+0100] {dag.py:3820} INFO - Setting next_dagrun for example_branch_dop_operator_v3 to 2024-02-08T00:12:00+00:00, run_after=2024-02-08T00:13:00+00:00
[2024-02-08T01:13:01.336+0100] {processor.py:183} INFO - Processing /home/ubuntu/.local/lib/python3.10/site-packages/airflow/example_dags/example_branch_python_dop_operator_3.py took 2.432 seconds
[2024-02-08T01:15:00.803+0100] {processor.py:161} INFO - Started process (PID=53261) to work on /home/ubuntu/.local/lib/python3.10/site-packages/airflow/example_dags/example_branch_python_dop_operator_3.py
[2024-02-08T01:15:00.819+0100] {processor.py:830} INFO - Processing file /home/ubuntu/.local/lib/python3.10/site-packages/airflow/example_dags/example_branch_python_dop_operator_3.py for tasks to queue
[2024-02-08T01:15:00.833+0100] {logging_mixin.py:188} INFO - [2024-02-08T01:15:00.823+0100] {dagbag.py:538} INFO - Filling up the DagBag from /home/ubuntu/.local/lib/python3.10/site-packages/airflow/example_dags/example_branch_python_dop_operator_3.py
[2024-02-08T01:15:00.937+0100] {processor.py:840} INFO - DAG(s) 'example_branch_dop_operator_v3' retrieved from /home/ubuntu/.local/lib/python3.10/site-packages/airflow/example_dags/example_branch_python_dop_operator_3.py
[2024-02-08T01:15:00.997+0100] {logging_mixin.py:188} INFO - [2024-02-08T01:15:00.994+0100] {dag.py:3033} INFO - Sync 1 DAGs
[2024-02-08T01:15:01.194+0100] {logging_mixin.py:188} INFO - [2024-02-08T01:15:01.193+0100] {dag.py:3820} INFO - Setting next_dagrun for example_branch_dop_operator_v3 to 2024-02-08T00:14:00+00:00, run_after=2024-02-08T00:15:00+00:00
[2024-02-08T01:15:01.408+0100] {processor.py:183} INFO - Processing /home/ubuntu/.local/lib/python3.10/site-packages/airflow/example_dags/example_branch_python_dop_operator_3.py took 0.629 seconds
[2024-02-08T01:17:03.188+0100] {processor.py:161} INFO - Started process (PID=53835) to work on /home/ubuntu/.local/lib/python3.10/site-packages/airflow/example_dags/example_branch_python_dop_operator_3.py
[2024-02-08T01:17:03.191+0100] {processor.py:830} INFO - Processing file /home/ubuntu/.local/lib/python3.10/site-packages/airflow/example_dags/example_branch_python_dop_operator_3.py for tasks to queue
[2024-02-08T01:17:03.213+0100] {logging_mixin.py:188} INFO - [2024-02-08T01:17:03.207+0100] {dagbag.py:538} INFO - Filling up the DagBag from /home/ubuntu/.local/lib/python3.10/site-packages/airflow/example_dags/example_branch_python_dop_operator_3.py
[2024-02-08T01:17:03.263+0100] {processor.py:840} INFO - DAG(s) 'example_branch_dop_operator_v3' retrieved from /home/ubuntu/.local/lib/python3.10/site-packages/airflow/example_dags/example_branch_python_dop_operator_3.py
[2024-02-08T01:17:03.406+0100] {logging_mixin.py:188} INFO - [2024-02-08T01:17:03.405+0100] {dag.py:3033} INFO - Sync 1 DAGs
[2024-02-08T01:17:03.514+0100] {logging_mixin.py:188} INFO - [2024-02-08T01:17:03.514+0100] {dag.py:3820} INFO - Setting next_dagrun for example_branch_dop_operator_v3 to 2024-02-08T00:16:00+00:00, run_after=2024-02-08T00:17:00+00:00
[2024-02-08T01:17:03.579+0100] {processor.py:183} INFO - Processing /home/ubuntu/.local/lib/python3.10/site-packages/airflow/example_dags/example_branch_python_dop_operator_3.py took 0.400 seconds
[2024-02-08T01:18:31.284+0100] {processor.py:161} INFO - Started process (PID=54232) to work on /home/ubuntu/.local/lib/python3.10/site-packages/airflow/example_dags/example_branch_python_dop_operator_3.py
[2024-02-08T01:18:31.354+0100] {processor.py:830} INFO - Processing file /home/ubuntu/.local/lib/python3.10/site-packages/airflow/example_dags/example_branch_python_dop_operator_3.py for tasks to queue
[2024-02-08T01:18:31.356+0100] {logging_mixin.py:188} INFO - [2024-02-08T01:18:31.355+0100] {dagbag.py:538} INFO - Filling up the DagBag from /home/ubuntu/.local/lib/python3.10/site-packages/airflow/example_dags/example_branch_python_dop_operator_3.py
[2024-02-08T01:18:31.476+0100] {processor.py:840} INFO - DAG(s) 'example_branch_dop_operator_v3' retrieved from /home/ubuntu/.local/lib/python3.10/site-packages/airflow/example_dags/example_branch_python_dop_operator_3.py
[2024-02-08T01:18:31.991+0100] {logging_mixin.py:188} INFO - [2024-02-08T01:18:31.991+0100] {dag.py:3033} INFO - Sync 1 DAGs
[2024-02-08T01:18:32.379+0100] {logging_mixin.py:188} INFO - [2024-02-08T01:18:32.354+0100] {dag.py:3820} INFO - Setting next_dagrun for example_branch_dop_operator_v3 to 2024-02-08T00:17:00+00:00, run_after=2024-02-08T00:18:00+00:00
[2024-02-08T01:18:34.186+0100] {processor.py:183} INFO - Processing /home/ubuntu/.local/lib/python3.10/site-packages/airflow/example_dags/example_branch_python_dop_operator_3.py took 3.060 seconds
[2024-02-08T01:19:42.568+0100] {processor.py:161} INFO - Started process (PID=54387) to work on /home/ubuntu/.local/lib/python3.10/site-packages/airflow/example_dags/example_branch_python_dop_operator_3.py
[2024-02-08T01:19:42.588+0100] {processor.py:830} INFO - Processing file /home/ubuntu/.local/lib/python3.10/site-packages/airflow/example_dags/example_branch_python_dop_operator_3.py for tasks to queue
[2024-02-08T01:19:42.596+0100] {logging_mixin.py:188} INFO - [2024-02-08T01:19:42.596+0100] {dagbag.py:538} INFO - Filling up the DagBag from /home/ubuntu/.local/lib/python3.10/site-packages/airflow/example_dags/example_branch_python_dop_operator_3.py
[2024-02-08T01:19:42.661+0100] {processor.py:840} INFO - DAG(s) 'example_branch_dop_operator_v3' retrieved from /home/ubuntu/.local/lib/python3.10/site-packages/airflow/example_dags/example_branch_python_dop_operator_3.py
[2024-02-08T01:19:42.706+0100] {logging_mixin.py:188} INFO - [2024-02-08T01:19:42.706+0100] {dag.py:3033} INFO - Sync 1 DAGs
[2024-02-08T01:19:42.777+0100] {logging_mixin.py:188} INFO - [2024-02-08T01:19:42.776+0100] {dag.py:3820} INFO - Setting next_dagrun for example_branch_dop_operator_v3 to 2024-02-08T00:18:00+00:00, run_after=2024-02-08T00:19:00+00:00
[2024-02-08T01:19:43.255+0100] {processor.py:183} INFO - Processing /home/ubuntu/.local/lib/python3.10/site-packages/airflow/example_dags/example_branch_python_dop_operator_3.py took 0.733 seconds
[2024-02-08T01:21:29.510+0100] {processor.py:161} INFO - Started process (PID=54621) to work on /home/ubuntu/.local/lib/python3.10/site-packages/airflow/example_dags/example_branch_python_dop_operator_3.py
[2024-02-08T01:21:29.514+0100] {processor.py:830} INFO - Processing file /home/ubuntu/.local/lib/python3.10/site-packages/airflow/example_dags/example_branch_python_dop_operator_3.py for tasks to queue
[2024-02-08T01:21:29.517+0100] {logging_mixin.py:188} INFO - [2024-02-08T01:21:29.515+0100] {dagbag.py:538} INFO - Filling up the DagBag from /home/ubuntu/.local/lib/python3.10/site-packages/airflow/example_dags/example_branch_python_dop_operator_3.py
[2024-02-08T01:21:29.543+0100] {processor.py:840} INFO - DAG(s) 'example_branch_dop_operator_v3' retrieved from /home/ubuntu/.local/lib/python3.10/site-packages/airflow/example_dags/example_branch_python_dop_operator_3.py
[2024-02-08T01:21:29.579+0100] {logging_mixin.py:188} INFO - [2024-02-08T01:21:29.579+0100] {dag.py:3033} INFO - Sync 1 DAGs
[2024-02-08T01:21:29.651+0100] {logging_mixin.py:188} INFO - [2024-02-08T01:21:29.650+0100] {dag.py:3820} INFO - Setting next_dagrun for example_branch_dop_operator_v3 to 2024-02-08T00:20:00+00:00, run_after=2024-02-08T00:21:00+00:00
[2024-02-08T01:21:29.717+0100] {processor.py:183} INFO - Processing /home/ubuntu/.local/lib/python3.10/site-packages/airflow/example_dags/example_branch_python_dop_operator_3.py took 0.215 seconds
[2024-02-08T01:23:06.587+0100] {processor.py:161} INFO - Started process (PID=54892) to work on /home/ubuntu/.local/lib/python3.10/site-packages/airflow/example_dags/example_branch_python_dop_operator_3.py
[2024-02-08T01:23:06.592+0100] {processor.py:830} INFO - Processing file /home/ubuntu/.local/lib/python3.10/site-packages/airflow/example_dags/example_branch_python_dop_operator_3.py for tasks to queue
[2024-02-08T01:23:06.605+0100] {logging_mixin.py:188} INFO - [2024-02-08T01:23:06.604+0100] {dagbag.py:538} INFO - Filling up the DagBag from /home/ubuntu/.local/lib/python3.10/site-packages/airflow/example_dags/example_branch_python_dop_operator_3.py
[2024-02-08T01:23:06.680+0100] {processor.py:840} INFO - DAG(s) 'example_branch_dop_operator_v3' retrieved from /home/ubuntu/.local/lib/python3.10/site-packages/airflow/example_dags/example_branch_python_dop_operator_3.py
[2024-02-08T01:23:06.791+0100] {logging_mixin.py:188} INFO - [2024-02-08T01:23:06.784+0100] {dag.py:3033} INFO - Sync 1 DAGs
[2024-02-08T01:23:06.939+0100] {logging_mixin.py:188} INFO - [2024-02-08T01:23:06.938+0100] {dag.py:3820} INFO - Setting next_dagrun for example_branch_dop_operator_v3 to 2024-02-08T00:22:00+00:00, run_after=2024-02-08T00:23:00+00:00
[2024-02-08T01:23:07.148+0100] {processor.py:183} INFO - Processing /home/ubuntu/.local/lib/python3.10/site-packages/airflow/example_dags/example_branch_python_dop_operator_3.py took 0.580 seconds
[2024-02-08T01:24:16.451+0100] {processor.py:161} INFO - Started process (PID=55020) to work on /home/ubuntu/.local/lib/python3.10/site-packages/airflow/example_dags/example_branch_python_dop_operator_3.py
[2024-02-08T01:24:16.454+0100] {processor.py:830} INFO - Processing file /home/ubuntu/.local/lib/python3.10/site-packages/airflow/example_dags/example_branch_python_dop_operator_3.py for tasks to queue
[2024-02-08T01:24:16.457+0100] {logging_mixin.py:188} INFO - [2024-02-08T01:24:16.456+0100] {dagbag.py:538} INFO - Filling up the DagBag from /home/ubuntu/.local/lib/python3.10/site-packages/airflow/example_dags/example_branch_python_dop_operator_3.py
[2024-02-08T01:24:16.473+0100] {processor.py:840} INFO - DAG(s) 'example_branch_dop_operator_v3' retrieved from /home/ubuntu/.local/lib/python3.10/site-packages/airflow/example_dags/example_branch_python_dop_operator_3.py
[2024-02-08T01:24:16.496+0100] {logging_mixin.py:188} INFO - [2024-02-08T01:24:16.495+0100] {dag.py:3033} INFO - Sync 1 DAGs
[2024-02-08T01:24:16.525+0100] {logging_mixin.py:188} INFO - [2024-02-08T01:24:16.525+0100] {dag.py:3820} INFO - Setting next_dagrun for example_branch_dop_operator_v3 to 2024-02-08T00:23:00+00:00, run_after=2024-02-08T00:24:00+00:00
[2024-02-08T01:24:16.558+0100] {processor.py:183} INFO - Processing /home/ubuntu/.local/lib/python3.10/site-packages/airflow/example_dags/example_branch_python_dop_operator_3.py took 0.115 seconds
[2024-02-08T01:25:46.889+0100] {processor.py:161} INFO - Started process (PID=55172) to work on /home/ubuntu/.local/lib/python3.10/site-packages/airflow/example_dags/example_branch_python_dop_operator_3.py
[2024-02-08T01:25:46.913+0100] {processor.py:830} INFO - Processing file /home/ubuntu/.local/lib/python3.10/site-packages/airflow/example_dags/example_branch_python_dop_operator_3.py for tasks to queue
[2024-02-08T01:25:46.920+0100] {logging_mixin.py:188} INFO - [2024-02-08T01:25:46.919+0100] {dagbag.py:538} INFO - Filling up the DagBag from /home/ubuntu/.local/lib/python3.10/site-packages/airflow/example_dags/example_branch_python_dop_operator_3.py
[2024-02-08T01:25:47.068+0100] {processor.py:840} INFO - DAG(s) 'example_branch_dop_operator_v3' retrieved from /home/ubuntu/.local/lib/python3.10/site-packages/airflow/example_dags/example_branch_python_dop_operator_3.py
[2024-02-08T01:25:47.136+0100] {logging_mixin.py:188} INFO - [2024-02-08T01:25:47.135+0100] {dag.py:3033} INFO - Sync 1 DAGs
[2024-02-08T01:25:47.253+0100] {logging_mixin.py:188} INFO - [2024-02-08T01:25:47.253+0100] {dag.py:3820} INFO - Setting next_dagrun for example_branch_dop_operator_v3 to 2024-02-08T00:24:00+00:00, run_after=2024-02-08T00:25:00+00:00
[2024-02-08T01:25:47.465+0100] {processor.py:183} INFO - Processing /home/ubuntu/.local/lib/python3.10/site-packages/airflow/example_dags/example_branch_python_dop_operator_3.py took 0.598 seconds
[2024-02-08T01:27:30.053+0100] {processor.py:161} INFO - Started process (PID=55368) to work on /home/ubuntu/.local/lib/python3.10/site-packages/airflow/example_dags/example_branch_python_dop_operator_3.py
[2024-02-08T01:27:30.092+0100] {processor.py:830} INFO - Processing file /home/ubuntu/.local/lib/python3.10/site-packages/airflow/example_dags/example_branch_python_dop_operator_3.py for tasks to queue
[2024-02-08T01:27:30.097+0100] {logging_mixin.py:188} INFO - [2024-02-08T01:27:30.093+0100] {dagbag.py:538} INFO - Filling up the DagBag from /home/ubuntu/.local/lib/python3.10/site-packages/airflow/example_dags/example_branch_python_dop_operator_3.py
[2024-02-08T01:27:30.189+0100] {processor.py:840} INFO - DAG(s) 'example_branch_dop_operator_v3' retrieved from /home/ubuntu/.local/lib/python3.10/site-packages/airflow/example_dags/example_branch_python_dop_operator_3.py
[2024-02-08T01:27:30.254+0100] {logging_mixin.py:188} INFO - [2024-02-08T01:27:30.254+0100] {dag.py:3033} INFO - Sync 1 DAGs
[2024-02-08T01:27:30.361+0100] {logging_mixin.py:188} INFO - [2024-02-08T01:27:30.361+0100] {dag.py:3820} INFO - Setting next_dagrun for example_branch_dop_operator_v3 to 2024-02-08T00:26:00+00:00, run_after=2024-02-08T00:27:00+00:00
[2024-02-08T01:27:30.445+0100] {processor.py:183} INFO - Processing /home/ubuntu/.local/lib/python3.10/site-packages/airflow/example_dags/example_branch_python_dop_operator_3.py took 0.413 seconds
[2024-02-08T01:29:02.624+0100] {processor.py:161} INFO - Started process (PID=55537) to work on /home/ubuntu/.local/lib/python3.10/site-packages/airflow/example_dags/example_branch_python_dop_operator_3.py
[2024-02-08T01:29:02.647+0100] {processor.py:830} INFO - Processing file /home/ubuntu/.local/lib/python3.10/site-packages/airflow/example_dags/example_branch_python_dop_operator_3.py for tasks to queue
[2024-02-08T01:29:02.654+0100] {logging_mixin.py:188} INFO - [2024-02-08T01:29:02.648+0100] {dagbag.py:538} INFO - Filling up the DagBag from /home/ubuntu/.local/lib/python3.10/site-packages/airflow/example_dags/example_branch_python_dop_operator_3.py
[2024-02-08T01:29:02.692+0100] {processor.py:840} INFO - DAG(s) 'example_branch_dop_operator_v3' retrieved from /home/ubuntu/.local/lib/python3.10/site-packages/airflow/example_dags/example_branch_python_dop_operator_3.py
[2024-02-08T01:29:02.741+0100] {logging_mixin.py:188} INFO - [2024-02-08T01:29:02.741+0100] {dag.py:3033} INFO - Sync 1 DAGs
[2024-02-08T01:29:03.084+0100] {logging_mixin.py:188} INFO - [2024-02-08T01:29:03.083+0100] {dag.py:3820} INFO - Setting next_dagrun for example_branch_dop_operator_v3 to 2024-02-08T00:28:00+00:00, run_after=2024-02-08T00:29:00+00:00
[2024-02-08T01:29:03.321+0100] {processor.py:183} INFO - Processing /home/ubuntu/.local/lib/python3.10/site-packages/airflow/example_dags/example_branch_python_dop_operator_3.py took 0.707 seconds
[2024-02-08T01:30:54.580+0100] {processor.py:161} INFO - Started process (PID=55737) to work on /home/ubuntu/.local/lib/python3.10/site-packages/airflow/example_dags/example_branch_python_dop_operator_3.py
[2024-02-08T01:30:54.600+0100] {processor.py:830} INFO - Processing file /home/ubuntu/.local/lib/python3.10/site-packages/airflow/example_dags/example_branch_python_dop_operator_3.py for tasks to queue
[2024-02-08T01:30:54.605+0100] {logging_mixin.py:188} INFO - [2024-02-08T01:30:54.600+0100] {dagbag.py:538} INFO - Filling up the DagBag from /home/ubuntu/.local/lib/python3.10/site-packages/airflow/example_dags/example_branch_python_dop_operator_3.py
[2024-02-08T01:30:54.664+0100] {processor.py:840} INFO - DAG(s) 'example_branch_dop_operator_v3' retrieved from /home/ubuntu/.local/lib/python3.10/site-packages/airflow/example_dags/example_branch_python_dop_operator_3.py
[2024-02-08T01:30:54.755+0100] {logging_mixin.py:188} INFO - [2024-02-08T01:30:54.754+0100] {dag.py:3033} INFO - Sync 1 DAGs
[2024-02-08T01:30:54.946+0100] {logging_mixin.py:188} INFO - [2024-02-08T01:30:54.946+0100] {dag.py:3820} INFO - Setting next_dagrun for example_branch_dop_operator_v3 to 2024-02-08T00:29:00+00:00, run_after=2024-02-08T00:30:00+00:00
[2024-02-08T01:30:55.107+0100] {processor.py:183} INFO - Processing /home/ubuntu/.local/lib/python3.10/site-packages/airflow/example_dags/example_branch_python_dop_operator_3.py took 0.540 seconds
[2024-02-08T01:33:07.970+0100] {processor.py:161} INFO - Started process (PID=55972) to work on /home/ubuntu/.local/lib/python3.10/site-packages/airflow/example_dags/example_branch_python_dop_operator_3.py
[2024-02-08T01:33:07.977+0100] {processor.py:830} INFO - Processing file /home/ubuntu/.local/lib/python3.10/site-packages/airflow/example_dags/example_branch_python_dop_operator_3.py for tasks to queue
[2024-02-08T01:33:07.979+0100] {logging_mixin.py:188} INFO - [2024-02-08T01:33:07.978+0100] {dagbag.py:538} INFO - Filling up the DagBag from /home/ubuntu/.local/lib/python3.10/site-packages/airflow/example_dags/example_branch_python_dop_operator_3.py
[2024-02-08T01:33:08.019+0100] {processor.py:840} INFO - DAG(s) 'example_branch_dop_operator_v3' retrieved from /home/ubuntu/.local/lib/python3.10/site-packages/airflow/example_dags/example_branch_python_dop_operator_3.py
[2024-02-08T01:33:08.094+0100] {logging_mixin.py:188} INFO - [2024-02-08T01:33:08.093+0100] {dag.py:3033} INFO - Sync 1 DAGs
[2024-02-08T01:33:08.195+0100] {logging_mixin.py:188} INFO - [2024-02-08T01:33:08.194+0100] {dag.py:3820} INFO - Setting next_dagrun for example_branch_dop_operator_v3 to 2024-02-08T00:32:00+00:00, run_after=2024-02-08T00:33:00+00:00
[2024-02-08T01:33:08.545+0100] {processor.py:183} INFO - Processing /home/ubuntu/.local/lib/python3.10/site-packages/airflow/example_dags/example_branch_python_dop_operator_3.py took 0.602 seconds
[2024-02-08T01:35:14.369+0100] {processor.py:161} INFO - Started process (PID=56155) to work on /home/ubuntu/.local/lib/python3.10/site-packages/airflow/example_dags/example_branch_python_dop_operator_3.py
[2024-02-08T01:35:14.392+0100] {processor.py:830} INFO - Processing file /home/ubuntu/.local/lib/python3.10/site-packages/airflow/example_dags/example_branch_python_dop_operator_3.py for tasks to queue
[2024-02-08T01:35:14.400+0100] {logging_mixin.py:188} INFO - [2024-02-08T01:35:14.399+0100] {dagbag.py:538} INFO - Filling up the DagBag from /home/ubuntu/.local/lib/python3.10/site-packages/airflow/example_dags/example_branch_python_dop_operator_3.py
[2024-02-08T01:35:14.491+0100] {processor.py:840} INFO - DAG(s) 'example_branch_dop_operator_v3' retrieved from /home/ubuntu/.local/lib/python3.10/site-packages/airflow/example_dags/example_branch_python_dop_operator_3.py
[2024-02-08T01:35:14.606+0100] {logging_mixin.py:188} INFO - [2024-02-08T01:35:14.606+0100] {dag.py:3033} INFO - Sync 1 DAGs
[2024-02-08T01:35:14.737+0100] {logging_mixin.py:188} INFO - [2024-02-08T01:35:14.737+0100] {dag.py:3820} INFO - Setting next_dagrun for example_branch_dop_operator_v3 to 2024-02-08T00:34:00+00:00, run_after=2024-02-08T00:35:00+00:00
[2024-02-08T01:35:14.842+0100] {processor.py:183} INFO - Processing /home/ubuntu/.local/lib/python3.10/site-packages/airflow/example_dags/example_branch_python_dop_operator_3.py took 0.537 seconds
[2024-02-08T01:37:47.892+0100] {processor.py:161} INFO - Started process (PID=56390) to work on /home/ubuntu/.local/lib/python3.10/site-packages/airflow/example_dags/example_branch_python_dop_operator_3.py
[2024-02-08T01:37:47.902+0100] {processor.py:830} INFO - Processing file /home/ubuntu/.local/lib/python3.10/site-packages/airflow/example_dags/example_branch_python_dop_operator_3.py for tasks to queue
[2024-02-08T01:37:47.904+0100] {logging_mixin.py:188} INFO - [2024-02-08T01:37:47.903+0100] {dagbag.py:538} INFO - Filling up the DagBag from /home/ubuntu/.local/lib/python3.10/site-packages/airflow/example_dags/example_branch_python_dop_operator_3.py
[2024-02-08T01:37:47.949+0100] {processor.py:840} INFO - DAG(s) 'example_branch_dop_operator_v3' retrieved from /home/ubuntu/.local/lib/python3.10/site-packages/airflow/example_dags/example_branch_python_dop_operator_3.py
[2024-02-08T01:37:48.069+0100] {logging_mixin.py:188} INFO - [2024-02-08T01:37:48.069+0100] {dag.py:3033} INFO - Sync 1 DAGs
[2024-02-08T01:37:48.233+0100] {logging_mixin.py:188} INFO - [2024-02-08T01:37:48.232+0100] {dag.py:3820} INFO - Setting next_dagrun for example_branch_dop_operator_v3 to 2024-02-08T00:36:00+00:00, run_after=2024-02-08T00:37:00+00:00
[2024-02-08T01:37:48.490+0100] {processor.py:183} INFO - Processing /home/ubuntu/.local/lib/python3.10/site-packages/airflow/example_dags/example_branch_python_dop_operator_3.py took 0.618 seconds
[2024-02-08T01:39:22.573+0100] {processor.py:161} INFO - Started process (PID=56582) to work on /home/ubuntu/.local/lib/python3.10/site-packages/airflow/example_dags/example_branch_python_dop_operator_3.py
[2024-02-08T01:39:22.603+0100] {processor.py:830} INFO - Processing file /home/ubuntu/.local/lib/python3.10/site-packages/airflow/example_dags/example_branch_python_dop_operator_3.py for tasks to queue
[2024-02-08T01:39:22.610+0100] {logging_mixin.py:188} INFO - [2024-02-08T01:39:22.603+0100] {dagbag.py:538} INFO - Filling up the DagBag from /home/ubuntu/.local/lib/python3.10/site-packages/airflow/example_dags/example_branch_python_dop_operator_3.py
[2024-02-08T01:39:22.681+0100] {processor.py:840} INFO - DAG(s) 'example_branch_dop_operator_v3' retrieved from /home/ubuntu/.local/lib/python3.10/site-packages/airflow/example_dags/example_branch_python_dop_operator_3.py
[2024-02-08T01:39:22.745+0100] {logging_mixin.py:188} INFO - [2024-02-08T01:39:22.744+0100] {dag.py:3033} INFO - Sync 1 DAGs
[2024-02-08T01:39:22.853+0100] {logging_mixin.py:188} INFO - [2024-02-08T01:39:22.853+0100] {dag.py:3820} INFO - Setting next_dagrun for example_branch_dop_operator_v3 to 2024-02-08T00:38:00+00:00, run_after=2024-02-08T00:39:00+00:00
[2024-02-08T01:39:22.964+0100] {processor.py:183} INFO - Processing /home/ubuntu/.local/lib/python3.10/site-packages/airflow/example_dags/example_branch_python_dop_operator_3.py took 0.422 seconds
[2024-02-08T01:40:48.208+0100] {processor.py:161} INFO - Started process (PID=56741) to work on /home/ubuntu/.local/lib/python3.10/site-packages/airflow/example_dags/example_branch_python_dop_operator_3.py
[2024-02-08T01:40:48.212+0100] {processor.py:830} INFO - Processing file /home/ubuntu/.local/lib/python3.10/site-packages/airflow/example_dags/example_branch_python_dop_operator_3.py for tasks to queue
[2024-02-08T01:40:48.213+0100] {logging_mixin.py:188} INFO - [2024-02-08T01:40:48.213+0100] {dagbag.py:538} INFO - Filling up the DagBag from /home/ubuntu/.local/lib/python3.10/site-packages/airflow/example_dags/example_branch_python_dop_operator_3.py
[2024-02-08T01:40:48.244+0100] {processor.py:840} INFO - DAG(s) 'example_branch_dop_operator_v3' retrieved from /home/ubuntu/.local/lib/python3.10/site-packages/airflow/example_dags/example_branch_python_dop_operator_3.py
[2024-02-08T01:40:48.292+0100] {logging_mixin.py:188} INFO - [2024-02-08T01:40:48.291+0100] {dag.py:3033} INFO - Sync 1 DAGs
[2024-02-08T01:40:48.376+0100] {logging_mixin.py:188} INFO - [2024-02-08T01:40:48.368+0100] {dag.py:3820} INFO - Setting next_dagrun for example_branch_dop_operator_v3 to 2024-02-08T00:39:00+00:00, run_after=2024-02-08T00:40:00+00:00
[2024-02-08T01:40:48.575+0100] {processor.py:183} INFO - Processing /home/ubuntu/.local/lib/python3.10/site-packages/airflow/example_dags/example_branch_python_dop_operator_3.py took 0.373 seconds
[2024-02-08T01:41:52.739+0100] {processor.py:161} INFO - Started process (PID=56865) to work on /home/ubuntu/.local/lib/python3.10/site-packages/airflow/example_dags/example_branch_python_dop_operator_3.py
[2024-02-08T01:41:52.741+0100] {processor.py:830} INFO - Processing file /home/ubuntu/.local/lib/python3.10/site-packages/airflow/example_dags/example_branch_python_dop_operator_3.py for tasks to queue
[2024-02-08T01:41:52.742+0100] {logging_mixin.py:188} INFO - [2024-02-08T01:41:52.741+0100] {dagbag.py:538} INFO - Filling up the DagBag from /home/ubuntu/.local/lib/python3.10/site-packages/airflow/example_dags/example_branch_python_dop_operator_3.py
[2024-02-08T01:41:52.752+0100] {processor.py:840} INFO - DAG(s) 'example_branch_dop_operator_v3' retrieved from /home/ubuntu/.local/lib/python3.10/site-packages/airflow/example_dags/example_branch_python_dop_operator_3.py
[2024-02-08T01:41:52.773+0100] {logging_mixin.py:188} INFO - [2024-02-08T01:41:52.773+0100] {dag.py:3033} INFO - Sync 1 DAGs
[2024-02-08T01:41:52.794+0100] {logging_mixin.py:188} INFO - [2024-02-08T01:41:52.794+0100] {dag.py:3820} INFO - Setting next_dagrun for example_branch_dop_operator_v3 to 2024-02-08T00:40:00+00:00, run_after=2024-02-08T00:41:00+00:00
[2024-02-08T01:41:52.876+0100] {processor.py:183} INFO - Processing /home/ubuntu/.local/lib/python3.10/site-packages/airflow/example_dags/example_branch_python_dop_operator_3.py took 0.141 seconds
[2024-02-08T01:43:16.027+0100] {processor.py:161} INFO - Started process (PID=57035) to work on /home/ubuntu/.local/lib/python3.10/site-packages/airflow/example_dags/example_branch_python_dop_operator_3.py
[2024-02-08T01:43:16.030+0100] {processor.py:830} INFO - Processing file /home/ubuntu/.local/lib/python3.10/site-packages/airflow/example_dags/example_branch_python_dop_operator_3.py for tasks to queue
[2024-02-08T01:43:16.032+0100] {logging_mixin.py:188} INFO - [2024-02-08T01:43:16.031+0100] {dagbag.py:538} INFO - Filling up the DagBag from /home/ubuntu/.local/lib/python3.10/site-packages/airflow/example_dags/example_branch_python_dop_operator_3.py
[2024-02-08T01:43:16.044+0100] {processor.py:840} INFO - DAG(s) 'example_branch_dop_operator_v3' retrieved from /home/ubuntu/.local/lib/python3.10/site-packages/airflow/example_dags/example_branch_python_dop_operator_3.py
[2024-02-08T01:43:16.066+0100] {logging_mixin.py:188} INFO - [2024-02-08T01:43:16.066+0100] {dag.py:3033} INFO - Sync 1 DAGs
[2024-02-08T01:43:16.097+0100] {logging_mixin.py:188} INFO - [2024-02-08T01:43:16.097+0100] {dag.py:3820} INFO - Setting next_dagrun for example_branch_dop_operator_v3 to 2024-02-08T00:42:00+00:00, run_after=2024-02-08T00:43:00+00:00
[2024-02-08T01:43:16.131+0100] {processor.py:183} INFO - Processing /home/ubuntu/.local/lib/python3.10/site-packages/airflow/example_dags/example_branch_python_dop_operator_3.py took 0.110 seconds
[2024-02-08T01:44:31.519+0100] {processor.py:161} INFO - Started process (PID=57177) to work on /home/ubuntu/.local/lib/python3.10/site-packages/airflow/example_dags/example_branch_python_dop_operator_3.py
[2024-02-08T01:44:31.521+0100] {processor.py:830} INFO - Processing file /home/ubuntu/.local/lib/python3.10/site-packages/airflow/example_dags/example_branch_python_dop_operator_3.py for tasks to queue
[2024-02-08T01:44:31.523+0100] {logging_mixin.py:188} INFO - [2024-02-08T01:44:31.522+0100] {dagbag.py:538} INFO - Filling up the DagBag from /home/ubuntu/.local/lib/python3.10/site-packages/airflow/example_dags/example_branch_python_dop_operator_3.py
[2024-02-08T01:44:31.535+0100] {processor.py:840} INFO - DAG(s) 'example_branch_dop_operator_v3' retrieved from /home/ubuntu/.local/lib/python3.10/site-packages/airflow/example_dags/example_branch_python_dop_operator_3.py
[2024-02-08T01:44:31.559+0100] {logging_mixin.py:188} INFO - [2024-02-08T01:44:31.559+0100] {dag.py:3033} INFO - Sync 1 DAGs
[2024-02-08T01:44:31.586+0100] {logging_mixin.py:188} INFO - [2024-02-08T01:44:31.586+0100] {dag.py:3820} INFO - Setting next_dagrun for example_branch_dop_operator_v3 to 2024-02-08T00:43:00+00:00, run_after=2024-02-08T00:44:00+00:00
[2024-02-08T01:44:31.618+0100] {processor.py:183} INFO - Processing /home/ubuntu/.local/lib/python3.10/site-packages/airflow/example_dags/example_branch_python_dop_operator_3.py took 0.104 seconds
[2024-02-08T01:45:35.372+0100] {processor.py:161} INFO - Started process (PID=57305) to work on /home/ubuntu/.local/lib/python3.10/site-packages/airflow/example_dags/example_branch_python_dop_operator_3.py
[2024-02-08T01:45:35.374+0100] {processor.py:830} INFO - Processing file /home/ubuntu/.local/lib/python3.10/site-packages/airflow/example_dags/example_branch_python_dop_operator_3.py for tasks to queue
[2024-02-08T01:45:35.375+0100] {logging_mixin.py:188} INFO - [2024-02-08T01:45:35.375+0100] {dagbag.py:538} INFO - Filling up the DagBag from /home/ubuntu/.local/lib/python3.10/site-packages/airflow/example_dags/example_branch_python_dop_operator_3.py
[2024-02-08T01:45:35.384+0100] {processor.py:840} INFO - DAG(s) 'example_branch_dop_operator_v3' retrieved from /home/ubuntu/.local/lib/python3.10/site-packages/airflow/example_dags/example_branch_python_dop_operator_3.py
[2024-02-08T01:45:35.400+0100] {logging_mixin.py:188} INFO - [2024-02-08T01:45:35.400+0100] {dag.py:3033} INFO - Sync 1 DAGs
[2024-02-08T01:45:35.422+0100] {logging_mixin.py:188} INFO - [2024-02-08T01:45:35.422+0100] {dag.py:3820} INFO - Setting next_dagrun for example_branch_dop_operator_v3 to 2024-02-08T00:44:00+00:00, run_after=2024-02-08T00:45:00+00:00
[2024-02-08T01:45:35.473+0100] {processor.py:183} INFO - Processing /home/ubuntu/.local/lib/python3.10/site-packages/airflow/example_dags/example_branch_python_dop_operator_3.py took 0.104 seconds
[2024-02-08T01:46:36.289+0100] {processor.py:161} INFO - Started process (PID=57424) to work on /home/ubuntu/.local/lib/python3.10/site-packages/airflow/example_dags/example_branch_python_dop_operator_3.py
[2024-02-08T01:46:36.292+0100] {processor.py:830} INFO - Processing file /home/ubuntu/.local/lib/python3.10/site-packages/airflow/example_dags/example_branch_python_dop_operator_3.py for tasks to queue
[2024-02-08T01:46:36.293+0100] {logging_mixin.py:188} INFO - [2024-02-08T01:46:36.293+0100] {dagbag.py:538} INFO - Filling up the DagBag from /home/ubuntu/.local/lib/python3.10/site-packages/airflow/example_dags/example_branch_python_dop_operator_3.py
[2024-02-08T01:46:36.313+0100] {processor.py:840} INFO - DAG(s) 'example_branch_dop_operator_v3' retrieved from /home/ubuntu/.local/lib/python3.10/site-packages/airflow/example_dags/example_branch_python_dop_operator_3.py
[2024-02-08T01:46:36.341+0100] {logging_mixin.py:188} INFO - [2024-02-08T01:46:36.341+0100] {dag.py:3033} INFO - Sync 1 DAGs
[2024-02-08T01:46:36.387+0100] {logging_mixin.py:188} INFO - [2024-02-08T01:46:36.387+0100] {dag.py:3820} INFO - Setting next_dagrun for example_branch_dop_operator_v3 to 2024-02-08T00:45:00+00:00, run_after=2024-02-08T00:46:00+00:00
[2024-02-08T01:46:36.420+0100] {processor.py:183} INFO - Processing /home/ubuntu/.local/lib/python3.10/site-packages/airflow/example_dags/example_branch_python_dop_operator_3.py took 0.136 seconds
[2024-02-08T01:47:59.412+0100] {processor.py:161} INFO - Started process (PID=57600) to work on /home/ubuntu/.local/lib/python3.10/site-packages/airflow/example_dags/example_branch_python_dop_operator_3.py
[2024-02-08T01:47:59.418+0100] {processor.py:830} INFO - Processing file /home/ubuntu/.local/lib/python3.10/site-packages/airflow/example_dags/example_branch_python_dop_operator_3.py for tasks to queue
[2024-02-08T01:47:59.428+0100] {logging_mixin.py:188} INFO - [2024-02-08T01:47:59.427+0100] {dagbag.py:538} INFO - Filling up the DagBag from /home/ubuntu/.local/lib/python3.10/site-packages/airflow/example_dags/example_branch_python_dop_operator_3.py
[2024-02-08T01:47:59.445+0100] {processor.py:840} INFO - DAG(s) 'example_branch_dop_operator_v3' retrieved from /home/ubuntu/.local/lib/python3.10/site-packages/airflow/example_dags/example_branch_python_dop_operator_3.py
[2024-02-08T01:47:59.481+0100] {logging_mixin.py:188} INFO - [2024-02-08T01:47:59.481+0100] {dag.py:3033} INFO - Sync 1 DAGs
[2024-02-08T01:47:59.570+0100] {logging_mixin.py:188} INFO - [2024-02-08T01:47:59.570+0100] {dag.py:3820} INFO - Setting next_dagrun for example_branch_dop_operator_v3 to 2024-02-08T00:46:00+00:00, run_after=2024-02-08T00:47:00+00:00
[2024-02-08T01:47:59.714+0100] {processor.py:183} INFO - Processing /home/ubuntu/.local/lib/python3.10/site-packages/airflow/example_dags/example_branch_python_dop_operator_3.py took 0.306 seconds
[2024-02-08T01:49:44.020+0100] {processor.py:161} INFO - Started process (PID=57811) to work on /home/ubuntu/.local/lib/python3.10/site-packages/airflow/example_dags/example_branch_python_dop_operator_3.py
[2024-02-08T01:49:44.023+0100] {processor.py:830} INFO - Processing file /home/ubuntu/.local/lib/python3.10/site-packages/airflow/example_dags/example_branch_python_dop_operator_3.py for tasks to queue
[2024-02-08T01:49:44.025+0100] {logging_mixin.py:188} INFO - [2024-02-08T01:49:44.024+0100] {dagbag.py:538} INFO - Filling up the DagBag from /home/ubuntu/.local/lib/python3.10/site-packages/airflow/example_dags/example_branch_python_dop_operator_3.py
[2024-02-08T01:49:44.041+0100] {processor.py:840} INFO - DAG(s) 'example_branch_dop_operator_v3' retrieved from /home/ubuntu/.local/lib/python3.10/site-packages/airflow/example_dags/example_branch_python_dop_operator_3.py
[2024-02-08T01:49:44.071+0100] {logging_mixin.py:188} INFO - [2024-02-08T01:49:44.071+0100] {dag.py:3033} INFO - Sync 1 DAGs
[2024-02-08T01:49:44.188+0100] {logging_mixin.py:188} INFO - [2024-02-08T01:49:44.188+0100] {dag.py:3820} INFO - Setting next_dagrun for example_branch_dop_operator_v3 to 2024-02-08T00:48:00+00:00, run_after=2024-02-08T00:49:00+00:00
[2024-02-08T01:49:44.443+0100] {processor.py:183} INFO - Processing /home/ubuntu/.local/lib/python3.10/site-packages/airflow/example_dags/example_branch_python_dop_operator_3.py took 0.429 seconds
[2024-02-08T01:51:23.707+0100] {processor.py:161} INFO - Started process (PID=58011) to work on /home/ubuntu/.local/lib/python3.10/site-packages/airflow/example_dags/example_branch_python_dop_operator_3.py
[2024-02-08T01:51:23.738+0100] {processor.py:830} INFO - Processing file /home/ubuntu/.local/lib/python3.10/site-packages/airflow/example_dags/example_branch_python_dop_operator_3.py for tasks to queue
[2024-02-08T01:51:23.739+0100] {logging_mixin.py:188} INFO - [2024-02-08T01:51:23.739+0100] {dagbag.py:538} INFO - Filling up the DagBag from /home/ubuntu/.local/lib/python3.10/site-packages/airflow/example_dags/example_branch_python_dop_operator_3.py
[2024-02-08T01:51:23.783+0100] {processor.py:840} INFO - DAG(s) 'example_branch_dop_operator_v3' retrieved from /home/ubuntu/.local/lib/python3.10/site-packages/airflow/example_dags/example_branch_python_dop_operator_3.py
[2024-02-08T01:51:23.809+0100] {logging_mixin.py:188} INFO - [2024-02-08T01:51:23.809+0100] {dag.py:3033} INFO - Sync 1 DAGs
[2024-02-08T01:51:23.840+0100] {logging_mixin.py:188} INFO - [2024-02-08T01:51:23.840+0100] {dag.py:3820} INFO - Setting next_dagrun for example_branch_dop_operator_v3 to 2024-02-08T00:50:00+00:00, run_after=2024-02-08T00:51:00+00:00
[2024-02-08T01:51:23.876+0100] {processor.py:183} INFO - Processing /home/ubuntu/.local/lib/python3.10/site-packages/airflow/example_dags/example_branch_python_dop_operator_3.py took 0.174 seconds
[2024-02-08T01:52:49.235+0100] {processor.py:161} INFO - Started process (PID=58163) to work on /home/ubuntu/.local/lib/python3.10/site-packages/airflow/example_dags/example_branch_python_dop_operator_3.py
[2024-02-08T01:52:49.249+0100] {processor.py:830} INFO - Processing file /home/ubuntu/.local/lib/python3.10/site-packages/airflow/example_dags/example_branch_python_dop_operator_3.py for tasks to queue
[2024-02-08T01:52:49.252+0100] {logging_mixin.py:188} INFO - [2024-02-08T01:52:49.250+0100] {dagbag.py:538} INFO - Filling up the DagBag from /home/ubuntu/.local/lib/python3.10/site-packages/airflow/example_dags/example_branch_python_dop_operator_3.py
[2024-02-08T01:52:49.298+0100] {processor.py:840} INFO - DAG(s) 'example_branch_dop_operator_v3' retrieved from /home/ubuntu/.local/lib/python3.10/site-packages/airflow/example_dags/example_branch_python_dop_operator_3.py
[2024-02-08T01:52:49.420+0100] {logging_mixin.py:188} INFO - [2024-02-08T01:52:49.420+0100] {dag.py:3033} INFO - Sync 1 DAGs
[2024-02-08T01:52:49.555+0100] {logging_mixin.py:188} INFO - [2024-02-08T01:52:49.555+0100] {dag.py:3820} INFO - Setting next_dagrun for example_branch_dop_operator_v3 to 2024-02-08T00:51:00+00:00, run_after=2024-02-08T00:52:00+00:00
[2024-02-08T01:52:49.767+0100] {processor.py:183} INFO - Processing /home/ubuntu/.local/lib/python3.10/site-packages/airflow/example_dags/example_branch_python_dop_operator_3.py took 0.540 seconds
[2024-02-08T01:54:31.807+0100] {processor.py:161} INFO - Started process (PID=58347) to work on /home/ubuntu/.local/lib/python3.10/site-packages/airflow/example_dags/example_branch_python_dop_operator_3.py
[2024-02-08T01:54:31.835+0100] {processor.py:830} INFO - Processing file /home/ubuntu/.local/lib/python3.10/site-packages/airflow/example_dags/example_branch_python_dop_operator_3.py for tasks to queue
[2024-02-08T01:54:31.845+0100] {logging_mixin.py:188} INFO - [2024-02-08T01:54:31.845+0100] {dagbag.py:538} INFO - Filling up the DagBag from /home/ubuntu/.local/lib/python3.10/site-packages/airflow/example_dags/example_branch_python_dop_operator_3.py
[2024-02-08T01:54:31.901+0100] {processor.py:840} INFO - DAG(s) 'example_branch_dop_operator_v3' retrieved from /home/ubuntu/.local/lib/python3.10/site-packages/airflow/example_dags/example_branch_python_dop_operator_3.py
[2024-02-08T01:54:31.961+0100] {logging_mixin.py:188} INFO - [2024-02-08T01:54:31.960+0100] {dag.py:3033} INFO - Sync 1 DAGs
[2024-02-08T01:54:32.079+0100] {logging_mixin.py:188} INFO - [2024-02-08T01:54:32.078+0100] {dag.py:3820} INFO - Setting next_dagrun for example_branch_dop_operator_v3 to 2024-02-08T00:53:00+00:00, run_after=2024-02-08T00:54:00+00:00
[2024-02-08T01:54:32.286+0100] {processor.py:183} INFO - Processing /home/ubuntu/.local/lib/python3.10/site-packages/airflow/example_dags/example_branch_python_dop_operator_3.py took 0.530 seconds
[2024-02-08T01:56:24.748+0100] {processor.py:161} INFO - Started process (PID=58560) to work on /home/ubuntu/.local/lib/python3.10/site-packages/airflow/example_dags/example_branch_python_dop_operator_3.py
[2024-02-08T01:56:24.751+0100] {processor.py:830} INFO - Processing file /home/ubuntu/.local/lib/python3.10/site-packages/airflow/example_dags/example_branch_python_dop_operator_3.py for tasks to queue
[2024-02-08T01:56:24.753+0100] {logging_mixin.py:188} INFO - [2024-02-08T01:56:24.752+0100] {dagbag.py:538} INFO - Filling up the DagBag from /home/ubuntu/.local/lib/python3.10/site-packages/airflow/example_dags/example_branch_python_dop_operator_3.py
[2024-02-08T01:56:24.782+0100] {processor.py:840} INFO - DAG(s) 'example_branch_dop_operator_v3' retrieved from /home/ubuntu/.local/lib/python3.10/site-packages/airflow/example_dags/example_branch_python_dop_operator_3.py
[2024-02-08T01:56:24.849+0100] {logging_mixin.py:188} INFO - [2024-02-08T01:56:24.848+0100] {dag.py:3033} INFO - Sync 1 DAGs
[2024-02-08T01:56:24.878+0100] {logging_mixin.py:188} INFO - [2024-02-08T01:56:24.877+0100] {dag.py:3820} INFO - Setting next_dagrun for example_branch_dop_operator_v3 to 2024-02-08T00:55:00+00:00, run_after=2024-02-08T00:56:00+00:00
[2024-02-08T01:56:24.913+0100] {processor.py:183} INFO - Processing /home/ubuntu/.local/lib/python3.10/site-packages/airflow/example_dags/example_branch_python_dop_operator_3.py took 0.174 seconds
[2024-02-08T01:58:21.019+0100] {processor.py:161} INFO - Started process (PID=58754) to work on /home/ubuntu/.local/lib/python3.10/site-packages/airflow/example_dags/example_branch_python_dop_operator_3.py
[2024-02-08T01:58:21.024+0100] {processor.py:830} INFO - Processing file /home/ubuntu/.local/lib/python3.10/site-packages/airflow/example_dags/example_branch_python_dop_operator_3.py for tasks to queue
[2024-02-08T01:58:21.026+0100] {logging_mixin.py:188} INFO - [2024-02-08T01:58:21.026+0100] {dagbag.py:538} INFO - Filling up the DagBag from /home/ubuntu/.local/lib/python3.10/site-packages/airflow/example_dags/example_branch_python_dop_operator_3.py
[2024-02-08T01:58:21.130+0100] {processor.py:840} INFO - DAG(s) 'example_branch_dop_operator_v3' retrieved from /home/ubuntu/.local/lib/python3.10/site-packages/airflow/example_dags/example_branch_python_dop_operator_3.py
[2024-02-08T01:58:21.217+0100] {logging_mixin.py:188} INFO - [2024-02-08T01:58:21.212+0100] {dag.py:3033} INFO - Sync 1 DAGs
[2024-02-08T01:58:21.329+0100] {logging_mixin.py:188} INFO - [2024-02-08T01:58:21.328+0100] {dag.py:3820} INFO - Setting next_dagrun for example_branch_dop_operator_v3 to 2024-02-08T00:57:00+00:00, run_after=2024-02-08T00:58:00+00:00
[2024-02-08T01:58:21.667+0100] {processor.py:183} INFO - Processing /home/ubuntu/.local/lib/python3.10/site-packages/airflow/example_dags/example_branch_python_dop_operator_3.py took 0.650 seconds
[2024-02-08T02:00:00.854+0100] {processor.py:161} INFO - Started process (PID=58928) to work on /home/ubuntu/.local/lib/python3.10/site-packages/airflow/example_dags/example_branch_python_dop_operator_3.py
[2024-02-08T02:00:00.908+0100] {processor.py:830} INFO - Processing file /home/ubuntu/.local/lib/python3.10/site-packages/airflow/example_dags/example_branch_python_dop_operator_3.py for tasks to queue
[2024-02-08T02:00:00.911+0100] {logging_mixin.py:188} INFO - [2024-02-08T02:00:00.910+0100] {dagbag.py:538} INFO - Filling up the DagBag from /home/ubuntu/.local/lib/python3.10/site-packages/airflow/example_dags/example_branch_python_dop_operator_3.py
[2024-02-08T02:00:00.962+0100] {processor.py:840} INFO - DAG(s) 'example_branch_dop_operator_v3' retrieved from /home/ubuntu/.local/lib/python3.10/site-packages/airflow/example_dags/example_branch_python_dop_operator_3.py
[2024-02-08T02:00:01.053+0100] {logging_mixin.py:188} INFO - [2024-02-08T02:00:01.053+0100] {dag.py:3033} INFO - Sync 1 DAGs
[2024-02-08T02:00:01.164+0100] {logging_mixin.py:188} INFO - [2024-02-08T02:00:01.159+0100] {dag.py:3820} INFO - Setting next_dagrun for example_branch_dop_operator_v3 to 2024-02-08T00:59:00+00:00, run_after=2024-02-08T01:00:00+00:00
[2024-02-08T02:00:01.289+0100] {processor.py:183} INFO - Processing /home/ubuntu/.local/lib/python3.10/site-packages/airflow/example_dags/example_branch_python_dop_operator_3.py took 0.472 seconds
[2024-02-08T02:02:11.368+0100] {processor.py:161} INFO - Started process (PID=59149) to work on /home/ubuntu/.local/lib/python3.10/site-packages/airflow/example_dags/example_branch_python_dop_operator_3.py
[2024-02-08T02:02:11.391+0100] {processor.py:830} INFO - Processing file /home/ubuntu/.local/lib/python3.10/site-packages/airflow/example_dags/example_branch_python_dop_operator_3.py for tasks to queue
[2024-02-08T02:02:11.395+0100] {logging_mixin.py:188} INFO - [2024-02-08T02:02:11.393+0100] {dagbag.py:538} INFO - Filling up the DagBag from /home/ubuntu/.local/lib/python3.10/site-packages/airflow/example_dags/example_branch_python_dop_operator_3.py
[2024-02-08T02:02:11.432+0100] {processor.py:840} INFO - DAG(s) 'example_branch_dop_operator_v3' retrieved from /home/ubuntu/.local/lib/python3.10/site-packages/airflow/example_dags/example_branch_python_dop_operator_3.py
[2024-02-08T02:02:11.538+0100] {logging_mixin.py:188} INFO - [2024-02-08T02:02:11.538+0100] {dag.py:3033} INFO - Sync 1 DAGs
[2024-02-08T02:02:11.668+0100] {logging_mixin.py:188} INFO - [2024-02-08T02:02:11.668+0100] {dag.py:3820} INFO - Setting next_dagrun for example_branch_dop_operator_v3 to 2024-02-08T01:01:00+00:00, run_after=2024-02-08T01:02:00+00:00
[2024-02-08T02:02:11.970+0100] {processor.py:183} INFO - Processing /home/ubuntu/.local/lib/python3.10/site-packages/airflow/example_dags/example_branch_python_dop_operator_3.py took 0.627 seconds
[2024-02-08T02:04:15.422+0100] {processor.py:161} INFO - Started process (PID=59354) to work on /home/ubuntu/.local/lib/python3.10/site-packages/airflow/example_dags/example_branch_python_dop_operator_3.py
[2024-02-08T02:04:15.465+0100] {processor.py:830} INFO - Processing file /home/ubuntu/.local/lib/python3.10/site-packages/airflow/example_dags/example_branch_python_dop_operator_3.py for tasks to queue
[2024-02-08T02:04:15.471+0100] {logging_mixin.py:188} INFO - [2024-02-08T02:04:15.471+0100] {dagbag.py:538} INFO - Filling up the DagBag from /home/ubuntu/.local/lib/python3.10/site-packages/airflow/example_dags/example_branch_python_dop_operator_3.py
[2024-02-08T02:04:15.620+0100] {processor.py:840} INFO - DAG(s) 'example_branch_dop_operator_v3' retrieved from /home/ubuntu/.local/lib/python3.10/site-packages/airflow/example_dags/example_branch_python_dop_operator_3.py
[2024-02-08T02:04:15.740+0100] {logging_mixin.py:188} INFO - [2024-02-08T02:04:15.739+0100] {dag.py:3033} INFO - Sync 1 DAGs
[2024-02-08T02:04:15.889+0100] {logging_mixin.py:188} INFO - [2024-02-08T02:04:15.888+0100] {dag.py:3820} INFO - Setting next_dagrun for example_branch_dop_operator_v3 to 2024-02-08T01:03:00+00:00, run_after=2024-02-08T01:04:00+00:00
[2024-02-08T02:04:16.188+0100] {processor.py:183} INFO - Processing /home/ubuntu/.local/lib/python3.10/site-packages/airflow/example_dags/example_branch_python_dop_operator_3.py took 0.798 seconds
[2024-02-08T02:07:01.985+0100] {processor.py:161} INFO - Started process (PID=60203) to work on /home/ubuntu/.local/lib/python3.10/site-packages/airflow/example_dags/example_branch_python_dop_operator_3.py
[2024-02-08T02:07:01.999+0100] {processor.py:830} INFO - Processing file /home/ubuntu/.local/lib/python3.10/site-packages/airflow/example_dags/example_branch_python_dop_operator_3.py for tasks to queue
[2024-02-08T02:07:02.005+0100] {logging_mixin.py:188} INFO - [2024-02-08T02:07:02.004+0100] {dagbag.py:538} INFO - Filling up the DagBag from /home/ubuntu/.local/lib/python3.10/site-packages/airflow/example_dags/example_branch_python_dop_operator_3.py
[2024-02-08T02:07:02.210+0100] {processor.py:840} INFO - DAG(s) 'example_branch_dop_operator_v3' retrieved from /home/ubuntu/.local/lib/python3.10/site-packages/airflow/example_dags/example_branch_python_dop_operator_3.py
[2024-02-08T02:07:02.306+0100] {logging_mixin.py:188} INFO - [2024-02-08T02:07:02.306+0100] {dag.py:3033} INFO - Sync 1 DAGs
[2024-02-08T02:07:02.457+0100] {logging_mixin.py:188} INFO - [2024-02-08T02:07:02.457+0100] {dag.py:3820} INFO - Setting next_dagrun for example_branch_dop_operator_v3 to 2024-02-08T01:06:00+00:00, run_after=2024-02-08T01:07:00+00:00
[2024-02-08T02:07:02.963+0100] {processor.py:183} INFO - Processing /home/ubuntu/.local/lib/python3.10/site-packages/airflow/example_dags/example_branch_python_dop_operator_3.py took 0.984 seconds
[2024-02-08T02:10:13.795+0100] {processor.py:161} INFO - Started process (PID=60524) to work on /home/ubuntu/.local/lib/python3.10/site-packages/airflow/example_dags/example_branch_python_dop_operator_3.py
[2024-02-08T02:10:13.825+0100] {processor.py:830} INFO - Processing file /home/ubuntu/.local/lib/python3.10/site-packages/airflow/example_dags/example_branch_python_dop_operator_3.py for tasks to queue
[2024-02-08T02:10:13.828+0100] {logging_mixin.py:188} INFO - [2024-02-08T02:10:13.826+0100] {dagbag.py:538} INFO - Filling up the DagBag from /home/ubuntu/.local/lib/python3.10/site-packages/airflow/example_dags/example_branch_python_dop_operator_3.py
[2024-02-08T02:10:13.877+0100] {processor.py:840} INFO - DAG(s) 'example_branch_dop_operator_v3' retrieved from /home/ubuntu/.local/lib/python3.10/site-packages/airflow/example_dags/example_branch_python_dop_operator_3.py
[2024-02-08T02:10:13.991+0100] {logging_mixin.py:188} INFO - [2024-02-08T02:10:13.990+0100] {dag.py:3033} INFO - Sync 1 DAGs
[2024-02-08T02:10:14.179+0100] {logging_mixin.py:188} INFO - [2024-02-08T02:10:14.179+0100] {dag.py:3820} INFO - Setting next_dagrun for example_branch_dop_operator_v3 to 2024-02-08T01:09:00+00:00, run_after=2024-02-08T01:10:00+00:00
[2024-02-08T02:10:14.241+0100] {processor.py:183} INFO - Processing /home/ubuntu/.local/lib/python3.10/site-packages/airflow/example_dags/example_branch_python_dop_operator_3.py took 0.464 seconds
[2024-02-08T02:11:36.169+0100] {processor.py:161} INFO - Started process (PID=60616) to work on /home/ubuntu/.local/lib/python3.10/site-packages/airflow/example_dags/example_branch_python_dop_operator_3.py
[2024-02-08T02:11:36.172+0100] {processor.py:830} INFO - Processing file /home/ubuntu/.local/lib/python3.10/site-packages/airflow/example_dags/example_branch_python_dop_operator_3.py for tasks to queue
[2024-02-08T02:11:36.173+0100] {logging_mixin.py:188} INFO - [2024-02-08T02:11:36.173+0100] {dagbag.py:538} INFO - Filling up the DagBag from /home/ubuntu/.local/lib/python3.10/site-packages/airflow/example_dags/example_branch_python_dop_operator_3.py
[2024-02-08T02:11:36.202+0100] {processor.py:840} INFO - DAG(s) 'example_branch_dop_operator_v3' retrieved from /home/ubuntu/.local/lib/python3.10/site-packages/airflow/example_dags/example_branch_python_dop_operator_3.py
[2024-02-08T02:11:36.308+0100] {logging_mixin.py:188} INFO - [2024-02-08T02:11:36.303+0100] {dag.py:3033} INFO - Sync 1 DAGs
[2024-02-08T02:11:36.430+0100] {logging_mixin.py:188} INFO - [2024-02-08T02:11:36.429+0100] {dag.py:3820} INFO - Setting next_dagrun for example_branch_dop_operator_v3 to 2024-02-08T01:10:00+00:00, run_after=2024-02-08T01:11:00+00:00
[2024-02-08T02:11:36.583+0100] {processor.py:183} INFO - Processing /home/ubuntu/.local/lib/python3.10/site-packages/airflow/example_dags/example_branch_python_dop_operator_3.py took 0.425 seconds
[2024-02-08T02:13:06.608+0100] {processor.py:161} INFO - Started process (PID=60979) to work on /home/ubuntu/.local/lib/python3.10/site-packages/airflow/example_dags/example_branch_python_dop_operator_3.py
[2024-02-08T02:13:06.615+0100] {processor.py:830} INFO - Processing file /home/ubuntu/.local/lib/python3.10/site-packages/airflow/example_dags/example_branch_python_dop_operator_3.py for tasks to queue
[2024-02-08T02:13:06.617+0100] {logging_mixin.py:188} INFO - [2024-02-08T02:13:06.616+0100] {dagbag.py:538} INFO - Filling up the DagBag from /home/ubuntu/.local/lib/python3.10/site-packages/airflow/example_dags/example_branch_python_dop_operator_3.py
[2024-02-08T02:13:06.642+0100] {processor.py:840} INFO - DAG(s) 'example_branch_dop_operator_v3' retrieved from /home/ubuntu/.local/lib/python3.10/site-packages/airflow/example_dags/example_branch_python_dop_operator_3.py
[2024-02-08T02:13:06.705+0100] {logging_mixin.py:188} INFO - [2024-02-08T02:13:06.699+0100] {dag.py:3033} INFO - Sync 1 DAGs
[2024-02-08T02:13:06.775+0100] {logging_mixin.py:188} INFO - [2024-02-08T02:13:06.775+0100] {dag.py:3820} INFO - Setting next_dagrun for example_branch_dop_operator_v3 to 2024-02-08T01:12:00+00:00, run_after=2024-02-08T01:13:00+00:00
[2024-02-08T02:13:06.964+0100] {processor.py:183} INFO - Processing /home/ubuntu/.local/lib/python3.10/site-packages/airflow/example_dags/example_branch_python_dop_operator_3.py took 0.376 seconds
[2024-02-08T02:14:02.344+0100] {processor.py:161} INFO - Started process (PID=61080) to work on /home/ubuntu/.local/lib/python3.10/site-packages/airflow/example_dags/example_branch_python_dop_operator_3.py
[2024-02-08T02:14:02.348+0100] {processor.py:830} INFO - Processing file /home/ubuntu/.local/lib/python3.10/site-packages/airflow/example_dags/example_branch_python_dop_operator_3.py for tasks to queue
[2024-02-08T02:14:02.349+0100] {logging_mixin.py:188} INFO - [2024-02-08T02:14:02.348+0100] {dagbag.py:538} INFO - Filling up the DagBag from /home/ubuntu/.local/lib/python3.10/site-packages/airflow/example_dags/example_branch_python_dop_operator_3.py
[2024-02-08T02:14:02.359+0100] {processor.py:840} INFO - DAG(s) 'example_branch_dop_operator_v3' retrieved from /home/ubuntu/.local/lib/python3.10/site-packages/airflow/example_dags/example_branch_python_dop_operator_3.py
[2024-02-08T02:14:02.378+0100] {logging_mixin.py:188} INFO - [2024-02-08T02:14:02.378+0100] {dag.py:3033} INFO - Sync 1 DAGs
[2024-02-08T02:14:02.402+0100] {logging_mixin.py:188} INFO - [2024-02-08T02:14:02.402+0100] {dag.py:3820} INFO - Setting next_dagrun for example_branch_dop_operator_v3 to 2024-02-08T01:13:00+00:00, run_after=2024-02-08T01:14:00+00:00
[2024-02-08T02:14:02.434+0100] {processor.py:183} INFO - Processing /home/ubuntu/.local/lib/python3.10/site-packages/airflow/example_dags/example_branch_python_dop_operator_3.py took 0.093 seconds
[2024-02-08T02:14:59.484+0100] {processor.py:161} INFO - Started process (PID=61162) to work on /home/ubuntu/.local/lib/python3.10/site-packages/airflow/example_dags/example_branch_python_dop_operator_3.py
[2024-02-08T02:14:59.489+0100] {processor.py:830} INFO - Processing file /home/ubuntu/.local/lib/python3.10/site-packages/airflow/example_dags/example_branch_python_dop_operator_3.py for tasks to queue
[2024-02-08T02:14:59.491+0100] {logging_mixin.py:188} INFO - [2024-02-08T02:14:59.490+0100] {dagbag.py:538} INFO - Filling up the DagBag from /home/ubuntu/.local/lib/python3.10/site-packages/airflow/example_dags/example_branch_python_dop_operator_3.py
[2024-02-08T02:14:59.506+0100] {processor.py:840} INFO - DAG(s) 'example_branch_dop_operator_v3' retrieved from /home/ubuntu/.local/lib/python3.10/site-packages/airflow/example_dags/example_branch_python_dop_operator_3.py
[2024-02-08T02:14:59.532+0100] {logging_mixin.py:188} INFO - [2024-02-08T02:14:59.532+0100] {dag.py:3033} INFO - Sync 1 DAGs
[2024-02-08T02:14:59.563+0100] {logging_mixin.py:188} INFO - [2024-02-08T02:14:59.563+0100] {dag.py:3820} INFO - Setting next_dagrun for example_branch_dop_operator_v3 to 2024-02-08T01:13:00+00:00, run_after=2024-02-08T01:14:00+00:00
[2024-02-08T02:14:59.595+0100] {processor.py:183} INFO - Processing /home/ubuntu/.local/lib/python3.10/site-packages/airflow/example_dags/example_branch_python_dop_operator_3.py took 0.116 seconds
[2024-02-08T02:15:54.593+0100] {processor.py:161} INFO - Started process (PID=61257) to work on /home/ubuntu/.local/lib/python3.10/site-packages/airflow/example_dags/example_branch_python_dop_operator_3.py
[2024-02-08T02:15:54.596+0100] {processor.py:830} INFO - Processing file /home/ubuntu/.local/lib/python3.10/site-packages/airflow/example_dags/example_branch_python_dop_operator_3.py for tasks to queue
[2024-02-08T02:15:54.597+0100] {logging_mixin.py:188} INFO - [2024-02-08T02:15:54.597+0100] {dagbag.py:538} INFO - Filling up the DagBag from /home/ubuntu/.local/lib/python3.10/site-packages/airflow/example_dags/example_branch_python_dop_operator_3.py
[2024-02-08T02:15:54.608+0100] {processor.py:840} INFO - DAG(s) 'example_branch_dop_operator_v3' retrieved from /home/ubuntu/.local/lib/python3.10/site-packages/airflow/example_dags/example_branch_python_dop_operator_3.py
[2024-02-08T02:15:54.626+0100] {logging_mixin.py:188} INFO - [2024-02-08T02:15:54.626+0100] {dag.py:3033} INFO - Sync 1 DAGs
[2024-02-08T02:15:54.651+0100] {logging_mixin.py:188} INFO - [2024-02-08T02:15:54.651+0100] {dag.py:3820} INFO - Setting next_dagrun for example_branch_dop_operator_v3 to 2024-02-08T01:14:00+00:00, run_after=2024-02-08T01:15:00+00:00
[2024-02-08T02:15:54.680+0100] {processor.py:183} INFO - Processing /home/ubuntu/.local/lib/python3.10/site-packages/airflow/example_dags/example_branch_python_dop_operator_3.py took 0.089 seconds
[2024-02-08T02:16:45.110+0100] {processor.py:161} INFO - Started process (PID=61329) to work on /home/ubuntu/.local/lib/python3.10/site-packages/airflow/example_dags/example_branch_python_dop_operator_3.py
[2024-02-08T02:16:45.114+0100] {processor.py:830} INFO - Processing file /home/ubuntu/.local/lib/python3.10/site-packages/airflow/example_dags/example_branch_python_dop_operator_3.py for tasks to queue
[2024-02-08T02:16:45.115+0100] {logging_mixin.py:188} INFO - [2024-02-08T02:16:45.115+0100] {dagbag.py:538} INFO - Filling up the DagBag from /home/ubuntu/.local/lib/python3.10/site-packages/airflow/example_dags/example_branch_python_dop_operator_3.py
[2024-02-08T02:16:45.143+0100] {processor.py:840} INFO - DAG(s) 'example_branch_dop_operator_v3' retrieved from /home/ubuntu/.local/lib/python3.10/site-packages/airflow/example_dags/example_branch_python_dop_operator_3.py
[2024-02-08T02:16:45.172+0100] {logging_mixin.py:188} INFO - [2024-02-08T02:16:45.170+0100] {dag.py:3033} INFO - Sync 1 DAGs
[2024-02-08T02:16:45.227+0100] {logging_mixin.py:188} INFO - [2024-02-08T02:16:45.227+0100] {dag.py:3820} INFO - Setting next_dagrun for example_branch_dop_operator_v3 to 2024-02-08T01:15:00+00:00, run_after=2024-02-08T01:16:00+00:00
[2024-02-08T02:16:45.315+0100] {processor.py:183} INFO - Processing /home/ubuntu/.local/lib/python3.10/site-packages/airflow/example_dags/example_branch_python_dop_operator_3.py took 0.214 seconds
