[2024-02-08T01:03:19.307+0100] {processor.py:161} INFO - Started process (PID=50749) to work on /home/ubuntu/.local/lib/python3.10/site-packages/airflow/example_dags/example_sensors.py
[2024-02-08T01:03:19.310+0100] {processor.py:830} INFO - Processing file /home/ubuntu/.local/lib/python3.10/site-packages/airflow/example_dags/example_sensors.py for tasks to queue
[2024-02-08T01:03:19.314+0100] {logging_mixin.py:188} INFO - [2024-02-08T01:03:19.313+0100] {dagbag.py:538} INFO - Filling up the DagBag from /home/ubuntu/.local/lib/python3.10/site-packages/airflow/example_dags/example_sensors.py
[2024-02-08T01:03:19.368+0100] {processor.py:840} INFO - DAG(s) 'example_sensors' retrieved from /home/ubuntu/.local/lib/python3.10/site-packages/airflow/example_dags/example_sensors.py
[2024-02-08T01:03:19.794+0100] {logging_mixin.py:188} INFO - [2024-02-08T01:03:19.793+0100] {dag.py:3033} INFO - Sync 1 DAGs
[2024-02-08T01:03:19.832+0100] {logging_mixin.py:188} INFO - [2024-02-08T01:03:19.832+0100] {dag.py:3820} INFO - Setting next_dagrun for example_sensors to None, run_after=None
[2024-02-08T01:03:20.160+0100] {processor.py:183} INFO - Processing /home/ubuntu/.local/lib/python3.10/site-packages/airflow/example_dags/example_sensors.py took 0.861 seconds
[2024-02-08T01:05:33.303+0100] {processor.py:161} INFO - Started process (PID=51036) to work on /home/ubuntu/.local/lib/python3.10/site-packages/airflow/example_dags/example_sensors.py
[2024-02-08T01:05:33.322+0100] {processor.py:830} INFO - Processing file /home/ubuntu/.local/lib/python3.10/site-packages/airflow/example_dags/example_sensors.py for tasks to queue
[2024-02-08T01:05:33.339+0100] {logging_mixin.py:188} INFO - [2024-02-08T01:05:33.338+0100] {dagbag.py:538} INFO - Filling up the DagBag from /home/ubuntu/.local/lib/python3.10/site-packages/airflow/example_dags/example_sensors.py
[2024-02-08T01:05:33.408+0100] {processor.py:840} INFO - DAG(s) 'example_sensors' retrieved from /home/ubuntu/.local/lib/python3.10/site-packages/airflow/example_dags/example_sensors.py
[2024-02-08T01:05:33.507+0100] {logging_mixin.py:188} INFO - [2024-02-08T01:05:33.506+0100] {dag.py:3033} INFO - Sync 1 DAGs
[2024-02-08T01:05:33.541+0100] {logging_mixin.py:188} INFO - [2024-02-08T01:05:33.541+0100] {dag.py:3820} INFO - Setting next_dagrun for example_sensors to None, run_after=None
[2024-02-08T01:05:33.670+0100] {processor.py:183} INFO - Processing /home/ubuntu/.local/lib/python3.10/site-packages/airflow/example_dags/example_sensors.py took 0.386 seconds
[2024-02-08T01:06:53.782+0100] {processor.py:161} INFO - Started process (PID=51407) to work on /home/ubuntu/.local/lib/python3.10/site-packages/airflow/example_dags/example_sensors.py
[2024-02-08T01:06:53.786+0100] {processor.py:830} INFO - Processing file /home/ubuntu/.local/lib/python3.10/site-packages/airflow/example_dags/example_sensors.py for tasks to queue
[2024-02-08T01:06:53.789+0100] {logging_mixin.py:188} INFO - [2024-02-08T01:06:53.787+0100] {dagbag.py:538} INFO - Filling up the DagBag from /home/ubuntu/.local/lib/python3.10/site-packages/airflow/example_dags/example_sensors.py
[2024-02-08T01:06:53.813+0100] {processor.py:840} INFO - DAG(s) 'example_sensors' retrieved from /home/ubuntu/.local/lib/python3.10/site-packages/airflow/example_dags/example_sensors.py
[2024-02-08T01:06:53.859+0100] {logging_mixin.py:188} INFO - [2024-02-08T01:06:53.859+0100] {dag.py:3033} INFO - Sync 1 DAGs
[2024-02-08T01:06:53.892+0100] {logging_mixin.py:188} INFO - [2024-02-08T01:06:53.888+0100] {dag.py:3820} INFO - Setting next_dagrun for example_sensors to None, run_after=None
[2024-02-08T01:06:53.937+0100] {processor.py:183} INFO - Processing /home/ubuntu/.local/lib/python3.10/site-packages/airflow/example_dags/example_sensors.py took 0.162 seconds
[2024-02-08T01:08:08.230+0100] {processor.py:161} INFO - Started process (PID=51804) to work on /home/ubuntu/.local/lib/python3.10/site-packages/airflow/example_dags/example_sensors.py
[2024-02-08T01:08:08.248+0100] {processor.py:830} INFO - Processing file /home/ubuntu/.local/lib/python3.10/site-packages/airflow/example_dags/example_sensors.py for tasks to queue
[2024-02-08T01:08:08.264+0100] {logging_mixin.py:188} INFO - [2024-02-08T01:08:08.264+0100] {dagbag.py:538} INFO - Filling up the DagBag from /home/ubuntu/.local/lib/python3.10/site-packages/airflow/example_dags/example_sensors.py
[2024-02-08T01:08:08.301+0100] {processor.py:840} INFO - DAG(s) 'example_sensors' retrieved from /home/ubuntu/.local/lib/python3.10/site-packages/airflow/example_dags/example_sensors.py
[2024-02-08T01:08:08.334+0100] {logging_mixin.py:188} INFO - [2024-02-08T01:08:08.333+0100] {dag.py:3033} INFO - Sync 1 DAGs
[2024-02-08T01:08:08.351+0100] {logging_mixin.py:188} INFO - [2024-02-08T01:08:08.350+0100] {dag.py:3820} INFO - Setting next_dagrun for example_sensors to None, run_after=None
[2024-02-08T01:08:08.449+0100] {processor.py:183} INFO - Processing /home/ubuntu/.local/lib/python3.10/site-packages/airflow/example_dags/example_sensors.py took 0.234 seconds
[2024-02-08T01:09:44.704+0100] {processor.py:161} INFO - Started process (PID=52180) to work on /home/ubuntu/.local/lib/python3.10/site-packages/airflow/example_dags/example_sensors.py
[2024-02-08T01:09:44.730+0100] {processor.py:830} INFO - Processing file /home/ubuntu/.local/lib/python3.10/site-packages/airflow/example_dags/example_sensors.py for tasks to queue
[2024-02-08T01:09:44.735+0100] {logging_mixin.py:188} INFO - [2024-02-08T01:09:44.735+0100] {dagbag.py:538} INFO - Filling up the DagBag from /home/ubuntu/.local/lib/python3.10/site-packages/airflow/example_dags/example_sensors.py
[2024-02-08T01:09:44.786+0100] {processor.py:840} INFO - DAG(s) 'example_sensors' retrieved from /home/ubuntu/.local/lib/python3.10/site-packages/airflow/example_dags/example_sensors.py
[2024-02-08T01:09:44.875+0100] {logging_mixin.py:188} INFO - [2024-02-08T01:09:44.874+0100] {dag.py:3033} INFO - Sync 1 DAGs
[2024-02-08T01:09:44.907+0100] {logging_mixin.py:188} INFO - [2024-02-08T01:09:44.907+0100] {dag.py:3820} INFO - Setting next_dagrun for example_sensors to None, run_after=None
[2024-02-08T01:09:45.027+0100] {processor.py:183} INFO - Processing /home/ubuntu/.local/lib/python3.10/site-packages/airflow/example_dags/example_sensors.py took 0.346 seconds
[2024-02-08T01:11:03.450+0100] {processor.py:161} INFO - Started process (PID=52347) to work on /home/ubuntu/.local/lib/python3.10/site-packages/airflow/example_dags/example_sensors.py
[2024-02-08T01:11:03.454+0100] {processor.py:830} INFO - Processing file /home/ubuntu/.local/lib/python3.10/site-packages/airflow/example_dags/example_sensors.py for tasks to queue
[2024-02-08T01:11:03.457+0100] {logging_mixin.py:188} INFO - [2024-02-08T01:11:03.455+0100] {dagbag.py:538} INFO - Filling up the DagBag from /home/ubuntu/.local/lib/python3.10/site-packages/airflow/example_dags/example_sensors.py
[2024-02-08T01:11:03.478+0100] {processor.py:840} INFO - DAG(s) 'example_sensors' retrieved from /home/ubuntu/.local/lib/python3.10/site-packages/airflow/example_dags/example_sensors.py
[2024-02-08T01:11:03.541+0100] {logging_mixin.py:188} INFO - [2024-02-08T01:11:03.540+0100] {dag.py:3033} INFO - Sync 1 DAGs
[2024-02-08T01:11:03.566+0100] {logging_mixin.py:188} INFO - [2024-02-08T01:11:03.562+0100] {dag.py:3820} INFO - Setting next_dagrun for example_sensors to None, run_after=None
[2024-02-08T01:11:03.713+0100] {processor.py:183} INFO - Processing /home/ubuntu/.local/lib/python3.10/site-packages/airflow/example_dags/example_sensors.py took 0.271 seconds
[2024-02-08T01:13:33.534+0100] {processor.py:161} INFO - Started process (PID=53009) to work on /home/ubuntu/.local/lib/python3.10/site-packages/airflow/example_dags/example_sensors.py
[2024-02-08T01:13:33.584+0100] {processor.py:830} INFO - Processing file /home/ubuntu/.local/lib/python3.10/site-packages/airflow/example_dags/example_sensors.py for tasks to queue
[2024-02-08T01:13:33.591+0100] {logging_mixin.py:188} INFO - [2024-02-08T01:13:33.585+0100] {dagbag.py:538} INFO - Filling up the DagBag from /home/ubuntu/.local/lib/python3.10/site-packages/airflow/example_dags/example_sensors.py
[2024-02-08T01:13:33.643+0100] {processor.py:840} INFO - DAG(s) 'example_sensors' retrieved from /home/ubuntu/.local/lib/python3.10/site-packages/airflow/example_dags/example_sensors.py
[2024-02-08T01:13:33.950+0100] {logging_mixin.py:188} INFO - [2024-02-08T01:13:33.950+0100] {dag.py:3033} INFO - Sync 1 DAGs
[2024-02-08T01:13:34.048+0100] {logging_mixin.py:188} INFO - [2024-02-08T01:13:34.048+0100] {dag.py:3820} INFO - Setting next_dagrun for example_sensors to None, run_after=None
[2024-02-08T01:13:35.565+0100] {processor.py:183} INFO - Processing /home/ubuntu/.local/lib/python3.10/site-packages/airflow/example_dags/example_sensors.py took 2.069 seconds
[2024-02-08T01:17:38.668+0100] {processor.py:161} INFO - Started process (PID=53992) to work on /home/ubuntu/.local/lib/python3.10/site-packages/airflow/example_dags/example_sensors.py
[2024-02-08T01:17:38.707+0100] {processor.py:830} INFO - Processing file /home/ubuntu/.local/lib/python3.10/site-packages/airflow/example_dags/example_sensors.py for tasks to queue
[2024-02-08T01:17:38.736+0100] {logging_mixin.py:188} INFO - [2024-02-08T01:17:38.708+0100] {dagbag.py:538} INFO - Filling up the DagBag from /home/ubuntu/.local/lib/python3.10/site-packages/airflow/example_dags/example_sensors.py
[2024-02-08T01:17:38.764+0100] {processor.py:840} INFO - DAG(s) 'example_sensors' retrieved from /home/ubuntu/.local/lib/python3.10/site-packages/airflow/example_dags/example_sensors.py
[2024-02-08T01:17:38.815+0100] {logging_mixin.py:188} INFO - [2024-02-08T01:17:38.814+0100] {dag.py:3033} INFO - Sync 1 DAGs
[2024-02-08T01:17:38.848+0100] {logging_mixin.py:188} INFO - [2024-02-08T01:17:38.847+0100] {dag.py:3820} INFO - Setting next_dagrun for example_sensors to None, run_after=None
[2024-02-08T01:17:39.147+0100] {processor.py:183} INFO - Processing /home/ubuntu/.local/lib/python3.10/site-packages/airflow/example_dags/example_sensors.py took 0.485 seconds
[2024-02-08T01:20:05.203+0100] {processor.py:161} INFO - Started process (PID=54432) to work on /home/ubuntu/.local/lib/python3.10/site-packages/airflow/example_dags/example_sensors.py
[2024-02-08T01:20:05.209+0100] {processor.py:830} INFO - Processing file /home/ubuntu/.local/lib/python3.10/site-packages/airflow/example_dags/example_sensors.py for tasks to queue
[2024-02-08T01:20:05.213+0100] {logging_mixin.py:188} INFO - [2024-02-08T01:20:05.211+0100] {dagbag.py:538} INFO - Filling up the DagBag from /home/ubuntu/.local/lib/python3.10/site-packages/airflow/example_dags/example_sensors.py
[2024-02-08T01:20:05.344+0100] {processor.py:840} INFO - DAG(s) 'example_sensors' retrieved from /home/ubuntu/.local/lib/python3.10/site-packages/airflow/example_dags/example_sensors.py
[2024-02-08T01:20:05.490+0100] {logging_mixin.py:188} INFO - [2024-02-08T01:20:05.490+0100] {dag.py:3033} INFO - Sync 1 DAGs
[2024-02-08T01:20:05.524+0100] {logging_mixin.py:188} INFO - [2024-02-08T01:20:05.524+0100] {dag.py:3820} INFO - Setting next_dagrun for example_sensors to None, run_after=None
[2024-02-08T01:20:05.685+0100] {processor.py:183} INFO - Processing /home/ubuntu/.local/lib/python3.10/site-packages/airflow/example_dags/example_sensors.py took 0.503 seconds
[2024-02-08T01:21:53.993+0100] {processor.py:161} INFO - Started process (PID=54661) to work on /home/ubuntu/.local/lib/python3.10/site-packages/airflow/example_dags/example_sensors.py
[2024-02-08T01:21:54.029+0100] {processor.py:830} INFO - Processing file /home/ubuntu/.local/lib/python3.10/site-packages/airflow/example_dags/example_sensors.py for tasks to queue
[2024-02-08T01:21:54.042+0100] {logging_mixin.py:188} INFO - [2024-02-08T01:21:54.030+0100] {dagbag.py:538} INFO - Filling up the DagBag from /home/ubuntu/.local/lib/python3.10/site-packages/airflow/example_dags/example_sensors.py
[2024-02-08T01:21:54.117+0100] {processor.py:840} INFO - DAG(s) 'example_sensors' retrieved from /home/ubuntu/.local/lib/python3.10/site-packages/airflow/example_dags/example_sensors.py
[2024-02-08T01:21:54.248+0100] {logging_mixin.py:188} INFO - [2024-02-08T01:21:54.239+0100] {dag.py:3033} INFO - Sync 1 DAGs
[2024-02-08T01:21:54.312+0100] {logging_mixin.py:188} INFO - [2024-02-08T01:21:54.312+0100] {dag.py:3820} INFO - Setting next_dagrun for example_sensors to None, run_after=None
[2024-02-08T01:21:54.546+0100] {processor.py:183} INFO - Processing /home/ubuntu/.local/lib/python3.10/site-packages/airflow/example_dags/example_sensors.py took 0.593 seconds
[2024-02-08T01:23:24.307+0100] {processor.py:161} INFO - Started process (PID=54917) to work on /home/ubuntu/.local/lib/python3.10/site-packages/airflow/example_dags/example_sensors.py
[2024-02-08T01:23:24.314+0100] {processor.py:830} INFO - Processing file /home/ubuntu/.local/lib/python3.10/site-packages/airflow/example_dags/example_sensors.py for tasks to queue
[2024-02-08T01:23:24.322+0100] {logging_mixin.py:188} INFO - [2024-02-08T01:23:24.315+0100] {dagbag.py:538} INFO - Filling up the DagBag from /home/ubuntu/.local/lib/python3.10/site-packages/airflow/example_dags/example_sensors.py
[2024-02-08T01:23:24.420+0100] {processor.py:840} INFO - DAG(s) 'example_sensors' retrieved from /home/ubuntu/.local/lib/python3.10/site-packages/airflow/example_dags/example_sensors.py
[2024-02-08T01:23:24.607+0100] {logging_mixin.py:188} INFO - [2024-02-08T01:23:24.606+0100] {dag.py:3033} INFO - Sync 1 DAGs
[2024-02-08T01:23:24.665+0100] {logging_mixin.py:188} INFO - [2024-02-08T01:23:24.661+0100] {dag.py:3820} INFO - Setting next_dagrun for example_sensors to None, run_after=None
[2024-02-08T01:23:25.052+0100] {processor.py:183} INFO - Processing /home/ubuntu/.local/lib/python3.10/site-packages/airflow/example_dags/example_sensors.py took 0.759 seconds
[2024-02-08T01:24:33.721+0100] {processor.py:161} INFO - Started process (PID=55051) to work on /home/ubuntu/.local/lib/python3.10/site-packages/airflow/example_dags/example_sensors.py
[2024-02-08T01:24:33.760+0100] {processor.py:830} INFO - Processing file /home/ubuntu/.local/lib/python3.10/site-packages/airflow/example_dags/example_sensors.py for tasks to queue
[2024-02-08T01:24:33.766+0100] {logging_mixin.py:188} INFO - [2024-02-08T01:24:33.765+0100] {dagbag.py:538} INFO - Filling up the DagBag from /home/ubuntu/.local/lib/python3.10/site-packages/airflow/example_dags/example_sensors.py
[2024-02-08T01:24:33.859+0100] {processor.py:840} INFO - DAG(s) 'example_sensors' retrieved from /home/ubuntu/.local/lib/python3.10/site-packages/airflow/example_dags/example_sensors.py
[2024-02-08T01:24:33.938+0100] {logging_mixin.py:188} INFO - [2024-02-08T01:24:33.938+0100] {dag.py:3033} INFO - Sync 1 DAGs
[2024-02-08T01:24:34.020+0100] {logging_mixin.py:188} INFO - [2024-02-08T01:24:34.020+0100] {dag.py:3820} INFO - Setting next_dagrun for example_sensors to None, run_after=None
[2024-02-08T01:24:34.081+0100] {processor.py:183} INFO - Processing /home/ubuntu/.local/lib/python3.10/site-packages/airflow/example_dags/example_sensors.py took 0.381 seconds
[2024-02-08T01:26:06.210+0100] {processor.py:161} INFO - Started process (PID=55206) to work on /home/ubuntu/.local/lib/python3.10/site-packages/airflow/example_dags/example_sensors.py
[2024-02-08T01:26:06.244+0100] {processor.py:830} INFO - Processing file /home/ubuntu/.local/lib/python3.10/site-packages/airflow/example_dags/example_sensors.py for tasks to queue
[2024-02-08T01:26:06.254+0100] {logging_mixin.py:188} INFO - [2024-02-08T01:26:06.245+0100] {dagbag.py:538} INFO - Filling up the DagBag from /home/ubuntu/.local/lib/python3.10/site-packages/airflow/example_dags/example_sensors.py
[2024-02-08T01:26:06.388+0100] {processor.py:840} INFO - DAG(s) 'example_sensors' retrieved from /home/ubuntu/.local/lib/python3.10/site-packages/airflow/example_dags/example_sensors.py
[2024-02-08T01:26:06.487+0100] {logging_mixin.py:188} INFO - [2024-02-08T01:26:06.487+0100] {dag.py:3033} INFO - Sync 1 DAGs
[2024-02-08T01:26:06.567+0100] {logging_mixin.py:188} INFO - [2024-02-08T01:26:06.566+0100] {dag.py:3820} INFO - Setting next_dagrun for example_sensors to None, run_after=None
[2024-02-08T01:26:06.759+0100] {processor.py:183} INFO - Processing /home/ubuntu/.local/lib/python3.10/site-packages/airflow/example_dags/example_sensors.py took 0.556 seconds
[2024-02-08T01:27:47.125+0100] {processor.py:161} INFO - Started process (PID=55398) to work on /home/ubuntu/.local/lib/python3.10/site-packages/airflow/example_dags/example_sensors.py
[2024-02-08T01:27:47.129+0100] {processor.py:830} INFO - Processing file /home/ubuntu/.local/lib/python3.10/site-packages/airflow/example_dags/example_sensors.py for tasks to queue
[2024-02-08T01:27:47.132+0100] {logging_mixin.py:188} INFO - [2024-02-08T01:27:47.131+0100] {dagbag.py:538} INFO - Filling up the DagBag from /home/ubuntu/.local/lib/python3.10/site-packages/airflow/example_dags/example_sensors.py
[2024-02-08T01:27:47.156+0100] {processor.py:840} INFO - DAG(s) 'example_sensors' retrieved from /home/ubuntu/.local/lib/python3.10/site-packages/airflow/example_dags/example_sensors.py
[2024-02-08T01:27:47.197+0100] {logging_mixin.py:188} INFO - [2024-02-08T01:27:47.197+0100] {dag.py:3033} INFO - Sync 1 DAGs
[2024-02-08T01:27:47.214+0100] {logging_mixin.py:188} INFO - [2024-02-08T01:27:47.214+0100] {dag.py:3820} INFO - Setting next_dagrun for example_sensors to None, run_after=None
[2024-02-08T01:27:47.448+0100] {processor.py:183} INFO - Processing /home/ubuntu/.local/lib/python3.10/site-packages/airflow/example_dags/example_sensors.py took 0.336 seconds
[2024-02-08T01:29:24.727+0100] {processor.py:161} INFO - Started process (PID=55567) to work on /home/ubuntu/.local/lib/python3.10/site-packages/airflow/example_dags/example_sensors.py
[2024-02-08T01:29:24.731+0100] {processor.py:830} INFO - Processing file /home/ubuntu/.local/lib/python3.10/site-packages/airflow/example_dags/example_sensors.py for tasks to queue
[2024-02-08T01:29:24.734+0100] {logging_mixin.py:188} INFO - [2024-02-08T01:29:24.733+0100] {dagbag.py:538} INFO - Filling up the DagBag from /home/ubuntu/.local/lib/python3.10/site-packages/airflow/example_dags/example_sensors.py
[2024-02-08T01:29:24.770+0100] {processor.py:840} INFO - DAG(s) 'example_sensors' retrieved from /home/ubuntu/.local/lib/python3.10/site-packages/airflow/example_dags/example_sensors.py
[2024-02-08T01:29:24.899+0100] {logging_mixin.py:188} INFO - [2024-02-08T01:29:24.899+0100] {dag.py:3033} INFO - Sync 1 DAGs
[2024-02-08T01:29:24.947+0100] {logging_mixin.py:188} INFO - [2024-02-08T01:29:24.947+0100] {dag.py:3820} INFO - Setting next_dagrun for example_sensors to None, run_after=None
[2024-02-08T01:29:25.194+0100] {processor.py:183} INFO - Processing /home/ubuntu/.local/lib/python3.10/site-packages/airflow/example_dags/example_sensors.py took 0.490 seconds
[2024-02-08T01:31:21.102+0100] {processor.py:161} INFO - Started process (PID=55788) to work on /home/ubuntu/.local/lib/python3.10/site-packages/airflow/example_dags/example_sensors.py
[2024-02-08T01:31:21.116+0100] {processor.py:830} INFO - Processing file /home/ubuntu/.local/lib/python3.10/site-packages/airflow/example_dags/example_sensors.py for tasks to queue
[2024-02-08T01:31:21.117+0100] {logging_mixin.py:188} INFO - [2024-02-08T01:31:21.116+0100] {dagbag.py:538} INFO - Filling up the DagBag from /home/ubuntu/.local/lib/python3.10/site-packages/airflow/example_dags/example_sensors.py
[2024-02-08T01:31:21.201+0100] {processor.py:840} INFO - DAG(s) 'example_sensors' retrieved from /home/ubuntu/.local/lib/python3.10/site-packages/airflow/example_dags/example_sensors.py
[2024-02-08T01:31:21.287+0100] {logging_mixin.py:188} INFO - [2024-02-08T01:31:21.287+0100] {dag.py:3033} INFO - Sync 1 DAGs
[2024-02-08T01:31:21.388+0100] {logging_mixin.py:188} INFO - [2024-02-08T01:31:21.387+0100] {dag.py:3820} INFO - Setting next_dagrun for example_sensors to None, run_after=None
[2024-02-08T01:31:21.520+0100] {processor.py:183} INFO - Processing /home/ubuntu/.local/lib/python3.10/site-packages/airflow/example_dags/example_sensors.py took 0.425 seconds
[2024-02-08T01:33:36.830+0100] {processor.py:161} INFO - Started process (PID=56010) to work on /home/ubuntu/.local/lib/python3.10/site-packages/airflow/example_dags/example_sensors.py
[2024-02-08T01:33:36.867+0100] {processor.py:830} INFO - Processing file /home/ubuntu/.local/lib/python3.10/site-packages/airflow/example_dags/example_sensors.py for tasks to queue
[2024-02-08T01:33:36.869+0100] {logging_mixin.py:188} INFO - [2024-02-08T01:33:36.868+0100] {dagbag.py:538} INFO - Filling up the DagBag from /home/ubuntu/.local/lib/python3.10/site-packages/airflow/example_dags/example_sensors.py
[2024-02-08T01:33:36.909+0100] {processor.py:840} INFO - DAG(s) 'example_sensors' retrieved from /home/ubuntu/.local/lib/python3.10/site-packages/airflow/example_dags/example_sensors.py
[2024-02-08T01:33:37.009+0100] {logging_mixin.py:188} INFO - [2024-02-08T01:33:37.008+0100] {dag.py:3033} INFO - Sync 1 DAGs
[2024-02-08T01:33:37.059+0100] {logging_mixin.py:188} INFO - [2024-02-08T01:33:37.059+0100] {dag.py:3820} INFO - Setting next_dagrun for example_sensors to None, run_after=None
[2024-02-08T01:33:37.373+0100] {processor.py:183} INFO - Processing /home/ubuntu/.local/lib/python3.10/site-packages/airflow/example_dags/example_sensors.py took 0.556 seconds
[2024-02-08T01:36:56.031+0100] {processor.py:161} INFO - Started process (PID=56311) to work on /home/ubuntu/.local/lib/python3.10/site-packages/airflow/example_dags/example_sensors.py
[2024-02-08T01:36:56.043+0100] {processor.py:830} INFO - Processing file /home/ubuntu/.local/lib/python3.10/site-packages/airflow/example_dags/example_sensors.py for tasks to queue
[2024-02-08T01:36:56.047+0100] {logging_mixin.py:188} INFO - [2024-02-08T01:36:56.045+0100] {dagbag.py:538} INFO - Filling up the DagBag from /home/ubuntu/.local/lib/python3.10/site-packages/airflow/example_dags/example_sensors.py
[2024-02-08T01:36:56.096+0100] {processor.py:840} INFO - DAG(s) 'example_sensors' retrieved from /home/ubuntu/.local/lib/python3.10/site-packages/airflow/example_dags/example_sensors.py
[2024-02-08T01:36:56.200+0100] {logging_mixin.py:188} INFO - [2024-02-08T01:36:56.200+0100] {dag.py:3033} INFO - Sync 1 DAGs
[2024-02-08T01:36:56.254+0100] {logging_mixin.py:188} INFO - [2024-02-08T01:36:56.254+0100] {dag.py:3820} INFO - Setting next_dagrun for example_sensors to None, run_after=None
[2024-02-08T01:36:56.605+0100] {processor.py:183} INFO - Processing /home/ubuntu/.local/lib/python3.10/site-packages/airflow/example_dags/example_sensors.py took 0.582 seconds
[2024-02-08T01:38:50.418+0100] {processor.py:161} INFO - Started process (PID=56512) to work on /home/ubuntu/.local/lib/python3.10/site-packages/airflow/example_dags/example_sensors.py
[2024-02-08T01:38:50.423+0100] {processor.py:830} INFO - Processing file /home/ubuntu/.local/lib/python3.10/site-packages/airflow/example_dags/example_sensors.py for tasks to queue
[2024-02-08T01:38:50.427+0100] {logging_mixin.py:188} INFO - [2024-02-08T01:38:50.425+0100] {dagbag.py:538} INFO - Filling up the DagBag from /home/ubuntu/.local/lib/python3.10/site-packages/airflow/example_dags/example_sensors.py
[2024-02-08T01:38:50.467+0100] {processor.py:840} INFO - DAG(s) 'example_sensors' retrieved from /home/ubuntu/.local/lib/python3.10/site-packages/airflow/example_dags/example_sensors.py
[2024-02-08T01:38:50.590+0100] {logging_mixin.py:188} INFO - [2024-02-08T01:38:50.590+0100] {dag.py:3033} INFO - Sync 1 DAGs
[2024-02-08T01:38:50.654+0100] {logging_mixin.py:188} INFO - [2024-02-08T01:38:50.654+0100] {dag.py:3820} INFO - Setting next_dagrun for example_sensors to None, run_after=None
[2024-02-08T01:38:50.848+0100] {processor.py:183} INFO - Processing /home/ubuntu/.local/lib/python3.10/site-packages/airflow/example_dags/example_sensors.py took 0.446 seconds
[2024-02-08T01:41:16.382+0100] {processor.py:161} INFO - Started process (PID=56803) to work on /home/ubuntu/.local/lib/python3.10/site-packages/airflow/example_dags/example_sensors.py
[2024-02-08T01:41:16.424+0100] {processor.py:830} INFO - Processing file /home/ubuntu/.local/lib/python3.10/site-packages/airflow/example_dags/example_sensors.py for tasks to queue
[2024-02-08T01:41:16.439+0100] {logging_mixin.py:188} INFO - [2024-02-08T01:41:16.434+0100] {dagbag.py:538} INFO - Filling up the DagBag from /home/ubuntu/.local/lib/python3.10/site-packages/airflow/example_dags/example_sensors.py
[2024-02-08T01:41:16.537+0100] {processor.py:840} INFO - DAG(s) 'example_sensors' retrieved from /home/ubuntu/.local/lib/python3.10/site-packages/airflow/example_dags/example_sensors.py
[2024-02-08T01:41:16.727+0100] {logging_mixin.py:188} INFO - [2024-02-08T01:41:16.726+0100] {dag.py:3033} INFO - Sync 1 DAGs
[2024-02-08T01:41:16.874+0100] {logging_mixin.py:188} INFO - [2024-02-08T01:41:16.873+0100] {dag.py:3820} INFO - Setting next_dagrun for example_sensors to None, run_after=None
[2024-02-08T01:41:17.486+0100] {processor.py:183} INFO - Processing /home/ubuntu/.local/lib/python3.10/site-packages/airflow/example_dags/example_sensors.py took 1.125 seconds
[2024-02-08T01:42:43.726+0100] {processor.py:161} INFO - Started process (PID=56971) to work on /home/ubuntu/.local/lib/python3.10/site-packages/airflow/example_dags/example_sensors.py
[2024-02-08T01:42:43.729+0100] {processor.py:830} INFO - Processing file /home/ubuntu/.local/lib/python3.10/site-packages/airflow/example_dags/example_sensors.py for tasks to queue
[2024-02-08T01:42:43.730+0100] {logging_mixin.py:188} INFO - [2024-02-08T01:42:43.730+0100] {dagbag.py:538} INFO - Filling up the DagBag from /home/ubuntu/.local/lib/python3.10/site-packages/airflow/example_dags/example_sensors.py
[2024-02-08T01:42:43.833+0100] {processor.py:840} INFO - DAG(s) 'example_sensors' retrieved from /home/ubuntu/.local/lib/python3.10/site-packages/airflow/example_dags/example_sensors.py
[2024-02-08T01:42:43.926+0100] {logging_mixin.py:188} INFO - [2024-02-08T01:42:43.926+0100] {dag.py:3033} INFO - Sync 1 DAGs
[2024-02-08T01:42:43.981+0100] {logging_mixin.py:188} INFO - [2024-02-08T01:42:43.981+0100] {dag.py:3820} INFO - Setting next_dagrun for example_sensors to None, run_after=None
[2024-02-08T01:42:44.133+0100] {processor.py:183} INFO - Processing /home/ubuntu/.local/lib/python3.10/site-packages/airflow/example_dags/example_sensors.py took 0.418 seconds
[2024-02-08T01:44:08.737+0100] {processor.py:161} INFO - Started process (PID=57133) to work on /home/ubuntu/.local/lib/python3.10/site-packages/airflow/example_dags/example_sensors.py
[2024-02-08T01:44:08.741+0100] {processor.py:830} INFO - Processing file /home/ubuntu/.local/lib/python3.10/site-packages/airflow/example_dags/example_sensors.py for tasks to queue
[2024-02-08T01:44:08.742+0100] {logging_mixin.py:188} INFO - [2024-02-08T01:44:08.742+0100] {dagbag.py:538} INFO - Filling up the DagBag from /home/ubuntu/.local/lib/python3.10/site-packages/airflow/example_dags/example_sensors.py
[2024-02-08T01:44:08.761+0100] {processor.py:840} INFO - DAG(s) 'example_sensors' retrieved from /home/ubuntu/.local/lib/python3.10/site-packages/airflow/example_dags/example_sensors.py
[2024-02-08T01:44:08.800+0100] {logging_mixin.py:188} INFO - [2024-02-08T01:44:08.799+0100] {dag.py:3033} INFO - Sync 1 DAGs
[2024-02-08T01:44:08.819+0100] {logging_mixin.py:188} INFO - [2024-02-08T01:44:08.819+0100] {dag.py:3820} INFO - Setting next_dagrun for example_sensors to None, run_after=None
[2024-02-08T01:44:08.875+0100] {processor.py:183} INFO - Processing /home/ubuntu/.local/lib/python3.10/site-packages/airflow/example_dags/example_sensors.py took 0.147 seconds
[2024-02-08T01:45:11.569+0100] {processor.py:161} INFO - Started process (PID=57257) to work on /home/ubuntu/.local/lib/python3.10/site-packages/airflow/example_dags/example_sensors.py
[2024-02-08T01:45:11.571+0100] {processor.py:830} INFO - Processing file /home/ubuntu/.local/lib/python3.10/site-packages/airflow/example_dags/example_sensors.py for tasks to queue
[2024-02-08T01:45:11.574+0100] {logging_mixin.py:188} INFO - [2024-02-08T01:45:11.573+0100] {dagbag.py:538} INFO - Filling up the DagBag from /home/ubuntu/.local/lib/python3.10/site-packages/airflow/example_dags/example_sensors.py
[2024-02-08T01:45:11.589+0100] {processor.py:840} INFO - DAG(s) 'example_sensors' retrieved from /home/ubuntu/.local/lib/python3.10/site-packages/airflow/example_dags/example_sensors.py
[2024-02-08T01:45:11.614+0100] {logging_mixin.py:188} INFO - [2024-02-08T01:45:11.614+0100] {dag.py:3033} INFO - Sync 1 DAGs
[2024-02-08T01:45:11.629+0100] {logging_mixin.py:188} INFO - [2024-02-08T01:45:11.629+0100] {dag.py:3820} INFO - Setting next_dagrun for example_sensors to None, run_after=None
[2024-02-08T01:45:11.662+0100] {processor.py:183} INFO - Processing /home/ubuntu/.local/lib/python3.10/site-packages/airflow/example_dags/example_sensors.py took 0.097 seconds
[2024-02-08T01:46:14.635+0100] {processor.py:161} INFO - Started process (PID=57378) to work on /home/ubuntu/.local/lib/python3.10/site-packages/airflow/example_dags/example_sensors.py
[2024-02-08T01:46:14.638+0100] {processor.py:830} INFO - Processing file /home/ubuntu/.local/lib/python3.10/site-packages/airflow/example_dags/example_sensors.py for tasks to queue
[2024-02-08T01:46:14.639+0100] {logging_mixin.py:188} INFO - [2024-02-08T01:46:14.639+0100] {dagbag.py:538} INFO - Filling up the DagBag from /home/ubuntu/.local/lib/python3.10/site-packages/airflow/example_dags/example_sensors.py
[2024-02-08T01:46:14.657+0100] {processor.py:840} INFO - DAG(s) 'example_sensors' retrieved from /home/ubuntu/.local/lib/python3.10/site-packages/airflow/example_dags/example_sensors.py
[2024-02-08T01:46:14.687+0100] {logging_mixin.py:188} INFO - [2024-02-08T01:46:14.687+0100] {dag.py:3033} INFO - Sync 1 DAGs
[2024-02-08T01:46:14.703+0100] {logging_mixin.py:188} INFO - [2024-02-08T01:46:14.703+0100] {dag.py:3820} INFO - Setting next_dagrun for example_sensors to None, run_after=None
[2024-02-08T01:46:14.745+0100] {processor.py:183} INFO - Processing /home/ubuntu/.local/lib/python3.10/site-packages/airflow/example_dags/example_sensors.py took 0.115 seconds
[2024-02-08T01:47:23.948+0100] {processor.py:161} INFO - Started process (PID=57522) to work on /home/ubuntu/.local/lib/python3.10/site-packages/airflow/example_dags/example_sensors.py
[2024-02-08T01:47:23.954+0100] {processor.py:830} INFO - Processing file /home/ubuntu/.local/lib/python3.10/site-packages/airflow/example_dags/example_sensors.py for tasks to queue
[2024-02-08T01:47:23.957+0100] {logging_mixin.py:188} INFO - [2024-02-08T01:47:23.957+0100] {dagbag.py:538} INFO - Filling up the DagBag from /home/ubuntu/.local/lib/python3.10/site-packages/airflow/example_dags/example_sensors.py
[2024-02-08T01:47:23.990+0100] {processor.py:840} INFO - DAG(s) 'example_sensors' retrieved from /home/ubuntu/.local/lib/python3.10/site-packages/airflow/example_dags/example_sensors.py
[2024-02-08T01:47:24.134+0100] {logging_mixin.py:188} INFO - [2024-02-08T01:47:24.133+0100] {dag.py:3033} INFO - Sync 1 DAGs
[2024-02-08T01:47:24.176+0100] {logging_mixin.py:188} INFO - [2024-02-08T01:47:24.176+0100] {dag.py:3820} INFO - Setting next_dagrun for example_sensors to None, run_after=None
[2024-02-08T01:47:24.329+0100] {processor.py:183} INFO - Processing /home/ubuntu/.local/lib/python3.10/site-packages/airflow/example_dags/example_sensors.py took 0.397 seconds
[2024-02-08T01:49:05.769+0100] {processor.py:161} INFO - Started process (PID=57735) to work on /home/ubuntu/.local/lib/python3.10/site-packages/airflow/example_dags/example_sensors.py
[2024-02-08T01:49:05.773+0100] {processor.py:830} INFO - Processing file /home/ubuntu/.local/lib/python3.10/site-packages/airflow/example_dags/example_sensors.py for tasks to queue
[2024-02-08T01:49:05.775+0100] {logging_mixin.py:188} INFO - [2024-02-08T01:49:05.775+0100] {dagbag.py:538} INFO - Filling up the DagBag from /home/ubuntu/.local/lib/python3.10/site-packages/airflow/example_dags/example_sensors.py
[2024-02-08T01:49:05.792+0100] {processor.py:840} INFO - DAG(s) 'example_sensors' retrieved from /home/ubuntu/.local/lib/python3.10/site-packages/airflow/example_dags/example_sensors.py
[2024-02-08T01:49:05.822+0100] {logging_mixin.py:188} INFO - [2024-02-08T01:49:05.821+0100] {dag.py:3033} INFO - Sync 1 DAGs
[2024-02-08T01:49:05.838+0100] {logging_mixin.py:188} INFO - [2024-02-08T01:49:05.838+0100] {dag.py:3820} INFO - Setting next_dagrun for example_sensors to None, run_after=None
[2024-02-08T01:49:05.917+0100] {processor.py:183} INFO - Processing /home/ubuntu/.local/lib/python3.10/site-packages/airflow/example_dags/example_sensors.py took 0.165 seconds
[2024-02-08T01:51:00.678+0100] {processor.py:161} INFO - Started process (PID=57968) to work on /home/ubuntu/.local/lib/python3.10/site-packages/airflow/example_dags/example_sensors.py
[2024-02-08T01:51:00.680+0100] {processor.py:830} INFO - Processing file /home/ubuntu/.local/lib/python3.10/site-packages/airflow/example_dags/example_sensors.py for tasks to queue
[2024-02-08T01:51:00.682+0100] {logging_mixin.py:188} INFO - [2024-02-08T01:51:00.681+0100] {dagbag.py:538} INFO - Filling up the DagBag from /home/ubuntu/.local/lib/python3.10/site-packages/airflow/example_dags/example_sensors.py
[2024-02-08T01:51:00.697+0100] {processor.py:840} INFO - DAG(s) 'example_sensors' retrieved from /home/ubuntu/.local/lib/python3.10/site-packages/airflow/example_dags/example_sensors.py
[2024-02-08T01:51:00.787+0100] {logging_mixin.py:188} INFO - [2024-02-08T01:51:00.787+0100] {dag.py:3033} INFO - Sync 1 DAGs
[2024-02-08T01:51:00.830+0100] {logging_mixin.py:188} INFO - [2024-02-08T01:51:00.829+0100] {dag.py:3820} INFO - Setting next_dagrun for example_sensors to None, run_after=None
[2024-02-08T01:51:00.888+0100] {processor.py:183} INFO - Processing /home/ubuntu/.local/lib/python3.10/site-packages/airflow/example_dags/example_sensors.py took 0.214 seconds
[2024-02-08T01:52:20.498+0100] {processor.py:161} INFO - Started process (PID=58114) to work on /home/ubuntu/.local/lib/python3.10/site-packages/airflow/example_dags/example_sensors.py
[2024-02-08T01:52:20.515+0100] {processor.py:830} INFO - Processing file /home/ubuntu/.local/lib/python3.10/site-packages/airflow/example_dags/example_sensors.py for tasks to queue
[2024-02-08T01:52:20.517+0100] {logging_mixin.py:188} INFO - [2024-02-08T01:52:20.516+0100] {dagbag.py:538} INFO - Filling up the DagBag from /home/ubuntu/.local/lib/python3.10/site-packages/airflow/example_dags/example_sensors.py
[2024-02-08T01:52:20.619+0100] {processor.py:840} INFO - DAG(s) 'example_sensors' retrieved from /home/ubuntu/.local/lib/python3.10/site-packages/airflow/example_dags/example_sensors.py
[2024-02-08T01:52:20.752+0100] {logging_mixin.py:188} INFO - [2024-02-08T01:52:20.751+0100] {dag.py:3033} INFO - Sync 1 DAGs
[2024-02-08T01:52:20.803+0100] {logging_mixin.py:188} INFO - [2024-02-08T01:52:20.802+0100] {dag.py:3820} INFO - Setting next_dagrun for example_sensors to None, run_after=None
[2024-02-08T01:52:20.866+0100] {processor.py:183} INFO - Processing /home/ubuntu/.local/lib/python3.10/site-packages/airflow/example_dags/example_sensors.py took 0.394 seconds
[2024-02-08T01:53:51.624+0100] {processor.py:161} INFO - Started process (PID=58275) to work on /home/ubuntu/.local/lib/python3.10/site-packages/airflow/example_dags/example_sensors.py
[2024-02-08T01:53:51.641+0100] {processor.py:830} INFO - Processing file /home/ubuntu/.local/lib/python3.10/site-packages/airflow/example_dags/example_sensors.py for tasks to queue
[2024-02-08T01:53:51.643+0100] {logging_mixin.py:188} INFO - [2024-02-08T01:53:51.642+0100] {dagbag.py:538} INFO - Filling up the DagBag from /home/ubuntu/.local/lib/python3.10/site-packages/airflow/example_dags/example_sensors.py
[2024-02-08T01:53:51.672+0100] {processor.py:840} INFO - DAG(s) 'example_sensors' retrieved from /home/ubuntu/.local/lib/python3.10/site-packages/airflow/example_dags/example_sensors.py
[2024-02-08T01:53:51.795+0100] {logging_mixin.py:188} INFO - [2024-02-08T01:53:51.788+0100] {dag.py:3033} INFO - Sync 1 DAGs
[2024-02-08T01:53:51.848+0100] {logging_mixin.py:188} INFO - [2024-02-08T01:53:51.847+0100] {dag.py:3820} INFO - Setting next_dagrun for example_sensors to None, run_after=None
[2024-02-08T01:53:51.964+0100] {processor.py:183} INFO - Processing /home/ubuntu/.local/lib/python3.10/site-packages/airflow/example_dags/example_sensors.py took 0.354 seconds
[2024-02-08T01:55:50.311+0100] {processor.py:161} INFO - Started process (PID=58498) to work on /home/ubuntu/.local/lib/python3.10/site-packages/airflow/example_dags/example_sensors.py
[2024-02-08T01:55:50.317+0100] {processor.py:830} INFO - Processing file /home/ubuntu/.local/lib/python3.10/site-packages/airflow/example_dags/example_sensors.py for tasks to queue
[2024-02-08T01:55:50.318+0100] {logging_mixin.py:188} INFO - [2024-02-08T01:55:50.317+0100] {dagbag.py:538} INFO - Filling up the DagBag from /home/ubuntu/.local/lib/python3.10/site-packages/airflow/example_dags/example_sensors.py
[2024-02-08T01:55:50.352+0100] {processor.py:840} INFO - DAG(s) 'example_sensors' retrieved from /home/ubuntu/.local/lib/python3.10/site-packages/airflow/example_dags/example_sensors.py
[2024-02-08T01:55:50.415+0100] {logging_mixin.py:188} INFO - [2024-02-08T01:55:50.415+0100] {dag.py:3033} INFO - Sync 1 DAGs
[2024-02-08T01:55:50.500+0100] {logging_mixin.py:188} INFO - [2024-02-08T01:55:50.500+0100] {dag.py:3820} INFO - Setting next_dagrun for example_sensors to None, run_after=None
[2024-02-08T01:55:50.723+0100] {processor.py:183} INFO - Processing /home/ubuntu/.local/lib/python3.10/site-packages/airflow/example_dags/example_sensors.py took 0.421 seconds
[2024-02-08T01:57:29.326+0100] {processor.py:161} INFO - Started process (PID=58663) to work on /home/ubuntu/.local/lib/python3.10/site-packages/airflow/example_dags/example_sensors.py
[2024-02-08T01:57:29.367+0100] {processor.py:830} INFO - Processing file /home/ubuntu/.local/lib/python3.10/site-packages/airflow/example_dags/example_sensors.py for tasks to queue
[2024-02-08T01:57:29.375+0100] {logging_mixin.py:188} INFO - [2024-02-08T01:57:29.374+0100] {dagbag.py:538} INFO - Filling up the DagBag from /home/ubuntu/.local/lib/python3.10/site-packages/airflow/example_dags/example_sensors.py
[2024-02-08T01:57:29.411+0100] {processor.py:840} INFO - DAG(s) 'example_sensors' retrieved from /home/ubuntu/.local/lib/python3.10/site-packages/airflow/example_dags/example_sensors.py
[2024-02-08T01:57:29.774+0100] {logging_mixin.py:188} INFO - [2024-02-08T01:57:29.773+0100] {dag.py:3033} INFO - Sync 1 DAGs
[2024-02-08T01:57:29.844+0100] {logging_mixin.py:188} INFO - [2024-02-08T01:57:29.838+0100] {dag.py:3820} INFO - Setting next_dagrun for example_sensors to None, run_after=None
[2024-02-08T01:57:30.153+0100] {processor.py:183} INFO - Processing /home/ubuntu/.local/lib/python3.10/site-packages/airflow/example_dags/example_sensors.py took 0.860 seconds
[2024-02-08T01:59:36.798+0100] {processor.py:161} INFO - Started process (PID=58886) to work on /home/ubuntu/.local/lib/python3.10/site-packages/airflow/example_dags/example_sensors.py
[2024-02-08T01:59:36.802+0100] {processor.py:830} INFO - Processing file /home/ubuntu/.local/lib/python3.10/site-packages/airflow/example_dags/example_sensors.py for tasks to queue
[2024-02-08T01:59:36.803+0100] {logging_mixin.py:188} INFO - [2024-02-08T01:59:36.803+0100] {dagbag.py:538} INFO - Filling up the DagBag from /home/ubuntu/.local/lib/python3.10/site-packages/airflow/example_dags/example_sensors.py
[2024-02-08T01:59:36.818+0100] {processor.py:840} INFO - DAG(s) 'example_sensors' retrieved from /home/ubuntu/.local/lib/python3.10/site-packages/airflow/example_dags/example_sensors.py
[2024-02-08T01:59:36.855+0100] {logging_mixin.py:188} INFO - [2024-02-08T01:59:36.855+0100] {dag.py:3033} INFO - Sync 1 DAGs
[2024-02-08T01:59:36.877+0100] {logging_mixin.py:188} INFO - [2024-02-08T01:59:36.876+0100] {dag.py:3820} INFO - Setting next_dagrun for example_sensors to None, run_after=None
[2024-02-08T01:59:36.923+0100] {processor.py:183} INFO - Processing /home/ubuntu/.local/lib/python3.10/site-packages/airflow/example_dags/example_sensors.py took 0.132 seconds
[2024-02-08T02:01:25.735+0100] {processor.py:161} INFO - Started process (PID=59078) to work on /home/ubuntu/.local/lib/python3.10/site-packages/airflow/example_dags/example_sensors.py
[2024-02-08T02:01:25.783+0100] {processor.py:830} INFO - Processing file /home/ubuntu/.local/lib/python3.10/site-packages/airflow/example_dags/example_sensors.py for tasks to queue
[2024-02-08T02:01:25.812+0100] {logging_mixin.py:188} INFO - [2024-02-08T02:01:25.784+0100] {dagbag.py:538} INFO - Filling up the DagBag from /home/ubuntu/.local/lib/python3.10/site-packages/airflow/example_dags/example_sensors.py
[2024-02-08T02:01:25.900+0100] {processor.py:840} INFO - DAG(s) 'example_sensors' retrieved from /home/ubuntu/.local/lib/python3.10/site-packages/airflow/example_dags/example_sensors.py
[2024-02-08T02:01:26.007+0100] {logging_mixin.py:188} INFO - [2024-02-08T02:01:26.006+0100] {dag.py:3033} INFO - Sync 1 DAGs
[2024-02-08T02:01:26.151+0100] {logging_mixin.py:188} INFO - [2024-02-08T02:01:26.150+0100] {dag.py:3820} INFO - Setting next_dagrun for example_sensors to None, run_after=None
[2024-02-08T02:01:26.304+0100] {processor.py:183} INFO - Processing /home/ubuntu/.local/lib/python3.10/site-packages/airflow/example_dags/example_sensors.py took 0.582 seconds
[2024-02-08T02:03:37.243+0100] {processor.py:161} INFO - Started process (PID=59287) to work on /home/ubuntu/.local/lib/python3.10/site-packages/airflow/example_dags/example_sensors.py
[2024-02-08T02:03:37.273+0100] {processor.py:830} INFO - Processing file /home/ubuntu/.local/lib/python3.10/site-packages/airflow/example_dags/example_sensors.py for tasks to queue
[2024-02-08T02:03:37.296+0100] {logging_mixin.py:188} INFO - [2024-02-08T02:03:37.286+0100] {dagbag.py:538} INFO - Filling up the DagBag from /home/ubuntu/.local/lib/python3.10/site-packages/airflow/example_dags/example_sensors.py
[2024-02-08T02:03:37.331+0100] {processor.py:840} INFO - DAG(s) 'example_sensors' retrieved from /home/ubuntu/.local/lib/python3.10/site-packages/airflow/example_dags/example_sensors.py
[2024-02-08T02:03:37.460+0100] {logging_mixin.py:188} INFO - [2024-02-08T02:03:37.460+0100] {dag.py:3033} INFO - Sync 1 DAGs
[2024-02-08T02:03:37.510+0100] {logging_mixin.py:188} INFO - [2024-02-08T02:03:37.510+0100] {dag.py:3820} INFO - Setting next_dagrun for example_sensors to None, run_after=None
[2024-02-08T02:03:37.743+0100] {processor.py:183} INFO - Processing /home/ubuntu/.local/lib/python3.10/site-packages/airflow/example_dags/example_sensors.py took 0.533 seconds
[2024-02-08T02:05:40.054+0100] {processor.py:161} INFO - Started process (PID=59484) to work on /home/ubuntu/.local/lib/python3.10/site-packages/airflow/example_dags/example_sensors.py
[2024-02-08T02:05:40.073+0100] {processor.py:830} INFO - Processing file /home/ubuntu/.local/lib/python3.10/site-packages/airflow/example_dags/example_sensors.py for tasks to queue
[2024-02-08T02:05:40.084+0100] {logging_mixin.py:188} INFO - [2024-02-08T02:05:40.081+0100] {dagbag.py:538} INFO - Filling up the DagBag from /home/ubuntu/.local/lib/python3.10/site-packages/airflow/example_dags/example_sensors.py
[2024-02-08T02:05:40.137+0100] {processor.py:840} INFO - DAG(s) 'example_sensors' retrieved from /home/ubuntu/.local/lib/python3.10/site-packages/airflow/example_dags/example_sensors.py
[2024-02-08T02:05:40.234+0100] {logging_mixin.py:188} INFO - [2024-02-08T02:05:40.234+0100] {dag.py:3033} INFO - Sync 1 DAGs
[2024-02-08T02:05:40.288+0100] {logging_mixin.py:188} INFO - [2024-02-08T02:05:40.287+0100] {dag.py:3820} INFO - Setting next_dagrun for example_sensors to None, run_after=None
[2024-02-08T02:05:40.648+0100] {processor.py:183} INFO - Processing /home/ubuntu/.local/lib/python3.10/site-packages/airflow/example_dags/example_sensors.py took 0.625 seconds
[2024-02-08T02:09:15.286+0100] {processor.py:161} INFO - Started process (PID=60423) to work on /home/ubuntu/.local/lib/python3.10/site-packages/airflow/example_dags/example_sensors.py
[2024-02-08T02:09:15.322+0100] {processor.py:830} INFO - Processing file /home/ubuntu/.local/lib/python3.10/site-packages/airflow/example_dags/example_sensors.py for tasks to queue
[2024-02-08T02:09:15.325+0100] {logging_mixin.py:188} INFO - [2024-02-08T02:09:15.324+0100] {dagbag.py:538} INFO - Filling up the DagBag from /home/ubuntu/.local/lib/python3.10/site-packages/airflow/example_dags/example_sensors.py
[2024-02-08T02:09:15.358+0100] {processor.py:840} INFO - DAG(s) 'example_sensors' retrieved from /home/ubuntu/.local/lib/python3.10/site-packages/airflow/example_dags/example_sensors.py
[2024-02-08T02:09:15.494+0100] {logging_mixin.py:188} INFO - [2024-02-08T02:09:15.493+0100] {dag.py:3033} INFO - Sync 1 DAGs
[2024-02-08T02:09:15.573+0100] {logging_mixin.py:188} INFO - [2024-02-08T02:09:15.571+0100] {dag.py:3820} INFO - Setting next_dagrun for example_sensors to None, run_after=None
[2024-02-08T02:09:15.690+0100] {processor.py:183} INFO - Processing /home/ubuntu/.local/lib/python3.10/site-packages/airflow/example_dags/example_sensors.py took 0.433 seconds
[2024-02-08T02:11:10.178+0100] {processor.py:161} INFO - Started process (PID=60591) to work on /home/ubuntu/.local/lib/python3.10/site-packages/airflow/example_dags/example_sensors.py
[2024-02-08T02:11:10.180+0100] {processor.py:830} INFO - Processing file /home/ubuntu/.local/lib/python3.10/site-packages/airflow/example_dags/example_sensors.py for tasks to queue
[2024-02-08T02:11:10.181+0100] {logging_mixin.py:188} INFO - [2024-02-08T02:11:10.180+0100] {dagbag.py:538} INFO - Filling up the DagBag from /home/ubuntu/.local/lib/python3.10/site-packages/airflow/example_dags/example_sensors.py
[2024-02-08T02:11:10.193+0100] {processor.py:840} INFO - DAG(s) 'example_sensors' retrieved from /home/ubuntu/.local/lib/python3.10/site-packages/airflow/example_dags/example_sensors.py
[2024-02-08T02:11:10.228+0100] {logging_mixin.py:188} INFO - [2024-02-08T02:11:10.227+0100] {dag.py:3033} INFO - Sync 1 DAGs
[2024-02-08T02:11:10.246+0100] {logging_mixin.py:188} INFO - [2024-02-08T02:11:10.246+0100] {dag.py:3820} INFO - Setting next_dagrun for example_sensors to None, run_after=None
[2024-02-08T02:11:10.280+0100] {processor.py:183} INFO - Processing /home/ubuntu/.local/lib/python3.10/site-packages/airflow/example_dags/example_sensors.py took 0.108 seconds
[2024-02-08T02:12:43.929+0100] {processor.py:161} INFO - Started process (PID=60943) to work on /home/ubuntu/.local/lib/python3.10/site-packages/airflow/example_dags/example_sensors.py
[2024-02-08T02:12:43.932+0100] {processor.py:830} INFO - Processing file /home/ubuntu/.local/lib/python3.10/site-packages/airflow/example_dags/example_sensors.py for tasks to queue
[2024-02-08T02:12:43.934+0100] {logging_mixin.py:188} INFO - [2024-02-08T02:12:43.933+0100] {dagbag.py:538} INFO - Filling up the DagBag from /home/ubuntu/.local/lib/python3.10/site-packages/airflow/example_dags/example_sensors.py
[2024-02-08T02:12:43.954+0100] {processor.py:840} INFO - DAG(s) 'example_sensors' retrieved from /home/ubuntu/.local/lib/python3.10/site-packages/airflow/example_dags/example_sensors.py
[2024-02-08T02:12:43.984+0100] {logging_mixin.py:188} INFO - [2024-02-08T02:12:43.983+0100] {dag.py:3033} INFO - Sync 1 DAGs
[2024-02-08T02:12:43.997+0100] {logging_mixin.py:188} INFO - [2024-02-08T02:12:43.997+0100] {dag.py:3820} INFO - Setting next_dagrun for example_sensors to None, run_after=None
[2024-02-08T02:12:44.028+0100] {processor.py:183} INFO - Processing /home/ubuntu/.local/lib/python3.10/site-packages/airflow/example_dags/example_sensors.py took 0.106 seconds
[2024-02-08T02:13:50.356+0100] {processor.py:161} INFO - Started process (PID=61053) to work on /home/ubuntu/.local/lib/python3.10/site-packages/airflow/example_dags/example_sensors.py
[2024-02-08T02:13:50.359+0100] {processor.py:830} INFO - Processing file /home/ubuntu/.local/lib/python3.10/site-packages/airflow/example_dags/example_sensors.py for tasks to queue
[2024-02-08T02:13:50.360+0100] {logging_mixin.py:188} INFO - [2024-02-08T02:13:50.359+0100] {dagbag.py:538} INFO - Filling up the DagBag from /home/ubuntu/.local/lib/python3.10/site-packages/airflow/example_dags/example_sensors.py
[2024-02-08T02:13:50.371+0100] {processor.py:840} INFO - DAG(s) 'example_sensors' retrieved from /home/ubuntu/.local/lib/python3.10/site-packages/airflow/example_dags/example_sensors.py
[2024-02-08T02:13:50.393+0100] {logging_mixin.py:188} INFO - [2024-02-08T02:13:50.393+0100] {dag.py:3033} INFO - Sync 1 DAGs
[2024-02-08T02:13:50.405+0100] {logging_mixin.py:188} INFO - [2024-02-08T02:13:50.405+0100] {dag.py:3820} INFO - Setting next_dagrun for example_sensors to None, run_after=None
[2024-02-08T02:13:50.436+0100] {processor.py:183} INFO - Processing /home/ubuntu/.local/lib/python3.10/site-packages/airflow/example_dags/example_sensors.py took 0.084 seconds
[2024-02-08T02:15:14.422+0100] {processor.py:161} INFO - Started process (PID=61194) to work on /home/ubuntu/.local/lib/python3.10/site-packages/airflow/example_dags/example_sensors.py
[2024-02-08T02:15:14.424+0100] {processor.py:830} INFO - Processing file /home/ubuntu/.local/lib/python3.10/site-packages/airflow/example_dags/example_sensors.py for tasks to queue
[2024-02-08T02:15:14.425+0100] {logging_mixin.py:188} INFO - [2024-02-08T02:15:14.425+0100] {dagbag.py:538} INFO - Filling up the DagBag from /home/ubuntu/.local/lib/python3.10/site-packages/airflow/example_dags/example_sensors.py
[2024-02-08T02:15:14.437+0100] {processor.py:840} INFO - DAG(s) 'example_sensors' retrieved from /home/ubuntu/.local/lib/python3.10/site-packages/airflow/example_dags/example_sensors.py
[2024-02-08T02:15:14.464+0100] {logging_mixin.py:188} INFO - [2024-02-08T02:15:14.464+0100] {dag.py:3033} INFO - Sync 1 DAGs
[2024-02-08T02:15:14.500+0100] {logging_mixin.py:188} INFO - [2024-02-08T02:15:14.500+0100] {dag.py:3820} INFO - Setting next_dagrun for example_sensors to None, run_after=None
[2024-02-08T02:15:14.535+0100] {processor.py:183} INFO - Processing /home/ubuntu/.local/lib/python3.10/site-packages/airflow/example_dags/example_sensors.py took 0.118 seconds
[2024-02-08T02:16:10.130+0100] {processor.py:161} INFO - Started process (PID=61278) to work on /home/ubuntu/.local/lib/python3.10/site-packages/airflow/example_dags/example_sensors.py
[2024-02-08T02:16:10.133+0100] {processor.py:830} INFO - Processing file /home/ubuntu/.local/lib/python3.10/site-packages/airflow/example_dags/example_sensors.py for tasks to queue
[2024-02-08T02:16:10.134+0100] {logging_mixin.py:188} INFO - [2024-02-08T02:16:10.133+0100] {dagbag.py:538} INFO - Filling up the DagBag from /home/ubuntu/.local/lib/python3.10/site-packages/airflow/example_dags/example_sensors.py
[2024-02-08T02:16:10.146+0100] {processor.py:840} INFO - DAG(s) 'example_sensors' retrieved from /home/ubuntu/.local/lib/python3.10/site-packages/airflow/example_dags/example_sensors.py
[2024-02-08T02:16:10.168+0100] {logging_mixin.py:188} INFO - [2024-02-08T02:16:10.167+0100] {dag.py:3033} INFO - Sync 1 DAGs
[2024-02-08T02:16:10.179+0100] {logging_mixin.py:188} INFO - [2024-02-08T02:16:10.179+0100] {dag.py:3820} INFO - Setting next_dagrun for example_sensors to None, run_after=None
[2024-02-08T02:16:10.206+0100] {processor.py:183} INFO - Processing /home/ubuntu/.local/lib/python3.10/site-packages/airflow/example_dags/example_sensors.py took 0.079 seconds
