[2024-02-08T01:02:49.085+0100] {processor.py:161} INFO - Started process (PID=50714) to work on /home/ubuntu/.local/lib/python3.10/site-packages/airflow/example_dags/example_nested_branch_dag.py
[2024-02-08T01:02:49.087+0100] {processor.py:830} INFO - Processing file /home/ubuntu/.local/lib/python3.10/site-packages/airflow/example_dags/example_nested_branch_dag.py for tasks to queue
[2024-02-08T01:02:49.088+0100] {logging_mixin.py:188} INFO - [2024-02-08T01:02:49.088+0100] {dagbag.py:538} INFO - Filling up the DagBag from /home/ubuntu/.local/lib/python3.10/site-packages/airflow/example_dags/example_nested_branch_dag.py
[2024-02-08T01:02:49.116+0100] {processor.py:840} INFO - DAG(s) 'example_nested_branch_dag' retrieved from /home/ubuntu/.local/lib/python3.10/site-packages/airflow/example_dags/example_nested_branch_dag.py
[2024-02-08T01:02:49.401+0100] {logging_mixin.py:188} INFO - [2024-02-08T01:02:49.401+0100] {dag.py:3033} INFO - Sync 1 DAGs
[2024-02-08T01:02:49.472+0100] {logging_mixin.py:188} INFO - [2024-02-08T01:02:49.472+0100] {dag.py:3820} INFO - Setting next_dagrun for example_nested_branch_dag to 2024-02-07T00:00:00+00:00, run_after=2024-02-08T00:00:00+00:00
[2024-02-08T01:02:49.711+0100] {processor.py:183} INFO - Processing /home/ubuntu/.local/lib/python3.10/site-packages/airflow/example_dags/example_nested_branch_dag.py took 0.651 seconds
[2024-02-08T01:04:37.965+0100] {processor.py:161} INFO - Started process (PID=50906) to work on /home/ubuntu/.local/lib/python3.10/site-packages/airflow/example_dags/example_nested_branch_dag.py
[2024-02-08T01:04:37.983+0100] {processor.py:830} INFO - Processing file /home/ubuntu/.local/lib/python3.10/site-packages/airflow/example_dags/example_nested_branch_dag.py for tasks to queue
[2024-02-08T01:04:37.984+0100] {logging_mixin.py:188} INFO - [2024-02-08T01:04:37.984+0100] {dagbag.py:538} INFO - Filling up the DagBag from /home/ubuntu/.local/lib/python3.10/site-packages/airflow/example_dags/example_nested_branch_dag.py
[2024-02-08T01:04:38.019+0100] {processor.py:840} INFO - DAG(s) 'example_nested_branch_dag' retrieved from /home/ubuntu/.local/lib/python3.10/site-packages/airflow/example_dags/example_nested_branch_dag.py
[2024-02-08T01:04:38.096+0100] {logging_mixin.py:188} INFO - [2024-02-08T01:04:38.096+0100] {dag.py:3033} INFO - Sync 1 DAGs
[2024-02-08T01:04:38.170+0100] {logging_mixin.py:188} INFO - [2024-02-08T01:04:38.170+0100] {dag.py:3820} INFO - Setting next_dagrun for example_nested_branch_dag to 2024-02-07T00:00:00+00:00, run_after=2024-02-08T00:00:00+00:00
[2024-02-08T01:04:38.222+0100] {processor.py:183} INFO - Processing /home/ubuntu/.local/lib/python3.10/site-packages/airflow/example_dags/example_nested_branch_dag.py took 0.273 seconds
[2024-02-08T01:06:14.912+0100] {processor.py:161} INFO - Started process (PID=51129) to work on /home/ubuntu/.local/lib/python3.10/site-packages/airflow/example_dags/example_nested_branch_dag.py
[2024-02-08T01:06:14.914+0100] {processor.py:830} INFO - Processing file /home/ubuntu/.local/lib/python3.10/site-packages/airflow/example_dags/example_nested_branch_dag.py for tasks to queue
[2024-02-08T01:06:14.916+0100] {logging_mixin.py:188} INFO - [2024-02-08T01:06:14.915+0100] {dagbag.py:538} INFO - Filling up the DagBag from /home/ubuntu/.local/lib/python3.10/site-packages/airflow/example_dags/example_nested_branch_dag.py
[2024-02-08T01:06:14.931+0100] {processor.py:840} INFO - DAG(s) 'example_nested_branch_dag' retrieved from /home/ubuntu/.local/lib/python3.10/site-packages/airflow/example_dags/example_nested_branch_dag.py
[2024-02-08T01:06:14.973+0100] {logging_mixin.py:188} INFO - [2024-02-08T01:06:14.972+0100] {dag.py:3033} INFO - Sync 1 DAGs
[2024-02-08T01:06:15.005+0100] {logging_mixin.py:188} INFO - [2024-02-08T01:06:15.004+0100] {dag.py:3820} INFO - Setting next_dagrun for example_nested_branch_dag to 2024-02-07T00:00:00+00:00, run_after=2024-02-08T00:00:00+00:00
[2024-02-08T01:06:15.054+0100] {processor.py:183} INFO - Processing /home/ubuntu/.local/lib/python3.10/site-packages/airflow/example_dags/example_nested_branch_dag.py took 0.147 seconds
[2024-02-08T01:07:30.695+0100] {processor.py:161} INFO - Started process (PID=51628) to work on /home/ubuntu/.local/lib/python3.10/site-packages/airflow/example_dags/example_nested_branch_dag.py
[2024-02-08T01:07:30.698+0100] {processor.py:830} INFO - Processing file /home/ubuntu/.local/lib/python3.10/site-packages/airflow/example_dags/example_nested_branch_dag.py for tasks to queue
[2024-02-08T01:07:30.703+0100] {logging_mixin.py:188} INFO - [2024-02-08T01:07:30.702+0100] {dagbag.py:538} INFO - Filling up the DagBag from /home/ubuntu/.local/lib/python3.10/site-packages/airflow/example_dags/example_nested_branch_dag.py
[2024-02-08T01:07:30.745+0100] {processor.py:840} INFO - DAG(s) 'example_nested_branch_dag' retrieved from /home/ubuntu/.local/lib/python3.10/site-packages/airflow/example_dags/example_nested_branch_dag.py
[2024-02-08T01:07:30.771+0100] {logging_mixin.py:188} INFO - [2024-02-08T01:07:30.770+0100] {dag.py:3033} INFO - Sync 1 DAGs
[2024-02-08T01:07:30.807+0100] {logging_mixin.py:188} INFO - [2024-02-08T01:07:30.807+0100] {dag.py:3820} INFO - Setting next_dagrun for example_nested_branch_dag to 2024-02-07T00:00:00+00:00, run_after=2024-02-08T00:00:00+00:00
[2024-02-08T01:07:30.882+0100] {processor.py:183} INFO - Processing /home/ubuntu/.local/lib/python3.10/site-packages/airflow/example_dags/example_nested_branch_dag.py took 0.192 seconds
[2024-02-08T01:08:56.089+0100] {processor.py:161} INFO - Started process (PID=52015) to work on /home/ubuntu/.local/lib/python3.10/site-packages/airflow/example_dags/example_nested_branch_dag.py
[2024-02-08T01:08:56.098+0100] {processor.py:830} INFO - Processing file /home/ubuntu/.local/lib/python3.10/site-packages/airflow/example_dags/example_nested_branch_dag.py for tasks to queue
[2024-02-08T01:08:56.100+0100] {logging_mixin.py:188} INFO - [2024-02-08T01:08:56.099+0100] {dagbag.py:538} INFO - Filling up the DagBag from /home/ubuntu/.local/lib/python3.10/site-packages/airflow/example_dags/example_nested_branch_dag.py
[2024-02-08T01:08:56.192+0100] {processor.py:840} INFO - DAG(s) 'example_nested_branch_dag' retrieved from /home/ubuntu/.local/lib/python3.10/site-packages/airflow/example_dags/example_nested_branch_dag.py
[2024-02-08T01:08:56.282+0100] {logging_mixin.py:188} INFO - [2024-02-08T01:08:56.278+0100] {dag.py:3033} INFO - Sync 1 DAGs
[2024-02-08T01:08:56.366+0100] {logging_mixin.py:188} INFO - [2024-02-08T01:08:56.366+0100] {dag.py:3820} INFO - Setting next_dagrun for example_nested_branch_dag to 2024-02-07T00:00:00+00:00, run_after=2024-02-08T00:00:00+00:00
[2024-02-08T01:08:56.451+0100] {processor.py:183} INFO - Processing /home/ubuntu/.local/lib/python3.10/site-packages/airflow/example_dags/example_nested_branch_dag.py took 0.402 seconds
[2024-02-08T01:10:30.430+0100] {processor.py:161} INFO - Started process (PID=52272) to work on /home/ubuntu/.local/lib/python3.10/site-packages/airflow/example_dags/example_nested_branch_dag.py
[2024-02-08T01:10:30.436+0100] {processor.py:830} INFO - Processing file /home/ubuntu/.local/lib/python3.10/site-packages/airflow/example_dags/example_nested_branch_dag.py for tasks to queue
[2024-02-08T01:10:30.447+0100] {logging_mixin.py:188} INFO - [2024-02-08T01:10:30.447+0100] {dagbag.py:538} INFO - Filling up the DagBag from /home/ubuntu/.local/lib/python3.10/site-packages/airflow/example_dags/example_nested_branch_dag.py
[2024-02-08T01:10:30.477+0100] {processor.py:840} INFO - DAG(s) 'example_nested_branch_dag' retrieved from /home/ubuntu/.local/lib/python3.10/site-packages/airflow/example_dags/example_nested_branch_dag.py
[2024-02-08T01:10:30.523+0100] {logging_mixin.py:188} INFO - [2024-02-08T01:10:30.522+0100] {dag.py:3033} INFO - Sync 1 DAGs
[2024-02-08T01:10:30.583+0100] {logging_mixin.py:188} INFO - [2024-02-08T01:10:30.582+0100] {dag.py:3820} INFO - Setting next_dagrun for example_nested_branch_dag to 2024-02-07T00:00:00+00:00, run_after=2024-02-08T00:00:00+00:00
[2024-02-08T01:10:30.829+0100] {processor.py:183} INFO - Processing /home/ubuntu/.local/lib/python3.10/site-packages/airflow/example_dags/example_nested_branch_dag.py took 0.427 seconds
[2024-02-08T01:11:58.758+0100] {processor.py:161} INFO - Started process (PID=52603) to work on /home/ubuntu/.local/lib/python3.10/site-packages/airflow/example_dags/example_nested_branch_dag.py
[2024-02-08T01:11:58.823+0100] {processor.py:830} INFO - Processing file /home/ubuntu/.local/lib/python3.10/site-packages/airflow/example_dags/example_nested_branch_dag.py for tasks to queue
[2024-02-08T01:11:58.849+0100] {logging_mixin.py:188} INFO - [2024-02-08T01:11:58.831+0100] {dagbag.py:538} INFO - Filling up the DagBag from /home/ubuntu/.local/lib/python3.10/site-packages/airflow/example_dags/example_nested_branch_dag.py
[2024-02-08T01:11:59.045+0100] {processor.py:840} INFO - DAG(s) 'example_nested_branch_dag' retrieved from /home/ubuntu/.local/lib/python3.10/site-packages/airflow/example_dags/example_nested_branch_dag.py
[2024-02-08T01:11:59.127+0100] {logging_mixin.py:188} INFO - [2024-02-08T01:11:59.127+0100] {dag.py:3033} INFO - Sync 1 DAGs
[2024-02-08T01:11:59.330+0100] {logging_mixin.py:188} INFO - [2024-02-08T01:11:59.330+0100] {dag.py:3820} INFO - Setting next_dagrun for example_nested_branch_dag to 2024-02-07T00:00:00+00:00, run_after=2024-02-08T00:00:00+00:00
[2024-02-08T01:11:59.799+0100] {processor.py:183} INFO - Processing /home/ubuntu/.local/lib/python3.10/site-packages/airflow/example_dags/example_nested_branch_dag.py took 1.124 seconds
[2024-02-08T01:15:43.488+0100] {processor.py:161} INFO - Started process (PID=53439) to work on /home/ubuntu/.local/lib/python3.10/site-packages/airflow/example_dags/example_nested_branch_dag.py
[2024-02-08T01:15:43.517+0100] {processor.py:830} INFO - Processing file /home/ubuntu/.local/lib/python3.10/site-packages/airflow/example_dags/example_nested_branch_dag.py for tasks to queue
[2024-02-08T01:15:43.523+0100] {logging_mixin.py:188} INFO - [2024-02-08T01:15:43.518+0100] {dagbag.py:538} INFO - Filling up the DagBag from /home/ubuntu/.local/lib/python3.10/site-packages/airflow/example_dags/example_nested_branch_dag.py
[2024-02-08T01:15:43.727+0100] {processor.py:840} INFO - DAG(s) 'example_nested_branch_dag' retrieved from /home/ubuntu/.local/lib/python3.10/site-packages/airflow/example_dags/example_nested_branch_dag.py
[2024-02-08T01:15:45.078+0100] {logging_mixin.py:188} INFO - [2024-02-08T01:15:45.078+0100] {dag.py:3033} INFO - Sync 1 DAGs
[2024-02-08T01:15:45.263+0100] {logging_mixin.py:188} INFO - [2024-02-08T01:15:45.263+0100] {dag.py:3820} INFO - Setting next_dagrun for example_nested_branch_dag to 2024-02-07T00:00:00+00:00, run_after=2024-02-08T00:00:00+00:00
[2024-02-08T01:15:46.276+0100] {processor.py:183} INFO - Processing /home/ubuntu/.local/lib/python3.10/site-packages/airflow/example_dags/example_nested_branch_dag.py took 2.821 seconds
[2024-02-08T01:19:02.177+0100] {processor.py:161} INFO - Started process (PID=54315) to work on /home/ubuntu/.local/lib/python3.10/site-packages/airflow/example_dags/example_nested_branch_dag.py
[2024-02-08T01:19:02.182+0100] {processor.py:830} INFO - Processing file /home/ubuntu/.local/lib/python3.10/site-packages/airflow/example_dags/example_nested_branch_dag.py for tasks to queue
[2024-02-08T01:19:02.184+0100] {logging_mixin.py:188} INFO - [2024-02-08T01:19:02.184+0100] {dagbag.py:538} INFO - Filling up the DagBag from /home/ubuntu/.local/lib/python3.10/site-packages/airflow/example_dags/example_nested_branch_dag.py
[2024-02-08T01:19:02.259+0100] {processor.py:840} INFO - DAG(s) 'example_nested_branch_dag' retrieved from /home/ubuntu/.local/lib/python3.10/site-packages/airflow/example_dags/example_nested_branch_dag.py
[2024-02-08T01:19:02.447+0100] {logging_mixin.py:188} INFO - [2024-02-08T01:19:02.447+0100] {dag.py:3033} INFO - Sync 1 DAGs
[2024-02-08T01:19:02.555+0100] {logging_mixin.py:188} INFO - [2024-02-08T01:19:02.554+0100] {dag.py:3820} INFO - Setting next_dagrun for example_nested_branch_dag to 2024-02-07T00:00:00+00:00, run_after=2024-02-08T00:00:00+00:00
[2024-02-08T01:19:02.882+0100] {processor.py:183} INFO - Processing /home/ubuntu/.local/lib/python3.10/site-packages/airflow/example_dags/example_nested_branch_dag.py took 0.719 seconds
[2024-02-08T01:20:56.538+0100] {processor.py:161} INFO - Started process (PID=54562) to work on /home/ubuntu/.local/lib/python3.10/site-packages/airflow/example_dags/example_nested_branch_dag.py
[2024-02-08T01:20:56.541+0100] {processor.py:830} INFO - Processing file /home/ubuntu/.local/lib/python3.10/site-packages/airflow/example_dags/example_nested_branch_dag.py for tasks to queue
[2024-02-08T01:20:56.542+0100] {logging_mixin.py:188} INFO - [2024-02-08T01:20:56.542+0100] {dagbag.py:538} INFO - Filling up the DagBag from /home/ubuntu/.local/lib/python3.10/site-packages/airflow/example_dags/example_nested_branch_dag.py
[2024-02-08T01:20:56.561+0100] {processor.py:840} INFO - DAG(s) 'example_nested_branch_dag' retrieved from /home/ubuntu/.local/lib/python3.10/site-packages/airflow/example_dags/example_nested_branch_dag.py
[2024-02-08T01:20:56.602+0100] {logging_mixin.py:188} INFO - [2024-02-08T01:20:56.602+0100] {dag.py:3033} INFO - Sync 1 DAGs
[2024-02-08T01:20:56.748+0100] {logging_mixin.py:188} INFO - [2024-02-08T01:20:56.748+0100] {dag.py:3820} INFO - Setting next_dagrun for example_nested_branch_dag to 2024-02-07T00:00:00+00:00, run_after=2024-02-08T00:00:00+00:00
[2024-02-08T01:20:56.942+0100] {processor.py:183} INFO - Processing /home/ubuntu/.local/lib/python3.10/site-packages/airflow/example_dags/example_nested_branch_dag.py took 0.409 seconds
[2024-02-08T01:22:44.985+0100] {processor.py:161} INFO - Started process (PID=54802) to work on /home/ubuntu/.local/lib/python3.10/site-packages/airflow/example_dags/example_nested_branch_dag.py
[2024-02-08T01:22:45.017+0100] {processor.py:830} INFO - Processing file /home/ubuntu/.local/lib/python3.10/site-packages/airflow/example_dags/example_nested_branch_dag.py for tasks to queue
[2024-02-08T01:22:45.019+0100] {logging_mixin.py:188} INFO - [2024-02-08T01:22:45.018+0100] {dagbag.py:538} INFO - Filling up the DagBag from /home/ubuntu/.local/lib/python3.10/site-packages/airflow/example_dags/example_nested_branch_dag.py
[2024-02-08T01:22:45.058+0100] {processor.py:840} INFO - DAG(s) 'example_nested_branch_dag' retrieved from /home/ubuntu/.local/lib/python3.10/site-packages/airflow/example_dags/example_nested_branch_dag.py
[2024-02-08T01:22:45.208+0100] {logging_mixin.py:188} INFO - [2024-02-08T01:22:45.208+0100] {dag.py:3033} INFO - Sync 1 DAGs
[2024-02-08T01:22:45.287+0100] {logging_mixin.py:188} INFO - [2024-02-08T01:22:45.287+0100] {dag.py:3820} INFO - Setting next_dagrun for example_nested_branch_dag to 2024-02-07T00:00:00+00:00, run_after=2024-02-08T00:00:00+00:00
[2024-02-08T01:22:45.583+0100] {processor.py:183} INFO - Processing /home/ubuntu/.local/lib/python3.10/site-packages/airflow/example_dags/example_nested_branch_dag.py took 0.619 seconds
[2024-02-08T01:24:01.072+0100] {processor.py:161} INFO - Started process (PID=54992) to work on /home/ubuntu/.local/lib/python3.10/site-packages/airflow/example_dags/example_nested_branch_dag.py
[2024-02-08T01:24:01.073+0100] {processor.py:830} INFO - Processing file /home/ubuntu/.local/lib/python3.10/site-packages/airflow/example_dags/example_nested_branch_dag.py for tasks to queue
[2024-02-08T01:24:01.075+0100] {logging_mixin.py:188} INFO - [2024-02-08T01:24:01.074+0100] {dagbag.py:538} INFO - Filling up the DagBag from /home/ubuntu/.local/lib/python3.10/site-packages/airflow/example_dags/example_nested_branch_dag.py
[2024-02-08T01:24:01.089+0100] {processor.py:840} INFO - DAG(s) 'example_nested_branch_dag' retrieved from /home/ubuntu/.local/lib/python3.10/site-packages/airflow/example_dags/example_nested_branch_dag.py
[2024-02-08T01:24:01.114+0100] {logging_mixin.py:188} INFO - [2024-02-08T01:24:01.114+0100] {dag.py:3033} INFO - Sync 1 DAGs
[2024-02-08T01:24:01.147+0100] {logging_mixin.py:188} INFO - [2024-02-08T01:24:01.147+0100] {dag.py:3820} INFO - Setting next_dagrun for example_nested_branch_dag to 2024-02-07T00:00:00+00:00, run_after=2024-02-08T00:00:00+00:00
[2024-02-08T01:24:01.288+0100] {processor.py:183} INFO - Processing /home/ubuntu/.local/lib/python3.10/site-packages/airflow/example_dags/example_nested_branch_dag.py took 0.220 seconds
[2024-02-08T01:25:10.821+0100] {processor.py:161} INFO - Started process (PID=55119) to work on /home/ubuntu/.local/lib/python3.10/site-packages/airflow/example_dags/example_nested_branch_dag.py
[2024-02-08T01:25:10.827+0100] {processor.py:830} INFO - Processing file /home/ubuntu/.local/lib/python3.10/site-packages/airflow/example_dags/example_nested_branch_dag.py for tasks to queue
[2024-02-08T01:25:10.830+0100] {logging_mixin.py:188} INFO - [2024-02-08T01:25:10.829+0100] {dagbag.py:538} INFO - Filling up the DagBag from /home/ubuntu/.local/lib/python3.10/site-packages/airflow/example_dags/example_nested_branch_dag.py
[2024-02-08T01:25:10.879+0100] {processor.py:840} INFO - DAG(s) 'example_nested_branch_dag' retrieved from /home/ubuntu/.local/lib/python3.10/site-packages/airflow/example_dags/example_nested_branch_dag.py
[2024-02-08T01:25:10.966+0100] {logging_mixin.py:188} INFO - [2024-02-08T01:25:10.966+0100] {dag.py:3033} INFO - Sync 1 DAGs
[2024-02-08T01:25:11.112+0100] {logging_mixin.py:188} INFO - [2024-02-08T01:25:11.110+0100] {dag.py:3820} INFO - Setting next_dagrun for example_nested_branch_dag to 2024-02-07T00:00:00+00:00, run_after=2024-02-08T00:00:00+00:00
[2024-02-08T01:25:11.386+0100] {processor.py:183} INFO - Processing /home/ubuntu/.local/lib/python3.10/site-packages/airflow/example_dags/example_nested_branch_dag.py took 0.579 seconds
[2024-02-08T01:26:57.556+0100] {processor.py:161} INFO - Started process (PID=55305) to work on /home/ubuntu/.local/lib/python3.10/site-packages/airflow/example_dags/example_nested_branch_dag.py
[2024-02-08T01:26:57.577+0100] {processor.py:830} INFO - Processing file /home/ubuntu/.local/lib/python3.10/site-packages/airflow/example_dags/example_nested_branch_dag.py for tasks to queue
[2024-02-08T01:26:57.580+0100] {logging_mixin.py:188} INFO - [2024-02-08T01:26:57.579+0100] {dagbag.py:538} INFO - Filling up the DagBag from /home/ubuntu/.local/lib/python3.10/site-packages/airflow/example_dags/example_nested_branch_dag.py
[2024-02-08T01:26:57.617+0100] {processor.py:840} INFO - DAG(s) 'example_nested_branch_dag' retrieved from /home/ubuntu/.local/lib/python3.10/site-packages/airflow/example_dags/example_nested_branch_dag.py
[2024-02-08T01:26:57.720+0100] {logging_mixin.py:188} INFO - [2024-02-08T01:26:57.719+0100] {dag.py:3033} INFO - Sync 1 DAGs
[2024-02-08T01:26:57.822+0100] {logging_mixin.py:188} INFO - [2024-02-08T01:26:57.822+0100] {dag.py:3820} INFO - Setting next_dagrun for example_nested_branch_dag to 2024-02-07T00:00:00+00:00, run_after=2024-02-08T00:00:00+00:00
[2024-02-08T01:26:58.024+0100] {processor.py:183} INFO - Processing /home/ubuntu/.local/lib/python3.10/site-packages/airflow/example_dags/example_nested_branch_dag.py took 0.495 seconds
[2024-02-08T01:28:30.684+0100] {processor.py:161} INFO - Started process (PID=55471) to work on /home/ubuntu/.local/lib/python3.10/site-packages/airflow/example_dags/example_nested_branch_dag.py
[2024-02-08T01:28:30.716+0100] {processor.py:830} INFO - Processing file /home/ubuntu/.local/lib/python3.10/site-packages/airflow/example_dags/example_nested_branch_dag.py for tasks to queue
[2024-02-08T01:28:30.728+0100] {logging_mixin.py:188} INFO - [2024-02-08T01:28:30.727+0100] {dagbag.py:538} INFO - Filling up the DagBag from /home/ubuntu/.local/lib/python3.10/site-packages/airflow/example_dags/example_nested_branch_dag.py
[2024-02-08T01:28:30.785+0100] {processor.py:840} INFO - DAG(s) 'example_nested_branch_dag' retrieved from /home/ubuntu/.local/lib/python3.10/site-packages/airflow/example_dags/example_nested_branch_dag.py
[2024-02-08T01:28:30.925+0100] {logging_mixin.py:188} INFO - [2024-02-08T01:28:30.920+0100] {dag.py:3033} INFO - Sync 1 DAGs
[2024-02-08T01:28:31.023+0100] {logging_mixin.py:188} INFO - [2024-02-08T01:28:31.022+0100] {dag.py:3820} INFO - Setting next_dagrun for example_nested_branch_dag to 2024-02-07T00:00:00+00:00, run_after=2024-02-08T00:00:00+00:00
[2024-02-08T01:28:31.093+0100] {processor.py:183} INFO - Processing /home/ubuntu/.local/lib/python3.10/site-packages/airflow/example_dags/example_nested_branch_dag.py took 0.429 seconds
[2024-02-08T01:30:27.007+0100] {processor.py:161} INFO - Started process (PID=55689) to work on /home/ubuntu/.local/lib/python3.10/site-packages/airflow/example_dags/example_nested_branch_dag.py
[2024-02-08T01:30:27.011+0100] {processor.py:830} INFO - Processing file /home/ubuntu/.local/lib/python3.10/site-packages/airflow/example_dags/example_nested_branch_dag.py for tasks to queue
[2024-02-08T01:30:27.013+0100] {logging_mixin.py:188} INFO - [2024-02-08T01:30:27.012+0100] {dagbag.py:538} INFO - Filling up the DagBag from /home/ubuntu/.local/lib/python3.10/site-packages/airflow/example_dags/example_nested_branch_dag.py
[2024-02-08T01:30:27.031+0100] {processor.py:840} INFO - DAG(s) 'example_nested_branch_dag' retrieved from /home/ubuntu/.local/lib/python3.10/site-packages/airflow/example_dags/example_nested_branch_dag.py
[2024-02-08T01:30:27.067+0100] {logging_mixin.py:188} INFO - [2024-02-08T01:30:27.067+0100] {dag.py:3033} INFO - Sync 1 DAGs
[2024-02-08T01:30:27.151+0100] {logging_mixin.py:188} INFO - [2024-02-08T01:30:27.148+0100] {dag.py:3820} INFO - Setting next_dagrun for example_nested_branch_dag to 2024-02-07T00:00:00+00:00, run_after=2024-02-08T00:00:00+00:00
[2024-02-08T01:30:27.238+0100] {processor.py:183} INFO - Processing /home/ubuntu/.local/lib/python3.10/site-packages/airflow/example_dags/example_nested_branch_dag.py took 0.239 seconds
[2024-02-08T01:32:28.935+0100] {processor.py:161} INFO - Started process (PID=55898) to work on /home/ubuntu/.local/lib/python3.10/site-packages/airflow/example_dags/example_nested_branch_dag.py
[2024-02-08T01:32:28.945+0100] {processor.py:830} INFO - Processing file /home/ubuntu/.local/lib/python3.10/site-packages/airflow/example_dags/example_nested_branch_dag.py for tasks to queue
[2024-02-08T01:32:28.953+0100] {logging_mixin.py:188} INFO - [2024-02-08T01:32:28.948+0100] {dagbag.py:538} INFO - Filling up the DagBag from /home/ubuntu/.local/lib/python3.10/site-packages/airflow/example_dags/example_nested_branch_dag.py
[2024-02-08T01:32:29.057+0100] {processor.py:840} INFO - DAG(s) 'example_nested_branch_dag' retrieved from /home/ubuntu/.local/lib/python3.10/site-packages/airflow/example_dags/example_nested_branch_dag.py
[2024-02-08T01:32:29.287+0100] {logging_mixin.py:188} INFO - [2024-02-08T01:32:29.287+0100] {dag.py:3033} INFO - Sync 1 DAGs
[2024-02-08T01:32:29.559+0100] {logging_mixin.py:188} INFO - [2024-02-08T01:32:29.558+0100] {dag.py:3820} INFO - Setting next_dagrun for example_nested_branch_dag to 2024-02-07T00:00:00+00:00, run_after=2024-02-08T00:00:00+00:00
[2024-02-08T01:32:29.742+0100] {processor.py:183} INFO - Processing /home/ubuntu/.local/lib/python3.10/site-packages/airflow/example_dags/example_nested_branch_dag.py took 0.852 seconds
[2024-02-08T01:35:39.721+0100] {processor.py:161} INFO - Started process (PID=56190) to work on /home/ubuntu/.local/lib/python3.10/site-packages/airflow/example_dags/example_nested_branch_dag.py
[2024-02-08T01:35:39.743+0100] {processor.py:830} INFO - Processing file /home/ubuntu/.local/lib/python3.10/site-packages/airflow/example_dags/example_nested_branch_dag.py for tasks to queue
[2024-02-08T01:35:39.745+0100] {logging_mixin.py:188} INFO - [2024-02-08T01:35:39.744+0100] {dagbag.py:538} INFO - Filling up the DagBag from /home/ubuntu/.local/lib/python3.10/site-packages/airflow/example_dags/example_nested_branch_dag.py
[2024-02-08T01:35:39.888+0100] {processor.py:840} INFO - DAG(s) 'example_nested_branch_dag' retrieved from /home/ubuntu/.local/lib/python3.10/site-packages/airflow/example_dags/example_nested_branch_dag.py
[2024-02-08T01:35:40.005+0100] {logging_mixin.py:188} INFO - [2024-02-08T01:35:40.000+0100] {dag.py:3033} INFO - Sync 1 DAGs
[2024-02-08T01:35:40.084+0100] {logging_mixin.py:188} INFO - [2024-02-08T01:35:40.084+0100] {dag.py:3820} INFO - Setting next_dagrun for example_nested_branch_dag to 2024-02-07T00:00:00+00:00, run_after=2024-02-08T00:00:00+00:00
[2024-02-08T01:35:40.452+0100] {processor.py:183} INFO - Processing /home/ubuntu/.local/lib/python3.10/site-packages/airflow/example_dags/example_nested_branch_dag.py took 0.749 seconds
[2024-02-08T01:38:06.104+0100] {processor.py:161} INFO - Started process (PID=56427) to work on /home/ubuntu/.local/lib/python3.10/site-packages/airflow/example_dags/example_nested_branch_dag.py
[2024-02-08T01:38:06.106+0100] {processor.py:830} INFO - Processing file /home/ubuntu/.local/lib/python3.10/site-packages/airflow/example_dags/example_nested_branch_dag.py for tasks to queue
[2024-02-08T01:38:06.108+0100] {logging_mixin.py:188} INFO - [2024-02-08T01:38:06.107+0100] {dagbag.py:538} INFO - Filling up the DagBag from /home/ubuntu/.local/lib/python3.10/site-packages/airflow/example_dags/example_nested_branch_dag.py
[2024-02-08T01:38:06.127+0100] {processor.py:840} INFO - DAG(s) 'example_nested_branch_dag' retrieved from /home/ubuntu/.local/lib/python3.10/site-packages/airflow/example_dags/example_nested_branch_dag.py
[2024-02-08T01:38:06.156+0100] {logging_mixin.py:188} INFO - [2024-02-08T01:38:06.155+0100] {dag.py:3033} INFO - Sync 1 DAGs
[2024-02-08T01:38:06.196+0100] {logging_mixin.py:188} INFO - [2024-02-08T01:38:06.196+0100] {dag.py:3820} INFO - Setting next_dagrun for example_nested_branch_dag to 2024-02-07T00:00:00+00:00, run_after=2024-02-08T00:00:00+00:00
[2024-02-08T01:38:06.242+0100] {processor.py:183} INFO - Processing /home/ubuntu/.local/lib/python3.10/site-packages/airflow/example_dags/example_nested_branch_dag.py took 0.145 seconds
[2024-02-08T01:39:59.790+0100] {processor.py:161} INFO - Started process (PID=56646) to work on /home/ubuntu/.local/lib/python3.10/site-packages/airflow/example_dags/example_nested_branch_dag.py
[2024-02-08T01:39:59.793+0100] {processor.py:830} INFO - Processing file /home/ubuntu/.local/lib/python3.10/site-packages/airflow/example_dags/example_nested_branch_dag.py for tasks to queue
[2024-02-08T01:39:59.795+0100] {logging_mixin.py:188} INFO - [2024-02-08T01:39:59.794+0100] {dagbag.py:538} INFO - Filling up the DagBag from /home/ubuntu/.local/lib/python3.10/site-packages/airflow/example_dags/example_nested_branch_dag.py
[2024-02-08T01:39:59.926+0100] {processor.py:840} INFO - DAG(s) 'example_nested_branch_dag' retrieved from /home/ubuntu/.local/lib/python3.10/site-packages/airflow/example_dags/example_nested_branch_dag.py
[2024-02-08T01:40:00.063+0100] {logging_mixin.py:188} INFO - [2024-02-08T01:40:00.063+0100] {dag.py:3033} INFO - Sync 1 DAGs
[2024-02-08T01:40:00.203+0100] {logging_mixin.py:188} INFO - [2024-02-08T01:40:00.199+0100] {dag.py:3820} INFO - Setting next_dagrun for example_nested_branch_dag to 2024-02-07T00:00:00+00:00, run_after=2024-02-08T00:00:00+00:00
[2024-02-08T01:40:00.902+0100] {processor.py:183} INFO - Processing /home/ubuntu/.local/lib/python3.10/site-packages/airflow/example_dags/example_nested_branch_dag.py took 1.118 seconds
[2024-02-08T01:42:01.426+0100] {processor.py:161} INFO - Started process (PID=56882) to work on /home/ubuntu/.local/lib/python3.10/site-packages/airflow/example_dags/example_nested_branch_dag.py
[2024-02-08T01:42:01.429+0100] {processor.py:830} INFO - Processing file /home/ubuntu/.local/lib/python3.10/site-packages/airflow/example_dags/example_nested_branch_dag.py for tasks to queue
[2024-02-08T01:42:01.430+0100] {logging_mixin.py:188} INFO - [2024-02-08T01:42:01.429+0100] {dagbag.py:538} INFO - Filling up the DagBag from /home/ubuntu/.local/lib/python3.10/site-packages/airflow/example_dags/example_nested_branch_dag.py
[2024-02-08T01:42:01.442+0100] {processor.py:840} INFO - DAG(s) 'example_nested_branch_dag' retrieved from /home/ubuntu/.local/lib/python3.10/site-packages/airflow/example_dags/example_nested_branch_dag.py
[2024-02-08T01:42:01.470+0100] {logging_mixin.py:188} INFO - [2024-02-08T01:42:01.470+0100] {dag.py:3033} INFO - Sync 1 DAGs
[2024-02-08T01:42:01.498+0100] {logging_mixin.py:188} INFO - [2024-02-08T01:42:01.497+0100] {dag.py:3820} INFO - Setting next_dagrun for example_nested_branch_dag to 2024-02-07T00:00:00+00:00, run_after=2024-02-08T00:00:00+00:00
[2024-02-08T01:42:01.626+0100] {processor.py:183} INFO - Processing /home/ubuntu/.local/lib/python3.10/site-packages/airflow/example_dags/example_nested_branch_dag.py took 0.204 seconds
[2024-02-08T01:43:27.821+0100] {processor.py:161} INFO - Started process (PID=57062) to work on /home/ubuntu/.local/lib/python3.10/site-packages/airflow/example_dags/example_nested_branch_dag.py
[2024-02-08T01:43:27.842+0100] {processor.py:830} INFO - Processing file /home/ubuntu/.local/lib/python3.10/site-packages/airflow/example_dags/example_nested_branch_dag.py for tasks to queue
[2024-02-08T01:43:27.854+0100] {logging_mixin.py:188} INFO - [2024-02-08T01:43:27.847+0100] {dagbag.py:538} INFO - Filling up the DagBag from /home/ubuntu/.local/lib/python3.10/site-packages/airflow/example_dags/example_nested_branch_dag.py
[2024-02-08T01:43:27.900+0100] {processor.py:840} INFO - DAG(s) 'example_nested_branch_dag' retrieved from /home/ubuntu/.local/lib/python3.10/site-packages/airflow/example_dags/example_nested_branch_dag.py
[2024-02-08T01:43:27.959+0100] {logging_mixin.py:188} INFO - [2024-02-08T01:43:27.958+0100] {dag.py:3033} INFO - Sync 1 DAGs
[2024-02-08T01:43:28.030+0100] {logging_mixin.py:188} INFO - [2024-02-08T01:43:28.030+0100] {dag.py:3820} INFO - Setting next_dagrun for example_nested_branch_dag to 2024-02-07T00:00:00+00:00, run_after=2024-02-08T00:00:00+00:00
[2024-02-08T01:43:28.211+0100] {processor.py:183} INFO - Processing /home/ubuntu/.local/lib/python3.10/site-packages/airflow/example_dags/example_nested_branch_dag.py took 0.449 seconds
[2024-02-08T01:44:39.846+0100] {processor.py:161} INFO - Started process (PID=57192) to work on /home/ubuntu/.local/lib/python3.10/site-packages/airflow/example_dags/example_nested_branch_dag.py
[2024-02-08T01:44:39.850+0100] {processor.py:830} INFO - Processing file /home/ubuntu/.local/lib/python3.10/site-packages/airflow/example_dags/example_nested_branch_dag.py for tasks to queue
[2024-02-08T01:44:39.852+0100] {logging_mixin.py:188} INFO - [2024-02-08T01:44:39.851+0100] {dagbag.py:538} INFO - Filling up the DagBag from /home/ubuntu/.local/lib/python3.10/site-packages/airflow/example_dags/example_nested_branch_dag.py
[2024-02-08T01:44:39.869+0100] {processor.py:840} INFO - DAG(s) 'example_nested_branch_dag' retrieved from /home/ubuntu/.local/lib/python3.10/site-packages/airflow/example_dags/example_nested_branch_dag.py
[2024-02-08T01:44:39.892+0100] {logging_mixin.py:188} INFO - [2024-02-08T01:44:39.892+0100] {dag.py:3033} INFO - Sync 1 DAGs
[2024-02-08T01:44:39.916+0100] {logging_mixin.py:188} INFO - [2024-02-08T01:44:39.915+0100] {dag.py:3820} INFO - Setting next_dagrun for example_nested_branch_dag to 2024-02-07T00:00:00+00:00, run_after=2024-02-08T00:00:00+00:00
[2024-02-08T01:44:39.946+0100] {processor.py:183} INFO - Processing /home/ubuntu/.local/lib/python3.10/site-packages/airflow/example_dags/example_nested_branch_dag.py took 0.105 seconds
[2024-02-08T01:45:44.842+0100] {processor.py:161} INFO - Started process (PID=57325) to work on /home/ubuntu/.local/lib/python3.10/site-packages/airflow/example_dags/example_nested_branch_dag.py
[2024-02-08T01:45:44.843+0100] {processor.py:830} INFO - Processing file /home/ubuntu/.local/lib/python3.10/site-packages/airflow/example_dags/example_nested_branch_dag.py for tasks to queue
[2024-02-08T01:45:44.844+0100] {logging_mixin.py:188} INFO - [2024-02-08T01:45:44.844+0100] {dagbag.py:538} INFO - Filling up the DagBag from /home/ubuntu/.local/lib/python3.10/site-packages/airflow/example_dags/example_nested_branch_dag.py
[2024-02-08T01:45:44.854+0100] {processor.py:840} INFO - DAG(s) 'example_nested_branch_dag' retrieved from /home/ubuntu/.local/lib/python3.10/site-packages/airflow/example_dags/example_nested_branch_dag.py
[2024-02-08T01:45:44.877+0100] {logging_mixin.py:188} INFO - [2024-02-08T01:45:44.876+0100] {dag.py:3033} INFO - Sync 1 DAGs
[2024-02-08T01:45:44.902+0100] {logging_mixin.py:188} INFO - [2024-02-08T01:45:44.902+0100] {dag.py:3820} INFO - Setting next_dagrun for example_nested_branch_dag to 2024-02-07T00:00:00+00:00, run_after=2024-02-08T00:00:00+00:00
[2024-02-08T01:45:44.939+0100] {processor.py:183} INFO - Processing /home/ubuntu/.local/lib/python3.10/site-packages/airflow/example_dags/example_nested_branch_dag.py took 0.101 seconds
[2024-02-08T01:46:46.449+0100] {processor.py:161} INFO - Started process (PID=57444) to work on /home/ubuntu/.local/lib/python3.10/site-packages/airflow/example_dags/example_nested_branch_dag.py
[2024-02-08T01:46:46.451+0100] {processor.py:830} INFO - Processing file /home/ubuntu/.local/lib/python3.10/site-packages/airflow/example_dags/example_nested_branch_dag.py for tasks to queue
[2024-02-08T01:46:46.452+0100] {logging_mixin.py:188} INFO - [2024-02-08T01:46:46.452+0100] {dagbag.py:538} INFO - Filling up the DagBag from /home/ubuntu/.local/lib/python3.10/site-packages/airflow/example_dags/example_nested_branch_dag.py
[2024-02-08T01:46:46.470+0100] {processor.py:840} INFO - DAG(s) 'example_nested_branch_dag' retrieved from /home/ubuntu/.local/lib/python3.10/site-packages/airflow/example_dags/example_nested_branch_dag.py
[2024-02-08T01:46:46.499+0100] {logging_mixin.py:188} INFO - [2024-02-08T01:46:46.499+0100] {dag.py:3033} INFO - Sync 1 DAGs
[2024-02-08T01:46:46.543+0100] {logging_mixin.py:188} INFO - [2024-02-08T01:46:46.543+0100] {dag.py:3820} INFO - Setting next_dagrun for example_nested_branch_dag to 2024-02-07T00:00:00+00:00, run_after=2024-02-08T00:00:00+00:00
[2024-02-08T01:46:46.577+0100] {processor.py:183} INFO - Processing /home/ubuntu/.local/lib/python3.10/site-packages/airflow/example_dags/example_nested_branch_dag.py took 0.132 seconds
[2024-02-08T01:48:11.323+0100] {processor.py:161} INFO - Started process (PID=57627) to work on /home/ubuntu/.local/lib/python3.10/site-packages/airflow/example_dags/example_nested_branch_dag.py
[2024-02-08T01:48:11.330+0100] {processor.py:830} INFO - Processing file /home/ubuntu/.local/lib/python3.10/site-packages/airflow/example_dags/example_nested_branch_dag.py for tasks to queue
[2024-02-08T01:48:11.331+0100] {logging_mixin.py:188} INFO - [2024-02-08T01:48:11.331+0100] {dagbag.py:538} INFO - Filling up the DagBag from /home/ubuntu/.local/lib/python3.10/site-packages/airflow/example_dags/example_nested_branch_dag.py
[2024-02-08T01:48:11.352+0100] {processor.py:840} INFO - DAG(s) 'example_nested_branch_dag' retrieved from /home/ubuntu/.local/lib/python3.10/site-packages/airflow/example_dags/example_nested_branch_dag.py
[2024-02-08T01:48:11.386+0100] {logging_mixin.py:188} INFO - [2024-02-08T01:48:11.385+0100] {dag.py:3033} INFO - Sync 1 DAGs
[2024-02-08T01:48:11.514+0100] {logging_mixin.py:188} INFO - [2024-02-08T01:48:11.514+0100] {dag.py:3820} INFO - Setting next_dagrun for example_nested_branch_dag to 2024-02-07T00:00:00+00:00, run_after=2024-02-08T00:00:00+00:00
[2024-02-08T01:48:11.985+0100] {processor.py:183} INFO - Processing /home/ubuntu/.local/lib/python3.10/site-packages/airflow/example_dags/example_nested_branch_dag.py took 0.667 seconds
[2024-02-08T01:49:56.127+0100] {processor.py:161} INFO - Started process (PID=57833) to work on /home/ubuntu/.local/lib/python3.10/site-packages/airflow/example_dags/example_nested_branch_dag.py
[2024-02-08T01:49:56.179+0100] {processor.py:830} INFO - Processing file /home/ubuntu/.local/lib/python3.10/site-packages/airflow/example_dags/example_nested_branch_dag.py for tasks to queue
[2024-02-08T01:49:56.193+0100] {logging_mixin.py:188} INFO - [2024-02-08T01:49:56.180+0100] {dagbag.py:538} INFO - Filling up the DagBag from /home/ubuntu/.local/lib/python3.10/site-packages/airflow/example_dags/example_nested_branch_dag.py
[2024-02-08T01:49:56.246+0100] {processor.py:840} INFO - DAG(s) 'example_nested_branch_dag' retrieved from /home/ubuntu/.local/lib/python3.10/site-packages/airflow/example_dags/example_nested_branch_dag.py
[2024-02-08T01:49:56.294+0100] {logging_mixin.py:188} INFO - [2024-02-08T01:49:56.294+0100] {dag.py:3033} INFO - Sync 1 DAGs
[2024-02-08T01:49:56.368+0100] {logging_mixin.py:188} INFO - [2024-02-08T01:49:56.368+0100] {dag.py:3820} INFO - Setting next_dagrun for example_nested_branch_dag to 2024-02-07T00:00:00+00:00, run_after=2024-02-08T00:00:00+00:00
[2024-02-08T01:49:56.573+0100] {processor.py:183} INFO - Processing /home/ubuntu/.local/lib/python3.10/site-packages/airflow/example_dags/example_nested_branch_dag.py took 0.454 seconds
[2024-02-08T01:51:36.242+0100] {processor.py:161} INFO - Started process (PID=58028) to work on /home/ubuntu/.local/lib/python3.10/site-packages/airflow/example_dags/example_nested_branch_dag.py
[2024-02-08T01:51:36.246+0100] {processor.py:830} INFO - Processing file /home/ubuntu/.local/lib/python3.10/site-packages/airflow/example_dags/example_nested_branch_dag.py for tasks to queue
[2024-02-08T01:51:36.248+0100] {logging_mixin.py:188} INFO - [2024-02-08T01:51:36.247+0100] {dagbag.py:538} INFO - Filling up the DagBag from /home/ubuntu/.local/lib/python3.10/site-packages/airflow/example_dags/example_nested_branch_dag.py
[2024-02-08T01:51:36.265+0100] {processor.py:840} INFO - DAG(s) 'example_nested_branch_dag' retrieved from /home/ubuntu/.local/lib/python3.10/site-packages/airflow/example_dags/example_nested_branch_dag.py
[2024-02-08T01:51:36.348+0100] {logging_mixin.py:188} INFO - [2024-02-08T01:51:36.348+0100] {dag.py:3033} INFO - Sync 1 DAGs
[2024-02-08T01:51:36.407+0100] {logging_mixin.py:188} INFO - [2024-02-08T01:51:36.407+0100] {dag.py:3820} INFO - Setting next_dagrun for example_nested_branch_dag to 2024-02-07T00:00:00+00:00, run_after=2024-02-08T00:00:00+00:00
[2024-02-08T01:51:36.581+0100] {processor.py:183} INFO - Processing /home/ubuntu/.local/lib/python3.10/site-packages/airflow/example_dags/example_nested_branch_dag.py took 0.352 seconds
[2024-02-08T01:53:04.568+0100] {processor.py:161} INFO - Started process (PID=58189) to work on /home/ubuntu/.local/lib/python3.10/site-packages/airflow/example_dags/example_nested_branch_dag.py
[2024-02-08T01:53:04.587+0100] {processor.py:830} INFO - Processing file /home/ubuntu/.local/lib/python3.10/site-packages/airflow/example_dags/example_nested_branch_dag.py for tasks to queue
[2024-02-08T01:53:04.596+0100] {logging_mixin.py:188} INFO - [2024-02-08T01:53:04.592+0100] {dagbag.py:538} INFO - Filling up the DagBag from /home/ubuntu/.local/lib/python3.10/site-packages/airflow/example_dags/example_nested_branch_dag.py
[2024-02-08T01:53:04.645+0100] {processor.py:840} INFO - DAG(s) 'example_nested_branch_dag' retrieved from /home/ubuntu/.local/lib/python3.10/site-packages/airflow/example_dags/example_nested_branch_dag.py
[2024-02-08T01:53:04.692+0100] {logging_mixin.py:188} INFO - [2024-02-08T01:53:04.692+0100] {dag.py:3033} INFO - Sync 1 DAGs
[2024-02-08T01:53:04.730+0100] {logging_mixin.py:188} INFO - [2024-02-08T01:53:04.729+0100] {dag.py:3820} INFO - Setting next_dagrun for example_nested_branch_dag to 2024-02-07T00:00:00+00:00, run_after=2024-02-08T00:00:00+00:00
[2024-02-08T01:53:04.776+0100] {processor.py:183} INFO - Processing /home/ubuntu/.local/lib/python3.10/site-packages/airflow/example_dags/example_nested_branch_dag.py took 0.218 seconds
[2024-02-08T01:54:45.034+0100] {processor.py:161} INFO - Started process (PID=58370) to work on /home/ubuntu/.local/lib/python3.10/site-packages/airflow/example_dags/example_nested_branch_dag.py
[2024-02-08T01:54:45.036+0100] {processor.py:830} INFO - Processing file /home/ubuntu/.local/lib/python3.10/site-packages/airflow/example_dags/example_nested_branch_dag.py for tasks to queue
[2024-02-08T01:54:45.037+0100] {logging_mixin.py:188} INFO - [2024-02-08T01:54:45.036+0100] {dagbag.py:538} INFO - Filling up the DagBag from /home/ubuntu/.local/lib/python3.10/site-packages/airflow/example_dags/example_nested_branch_dag.py
[2024-02-08T01:54:45.057+0100] {processor.py:840} INFO - DAG(s) 'example_nested_branch_dag' retrieved from /home/ubuntu/.local/lib/python3.10/site-packages/airflow/example_dags/example_nested_branch_dag.py
[2024-02-08T01:54:45.084+0100] {logging_mixin.py:188} INFO - [2024-02-08T01:54:45.083+0100] {dag.py:3033} INFO - Sync 1 DAGs
[2024-02-08T01:54:45.140+0100] {logging_mixin.py:188} INFO - [2024-02-08T01:54:45.139+0100] {dag.py:3820} INFO - Setting next_dagrun for example_nested_branch_dag to 2024-02-07T00:00:00+00:00, run_after=2024-02-08T00:00:00+00:00
[2024-02-08T01:54:45.177+0100] {processor.py:183} INFO - Processing /home/ubuntu/.local/lib/python3.10/site-packages/airflow/example_dags/example_nested_branch_dag.py took 0.147 seconds
[2024-02-08T01:56:39.162+0100] {processor.py:161} INFO - Started process (PID=58578) to work on /home/ubuntu/.local/lib/python3.10/site-packages/airflow/example_dags/example_nested_branch_dag.py
[2024-02-08T01:56:39.165+0100] {processor.py:830} INFO - Processing file /home/ubuntu/.local/lib/python3.10/site-packages/airflow/example_dags/example_nested_branch_dag.py for tasks to queue
[2024-02-08T01:56:39.167+0100] {logging_mixin.py:188} INFO - [2024-02-08T01:56:39.166+0100] {dagbag.py:538} INFO - Filling up the DagBag from /home/ubuntu/.local/lib/python3.10/site-packages/airflow/example_dags/example_nested_branch_dag.py
[2024-02-08T01:56:39.186+0100] {processor.py:840} INFO - DAG(s) 'example_nested_branch_dag' retrieved from /home/ubuntu/.local/lib/python3.10/site-packages/airflow/example_dags/example_nested_branch_dag.py
[2024-02-08T01:56:39.215+0100] {logging_mixin.py:188} INFO - [2024-02-08T01:56:39.214+0100] {dag.py:3033} INFO - Sync 1 DAGs
[2024-02-08T01:56:39.250+0100] {logging_mixin.py:188} INFO - [2024-02-08T01:56:39.250+0100] {dag.py:3820} INFO - Setting next_dagrun for example_nested_branch_dag to 2024-02-07T00:00:00+00:00, run_after=2024-02-08T00:00:00+00:00
[2024-02-08T01:56:39.320+0100] {processor.py:183} INFO - Processing /home/ubuntu/.local/lib/python3.10/site-packages/airflow/example_dags/example_nested_branch_dag.py took 0.164 seconds
[2024-02-08T01:58:43.289+0100] {processor.py:161} INFO - Started process (PID=58788) to work on /home/ubuntu/.local/lib/python3.10/site-packages/airflow/example_dags/example_nested_branch_dag.py
[2024-02-08T01:58:43.292+0100] {processor.py:830} INFO - Processing file /home/ubuntu/.local/lib/python3.10/site-packages/airflow/example_dags/example_nested_branch_dag.py for tasks to queue
[2024-02-08T01:58:43.294+0100] {logging_mixin.py:188} INFO - [2024-02-08T01:58:43.293+0100] {dagbag.py:538} INFO - Filling up the DagBag from /home/ubuntu/.local/lib/python3.10/site-packages/airflow/example_dags/example_nested_branch_dag.py
[2024-02-08T01:58:43.340+0100] {processor.py:840} INFO - DAG(s) 'example_nested_branch_dag' retrieved from /home/ubuntu/.local/lib/python3.10/site-packages/airflow/example_dags/example_nested_branch_dag.py
[2024-02-08T01:58:43.431+0100] {logging_mixin.py:188} INFO - [2024-02-08T01:58:43.431+0100] {dag.py:3033} INFO - Sync 1 DAGs
[2024-02-08T01:58:43.575+0100] {logging_mixin.py:188} INFO - [2024-02-08T01:58:43.575+0100] {dag.py:3820} INFO - Setting next_dagrun for example_nested_branch_dag to 2024-02-07T00:00:00+00:00, run_after=2024-02-08T00:00:00+00:00
[2024-02-08T01:58:43.749+0100] {processor.py:183} INFO - Processing /home/ubuntu/.local/lib/python3.10/site-packages/airflow/example_dags/example_nested_branch_dag.py took 0.477 seconds
[2024-02-08T02:00:19.028+0100] {processor.py:161} INFO - Started process (PID=58960) to work on /home/ubuntu/.local/lib/python3.10/site-packages/airflow/example_dags/example_nested_branch_dag.py
[2024-02-08T02:00:19.031+0100] {processor.py:830} INFO - Processing file /home/ubuntu/.local/lib/python3.10/site-packages/airflow/example_dags/example_nested_branch_dag.py for tasks to queue
[2024-02-08T02:00:19.033+0100] {logging_mixin.py:188} INFO - [2024-02-08T02:00:19.032+0100] {dagbag.py:538} INFO - Filling up the DagBag from /home/ubuntu/.local/lib/python3.10/site-packages/airflow/example_dags/example_nested_branch_dag.py
[2024-02-08T02:00:19.051+0100] {processor.py:840} INFO - DAG(s) 'example_nested_branch_dag' retrieved from /home/ubuntu/.local/lib/python3.10/site-packages/airflow/example_dags/example_nested_branch_dag.py
[2024-02-08T02:00:19.087+0100] {logging_mixin.py:188} INFO - [2024-02-08T02:00:19.087+0100] {dag.py:3033} INFO - Sync 1 DAGs
[2024-02-08T02:00:19.128+0100] {logging_mixin.py:188} INFO - [2024-02-08T02:00:19.127+0100] {dag.py:3820} INFO - Setting next_dagrun for example_nested_branch_dag to 2024-02-07T00:00:00+00:00, run_after=2024-02-08T00:00:00+00:00
[2024-02-08T02:00:19.387+0100] {processor.py:183} INFO - Processing /home/ubuntu/.local/lib/python3.10/site-packages/airflow/example_dags/example_nested_branch_dag.py took 0.365 seconds
[2024-02-08T02:02:31.039+0100] {processor.py:161} INFO - Started process (PID=59177) to work on /home/ubuntu/.local/lib/python3.10/site-packages/airflow/example_dags/example_nested_branch_dag.py
[2024-02-08T02:02:31.078+0100] {processor.py:830} INFO - Processing file /home/ubuntu/.local/lib/python3.10/site-packages/airflow/example_dags/example_nested_branch_dag.py for tasks to queue
[2024-02-08T02:02:31.080+0100] {logging_mixin.py:188} INFO - [2024-02-08T02:02:31.079+0100] {dagbag.py:538} INFO - Filling up the DagBag from /home/ubuntu/.local/lib/python3.10/site-packages/airflow/example_dags/example_nested_branch_dag.py
[2024-02-08T02:02:31.165+0100] {processor.py:840} INFO - DAG(s) 'example_nested_branch_dag' retrieved from /home/ubuntu/.local/lib/python3.10/site-packages/airflow/example_dags/example_nested_branch_dag.py
[2024-02-08T02:02:31.250+0100] {logging_mixin.py:188} INFO - [2024-02-08T02:02:31.250+0100] {dag.py:3033} INFO - Sync 1 DAGs
[2024-02-08T02:02:31.385+0100] {logging_mixin.py:188} INFO - [2024-02-08T02:02:31.384+0100] {dag.py:3820} INFO - Setting next_dagrun for example_nested_branch_dag to 2024-02-07T00:00:00+00:00, run_after=2024-02-08T00:00:00+00:00
[2024-02-08T02:02:31.663+0100] {processor.py:183} INFO - Processing /home/ubuntu/.local/lib/python3.10/site-packages/airflow/example_dags/example_nested_branch_dag.py took 0.675 seconds
[2024-02-08T02:04:35.950+0100] {processor.py:161} INFO - Started process (PID=59384) to work on /home/ubuntu/.local/lib/python3.10/site-packages/airflow/example_dags/example_nested_branch_dag.py
[2024-02-08T02:04:35.969+0100] {processor.py:830} INFO - Processing file /home/ubuntu/.local/lib/python3.10/site-packages/airflow/example_dags/example_nested_branch_dag.py for tasks to queue
[2024-02-08T02:04:35.971+0100] {logging_mixin.py:188} INFO - [2024-02-08T02:04:35.970+0100] {dagbag.py:538} INFO - Filling up the DagBag from /home/ubuntu/.local/lib/python3.10/site-packages/airflow/example_dags/example_nested_branch_dag.py
[2024-02-08T02:04:36.009+0100] {processor.py:840} INFO - DAG(s) 'example_nested_branch_dag' retrieved from /home/ubuntu/.local/lib/python3.10/site-packages/airflow/example_dags/example_nested_branch_dag.py
[2024-02-08T02:04:36.080+0100] {logging_mixin.py:188} INFO - [2024-02-08T02:04:36.074+0100] {dag.py:3033} INFO - Sync 1 DAGs
[2024-02-08T02:04:36.201+0100] {logging_mixin.py:188} INFO - [2024-02-08T02:04:36.200+0100] {dag.py:3820} INFO - Setting next_dagrun for example_nested_branch_dag to 2024-02-07T00:00:00+00:00, run_after=2024-02-08T00:00:00+00:00
[2024-02-08T02:04:36.443+0100] {processor.py:183} INFO - Processing /home/ubuntu/.local/lib/python3.10/site-packages/airflow/example_dags/example_nested_branch_dag.py took 0.532 seconds
[2024-02-08T02:07:27.722+0100] {processor.py:161} INFO - Started process (PID=60275) to work on /home/ubuntu/.local/lib/python3.10/site-packages/airflow/example_dags/example_nested_branch_dag.py
[2024-02-08T02:07:27.727+0100] {processor.py:830} INFO - Processing file /home/ubuntu/.local/lib/python3.10/site-packages/airflow/example_dags/example_nested_branch_dag.py for tasks to queue
[2024-02-08T02:07:27.730+0100] {logging_mixin.py:188} INFO - [2024-02-08T02:07:27.729+0100] {dagbag.py:538} INFO - Filling up the DagBag from /home/ubuntu/.local/lib/python3.10/site-packages/airflow/example_dags/example_nested_branch_dag.py
[2024-02-08T02:07:27.767+0100] {processor.py:840} INFO - DAG(s) 'example_nested_branch_dag' retrieved from /home/ubuntu/.local/lib/python3.10/site-packages/airflow/example_dags/example_nested_branch_dag.py
[2024-02-08T02:07:27.834+0100] {logging_mixin.py:188} INFO - [2024-02-08T02:07:27.830+0100] {dag.py:3033} INFO - Sync 1 DAGs
[2024-02-08T02:07:28.011+0100] {logging_mixin.py:188} INFO - [2024-02-08T02:07:28.011+0100] {dag.py:3820} INFO - Setting next_dagrun for example_nested_branch_dag to 2024-02-07T00:00:00+00:00, run_after=2024-02-08T00:00:00+00:00
[2024-02-08T02:07:28.120+0100] {processor.py:183} INFO - Processing /home/ubuntu/.local/lib/python3.10/site-packages/airflow/example_dags/example_nested_branch_dag.py took 0.424 seconds
[2024-02-08T02:10:32.157+0100] {processor.py:161} INFO - Started process (PID=60542) to work on /home/ubuntu/.local/lib/python3.10/site-packages/airflow/example_dags/example_nested_branch_dag.py
[2024-02-08T02:10:32.171+0100] {processor.py:830} INFO - Processing file /home/ubuntu/.local/lib/python3.10/site-packages/airflow/example_dags/example_nested_branch_dag.py for tasks to queue
[2024-02-08T02:10:32.172+0100] {logging_mixin.py:188} INFO - [2024-02-08T02:10:32.172+0100] {dagbag.py:538} INFO - Filling up the DagBag from /home/ubuntu/.local/lib/python3.10/site-packages/airflow/example_dags/example_nested_branch_dag.py
[2024-02-08T02:10:32.182+0100] {processor.py:840} INFO - DAG(s) 'example_nested_branch_dag' retrieved from /home/ubuntu/.local/lib/python3.10/site-packages/airflow/example_dags/example_nested_branch_dag.py
[2024-02-08T02:10:32.199+0100] {logging_mixin.py:188} INFO - [2024-02-08T02:10:32.199+0100] {dag.py:3033} INFO - Sync 1 DAGs
[2024-02-08T02:10:32.218+0100] {logging_mixin.py:188} INFO - [2024-02-08T02:10:32.218+0100] {dag.py:3820} INFO - Setting next_dagrun for example_nested_branch_dag to 2024-02-07T00:00:00+00:00, run_after=2024-02-08T00:00:00+00:00
[2024-02-08T02:10:32.285+0100] {processor.py:183} INFO - Processing /home/ubuntu/.local/lib/python3.10/site-packages/airflow/example_dags/example_nested_branch_dag.py took 0.131 seconds
[2024-02-08T02:11:57.079+0100] {processor.py:161} INFO - Started process (PID=60633) to work on /home/ubuntu/.local/lib/python3.10/site-packages/airflow/example_dags/example_nested_branch_dag.py
[2024-02-08T02:11:57.085+0100] {processor.py:830} INFO - Processing file /home/ubuntu/.local/lib/python3.10/site-packages/airflow/example_dags/example_nested_branch_dag.py for tasks to queue
[2024-02-08T02:11:57.087+0100] {logging_mixin.py:188} INFO - [2024-02-08T02:11:57.086+0100] {dagbag.py:538} INFO - Filling up the DagBag from /home/ubuntu/.local/lib/python3.10/site-packages/airflow/example_dags/example_nested_branch_dag.py
[2024-02-08T02:11:57.115+0100] {processor.py:840} INFO - DAG(s) 'example_nested_branch_dag' retrieved from /home/ubuntu/.local/lib/python3.10/site-packages/airflow/example_dags/example_nested_branch_dag.py
[2024-02-08T02:11:57.147+0100] {logging_mixin.py:188} INFO - [2024-02-08T02:11:57.147+0100] {dag.py:3033} INFO - Sync 1 DAGs
[2024-02-08T02:11:57.220+0100] {logging_mixin.py:188} INFO - [2024-02-08T02:11:57.220+0100] {dag.py:3820} INFO - Setting next_dagrun for example_nested_branch_dag to 2024-02-07T00:00:00+00:00, run_after=2024-02-08T00:00:00+00:00
[2024-02-08T02:11:57.418+0100] {processor.py:183} INFO - Processing /home/ubuntu/.local/lib/python3.10/site-packages/airflow/example_dags/example_nested_branch_dag.py took 0.344 seconds
[2024-02-08T02:13:21.956+0100] {processor.py:161} INFO - Started process (PID=61007) to work on /home/ubuntu/.local/lib/python3.10/site-packages/airflow/example_dags/example_nested_branch_dag.py
[2024-02-08T02:13:21.960+0100] {processor.py:830} INFO - Processing file /home/ubuntu/.local/lib/python3.10/site-packages/airflow/example_dags/example_nested_branch_dag.py for tasks to queue
[2024-02-08T02:13:21.961+0100] {logging_mixin.py:188} INFO - [2024-02-08T02:13:21.961+0100] {dagbag.py:538} INFO - Filling up the DagBag from /home/ubuntu/.local/lib/python3.10/site-packages/airflow/example_dags/example_nested_branch_dag.py
[2024-02-08T02:13:21.976+0100] {processor.py:840} INFO - DAG(s) 'example_nested_branch_dag' retrieved from /home/ubuntu/.local/lib/python3.10/site-packages/airflow/example_dags/example_nested_branch_dag.py
[2024-02-08T02:13:21.997+0100] {logging_mixin.py:188} INFO - [2024-02-08T02:13:21.997+0100] {dag.py:3033} INFO - Sync 1 DAGs
[2024-02-08T02:13:22.022+0100] {logging_mixin.py:188} INFO - [2024-02-08T02:13:22.022+0100] {dag.py:3820} INFO - Setting next_dagrun for example_nested_branch_dag to 2024-02-07T00:00:00+00:00, run_after=2024-02-08T00:00:00+00:00
[2024-02-08T02:13:22.051+0100] {processor.py:183} INFO - Processing /home/ubuntu/.local/lib/python3.10/site-packages/airflow/example_dags/example_nested_branch_dag.py took 0.103 seconds
[2024-02-08T02:14:18.397+0100] {processor.py:161} INFO - Started process (PID=61098) to work on /home/ubuntu/.local/lib/python3.10/site-packages/airflow/example_dags/example_nested_branch_dag.py
[2024-02-08T02:14:18.399+0100] {processor.py:830} INFO - Processing file /home/ubuntu/.local/lib/python3.10/site-packages/airflow/example_dags/example_nested_branch_dag.py for tasks to queue
[2024-02-08T02:14:18.401+0100] {logging_mixin.py:188} INFO - [2024-02-08T02:14:18.400+0100] {dagbag.py:538} INFO - Filling up the DagBag from /home/ubuntu/.local/lib/python3.10/site-packages/airflow/example_dags/example_nested_branch_dag.py
[2024-02-08T02:14:18.414+0100] {processor.py:840} INFO - DAG(s) 'example_nested_branch_dag' retrieved from /home/ubuntu/.local/lib/python3.10/site-packages/airflow/example_dags/example_nested_branch_dag.py
[2024-02-08T02:14:18.440+0100] {logging_mixin.py:188} INFO - [2024-02-08T02:14:18.439+0100] {dag.py:3033} INFO - Sync 1 DAGs
[2024-02-08T02:14:18.484+0100] {logging_mixin.py:188} INFO - [2024-02-08T02:14:18.483+0100] {dag.py:3820} INFO - Setting next_dagrun for example_nested_branch_dag to 2024-02-07T00:00:00+00:00, run_after=2024-02-08T00:00:00+00:00
[2024-02-08T02:14:18.544+0100] {processor.py:183} INFO - Processing /home/ubuntu/.local/lib/python3.10/site-packages/airflow/example_dags/example_nested_branch_dag.py took 0.151 seconds
[2024-02-08T02:15:13.143+0100] {processor.py:161} INFO - Started process (PID=61193) to work on /home/ubuntu/.local/lib/python3.10/site-packages/airflow/example_dags/example_nested_branch_dag.py
[2024-02-08T02:15:13.146+0100] {processor.py:830} INFO - Processing file /home/ubuntu/.local/lib/python3.10/site-packages/airflow/example_dags/example_nested_branch_dag.py for tasks to queue
[2024-02-08T02:15:13.149+0100] {logging_mixin.py:188} INFO - [2024-02-08T02:15:13.147+0100] {dagbag.py:538} INFO - Filling up the DagBag from /home/ubuntu/.local/lib/python3.10/site-packages/airflow/example_dags/example_nested_branch_dag.py
[2024-02-08T02:15:13.170+0100] {processor.py:840} INFO - DAG(s) 'example_nested_branch_dag' retrieved from /home/ubuntu/.local/lib/python3.10/site-packages/airflow/example_dags/example_nested_branch_dag.py
[2024-02-08T02:15:13.209+0100] {logging_mixin.py:188} INFO - [2024-02-08T02:15:13.209+0100] {dag.py:3033} INFO - Sync 1 DAGs
[2024-02-08T02:15:13.259+0100] {logging_mixin.py:188} INFO - [2024-02-08T02:15:13.259+0100] {dag.py:3820} INFO - Setting next_dagrun for example_nested_branch_dag to 2024-02-07T00:00:00+00:00, run_after=2024-02-08T00:00:00+00:00
[2024-02-08T02:15:13.300+0100] {processor.py:183} INFO - Processing /home/ubuntu/.local/lib/python3.10/site-packages/airflow/example_dags/example_nested_branch_dag.py took 0.164 seconds
[2024-02-08T02:16:08.235+0100] {processor.py:161} INFO - Started process (PID=61276) to work on /home/ubuntu/.local/lib/python3.10/site-packages/airflow/example_dags/example_nested_branch_dag.py
[2024-02-08T02:16:08.237+0100] {processor.py:830} INFO - Processing file /home/ubuntu/.local/lib/python3.10/site-packages/airflow/example_dags/example_nested_branch_dag.py for tasks to queue
[2024-02-08T02:16:08.239+0100] {logging_mixin.py:188} INFO - [2024-02-08T02:16:08.238+0100] {dagbag.py:538} INFO - Filling up the DagBag from /home/ubuntu/.local/lib/python3.10/site-packages/airflow/example_dags/example_nested_branch_dag.py
[2024-02-08T02:16:08.250+0100] {processor.py:840} INFO - DAG(s) 'example_nested_branch_dag' retrieved from /home/ubuntu/.local/lib/python3.10/site-packages/airflow/example_dags/example_nested_branch_dag.py
[2024-02-08T02:16:08.268+0100] {logging_mixin.py:188} INFO - [2024-02-08T02:16:08.268+0100] {dag.py:3033} INFO - Sync 1 DAGs
[2024-02-08T02:16:08.290+0100] {logging_mixin.py:188} INFO - [2024-02-08T02:16:08.290+0100] {dag.py:3820} INFO - Setting next_dagrun for example_nested_branch_dag to 2024-02-07T00:00:00+00:00, run_after=2024-02-08T00:00:00+00:00
[2024-02-08T02:16:08.324+0100] {processor.py:183} INFO - Processing /home/ubuntu/.local/lib/python3.10/site-packages/airflow/example_dags/example_nested_branch_dag.py took 0.092 seconds
