[2024-02-08T01:01:46.375+0100] {processor.py:161} INFO - Started process (PID=50433) to work on /home/ubuntu/.local/lib/python3.10/site-packages/airflow/example_dags/example_trigger_target_dag.py
[2024-02-08T01:01:46.378+0100] {processor.py:830} INFO - Processing file /home/ubuntu/.local/lib/python3.10/site-packages/airflow/example_dags/example_trigger_target_dag.py for tasks to queue
[2024-02-08T01:01:46.399+0100] {logging_mixin.py:188} INFO - [2024-02-08T01:01:46.399+0100] {dagbag.py:538} INFO - Filling up the DagBag from /home/ubuntu/.local/lib/python3.10/site-packages/airflow/example_dags/example_trigger_target_dag.py
[2024-02-08T01:01:46.449+0100] {processor.py:840} INFO - DAG(s) 'example_trigger_target_dag' retrieved from /home/ubuntu/.local/lib/python3.10/site-packages/airflow/example_dags/example_trigger_target_dag.py
[2024-02-08T01:01:46.480+0100] {logging_mixin.py:188} INFO - [2024-02-08T01:01:46.480+0100] {dag.py:3033} INFO - Sync 1 DAGs
[2024-02-08T01:01:46.536+0100] {logging_mixin.py:188} INFO - [2024-02-08T01:01:46.536+0100] {dag.py:3820} INFO - Setting next_dagrun for example_trigger_target_dag to None, run_after=None
[2024-02-08T01:01:46.847+0100] {processor.py:183} INFO - Processing /home/ubuntu/.local/lib/python3.10/site-packages/airflow/example_dags/example_trigger_target_dag.py took 0.478 seconds
[2024-02-08T01:03:42.319+0100] {processor.py:161} INFO - Started process (PID=50819) to work on /home/ubuntu/.local/lib/python3.10/site-packages/airflow/example_dags/example_trigger_target_dag.py
[2024-02-08T01:03:42.323+0100] {processor.py:830} INFO - Processing file /home/ubuntu/.local/lib/python3.10/site-packages/airflow/example_dags/example_trigger_target_dag.py for tasks to queue
[2024-02-08T01:03:42.326+0100] {logging_mixin.py:188} INFO - [2024-02-08T01:03:42.325+0100] {dagbag.py:538} INFO - Filling up the DagBag from /home/ubuntu/.local/lib/python3.10/site-packages/airflow/example_dags/example_trigger_target_dag.py
[2024-02-08T01:03:42.355+0100] {processor.py:840} INFO - DAG(s) 'example_trigger_target_dag' retrieved from /home/ubuntu/.local/lib/python3.10/site-packages/airflow/example_dags/example_trigger_target_dag.py
[2024-02-08T01:03:42.782+0100] {logging_mixin.py:188} INFO - [2024-02-08T01:03:42.782+0100] {dag.py:3033} INFO - Sync 1 DAGs
[2024-02-08T01:03:42.849+0100] {logging_mixin.py:188} INFO - [2024-02-08T01:03:42.849+0100] {dag.py:3820} INFO - Setting next_dagrun for example_trigger_target_dag to None, run_after=None
[2024-02-08T01:03:43.013+0100] {processor.py:183} INFO - Processing /home/ubuntu/.local/lib/python3.10/site-packages/airflow/example_dags/example_trigger_target_dag.py took 0.700 seconds
[2024-02-08T01:04:53.703+0100] {processor.py:161} INFO - Started process (PID=50960) to work on /home/ubuntu/.local/lib/python3.10/site-packages/airflow/example_dags/example_trigger_target_dag.py
[2024-02-08T01:04:53.722+0100] {processor.py:830} INFO - Processing file /home/ubuntu/.local/lib/python3.10/site-packages/airflow/example_dags/example_trigger_target_dag.py for tasks to queue
[2024-02-08T01:04:53.731+0100] {logging_mixin.py:188} INFO - [2024-02-08T01:04:53.731+0100] {dagbag.py:538} INFO - Filling up the DagBag from /home/ubuntu/.local/lib/python3.10/site-packages/airflow/example_dags/example_trigger_target_dag.py
[2024-02-08T01:04:53.751+0100] {processor.py:840} INFO - DAG(s) 'example_trigger_target_dag' retrieved from /home/ubuntu/.local/lib/python3.10/site-packages/airflow/example_dags/example_trigger_target_dag.py
[2024-02-08T01:04:53.783+0100] {logging_mixin.py:188} INFO - [2024-02-08T01:04:53.783+0100] {dag.py:3033} INFO - Sync 1 DAGs
[2024-02-08T01:04:53.843+0100] {logging_mixin.py:188} INFO - [2024-02-08T01:04:53.843+0100] {dag.py:3820} INFO - Setting next_dagrun for example_trigger_target_dag to None, run_after=None
[2024-02-08T01:04:53.948+0100] {processor.py:183} INFO - Processing /home/ubuntu/.local/lib/python3.10/site-packages/airflow/example_dags/example_trigger_target_dag.py took 0.259 seconds
[2024-02-08T01:05:46.789+0100] {processor.py:161} INFO - Started process (PID=51080) to work on /home/ubuntu/.local/lib/python3.10/site-packages/airflow/example_dags/example_trigger_target_dag.py
[2024-02-08T01:05:46.791+0100] {processor.py:830} INFO - Processing file /home/ubuntu/.local/lib/python3.10/site-packages/airflow/example_dags/example_trigger_target_dag.py for tasks to queue
[2024-02-08T01:05:46.793+0100] {logging_mixin.py:188} INFO - [2024-02-08T01:05:46.792+0100] {dagbag.py:538} INFO - Filling up the DagBag from /home/ubuntu/.local/lib/python3.10/site-packages/airflow/example_dags/example_trigger_target_dag.py
[2024-02-08T01:05:46.807+0100] {processor.py:840} INFO - DAG(s) 'example_trigger_target_dag' retrieved from /home/ubuntu/.local/lib/python3.10/site-packages/airflow/example_dags/example_trigger_target_dag.py
[2024-02-08T01:05:46.838+0100] {logging_mixin.py:188} INFO - [2024-02-08T01:05:46.838+0100] {dag.py:3033} INFO - Sync 1 DAGs
[2024-02-08T01:05:46.857+0100] {logging_mixin.py:188} INFO - [2024-02-08T01:05:46.857+0100] {dag.py:3820} INFO - Setting next_dagrun for example_trigger_target_dag to None, run_after=None
[2024-02-08T01:05:46.902+0100] {processor.py:183} INFO - Processing /home/ubuntu/.local/lib/python3.10/site-packages/airflow/example_dags/example_trigger_target_dag.py took 0.120 seconds
[2024-02-08T01:06:30.171+0100] {processor.py:161} INFO - Started process (PID=51196) to work on /home/ubuntu/.local/lib/python3.10/site-packages/airflow/example_dags/example_trigger_target_dag.py
[2024-02-08T01:06:30.206+0100] {processor.py:830} INFO - Processing file /home/ubuntu/.local/lib/python3.10/site-packages/airflow/example_dags/example_trigger_target_dag.py for tasks to queue
[2024-02-08T01:06:30.207+0100] {logging_mixin.py:188} INFO - [2024-02-08T01:06:30.207+0100] {dagbag.py:538} INFO - Filling up the DagBag from /home/ubuntu/.local/lib/python3.10/site-packages/airflow/example_dags/example_trigger_target_dag.py
[2024-02-08T01:06:30.227+0100] {processor.py:840} INFO - DAG(s) 'example_trigger_target_dag' retrieved from /home/ubuntu/.local/lib/python3.10/site-packages/airflow/example_dags/example_trigger_target_dag.py
[2024-02-08T01:06:30.302+0100] {logging_mixin.py:188} INFO - [2024-02-08T01:06:30.302+0100] {dag.py:3033} INFO - Sync 1 DAGs
[2024-02-08T01:06:30.446+0100] {logging_mixin.py:188} INFO - [2024-02-08T01:06:30.446+0100] {dag.py:3820} INFO - Setting next_dagrun for example_trigger_target_dag to None, run_after=None
[2024-02-08T01:06:30.604+0100] {processor.py:183} INFO - Processing /home/ubuntu/.local/lib/python3.10/site-packages/airflow/example_dags/example_trigger_target_dag.py took 0.446 seconds
[2024-02-08T01:07:42.688+0100] {processor.py:161} INFO - Started process (PID=51687) to work on /home/ubuntu/.local/lib/python3.10/site-packages/airflow/example_dags/example_trigger_target_dag.py
[2024-02-08T01:07:42.746+0100] {processor.py:830} INFO - Processing file /home/ubuntu/.local/lib/python3.10/site-packages/airflow/example_dags/example_trigger_target_dag.py for tasks to queue
[2024-02-08T01:07:42.747+0100] {logging_mixin.py:188} INFO - [2024-02-08T01:07:42.747+0100] {dagbag.py:538} INFO - Filling up the DagBag from /home/ubuntu/.local/lib/python3.10/site-packages/airflow/example_dags/example_trigger_target_dag.py
[2024-02-08T01:07:42.801+0100] {processor.py:840} INFO - DAG(s) 'example_trigger_target_dag' retrieved from /home/ubuntu/.local/lib/python3.10/site-packages/airflow/example_dags/example_trigger_target_dag.py
[2024-02-08T01:07:42.852+0100] {logging_mixin.py:188} INFO - [2024-02-08T01:07:42.851+0100] {dag.py:3033} INFO - Sync 1 DAGs
[2024-02-08T01:07:42.879+0100] {logging_mixin.py:188} INFO - [2024-02-08T01:07:42.879+0100] {dag.py:3820} INFO - Setting next_dagrun for example_trigger_target_dag to None, run_after=None
[2024-02-08T01:07:43.199+0100] {processor.py:183} INFO - Processing /home/ubuntu/.local/lib/python3.10/site-packages/airflow/example_dags/example_trigger_target_dag.py took 0.526 seconds
[2024-02-08T01:09:10.314+0100] {processor.py:161} INFO - Started process (PID=52064) to work on /home/ubuntu/.local/lib/python3.10/site-packages/airflow/example_dags/example_trigger_target_dag.py
[2024-02-08T01:09:10.316+0100] {processor.py:830} INFO - Processing file /home/ubuntu/.local/lib/python3.10/site-packages/airflow/example_dags/example_trigger_target_dag.py for tasks to queue
[2024-02-08T01:09:10.318+0100] {logging_mixin.py:188} INFO - [2024-02-08T01:09:10.317+0100] {dagbag.py:538} INFO - Filling up the DagBag from /home/ubuntu/.local/lib/python3.10/site-packages/airflow/example_dags/example_trigger_target_dag.py
[2024-02-08T01:09:10.330+0100] {processor.py:840} INFO - DAG(s) 'example_trigger_target_dag' retrieved from /home/ubuntu/.local/lib/python3.10/site-packages/airflow/example_dags/example_trigger_target_dag.py
[2024-02-08T01:09:10.361+0100] {logging_mixin.py:188} INFO - [2024-02-08T01:09:10.360+0100] {dag.py:3033} INFO - Sync 1 DAGs
[2024-02-08T01:09:10.391+0100] {logging_mixin.py:188} INFO - [2024-02-08T01:09:10.390+0100] {dag.py:3820} INFO - Setting next_dagrun for example_trigger_target_dag to None, run_after=None
[2024-02-08T01:09:10.451+0100] {processor.py:183} INFO - Processing /home/ubuntu/.local/lib/python3.10/site-packages/airflow/example_dags/example_trigger_target_dag.py took 0.143 seconds
[2024-02-08T01:10:00.913+0100] {processor.py:161} INFO - Started process (PID=52215) to work on /home/ubuntu/.local/lib/python3.10/site-packages/airflow/example_dags/example_trigger_target_dag.py
[2024-02-08T01:10:00.916+0100] {processor.py:830} INFO - Processing file /home/ubuntu/.local/lib/python3.10/site-packages/airflow/example_dags/example_trigger_target_dag.py for tasks to queue
[2024-02-08T01:10:00.917+0100] {logging_mixin.py:188} INFO - [2024-02-08T01:10:00.917+0100] {dagbag.py:538} INFO - Filling up the DagBag from /home/ubuntu/.local/lib/python3.10/site-packages/airflow/example_dags/example_trigger_target_dag.py
[2024-02-08T01:10:00.930+0100] {processor.py:840} INFO - DAG(s) 'example_trigger_target_dag' retrieved from /home/ubuntu/.local/lib/python3.10/site-packages/airflow/example_dags/example_trigger_target_dag.py
[2024-02-08T01:10:00.957+0100] {logging_mixin.py:188} INFO - [2024-02-08T01:10:00.957+0100] {dag.py:3033} INFO - Sync 1 DAGs
[2024-02-08T01:10:00.974+0100] {logging_mixin.py:188} INFO - [2024-02-08T01:10:00.974+0100] {dag.py:3820} INFO - Setting next_dagrun for example_trigger_target_dag to None, run_after=None
[2024-02-08T01:10:01.009+0100] {processor.py:183} INFO - Processing /home/ubuntu/.local/lib/python3.10/site-packages/airflow/example_dags/example_trigger_target_dag.py took 0.111 seconds
[2024-02-08T01:10:42.570+0100] {processor.py:161} INFO - Started process (PID=52297) to work on /home/ubuntu/.local/lib/python3.10/site-packages/airflow/example_dags/example_trigger_target_dag.py
[2024-02-08T01:10:42.574+0100] {processor.py:830} INFO - Processing file /home/ubuntu/.local/lib/python3.10/site-packages/airflow/example_dags/example_trigger_target_dag.py for tasks to queue
[2024-02-08T01:10:42.577+0100] {logging_mixin.py:188} INFO - [2024-02-08T01:10:42.577+0100] {dagbag.py:538} INFO - Filling up the DagBag from /home/ubuntu/.local/lib/python3.10/site-packages/airflow/example_dags/example_trigger_target_dag.py
[2024-02-08T01:10:42.616+0100] {processor.py:840} INFO - DAG(s) 'example_trigger_target_dag' retrieved from /home/ubuntu/.local/lib/python3.10/site-packages/airflow/example_dags/example_trigger_target_dag.py
[2024-02-08T01:10:42.702+0100] {logging_mixin.py:188} INFO - [2024-02-08T01:10:42.701+0100] {dag.py:3033} INFO - Sync 1 DAGs
[2024-02-08T01:10:42.759+0100] {logging_mixin.py:188} INFO - [2024-02-08T01:10:42.758+0100] {dag.py:3820} INFO - Setting next_dagrun for example_trigger_target_dag to None, run_after=None
[2024-02-08T01:10:42.868+0100] {processor.py:183} INFO - Processing /home/ubuntu/.local/lib/python3.10/site-packages/airflow/example_dags/example_trigger_target_dag.py took 0.308 seconds
[2024-02-08T01:12:21.968+0100] {processor.py:161} INFO - Started process (PID=52713) to work on /home/ubuntu/.local/lib/python3.10/site-packages/airflow/example_dags/example_trigger_target_dag.py
[2024-02-08T01:12:22.012+0100] {processor.py:830} INFO - Processing file /home/ubuntu/.local/lib/python3.10/site-packages/airflow/example_dags/example_trigger_target_dag.py for tasks to queue
[2024-02-08T01:12:22.048+0100] {logging_mixin.py:188} INFO - [2024-02-08T01:12:22.025+0100] {dagbag.py:538} INFO - Filling up the DagBag from /home/ubuntu/.local/lib/python3.10/site-packages/airflow/example_dags/example_trigger_target_dag.py
[2024-02-08T01:12:22.112+0100] {processor.py:840} INFO - DAG(s) 'example_trigger_target_dag' retrieved from /home/ubuntu/.local/lib/python3.10/site-packages/airflow/example_dags/example_trigger_target_dag.py
[2024-02-08T01:12:22.240+0100] {logging_mixin.py:188} INFO - [2024-02-08T01:12:22.240+0100] {dag.py:3033} INFO - Sync 1 DAGs
[2024-02-08T01:12:22.334+0100] {logging_mixin.py:188} INFO - [2024-02-08T01:12:22.333+0100] {dag.py:3820} INFO - Setting next_dagrun for example_trigger_target_dag to None, run_after=None
[2024-02-08T01:12:22.843+0100] {processor.py:183} INFO - Processing /home/ubuntu/.local/lib/python3.10/site-packages/airflow/example_dags/example_trigger_target_dag.py took 0.978 seconds
[2024-02-08T01:14:08.398+0100] {processor.py:161} INFO - Started process (PID=53163) to work on /home/ubuntu/.local/lib/python3.10/site-packages/airflow/example_dags/example_trigger_target_dag.py
[2024-02-08T01:14:08.430+0100] {processor.py:830} INFO - Processing file /home/ubuntu/.local/lib/python3.10/site-packages/airflow/example_dags/example_trigger_target_dag.py for tasks to queue
[2024-02-08T01:14:08.432+0100] {logging_mixin.py:188} INFO - [2024-02-08T01:14:08.431+0100] {dagbag.py:538} INFO - Filling up the DagBag from /home/ubuntu/.local/lib/python3.10/site-packages/airflow/example_dags/example_trigger_target_dag.py
[2024-02-08T01:14:08.491+0100] {processor.py:840} INFO - DAG(s) 'example_trigger_target_dag' retrieved from /home/ubuntu/.local/lib/python3.10/site-packages/airflow/example_dags/example_trigger_target_dag.py
[2024-02-08T01:14:08.953+0100] {logging_mixin.py:188} INFO - [2024-02-08T01:14:08.953+0100] {dag.py:3033} INFO - Sync 1 DAGs
[2024-02-08T01:14:09.122+0100] {logging_mixin.py:188} INFO - [2024-02-08T01:14:09.122+0100] {dag.py:3820} INFO - Setting next_dagrun for example_trigger_target_dag to None, run_after=None
[2024-02-08T01:14:09.378+0100] {processor.py:183} INFO - Processing /home/ubuntu/.local/lib/python3.10/site-packages/airflow/example_dags/example_trigger_target_dag.py took 1.001 seconds
[2024-02-08T01:16:17.165+0100] {processor.py:161} INFO - Started process (PID=53600) to work on /home/ubuntu/.local/lib/python3.10/site-packages/airflow/example_dags/example_trigger_target_dag.py
[2024-02-08T01:16:17.184+0100] {processor.py:830} INFO - Processing file /home/ubuntu/.local/lib/python3.10/site-packages/airflow/example_dags/example_trigger_target_dag.py for tasks to queue
[2024-02-08T01:16:17.193+0100] {logging_mixin.py:188} INFO - [2024-02-08T01:16:17.193+0100] {dagbag.py:538} INFO - Filling up the DagBag from /home/ubuntu/.local/lib/python3.10/site-packages/airflow/example_dags/example_trigger_target_dag.py
[2024-02-08T01:16:17.235+0100] {processor.py:840} INFO - DAG(s) 'example_trigger_target_dag' retrieved from /home/ubuntu/.local/lib/python3.10/site-packages/airflow/example_dags/example_trigger_target_dag.py
[2024-02-08T01:16:17.908+0100] {logging_mixin.py:188} INFO - [2024-02-08T01:16:17.908+0100] {dag.py:3033} INFO - Sync 1 DAGs
[2024-02-08T01:16:17.977+0100] {logging_mixin.py:188} INFO - [2024-02-08T01:16:17.977+0100] {dag.py:3820} INFO - Setting next_dagrun for example_trigger_target_dag to None, run_after=None
[2024-02-08T01:16:19.234+0100] {processor.py:183} INFO - Processing /home/ubuntu/.local/lib/python3.10/site-packages/airflow/example_dags/example_trigger_target_dag.py took 2.084 seconds
[2024-02-08T01:18:00.783+0100] {processor.py:161} INFO - Started process (PID=54108) to work on /home/ubuntu/.local/lib/python3.10/site-packages/airflow/example_dags/example_trigger_target_dag.py
[2024-02-08T01:18:00.789+0100] {processor.py:830} INFO - Processing file /home/ubuntu/.local/lib/python3.10/site-packages/airflow/example_dags/example_trigger_target_dag.py for tasks to queue
[2024-02-08T01:18:00.792+0100] {logging_mixin.py:188} INFO - [2024-02-08T01:18:00.790+0100] {dagbag.py:538} INFO - Filling up the DagBag from /home/ubuntu/.local/lib/python3.10/site-packages/airflow/example_dags/example_trigger_target_dag.py
[2024-02-08T01:18:00.848+0100] {processor.py:840} INFO - DAG(s) 'example_trigger_target_dag' retrieved from /home/ubuntu/.local/lib/python3.10/site-packages/airflow/example_dags/example_trigger_target_dag.py
[2024-02-08T01:18:00.932+0100] {logging_mixin.py:188} INFO - [2024-02-08T01:18:00.932+0100] {dag.py:3033} INFO - Sync 1 DAGs
[2024-02-08T01:18:00.991+0100] {logging_mixin.py:188} INFO - [2024-02-08T01:18:00.991+0100] {dag.py:3820} INFO - Setting next_dagrun for example_trigger_target_dag to None, run_after=None
[2024-02-08T01:18:01.325+0100] {processor.py:183} INFO - Processing /home/ubuntu/.local/lib/python3.10/site-packages/airflow/example_dags/example_trigger_target_dag.py took 0.598 seconds
[2024-02-08T01:19:19.479+0100] {processor.py:161} INFO - Started process (PID=54341) to work on /home/ubuntu/.local/lib/python3.10/site-packages/airflow/example_dags/example_trigger_target_dag.py
[2024-02-08T01:19:19.497+0100] {processor.py:830} INFO - Processing file /home/ubuntu/.local/lib/python3.10/site-packages/airflow/example_dags/example_trigger_target_dag.py for tasks to queue
[2024-02-08T01:19:19.500+0100] {logging_mixin.py:188} INFO - [2024-02-08T01:19:19.499+0100] {dagbag.py:538} INFO - Filling up the DagBag from /home/ubuntu/.local/lib/python3.10/site-packages/airflow/example_dags/example_trigger_target_dag.py
[2024-02-08T01:19:19.513+0100] {processor.py:840} INFO - DAG(s) 'example_trigger_target_dag' retrieved from /home/ubuntu/.local/lib/python3.10/site-packages/airflow/example_dags/example_trigger_target_dag.py
[2024-02-08T01:19:19.546+0100] {logging_mixin.py:188} INFO - [2024-02-08T01:19:19.546+0100] {dag.py:3033} INFO - Sync 1 DAGs
[2024-02-08T01:19:19.704+0100] {logging_mixin.py:188} INFO - [2024-02-08T01:19:19.703+0100] {dag.py:3820} INFO - Setting next_dagrun for example_trigger_target_dag to None, run_after=None
[2024-02-08T01:19:19.752+0100] {processor.py:183} INFO - Processing /home/ubuntu/.local/lib/python3.10/site-packages/airflow/example_dags/example_trigger_target_dag.py took 0.278 seconds
[2024-02-08T01:20:22.693+0100] {processor.py:161} INFO - Started process (PID=54492) to work on /home/ubuntu/.local/lib/python3.10/site-packages/airflow/example_dags/example_trigger_target_dag.py
[2024-02-08T01:20:22.697+0100] {processor.py:830} INFO - Processing file /home/ubuntu/.local/lib/python3.10/site-packages/airflow/example_dags/example_trigger_target_dag.py for tasks to queue
[2024-02-08T01:20:22.700+0100] {logging_mixin.py:188} INFO - [2024-02-08T01:20:22.698+0100] {dagbag.py:538} INFO - Filling up the DagBag from /home/ubuntu/.local/lib/python3.10/site-packages/airflow/example_dags/example_trigger_target_dag.py
[2024-02-08T01:20:22.720+0100] {processor.py:840} INFO - DAG(s) 'example_trigger_target_dag' retrieved from /home/ubuntu/.local/lib/python3.10/site-packages/airflow/example_dags/example_trigger_target_dag.py
[2024-02-08T01:20:22.823+0100] {logging_mixin.py:188} INFO - [2024-02-08T01:20:22.823+0100] {dag.py:3033} INFO - Sync 1 DAGs
[2024-02-08T01:20:22.852+0100] {logging_mixin.py:188} INFO - [2024-02-08T01:20:22.852+0100] {dag.py:3820} INFO - Setting next_dagrun for example_trigger_target_dag to None, run_after=None
[2024-02-08T01:20:23.125+0100] {processor.py:183} INFO - Processing /home/ubuntu/.local/lib/python3.10/site-packages/airflow/example_dags/example_trigger_target_dag.py took 0.448 seconds
[2024-02-08T01:21:15.989+0100] {processor.py:161} INFO - Started process (PID=54600) to work on /home/ubuntu/.local/lib/python3.10/site-packages/airflow/example_dags/example_trigger_target_dag.py
[2024-02-08T01:21:16.016+0100] {processor.py:830} INFO - Processing file /home/ubuntu/.local/lib/python3.10/site-packages/airflow/example_dags/example_trigger_target_dag.py for tasks to queue
[2024-02-08T01:21:16.017+0100] {logging_mixin.py:188} INFO - [2024-02-08T01:21:16.016+0100] {dagbag.py:538} INFO - Filling up the DagBag from /home/ubuntu/.local/lib/python3.10/site-packages/airflow/example_dags/example_trigger_target_dag.py
[2024-02-08T01:21:16.092+0100] {processor.py:840} INFO - DAG(s) 'example_trigger_target_dag' retrieved from /home/ubuntu/.local/lib/python3.10/site-packages/airflow/example_dags/example_trigger_target_dag.py
[2024-02-08T01:21:16.363+0100] {logging_mixin.py:188} INFO - [2024-02-08T01:21:16.362+0100] {dag.py:3033} INFO - Sync 1 DAGs
[2024-02-08T01:21:16.438+0100] {logging_mixin.py:188} INFO - [2024-02-08T01:21:16.438+0100] {dag.py:3820} INFO - Setting next_dagrun for example_trigger_target_dag to None, run_after=None
[2024-02-08T01:21:19.042+0100] {processor.py:183} INFO - Processing /home/ubuntu/.local/lib/python3.10/site-packages/airflow/example_dags/example_trigger_target_dag.py took 3.142 seconds
[2024-02-08T01:22:09.406+0100] {processor.py:161} INFO - Started process (PID=54688) to work on /home/ubuntu/.local/lib/python3.10/site-packages/airflow/example_dags/example_trigger_target_dag.py
[2024-02-08T01:22:09.446+0100] {processor.py:830} INFO - Processing file /home/ubuntu/.local/lib/python3.10/site-packages/airflow/example_dags/example_trigger_target_dag.py for tasks to queue
[2024-02-08T01:22:09.459+0100] {logging_mixin.py:188} INFO - [2024-02-08T01:22:09.447+0100] {dagbag.py:538} INFO - Filling up the DagBag from /home/ubuntu/.local/lib/python3.10/site-packages/airflow/example_dags/example_trigger_target_dag.py
[2024-02-08T01:22:09.488+0100] {processor.py:840} INFO - DAG(s) 'example_trigger_target_dag' retrieved from /home/ubuntu/.local/lib/python3.10/site-packages/airflow/example_dags/example_trigger_target_dag.py
[2024-02-08T01:22:09.607+0100] {logging_mixin.py:188} INFO - [2024-02-08T01:22:09.607+0100] {dag.py:3033} INFO - Sync 1 DAGs
[2024-02-08T01:22:09.681+0100] {logging_mixin.py:188} INFO - [2024-02-08T01:22:09.681+0100] {dag.py:3820} INFO - Setting next_dagrun for example_trigger_target_dag to None, run_after=None
[2024-02-08T01:22:09.798+0100] {processor.py:183} INFO - Processing /home/ubuntu/.local/lib/python3.10/site-packages/airflow/example_dags/example_trigger_target_dag.py took 0.412 seconds
[2024-02-08T01:22:57.418+0100] {processor.py:161} INFO - Started process (PID=54873) to work on /home/ubuntu/.local/lib/python3.10/site-packages/airflow/example_dags/example_trigger_target_dag.py
[2024-02-08T01:22:57.421+0100] {processor.py:830} INFO - Processing file /home/ubuntu/.local/lib/python3.10/site-packages/airflow/example_dags/example_trigger_target_dag.py for tasks to queue
[2024-02-08T01:22:57.423+0100] {logging_mixin.py:188} INFO - [2024-02-08T01:22:57.422+0100] {dagbag.py:538} INFO - Filling up the DagBag from /home/ubuntu/.local/lib/python3.10/site-packages/airflow/example_dags/example_trigger_target_dag.py
[2024-02-08T01:22:57.441+0100] {processor.py:840} INFO - DAG(s) 'example_trigger_target_dag' retrieved from /home/ubuntu/.local/lib/python3.10/site-packages/airflow/example_dags/example_trigger_target_dag.py
[2024-02-08T01:22:57.481+0100] {logging_mixin.py:188} INFO - [2024-02-08T01:22:57.481+0100] {dag.py:3033} INFO - Sync 1 DAGs
[2024-02-08T01:22:57.514+0100] {logging_mixin.py:188} INFO - [2024-02-08T01:22:57.513+0100] {dag.py:3820} INFO - Setting next_dagrun for example_trigger_target_dag to None, run_after=None
[2024-02-08T01:22:57.567+0100] {processor.py:183} INFO - Processing /home/ubuntu/.local/lib/python3.10/site-packages/airflow/example_dags/example_trigger_target_dag.py took 0.156 seconds
[2024-02-08T01:23:37.990+0100] {processor.py:161} INFO - Started process (PID=54943) to work on /home/ubuntu/.local/lib/python3.10/site-packages/airflow/example_dags/example_trigger_target_dag.py
[2024-02-08T01:23:38.007+0100] {processor.py:830} INFO - Processing file /home/ubuntu/.local/lib/python3.10/site-packages/airflow/example_dags/example_trigger_target_dag.py for tasks to queue
[2024-02-08T01:23:38.009+0100] {logging_mixin.py:188} INFO - [2024-02-08T01:23:38.009+0100] {dagbag.py:538} INFO - Filling up the DagBag from /home/ubuntu/.local/lib/python3.10/site-packages/airflow/example_dags/example_trigger_target_dag.py
[2024-02-08T01:23:38.060+0100] {processor.py:840} INFO - DAG(s) 'example_trigger_target_dag' retrieved from /home/ubuntu/.local/lib/python3.10/site-packages/airflow/example_dags/example_trigger_target_dag.py
[2024-02-08T01:23:38.192+0100] {logging_mixin.py:188} INFO - [2024-02-08T01:23:38.187+0100] {dag.py:3033} INFO - Sync 1 DAGs
[2024-02-08T01:23:38.250+0100] {logging_mixin.py:188} INFO - [2024-02-08T01:23:38.249+0100] {dag.py:3820} INFO - Setting next_dagrun for example_trigger_target_dag to None, run_after=None
[2024-02-08T01:23:38.304+0100] {processor.py:183} INFO - Processing /home/ubuntu/.local/lib/python3.10/site-packages/airflow/example_dags/example_trigger_target_dag.py took 0.348 seconds
[2024-02-08T01:24:43.545+0100] {processor.py:161} INFO - Started process (PID=55066) to work on /home/ubuntu/.local/lib/python3.10/site-packages/airflow/example_dags/example_trigger_target_dag.py
[2024-02-08T01:24:43.547+0100] {processor.py:830} INFO - Processing file /home/ubuntu/.local/lib/python3.10/site-packages/airflow/example_dags/example_trigger_target_dag.py for tasks to queue
[2024-02-08T01:24:43.549+0100] {logging_mixin.py:188} INFO - [2024-02-08T01:24:43.548+0100] {dagbag.py:538} INFO - Filling up the DagBag from /home/ubuntu/.local/lib/python3.10/site-packages/airflow/example_dags/example_trigger_target_dag.py
[2024-02-08T01:24:43.558+0100] {processor.py:840} INFO - DAG(s) 'example_trigger_target_dag' retrieved from /home/ubuntu/.local/lib/python3.10/site-packages/airflow/example_dags/example_trigger_target_dag.py
[2024-02-08T01:24:43.589+0100] {logging_mixin.py:188} INFO - [2024-02-08T01:24:43.588+0100] {dag.py:3033} INFO - Sync 1 DAGs
[2024-02-08T01:24:43.602+0100] {logging_mixin.py:188} INFO - [2024-02-08T01:24:43.602+0100] {dag.py:3820} INFO - Setting next_dagrun for example_trigger_target_dag to None, run_after=None
[2024-02-08T01:24:43.644+0100] {processor.py:183} INFO - Processing /home/ubuntu/.local/lib/python3.10/site-packages/airflow/example_dags/example_trigger_target_dag.py took 0.103 seconds
[2024-02-08T01:25:32.919+0100] {processor.py:161} INFO - Started process (PID=55153) to work on /home/ubuntu/.local/lib/python3.10/site-packages/airflow/example_dags/example_trigger_target_dag.py
[2024-02-08T01:25:32.925+0100] {processor.py:830} INFO - Processing file /home/ubuntu/.local/lib/python3.10/site-packages/airflow/example_dags/example_trigger_target_dag.py for tasks to queue
[2024-02-08T01:25:32.929+0100] {logging_mixin.py:188} INFO - [2024-02-08T01:25:32.927+0100] {dagbag.py:538} INFO - Filling up the DagBag from /home/ubuntu/.local/lib/python3.10/site-packages/airflow/example_dags/example_trigger_target_dag.py
[2024-02-08T01:25:32.949+0100] {processor.py:840} INFO - DAG(s) 'example_trigger_target_dag' retrieved from /home/ubuntu/.local/lib/python3.10/site-packages/airflow/example_dags/example_trigger_target_dag.py
[2024-02-08T01:25:32.991+0100] {logging_mixin.py:188} INFO - [2024-02-08T01:25:32.991+0100] {dag.py:3033} INFO - Sync 1 DAGs
[2024-02-08T01:25:33.021+0100] {logging_mixin.py:188} INFO - [2024-02-08T01:25:33.021+0100] {dag.py:3820} INFO - Setting next_dagrun for example_trigger_target_dag to None, run_after=None
[2024-02-08T01:25:33.349+0100] {processor.py:183} INFO - Processing /home/ubuntu/.local/lib/python3.10/site-packages/airflow/example_dags/example_trigger_target_dag.py took 0.439 seconds
[2024-02-08T01:26:20.260+0100] {processor.py:161} INFO - Started process (PID=55230) to work on /home/ubuntu/.local/lib/python3.10/site-packages/airflow/example_dags/example_trigger_target_dag.py
[2024-02-08T01:26:20.280+0100] {processor.py:830} INFO - Processing file /home/ubuntu/.local/lib/python3.10/site-packages/airflow/example_dags/example_trigger_target_dag.py for tasks to queue
[2024-02-08T01:26:20.287+0100] {logging_mixin.py:188} INFO - [2024-02-08T01:26:20.286+0100] {dagbag.py:538} INFO - Filling up the DagBag from /home/ubuntu/.local/lib/python3.10/site-packages/airflow/example_dags/example_trigger_target_dag.py
[2024-02-08T01:26:20.312+0100] {processor.py:840} INFO - DAG(s) 'example_trigger_target_dag' retrieved from /home/ubuntu/.local/lib/python3.10/site-packages/airflow/example_dags/example_trigger_target_dag.py
[2024-02-08T01:26:20.371+0100] {logging_mixin.py:188} INFO - [2024-02-08T01:26:20.370+0100] {dag.py:3033} INFO - Sync 1 DAGs
[2024-02-08T01:26:20.412+0100] {logging_mixin.py:188} INFO - [2024-02-08T01:26:20.411+0100] {dag.py:3820} INFO - Setting next_dagrun for example_trigger_target_dag to None, run_after=None
[2024-02-08T01:26:20.599+0100] {processor.py:183} INFO - Processing /home/ubuntu/.local/lib/python3.10/site-packages/airflow/example_dags/example_trigger_target_dag.py took 0.349 seconds
[2024-02-08T01:27:12.078+0100] {processor.py:161} INFO - Started process (PID=55332) to work on /home/ubuntu/.local/lib/python3.10/site-packages/airflow/example_dags/example_trigger_target_dag.py
[2024-02-08T01:27:12.081+0100] {processor.py:830} INFO - Processing file /home/ubuntu/.local/lib/python3.10/site-packages/airflow/example_dags/example_trigger_target_dag.py for tasks to queue
[2024-02-08T01:27:12.083+0100] {logging_mixin.py:188} INFO - [2024-02-08T01:27:12.082+0100] {dagbag.py:538} INFO - Filling up the DagBag from /home/ubuntu/.local/lib/python3.10/site-packages/airflow/example_dags/example_trigger_target_dag.py
[2024-02-08T01:27:12.099+0100] {processor.py:840} INFO - DAG(s) 'example_trigger_target_dag' retrieved from /home/ubuntu/.local/lib/python3.10/site-packages/airflow/example_dags/example_trigger_target_dag.py
[2024-02-08T01:27:12.147+0100] {logging_mixin.py:188} INFO - [2024-02-08T01:27:12.147+0100] {dag.py:3033} INFO - Sync 1 DAGs
[2024-02-08T01:27:12.176+0100] {logging_mixin.py:188} INFO - [2024-02-08T01:27:12.175+0100] {dag.py:3820} INFO - Setting next_dagrun for example_trigger_target_dag to None, run_after=None
[2024-02-08T01:27:12.217+0100] {processor.py:183} INFO - Processing /home/ubuntu/.local/lib/python3.10/site-packages/airflow/example_dags/example_trigger_target_dag.py took 0.146 seconds
[2024-02-08T01:28:00.019+0100] {processor.py:161} INFO - Started process (PID=55423) to work on /home/ubuntu/.local/lib/python3.10/site-packages/airflow/example_dags/example_trigger_target_dag.py
[2024-02-08T01:28:00.029+0100] {processor.py:830} INFO - Processing file /home/ubuntu/.local/lib/python3.10/site-packages/airflow/example_dags/example_trigger_target_dag.py for tasks to queue
[2024-02-08T01:28:00.031+0100] {logging_mixin.py:188} INFO - [2024-02-08T01:28:00.030+0100] {dagbag.py:538} INFO - Filling up the DagBag from /home/ubuntu/.local/lib/python3.10/site-packages/airflow/example_dags/example_trigger_target_dag.py
[2024-02-08T01:28:00.049+0100] {processor.py:840} INFO - DAG(s) 'example_trigger_target_dag' retrieved from /home/ubuntu/.local/lib/python3.10/site-packages/airflow/example_dags/example_trigger_target_dag.py
[2024-02-08T01:28:00.074+0100] {logging_mixin.py:188} INFO - [2024-02-08T01:28:00.073+0100] {dag.py:3033} INFO - Sync 1 DAGs
[2024-02-08T01:28:00.143+0100] {logging_mixin.py:188} INFO - [2024-02-08T01:28:00.142+0100] {dag.py:3820} INFO - Setting next_dagrun for example_trigger_target_dag to None, run_after=None
[2024-02-08T01:28:00.239+0100] {processor.py:183} INFO - Processing /home/ubuntu/.local/lib/python3.10/site-packages/airflow/example_dags/example_trigger_target_dag.py took 0.238 seconds
[2024-02-08T01:28:47.902+0100] {processor.py:161} INFO - Started process (PID=55500) to work on /home/ubuntu/.local/lib/python3.10/site-packages/airflow/example_dags/example_trigger_target_dag.py
[2024-02-08T01:28:47.906+0100] {processor.py:830} INFO - Processing file /home/ubuntu/.local/lib/python3.10/site-packages/airflow/example_dags/example_trigger_target_dag.py for tasks to queue
[2024-02-08T01:28:47.908+0100] {logging_mixin.py:188} INFO - [2024-02-08T01:28:47.907+0100] {dagbag.py:538} INFO - Filling up the DagBag from /home/ubuntu/.local/lib/python3.10/site-packages/airflow/example_dags/example_trigger_target_dag.py
[2024-02-08T01:28:47.928+0100] {processor.py:840} INFO - DAG(s) 'example_trigger_target_dag' retrieved from /home/ubuntu/.local/lib/python3.10/site-packages/airflow/example_dags/example_trigger_target_dag.py
[2024-02-08T01:28:47.972+0100] {logging_mixin.py:188} INFO - [2024-02-08T01:28:47.972+0100] {dag.py:3033} INFO - Sync 1 DAGs
[2024-02-08T01:28:47.995+0100] {logging_mixin.py:188} INFO - [2024-02-08T01:28:47.994+0100] {dag.py:3820} INFO - Setting next_dagrun for example_trigger_target_dag to None, run_after=None
[2024-02-08T01:28:48.055+0100] {processor.py:183} INFO - Processing /home/ubuntu/.local/lib/python3.10/site-packages/airflow/example_dags/example_trigger_target_dag.py took 0.160 seconds
[2024-02-08T01:29:40.837+0100] {processor.py:161} INFO - Started process (PID=55603) to work on /home/ubuntu/.local/lib/python3.10/site-packages/airflow/example_dags/example_trigger_target_dag.py
[2024-02-08T01:29:40.868+0100] {processor.py:830} INFO - Processing file /home/ubuntu/.local/lib/python3.10/site-packages/airflow/example_dags/example_trigger_target_dag.py for tasks to queue
[2024-02-08T01:29:40.875+0100] {logging_mixin.py:188} INFO - [2024-02-08T01:29:40.868+0100] {dagbag.py:538} INFO - Filling up the DagBag from /home/ubuntu/.local/lib/python3.10/site-packages/airflow/example_dags/example_trigger_target_dag.py
[2024-02-08T01:29:40.919+0100] {processor.py:840} INFO - DAG(s) 'example_trigger_target_dag' retrieved from /home/ubuntu/.local/lib/python3.10/site-packages/airflow/example_dags/example_trigger_target_dag.py
[2024-02-08T01:29:41.037+0100] {logging_mixin.py:188} INFO - [2024-02-08T01:29:41.036+0100] {dag.py:3033} INFO - Sync 1 DAGs
[2024-02-08T01:29:41.082+0100] {logging_mixin.py:188} INFO - [2024-02-08T01:29:41.082+0100] {dag.py:3820} INFO - Setting next_dagrun for example_trigger_target_dag to None, run_after=None
[2024-02-08T01:29:41.333+0100] {processor.py:183} INFO - Processing /home/ubuntu/.local/lib/python3.10/site-packages/airflow/example_dags/example_trigger_target_dag.py took 0.531 seconds
[2024-02-08T01:30:42.016+0100] {processor.py:161} INFO - Started process (PID=55713) to work on /home/ubuntu/.local/lib/python3.10/site-packages/airflow/example_dags/example_trigger_target_dag.py
[2024-02-08T01:30:42.019+0100] {processor.py:830} INFO - Processing file /home/ubuntu/.local/lib/python3.10/site-packages/airflow/example_dags/example_trigger_target_dag.py for tasks to queue
[2024-02-08T01:30:42.020+0100] {logging_mixin.py:188} INFO - [2024-02-08T01:30:42.019+0100] {dagbag.py:538} INFO - Filling up the DagBag from /home/ubuntu/.local/lib/python3.10/site-packages/airflow/example_dags/example_trigger_target_dag.py
[2024-02-08T01:30:42.032+0100] {processor.py:840} INFO - DAG(s) 'example_trigger_target_dag' retrieved from /home/ubuntu/.local/lib/python3.10/site-packages/airflow/example_dags/example_trigger_target_dag.py
[2024-02-08T01:30:42.050+0100] {logging_mixin.py:188} INFO - [2024-02-08T01:30:42.050+0100] {dag.py:3033} INFO - Sync 1 DAGs
[2024-02-08T01:30:42.068+0100] {logging_mixin.py:188} INFO - [2024-02-08T01:30:42.067+0100] {dag.py:3820} INFO - Setting next_dagrun for example_trigger_target_dag to None, run_after=None
[2024-02-08T01:30:42.101+0100] {processor.py:183} INFO - Processing /home/ubuntu/.local/lib/python3.10/site-packages/airflow/example_dags/example_trigger_target_dag.py took 0.091 seconds
[2024-02-08T01:31:39.930+0100] {processor.py:161} INFO - Started process (PID=55818) to work on /home/ubuntu/.local/lib/python3.10/site-packages/airflow/example_dags/example_trigger_target_dag.py
[2024-02-08T01:31:39.933+0100] {processor.py:830} INFO - Processing file /home/ubuntu/.local/lib/python3.10/site-packages/airflow/example_dags/example_trigger_target_dag.py for tasks to queue
[2024-02-08T01:31:39.936+0100] {logging_mixin.py:188} INFO - [2024-02-08T01:31:39.935+0100] {dagbag.py:538} INFO - Filling up the DagBag from /home/ubuntu/.local/lib/python3.10/site-packages/airflow/example_dags/example_trigger_target_dag.py
[2024-02-08T01:31:39.960+0100] {processor.py:840} INFO - DAG(s) 'example_trigger_target_dag' retrieved from /home/ubuntu/.local/lib/python3.10/site-packages/airflow/example_dags/example_trigger_target_dag.py
[2024-02-08T01:31:40.049+0100] {logging_mixin.py:188} INFO - [2024-02-08T01:31:40.049+0100] {dag.py:3033} INFO - Sync 1 DAGs
[2024-02-08T01:31:40.078+0100] {logging_mixin.py:188} INFO - [2024-02-08T01:31:40.078+0100] {dag.py:3820} INFO - Setting next_dagrun for example_trigger_target_dag to None, run_after=None
[2024-02-08T01:31:40.318+0100] {processor.py:183} INFO - Processing /home/ubuntu/.local/lib/python3.10/site-packages/airflow/example_dags/example_trigger_target_dag.py took 0.418 seconds
[2024-02-08T01:32:47.655+0100] {processor.py:161} INFO - Started process (PID=55931) to work on /home/ubuntu/.local/lib/python3.10/site-packages/airflow/example_dags/example_trigger_target_dag.py
[2024-02-08T01:32:47.683+0100] {processor.py:830} INFO - Processing file /home/ubuntu/.local/lib/python3.10/site-packages/airflow/example_dags/example_trigger_target_dag.py for tasks to queue
[2024-02-08T01:32:47.684+0100] {logging_mixin.py:188} INFO - [2024-02-08T01:32:47.684+0100] {dagbag.py:538} INFO - Filling up the DagBag from /home/ubuntu/.local/lib/python3.10/site-packages/airflow/example_dags/example_trigger_target_dag.py
[2024-02-08T01:32:47.713+0100] {processor.py:840} INFO - DAG(s) 'example_trigger_target_dag' retrieved from /home/ubuntu/.local/lib/python3.10/site-packages/airflow/example_dags/example_trigger_target_dag.py
[2024-02-08T01:32:47.832+0100] {logging_mixin.py:188} INFO - [2024-02-08T01:32:47.831+0100] {dag.py:3033} INFO - Sync 1 DAGs
[2024-02-08T01:32:47.923+0100] {logging_mixin.py:188} INFO - [2024-02-08T01:32:47.922+0100] {dag.py:3820} INFO - Setting next_dagrun for example_trigger_target_dag to None, run_after=None
[2024-02-08T01:32:48.255+0100] {processor.py:183} INFO - Processing /home/ubuntu/.local/lib/python3.10/site-packages/airflow/example_dags/example_trigger_target_dag.py took 0.617 seconds
[2024-02-08T01:34:42.930+0100] {processor.py:161} INFO - Started process (PID=56099) to work on /home/ubuntu/.local/lib/python3.10/site-packages/airflow/example_dags/example_trigger_target_dag.py
[2024-02-08T01:34:42.981+0100] {processor.py:830} INFO - Processing file /home/ubuntu/.local/lib/python3.10/site-packages/airflow/example_dags/example_trigger_target_dag.py for tasks to queue
[2024-02-08T01:34:42.990+0100] {logging_mixin.py:188} INFO - [2024-02-08T01:34:42.986+0100] {dagbag.py:538} INFO - Filling up the DagBag from /home/ubuntu/.local/lib/python3.10/site-packages/airflow/example_dags/example_trigger_target_dag.py
[2024-02-08T01:34:43.048+0100] {processor.py:840} INFO - DAG(s) 'example_trigger_target_dag' retrieved from /home/ubuntu/.local/lib/python3.10/site-packages/airflow/example_dags/example_trigger_target_dag.py
[2024-02-08T01:34:43.111+0100] {logging_mixin.py:188} INFO - [2024-02-08T01:34:43.111+0100] {dag.py:3033} INFO - Sync 1 DAGs
[2024-02-08T01:34:43.377+0100] {logging_mixin.py:188} INFO - [2024-02-08T01:34:43.376+0100] {dag.py:3820} INFO - Setting next_dagrun for example_trigger_target_dag to None, run_after=None
[2024-02-08T01:34:43.569+0100] {processor.py:183} INFO - Processing /home/ubuntu/.local/lib/python3.10/site-packages/airflow/example_dags/example_trigger_target_dag.py took 0.650 seconds
[2024-02-08T01:35:59.385+0100] {processor.py:161} INFO - Started process (PID=56221) to work on /home/ubuntu/.local/lib/python3.10/site-packages/airflow/example_dags/example_trigger_target_dag.py
[2024-02-08T01:35:59.403+0100] {processor.py:830} INFO - Processing file /home/ubuntu/.local/lib/python3.10/site-packages/airflow/example_dags/example_trigger_target_dag.py for tasks to queue
[2024-02-08T01:35:59.406+0100] {logging_mixin.py:188} INFO - [2024-02-08T01:35:59.405+0100] {dagbag.py:538} INFO - Filling up the DagBag from /home/ubuntu/.local/lib/python3.10/site-packages/airflow/example_dags/example_trigger_target_dag.py
[2024-02-08T01:35:59.469+0100] {processor.py:840} INFO - DAG(s) 'example_trigger_target_dag' retrieved from /home/ubuntu/.local/lib/python3.10/site-packages/airflow/example_dags/example_trigger_target_dag.py
[2024-02-08T01:35:59.628+0100] {logging_mixin.py:188} INFO - [2024-02-08T01:35:59.628+0100] {dag.py:3033} INFO - Sync 1 DAGs
[2024-02-08T01:35:59.666+0100] {logging_mixin.py:188} INFO - [2024-02-08T01:35:59.665+0100] {dag.py:3820} INFO - Setting next_dagrun for example_trigger_target_dag to None, run_after=None
[2024-02-08T01:35:59.984+0100] {processor.py:183} INFO - Processing /home/ubuntu/.local/lib/python3.10/site-packages/airflow/example_dags/example_trigger_target_dag.py took 0.653 seconds
[2024-02-08T01:37:17.466+0100] {processor.py:161} INFO - Started process (PID=56345) to work on /home/ubuntu/.local/lib/python3.10/site-packages/airflow/example_dags/example_trigger_target_dag.py
[2024-02-08T01:37:17.474+0100] {processor.py:830} INFO - Processing file /home/ubuntu/.local/lib/python3.10/site-packages/airflow/example_dags/example_trigger_target_dag.py for tasks to queue
[2024-02-08T01:37:17.478+0100] {logging_mixin.py:188} INFO - [2024-02-08T01:37:17.477+0100] {dagbag.py:538} INFO - Filling up the DagBag from /home/ubuntu/.local/lib/python3.10/site-packages/airflow/example_dags/example_trigger_target_dag.py
[2024-02-08T01:37:17.506+0100] {processor.py:840} INFO - DAG(s) 'example_trigger_target_dag' retrieved from /home/ubuntu/.local/lib/python3.10/site-packages/airflow/example_dags/example_trigger_target_dag.py
[2024-02-08T01:37:17.545+0100] {logging_mixin.py:188} INFO - [2024-02-08T01:37:17.545+0100] {dag.py:3033} INFO - Sync 1 DAGs
[2024-02-08T01:37:17.699+0100] {logging_mixin.py:188} INFO - [2024-02-08T01:37:17.698+0100] {dag.py:3820} INFO - Setting next_dagrun for example_trigger_target_dag to None, run_after=None
[2024-02-08T01:37:17.964+0100] {processor.py:183} INFO - Processing /home/ubuntu/.local/lib/python3.10/site-packages/airflow/example_dags/example_trigger_target_dag.py took 0.518 seconds
[2024-02-08T01:38:17.809+0100] {processor.py:161} INFO - Started process (PID=56449) to work on /home/ubuntu/.local/lib/python3.10/site-packages/airflow/example_dags/example_trigger_target_dag.py
[2024-02-08T01:38:17.811+0100] {processor.py:830} INFO - Processing file /home/ubuntu/.local/lib/python3.10/site-packages/airflow/example_dags/example_trigger_target_dag.py for tasks to queue
[2024-02-08T01:38:17.818+0100] {logging_mixin.py:188} INFO - [2024-02-08T01:38:17.817+0100] {dagbag.py:538} INFO - Filling up the DagBag from /home/ubuntu/.local/lib/python3.10/site-packages/airflow/example_dags/example_trigger_target_dag.py
[2024-02-08T01:38:17.832+0100] {processor.py:840} INFO - DAG(s) 'example_trigger_target_dag' retrieved from /home/ubuntu/.local/lib/python3.10/site-packages/airflow/example_dags/example_trigger_target_dag.py
[2024-02-08T01:38:17.882+0100] {logging_mixin.py:188} INFO - [2024-02-08T01:38:17.882+0100] {dag.py:3033} INFO - Sync 1 DAGs
[2024-02-08T01:38:17.912+0100] {logging_mixin.py:188} INFO - [2024-02-08T01:38:17.912+0100] {dag.py:3820} INFO - Setting next_dagrun for example_trigger_target_dag to None, run_after=None
[2024-02-08T01:38:18.033+0100] {processor.py:183} INFO - Processing /home/ubuntu/.local/lib/python3.10/site-packages/airflow/example_dags/example_trigger_target_dag.py took 0.231 seconds
[2024-02-08T01:39:09.417+0100] {processor.py:161} INFO - Started process (PID=56557) to work on /home/ubuntu/.local/lib/python3.10/site-packages/airflow/example_dags/example_trigger_target_dag.py
[2024-02-08T01:39:09.449+0100] {processor.py:830} INFO - Processing file /home/ubuntu/.local/lib/python3.10/site-packages/airflow/example_dags/example_trigger_target_dag.py for tasks to queue
[2024-02-08T01:39:09.459+0100] {logging_mixin.py:188} INFO - [2024-02-08T01:39:09.458+0100] {dagbag.py:538} INFO - Filling up the DagBag from /home/ubuntu/.local/lib/python3.10/site-packages/airflow/example_dags/example_trigger_target_dag.py
[2024-02-08T01:39:09.504+0100] {processor.py:840} INFO - DAG(s) 'example_trigger_target_dag' retrieved from /home/ubuntu/.local/lib/python3.10/site-packages/airflow/example_dags/example_trigger_target_dag.py
[2024-02-08T01:39:09.563+0100] {logging_mixin.py:188} INFO - [2024-02-08T01:39:09.562+0100] {dag.py:3033} INFO - Sync 1 DAGs
[2024-02-08T01:39:09.608+0100] {logging_mixin.py:188} INFO - [2024-02-08T01:39:09.608+0100] {dag.py:3820} INFO - Setting next_dagrun for example_trigger_target_dag to None, run_after=None
[2024-02-08T01:39:09.813+0100] {processor.py:183} INFO - Processing /home/ubuntu/.local/lib/python3.10/site-packages/airflow/example_dags/example_trigger_target_dag.py took 0.403 seconds
[2024-02-08T01:40:19.601+0100] {processor.py:161} INFO - Started process (PID=56681) to work on /home/ubuntu/.local/lib/python3.10/site-packages/airflow/example_dags/example_trigger_target_dag.py
[2024-02-08T01:40:19.616+0100] {processor.py:830} INFO - Processing file /home/ubuntu/.local/lib/python3.10/site-packages/airflow/example_dags/example_trigger_target_dag.py for tasks to queue
[2024-02-08T01:40:19.619+0100] {logging_mixin.py:188} INFO - [2024-02-08T01:40:19.617+0100] {dagbag.py:538} INFO - Filling up the DagBag from /home/ubuntu/.local/lib/python3.10/site-packages/airflow/example_dags/example_trigger_target_dag.py
[2024-02-08T01:40:19.640+0100] {processor.py:840} INFO - DAG(s) 'example_trigger_target_dag' retrieved from /home/ubuntu/.local/lib/python3.10/site-packages/airflow/example_dags/example_trigger_target_dag.py
[2024-02-08T01:40:19.717+0100] {logging_mixin.py:188} INFO - [2024-02-08T01:40:19.716+0100] {dag.py:3033} INFO - Sync 1 DAGs
[2024-02-08T01:40:19.800+0100] {logging_mixin.py:188} INFO - [2024-02-08T01:40:19.800+0100] {dag.py:3820} INFO - Setting next_dagrun for example_trigger_target_dag to None, run_after=None
[2024-02-08T01:40:20.055+0100] {processor.py:183} INFO - Processing /home/ubuntu/.local/lib/python3.10/site-packages/airflow/example_dags/example_trigger_target_dag.py took 0.465 seconds
[2024-02-08T01:41:33.838+0100] {processor.py:161} INFO - Started process (PID=56828) to work on /home/ubuntu/.local/lib/python3.10/site-packages/airflow/example_dags/example_trigger_target_dag.py
[2024-02-08T01:41:33.841+0100] {processor.py:830} INFO - Processing file /home/ubuntu/.local/lib/python3.10/site-packages/airflow/example_dags/example_trigger_target_dag.py for tasks to queue
[2024-02-08T01:41:33.842+0100] {logging_mixin.py:188} INFO - [2024-02-08T01:41:33.841+0100] {dagbag.py:538} INFO - Filling up the DagBag from /home/ubuntu/.local/lib/python3.10/site-packages/airflow/example_dags/example_trigger_target_dag.py
[2024-02-08T01:41:33.852+0100] {processor.py:840} INFO - DAG(s) 'example_trigger_target_dag' retrieved from /home/ubuntu/.local/lib/python3.10/site-packages/airflow/example_dags/example_trigger_target_dag.py
[2024-02-08T01:41:33.878+0100] {logging_mixin.py:188} INFO - [2024-02-08T01:41:33.878+0100] {dag.py:3033} INFO - Sync 1 DAGs
[2024-02-08T01:41:33.891+0100] {logging_mixin.py:188} INFO - [2024-02-08T01:41:33.890+0100] {dag.py:3820} INFO - Setting next_dagrun for example_trigger_target_dag to None, run_after=None
[2024-02-08T01:41:33.923+0100] {processor.py:183} INFO - Processing /home/ubuntu/.local/lib/python3.10/site-packages/airflow/example_dags/example_trigger_target_dag.py took 0.089 seconds
[2024-02-08T01:42:18.015+0100] {processor.py:161} INFO - Started process (PID=56928) to work on /home/ubuntu/.local/lib/python3.10/site-packages/airflow/example_dags/example_trigger_target_dag.py
[2024-02-08T01:42:18.020+0100] {processor.py:830} INFO - Processing file /home/ubuntu/.local/lib/python3.10/site-packages/airflow/example_dags/example_trigger_target_dag.py for tasks to queue
[2024-02-08T01:42:18.022+0100] {logging_mixin.py:188} INFO - [2024-02-08T01:42:18.021+0100] {dagbag.py:538} INFO - Filling up the DagBag from /home/ubuntu/.local/lib/python3.10/site-packages/airflow/example_dags/example_trigger_target_dag.py
[2024-02-08T01:42:18.057+0100] {processor.py:840} INFO - DAG(s) 'example_trigger_target_dag' retrieved from /home/ubuntu/.local/lib/python3.10/site-packages/airflow/example_dags/example_trigger_target_dag.py
[2024-02-08T01:42:18.160+0100] {logging_mixin.py:188} INFO - [2024-02-08T01:42:18.159+0100] {dag.py:3033} INFO - Sync 1 DAGs
[2024-02-08T01:42:18.206+0100] {logging_mixin.py:188} INFO - [2024-02-08T01:42:18.205+0100] {dag.py:3820} INFO - Setting next_dagrun for example_trigger_target_dag to None, run_after=None
[2024-02-08T01:42:18.509+0100] {processor.py:183} INFO - Processing /home/ubuntu/.local/lib/python3.10/site-packages/airflow/example_dags/example_trigger_target_dag.py took 0.511 seconds
[2024-02-08T01:43:43.721+0100] {processor.py:161} INFO - Started process (PID=57086) to work on /home/ubuntu/.local/lib/python3.10/site-packages/airflow/example_dags/example_trigger_target_dag.py
[2024-02-08T01:43:43.725+0100] {processor.py:830} INFO - Processing file /home/ubuntu/.local/lib/python3.10/site-packages/airflow/example_dags/example_trigger_target_dag.py for tasks to queue
[2024-02-08T01:43:43.727+0100] {logging_mixin.py:188} INFO - [2024-02-08T01:43:43.726+0100] {dagbag.py:538} INFO - Filling up the DagBag from /home/ubuntu/.local/lib/python3.10/site-packages/airflow/example_dags/example_trigger_target_dag.py
[2024-02-08T01:43:43.741+0100] {processor.py:840} INFO - DAG(s) 'example_trigger_target_dag' retrieved from /home/ubuntu/.local/lib/python3.10/site-packages/airflow/example_dags/example_trigger_target_dag.py
[2024-02-08T01:43:43.765+0100] {logging_mixin.py:188} INFO - [2024-02-08T01:43:43.765+0100] {dag.py:3033} INFO - Sync 1 DAGs
[2024-02-08T01:43:43.776+0100] {logging_mixin.py:188} INFO - [2024-02-08T01:43:43.776+0100] {dag.py:3820} INFO - Setting next_dagrun for example_trigger_target_dag to None, run_after=None
[2024-02-08T01:43:43.834+0100] {processor.py:183} INFO - Processing /home/ubuntu/.local/lib/python3.10/site-packages/airflow/example_dags/example_trigger_target_dag.py took 0.121 seconds
[2024-02-08T01:44:45.222+0100] {processor.py:161} INFO - Started process (PID=57202) to work on /home/ubuntu/.local/lib/python3.10/site-packages/airflow/example_dags/example_trigger_target_dag.py
[2024-02-08T01:44:45.228+0100] {processor.py:830} INFO - Processing file /home/ubuntu/.local/lib/python3.10/site-packages/airflow/example_dags/example_trigger_target_dag.py for tasks to queue
[2024-02-08T01:44:45.229+0100] {logging_mixin.py:188} INFO - [2024-02-08T01:44:45.229+0100] {dagbag.py:538} INFO - Filling up the DagBag from /home/ubuntu/.local/lib/python3.10/site-packages/airflow/example_dags/example_trigger_target_dag.py
[2024-02-08T01:44:45.235+0100] {processor.py:840} INFO - DAG(s) 'example_trigger_target_dag' retrieved from /home/ubuntu/.local/lib/python3.10/site-packages/airflow/example_dags/example_trigger_target_dag.py
[2024-02-08T01:44:45.262+0100] {logging_mixin.py:188} INFO - [2024-02-08T01:44:45.261+0100] {dag.py:3033} INFO - Sync 1 DAGs
[2024-02-08T01:44:45.274+0100] {logging_mixin.py:188} INFO - [2024-02-08T01:44:45.274+0100] {dag.py:3820} INFO - Setting next_dagrun for example_trigger_target_dag to None, run_after=None
[2024-02-08T01:44:45.308+0100] {processor.py:183} INFO - Processing /home/ubuntu/.local/lib/python3.10/site-packages/airflow/example_dags/example_trigger_target_dag.py took 0.091 seconds
[2024-02-08T01:45:51.171+0100] {processor.py:161} INFO - Started process (PID=57335) to work on /home/ubuntu/.local/lib/python3.10/site-packages/airflow/example_dags/example_trigger_target_dag.py
[2024-02-08T01:45:51.173+0100] {processor.py:830} INFO - Processing file /home/ubuntu/.local/lib/python3.10/site-packages/airflow/example_dags/example_trigger_target_dag.py for tasks to queue
[2024-02-08T01:45:51.174+0100] {logging_mixin.py:188} INFO - [2024-02-08T01:45:51.174+0100] {dagbag.py:538} INFO - Filling up the DagBag from /home/ubuntu/.local/lib/python3.10/site-packages/airflow/example_dags/example_trigger_target_dag.py
[2024-02-08T01:45:51.182+0100] {processor.py:840} INFO - DAG(s) 'example_trigger_target_dag' retrieved from /home/ubuntu/.local/lib/python3.10/site-packages/airflow/example_dags/example_trigger_target_dag.py
[2024-02-08T01:45:51.204+0100] {logging_mixin.py:188} INFO - [2024-02-08T01:45:51.204+0100] {dag.py:3033} INFO - Sync 1 DAGs
[2024-02-08T01:45:51.220+0100] {logging_mixin.py:188} INFO - [2024-02-08T01:45:51.220+0100] {dag.py:3820} INFO - Setting next_dagrun for example_trigger_target_dag to None, run_after=None
[2024-02-08T01:45:51.254+0100] {processor.py:183} INFO - Processing /home/ubuntu/.local/lib/python3.10/site-packages/airflow/example_dags/example_trigger_target_dag.py took 0.086 seconds
[2024-02-08T01:46:53.774+0100] {processor.py:161} INFO - Started process (PID=57458) to work on /home/ubuntu/.local/lib/python3.10/site-packages/airflow/example_dags/example_trigger_target_dag.py
[2024-02-08T01:46:53.776+0100] {processor.py:830} INFO - Processing file /home/ubuntu/.local/lib/python3.10/site-packages/airflow/example_dags/example_trigger_target_dag.py for tasks to queue
[2024-02-08T01:46:53.778+0100] {logging_mixin.py:188} INFO - [2024-02-08T01:46:53.777+0100] {dagbag.py:538} INFO - Filling up the DagBag from /home/ubuntu/.local/lib/python3.10/site-packages/airflow/example_dags/example_trigger_target_dag.py
[2024-02-08T01:46:53.784+0100] {processor.py:840} INFO - DAG(s) 'example_trigger_target_dag' retrieved from /home/ubuntu/.local/lib/python3.10/site-packages/airflow/example_dags/example_trigger_target_dag.py
[2024-02-08T01:46:53.805+0100] {logging_mixin.py:188} INFO - [2024-02-08T01:46:53.805+0100] {dag.py:3033} INFO - Sync 1 DAGs
[2024-02-08T01:46:53.820+0100] {logging_mixin.py:188} INFO - [2024-02-08T01:46:53.820+0100] {dag.py:3820} INFO - Setting next_dagrun for example_trigger_target_dag to None, run_after=None
[2024-02-08T01:46:53.859+0100] {processor.py:183} INFO - Processing /home/ubuntu/.local/lib/python3.10/site-packages/airflow/example_dags/example_trigger_target_dag.py took 0.089 seconds
[2024-02-08T01:47:38.741+0100] {processor.py:161} INFO - Started process (PID=57550) to work on /home/ubuntu/.local/lib/python3.10/site-packages/airflow/example_dags/example_trigger_target_dag.py
[2024-02-08T01:47:38.742+0100] {processor.py:830} INFO - Processing file /home/ubuntu/.local/lib/python3.10/site-packages/airflow/example_dags/example_trigger_target_dag.py for tasks to queue
[2024-02-08T01:47:38.743+0100] {logging_mixin.py:188} INFO - [2024-02-08T01:47:38.743+0100] {dagbag.py:538} INFO - Filling up the DagBag from /home/ubuntu/.local/lib/python3.10/site-packages/airflow/example_dags/example_trigger_target_dag.py
[2024-02-08T01:47:38.752+0100] {processor.py:840} INFO - DAG(s) 'example_trigger_target_dag' retrieved from /home/ubuntu/.local/lib/python3.10/site-packages/airflow/example_dags/example_trigger_target_dag.py
[2024-02-08T01:47:38.770+0100] {logging_mixin.py:188} INFO - [2024-02-08T01:47:38.770+0100] {dag.py:3033} INFO - Sync 1 DAGs
[2024-02-08T01:47:38.784+0100] {logging_mixin.py:188} INFO - [2024-02-08T01:47:38.784+0100] {dag.py:3820} INFO - Setting next_dagrun for example_trigger_target_dag to None, run_after=None
[2024-02-08T01:47:38.811+0100] {processor.py:183} INFO - Processing /home/ubuntu/.local/lib/python3.10/site-packages/airflow/example_dags/example_trigger_target_dag.py took 0.074 seconds
[2024-02-08T01:48:27.454+0100] {processor.py:161} INFO - Started process (PID=57656) to work on /home/ubuntu/.local/lib/python3.10/site-packages/airflow/example_dags/example_trigger_target_dag.py
[2024-02-08T01:48:27.470+0100] {processor.py:830} INFO - Processing file /home/ubuntu/.local/lib/python3.10/site-packages/airflow/example_dags/example_trigger_target_dag.py for tasks to queue
[2024-02-08T01:48:27.472+0100] {logging_mixin.py:188} INFO - [2024-02-08T01:48:27.472+0100] {dagbag.py:538} INFO - Filling up the DagBag from /home/ubuntu/.local/lib/python3.10/site-packages/airflow/example_dags/example_trigger_target_dag.py
[2024-02-08T01:48:27.481+0100] {processor.py:840} INFO - DAG(s) 'example_trigger_target_dag' retrieved from /home/ubuntu/.local/lib/python3.10/site-packages/airflow/example_dags/example_trigger_target_dag.py
[2024-02-08T01:48:27.569+0100] {logging_mixin.py:188} INFO - [2024-02-08T01:48:27.568+0100] {dag.py:3033} INFO - Sync 1 DAGs
[2024-02-08T01:48:27.601+0100] {logging_mixin.py:188} INFO - [2024-02-08T01:48:27.601+0100] {dag.py:3820} INFO - Setting next_dagrun for example_trigger_target_dag to None, run_after=None
[2024-02-08T01:48:27.821+0100] {processor.py:183} INFO - Processing /home/ubuntu/.local/lib/python3.10/site-packages/airflow/example_dags/example_trigger_target_dag.py took 0.381 seconds
[2024-02-08T01:49:20.637+0100] {processor.py:161} INFO - Started process (PID=57759) to work on /home/ubuntu/.local/lib/python3.10/site-packages/airflow/example_dags/example_trigger_target_dag.py
[2024-02-08T01:49:20.662+0100] {processor.py:830} INFO - Processing file /home/ubuntu/.local/lib/python3.10/site-packages/airflow/example_dags/example_trigger_target_dag.py for tasks to queue
[2024-02-08T01:49:20.667+0100] {logging_mixin.py:188} INFO - [2024-02-08T01:49:20.663+0100] {dagbag.py:538} INFO - Filling up the DagBag from /home/ubuntu/.local/lib/python3.10/site-packages/airflow/example_dags/example_trigger_target_dag.py
[2024-02-08T01:49:20.727+0100] {processor.py:840} INFO - DAG(s) 'example_trigger_target_dag' retrieved from /home/ubuntu/.local/lib/python3.10/site-packages/airflow/example_dags/example_trigger_target_dag.py
[2024-02-08T01:49:20.823+0100] {logging_mixin.py:188} INFO - [2024-02-08T01:49:20.822+0100] {dag.py:3033} INFO - Sync 1 DAGs
[2024-02-08T01:49:20.967+0100] {logging_mixin.py:188} INFO - [2024-02-08T01:49:20.966+0100] {dag.py:3820} INFO - Setting next_dagrun for example_trigger_target_dag to None, run_after=None
[2024-02-08T01:49:21.189+0100] {processor.py:183} INFO - Processing /home/ubuntu/.local/lib/python3.10/site-packages/airflow/example_dags/example_trigger_target_dag.py took 0.570 seconds
[2024-02-08T01:50:24.284+0100] {processor.py:161} INFO - Started process (PID=57889) to work on /home/ubuntu/.local/lib/python3.10/site-packages/airflow/example_dags/example_trigger_target_dag.py
[2024-02-08T01:50:24.287+0100] {processor.py:830} INFO - Processing file /home/ubuntu/.local/lib/python3.10/site-packages/airflow/example_dags/example_trigger_target_dag.py for tasks to queue
[2024-02-08T01:50:24.290+0100] {logging_mixin.py:188} INFO - [2024-02-08T01:50:24.288+0100] {dagbag.py:538} INFO - Filling up the DagBag from /home/ubuntu/.local/lib/python3.10/site-packages/airflow/example_dags/example_trigger_target_dag.py
[2024-02-08T01:50:24.303+0100] {processor.py:840} INFO - DAG(s) 'example_trigger_target_dag' retrieved from /home/ubuntu/.local/lib/python3.10/site-packages/airflow/example_dags/example_trigger_target_dag.py
[2024-02-08T01:50:24.377+0100] {logging_mixin.py:188} INFO - [2024-02-08T01:50:24.377+0100] {dag.py:3033} INFO - Sync 1 DAGs
[2024-02-08T01:50:24.411+0100] {logging_mixin.py:188} INFO - [2024-02-08T01:50:24.410+0100] {dag.py:3820} INFO - Setting next_dagrun for example_trigger_target_dag to None, run_after=None
[2024-02-08T01:50:24.516+0100] {processor.py:183} INFO - Processing /home/ubuntu/.local/lib/python3.10/site-packages/airflow/example_dags/example_trigger_target_dag.py took 0.243 seconds
[2024-02-08T01:51:12.738+0100] {processor.py:161} INFO - Started process (PID=57992) to work on /home/ubuntu/.local/lib/python3.10/site-packages/airflow/example_dags/example_trigger_target_dag.py
[2024-02-08T01:51:12.759+0100] {processor.py:830} INFO - Processing file /home/ubuntu/.local/lib/python3.10/site-packages/airflow/example_dags/example_trigger_target_dag.py for tasks to queue
[2024-02-08T01:51:12.761+0100] {logging_mixin.py:188} INFO - [2024-02-08T01:51:12.760+0100] {dagbag.py:538} INFO - Filling up the DagBag from /home/ubuntu/.local/lib/python3.10/site-packages/airflow/example_dags/example_trigger_target_dag.py
[2024-02-08T01:51:12.805+0100] {processor.py:840} INFO - DAG(s) 'example_trigger_target_dag' retrieved from /home/ubuntu/.local/lib/python3.10/site-packages/airflow/example_dags/example_trigger_target_dag.py
[2024-02-08T01:51:12.924+0100] {logging_mixin.py:188} INFO - [2024-02-08T01:51:12.924+0100] {dag.py:3033} INFO - Sync 1 DAGs
[2024-02-08T01:51:13.030+0100] {logging_mixin.py:188} INFO - [2024-02-08T01:51:13.030+0100] {dag.py:3820} INFO - Setting next_dagrun for example_trigger_target_dag to None, run_after=None
[2024-02-08T01:51:13.225+0100] {processor.py:183} INFO - Processing /home/ubuntu/.local/lib/python3.10/site-packages/airflow/example_dags/example_trigger_target_dag.py took 0.517 seconds
[2024-02-08T01:52:34.489+0100] {processor.py:161} INFO - Started process (PID=58139) to work on /home/ubuntu/.local/lib/python3.10/site-packages/airflow/example_dags/example_trigger_target_dag.py
[2024-02-08T01:52:34.522+0100] {processor.py:830} INFO - Processing file /home/ubuntu/.local/lib/python3.10/site-packages/airflow/example_dags/example_trigger_target_dag.py for tasks to queue
[2024-02-08T01:52:34.531+0100] {logging_mixin.py:188} INFO - [2024-02-08T01:52:34.531+0100] {dagbag.py:538} INFO - Filling up the DagBag from /home/ubuntu/.local/lib/python3.10/site-packages/airflow/example_dags/example_trigger_target_dag.py
[2024-02-08T01:52:34.587+0100] {processor.py:840} INFO - DAG(s) 'example_trigger_target_dag' retrieved from /home/ubuntu/.local/lib/python3.10/site-packages/airflow/example_dags/example_trigger_target_dag.py
[2024-02-08T01:52:34.657+0100] {logging_mixin.py:188} INFO - [2024-02-08T01:52:34.656+0100] {dag.py:3033} INFO - Sync 1 DAGs
[2024-02-08T01:52:34.758+0100] {logging_mixin.py:188} INFO - [2024-02-08T01:52:34.757+0100] {dag.py:3820} INFO - Setting next_dagrun for example_trigger_target_dag to None, run_after=None
[2024-02-08T01:52:35.102+0100] {processor.py:183} INFO - Processing /home/ubuntu/.local/lib/python3.10/site-packages/airflow/example_dags/example_trigger_target_dag.py took 0.626 seconds
[2024-02-08T01:53:17.999+0100] {processor.py:161} INFO - Started process (PID=58209) to work on /home/ubuntu/.local/lib/python3.10/site-packages/airflow/example_dags/example_trigger_target_dag.py
[2024-02-08T01:53:18.008+0100] {processor.py:830} INFO - Processing file /home/ubuntu/.local/lib/python3.10/site-packages/airflow/example_dags/example_trigger_target_dag.py for tasks to queue
[2024-02-08T01:53:18.011+0100] {logging_mixin.py:188} INFO - [2024-02-08T01:53:18.010+0100] {dagbag.py:538} INFO - Filling up the DagBag from /home/ubuntu/.local/lib/python3.10/site-packages/airflow/example_dags/example_trigger_target_dag.py
[2024-02-08T01:53:18.056+0100] {processor.py:840} INFO - DAG(s) 'example_trigger_target_dag' retrieved from /home/ubuntu/.local/lib/python3.10/site-packages/airflow/example_dags/example_trigger_target_dag.py
[2024-02-08T01:53:18.143+0100] {logging_mixin.py:188} INFO - [2024-02-08T01:53:18.143+0100] {dag.py:3033} INFO - Sync 1 DAGs
[2024-02-08T01:53:18.237+0100] {logging_mixin.py:188} INFO - [2024-02-08T01:53:18.232+0100] {dag.py:3820} INFO - Setting next_dagrun for example_trigger_target_dag to None, run_after=None
[2024-02-08T01:53:18.500+0100] {processor.py:183} INFO - Processing /home/ubuntu/.local/lib/python3.10/site-packages/airflow/example_dags/example_trigger_target_dag.py took 0.536 seconds
[2024-02-08T01:54:09.938+0100] {processor.py:161} INFO - Started process (PID=58308) to work on /home/ubuntu/.local/lib/python3.10/site-packages/airflow/example_dags/example_trigger_target_dag.py
[2024-02-08T01:54:09.980+0100] {processor.py:830} INFO - Processing file /home/ubuntu/.local/lib/python3.10/site-packages/airflow/example_dags/example_trigger_target_dag.py for tasks to queue
[2024-02-08T01:54:09.987+0100] {logging_mixin.py:188} INFO - [2024-02-08T01:54:09.986+0100] {dagbag.py:538} INFO - Filling up the DagBag from /home/ubuntu/.local/lib/python3.10/site-packages/airflow/example_dags/example_trigger_target_dag.py
[2024-02-08T01:54:10.033+0100] {processor.py:840} INFO - DAG(s) 'example_trigger_target_dag' retrieved from /home/ubuntu/.local/lib/python3.10/site-packages/airflow/example_dags/example_trigger_target_dag.py
[2024-02-08T01:54:10.126+0100] {logging_mixin.py:188} INFO - [2024-02-08T01:54:10.126+0100] {dag.py:3033} INFO - Sync 1 DAGs
[2024-02-08T01:54:10.185+0100] {logging_mixin.py:188} INFO - [2024-02-08T01:54:10.181+0100] {dag.py:3820} INFO - Setting next_dagrun for example_trigger_target_dag to None, run_after=None
[2024-02-08T01:54:10.507+0100] {processor.py:183} INFO - Processing /home/ubuntu/.local/lib/python3.10/site-packages/airflow/example_dags/example_trigger_target_dag.py took 0.583 seconds
[2024-02-08T01:55:02.867+0100] {processor.py:161} INFO - Started process (PID=58406) to work on /home/ubuntu/.local/lib/python3.10/site-packages/airflow/example_dags/example_trigger_target_dag.py
[2024-02-08T01:55:02.884+0100] {processor.py:830} INFO - Processing file /home/ubuntu/.local/lib/python3.10/site-packages/airflow/example_dags/example_trigger_target_dag.py for tasks to queue
[2024-02-08T01:55:02.889+0100] {logging_mixin.py:188} INFO - [2024-02-08T01:55:02.888+0100] {dagbag.py:538} INFO - Filling up the DagBag from /home/ubuntu/.local/lib/python3.10/site-packages/airflow/example_dags/example_trigger_target_dag.py
[2024-02-08T01:55:02.921+0100] {processor.py:840} INFO - DAG(s) 'example_trigger_target_dag' retrieved from /home/ubuntu/.local/lib/python3.10/site-packages/airflow/example_dags/example_trigger_target_dag.py
[2024-02-08T01:55:02.981+0100] {logging_mixin.py:188} INFO - [2024-02-08T01:55:02.980+0100] {dag.py:3033} INFO - Sync 1 DAGs
[2024-02-08T01:55:03.079+0100] {logging_mixin.py:188} INFO - [2024-02-08T01:55:03.074+0100] {dag.py:3820} INFO - Setting next_dagrun for example_trigger_target_dag to None, run_after=None
[2024-02-08T01:55:03.240+0100] {processor.py:183} INFO - Processing /home/ubuntu/.local/lib/python3.10/site-packages/airflow/example_dags/example_trigger_target_dag.py took 0.387 seconds
[2024-02-08T01:56:07.027+0100] {processor.py:161} INFO - Started process (PID=58528) to work on /home/ubuntu/.local/lib/python3.10/site-packages/airflow/example_dags/example_trigger_target_dag.py
[2024-02-08T01:56:07.089+0100] {processor.py:830} INFO - Processing file /home/ubuntu/.local/lib/python3.10/site-packages/airflow/example_dags/example_trigger_target_dag.py for tasks to queue
[2024-02-08T01:56:07.091+0100] {logging_mixin.py:188} INFO - [2024-02-08T01:56:07.090+0100] {dagbag.py:538} INFO - Filling up the DagBag from /home/ubuntu/.local/lib/python3.10/site-packages/airflow/example_dags/example_trigger_target_dag.py
[2024-02-08T01:56:07.126+0100] {processor.py:840} INFO - DAG(s) 'example_trigger_target_dag' retrieved from /home/ubuntu/.local/lib/python3.10/site-packages/airflow/example_dags/example_trigger_target_dag.py
[2024-02-08T01:56:07.163+0100] {logging_mixin.py:188} INFO - [2024-02-08T01:56:07.163+0100] {dag.py:3033} INFO - Sync 1 DAGs
[2024-02-08T01:56:07.229+0100] {logging_mixin.py:188} INFO - [2024-02-08T01:56:07.229+0100] {dag.py:3820} INFO - Setting next_dagrun for example_trigger_target_dag to None, run_after=None
[2024-02-08T01:56:07.305+0100] {processor.py:183} INFO - Processing /home/ubuntu/.local/lib/python3.10/site-packages/airflow/example_dags/example_trigger_target_dag.py took 0.286 seconds
[2024-02-08T01:56:52.541+0100] {processor.py:161} INFO - Started process (PID=58600) to work on /home/ubuntu/.local/lib/python3.10/site-packages/airflow/example_dags/example_trigger_target_dag.py
[2024-02-08T01:56:52.543+0100] {processor.py:830} INFO - Processing file /home/ubuntu/.local/lib/python3.10/site-packages/airflow/example_dags/example_trigger_target_dag.py for tasks to queue
[2024-02-08T01:56:52.544+0100] {logging_mixin.py:188} INFO - [2024-02-08T01:56:52.543+0100] {dagbag.py:538} INFO - Filling up the DagBag from /home/ubuntu/.local/lib/python3.10/site-packages/airflow/example_dags/example_trigger_target_dag.py
[2024-02-08T01:56:52.551+0100] {processor.py:840} INFO - DAG(s) 'example_trigger_target_dag' retrieved from /home/ubuntu/.local/lib/python3.10/site-packages/airflow/example_dags/example_trigger_target_dag.py
[2024-02-08T01:56:52.574+0100] {logging_mixin.py:188} INFO - [2024-02-08T01:56:52.574+0100] {dag.py:3033} INFO - Sync 1 DAGs
[2024-02-08T01:56:52.588+0100] {logging_mixin.py:188} INFO - [2024-02-08T01:56:52.588+0100] {dag.py:3820} INFO - Setting next_dagrun for example_trigger_target_dag to None, run_after=None
[2024-02-08T01:56:52.625+0100] {processor.py:183} INFO - Processing /home/ubuntu/.local/lib/python3.10/site-packages/airflow/example_dags/example_trigger_target_dag.py took 0.088 seconds
[2024-02-08T01:57:49.085+0100] {processor.py:161} INFO - Started process (PID=58695) to work on /home/ubuntu/.local/lib/python3.10/site-packages/airflow/example_dags/example_trigger_target_dag.py
[2024-02-08T01:57:49.089+0100] {processor.py:830} INFO - Processing file /home/ubuntu/.local/lib/python3.10/site-packages/airflow/example_dags/example_trigger_target_dag.py for tasks to queue
[2024-02-08T01:57:49.091+0100] {logging_mixin.py:188} INFO - [2024-02-08T01:57:49.090+0100] {dagbag.py:538} INFO - Filling up the DagBag from /home/ubuntu/.local/lib/python3.10/site-packages/airflow/example_dags/example_trigger_target_dag.py
[2024-02-08T01:57:49.138+0100] {processor.py:840} INFO - DAG(s) 'example_trigger_target_dag' retrieved from /home/ubuntu/.local/lib/python3.10/site-packages/airflow/example_dags/example_trigger_target_dag.py
[2024-02-08T01:57:49.322+0100] {logging_mixin.py:188} INFO - [2024-02-08T01:57:49.321+0100] {dag.py:3033} INFO - Sync 1 DAGs
[2024-02-08T01:57:49.375+0100] {logging_mixin.py:188} INFO - [2024-02-08T01:57:49.375+0100] {dag.py:3820} INFO - Setting next_dagrun for example_trigger_target_dag to None, run_after=None
[2024-02-08T01:57:49.616+0100] {processor.py:183} INFO - Processing /home/ubuntu/.local/lib/python3.10/site-packages/airflow/example_dags/example_trigger_target_dag.py took 0.585 seconds
[2024-02-08T01:59:01.224+0100] {processor.py:161} INFO - Started process (PID=58817) to work on /home/ubuntu/.local/lib/python3.10/site-packages/airflow/example_dags/example_trigger_target_dag.py
[2024-02-08T01:59:01.238+0100] {processor.py:830} INFO - Processing file /home/ubuntu/.local/lib/python3.10/site-packages/airflow/example_dags/example_trigger_target_dag.py for tasks to queue
[2024-02-08T01:59:01.240+0100] {logging_mixin.py:188} INFO - [2024-02-08T01:59:01.240+0100] {dagbag.py:538} INFO - Filling up the DagBag from /home/ubuntu/.local/lib/python3.10/site-packages/airflow/example_dags/example_trigger_target_dag.py
[2024-02-08T01:59:01.266+0100] {processor.py:840} INFO - DAG(s) 'example_trigger_target_dag' retrieved from /home/ubuntu/.local/lib/python3.10/site-packages/airflow/example_dags/example_trigger_target_dag.py
[2024-02-08T01:59:01.376+0100] {logging_mixin.py:188} INFO - [2024-02-08T01:59:01.375+0100] {dag.py:3033} INFO - Sync 1 DAGs
[2024-02-08T01:59:01.413+0100] {logging_mixin.py:188} INFO - [2024-02-08T01:59:01.413+0100] {dag.py:3820} INFO - Setting next_dagrun for example_trigger_target_dag to None, run_after=None
[2024-02-08T01:59:01.484+0100] {processor.py:183} INFO - Processing /home/ubuntu/.local/lib/python3.10/site-packages/airflow/example_dags/example_trigger_target_dag.py took 0.268 seconds
[2024-02-08T01:59:48.673+0100] {processor.py:161} INFO - Started process (PID=58907) to work on /home/ubuntu/.local/lib/python3.10/site-packages/airflow/example_dags/example_trigger_target_dag.py
[2024-02-08T01:59:48.685+0100] {processor.py:830} INFO - Processing file /home/ubuntu/.local/lib/python3.10/site-packages/airflow/example_dags/example_trigger_target_dag.py for tasks to queue
[2024-02-08T01:59:48.690+0100] {logging_mixin.py:188} INFO - [2024-02-08T01:59:48.689+0100] {dagbag.py:538} INFO - Filling up the DagBag from /home/ubuntu/.local/lib/python3.10/site-packages/airflow/example_dags/example_trigger_target_dag.py
[2024-02-08T01:59:48.723+0100] {processor.py:840} INFO - DAG(s) 'example_trigger_target_dag' retrieved from /home/ubuntu/.local/lib/python3.10/site-packages/airflow/example_dags/example_trigger_target_dag.py
[2024-02-08T01:59:48.753+0100] {logging_mixin.py:188} INFO - [2024-02-08T01:59:48.752+0100] {dag.py:3033} INFO - Sync 1 DAGs
[2024-02-08T01:59:48.772+0100] {logging_mixin.py:188} INFO - [2024-02-08T01:59:48.772+0100] {dag.py:3820} INFO - Setting next_dagrun for example_trigger_target_dag to None, run_after=None
[2024-02-08T01:59:48.813+0100] {processor.py:183} INFO - Processing /home/ubuntu/.local/lib/python3.10/site-packages/airflow/example_dags/example_trigger_target_dag.py took 0.154 seconds
[2024-02-08T02:00:40.459+0100] {processor.py:161} INFO - Started process (PID=58997) to work on /home/ubuntu/.local/lib/python3.10/site-packages/airflow/example_dags/example_trigger_target_dag.py
[2024-02-08T02:00:40.462+0100] {processor.py:830} INFO - Processing file /home/ubuntu/.local/lib/python3.10/site-packages/airflow/example_dags/example_trigger_target_dag.py for tasks to queue
[2024-02-08T02:00:40.463+0100] {logging_mixin.py:188} INFO - [2024-02-08T02:00:40.462+0100] {dagbag.py:538} INFO - Filling up the DagBag from /home/ubuntu/.local/lib/python3.10/site-packages/airflow/example_dags/example_trigger_target_dag.py
[2024-02-08T02:00:40.474+0100] {processor.py:840} INFO - DAG(s) 'example_trigger_target_dag' retrieved from /home/ubuntu/.local/lib/python3.10/site-packages/airflow/example_dags/example_trigger_target_dag.py
[2024-02-08T02:00:40.494+0100] {logging_mixin.py:188} INFO - [2024-02-08T02:00:40.494+0100] {dag.py:3033} INFO - Sync 1 DAGs
[2024-02-08T02:00:40.525+0100] {logging_mixin.py:188} INFO - [2024-02-08T02:00:40.525+0100] {dag.py:3820} INFO - Setting next_dagrun for example_trigger_target_dag to None, run_after=None
[2024-02-08T02:00:40.556+0100] {processor.py:183} INFO - Processing /home/ubuntu/.local/lib/python3.10/site-packages/airflow/example_dags/example_trigger_target_dag.py took 0.100 seconds
[2024-02-08T02:01:44.850+0100] {processor.py:161} INFO - Started process (PID=59104) to work on /home/ubuntu/.local/lib/python3.10/site-packages/airflow/example_dags/example_trigger_target_dag.py
[2024-02-08T02:01:44.889+0100] {processor.py:830} INFO - Processing file /home/ubuntu/.local/lib/python3.10/site-packages/airflow/example_dags/example_trigger_target_dag.py for tasks to queue
[2024-02-08T02:01:44.899+0100] {logging_mixin.py:188} INFO - [2024-02-08T02:01:44.890+0100] {dagbag.py:538} INFO - Filling up the DagBag from /home/ubuntu/.local/lib/python3.10/site-packages/airflow/example_dags/example_trigger_target_dag.py
[2024-02-08T02:01:44.925+0100] {processor.py:840} INFO - DAG(s) 'example_trigger_target_dag' retrieved from /home/ubuntu/.local/lib/python3.10/site-packages/airflow/example_dags/example_trigger_target_dag.py
[2024-02-08T02:01:44.991+0100] {logging_mixin.py:188} INFO - [2024-02-08T02:01:44.991+0100] {dag.py:3033} INFO - Sync 1 DAGs
[2024-02-08T02:01:45.058+0100] {logging_mixin.py:188} INFO - [2024-02-08T02:01:45.057+0100] {dag.py:3820} INFO - Setting next_dagrun for example_trigger_target_dag to None, run_after=None
[2024-02-08T02:01:45.312+0100] {processor.py:183} INFO - Processing /home/ubuntu/.local/lib/python3.10/site-packages/airflow/example_dags/example_trigger_target_dag.py took 0.507 seconds
[2024-02-08T02:02:51.094+0100] {processor.py:161} INFO - Started process (PID=59209) to work on /home/ubuntu/.local/lib/python3.10/site-packages/airflow/example_dags/example_trigger_target_dag.py
[2024-02-08T02:02:51.113+0100] {processor.py:830} INFO - Processing file /home/ubuntu/.local/lib/python3.10/site-packages/airflow/example_dags/example_trigger_target_dag.py for tasks to queue
[2024-02-08T02:02:51.140+0100] {logging_mixin.py:188} INFO - [2024-02-08T02:02:51.117+0100] {dagbag.py:538} INFO - Filling up the DagBag from /home/ubuntu/.local/lib/python3.10/site-packages/airflow/example_dags/example_trigger_target_dag.py
[2024-02-08T02:02:51.223+0100] {processor.py:840} INFO - DAG(s) 'example_trigger_target_dag' retrieved from /home/ubuntu/.local/lib/python3.10/site-packages/airflow/example_dags/example_trigger_target_dag.py
[2024-02-08T02:02:51.319+0100] {logging_mixin.py:188} INFO - [2024-02-08T02:02:51.319+0100] {dag.py:3033} INFO - Sync 1 DAGs
[2024-02-08T02:02:51.578+0100] {logging_mixin.py:188} INFO - [2024-02-08T02:02:51.578+0100] {dag.py:3820} INFO - Setting next_dagrun for example_trigger_target_dag to None, run_after=None
[2024-02-08T02:02:51.852+0100] {processor.py:183} INFO - Processing /home/ubuntu/.local/lib/python3.10/site-packages/airflow/example_dags/example_trigger_target_dag.py took 0.790 seconds
[2024-02-08T02:03:54.336+0100] {processor.py:161} INFO - Started process (PID=59313) to work on /home/ubuntu/.local/lib/python3.10/site-packages/airflow/example_dags/example_trigger_target_dag.py
[2024-02-08T02:03:54.393+0100] {processor.py:830} INFO - Processing file /home/ubuntu/.local/lib/python3.10/site-packages/airflow/example_dags/example_trigger_target_dag.py for tasks to queue
[2024-02-08T02:03:54.396+0100] {logging_mixin.py:188} INFO - [2024-02-08T02:03:54.395+0100] {dagbag.py:538} INFO - Filling up the DagBag from /home/ubuntu/.local/lib/python3.10/site-packages/airflow/example_dags/example_trigger_target_dag.py
[2024-02-08T02:03:54.431+0100] {processor.py:840} INFO - DAG(s) 'example_trigger_target_dag' retrieved from /home/ubuntu/.local/lib/python3.10/site-packages/airflow/example_dags/example_trigger_target_dag.py
[2024-02-08T02:03:54.531+0100] {logging_mixin.py:188} INFO - [2024-02-08T02:03:54.531+0100] {dag.py:3033} INFO - Sync 1 DAGs
[2024-02-08T02:03:54.584+0100] {logging_mixin.py:188} INFO - [2024-02-08T02:03:54.583+0100] {dag.py:3820} INFO - Setting next_dagrun for example_trigger_target_dag to None, run_after=None
[2024-02-08T02:03:54.743+0100] {processor.py:183} INFO - Processing /home/ubuntu/.local/lib/python3.10/site-packages/airflow/example_dags/example_trigger_target_dag.py took 0.424 seconds
[2024-02-08T02:04:54.903+0100] {processor.py:161} INFO - Started process (PID=59417) to work on /home/ubuntu/.local/lib/python3.10/site-packages/airflow/example_dags/example_trigger_target_dag.py
[2024-02-08T02:04:54.925+0100] {processor.py:830} INFO - Processing file /home/ubuntu/.local/lib/python3.10/site-packages/airflow/example_dags/example_trigger_target_dag.py for tasks to queue
[2024-02-08T02:04:54.927+0100] {logging_mixin.py:188} INFO - [2024-02-08T02:04:54.926+0100] {dagbag.py:538} INFO - Filling up the DagBag from /home/ubuntu/.local/lib/python3.10/site-packages/airflow/example_dags/example_trigger_target_dag.py
[2024-02-08T02:04:54.944+0100] {processor.py:840} INFO - DAG(s) 'example_trigger_target_dag' retrieved from /home/ubuntu/.local/lib/python3.10/site-packages/airflow/example_dags/example_trigger_target_dag.py
[2024-02-08T02:04:54.999+0100] {logging_mixin.py:188} INFO - [2024-02-08T02:04:54.999+0100] {dag.py:3033} INFO - Sync 1 DAGs
[2024-02-08T02:04:55.046+0100] {logging_mixin.py:188} INFO - [2024-02-08T02:04:55.045+0100] {dag.py:3820} INFO - Setting next_dagrun for example_trigger_target_dag to None, run_after=None
[2024-02-08T02:04:55.166+0100] {processor.py:183} INFO - Processing /home/ubuntu/.local/lib/python3.10/site-packages/airflow/example_dags/example_trigger_target_dag.py took 0.271 seconds
[2024-02-08T02:06:25.770+0100] {processor.py:161} INFO - Started process (PID=60123) to work on /home/ubuntu/.local/lib/python3.10/site-packages/airflow/example_dags/example_trigger_target_dag.py
[2024-02-08T02:06:25.804+0100] {processor.py:830} INFO - Processing file /home/ubuntu/.local/lib/python3.10/site-packages/airflow/example_dags/example_trigger_target_dag.py for tasks to queue
[2024-02-08T02:06:25.810+0100] {logging_mixin.py:188} INFO - [2024-02-08T02:06:25.810+0100] {dagbag.py:538} INFO - Filling up the DagBag from /home/ubuntu/.local/lib/python3.10/site-packages/airflow/example_dags/example_trigger_target_dag.py
[2024-02-08T02:06:25.957+0100] {processor.py:840} INFO - DAG(s) 'example_trigger_target_dag' retrieved from /home/ubuntu/.local/lib/python3.10/site-packages/airflow/example_dags/example_trigger_target_dag.py
[2024-02-08T02:06:26.133+0100] {logging_mixin.py:188} INFO - [2024-02-08T02:06:26.133+0100] {dag.py:3033} INFO - Sync 1 DAGs
[2024-02-08T02:06:26.189+0100] {logging_mixin.py:188} INFO - [2024-02-08T02:06:26.188+0100] {dag.py:3820} INFO - Setting next_dagrun for example_trigger_target_dag to None, run_after=None
[2024-02-08T02:06:26.714+0100] {processor.py:183} INFO - Processing /home/ubuntu/.local/lib/python3.10/site-packages/airflow/example_dags/example_trigger_target_dag.py took 0.970 seconds
[2024-02-08T02:07:55.603+0100] {processor.py:161} INFO - Started process (PID=60313) to work on /home/ubuntu/.local/lib/python3.10/site-packages/airflow/example_dags/example_trigger_target_dag.py
[2024-02-08T02:07:55.646+0100] {processor.py:830} INFO - Processing file /home/ubuntu/.local/lib/python3.10/site-packages/airflow/example_dags/example_trigger_target_dag.py for tasks to queue
[2024-02-08T02:07:55.648+0100] {logging_mixin.py:188} INFO - [2024-02-08T02:07:55.647+0100] {dagbag.py:538} INFO - Filling up the DagBag from /home/ubuntu/.local/lib/python3.10/site-packages/airflow/example_dags/example_trigger_target_dag.py
[2024-02-08T02:07:55.713+0100] {processor.py:840} INFO - DAG(s) 'example_trigger_target_dag' retrieved from /home/ubuntu/.local/lib/python3.10/site-packages/airflow/example_dags/example_trigger_target_dag.py
[2024-02-08T02:07:55.965+0100] {logging_mixin.py:188} INFO - [2024-02-08T02:07:55.965+0100] {dag.py:3033} INFO - Sync 1 DAGs
[2024-02-08T02:07:56.053+0100] {logging_mixin.py:188} INFO - [2024-02-08T02:07:56.052+0100] {dag.py:3820} INFO - Setting next_dagrun for example_trigger_target_dag to None, run_after=None
[2024-02-08T02:07:57.804+0100] {processor.py:183} INFO - Processing /home/ubuntu/.local/lib/python3.10/site-packages/airflow/example_dags/example_trigger_target_dag.py took 2.226 seconds
[2024-02-08T02:09:36.788+0100] {processor.py:161} INFO - Started process (PID=60451) to work on /home/ubuntu/.local/lib/python3.10/site-packages/airflow/example_dags/example_trigger_target_dag.py
[2024-02-08T02:09:36.795+0100] {processor.py:830} INFO - Processing file /home/ubuntu/.local/lib/python3.10/site-packages/airflow/example_dags/example_trigger_target_dag.py for tasks to queue
[2024-02-08T02:09:36.797+0100] {logging_mixin.py:188} INFO - [2024-02-08T02:09:36.796+0100] {dagbag.py:538} INFO - Filling up the DagBag from /home/ubuntu/.local/lib/python3.10/site-packages/airflow/example_dags/example_trigger_target_dag.py
[2024-02-08T02:09:36.819+0100] {processor.py:840} INFO - DAG(s) 'example_trigger_target_dag' retrieved from /home/ubuntu/.local/lib/python3.10/site-packages/airflow/example_dags/example_trigger_target_dag.py
[2024-02-08T02:09:36.862+0100] {logging_mixin.py:188} INFO - [2024-02-08T02:09:36.861+0100] {dag.py:3033} INFO - Sync 1 DAGs
[2024-02-08T02:09:36.922+0100] {logging_mixin.py:188} INFO - [2024-02-08T02:09:36.922+0100] {dag.py:3820} INFO - Setting next_dagrun for example_trigger_target_dag to None, run_after=None
[2024-02-08T02:09:37.360+0100] {processor.py:183} INFO - Processing /home/ubuntu/.local/lib/python3.10/site-packages/airflow/example_dags/example_trigger_target_dag.py took 0.734 seconds
[2024-02-08T02:10:43.933+0100] {processor.py:161} INFO - Started process (PID=60554) to work on /home/ubuntu/.local/lib/python3.10/site-packages/airflow/example_dags/example_trigger_target_dag.py
[2024-02-08T02:10:43.935+0100] {processor.py:830} INFO - Processing file /home/ubuntu/.local/lib/python3.10/site-packages/airflow/example_dags/example_trigger_target_dag.py for tasks to queue
[2024-02-08T02:10:43.936+0100] {logging_mixin.py:188} INFO - [2024-02-08T02:10:43.935+0100] {dagbag.py:538} INFO - Filling up the DagBag from /home/ubuntu/.local/lib/python3.10/site-packages/airflow/example_dags/example_trigger_target_dag.py
[2024-02-08T02:10:43.943+0100] {processor.py:840} INFO - DAG(s) 'example_trigger_target_dag' retrieved from /home/ubuntu/.local/lib/python3.10/site-packages/airflow/example_dags/example_trigger_target_dag.py
[2024-02-08T02:10:43.962+0100] {logging_mixin.py:188} INFO - [2024-02-08T02:10:43.962+0100] {dag.py:3033} INFO - Sync 1 DAGs
[2024-02-08T02:10:43.976+0100] {logging_mixin.py:188} INFO - [2024-02-08T02:10:43.976+0100] {dag.py:3820} INFO - Setting next_dagrun for example_trigger_target_dag to None, run_after=None
[2024-02-08T02:10:44.005+0100] {processor.py:183} INFO - Processing /home/ubuntu/.local/lib/python3.10/site-packages/airflow/example_dags/example_trigger_target_dag.py took 0.077 seconds
[2024-02-08T02:12:10.295+0100] {processor.py:161} INFO - Started process (PID=60662) to work on /home/ubuntu/.local/lib/python3.10/site-packages/airflow/example_dags/example_trigger_target_dag.py
[2024-02-08T02:12:10.301+0100] {processor.py:830} INFO - Processing file /home/ubuntu/.local/lib/python3.10/site-packages/airflow/example_dags/example_trigger_target_dag.py for tasks to queue
[2024-02-08T02:12:10.302+0100] {logging_mixin.py:188} INFO - [2024-02-08T02:12:10.302+0100] {dagbag.py:538} INFO - Filling up the DagBag from /home/ubuntu/.local/lib/python3.10/site-packages/airflow/example_dags/example_trigger_target_dag.py
[2024-02-08T02:12:10.313+0100] {processor.py:840} INFO - DAG(s) 'example_trigger_target_dag' retrieved from /home/ubuntu/.local/lib/python3.10/site-packages/airflow/example_dags/example_trigger_target_dag.py
[2024-02-08T02:12:10.336+0100] {logging_mixin.py:188} INFO - [2024-02-08T02:12:10.335+0100] {dag.py:3033} INFO - Sync 1 DAGs
[2024-02-08T02:12:10.350+0100] {logging_mixin.py:188} INFO - [2024-02-08T02:12:10.350+0100] {dag.py:3820} INFO - Setting next_dagrun for example_trigger_target_dag to None, run_after=None
[2024-02-08T02:12:10.397+0100] {processor.py:183} INFO - Processing /home/ubuntu/.local/lib/python3.10/site-packages/airflow/example_dags/example_trigger_target_dag.py took 0.109 seconds
[2024-02-08T02:12:55.684+0100] {processor.py:161} INFO - Started process (PID=60965) to work on /home/ubuntu/.local/lib/python3.10/site-packages/airflow/example_dags/example_trigger_target_dag.py
[2024-02-08T02:12:55.693+0100] {processor.py:830} INFO - Processing file /home/ubuntu/.local/lib/python3.10/site-packages/airflow/example_dags/example_trigger_target_dag.py for tasks to queue
[2024-02-08T02:12:55.694+0100] {logging_mixin.py:188} INFO - [2024-02-08T02:12:55.694+0100] {dagbag.py:538} INFO - Filling up the DagBag from /home/ubuntu/.local/lib/python3.10/site-packages/airflow/example_dags/example_trigger_target_dag.py
[2024-02-08T02:12:55.702+0100] {processor.py:840} INFO - DAG(s) 'example_trigger_target_dag' retrieved from /home/ubuntu/.local/lib/python3.10/site-packages/airflow/example_dags/example_trigger_target_dag.py
[2024-02-08T02:12:55.720+0100] {logging_mixin.py:188} INFO - [2024-02-08T02:12:55.719+0100] {dag.py:3033} INFO - Sync 1 DAGs
[2024-02-08T02:12:55.734+0100] {logging_mixin.py:188} INFO - [2024-02-08T02:12:55.734+0100] {dag.py:3820} INFO - Setting next_dagrun for example_trigger_target_dag to None, run_after=None
[2024-02-08T02:12:55.762+0100] {processor.py:183} INFO - Processing /home/ubuntu/.local/lib/python3.10/site-packages/airflow/example_dags/example_trigger_target_dag.py took 0.081 seconds
[2024-02-08T02:13:53.252+0100] {processor.py:161} INFO - Started process (PID=61056) to work on /home/ubuntu/.local/lib/python3.10/site-packages/airflow/example_dags/example_trigger_target_dag.py
[2024-02-08T02:13:53.269+0100] {processor.py:830} INFO - Processing file /home/ubuntu/.local/lib/python3.10/site-packages/airflow/example_dags/example_trigger_target_dag.py for tasks to queue
[2024-02-08T02:13:53.273+0100] {logging_mixin.py:188} INFO - [2024-02-08T02:13:53.270+0100] {dagbag.py:538} INFO - Filling up the DagBag from /home/ubuntu/.local/lib/python3.10/site-packages/airflow/example_dags/example_trigger_target_dag.py
[2024-02-08T02:13:53.292+0100] {processor.py:840} INFO - DAG(s) 'example_trigger_target_dag' retrieved from /home/ubuntu/.local/lib/python3.10/site-packages/airflow/example_dags/example_trigger_target_dag.py
[2024-02-08T02:13:53.338+0100] {logging_mixin.py:188} INFO - [2024-02-08T02:13:53.337+0100] {dag.py:3033} INFO - Sync 1 DAGs
[2024-02-08T02:13:53.369+0100] {logging_mixin.py:188} INFO - [2024-02-08T02:13:53.369+0100] {dag.py:3820} INFO - Setting next_dagrun for example_trigger_target_dag to None, run_after=None
[2024-02-08T02:13:53.438+0100] {processor.py:183} INFO - Processing /home/ubuntu/.local/lib/python3.10/site-packages/airflow/example_dags/example_trigger_target_dag.py took 0.204 seconds
[2024-02-08T02:14:49.174+0100] {processor.py:161} INFO - Started process (PID=61145) to work on /home/ubuntu/.local/lib/python3.10/site-packages/airflow/example_dags/example_trigger_target_dag.py
[2024-02-08T02:14:49.182+0100] {processor.py:830} INFO - Processing file /home/ubuntu/.local/lib/python3.10/site-packages/airflow/example_dags/example_trigger_target_dag.py for tasks to queue
[2024-02-08T02:14:49.183+0100] {logging_mixin.py:188} INFO - [2024-02-08T02:14:49.183+0100] {dagbag.py:538} INFO - Filling up the DagBag from /home/ubuntu/.local/lib/python3.10/site-packages/airflow/example_dags/example_trigger_target_dag.py
[2024-02-08T02:14:49.190+0100] {processor.py:840} INFO - DAG(s) 'example_trigger_target_dag' retrieved from /home/ubuntu/.local/lib/python3.10/site-packages/airflow/example_dags/example_trigger_target_dag.py
[2024-02-08T02:14:49.208+0100] {logging_mixin.py:188} INFO - [2024-02-08T02:14:49.208+0100] {dag.py:3033} INFO - Sync 1 DAGs
[2024-02-08T02:14:49.222+0100] {logging_mixin.py:188} INFO - [2024-02-08T02:14:49.222+0100] {dag.py:3820} INFO - Setting next_dagrun for example_trigger_target_dag to None, run_after=None
[2024-02-08T02:14:49.262+0100] {processor.py:183} INFO - Processing /home/ubuntu/.local/lib/python3.10/site-packages/airflow/example_dags/example_trigger_target_dag.py took 0.091 seconds
[2024-02-08T02:15:44.692+0100] {processor.py:161} INFO - Started process (PID=61248) to work on /home/ubuntu/.local/lib/python3.10/site-packages/airflow/example_dags/example_trigger_target_dag.py
[2024-02-08T02:15:44.694+0100] {processor.py:830} INFO - Processing file /home/ubuntu/.local/lib/python3.10/site-packages/airflow/example_dags/example_trigger_target_dag.py for tasks to queue
[2024-02-08T02:15:44.695+0100] {logging_mixin.py:188} INFO - [2024-02-08T02:15:44.694+0100] {dagbag.py:538} INFO - Filling up the DagBag from /home/ubuntu/.local/lib/python3.10/site-packages/airflow/example_dags/example_trigger_target_dag.py
[2024-02-08T02:15:44.702+0100] {processor.py:840} INFO - DAG(s) 'example_trigger_target_dag' retrieved from /home/ubuntu/.local/lib/python3.10/site-packages/airflow/example_dags/example_trigger_target_dag.py
[2024-02-08T02:15:44.721+0100] {logging_mixin.py:188} INFO - [2024-02-08T02:15:44.721+0100] {dag.py:3033} INFO - Sync 1 DAGs
[2024-02-08T02:15:44.734+0100] {logging_mixin.py:188} INFO - [2024-02-08T02:15:44.734+0100] {dag.py:3820} INFO - Setting next_dagrun for example_trigger_target_dag to None, run_after=None
[2024-02-08T02:15:44.764+0100] {processor.py:183} INFO - Processing /home/ubuntu/.local/lib/python3.10/site-packages/airflow/example_dags/example_trigger_target_dag.py took 0.076 seconds
[2024-02-08T02:16:35.486+0100] {processor.py:161} INFO - Started process (PID=61318) to work on /home/ubuntu/.local/lib/python3.10/site-packages/airflow/example_dags/example_trigger_target_dag.py
[2024-02-08T02:16:35.489+0100] {processor.py:830} INFO - Processing file /home/ubuntu/.local/lib/python3.10/site-packages/airflow/example_dags/example_trigger_target_dag.py for tasks to queue
[2024-02-08T02:16:35.490+0100] {logging_mixin.py:188} INFO - [2024-02-08T02:16:35.489+0100] {dagbag.py:538} INFO - Filling up the DagBag from /home/ubuntu/.local/lib/python3.10/site-packages/airflow/example_dags/example_trigger_target_dag.py
[2024-02-08T02:16:35.498+0100] {processor.py:840} INFO - DAG(s) 'example_trigger_target_dag' retrieved from /home/ubuntu/.local/lib/python3.10/site-packages/airflow/example_dags/example_trigger_target_dag.py
[2024-02-08T02:16:35.515+0100] {logging_mixin.py:188} INFO - [2024-02-08T02:16:35.515+0100] {dag.py:3033} INFO - Sync 1 DAGs
[2024-02-08T02:16:35.529+0100] {logging_mixin.py:188} INFO - [2024-02-08T02:16:35.529+0100] {dag.py:3820} INFO - Setting next_dagrun for example_trigger_target_dag to None, run_after=None
[2024-02-08T02:16:35.556+0100] {processor.py:183} INFO - Processing /home/ubuntu/.local/lib/python3.10/site-packages/airflow/example_dags/example_trigger_target_dag.py took 0.073 seconds
