[2024-02-08T01:03:20.586+0100] {processor.py:161} INFO - Started process (PID=50752) to work on /home/ubuntu/.local/lib/python3.10/site-packages/airflow/example_dags/example_setup_teardown.py
[2024-02-08T01:03:20.588+0100] {processor.py:830} INFO - Processing file /home/ubuntu/.local/lib/python3.10/site-packages/airflow/example_dags/example_setup_teardown.py for tasks to queue
[2024-02-08T01:03:20.598+0100] {logging_mixin.py:188} INFO - [2024-02-08T01:03:20.588+0100] {dagbag.py:538} INFO - Filling up the DagBag from /home/ubuntu/.local/lib/python3.10/site-packages/airflow/example_dags/example_setup_teardown.py
[2024-02-08T01:03:20.652+0100] {processor.py:840} INFO - DAG(s) 'example_setup_teardown' retrieved from /home/ubuntu/.local/lib/python3.10/site-packages/airflow/example_dags/example_setup_teardown.py
[2024-02-08T01:03:21.045+0100] {logging_mixin.py:188} INFO - [2024-02-08T01:03:21.045+0100] {dag.py:3033} INFO - Sync 1 DAGs
[2024-02-08T01:03:21.114+0100] {logging_mixin.py:188} INFO - [2024-02-08T01:03:21.114+0100] {dag.py:3820} INFO - Setting next_dagrun for example_setup_teardown to 2024-02-07T00:00:00+00:00, run_after=2024-02-08T00:00:00+00:00
[2024-02-08T01:03:21.272+0100] {processor.py:183} INFO - Processing /home/ubuntu/.local/lib/python3.10/site-packages/airflow/example_dags/example_setup_teardown.py took 0.694 seconds
[2024-02-08T01:05:34.999+0100] {processor.py:161} INFO - Started process (PID=51042) to work on /home/ubuntu/.local/lib/python3.10/site-packages/airflow/example_dags/example_setup_teardown.py
[2024-02-08T01:05:35.005+0100] {processor.py:830} INFO - Processing file /home/ubuntu/.local/lib/python3.10/site-packages/airflow/example_dags/example_setup_teardown.py for tasks to queue
[2024-02-08T01:05:35.007+0100] {logging_mixin.py:188} INFO - [2024-02-08T01:05:35.006+0100] {dagbag.py:538} INFO - Filling up the DagBag from /home/ubuntu/.local/lib/python3.10/site-packages/airflow/example_dags/example_setup_teardown.py
[2024-02-08T01:05:35.098+0100] {processor.py:840} INFO - DAG(s) 'example_setup_teardown' retrieved from /home/ubuntu/.local/lib/python3.10/site-packages/airflow/example_dags/example_setup_teardown.py
[2024-02-08T01:05:35.175+0100] {logging_mixin.py:188} INFO - [2024-02-08T01:05:35.174+0100] {dag.py:3033} INFO - Sync 1 DAGs
[2024-02-08T01:05:35.293+0100] {logging_mixin.py:188} INFO - [2024-02-08T01:05:35.292+0100] {dag.py:3820} INFO - Setting next_dagrun for example_setup_teardown to 2024-02-07T00:00:00+00:00, run_after=2024-02-08T00:00:00+00:00
[2024-02-08T01:05:35.563+0100] {processor.py:183} INFO - Processing /home/ubuntu/.local/lib/python3.10/site-packages/airflow/example_dags/example_setup_teardown.py took 0.570 seconds
[2024-02-08T01:06:55.066+0100] {processor.py:161} INFO - Started process (PID=51418) to work on /home/ubuntu/.local/lib/python3.10/site-packages/airflow/example_dags/example_setup_teardown.py
[2024-02-08T01:06:55.069+0100] {processor.py:830} INFO - Processing file /home/ubuntu/.local/lib/python3.10/site-packages/airflow/example_dags/example_setup_teardown.py for tasks to queue
[2024-02-08T01:06:55.070+0100] {logging_mixin.py:188} INFO - [2024-02-08T01:06:55.070+0100] {dagbag.py:538} INFO - Filling up the DagBag from /home/ubuntu/.local/lib/python3.10/site-packages/airflow/example_dags/example_setup_teardown.py
[2024-02-08T01:06:55.089+0100] {processor.py:840} INFO - DAG(s) 'example_setup_teardown' retrieved from /home/ubuntu/.local/lib/python3.10/site-packages/airflow/example_dags/example_setup_teardown.py
[2024-02-08T01:06:55.186+0100] {logging_mixin.py:188} INFO - [2024-02-08T01:06:55.186+0100] {dag.py:3033} INFO - Sync 1 DAGs
[2024-02-08T01:06:55.230+0100] {logging_mixin.py:188} INFO - [2024-02-08T01:06:55.230+0100] {dag.py:3820} INFO - Setting next_dagrun for example_setup_teardown to 2024-02-07T00:00:00+00:00, run_after=2024-02-08T00:00:00+00:00
[2024-02-08T01:06:55.272+0100] {processor.py:183} INFO - Processing /home/ubuntu/.local/lib/python3.10/site-packages/airflow/example_dags/example_setup_teardown.py took 0.213 seconds
[2024-02-08T01:08:09.679+0100] {processor.py:161} INFO - Started process (PID=51806) to work on /home/ubuntu/.local/lib/python3.10/site-packages/airflow/example_dags/example_setup_teardown.py
[2024-02-08T01:08:09.693+0100] {processor.py:830} INFO - Processing file /home/ubuntu/.local/lib/python3.10/site-packages/airflow/example_dags/example_setup_teardown.py for tasks to queue
[2024-02-08T01:08:09.695+0100] {logging_mixin.py:188} INFO - [2024-02-08T01:08:09.694+0100] {dagbag.py:538} INFO - Filling up the DagBag from /home/ubuntu/.local/lib/python3.10/site-packages/airflow/example_dags/example_setup_teardown.py
[2024-02-08T01:08:09.729+0100] {processor.py:840} INFO - DAG(s) 'example_setup_teardown' retrieved from /home/ubuntu/.local/lib/python3.10/site-packages/airflow/example_dags/example_setup_teardown.py
[2024-02-08T01:08:09.807+0100] {logging_mixin.py:188} INFO - [2024-02-08T01:08:09.806+0100] {dag.py:3033} INFO - Sync 1 DAGs
[2024-02-08T01:08:09.886+0100] {logging_mixin.py:188} INFO - [2024-02-08T01:08:09.885+0100] {dag.py:3820} INFO - Setting next_dagrun for example_setup_teardown to 2024-02-07T00:00:00+00:00, run_after=2024-02-08T00:00:00+00:00
[2024-02-08T01:08:09.969+0100] {processor.py:183} INFO - Processing /home/ubuntu/.local/lib/python3.10/site-packages/airflow/example_dags/example_setup_teardown.py took 0.298 seconds
[2024-02-08T01:09:46.408+0100] {processor.py:161} INFO - Started process (PID=52188) to work on /home/ubuntu/.local/lib/python3.10/site-packages/airflow/example_dags/example_setup_teardown.py
[2024-02-08T01:09:46.434+0100] {processor.py:830} INFO - Processing file /home/ubuntu/.local/lib/python3.10/site-packages/airflow/example_dags/example_setup_teardown.py for tasks to queue
[2024-02-08T01:09:46.435+0100] {logging_mixin.py:188} INFO - [2024-02-08T01:09:46.435+0100] {dagbag.py:538} INFO - Filling up the DagBag from /home/ubuntu/.local/lib/python3.10/site-packages/airflow/example_dags/example_setup_teardown.py
[2024-02-08T01:09:46.474+0100] {processor.py:840} INFO - DAG(s) 'example_setup_teardown' retrieved from /home/ubuntu/.local/lib/python3.10/site-packages/airflow/example_dags/example_setup_teardown.py
[2024-02-08T01:09:46.513+0100] {logging_mixin.py:188} INFO - [2024-02-08T01:09:46.513+0100] {dag.py:3033} INFO - Sync 1 DAGs
[2024-02-08T01:09:46.689+0100] {logging_mixin.py:188} INFO - [2024-02-08T01:09:46.689+0100] {dag.py:3820} INFO - Setting next_dagrun for example_setup_teardown to 2024-02-07T00:00:00+00:00, run_after=2024-02-08T00:00:00+00:00
[2024-02-08T01:09:47.044+0100] {processor.py:183} INFO - Processing /home/ubuntu/.local/lib/python3.10/site-packages/airflow/example_dags/example_setup_teardown.py took 0.685 seconds
[2024-02-08T01:11:04.824+0100] {processor.py:161} INFO - Started process (PID=52350) to work on /home/ubuntu/.local/lib/python3.10/site-packages/airflow/example_dags/example_setup_teardown.py
[2024-02-08T01:11:04.829+0100] {processor.py:830} INFO - Processing file /home/ubuntu/.local/lib/python3.10/site-packages/airflow/example_dags/example_setup_teardown.py for tasks to queue
[2024-02-08T01:11:04.830+0100] {logging_mixin.py:188} INFO - [2024-02-08T01:11:04.830+0100] {dagbag.py:538} INFO - Filling up the DagBag from /home/ubuntu/.local/lib/python3.10/site-packages/airflow/example_dags/example_setup_teardown.py
[2024-02-08T01:11:04.854+0100] {processor.py:840} INFO - DAG(s) 'example_setup_teardown' retrieved from /home/ubuntu/.local/lib/python3.10/site-packages/airflow/example_dags/example_setup_teardown.py
[2024-02-08T01:11:04.966+0100] {logging_mixin.py:188} INFO - [2024-02-08T01:11:04.966+0100] {dag.py:3033} INFO - Sync 1 DAGs
[2024-02-08T01:11:05.222+0100] {logging_mixin.py:188} INFO - [2024-02-08T01:11:05.208+0100] {dag.py:3820} INFO - Setting next_dagrun for example_setup_teardown to 2024-02-07T00:00:00+00:00, run_after=2024-02-08T00:00:00+00:00
[2024-02-08T01:11:05.649+0100] {processor.py:183} INFO - Processing /home/ubuntu/.local/lib/python3.10/site-packages/airflow/example_dags/example_setup_teardown.py took 0.832 seconds
[2024-02-08T01:13:36.967+0100] {processor.py:161} INFO - Started process (PID=53022) to work on /home/ubuntu/.local/lib/python3.10/site-packages/airflow/example_dags/example_setup_teardown.py
[2024-02-08T01:13:37.074+0100] {processor.py:830} INFO - Processing file /home/ubuntu/.local/lib/python3.10/site-packages/airflow/example_dags/example_setup_teardown.py for tasks to queue
[2024-02-08T01:13:37.091+0100] {logging_mixin.py:188} INFO - [2024-02-08T01:13:37.076+0100] {dagbag.py:538} INFO - Filling up the DagBag from /home/ubuntu/.local/lib/python3.10/site-packages/airflow/example_dags/example_setup_teardown.py
[2024-02-08T01:13:37.116+0100] {processor.py:840} INFO - DAG(s) 'example_setup_teardown' retrieved from /home/ubuntu/.local/lib/python3.10/site-packages/airflow/example_dags/example_setup_teardown.py
[2024-02-08T01:13:37.313+0100] {logging_mixin.py:188} INFO - [2024-02-08T01:13:37.312+0100] {dag.py:3033} INFO - Sync 1 DAGs
[2024-02-08T01:13:37.426+0100] {logging_mixin.py:188} INFO - [2024-02-08T01:13:37.426+0100] {dag.py:3820} INFO - Setting next_dagrun for example_setup_teardown to 2024-02-07T00:00:00+00:00, run_after=2024-02-08T00:00:00+00:00
[2024-02-08T01:13:37.808+0100] {processor.py:183} INFO - Processing /home/ubuntu/.local/lib/python3.10/site-packages/airflow/example_dags/example_setup_teardown.py took 0.849 seconds
[2024-02-08T01:17:40.401+0100] {processor.py:161} INFO - Started process (PID=54006) to work on /home/ubuntu/.local/lib/python3.10/site-packages/airflow/example_dags/example_setup_teardown.py
[2024-02-08T01:17:40.407+0100] {processor.py:830} INFO - Processing file /home/ubuntu/.local/lib/python3.10/site-packages/airflow/example_dags/example_setup_teardown.py for tasks to queue
[2024-02-08T01:17:40.409+0100] {logging_mixin.py:188} INFO - [2024-02-08T01:17:40.409+0100] {dagbag.py:538} INFO - Filling up the DagBag from /home/ubuntu/.local/lib/python3.10/site-packages/airflow/example_dags/example_setup_teardown.py
[2024-02-08T01:17:40.434+0100] {processor.py:840} INFO - DAG(s) 'example_setup_teardown' retrieved from /home/ubuntu/.local/lib/python3.10/site-packages/airflow/example_dags/example_setup_teardown.py
[2024-02-08T01:17:40.485+0100] {logging_mixin.py:188} INFO - [2024-02-08T01:17:40.485+0100] {dag.py:3033} INFO - Sync 1 DAGs
[2024-02-08T01:17:40.546+0100] {logging_mixin.py:188} INFO - [2024-02-08T01:17:40.546+0100] {dag.py:3820} INFO - Setting next_dagrun for example_setup_teardown to 2024-02-07T00:00:00+00:00, run_after=2024-02-08T00:00:00+00:00
[2024-02-08T01:17:40.775+0100] {processor.py:183} INFO - Processing /home/ubuntu/.local/lib/python3.10/site-packages/airflow/example_dags/example_setup_teardown.py took 0.392 seconds
[2024-02-08T01:20:06.932+0100] {processor.py:161} INFO - Started process (PID=54437) to work on /home/ubuntu/.local/lib/python3.10/site-packages/airflow/example_dags/example_setup_teardown.py
[2024-02-08T01:20:06.938+0100] {processor.py:830} INFO - Processing file /home/ubuntu/.local/lib/python3.10/site-packages/airflow/example_dags/example_setup_teardown.py for tasks to queue
[2024-02-08T01:20:06.941+0100] {logging_mixin.py:188} INFO - [2024-02-08T01:20:06.940+0100] {dagbag.py:538} INFO - Filling up the DagBag from /home/ubuntu/.local/lib/python3.10/site-packages/airflow/example_dags/example_setup_teardown.py
[2024-02-08T01:20:06.966+0100] {processor.py:840} INFO - DAG(s) 'example_setup_teardown' retrieved from /home/ubuntu/.local/lib/python3.10/site-packages/airflow/example_dags/example_setup_teardown.py
[2024-02-08T01:20:07.028+0100] {logging_mixin.py:188} INFO - [2024-02-08T01:20:07.027+0100] {dag.py:3033} INFO - Sync 1 DAGs
[2024-02-08T01:20:07.077+0100] {logging_mixin.py:188} INFO - [2024-02-08T01:20:07.077+0100] {dag.py:3820} INFO - Setting next_dagrun for example_setup_teardown to 2024-02-07T00:00:00+00:00, run_after=2024-02-08T00:00:00+00:00
[2024-02-08T01:20:07.178+0100] {processor.py:183} INFO - Processing /home/ubuntu/.local/lib/python3.10/site-packages/airflow/example_dags/example_setup_teardown.py took 0.249 seconds
[2024-02-08T01:21:55.190+0100] {processor.py:161} INFO - Started process (PID=54662) to work on /home/ubuntu/.local/lib/python3.10/site-packages/airflow/example_dags/example_setup_teardown.py
[2024-02-08T01:21:55.195+0100] {processor.py:830} INFO - Processing file /home/ubuntu/.local/lib/python3.10/site-packages/airflow/example_dags/example_setup_teardown.py for tasks to queue
[2024-02-08T01:21:55.203+0100] {logging_mixin.py:188} INFO - [2024-02-08T01:21:55.202+0100] {dagbag.py:538} INFO - Filling up the DagBag from /home/ubuntu/.local/lib/python3.10/site-packages/airflow/example_dags/example_setup_teardown.py
[2024-02-08T01:21:55.268+0100] {processor.py:840} INFO - DAG(s) 'example_setup_teardown' retrieved from /home/ubuntu/.local/lib/python3.10/site-packages/airflow/example_dags/example_setup_teardown.py
[2024-02-08T01:21:55.462+0100] {logging_mixin.py:188} INFO - [2024-02-08T01:21:55.462+0100] {dag.py:3033} INFO - Sync 1 DAGs
[2024-02-08T01:21:55.526+0100] {logging_mixin.py:188} INFO - [2024-02-08T01:21:55.526+0100] {dag.py:3820} INFO - Setting next_dagrun for example_setup_teardown to 2024-02-07T00:00:00+00:00, run_after=2024-02-08T00:00:00+00:00
[2024-02-08T01:21:55.749+0100] {processor.py:183} INFO - Processing /home/ubuntu/.local/lib/python3.10/site-packages/airflow/example_dags/example_setup_teardown.py took 0.571 seconds
[2024-02-08T01:23:26.524+0100] {processor.py:161} INFO - Started process (PID=54922) to work on /home/ubuntu/.local/lib/python3.10/site-packages/airflow/example_dags/example_setup_teardown.py
[2024-02-08T01:23:26.526+0100] {processor.py:830} INFO - Processing file /home/ubuntu/.local/lib/python3.10/site-packages/airflow/example_dags/example_setup_teardown.py for tasks to queue
[2024-02-08T01:23:26.528+0100] {logging_mixin.py:188} INFO - [2024-02-08T01:23:26.527+0100] {dagbag.py:538} INFO - Filling up the DagBag from /home/ubuntu/.local/lib/python3.10/site-packages/airflow/example_dags/example_setup_teardown.py
[2024-02-08T01:23:26.537+0100] {processor.py:840} INFO - DAG(s) 'example_setup_teardown' retrieved from /home/ubuntu/.local/lib/python3.10/site-packages/airflow/example_dags/example_setup_teardown.py
[2024-02-08T01:23:26.554+0100] {logging_mixin.py:188} INFO - [2024-02-08T01:23:26.553+0100] {dag.py:3033} INFO - Sync 1 DAGs
[2024-02-08T01:23:26.573+0100] {logging_mixin.py:188} INFO - [2024-02-08T01:23:26.573+0100] {dag.py:3820} INFO - Setting next_dagrun for example_setup_teardown to 2024-02-07T00:00:00+00:00, run_after=2024-02-08T00:00:00+00:00
[2024-02-08T01:23:26.628+0100] {processor.py:183} INFO - Processing /home/ubuntu/.local/lib/python3.10/site-packages/airflow/example_dags/example_setup_teardown.py took 0.108 seconds
[2024-02-08T01:24:35.166+0100] {processor.py:161} INFO - Started process (PID=55054) to work on /home/ubuntu/.local/lib/python3.10/site-packages/airflow/example_dags/example_setup_teardown.py
[2024-02-08T01:24:35.182+0100] {processor.py:830} INFO - Processing file /home/ubuntu/.local/lib/python3.10/site-packages/airflow/example_dags/example_setup_teardown.py for tasks to queue
[2024-02-08T01:24:35.183+0100] {logging_mixin.py:188} INFO - [2024-02-08T01:24:35.182+0100] {dagbag.py:538} INFO - Filling up the DagBag from /home/ubuntu/.local/lib/python3.10/site-packages/airflow/example_dags/example_setup_teardown.py
[2024-02-08T01:24:35.215+0100] {processor.py:840} INFO - DAG(s) 'example_setup_teardown' retrieved from /home/ubuntu/.local/lib/python3.10/site-packages/airflow/example_dags/example_setup_teardown.py
[2024-02-08T01:24:35.281+0100] {logging_mixin.py:188} INFO - [2024-02-08T01:24:35.281+0100] {dag.py:3033} INFO - Sync 1 DAGs
[2024-02-08T01:24:35.390+0100] {logging_mixin.py:188} INFO - [2024-02-08T01:24:35.390+0100] {dag.py:3820} INFO - Setting next_dagrun for example_setup_teardown to 2024-02-07T00:00:00+00:00, run_after=2024-02-08T00:00:00+00:00
[2024-02-08T01:24:35.582+0100] {processor.py:183} INFO - Processing /home/ubuntu/.local/lib/python3.10/site-packages/airflow/example_dags/example_setup_teardown.py took 0.421 seconds
[2024-02-08T01:26:07.724+0100] {processor.py:161} INFO - Started process (PID=55207) to work on /home/ubuntu/.local/lib/python3.10/site-packages/airflow/example_dags/example_setup_teardown.py
[2024-02-08T01:26:07.748+0100] {processor.py:830} INFO - Processing file /home/ubuntu/.local/lib/python3.10/site-packages/airflow/example_dags/example_setup_teardown.py for tasks to queue
[2024-02-08T01:26:07.750+0100] {logging_mixin.py:188} INFO - [2024-02-08T01:26:07.749+0100] {dagbag.py:538} INFO - Filling up the DagBag from /home/ubuntu/.local/lib/python3.10/site-packages/airflow/example_dags/example_setup_teardown.py
[2024-02-08T01:26:07.801+0100] {processor.py:840} INFO - DAG(s) 'example_setup_teardown' retrieved from /home/ubuntu/.local/lib/python3.10/site-packages/airflow/example_dags/example_setup_teardown.py
[2024-02-08T01:26:07.872+0100] {logging_mixin.py:188} INFO - [2024-02-08T01:26:07.872+0100] {dag.py:3033} INFO - Sync 1 DAGs
[2024-02-08T01:26:07.913+0100] {logging_mixin.py:188} INFO - [2024-02-08T01:26:07.913+0100] {dag.py:3820} INFO - Setting next_dagrun for example_setup_teardown to 2024-02-07T00:00:00+00:00, run_after=2024-02-08T00:00:00+00:00
[2024-02-08T01:26:08.178+0100] {processor.py:183} INFO - Processing /home/ubuntu/.local/lib/python3.10/site-packages/airflow/example_dags/example_setup_teardown.py took 0.469 seconds
[2024-02-08T01:27:48.659+0100] {processor.py:161} INFO - Started process (PID=55399) to work on /home/ubuntu/.local/lib/python3.10/site-packages/airflow/example_dags/example_setup_teardown.py
[2024-02-08T01:27:48.691+0100] {processor.py:830} INFO - Processing file /home/ubuntu/.local/lib/python3.10/site-packages/airflow/example_dags/example_setup_teardown.py for tasks to queue
[2024-02-08T01:27:48.698+0100] {logging_mixin.py:188} INFO - [2024-02-08T01:27:48.697+0100] {dagbag.py:538} INFO - Filling up the DagBag from /home/ubuntu/.local/lib/python3.10/site-packages/airflow/example_dags/example_setup_teardown.py
[2024-02-08T01:27:48.775+0100] {processor.py:840} INFO - DAG(s) 'example_setup_teardown' retrieved from /home/ubuntu/.local/lib/python3.10/site-packages/airflow/example_dags/example_setup_teardown.py
[2024-02-08T01:27:48.890+0100] {logging_mixin.py:188} INFO - [2024-02-08T01:27:48.890+0100] {dag.py:3033} INFO - Sync 1 DAGs
[2024-02-08T01:27:49.031+0100] {logging_mixin.py:188} INFO - [2024-02-08T01:27:49.027+0100] {dag.py:3820} INFO - Setting next_dagrun for example_setup_teardown to 2024-02-07T00:00:00+00:00, run_after=2024-02-08T00:00:00+00:00
[2024-02-08T01:27:49.162+0100] {processor.py:183} INFO - Processing /home/ubuntu/.local/lib/python3.10/site-packages/airflow/example_dags/example_setup_teardown.py took 0.518 seconds
[2024-02-08T01:29:26.783+0100] {processor.py:161} INFO - Started process (PID=55570) to work on /home/ubuntu/.local/lib/python3.10/site-packages/airflow/example_dags/example_setup_teardown.py
[2024-02-08T01:29:26.823+0100] {processor.py:830} INFO - Processing file /home/ubuntu/.local/lib/python3.10/site-packages/airflow/example_dags/example_setup_teardown.py for tasks to queue
[2024-02-08T01:29:26.854+0100] {logging_mixin.py:188} INFO - [2024-02-08T01:29:26.824+0100] {dagbag.py:538} INFO - Filling up the DagBag from /home/ubuntu/.local/lib/python3.10/site-packages/airflow/example_dags/example_setup_teardown.py
[2024-02-08T01:29:26.903+0100] {processor.py:840} INFO - DAG(s) 'example_setup_teardown' retrieved from /home/ubuntu/.local/lib/python3.10/site-packages/airflow/example_dags/example_setup_teardown.py
[2024-02-08T01:29:27.028+0100] {logging_mixin.py:188} INFO - [2024-02-08T01:29:27.028+0100] {dag.py:3033} INFO - Sync 1 DAGs
[2024-02-08T01:29:27.126+0100] {logging_mixin.py:188} INFO - [2024-02-08T01:29:27.126+0100] {dag.py:3820} INFO - Setting next_dagrun for example_setup_teardown to 2024-02-07T00:00:00+00:00, run_after=2024-02-08T00:00:00+00:00
[2024-02-08T01:29:27.255+0100] {processor.py:183} INFO - Processing /home/ubuntu/.local/lib/python3.10/site-packages/airflow/example_dags/example_setup_teardown.py took 0.495 seconds
[2024-02-08T01:31:23.047+0100] {processor.py:161} INFO - Started process (PID=55792) to work on /home/ubuntu/.local/lib/python3.10/site-packages/airflow/example_dags/example_setup_teardown.py
[2024-02-08T01:31:23.064+0100] {processor.py:830} INFO - Processing file /home/ubuntu/.local/lib/python3.10/site-packages/airflow/example_dags/example_setup_teardown.py for tasks to queue
[2024-02-08T01:31:23.074+0100] {logging_mixin.py:188} INFO - [2024-02-08T01:31:23.073+0100] {dagbag.py:538} INFO - Filling up the DagBag from /home/ubuntu/.local/lib/python3.10/site-packages/airflow/example_dags/example_setup_teardown.py
[2024-02-08T01:31:23.097+0100] {processor.py:840} INFO - DAG(s) 'example_setup_teardown' retrieved from /home/ubuntu/.local/lib/python3.10/site-packages/airflow/example_dags/example_setup_teardown.py
[2024-02-08T01:31:23.195+0100] {logging_mixin.py:188} INFO - [2024-02-08T01:31:23.194+0100] {dag.py:3033} INFO - Sync 1 DAGs
[2024-02-08T01:31:23.358+0100] {logging_mixin.py:188} INFO - [2024-02-08T01:31:23.357+0100] {dag.py:3820} INFO - Setting next_dagrun for example_setup_teardown to 2024-02-07T00:00:00+00:00, run_after=2024-02-08T00:00:00+00:00
[2024-02-08T01:31:23.586+0100] {processor.py:183} INFO - Processing /home/ubuntu/.local/lib/python3.10/site-packages/airflow/example_dags/example_setup_teardown.py took 0.544 seconds
[2024-02-08T01:33:38.673+0100] {processor.py:161} INFO - Started process (PID=56013) to work on /home/ubuntu/.local/lib/python3.10/site-packages/airflow/example_dags/example_setup_teardown.py
[2024-02-08T01:33:38.677+0100] {processor.py:830} INFO - Processing file /home/ubuntu/.local/lib/python3.10/site-packages/airflow/example_dags/example_setup_teardown.py for tasks to queue
[2024-02-08T01:33:38.679+0100] {logging_mixin.py:188} INFO - [2024-02-08T01:33:38.678+0100] {dagbag.py:538} INFO - Filling up the DagBag from /home/ubuntu/.local/lib/python3.10/site-packages/airflow/example_dags/example_setup_teardown.py
[2024-02-08T01:33:38.709+0100] {processor.py:840} INFO - DAG(s) 'example_setup_teardown' retrieved from /home/ubuntu/.local/lib/python3.10/site-packages/airflow/example_dags/example_setup_teardown.py
[2024-02-08T01:33:38.801+0100] {logging_mixin.py:188} INFO - [2024-02-08T01:33:38.797+0100] {dag.py:3033} INFO - Sync 1 DAGs
[2024-02-08T01:33:38.888+0100] {logging_mixin.py:188} INFO - [2024-02-08T01:33:38.888+0100] {dag.py:3820} INFO - Setting next_dagrun for example_setup_teardown to 2024-02-07T00:00:00+00:00, run_after=2024-02-08T00:00:00+00:00
[2024-02-08T01:33:39.033+0100] {processor.py:183} INFO - Processing /home/ubuntu/.local/lib/python3.10/site-packages/airflow/example_dags/example_setup_teardown.py took 0.371 seconds
[2024-02-08T01:36:58.395+0100] {processor.py:161} INFO - Started process (PID=56314) to work on /home/ubuntu/.local/lib/python3.10/site-packages/airflow/example_dags/example_setup_teardown.py
[2024-02-08T01:36:58.399+0100] {processor.py:830} INFO - Processing file /home/ubuntu/.local/lib/python3.10/site-packages/airflow/example_dags/example_setup_teardown.py for tasks to queue
[2024-02-08T01:36:58.401+0100] {logging_mixin.py:188} INFO - [2024-02-08T01:36:58.400+0100] {dagbag.py:538} INFO - Filling up the DagBag from /home/ubuntu/.local/lib/python3.10/site-packages/airflow/example_dags/example_setup_teardown.py
[2024-02-08T01:36:58.445+0100] {processor.py:840} INFO - DAG(s) 'example_setup_teardown' retrieved from /home/ubuntu/.local/lib/python3.10/site-packages/airflow/example_dags/example_setup_teardown.py
[2024-02-08T01:36:58.560+0100] {logging_mixin.py:188} INFO - [2024-02-08T01:36:58.560+0100] {dag.py:3033} INFO - Sync 1 DAGs
[2024-02-08T01:36:58.664+0100] {logging_mixin.py:188} INFO - [2024-02-08T01:36:58.659+0100] {dag.py:3820} INFO - Setting next_dagrun for example_setup_teardown to 2024-02-07T00:00:00+00:00, run_after=2024-02-08T00:00:00+00:00
[2024-02-08T01:36:59.049+0100] {processor.py:183} INFO - Processing /home/ubuntu/.local/lib/python3.10/site-packages/airflow/example_dags/example_setup_teardown.py took 0.711 seconds
[2024-02-08T01:38:52.421+0100] {processor.py:161} INFO - Started process (PID=56522) to work on /home/ubuntu/.local/lib/python3.10/site-packages/airflow/example_dags/example_setup_teardown.py
[2024-02-08T01:38:52.455+0100] {processor.py:830} INFO - Processing file /home/ubuntu/.local/lib/python3.10/site-packages/airflow/example_dags/example_setup_teardown.py for tasks to queue
[2024-02-08T01:38:52.457+0100] {logging_mixin.py:188} INFO - [2024-02-08T01:38:52.456+0100] {dagbag.py:538} INFO - Filling up the DagBag from /home/ubuntu/.local/lib/python3.10/site-packages/airflow/example_dags/example_setup_teardown.py
[2024-02-08T01:38:52.499+0100] {processor.py:840} INFO - DAG(s) 'example_setup_teardown' retrieved from /home/ubuntu/.local/lib/python3.10/site-packages/airflow/example_dags/example_setup_teardown.py
[2024-02-08T01:38:52.619+0100] {logging_mixin.py:188} INFO - [2024-02-08T01:38:52.618+0100] {dag.py:3033} INFO - Sync 1 DAGs
[2024-02-08T01:38:52.690+0100] {logging_mixin.py:188} INFO - [2024-02-08T01:38:52.689+0100] {dag.py:3820} INFO - Setting next_dagrun for example_setup_teardown to 2024-02-07T00:00:00+00:00, run_after=2024-02-08T00:00:00+00:00
[2024-02-08T01:38:53.058+0100] {processor.py:183} INFO - Processing /home/ubuntu/.local/lib/python3.10/site-packages/airflow/example_dags/example_setup_teardown.py took 0.648 seconds
[2024-02-08T01:41:18.639+0100] {processor.py:161} INFO - Started process (PID=56806) to work on /home/ubuntu/.local/lib/python3.10/site-packages/airflow/example_dags/example_setup_teardown.py
[2024-02-08T01:41:18.676+0100] {processor.py:830} INFO - Processing file /home/ubuntu/.local/lib/python3.10/site-packages/airflow/example_dags/example_setup_teardown.py for tasks to queue
[2024-02-08T01:41:18.684+0100] {logging_mixin.py:188} INFO - [2024-02-08T01:41:18.683+0100] {dagbag.py:538} INFO - Filling up the DagBag from /home/ubuntu/.local/lib/python3.10/site-packages/airflow/example_dags/example_setup_teardown.py
[2024-02-08T01:41:18.741+0100] {processor.py:840} INFO - DAG(s) 'example_setup_teardown' retrieved from /home/ubuntu/.local/lib/python3.10/site-packages/airflow/example_dags/example_setup_teardown.py
[2024-02-08T01:41:19.244+0100] {logging_mixin.py:188} INFO - [2024-02-08T01:41:19.244+0100] {dag.py:3033} INFO - Sync 1 DAGs
[2024-02-08T01:41:19.470+0100] {logging_mixin.py:188} INFO - [2024-02-08T01:41:19.469+0100] {dag.py:3820} INFO - Setting next_dagrun for example_setup_teardown to 2024-02-07T00:00:00+00:00, run_after=2024-02-08T00:00:00+00:00
[2024-02-08T01:41:20.317+0100] {processor.py:183} INFO - Processing /home/ubuntu/.local/lib/python3.10/site-packages/airflow/example_dags/example_setup_teardown.py took 1.787 seconds
[2024-02-08T01:42:44.733+0100] {processor.py:161} INFO - Started process (PID=56974) to work on /home/ubuntu/.local/lib/python3.10/site-packages/airflow/example_dags/example_setup_teardown.py
[2024-02-08T01:42:44.737+0100] {processor.py:830} INFO - Processing file /home/ubuntu/.local/lib/python3.10/site-packages/airflow/example_dags/example_setup_teardown.py for tasks to queue
[2024-02-08T01:42:44.739+0100] {logging_mixin.py:188} INFO - [2024-02-08T01:42:44.738+0100] {dagbag.py:538} INFO - Filling up the DagBag from /home/ubuntu/.local/lib/python3.10/site-packages/airflow/example_dags/example_setup_teardown.py
[2024-02-08T01:42:44.756+0100] {processor.py:840} INFO - DAG(s) 'example_setup_teardown' retrieved from /home/ubuntu/.local/lib/python3.10/site-packages/airflow/example_dags/example_setup_teardown.py
[2024-02-08T01:42:44.802+0100] {logging_mixin.py:188} INFO - [2024-02-08T01:42:44.792+0100] {dag.py:3033} INFO - Sync 1 DAGs
[2024-02-08T01:42:44.948+0100] {logging_mixin.py:188} INFO - [2024-02-08T01:42:44.948+0100] {dag.py:3820} INFO - Setting next_dagrun for example_setup_teardown to 2024-02-07T00:00:00+00:00, run_after=2024-02-08T00:00:00+00:00
[2024-02-08T01:42:45.213+0100] {processor.py:183} INFO - Processing /home/ubuntu/.local/lib/python3.10/site-packages/airflow/example_dags/example_setup_teardown.py took 0.487 seconds
[2024-02-08T01:44:09.511+0100] {processor.py:161} INFO - Started process (PID=57134) to work on /home/ubuntu/.local/lib/python3.10/site-packages/airflow/example_dags/example_setup_teardown.py
[2024-02-08T01:44:09.514+0100] {processor.py:830} INFO - Processing file /home/ubuntu/.local/lib/python3.10/site-packages/airflow/example_dags/example_setup_teardown.py for tasks to queue
[2024-02-08T01:44:09.515+0100] {logging_mixin.py:188} INFO - [2024-02-08T01:44:09.514+0100] {dagbag.py:538} INFO - Filling up the DagBag from /home/ubuntu/.local/lib/python3.10/site-packages/airflow/example_dags/example_setup_teardown.py
[2024-02-08T01:44:09.526+0100] {processor.py:840} INFO - DAG(s) 'example_setup_teardown' retrieved from /home/ubuntu/.local/lib/python3.10/site-packages/airflow/example_dags/example_setup_teardown.py
[2024-02-08T01:44:09.552+0100] {logging_mixin.py:188} INFO - [2024-02-08T01:44:09.552+0100] {dag.py:3033} INFO - Sync 1 DAGs
[2024-02-08T01:44:09.582+0100] {logging_mixin.py:188} INFO - [2024-02-08T01:44:09.582+0100] {dag.py:3820} INFO - Setting next_dagrun for example_setup_teardown to 2024-02-07T00:00:00+00:00, run_after=2024-02-08T00:00:00+00:00
[2024-02-08T01:44:09.682+0100] {processor.py:183} INFO - Processing /home/ubuntu/.local/lib/python3.10/site-packages/airflow/example_dags/example_setup_teardown.py took 0.179 seconds
[2024-02-08T01:45:12.911+0100] {processor.py:161} INFO - Started process (PID=57260) to work on /home/ubuntu/.local/lib/python3.10/site-packages/airflow/example_dags/example_setup_teardown.py
[2024-02-08T01:45:12.914+0100] {processor.py:830} INFO - Processing file /home/ubuntu/.local/lib/python3.10/site-packages/airflow/example_dags/example_setup_teardown.py for tasks to queue
[2024-02-08T01:45:12.915+0100] {logging_mixin.py:188} INFO - [2024-02-08T01:45:12.915+0100] {dagbag.py:538} INFO - Filling up the DagBag from /home/ubuntu/.local/lib/python3.10/site-packages/airflow/example_dags/example_setup_teardown.py
[2024-02-08T01:45:12.926+0100] {processor.py:840} INFO - DAG(s) 'example_setup_teardown' retrieved from /home/ubuntu/.local/lib/python3.10/site-packages/airflow/example_dags/example_setup_teardown.py
[2024-02-08T01:45:12.941+0100] {logging_mixin.py:188} INFO - [2024-02-08T01:45:12.941+0100] {dag.py:3033} INFO - Sync 1 DAGs
[2024-02-08T01:45:12.965+0100] {logging_mixin.py:188} INFO - [2024-02-08T01:45:12.965+0100] {dag.py:3820} INFO - Setting next_dagrun for example_setup_teardown to 2024-02-07T00:00:00+00:00, run_after=2024-02-08T00:00:00+00:00
[2024-02-08T01:45:13.091+0100] {processor.py:183} INFO - Processing /home/ubuntu/.local/lib/python3.10/site-packages/airflow/example_dags/example_setup_teardown.py took 0.186 seconds
[2024-02-08T01:46:15.908+0100] {processor.py:161} INFO - Started process (PID=57381) to work on /home/ubuntu/.local/lib/python3.10/site-packages/airflow/example_dags/example_setup_teardown.py
[2024-02-08T01:46:15.911+0100] {processor.py:830} INFO - Processing file /home/ubuntu/.local/lib/python3.10/site-packages/airflow/example_dags/example_setup_teardown.py for tasks to queue
[2024-02-08T01:46:15.913+0100] {logging_mixin.py:188} INFO - [2024-02-08T01:46:15.912+0100] {dagbag.py:538} INFO - Filling up the DagBag from /home/ubuntu/.local/lib/python3.10/site-packages/airflow/example_dags/example_setup_teardown.py
[2024-02-08T01:46:15.928+0100] {processor.py:840} INFO - DAG(s) 'example_setup_teardown' retrieved from /home/ubuntu/.local/lib/python3.10/site-packages/airflow/example_dags/example_setup_teardown.py
[2024-02-08T01:46:15.954+0100] {logging_mixin.py:188} INFO - [2024-02-08T01:46:15.954+0100] {dag.py:3033} INFO - Sync 1 DAGs
[2024-02-08T01:46:15.976+0100] {logging_mixin.py:188} INFO - [2024-02-08T01:46:15.975+0100] {dag.py:3820} INFO - Setting next_dagrun for example_setup_teardown to 2024-02-07T00:00:00+00:00, run_after=2024-02-08T00:00:00+00:00
[2024-02-08T01:46:16.007+0100] {processor.py:183} INFO - Processing /home/ubuntu/.local/lib/python3.10/site-packages/airflow/example_dags/example_setup_teardown.py took 0.105 seconds
[2024-02-08T01:47:25.707+0100] {processor.py:161} INFO - Started process (PID=57525) to work on /home/ubuntu/.local/lib/python3.10/site-packages/airflow/example_dags/example_setup_teardown.py
[2024-02-08T01:47:25.734+0100] {processor.py:830} INFO - Processing file /home/ubuntu/.local/lib/python3.10/site-packages/airflow/example_dags/example_setup_teardown.py for tasks to queue
[2024-02-08T01:47:25.735+0100] {logging_mixin.py:188} INFO - [2024-02-08T01:47:25.734+0100] {dagbag.py:538} INFO - Filling up the DagBag from /home/ubuntu/.local/lib/python3.10/site-packages/airflow/example_dags/example_setup_teardown.py
[2024-02-08T01:47:25.776+0100] {processor.py:840} INFO - DAG(s) 'example_setup_teardown' retrieved from /home/ubuntu/.local/lib/python3.10/site-packages/airflow/example_dags/example_setup_teardown.py
[2024-02-08T01:47:25.872+0100] {logging_mixin.py:188} INFO - [2024-02-08T01:47:25.872+0100] {dag.py:3033} INFO - Sync 1 DAGs
[2024-02-08T01:47:25.987+0100] {logging_mixin.py:188} INFO - [2024-02-08T01:47:25.987+0100] {dag.py:3820} INFO - Setting next_dagrun for example_setup_teardown to 2024-02-07T00:00:00+00:00, run_after=2024-02-08T00:00:00+00:00
[2024-02-08T01:47:26.139+0100] {processor.py:183} INFO - Processing /home/ubuntu/.local/lib/python3.10/site-packages/airflow/example_dags/example_setup_teardown.py took 0.445 seconds
[2024-02-08T01:49:07.046+0100] {processor.py:161} INFO - Started process (PID=57739) to work on /home/ubuntu/.local/lib/python3.10/site-packages/airflow/example_dags/example_setup_teardown.py
[2024-02-08T01:49:07.049+0100] {processor.py:830} INFO - Processing file /home/ubuntu/.local/lib/python3.10/site-packages/airflow/example_dags/example_setup_teardown.py for tasks to queue
[2024-02-08T01:49:07.050+0100] {logging_mixin.py:188} INFO - [2024-02-08T01:49:07.050+0100] {dagbag.py:538} INFO - Filling up the DagBag from /home/ubuntu/.local/lib/python3.10/site-packages/airflow/example_dags/example_setup_teardown.py
[2024-02-08T01:49:07.090+0100] {processor.py:840} INFO - DAG(s) 'example_setup_teardown' retrieved from /home/ubuntu/.local/lib/python3.10/site-packages/airflow/example_dags/example_setup_teardown.py
[2024-02-08T01:49:07.150+0100] {logging_mixin.py:188} INFO - [2024-02-08T01:49:07.150+0100] {dag.py:3033} INFO - Sync 1 DAGs
[2024-02-08T01:49:07.184+0100] {logging_mixin.py:188} INFO - [2024-02-08T01:49:07.183+0100] {dag.py:3820} INFO - Setting next_dagrun for example_setup_teardown to 2024-02-07T00:00:00+00:00, run_after=2024-02-08T00:00:00+00:00
[2024-02-08T01:49:07.368+0100] {processor.py:183} INFO - Processing /home/ubuntu/.local/lib/python3.10/site-packages/airflow/example_dags/example_setup_teardown.py took 0.329 seconds
[2024-02-08T01:51:02.100+0100] {processor.py:161} INFO - Started process (PID=57971) to work on /home/ubuntu/.local/lib/python3.10/site-packages/airflow/example_dags/example_setup_teardown.py
[2024-02-08T01:51:02.104+0100] {processor.py:830} INFO - Processing file /home/ubuntu/.local/lib/python3.10/site-packages/airflow/example_dags/example_setup_teardown.py for tasks to queue
[2024-02-08T01:51:02.105+0100] {logging_mixin.py:188} INFO - [2024-02-08T01:51:02.105+0100] {dagbag.py:538} INFO - Filling up the DagBag from /home/ubuntu/.local/lib/python3.10/site-packages/airflow/example_dags/example_setup_teardown.py
[2024-02-08T01:51:02.114+0100] {processor.py:840} INFO - DAG(s) 'example_setup_teardown' retrieved from /home/ubuntu/.local/lib/python3.10/site-packages/airflow/example_dags/example_setup_teardown.py
[2024-02-08T01:51:02.136+0100] {logging_mixin.py:188} INFO - [2024-02-08T01:51:02.136+0100] {dag.py:3033} INFO - Sync 1 DAGs
[2024-02-08T01:51:02.154+0100] {logging_mixin.py:188} INFO - [2024-02-08T01:51:02.154+0100] {dag.py:3820} INFO - Setting next_dagrun for example_setup_teardown to 2024-02-07T00:00:00+00:00, run_after=2024-02-08T00:00:00+00:00
[2024-02-08T01:51:02.227+0100] {processor.py:183} INFO - Processing /home/ubuntu/.local/lib/python3.10/site-packages/airflow/example_dags/example_setup_teardown.py took 0.130 seconds
[2024-02-08T01:52:22.122+0100] {processor.py:161} INFO - Started process (PID=58117) to work on /home/ubuntu/.local/lib/python3.10/site-packages/airflow/example_dags/example_setup_teardown.py
[2024-02-08T01:52:22.154+0100] {processor.py:830} INFO - Processing file /home/ubuntu/.local/lib/python3.10/site-packages/airflow/example_dags/example_setup_teardown.py for tasks to queue
[2024-02-08T01:52:22.155+0100] {logging_mixin.py:188} INFO - [2024-02-08T01:52:22.154+0100] {dagbag.py:538} INFO - Filling up the DagBag from /home/ubuntu/.local/lib/python3.10/site-packages/airflow/example_dags/example_setup_teardown.py
[2024-02-08T01:52:22.177+0100] {processor.py:840} INFO - DAG(s) 'example_setup_teardown' retrieved from /home/ubuntu/.local/lib/python3.10/site-packages/airflow/example_dags/example_setup_teardown.py
[2024-02-08T01:52:22.200+0100] {logging_mixin.py:188} INFO - [2024-02-08T01:52:22.200+0100] {dag.py:3033} INFO - Sync 1 DAGs
[2024-02-08T01:52:22.229+0100] {logging_mixin.py:188} INFO - [2024-02-08T01:52:22.229+0100] {dag.py:3820} INFO - Setting next_dagrun for example_setup_teardown to 2024-02-07T00:00:00+00:00, run_after=2024-02-08T00:00:00+00:00
[2024-02-08T01:52:22.268+0100] {processor.py:183} INFO - Processing /home/ubuntu/.local/lib/python3.10/site-packages/airflow/example_dags/example_setup_teardown.py took 0.199 seconds
[2024-02-08T01:53:53.312+0100] {processor.py:161} INFO - Started process (PID=58276) to work on /home/ubuntu/.local/lib/python3.10/site-packages/airflow/example_dags/example_setup_teardown.py
[2024-02-08T01:53:53.323+0100] {processor.py:830} INFO - Processing file /home/ubuntu/.local/lib/python3.10/site-packages/airflow/example_dags/example_setup_teardown.py for tasks to queue
[2024-02-08T01:53:53.331+0100] {logging_mixin.py:188} INFO - [2024-02-08T01:53:53.331+0100] {dagbag.py:538} INFO - Filling up the DagBag from /home/ubuntu/.local/lib/python3.10/site-packages/airflow/example_dags/example_setup_teardown.py
[2024-02-08T01:53:53.402+0100] {processor.py:840} INFO - DAG(s) 'example_setup_teardown' retrieved from /home/ubuntu/.local/lib/python3.10/site-packages/airflow/example_dags/example_setup_teardown.py
[2024-02-08T01:53:53.480+0100] {logging_mixin.py:188} INFO - [2024-02-08T01:53:53.480+0100] {dag.py:3033} INFO - Sync 1 DAGs
[2024-02-08T01:53:53.599+0100] {logging_mixin.py:188} INFO - [2024-02-08T01:53:53.598+0100] {dag.py:3820} INFO - Setting next_dagrun for example_setup_teardown to 2024-02-07T00:00:00+00:00, run_after=2024-02-08T00:00:00+00:00
[2024-02-08T01:53:54.133+0100] {processor.py:183} INFO - Processing /home/ubuntu/.local/lib/python3.10/site-packages/airflow/example_dags/example_setup_teardown.py took 0.830 seconds
[2024-02-08T01:55:51.168+0100] {processor.py:161} INFO - Started process (PID=58500) to work on /home/ubuntu/.local/lib/python3.10/site-packages/airflow/example_dags/example_setup_teardown.py
[2024-02-08T01:55:51.201+0100] {processor.py:830} INFO - Processing file /home/ubuntu/.local/lib/python3.10/site-packages/airflow/example_dags/example_setup_teardown.py for tasks to queue
[2024-02-08T01:55:51.205+0100] {logging_mixin.py:188} INFO - [2024-02-08T01:55:51.203+0100] {dagbag.py:538} INFO - Filling up the DagBag from /home/ubuntu/.local/lib/python3.10/site-packages/airflow/example_dags/example_setup_teardown.py
[2024-02-08T01:55:51.229+0100] {processor.py:840} INFO - DAG(s) 'example_setup_teardown' retrieved from /home/ubuntu/.local/lib/python3.10/site-packages/airflow/example_dags/example_setup_teardown.py
[2024-02-08T01:55:51.281+0100] {logging_mixin.py:188} INFO - [2024-02-08T01:55:51.280+0100] {dag.py:3033} INFO - Sync 1 DAGs
[2024-02-08T01:55:51.324+0100] {logging_mixin.py:188} INFO - [2024-02-08T01:55:51.324+0100] {dag.py:3820} INFO - Setting next_dagrun for example_setup_teardown to 2024-02-07T00:00:00+00:00, run_after=2024-02-08T00:00:00+00:00
[2024-02-08T01:55:51.417+0100] {processor.py:183} INFO - Processing /home/ubuntu/.local/lib/python3.10/site-packages/airflow/example_dags/example_setup_teardown.py took 0.299 seconds
[2024-02-08T01:57:31.139+0100] {processor.py:161} INFO - Started process (PID=58666) to work on /home/ubuntu/.local/lib/python3.10/site-packages/airflow/example_dags/example_setup_teardown.py
[2024-02-08T01:57:31.143+0100] {processor.py:830} INFO - Processing file /home/ubuntu/.local/lib/python3.10/site-packages/airflow/example_dags/example_setup_teardown.py for tasks to queue
[2024-02-08T01:57:31.145+0100] {logging_mixin.py:188} INFO - [2024-02-08T01:57:31.144+0100] {dagbag.py:538} INFO - Filling up the DagBag from /home/ubuntu/.local/lib/python3.10/site-packages/airflow/example_dags/example_setup_teardown.py
[2024-02-08T01:57:31.202+0100] {processor.py:840} INFO - DAG(s) 'example_setup_teardown' retrieved from /home/ubuntu/.local/lib/python3.10/site-packages/airflow/example_dags/example_setup_teardown.py
[2024-02-08T01:57:31.250+0100] {logging_mixin.py:188} INFO - [2024-02-08T01:57:31.250+0100] {dag.py:3033} INFO - Sync 1 DAGs
[2024-02-08T01:57:31.421+0100] {logging_mixin.py:188} INFO - [2024-02-08T01:57:31.421+0100] {dag.py:3820} INFO - Setting next_dagrun for example_setup_teardown to 2024-02-07T00:00:00+00:00, run_after=2024-02-08T00:00:00+00:00
[2024-02-08T01:57:31.526+0100] {processor.py:183} INFO - Processing /home/ubuntu/.local/lib/python3.10/site-packages/airflow/example_dags/example_setup_teardown.py took 0.395 seconds
[2024-02-08T01:59:37.676+0100] {processor.py:161} INFO - Started process (PID=58887) to work on /home/ubuntu/.local/lib/python3.10/site-packages/airflow/example_dags/example_setup_teardown.py
[2024-02-08T01:59:37.678+0100] {processor.py:830} INFO - Processing file /home/ubuntu/.local/lib/python3.10/site-packages/airflow/example_dags/example_setup_teardown.py for tasks to queue
[2024-02-08T01:59:37.679+0100] {logging_mixin.py:188} INFO - [2024-02-08T01:59:37.679+0100] {dagbag.py:538} INFO - Filling up the DagBag from /home/ubuntu/.local/lib/python3.10/site-packages/airflow/example_dags/example_setup_teardown.py
[2024-02-08T01:59:37.687+0100] {processor.py:840} INFO - DAG(s) 'example_setup_teardown' retrieved from /home/ubuntu/.local/lib/python3.10/site-packages/airflow/example_dags/example_setup_teardown.py
[2024-02-08T01:59:37.702+0100] {logging_mixin.py:188} INFO - [2024-02-08T01:59:37.702+0100] {dag.py:3033} INFO - Sync 1 DAGs
[2024-02-08T01:59:37.720+0100] {logging_mixin.py:188} INFO - [2024-02-08T01:59:37.720+0100] {dag.py:3820} INFO - Setting next_dagrun for example_setup_teardown to 2024-02-07T00:00:00+00:00, run_after=2024-02-08T00:00:00+00:00
[2024-02-08T01:59:37.862+0100] {processor.py:183} INFO - Processing /home/ubuntu/.local/lib/python3.10/site-packages/airflow/example_dags/example_setup_teardown.py took 0.189 seconds
[2024-02-08T02:01:27.677+0100] {processor.py:161} INFO - Started process (PID=59079) to work on /home/ubuntu/.local/lib/python3.10/site-packages/airflow/example_dags/example_setup_teardown.py
[2024-02-08T02:01:27.682+0100] {processor.py:830} INFO - Processing file /home/ubuntu/.local/lib/python3.10/site-packages/airflow/example_dags/example_setup_teardown.py for tasks to queue
[2024-02-08T02:01:27.687+0100] {logging_mixin.py:188} INFO - [2024-02-08T02:01:27.685+0100] {dagbag.py:538} INFO - Filling up the DagBag from /home/ubuntu/.local/lib/python3.10/site-packages/airflow/example_dags/example_setup_teardown.py
[2024-02-08T02:01:27.720+0100] {processor.py:840} INFO - DAG(s) 'example_setup_teardown' retrieved from /home/ubuntu/.local/lib/python3.10/site-packages/airflow/example_dags/example_setup_teardown.py
[2024-02-08T02:01:27.842+0100] {logging_mixin.py:188} INFO - [2024-02-08T02:01:27.841+0100] {dag.py:3033} INFO - Sync 1 DAGs
[2024-02-08T02:01:27.942+0100] {logging_mixin.py:188} INFO - [2024-02-08T02:01:27.942+0100] {dag.py:3820} INFO - Setting next_dagrun for example_setup_teardown to 2024-02-07T00:00:00+00:00, run_after=2024-02-08T00:00:00+00:00
[2024-02-08T02:01:28.177+0100] {processor.py:183} INFO - Processing /home/ubuntu/.local/lib/python3.10/site-packages/airflow/example_dags/example_setup_teardown.py took 0.508 seconds
[2024-02-08T02:03:38.431+0100] {processor.py:161} INFO - Started process (PID=59288) to work on /home/ubuntu/.local/lib/python3.10/site-packages/airflow/example_dags/example_setup_teardown.py
[2024-02-08T02:03:38.436+0100] {processor.py:830} INFO - Processing file /home/ubuntu/.local/lib/python3.10/site-packages/airflow/example_dags/example_setup_teardown.py for tasks to queue
[2024-02-08T02:03:38.438+0100] {logging_mixin.py:188} INFO - [2024-02-08T02:03:38.437+0100] {dagbag.py:538} INFO - Filling up the DagBag from /home/ubuntu/.local/lib/python3.10/site-packages/airflow/example_dags/example_setup_teardown.py
[2024-02-08T02:03:38.474+0100] {processor.py:840} INFO - DAG(s) 'example_setup_teardown' retrieved from /home/ubuntu/.local/lib/python3.10/site-packages/airflow/example_dags/example_setup_teardown.py
[2024-02-08T02:03:38.549+0100] {logging_mixin.py:188} INFO - [2024-02-08T02:03:38.548+0100] {dag.py:3033} INFO - Sync 1 DAGs
[2024-02-08T02:03:38.697+0100] {logging_mixin.py:188} INFO - [2024-02-08T02:03:38.693+0100] {dag.py:3820} INFO - Setting next_dagrun for example_setup_teardown to 2024-02-07T00:00:00+00:00, run_after=2024-02-08T00:00:00+00:00
[2024-02-08T02:03:38.991+0100] {processor.py:183} INFO - Processing /home/ubuntu/.local/lib/python3.10/site-packages/airflow/example_dags/example_setup_teardown.py took 0.566 seconds
[2024-02-08T02:05:41.971+0100] {processor.py:161} INFO - Started process (PID=59496) to work on /home/ubuntu/.local/lib/python3.10/site-packages/airflow/example_dags/example_setup_teardown.py
[2024-02-08T02:05:41.975+0100] {processor.py:830} INFO - Processing file /home/ubuntu/.local/lib/python3.10/site-packages/airflow/example_dags/example_setup_teardown.py for tasks to queue
[2024-02-08T02:05:41.978+0100] {logging_mixin.py:188} INFO - [2024-02-08T02:05:41.977+0100] {dagbag.py:538} INFO - Filling up the DagBag from /home/ubuntu/.local/lib/python3.10/site-packages/airflow/example_dags/example_setup_teardown.py
[2024-02-08T02:05:41.993+0100] {processor.py:840} INFO - DAG(s) 'example_setup_teardown' retrieved from /home/ubuntu/.local/lib/python3.10/site-packages/airflow/example_dags/example_setup_teardown.py
[2024-02-08T02:05:42.123+0100] {logging_mixin.py:188} INFO - [2024-02-08T02:05:42.122+0100] {dag.py:3033} INFO - Sync 1 DAGs
[2024-02-08T02:05:42.281+0100] {logging_mixin.py:188} INFO - [2024-02-08T02:05:42.277+0100] {dag.py:3820} INFO - Setting next_dagrun for example_setup_teardown to 2024-02-07T00:00:00+00:00, run_after=2024-02-08T00:00:00+00:00
[2024-02-08T02:05:42.420+0100] {processor.py:183} INFO - Processing /home/ubuntu/.local/lib/python3.10/site-packages/airflow/example_dags/example_setup_teardown.py took 0.466 seconds
[2024-02-08T02:09:17.434+0100] {processor.py:161} INFO - Started process (PID=60425) to work on /home/ubuntu/.local/lib/python3.10/site-packages/airflow/example_dags/example_setup_teardown.py
[2024-02-08T02:09:17.472+0100] {processor.py:830} INFO - Processing file /home/ubuntu/.local/lib/python3.10/site-packages/airflow/example_dags/example_setup_teardown.py for tasks to queue
[2024-02-08T02:09:17.478+0100] {logging_mixin.py:188} INFO - [2024-02-08T02:09:17.477+0100] {dagbag.py:538} INFO - Filling up the DagBag from /home/ubuntu/.local/lib/python3.10/site-packages/airflow/example_dags/example_setup_teardown.py
[2024-02-08T02:09:17.556+0100] {processor.py:840} INFO - DAG(s) 'example_setup_teardown' retrieved from /home/ubuntu/.local/lib/python3.10/site-packages/airflow/example_dags/example_setup_teardown.py
[2024-02-08T02:09:17.645+0100] {logging_mixin.py:188} INFO - [2024-02-08T02:09:17.645+0100] {dag.py:3033} INFO - Sync 1 DAGs
[2024-02-08T02:09:17.764+0100] {logging_mixin.py:188} INFO - [2024-02-08T02:09:17.764+0100] {dag.py:3820} INFO - Setting next_dagrun for example_setup_teardown to 2024-02-07T00:00:00+00:00, run_after=2024-02-08T00:00:00+00:00
[2024-02-08T02:09:18.020+0100] {processor.py:183} INFO - Processing /home/ubuntu/.local/lib/python3.10/site-packages/airflow/example_dags/example_setup_teardown.py took 0.594 seconds
[2024-02-08T02:11:10.918+0100] {processor.py:161} INFO - Started process (PID=60592) to work on /home/ubuntu/.local/lib/python3.10/site-packages/airflow/example_dags/example_setup_teardown.py
[2024-02-08T02:11:10.924+0100] {processor.py:830} INFO - Processing file /home/ubuntu/.local/lib/python3.10/site-packages/airflow/example_dags/example_setup_teardown.py for tasks to queue
[2024-02-08T02:11:10.926+0100] {logging_mixin.py:188} INFO - [2024-02-08T02:11:10.925+0100] {dagbag.py:538} INFO - Filling up the DagBag from /home/ubuntu/.local/lib/python3.10/site-packages/airflow/example_dags/example_setup_teardown.py
[2024-02-08T02:11:10.934+0100] {processor.py:840} INFO - DAG(s) 'example_setup_teardown' retrieved from /home/ubuntu/.local/lib/python3.10/site-packages/airflow/example_dags/example_setup_teardown.py
[2024-02-08T02:11:10.957+0100] {logging_mixin.py:188} INFO - [2024-02-08T02:11:10.956+0100] {dag.py:3033} INFO - Sync 1 DAGs
[2024-02-08T02:11:10.980+0100] {logging_mixin.py:188} INFO - [2024-02-08T02:11:10.980+0100] {dag.py:3820} INFO - Setting next_dagrun for example_setup_teardown to 2024-02-07T00:00:00+00:00, run_after=2024-02-08T00:00:00+00:00
[2024-02-08T02:11:11.027+0100] {processor.py:183} INFO - Processing /home/ubuntu/.local/lib/python3.10/site-packages/airflow/example_dags/example_setup_teardown.py took 0.114 seconds
[2024-02-08T02:12:45.309+0100] {processor.py:161} INFO - Started process (PID=60944) to work on /home/ubuntu/.local/lib/python3.10/site-packages/airflow/example_dags/example_setup_teardown.py
[2024-02-08T02:12:45.323+0100] {processor.py:830} INFO - Processing file /home/ubuntu/.local/lib/python3.10/site-packages/airflow/example_dags/example_setup_teardown.py for tasks to queue
[2024-02-08T02:12:45.335+0100] {logging_mixin.py:188} INFO - [2024-02-08T02:12:45.335+0100] {dagbag.py:538} INFO - Filling up the DagBag from /home/ubuntu/.local/lib/python3.10/site-packages/airflow/example_dags/example_setup_teardown.py
[2024-02-08T02:12:45.363+0100] {processor.py:840} INFO - DAG(s) 'example_setup_teardown' retrieved from /home/ubuntu/.local/lib/python3.10/site-packages/airflow/example_dags/example_setup_teardown.py
[2024-02-08T02:12:45.431+0100] {logging_mixin.py:188} INFO - [2024-02-08T02:12:45.430+0100] {dag.py:3033} INFO - Sync 1 DAGs
[2024-02-08T02:12:45.472+0100] {logging_mixin.py:188} INFO - [2024-02-08T02:12:45.471+0100] {dag.py:3820} INFO - Setting next_dagrun for example_setup_teardown to 2024-02-07T00:00:00+00:00, run_after=2024-02-08T00:00:00+00:00
[2024-02-08T02:12:45.510+0100] {processor.py:183} INFO - Processing /home/ubuntu/.local/lib/python3.10/site-packages/airflow/example_dags/example_setup_teardown.py took 0.240 seconds
[2024-02-08T02:13:51.538+0100] {processor.py:161} INFO - Started process (PID=61054) to work on /home/ubuntu/.local/lib/python3.10/site-packages/airflow/example_dags/example_setup_teardown.py
[2024-02-08T02:13:51.540+0100] {processor.py:830} INFO - Processing file /home/ubuntu/.local/lib/python3.10/site-packages/airflow/example_dags/example_setup_teardown.py for tasks to queue
[2024-02-08T02:13:51.542+0100] {logging_mixin.py:188} INFO - [2024-02-08T02:13:51.541+0100] {dagbag.py:538} INFO - Filling up the DagBag from /home/ubuntu/.local/lib/python3.10/site-packages/airflow/example_dags/example_setup_teardown.py
[2024-02-08T02:13:51.552+0100] {processor.py:840} INFO - DAG(s) 'example_setup_teardown' retrieved from /home/ubuntu/.local/lib/python3.10/site-packages/airflow/example_dags/example_setup_teardown.py
[2024-02-08T02:13:51.575+0100] {logging_mixin.py:188} INFO - [2024-02-08T02:13:51.574+0100] {dag.py:3033} INFO - Sync 1 DAGs
[2024-02-08T02:13:51.603+0100] {logging_mixin.py:188} INFO - [2024-02-08T02:13:51.603+0100] {dag.py:3820} INFO - Setting next_dagrun for example_setup_teardown to 2024-02-07T00:00:00+00:00, run_after=2024-02-08T00:00:00+00:00
[2024-02-08T02:13:51.647+0100] {processor.py:183} INFO - Processing /home/ubuntu/.local/lib/python3.10/site-packages/airflow/example_dags/example_setup_teardown.py took 0.116 seconds
[2024-02-08T02:15:15.686+0100] {processor.py:161} INFO - Started process (PID=61196) to work on /home/ubuntu/.local/lib/python3.10/site-packages/airflow/example_dags/example_setup_teardown.py
[2024-02-08T02:15:15.689+0100] {processor.py:830} INFO - Processing file /home/ubuntu/.local/lib/python3.10/site-packages/airflow/example_dags/example_setup_teardown.py for tasks to queue
[2024-02-08T02:15:15.691+0100] {logging_mixin.py:188} INFO - [2024-02-08T02:15:15.690+0100] {dagbag.py:538} INFO - Filling up the DagBag from /home/ubuntu/.local/lib/python3.10/site-packages/airflow/example_dags/example_setup_teardown.py
[2024-02-08T02:15:15.703+0100] {processor.py:840} INFO - DAG(s) 'example_setup_teardown' retrieved from /home/ubuntu/.local/lib/python3.10/site-packages/airflow/example_dags/example_setup_teardown.py
[2024-02-08T02:15:15.732+0100] {logging_mixin.py:188} INFO - [2024-02-08T02:15:15.731+0100] {dag.py:3033} INFO - Sync 1 DAGs
[2024-02-08T02:15:15.769+0100] {logging_mixin.py:188} INFO - [2024-02-08T02:15:15.768+0100] {dag.py:3820} INFO - Setting next_dagrun for example_setup_teardown to 2024-02-07T00:00:00+00:00, run_after=2024-02-08T00:00:00+00:00
[2024-02-08T02:15:15.812+0100] {processor.py:183} INFO - Processing /home/ubuntu/.local/lib/python3.10/site-packages/airflow/example_dags/example_setup_teardown.py took 0.131 seconds
[2024-02-08T02:16:34.235+0100] {processor.py:161} INFO - Started process (PID=61317) to work on /home/ubuntu/.local/lib/python3.10/site-packages/airflow/example_dags/example_setup_teardown.py
[2024-02-08T02:16:34.247+0100] {processor.py:830} INFO - Processing file /home/ubuntu/.local/lib/python3.10/site-packages/airflow/example_dags/example_setup_teardown.py for tasks to queue
[2024-02-08T02:16:34.249+0100] {logging_mixin.py:188} INFO - [2024-02-08T02:16:34.248+0100] {dagbag.py:538} INFO - Filling up the DagBag from /home/ubuntu/.local/lib/python3.10/site-packages/airflow/example_dags/example_setup_teardown.py
[2024-02-08T02:16:34.258+0100] {processor.py:840} INFO - DAG(s) 'example_setup_teardown' retrieved from /home/ubuntu/.local/lib/python3.10/site-packages/airflow/example_dags/example_setup_teardown.py
[2024-02-08T02:16:34.278+0100] {logging_mixin.py:188} INFO - [2024-02-08T02:16:34.278+0100] {dag.py:3033} INFO - Sync 1 DAGs
[2024-02-08T02:16:34.299+0100] {logging_mixin.py:188} INFO - [2024-02-08T02:16:34.299+0100] {dag.py:3820} INFO - Setting next_dagrun for example_setup_teardown to 2024-02-07T00:00:00+00:00, run_after=2024-02-08T00:00:00+00:00
[2024-02-08T02:16:34.330+0100] {processor.py:183} INFO - Processing /home/ubuntu/.local/lib/python3.10/site-packages/airflow/example_dags/example_setup_teardown.py took 0.099 seconds
