[2024-02-08T01:01:35.193+0100] {processor.py:161} INFO - Started process (PID=50409) to work on /home/ubuntu/.local/lib/python3.10/site-packages/airflow/example_dags/tutorial.py
[2024-02-08T01:01:35.198+0100] {processor.py:830} INFO - Processing file /home/ubuntu/.local/lib/python3.10/site-packages/airflow/example_dags/tutorial.py for tasks to queue
[2024-02-08T01:01:35.203+0100] {logging_mixin.py:188} INFO - [2024-02-08T01:01:35.201+0100] {dagbag.py:538} INFO - Filling up the DagBag from /home/ubuntu/.local/lib/python3.10/site-packages/airflow/example_dags/tutorial.py
[2024-02-08T01:01:35.241+0100] {processor.py:840} INFO - DAG(s) 'tutorial' retrieved from /home/ubuntu/.local/lib/python3.10/site-packages/airflow/example_dags/tutorial.py
[2024-02-08T01:01:35.265+0100] {logging_mixin.py:188} INFO - [2024-02-08T01:01:35.264+0100] {dag.py:3033} INFO - Sync 1 DAGs
[2024-02-08T01:01:35.338+0100] {logging_mixin.py:188} INFO - [2024-02-08T01:01:35.338+0100] {dag.py:3820} INFO - Setting next_dagrun for tutorial to 2024-02-07T00:00:00+00:00, run_after=2024-02-08T00:00:00+00:00
[2024-02-08T01:01:35.405+0100] {processor.py:183} INFO - Processing /home/ubuntu/.local/lib/python3.10/site-packages/airflow/example_dags/tutorial.py took 0.228 seconds
[2024-02-08T01:03:26.728+0100] {processor.py:161} INFO - Started process (PID=50764) to work on /home/ubuntu/.local/lib/python3.10/site-packages/airflow/example_dags/tutorial.py
[2024-02-08T01:03:26.739+0100] {processor.py:830} INFO - Processing file /home/ubuntu/.local/lib/python3.10/site-packages/airflow/example_dags/tutorial.py for tasks to queue
[2024-02-08T01:03:26.740+0100] {logging_mixin.py:188} INFO - [2024-02-08T01:03:26.739+0100] {dagbag.py:538} INFO - Filling up the DagBag from /home/ubuntu/.local/lib/python3.10/site-packages/airflow/example_dags/tutorial.py
[2024-02-08T01:03:26.790+0100] {processor.py:840} INFO - DAG(s) 'tutorial' retrieved from /home/ubuntu/.local/lib/python3.10/site-packages/airflow/example_dags/tutorial.py
[2024-02-08T01:03:28.794+0100] {logging_mixin.py:188} INFO - [2024-02-08T01:03:28.794+0100] {dag.py:3033} INFO - Sync 1 DAGs
[2024-02-08T01:03:29.213+0100] {logging_mixin.py:188} INFO - [2024-02-08T01:03:29.212+0100] {dag.py:3820} INFO - Setting next_dagrun for tutorial to 2024-02-07T00:00:00+00:00, run_after=2024-02-08T00:00:00+00:00
[2024-02-08T01:03:29.732+0100] {processor.py:183} INFO - Processing /home/ubuntu/.local/lib/python3.10/site-packages/airflow/example_dags/tutorial.py took 3.018 seconds
[2024-02-08T01:04:43.902+0100] {processor.py:161} INFO - Started process (PID=50918) to work on /home/ubuntu/.local/lib/python3.10/site-packages/airflow/example_dags/tutorial.py
[2024-02-08T01:04:43.905+0100] {processor.py:830} INFO - Processing file /home/ubuntu/.local/lib/python3.10/site-packages/airflow/example_dags/tutorial.py for tasks to queue
[2024-02-08T01:04:43.908+0100] {logging_mixin.py:188} INFO - [2024-02-08T01:04:43.907+0100] {dagbag.py:538} INFO - Filling up the DagBag from /home/ubuntu/.local/lib/python3.10/site-packages/airflow/example_dags/tutorial.py
[2024-02-08T01:04:43.930+0100] {processor.py:840} INFO - DAG(s) 'tutorial' retrieved from /home/ubuntu/.local/lib/python3.10/site-packages/airflow/example_dags/tutorial.py
[2024-02-08T01:04:44.027+0100] {logging_mixin.py:188} INFO - [2024-02-08T01:04:44.027+0100] {dag.py:3033} INFO - Sync 1 DAGs
[2024-02-08T01:04:44.079+0100] {logging_mixin.py:188} INFO - [2024-02-08T01:04:44.079+0100] {dag.py:3820} INFO - Setting next_dagrun for tutorial to 2024-02-07T00:00:00+00:00, run_after=2024-02-08T00:00:00+00:00
[2024-02-08T01:04:44.258+0100] {processor.py:183} INFO - Processing /home/ubuntu/.local/lib/python3.10/site-packages/airflow/example_dags/tutorial.py took 0.361 seconds
[2024-02-08T01:05:39.626+0100] {processor.py:161} INFO - Started process (PID=51050) to work on /home/ubuntu/.local/lib/python3.10/site-packages/airflow/example_dags/tutorial.py
[2024-02-08T01:05:39.673+0100] {processor.py:830} INFO - Processing file /home/ubuntu/.local/lib/python3.10/site-packages/airflow/example_dags/tutorial.py for tasks to queue
[2024-02-08T01:05:39.683+0100] {logging_mixin.py:188} INFO - [2024-02-08T01:05:39.683+0100] {dagbag.py:538} INFO - Filling up the DagBag from /home/ubuntu/.local/lib/python3.10/site-packages/airflow/example_dags/tutorial.py
[2024-02-08T01:05:39.722+0100] {processor.py:840} INFO - DAG(s) 'tutorial' retrieved from /home/ubuntu/.local/lib/python3.10/site-packages/airflow/example_dags/tutorial.py
[2024-02-08T01:05:39.798+0100] {logging_mixin.py:188} INFO - [2024-02-08T01:05:39.798+0100] {dag.py:3033} INFO - Sync 1 DAGs
[2024-02-08T01:05:39.879+0100] {logging_mixin.py:188} INFO - [2024-02-08T01:05:39.878+0100] {dag.py:3820} INFO - Setting next_dagrun for tutorial to 2024-02-07T00:00:00+00:00, run_after=2024-02-08T00:00:00+00:00
[2024-02-08T01:05:40.411+0100] {processor.py:183} INFO - Processing /home/ubuntu/.local/lib/python3.10/site-packages/airflow/example_dags/tutorial.py took 0.831 seconds
[2024-02-08T01:06:20.605+0100] {processor.py:161} INFO - Started process (PID=51141) to work on /home/ubuntu/.local/lib/python3.10/site-packages/airflow/example_dags/tutorial.py
[2024-02-08T01:06:20.643+0100] {processor.py:830} INFO - Processing file /home/ubuntu/.local/lib/python3.10/site-packages/airflow/example_dags/tutorial.py for tasks to queue
[2024-02-08T01:06:20.654+0100] {logging_mixin.py:188} INFO - [2024-02-08T01:06:20.644+0100] {dagbag.py:538} INFO - Filling up the DagBag from /home/ubuntu/.local/lib/python3.10/site-packages/airflow/example_dags/tutorial.py
[2024-02-08T01:06:20.754+0100] {processor.py:840} INFO - DAG(s) 'tutorial' retrieved from /home/ubuntu/.local/lib/python3.10/site-packages/airflow/example_dags/tutorial.py
[2024-02-08T01:06:20.921+0100] {logging_mixin.py:188} INFO - [2024-02-08T01:06:20.911+0100] {dag.py:3033} INFO - Sync 1 DAGs
[2024-02-08T01:06:21.036+0100] {logging_mixin.py:188} INFO - [2024-02-08T01:06:21.036+0100] {dag.py:3820} INFO - Setting next_dagrun for tutorial to 2024-02-07T00:00:00+00:00, run_after=2024-02-08T00:00:00+00:00
[2024-02-08T01:06:21.287+0100] {processor.py:183} INFO - Processing /home/ubuntu/.local/lib/python3.10/site-packages/airflow/example_dags/tutorial.py took 0.709 seconds
[2024-02-08T01:06:58.889+0100] {processor.py:161} INFO - Started process (PID=51435) to work on /home/ubuntu/.local/lib/python3.10/site-packages/airflow/example_dags/tutorial.py
[2024-02-08T01:06:58.919+0100] {processor.py:830} INFO - Processing file /home/ubuntu/.local/lib/python3.10/site-packages/airflow/example_dags/tutorial.py for tasks to queue
[2024-02-08T01:06:58.920+0100] {logging_mixin.py:188} INFO - [2024-02-08T01:06:58.919+0100] {dagbag.py:538} INFO - Filling up the DagBag from /home/ubuntu/.local/lib/python3.10/site-packages/airflow/example_dags/tutorial.py
[2024-02-08T01:06:58.955+0100] {processor.py:840} INFO - DAG(s) 'tutorial' retrieved from /home/ubuntu/.local/lib/python3.10/site-packages/airflow/example_dags/tutorial.py
[2024-02-08T01:06:58.982+0100] {logging_mixin.py:188} INFO - [2024-02-08T01:06:58.981+0100] {dag.py:3033} INFO - Sync 1 DAGs
[2024-02-08T01:06:59.017+0100] {logging_mixin.py:188} INFO - [2024-02-08T01:06:59.017+0100] {dag.py:3820} INFO - Setting next_dagrun for tutorial to 2024-02-07T00:00:00+00:00, run_after=2024-02-08T00:00:00+00:00
[2024-02-08T01:06:59.239+0100] {processor.py:183} INFO - Processing /home/ubuntu/.local/lib/python3.10/site-packages/airflow/example_dags/tutorial.py took 0.396 seconds
[2024-02-08T01:07:34.622+0100] {processor.py:161} INFO - Started process (PID=51656) to work on /home/ubuntu/.local/lib/python3.10/site-packages/airflow/example_dags/tutorial.py
[2024-02-08T01:07:34.625+0100] {processor.py:830} INFO - Processing file /home/ubuntu/.local/lib/python3.10/site-packages/airflow/example_dags/tutorial.py for tasks to queue
[2024-02-08T01:07:34.627+0100] {logging_mixin.py:188} INFO - [2024-02-08T01:07:34.626+0100] {dagbag.py:538} INFO - Filling up the DagBag from /home/ubuntu/.local/lib/python3.10/site-packages/airflow/example_dags/tutorial.py
[2024-02-08T01:07:34.645+0100] {processor.py:840} INFO - DAG(s) 'tutorial' retrieved from /home/ubuntu/.local/lib/python3.10/site-packages/airflow/example_dags/tutorial.py
[2024-02-08T01:07:34.683+0100] {logging_mixin.py:188} INFO - [2024-02-08T01:07:34.683+0100] {dag.py:3033} INFO - Sync 1 DAGs
[2024-02-08T01:07:34.722+0100] {logging_mixin.py:188} INFO - [2024-02-08T01:07:34.722+0100] {dag.py:3820} INFO - Setting next_dagrun for tutorial to 2024-02-07T00:00:00+00:00, run_after=2024-02-08T00:00:00+00:00
[2024-02-08T01:07:34.783+0100] {processor.py:183} INFO - Processing /home/ubuntu/.local/lib/python3.10/site-packages/airflow/example_dags/tutorial.py took 0.168 seconds
[2024-02-08T01:08:14.623+0100] {processor.py:161} INFO - Started process (PID=51826) to work on /home/ubuntu/.local/lib/python3.10/site-packages/airflow/example_dags/tutorial.py
[2024-02-08T01:08:14.670+0100] {processor.py:830} INFO - Processing file /home/ubuntu/.local/lib/python3.10/site-packages/airflow/example_dags/tutorial.py for tasks to queue
[2024-02-08T01:08:14.677+0100] {logging_mixin.py:188} INFO - [2024-02-08T01:08:14.676+0100] {dagbag.py:538} INFO - Filling up the DagBag from /home/ubuntu/.local/lib/python3.10/site-packages/airflow/example_dags/tutorial.py
[2024-02-08T01:08:14.717+0100] {processor.py:840} INFO - DAG(s) 'tutorial' retrieved from /home/ubuntu/.local/lib/python3.10/site-packages/airflow/example_dags/tutorial.py
[2024-02-08T01:08:14.781+0100] {logging_mixin.py:188} INFO - [2024-02-08T01:08:14.781+0100] {dag.py:3033} INFO - Sync 1 DAGs
[2024-02-08T01:08:14.876+0100] {logging_mixin.py:188} INFO - [2024-02-08T01:08:14.876+0100] {dag.py:3820} INFO - Setting next_dagrun for tutorial to 2024-02-07T00:00:00+00:00, run_after=2024-02-08T00:00:00+00:00
[2024-02-08T01:08:15.254+0100] {processor.py:183} INFO - Processing /home/ubuntu/.local/lib/python3.10/site-packages/airflow/example_dags/tutorial.py took 0.676 seconds
[2024-02-08T01:09:00.424+0100] {processor.py:161} INFO - Started process (PID=52026) to work on /home/ubuntu/.local/lib/python3.10/site-packages/airflow/example_dags/tutorial.py
[2024-02-08T01:09:00.457+0100] {processor.py:830} INFO - Processing file /home/ubuntu/.local/lib/python3.10/site-packages/airflow/example_dags/tutorial.py for tasks to queue
[2024-02-08T01:09:00.466+0100] {logging_mixin.py:188} INFO - [2024-02-08T01:09:00.465+0100] {dagbag.py:538} INFO - Filling up the DagBag from /home/ubuntu/.local/lib/python3.10/site-packages/airflow/example_dags/tutorial.py
[2024-02-08T01:09:00.486+0100] {processor.py:840} INFO - DAG(s) 'tutorial' retrieved from /home/ubuntu/.local/lib/python3.10/site-packages/airflow/example_dags/tutorial.py
[2024-02-08T01:09:00.523+0100] {logging_mixin.py:188} INFO - [2024-02-08T01:09:00.523+0100] {dag.py:3033} INFO - Sync 1 DAGs
[2024-02-08T01:09:00.558+0100] {logging_mixin.py:188} INFO - [2024-02-08T01:09:00.558+0100] {dag.py:3820} INFO - Setting next_dagrun for tutorial to 2024-02-07T00:00:00+00:00, run_after=2024-02-08T00:00:00+00:00
[2024-02-08T01:09:00.616+0100] {processor.py:183} INFO - Processing /home/ubuntu/.local/lib/python3.10/site-packages/airflow/example_dags/tutorial.py took 0.201 seconds
[2024-02-08T01:09:51.955+0100] {processor.py:161} INFO - Started process (PID=52201) to work on /home/ubuntu/.local/lib/python3.10/site-packages/airflow/example_dags/tutorial.py
[2024-02-08T01:09:51.995+0100] {processor.py:830} INFO - Processing file /home/ubuntu/.local/lib/python3.10/site-packages/airflow/example_dags/tutorial.py for tasks to queue
[2024-02-08T01:09:51.996+0100] {logging_mixin.py:188} INFO - [2024-02-08T01:09:51.996+0100] {dagbag.py:538} INFO - Filling up the DagBag from /home/ubuntu/.local/lib/python3.10/site-packages/airflow/example_dags/tutorial.py
[2024-02-08T01:09:52.093+0100] {processor.py:840} INFO - DAG(s) 'tutorial' retrieved from /home/ubuntu/.local/lib/python3.10/site-packages/airflow/example_dags/tutorial.py
[2024-02-08T01:09:52.339+0100] {logging_mixin.py:188} INFO - [2024-02-08T01:09:52.338+0100] {dag.py:3033} INFO - Sync 1 DAGs
[2024-02-08T01:09:52.461+0100] {logging_mixin.py:188} INFO - [2024-02-08T01:09:52.461+0100] {dag.py:3820} INFO - Setting next_dagrun for tutorial to 2024-02-07T00:00:00+00:00, run_after=2024-02-08T00:00:00+00:00
[2024-02-08T01:09:52.774+0100] {processor.py:183} INFO - Processing /home/ubuntu/.local/lib/python3.10/site-packages/airflow/example_dags/tutorial.py took 0.836 seconds
[2024-02-08T01:10:35.932+0100] {processor.py:161} INFO - Started process (PID=52283) to work on /home/ubuntu/.local/lib/python3.10/site-packages/airflow/example_dags/tutorial.py
[2024-02-08T01:10:35.934+0100] {processor.py:830} INFO - Processing file /home/ubuntu/.local/lib/python3.10/site-packages/airflow/example_dags/tutorial.py for tasks to queue
[2024-02-08T01:10:35.936+0100] {logging_mixin.py:188} INFO - [2024-02-08T01:10:35.936+0100] {dagbag.py:538} INFO - Filling up the DagBag from /home/ubuntu/.local/lib/python3.10/site-packages/airflow/example_dags/tutorial.py
[2024-02-08T01:10:35.953+0100] {processor.py:840} INFO - DAG(s) 'tutorial' retrieved from /home/ubuntu/.local/lib/python3.10/site-packages/airflow/example_dags/tutorial.py
[2024-02-08T01:10:35.996+0100] {logging_mixin.py:188} INFO - [2024-02-08T01:10:35.996+0100] {dag.py:3033} INFO - Sync 1 DAGs
[2024-02-08T01:10:36.022+0100] {logging_mixin.py:188} INFO - [2024-02-08T01:10:36.022+0100] {dag.py:3820} INFO - Setting next_dagrun for tutorial to 2024-02-07T00:00:00+00:00, run_after=2024-02-08T00:00:00+00:00
[2024-02-08T01:10:36.065+0100] {processor.py:183} INFO - Processing /home/ubuntu/.local/lib/python3.10/site-packages/airflow/example_dags/tutorial.py took 0.137 seconds
[2024-02-08T01:11:10.057+0100] {processor.py:161} INFO - Started process (PID=52391) to work on /home/ubuntu/.local/lib/python3.10/site-packages/airflow/example_dags/tutorial.py
[2024-02-08T01:11:10.059+0100] {processor.py:830} INFO - Processing file /home/ubuntu/.local/lib/python3.10/site-packages/airflow/example_dags/tutorial.py for tasks to queue
[2024-02-08T01:11:10.061+0100] {logging_mixin.py:188} INFO - [2024-02-08T01:11:10.060+0100] {dagbag.py:538} INFO - Filling up the DagBag from /home/ubuntu/.local/lib/python3.10/site-packages/airflow/example_dags/tutorial.py
[2024-02-08T01:11:10.075+0100] {processor.py:840} INFO - DAG(s) 'tutorial' retrieved from /home/ubuntu/.local/lib/python3.10/site-packages/airflow/example_dags/tutorial.py
[2024-02-08T01:11:10.125+0100] {logging_mixin.py:188} INFO - [2024-02-08T01:11:10.125+0100] {dag.py:3033} INFO - Sync 1 DAGs
[2024-02-08T01:11:10.205+0100] {logging_mixin.py:188} INFO - [2024-02-08T01:11:10.205+0100] {dag.py:3820} INFO - Setting next_dagrun for tutorial to 2024-02-07T00:00:00+00:00, run_after=2024-02-08T00:00:00+00:00
[2024-02-08T01:11:10.395+0100] {processor.py:183} INFO - Processing /home/ubuntu/.local/lib/python3.10/site-packages/airflow/example_dags/tutorial.py took 0.343 seconds
[2024-02-08T01:12:06.450+0100] {processor.py:161} INFO - Started process (PID=52645) to work on /home/ubuntu/.local/lib/python3.10/site-packages/airflow/example_dags/tutorial.py
[2024-02-08T01:12:06.458+0100] {processor.py:830} INFO - Processing file /home/ubuntu/.local/lib/python3.10/site-packages/airflow/example_dags/tutorial.py for tasks to queue
[2024-02-08T01:12:06.462+0100] {logging_mixin.py:188} INFO - [2024-02-08T01:12:06.460+0100] {dagbag.py:538} INFO - Filling up the DagBag from /home/ubuntu/.local/lib/python3.10/site-packages/airflow/example_dags/tutorial.py
[2024-02-08T01:12:06.503+0100] {processor.py:840} INFO - DAG(s) 'tutorial' retrieved from /home/ubuntu/.local/lib/python3.10/site-packages/airflow/example_dags/tutorial.py
[2024-02-08T01:12:06.581+0100] {logging_mixin.py:188} INFO - [2024-02-08T01:12:06.581+0100] {dag.py:3033} INFO - Sync 1 DAGs
[2024-02-08T01:12:06.736+0100] {logging_mixin.py:188} INFO - [2024-02-08T01:12:06.736+0100] {dag.py:3820} INFO - Setting next_dagrun for tutorial to 2024-02-07T00:00:00+00:00, run_after=2024-02-08T00:00:00+00:00
[2024-02-08T01:12:07.388+0100] {processor.py:183} INFO - Processing /home/ubuntu/.local/lib/python3.10/site-packages/airflow/example_dags/tutorial.py took 0.981 seconds
[2024-02-08T01:13:43.167+0100] {processor.py:161} INFO - Started process (PID=53050) to work on /home/ubuntu/.local/lib/python3.10/site-packages/airflow/example_dags/tutorial.py
[2024-02-08T01:13:43.195+0100] {processor.py:830} INFO - Processing file /home/ubuntu/.local/lib/python3.10/site-packages/airflow/example_dags/tutorial.py for tasks to queue
[2024-02-08T01:13:43.196+0100] {logging_mixin.py:188} INFO - [2024-02-08T01:13:43.195+0100] {dagbag.py:538} INFO - Filling up the DagBag from /home/ubuntu/.local/lib/python3.10/site-packages/airflow/example_dags/tutorial.py
[2024-02-08T01:13:43.227+0100] {processor.py:840} INFO - DAG(s) 'tutorial' retrieved from /home/ubuntu/.local/lib/python3.10/site-packages/airflow/example_dags/tutorial.py
[2024-02-08T01:13:43.430+0100] {logging_mixin.py:188} INFO - [2024-02-08T01:13:43.430+0100] {dag.py:3033} INFO - Sync 1 DAGs
[2024-02-08T01:13:43.617+0100] {logging_mixin.py:188} INFO - [2024-02-08T01:13:43.617+0100] {dag.py:3820} INFO - Setting next_dagrun for tutorial to 2024-02-07T00:00:00+00:00, run_after=2024-02-08T00:00:00+00:00
[2024-02-08T01:13:43.774+0100] {processor.py:183} INFO - Processing /home/ubuntu/.local/lib/python3.10/site-packages/airflow/example_dags/tutorial.py took 0.629 seconds
[2024-02-08T01:15:58.128+0100] {processor.py:161} INFO - Started process (PID=53513) to work on /home/ubuntu/.local/lib/python3.10/site-packages/airflow/example_dags/tutorial.py
[2024-02-08T01:15:58.131+0100] {processor.py:830} INFO - Processing file /home/ubuntu/.local/lib/python3.10/site-packages/airflow/example_dags/tutorial.py for tasks to queue
[2024-02-08T01:15:58.136+0100] {logging_mixin.py:188} INFO - [2024-02-08T01:15:58.134+0100] {dagbag.py:538} INFO - Filling up the DagBag from /home/ubuntu/.local/lib/python3.10/site-packages/airflow/example_dags/tutorial.py
[2024-02-08T01:15:58.154+0100] {processor.py:840} INFO - DAG(s) 'tutorial' retrieved from /home/ubuntu/.local/lib/python3.10/site-packages/airflow/example_dags/tutorial.py
[2024-02-08T01:15:58.205+0100] {logging_mixin.py:188} INFO - [2024-02-08T01:15:58.205+0100] {dag.py:3033} INFO - Sync 1 DAGs
[2024-02-08T01:15:58.330+0100] {logging_mixin.py:188} INFO - [2024-02-08T01:15:58.330+0100] {dag.py:3820} INFO - Setting next_dagrun for tutorial to 2024-02-07T00:00:00+00:00, run_after=2024-02-08T00:00:00+00:00
[2024-02-08T01:15:59.025+0100] {processor.py:183} INFO - Processing /home/ubuntu/.local/lib/python3.10/site-packages/airflow/example_dags/tutorial.py took 0.915 seconds
[2024-02-08T01:17:46.737+0100] {processor.py:161} INFO - Started process (PID=54041) to work on /home/ubuntu/.local/lib/python3.10/site-packages/airflow/example_dags/tutorial.py
[2024-02-08T01:17:46.766+0100] {processor.py:830} INFO - Processing file /home/ubuntu/.local/lib/python3.10/site-packages/airflow/example_dags/tutorial.py for tasks to queue
[2024-02-08T01:17:46.771+0100] {logging_mixin.py:188} INFO - [2024-02-08T01:17:46.770+0100] {dagbag.py:538} INFO - Filling up the DagBag from /home/ubuntu/.local/lib/python3.10/site-packages/airflow/example_dags/tutorial.py
[2024-02-08T01:17:46.837+0100] {processor.py:840} INFO - DAG(s) 'tutorial' retrieved from /home/ubuntu/.local/lib/python3.10/site-packages/airflow/example_dags/tutorial.py
[2024-02-08T01:17:47.127+0100] {logging_mixin.py:188} INFO - [2024-02-08T01:17:47.127+0100] {dag.py:3033} INFO - Sync 1 DAGs
[2024-02-08T01:17:47.235+0100] {logging_mixin.py:188} INFO - [2024-02-08T01:17:47.235+0100] {dag.py:3820} INFO - Setting next_dagrun for tutorial to 2024-02-07T00:00:00+00:00, run_after=2024-02-08T00:00:00+00:00
[2024-02-08T01:17:47.529+0100] {processor.py:183} INFO - Processing /home/ubuntu/.local/lib/python3.10/site-packages/airflow/example_dags/tutorial.py took 0.799 seconds
[2024-02-08T01:19:10.106+0100] {processor.py:161} INFO - Started process (PID=54325) to work on /home/ubuntu/.local/lib/python3.10/site-packages/airflow/example_dags/tutorial.py
[2024-02-08T01:19:10.119+0100] {processor.py:830} INFO - Processing file /home/ubuntu/.local/lib/python3.10/site-packages/airflow/example_dags/tutorial.py for tasks to queue
[2024-02-08T01:19:10.121+0100] {logging_mixin.py:188} INFO - [2024-02-08T01:19:10.120+0100] {dagbag.py:538} INFO - Filling up the DagBag from /home/ubuntu/.local/lib/python3.10/site-packages/airflow/example_dags/tutorial.py
[2024-02-08T01:19:10.151+0100] {processor.py:840} INFO - DAG(s) 'tutorial' retrieved from /home/ubuntu/.local/lib/python3.10/site-packages/airflow/example_dags/tutorial.py
[2024-02-08T01:19:10.265+0100] {logging_mixin.py:188} INFO - [2024-02-08T01:19:10.265+0100] {dag.py:3033} INFO - Sync 1 DAGs
[2024-02-08T01:19:10.443+0100] {logging_mixin.py:188} INFO - [2024-02-08T01:19:10.442+0100] {dag.py:3820} INFO - Setting next_dagrun for tutorial to 2024-02-07T00:00:00+00:00, run_after=2024-02-08T00:00:00+00:00
[2024-02-08T01:19:10.876+0100] {processor.py:183} INFO - Processing /home/ubuntu/.local/lib/python3.10/site-packages/airflow/example_dags/tutorial.py took 0.786 seconds
[2024-02-08T01:20:10.969+0100] {processor.py:161} INFO - Started process (PID=54463) to work on /home/ubuntu/.local/lib/python3.10/site-packages/airflow/example_dags/tutorial.py
[2024-02-08T01:20:10.993+0100] {processor.py:830} INFO - Processing file /home/ubuntu/.local/lib/python3.10/site-packages/airflow/example_dags/tutorial.py for tasks to queue
[2024-02-08T01:20:10.995+0100] {logging_mixin.py:188} INFO - [2024-02-08T01:20:10.994+0100] {dagbag.py:538} INFO - Filling up the DagBag from /home/ubuntu/.local/lib/python3.10/site-packages/airflow/example_dags/tutorial.py
[2024-02-08T01:20:11.011+0100] {processor.py:840} INFO - DAG(s) 'tutorial' retrieved from /home/ubuntu/.local/lib/python3.10/site-packages/airflow/example_dags/tutorial.py
[2024-02-08T01:20:11.042+0100] {logging_mixin.py:188} INFO - [2024-02-08T01:20:11.042+0100] {dag.py:3033} INFO - Sync 1 DAGs
[2024-02-08T01:20:11.155+0100] {logging_mixin.py:188} INFO - [2024-02-08T01:20:11.155+0100] {dag.py:3820} INFO - Setting next_dagrun for tutorial to 2024-02-07T00:00:00+00:00, run_after=2024-02-08T00:00:00+00:00
[2024-02-08T01:20:11.497+0100] {processor.py:183} INFO - Processing /home/ubuntu/.local/lib/python3.10/site-packages/airflow/example_dags/tutorial.py took 0.537 seconds
[2024-02-08T01:21:02.619+0100] {processor.py:161} INFO - Started process (PID=54577) to work on /home/ubuntu/.local/lib/python3.10/site-packages/airflow/example_dags/tutorial.py
[2024-02-08T01:21:02.634+0100] {processor.py:830} INFO - Processing file /home/ubuntu/.local/lib/python3.10/site-packages/airflow/example_dags/tutorial.py for tasks to queue
[2024-02-08T01:21:02.638+0100] {logging_mixin.py:188} INFO - [2024-02-08T01:21:02.636+0100] {dagbag.py:538} INFO - Filling up the DagBag from /home/ubuntu/.local/lib/python3.10/site-packages/airflow/example_dags/tutorial.py
[2024-02-08T01:21:02.665+0100] {processor.py:840} INFO - DAG(s) 'tutorial' retrieved from /home/ubuntu/.local/lib/python3.10/site-packages/airflow/example_dags/tutorial.py
[2024-02-08T01:21:02.724+0100] {logging_mixin.py:188} INFO - [2024-02-08T01:21:02.724+0100] {dag.py:3033} INFO - Sync 1 DAGs
[2024-02-08T01:21:02.882+0100] {logging_mixin.py:188} INFO - [2024-02-08T01:21:02.881+0100] {dag.py:3820} INFO - Setting next_dagrun for tutorial to 2024-02-07T00:00:00+00:00, run_after=2024-02-08T00:00:00+00:00
[2024-02-08T01:21:03.309+0100] {processor.py:183} INFO - Processing /home/ubuntu/.local/lib/python3.10/site-packages/airflow/example_dags/tutorial.py took 0.704 seconds
[2024-02-08T01:21:58.829+0100] {processor.py:161} INFO - Started process (PID=54671) to work on /home/ubuntu/.local/lib/python3.10/site-packages/airflow/example_dags/tutorial.py
[2024-02-08T01:21:58.852+0100] {processor.py:830} INFO - Processing file /home/ubuntu/.local/lib/python3.10/site-packages/airflow/example_dags/tutorial.py for tasks to queue
[2024-02-08T01:21:58.862+0100] {logging_mixin.py:188} INFO - [2024-02-08T01:21:58.861+0100] {dagbag.py:538} INFO - Filling up the DagBag from /home/ubuntu/.local/lib/python3.10/site-packages/airflow/example_dags/tutorial.py
[2024-02-08T01:21:58.891+0100] {processor.py:840} INFO - DAG(s) 'tutorial' retrieved from /home/ubuntu/.local/lib/python3.10/site-packages/airflow/example_dags/tutorial.py
[2024-02-08T01:21:58.938+0100] {logging_mixin.py:188} INFO - [2024-02-08T01:21:58.938+0100] {dag.py:3033} INFO - Sync 1 DAGs
[2024-02-08T01:21:58.986+0100] {logging_mixin.py:188} INFO - [2024-02-08T01:21:58.985+0100] {dag.py:3820} INFO - Setting next_dagrun for tutorial to 2024-02-07T00:00:00+00:00, run_after=2024-02-08T00:00:00+00:00
[2024-02-08T01:21:59.149+0100] {processor.py:183} INFO - Processing /home/ubuntu/.local/lib/python3.10/site-packages/airflow/example_dags/tutorial.py took 0.349 seconds
[2024-02-08T01:22:51.401+0100] {processor.py:161} INFO - Started process (PID=54861) to work on /home/ubuntu/.local/lib/python3.10/site-packages/airflow/example_dags/tutorial.py
[2024-02-08T01:22:51.404+0100] {processor.py:830} INFO - Processing file /home/ubuntu/.local/lib/python3.10/site-packages/airflow/example_dags/tutorial.py for tasks to queue
[2024-02-08T01:22:51.407+0100] {logging_mixin.py:188} INFO - [2024-02-08T01:22:51.406+0100] {dagbag.py:538} INFO - Filling up the DagBag from /home/ubuntu/.local/lib/python3.10/site-packages/airflow/example_dags/tutorial.py
[2024-02-08T01:22:51.440+0100] {processor.py:840} INFO - DAG(s) 'tutorial' retrieved from /home/ubuntu/.local/lib/python3.10/site-packages/airflow/example_dags/tutorial.py
[2024-02-08T01:22:51.476+0100] {logging_mixin.py:188} INFO - [2024-02-08T01:22:51.475+0100] {dag.py:3033} INFO - Sync 1 DAGs
[2024-02-08T01:22:51.529+0100] {logging_mixin.py:188} INFO - [2024-02-08T01:22:51.528+0100] {dag.py:3820} INFO - Setting next_dagrun for tutorial to 2024-02-07T00:00:00+00:00, run_after=2024-02-08T00:00:00+00:00
[2024-02-08T01:22:51.580+0100] {processor.py:183} INFO - Processing /home/ubuntu/.local/lib/python3.10/site-packages/airflow/example_dags/tutorial.py took 0.190 seconds
[2024-02-08T01:23:30.309+0100] {processor.py:161} INFO - Started process (PID=54927) to work on /home/ubuntu/.local/lib/python3.10/site-packages/airflow/example_dags/tutorial.py
[2024-02-08T01:23:30.312+0100] {processor.py:830} INFO - Processing file /home/ubuntu/.local/lib/python3.10/site-packages/airflow/example_dags/tutorial.py for tasks to queue
[2024-02-08T01:23:30.313+0100] {logging_mixin.py:188} INFO - [2024-02-08T01:23:30.313+0100] {dagbag.py:538} INFO - Filling up the DagBag from /home/ubuntu/.local/lib/python3.10/site-packages/airflow/example_dags/tutorial.py
[2024-02-08T01:23:30.322+0100] {processor.py:840} INFO - DAG(s) 'tutorial' retrieved from /home/ubuntu/.local/lib/python3.10/site-packages/airflow/example_dags/tutorial.py
[2024-02-08T01:23:30.350+0100] {logging_mixin.py:188} INFO - [2024-02-08T01:23:30.350+0100] {dag.py:3033} INFO - Sync 1 DAGs
[2024-02-08T01:23:30.379+0100] {logging_mixin.py:188} INFO - [2024-02-08T01:23:30.379+0100] {dag.py:3820} INFO - Setting next_dagrun for tutorial to 2024-02-07T00:00:00+00:00, run_after=2024-02-08T00:00:00+00:00
[2024-02-08T01:23:30.421+0100] {processor.py:183} INFO - Processing /home/ubuntu/.local/lib/python3.10/site-packages/airflow/example_dags/tutorial.py took 0.117 seconds
[2024-02-08T01:24:05.914+0100] {processor.py:161} INFO - Started process (PID=55000) to work on /home/ubuntu/.local/lib/python3.10/site-packages/airflow/example_dags/tutorial.py
[2024-02-08T01:24:05.917+0100] {processor.py:830} INFO - Processing file /home/ubuntu/.local/lib/python3.10/site-packages/airflow/example_dags/tutorial.py for tasks to queue
[2024-02-08T01:24:05.918+0100] {logging_mixin.py:188} INFO - [2024-02-08T01:24:05.918+0100] {dagbag.py:538} INFO - Filling up the DagBag from /home/ubuntu/.local/lib/python3.10/site-packages/airflow/example_dags/tutorial.py
[2024-02-08T01:24:05.931+0100] {processor.py:840} INFO - DAG(s) 'tutorial' retrieved from /home/ubuntu/.local/lib/python3.10/site-packages/airflow/example_dags/tutorial.py
[2024-02-08T01:24:05.954+0100] {logging_mixin.py:188} INFO - [2024-02-08T01:24:05.954+0100] {dag.py:3033} INFO - Sync 1 DAGs
[2024-02-08T01:24:05.984+0100] {logging_mixin.py:188} INFO - [2024-02-08T01:24:05.982+0100] {dag.py:3820} INFO - Setting next_dagrun for tutorial to 2024-02-07T00:00:00+00:00, run_after=2024-02-08T00:00:00+00:00
[2024-02-08T01:24:06.028+0100] {processor.py:183} INFO - Processing /home/ubuntu/.local/lib/python3.10/site-packages/airflow/example_dags/tutorial.py took 0.124 seconds
[2024-02-08T01:24:40.276+0100] {processor.py:161} INFO - Started process (PID=55059) to work on /home/ubuntu/.local/lib/python3.10/site-packages/airflow/example_dags/tutorial.py
[2024-02-08T01:24:40.289+0100] {processor.py:830} INFO - Processing file /home/ubuntu/.local/lib/python3.10/site-packages/airflow/example_dags/tutorial.py for tasks to queue
[2024-02-08T01:24:40.291+0100] {logging_mixin.py:188} INFO - [2024-02-08T01:24:40.290+0100] {dagbag.py:538} INFO - Filling up the DagBag from /home/ubuntu/.local/lib/python3.10/site-packages/airflow/example_dags/tutorial.py
[2024-02-08T01:24:40.306+0100] {processor.py:840} INFO - DAG(s) 'tutorial' retrieved from /home/ubuntu/.local/lib/python3.10/site-packages/airflow/example_dags/tutorial.py
[2024-02-08T01:24:40.341+0100] {logging_mixin.py:188} INFO - [2024-02-08T01:24:40.340+0100] {dag.py:3033} INFO - Sync 1 DAGs
[2024-02-08T01:24:40.380+0100] {logging_mixin.py:188} INFO - [2024-02-08T01:24:40.380+0100] {dag.py:3820} INFO - Setting next_dagrun for tutorial to 2024-02-07T00:00:00+00:00, run_after=2024-02-08T00:00:00+00:00
[2024-02-08T01:24:40.426+0100] {processor.py:183} INFO - Processing /home/ubuntu/.local/lib/python3.10/site-packages/airflow/example_dags/tutorial.py took 0.165 seconds
[2024-02-08T01:25:16.808+0100] {processor.py:161} INFO - Started process (PID=55129) to work on /home/ubuntu/.local/lib/python3.10/site-packages/airflow/example_dags/tutorial.py
[2024-02-08T01:25:16.820+0100] {processor.py:830} INFO - Processing file /home/ubuntu/.local/lib/python3.10/site-packages/airflow/example_dags/tutorial.py for tasks to queue
[2024-02-08T01:25:16.821+0100] {logging_mixin.py:188} INFO - [2024-02-08T01:25:16.821+0100] {dagbag.py:538} INFO - Filling up the DagBag from /home/ubuntu/.local/lib/python3.10/site-packages/airflow/example_dags/tutorial.py
[2024-02-08T01:25:16.894+0100] {processor.py:840} INFO - DAG(s) 'tutorial' retrieved from /home/ubuntu/.local/lib/python3.10/site-packages/airflow/example_dags/tutorial.py
[2024-02-08T01:25:16.969+0100] {logging_mixin.py:188} INFO - [2024-02-08T01:25:16.965+0100] {dag.py:3033} INFO - Sync 1 DAGs
[2024-02-08T01:25:17.108+0100] {logging_mixin.py:188} INFO - [2024-02-08T01:25:17.108+0100] {dag.py:3820} INFO - Setting next_dagrun for tutorial to 2024-02-07T00:00:00+00:00, run_after=2024-02-08T00:00:00+00:00
[2024-02-08T01:25:17.285+0100] {processor.py:183} INFO - Processing /home/ubuntu/.local/lib/python3.10/site-packages/airflow/example_dags/tutorial.py took 0.516 seconds
[2024-02-08T01:26:11.758+0100] {processor.py:161} INFO - Started process (PID=55214) to work on /home/ubuntu/.local/lib/python3.10/site-packages/airflow/example_dags/tutorial.py
[2024-02-08T01:26:11.760+0100] {processor.py:830} INFO - Processing file /home/ubuntu/.local/lib/python3.10/site-packages/airflow/example_dags/tutorial.py for tasks to queue
[2024-02-08T01:26:11.762+0100] {logging_mixin.py:188} INFO - [2024-02-08T01:26:11.761+0100] {dagbag.py:538} INFO - Filling up the DagBag from /home/ubuntu/.local/lib/python3.10/site-packages/airflow/example_dags/tutorial.py
[2024-02-08T01:26:11.779+0100] {processor.py:840} INFO - DAG(s) 'tutorial' retrieved from /home/ubuntu/.local/lib/python3.10/site-packages/airflow/example_dags/tutorial.py
[2024-02-08T01:26:11.807+0100] {logging_mixin.py:188} INFO - [2024-02-08T01:26:11.807+0100] {dag.py:3033} INFO - Sync 1 DAGs
[2024-02-08T01:26:11.830+0100] {logging_mixin.py:188} INFO - [2024-02-08T01:26:11.830+0100] {dag.py:3820} INFO - Setting next_dagrun for tutorial to 2024-02-07T00:00:00+00:00, run_after=2024-02-08T00:00:00+00:00
[2024-02-08T01:26:11.870+0100] {processor.py:183} INFO - Processing /home/ubuntu/.local/lib/python3.10/site-packages/airflow/example_dags/tutorial.py took 0.118 seconds
[2024-02-08T01:27:04.939+0100] {processor.py:161} INFO - Started process (PID=55320) to work on /home/ubuntu/.local/lib/python3.10/site-packages/airflow/example_dags/tutorial.py
[2024-02-08T01:27:04.961+0100] {processor.py:830} INFO - Processing file /home/ubuntu/.local/lib/python3.10/site-packages/airflow/example_dags/tutorial.py for tasks to queue
[2024-02-08T01:27:04.963+0100] {logging_mixin.py:188} INFO - [2024-02-08T01:27:04.963+0100] {dagbag.py:538} INFO - Filling up the DagBag from /home/ubuntu/.local/lib/python3.10/site-packages/airflow/example_dags/tutorial.py
[2024-02-08T01:27:05.053+0100] {processor.py:840} INFO - DAG(s) 'tutorial' retrieved from /home/ubuntu/.local/lib/python3.10/site-packages/airflow/example_dags/tutorial.py
[2024-02-08T01:27:05.112+0100] {logging_mixin.py:188} INFO - [2024-02-08T01:27:05.112+0100] {dag.py:3033} INFO - Sync 1 DAGs
[2024-02-08T01:27:05.213+0100] {logging_mixin.py:188} INFO - [2024-02-08T01:27:05.212+0100] {dag.py:3820} INFO - Setting next_dagrun for tutorial to 2024-02-07T00:00:00+00:00, run_after=2024-02-08T00:00:00+00:00
[2024-02-08T01:27:05.311+0100] {processor.py:183} INFO - Processing /home/ubuntu/.local/lib/python3.10/site-packages/airflow/example_dags/tutorial.py took 0.393 seconds
[2024-02-08T01:27:53.074+0100] {processor.py:161} INFO - Started process (PID=55407) to work on /home/ubuntu/.local/lib/python3.10/site-packages/airflow/example_dags/tutorial.py
[2024-02-08T01:27:53.128+0100] {processor.py:830} INFO - Processing file /home/ubuntu/.local/lib/python3.10/site-packages/airflow/example_dags/tutorial.py for tasks to queue
[2024-02-08T01:27:53.142+0100] {logging_mixin.py:188} INFO - [2024-02-08T01:27:53.142+0100] {dagbag.py:538} INFO - Filling up the DagBag from /home/ubuntu/.local/lib/python3.10/site-packages/airflow/example_dags/tutorial.py
[2024-02-08T01:27:53.166+0100] {processor.py:840} INFO - DAG(s) 'tutorial' retrieved from /home/ubuntu/.local/lib/python3.10/site-packages/airflow/example_dags/tutorial.py
[2024-02-08T01:27:53.219+0100] {logging_mixin.py:188} INFO - [2024-02-08T01:27:53.219+0100] {dag.py:3033} INFO - Sync 1 DAGs
[2024-02-08T01:27:53.279+0100] {logging_mixin.py:188} INFO - [2024-02-08T01:27:53.278+0100] {dag.py:3820} INFO - Setting next_dagrun for tutorial to 2024-02-07T00:00:00+00:00, run_after=2024-02-08T00:00:00+00:00
[2024-02-08T01:27:53.442+0100] {processor.py:183} INFO - Processing /home/ubuntu/.local/lib/python3.10/site-packages/airflow/example_dags/tutorial.py took 0.377 seconds
[2024-02-08T01:28:38.132+0100] {processor.py:161} INFO - Started process (PID=55483) to work on /home/ubuntu/.local/lib/python3.10/site-packages/airflow/example_dags/tutorial.py
[2024-02-08T01:28:38.220+0100] {processor.py:830} INFO - Processing file /home/ubuntu/.local/lib/python3.10/site-packages/airflow/example_dags/tutorial.py for tasks to queue
[2024-02-08T01:28:38.231+0100] {logging_mixin.py:188} INFO - [2024-02-08T01:28:38.229+0100] {dagbag.py:538} INFO - Filling up the DagBag from /home/ubuntu/.local/lib/python3.10/site-packages/airflow/example_dags/tutorial.py
[2024-02-08T01:28:38.256+0100] {processor.py:840} INFO - DAG(s) 'tutorial' retrieved from /home/ubuntu/.local/lib/python3.10/site-packages/airflow/example_dags/tutorial.py
[2024-02-08T01:28:38.322+0100] {logging_mixin.py:188} INFO - [2024-02-08T01:28:38.322+0100] {dag.py:3033} INFO - Sync 1 DAGs
[2024-02-08T01:28:38.441+0100] {logging_mixin.py:188} INFO - [2024-02-08T01:28:38.440+0100] {dag.py:3820} INFO - Setting next_dagrun for tutorial to 2024-02-07T00:00:00+00:00, run_after=2024-02-08T00:00:00+00:00
[2024-02-08T01:28:38.732+0100] {processor.py:183} INFO - Processing /home/ubuntu/.local/lib/python3.10/site-packages/airflow/example_dags/tutorial.py took 0.610 seconds
[2024-02-08T01:29:30.806+0100] {processor.py:161} INFO - Started process (PID=55583) to work on /home/ubuntu/.local/lib/python3.10/site-packages/airflow/example_dags/tutorial.py
[2024-02-08T01:29:30.860+0100] {processor.py:830} INFO - Processing file /home/ubuntu/.local/lib/python3.10/site-packages/airflow/example_dags/tutorial.py for tasks to queue
[2024-02-08T01:29:30.897+0100] {logging_mixin.py:188} INFO - [2024-02-08T01:29:30.869+0100] {dagbag.py:538} INFO - Filling up the DagBag from /home/ubuntu/.local/lib/python3.10/site-packages/airflow/example_dags/tutorial.py
[2024-02-08T01:29:31.021+0100] {processor.py:840} INFO - DAG(s) 'tutorial' retrieved from /home/ubuntu/.local/lib/python3.10/site-packages/airflow/example_dags/tutorial.py
[2024-02-08T01:29:31.083+0100] {logging_mixin.py:188} INFO - [2024-02-08T01:29:31.083+0100] {dag.py:3033} INFO - Sync 1 DAGs
[2024-02-08T01:29:31.188+0100] {logging_mixin.py:188} INFO - [2024-02-08T01:29:31.187+0100] {dag.py:3820} INFO - Setting next_dagrun for tutorial to 2024-02-07T00:00:00+00:00, run_after=2024-02-08T00:00:00+00:00
[2024-02-08T01:29:31.473+0100] {processor.py:183} INFO - Processing /home/ubuntu/.local/lib/python3.10/site-packages/airflow/example_dags/tutorial.py took 0.678 seconds
[2024-02-08T01:30:33.659+0100] {processor.py:161} INFO - Started process (PID=55701) to work on /home/ubuntu/.local/lib/python3.10/site-packages/airflow/example_dags/tutorial.py
[2024-02-08T01:30:33.700+0100] {processor.py:830} INFO - Processing file /home/ubuntu/.local/lib/python3.10/site-packages/airflow/example_dags/tutorial.py for tasks to queue
[2024-02-08T01:30:33.702+0100] {logging_mixin.py:188} INFO - [2024-02-08T01:30:33.701+0100] {dagbag.py:538} INFO - Filling up the DagBag from /home/ubuntu/.local/lib/python3.10/site-packages/airflow/example_dags/tutorial.py
[2024-02-08T01:30:33.733+0100] {processor.py:840} INFO - DAG(s) 'tutorial' retrieved from /home/ubuntu/.local/lib/python3.10/site-packages/airflow/example_dags/tutorial.py
[2024-02-08T01:30:33.818+0100] {logging_mixin.py:188} INFO - [2024-02-08T01:30:33.817+0100] {dag.py:3033} INFO - Sync 1 DAGs
[2024-02-08T01:30:33.855+0100] {logging_mixin.py:188} INFO - [2024-02-08T01:30:33.855+0100] {dag.py:3820} INFO - Setting next_dagrun for tutorial to 2024-02-07T00:00:00+00:00, run_after=2024-02-08T00:00:00+00:00
[2024-02-08T01:30:33.929+0100] {processor.py:183} INFO - Processing /home/ubuntu/.local/lib/python3.10/site-packages/airflow/example_dags/tutorial.py took 0.301 seconds
[2024-02-08T01:31:30.162+0100] {processor.py:161} INFO - Started process (PID=55803) to work on /home/ubuntu/.local/lib/python3.10/site-packages/airflow/example_dags/tutorial.py
[2024-02-08T01:31:30.203+0100] {processor.py:830} INFO - Processing file /home/ubuntu/.local/lib/python3.10/site-packages/airflow/example_dags/tutorial.py for tasks to queue
[2024-02-08T01:31:30.208+0100] {logging_mixin.py:188} INFO - [2024-02-08T01:31:30.208+0100] {dagbag.py:538} INFO - Filling up the DagBag from /home/ubuntu/.local/lib/python3.10/site-packages/airflow/example_dags/tutorial.py
[2024-02-08T01:31:30.240+0100] {processor.py:840} INFO - DAG(s) 'tutorial' retrieved from /home/ubuntu/.local/lib/python3.10/site-packages/airflow/example_dags/tutorial.py
[2024-02-08T01:31:30.286+0100] {logging_mixin.py:188} INFO - [2024-02-08T01:31:30.286+0100] {dag.py:3033} INFO - Sync 1 DAGs
[2024-02-08T01:31:30.356+0100] {logging_mixin.py:188} INFO - [2024-02-08T01:31:30.356+0100] {dag.py:3820} INFO - Setting next_dagrun for tutorial to 2024-02-07T00:00:00+00:00, run_after=2024-02-08T00:00:00+00:00
[2024-02-08T01:31:30.612+0100] {processor.py:183} INFO - Processing /home/ubuntu/.local/lib/python3.10/site-packages/airflow/example_dags/tutorial.py took 0.482 seconds
[2024-02-08T01:32:36.593+0100] {processor.py:161} INFO - Started process (PID=55911) to work on /home/ubuntu/.local/lib/python3.10/site-packages/airflow/example_dags/tutorial.py
[2024-02-08T01:32:36.603+0100] {processor.py:830} INFO - Processing file /home/ubuntu/.local/lib/python3.10/site-packages/airflow/example_dags/tutorial.py for tasks to queue
[2024-02-08T01:32:36.607+0100] {logging_mixin.py:188} INFO - [2024-02-08T01:32:36.605+0100] {dagbag.py:538} INFO - Filling up the DagBag from /home/ubuntu/.local/lib/python3.10/site-packages/airflow/example_dags/tutorial.py
[2024-02-08T01:32:36.727+0100] {processor.py:840} INFO - DAG(s) 'tutorial' retrieved from /home/ubuntu/.local/lib/python3.10/site-packages/airflow/example_dags/tutorial.py
[2024-02-08T01:32:36.796+0100] {logging_mixin.py:188} INFO - [2024-02-08T01:32:36.792+0100] {dag.py:3033} INFO - Sync 1 DAGs
[2024-02-08T01:32:36.948+0100] {logging_mixin.py:188} INFO - [2024-02-08T01:32:36.948+0100] {dag.py:3820} INFO - Setting next_dagrun for tutorial to 2024-02-07T00:00:00+00:00, run_after=2024-02-08T00:00:00+00:00
[2024-02-08T01:32:37.237+0100] {processor.py:183} INFO - Processing /home/ubuntu/.local/lib/python3.10/site-packages/airflow/example_dags/tutorial.py took 0.671 seconds
[2024-02-08T01:33:44.025+0100] {processor.py:161} INFO - Started process (PID=56022) to work on /home/ubuntu/.local/lib/python3.10/site-packages/airflow/example_dags/tutorial.py
[2024-02-08T01:33:44.057+0100] {processor.py:830} INFO - Processing file /home/ubuntu/.local/lib/python3.10/site-packages/airflow/example_dags/tutorial.py for tasks to queue
[2024-02-08T01:33:44.059+0100] {logging_mixin.py:188} INFO - [2024-02-08T01:33:44.058+0100] {dagbag.py:538} INFO - Filling up the DagBag from /home/ubuntu/.local/lib/python3.10/site-packages/airflow/example_dags/tutorial.py
[2024-02-08T01:33:44.078+0100] {processor.py:840} INFO - DAG(s) 'tutorial' retrieved from /home/ubuntu/.local/lib/python3.10/site-packages/airflow/example_dags/tutorial.py
[2024-02-08T01:33:44.156+0100] {logging_mixin.py:188} INFO - [2024-02-08T01:33:44.155+0100] {dag.py:3033} INFO - Sync 1 DAGs
[2024-02-08T01:33:44.265+0100] {logging_mixin.py:188} INFO - [2024-02-08T01:33:44.265+0100] {dag.py:3820} INFO - Setting next_dagrun for tutorial to 2024-02-07T00:00:00+00:00, run_after=2024-02-08T00:00:00+00:00
[2024-02-08T01:33:44.481+0100] {processor.py:183} INFO - Processing /home/ubuntu/.local/lib/python3.10/site-packages/airflow/example_dags/tutorial.py took 0.470 seconds
[2024-02-08T01:35:46.311+0100] {processor.py:161} INFO - Started process (PID=56200) to work on /home/ubuntu/.local/lib/python3.10/site-packages/airflow/example_dags/tutorial.py
[2024-02-08T01:35:46.326+0100] {processor.py:830} INFO - Processing file /home/ubuntu/.local/lib/python3.10/site-packages/airflow/example_dags/tutorial.py for tasks to queue
[2024-02-08T01:35:46.327+0100] {logging_mixin.py:188} INFO - [2024-02-08T01:35:46.327+0100] {dagbag.py:538} INFO - Filling up the DagBag from /home/ubuntu/.local/lib/python3.10/site-packages/airflow/example_dags/tutorial.py
[2024-02-08T01:35:46.391+0100] {processor.py:840} INFO - DAG(s) 'tutorial' retrieved from /home/ubuntu/.local/lib/python3.10/site-packages/airflow/example_dags/tutorial.py
[2024-02-08T01:35:46.457+0100] {logging_mixin.py:188} INFO - [2024-02-08T01:35:46.457+0100] {dag.py:3033} INFO - Sync 1 DAGs
[2024-02-08T01:35:46.615+0100] {logging_mixin.py:188} INFO - [2024-02-08T01:35:46.615+0100] {dag.py:3820} INFO - Setting next_dagrun for tutorial to 2024-02-07T00:00:00+00:00, run_after=2024-02-08T00:00:00+00:00
[2024-02-08T01:35:46.921+0100] {processor.py:183} INFO - Processing /home/ubuntu/.local/lib/python3.10/site-packages/airflow/example_dags/tutorial.py took 0.647 seconds
[2024-02-08T01:37:04.714+0100] {processor.py:161} INFO - Started process (PID=56325) to work on /home/ubuntu/.local/lib/python3.10/site-packages/airflow/example_dags/tutorial.py
[2024-02-08T01:37:04.717+0100] {processor.py:830} INFO - Processing file /home/ubuntu/.local/lib/python3.10/site-packages/airflow/example_dags/tutorial.py for tasks to queue
[2024-02-08T01:37:04.719+0100] {logging_mixin.py:188} INFO - [2024-02-08T01:37:04.718+0100] {dagbag.py:538} INFO - Filling up the DagBag from /home/ubuntu/.local/lib/python3.10/site-packages/airflow/example_dags/tutorial.py
[2024-02-08T01:37:04.769+0100] {processor.py:840} INFO - DAG(s) 'tutorial' retrieved from /home/ubuntu/.local/lib/python3.10/site-packages/airflow/example_dags/tutorial.py
[2024-02-08T01:37:04.851+0100] {logging_mixin.py:188} INFO - [2024-02-08T01:37:04.851+0100] {dag.py:3033} INFO - Sync 1 DAGs
[2024-02-08T01:37:04.976+0100] {logging_mixin.py:188} INFO - [2024-02-08T01:37:04.975+0100] {dag.py:3820} INFO - Setting next_dagrun for tutorial to 2024-02-07T00:00:00+00:00, run_after=2024-02-08T00:00:00+00:00
[2024-02-08T01:37:05.346+0100] {processor.py:183} INFO - Processing /home/ubuntu/.local/lib/python3.10/site-packages/airflow/example_dags/tutorial.py took 0.646 seconds
[2024-02-08T01:38:10.103+0100] {processor.py:161} INFO - Started process (PID=56435) to work on /home/ubuntu/.local/lib/python3.10/site-packages/airflow/example_dags/tutorial.py
[2024-02-08T01:38:10.116+0100] {processor.py:830} INFO - Processing file /home/ubuntu/.local/lib/python3.10/site-packages/airflow/example_dags/tutorial.py for tasks to queue
[2024-02-08T01:38:10.118+0100] {logging_mixin.py:188} INFO - [2024-02-08T01:38:10.117+0100] {dagbag.py:538} INFO - Filling up the DagBag from /home/ubuntu/.local/lib/python3.10/site-packages/airflow/example_dags/tutorial.py
[2024-02-08T01:38:10.131+0100] {processor.py:840} INFO - DAG(s) 'tutorial' retrieved from /home/ubuntu/.local/lib/python3.10/site-packages/airflow/example_dags/tutorial.py
[2024-02-08T01:38:10.159+0100] {logging_mixin.py:188} INFO - [2024-02-08T01:38:10.158+0100] {dag.py:3033} INFO - Sync 1 DAGs
[2024-02-08T01:38:10.214+0100] {logging_mixin.py:188} INFO - [2024-02-08T01:38:10.214+0100] {dag.py:3820} INFO - Setting next_dagrun for tutorial to 2024-02-07T00:00:00+00:00, run_after=2024-02-08T00:00:00+00:00
[2024-02-08T01:38:10.258+0100] {processor.py:183} INFO - Processing /home/ubuntu/.local/lib/python3.10/site-packages/airflow/example_dags/tutorial.py took 0.160 seconds
[2024-02-08T01:38:57.880+0100] {processor.py:161} INFO - Started process (PID=56531) to work on /home/ubuntu/.local/lib/python3.10/site-packages/airflow/example_dags/tutorial.py
[2024-02-08T01:38:57.892+0100] {processor.py:830} INFO - Processing file /home/ubuntu/.local/lib/python3.10/site-packages/airflow/example_dags/tutorial.py for tasks to queue
[2024-02-08T01:38:57.894+0100] {logging_mixin.py:188} INFO - [2024-02-08T01:38:57.893+0100] {dagbag.py:538} INFO - Filling up the DagBag from /home/ubuntu/.local/lib/python3.10/site-packages/airflow/example_dags/tutorial.py
[2024-02-08T01:38:57.921+0100] {processor.py:840} INFO - DAG(s) 'tutorial' retrieved from /home/ubuntu/.local/lib/python3.10/site-packages/airflow/example_dags/tutorial.py
[2024-02-08T01:38:58.003+0100] {logging_mixin.py:188} INFO - [2024-02-08T01:38:58.003+0100] {dag.py:3033} INFO - Sync 1 DAGs
[2024-02-08T01:38:58.104+0100] {logging_mixin.py:188} INFO - [2024-02-08T01:38:58.104+0100] {dag.py:3820} INFO - Setting next_dagrun for tutorial to 2024-02-07T00:00:00+00:00, run_after=2024-02-08T00:00:00+00:00
[2024-02-08T01:38:58.283+0100] {processor.py:183} INFO - Processing /home/ubuntu/.local/lib/python3.10/site-packages/airflow/example_dags/tutorial.py took 0.414 seconds
[2024-02-08T01:40:08.481+0100] {processor.py:161} INFO - Started process (PID=56664) to work on /home/ubuntu/.local/lib/python3.10/site-packages/airflow/example_dags/tutorial.py
[2024-02-08T01:40:08.510+0100] {processor.py:830} INFO - Processing file /home/ubuntu/.local/lib/python3.10/site-packages/airflow/example_dags/tutorial.py for tasks to queue
[2024-02-08T01:40:08.515+0100] {logging_mixin.py:188} INFO - [2024-02-08T01:40:08.514+0100] {dagbag.py:538} INFO - Filling up the DagBag from /home/ubuntu/.local/lib/python3.10/site-packages/airflow/example_dags/tutorial.py
[2024-02-08T01:40:08.533+0100] {processor.py:840} INFO - DAG(s) 'tutorial' retrieved from /home/ubuntu/.local/lib/python3.10/site-packages/airflow/example_dags/tutorial.py
[2024-02-08T01:40:08.569+0100] {logging_mixin.py:188} INFO - [2024-02-08T01:40:08.568+0100] {dag.py:3033} INFO - Sync 1 DAGs
[2024-02-08T01:40:08.677+0100] {logging_mixin.py:188} INFO - [2024-02-08T01:40:08.677+0100] {dag.py:3820} INFO - Setting next_dagrun for tutorial to 2024-02-07T00:00:00+00:00, run_after=2024-02-08T00:00:00+00:00
[2024-02-08T01:40:08.864+0100] {processor.py:183} INFO - Processing /home/ubuntu/.local/lib/python3.10/site-packages/airflow/example_dags/tutorial.py took 0.425 seconds
[2024-02-08T01:41:24.878+0100] {processor.py:161} INFO - Started process (PID=56815) to work on /home/ubuntu/.local/lib/python3.10/site-packages/airflow/example_dags/tutorial.py
[2024-02-08T01:41:24.881+0100] {processor.py:830} INFO - Processing file /home/ubuntu/.local/lib/python3.10/site-packages/airflow/example_dags/tutorial.py for tasks to queue
[2024-02-08T01:41:24.882+0100] {logging_mixin.py:188} INFO - [2024-02-08T01:41:24.882+0100] {dagbag.py:538} INFO - Filling up the DagBag from /home/ubuntu/.local/lib/python3.10/site-packages/airflow/example_dags/tutorial.py
[2024-02-08T01:41:24.894+0100] {processor.py:840} INFO - DAG(s) 'tutorial' retrieved from /home/ubuntu/.local/lib/python3.10/site-packages/airflow/example_dags/tutorial.py
[2024-02-08T01:41:24.921+0100] {logging_mixin.py:188} INFO - [2024-02-08T01:41:24.921+0100] {dag.py:3033} INFO - Sync 1 DAGs
[2024-02-08T01:41:24.959+0100] {logging_mixin.py:188} INFO - [2024-02-08T01:41:24.959+0100] {dag.py:3820} INFO - Setting next_dagrun for tutorial to 2024-02-07T00:00:00+00:00, run_after=2024-02-08T00:00:00+00:00
[2024-02-08T01:41:25.025+0100] {processor.py:183} INFO - Processing /home/ubuntu/.local/lib/python3.10/site-packages/airflow/example_dags/tutorial.py took 0.152 seconds
[2024-02-08T01:42:06.957+0100] {processor.py:161} INFO - Started process (PID=56887) to work on /home/ubuntu/.local/lib/python3.10/site-packages/airflow/example_dags/tutorial.py
[2024-02-08T01:42:06.961+0100] {processor.py:830} INFO - Processing file /home/ubuntu/.local/lib/python3.10/site-packages/airflow/example_dags/tutorial.py for tasks to queue
[2024-02-08T01:42:06.963+0100] {logging_mixin.py:188} INFO - [2024-02-08T01:42:06.962+0100] {dagbag.py:538} INFO - Filling up the DagBag from /home/ubuntu/.local/lib/python3.10/site-packages/airflow/example_dags/tutorial.py
[2024-02-08T01:42:07.022+0100] {processor.py:840} INFO - DAG(s) 'tutorial' retrieved from /home/ubuntu/.local/lib/python3.10/site-packages/airflow/example_dags/tutorial.py
[2024-02-08T01:42:07.095+0100] {logging_mixin.py:188} INFO - [2024-02-08T01:42:07.095+0100] {dag.py:3033} INFO - Sync 1 DAGs
[2024-02-08T01:42:07.206+0100] {logging_mixin.py:188} INFO - [2024-02-08T01:42:07.206+0100] {dag.py:3820} INFO - Setting next_dagrun for tutorial to 2024-02-07T00:00:00+00:00, run_after=2024-02-08T00:00:00+00:00
[2024-02-08T01:42:07.241+0100] {processor.py:183} INFO - Processing /home/ubuntu/.local/lib/python3.10/site-packages/airflow/example_dags/tutorial.py took 0.293 seconds
[2024-02-08T01:42:50.103+0100] {processor.py:161} INFO - Started process (PID=56982) to work on /home/ubuntu/.local/lib/python3.10/site-packages/airflow/example_dags/tutorial.py
[2024-02-08T01:42:50.105+0100] {processor.py:830} INFO - Processing file /home/ubuntu/.local/lib/python3.10/site-packages/airflow/example_dags/tutorial.py for tasks to queue
[2024-02-08T01:42:50.106+0100] {logging_mixin.py:188} INFO - [2024-02-08T01:42:50.106+0100] {dagbag.py:538} INFO - Filling up the DagBag from /home/ubuntu/.local/lib/python3.10/site-packages/airflow/example_dags/tutorial.py
[2024-02-08T01:42:50.115+0100] {processor.py:840} INFO - DAG(s) 'tutorial' retrieved from /home/ubuntu/.local/lib/python3.10/site-packages/airflow/example_dags/tutorial.py
[2024-02-08T01:42:50.137+0100] {logging_mixin.py:188} INFO - [2024-02-08T01:42:50.137+0100] {dag.py:3033} INFO - Sync 1 DAGs
[2024-02-08T01:42:50.160+0100] {logging_mixin.py:188} INFO - [2024-02-08T01:42:50.159+0100] {dag.py:3820} INFO - Setting next_dagrun for tutorial to 2024-02-07T00:00:00+00:00, run_after=2024-02-08T00:00:00+00:00
[2024-02-08T01:42:50.190+0100] {processor.py:183} INFO - Processing /home/ubuntu/.local/lib/python3.10/site-packages/airflow/example_dags/tutorial.py took 0.091 seconds
[2024-02-08T01:43:34.786+0100] {processor.py:161} INFO - Started process (PID=57072) to work on /home/ubuntu/.local/lib/python3.10/site-packages/airflow/example_dags/tutorial.py
[2024-02-08T01:43:34.806+0100] {processor.py:830} INFO - Processing file /home/ubuntu/.local/lib/python3.10/site-packages/airflow/example_dags/tutorial.py for tasks to queue
[2024-02-08T01:43:34.807+0100] {logging_mixin.py:188} INFO - [2024-02-08T01:43:34.806+0100] {dagbag.py:538} INFO - Filling up the DagBag from /home/ubuntu/.local/lib/python3.10/site-packages/airflow/example_dags/tutorial.py
[2024-02-08T01:43:34.856+0100] {processor.py:840} INFO - DAG(s) 'tutorial' retrieved from /home/ubuntu/.local/lib/python3.10/site-packages/airflow/example_dags/tutorial.py
[2024-02-08T01:43:34.949+0100] {logging_mixin.py:188} INFO - [2024-02-08T01:43:34.944+0100] {dag.py:3033} INFO - Sync 1 DAGs
[2024-02-08T01:43:35.045+0100] {logging_mixin.py:188} INFO - [2024-02-08T01:43:35.044+0100] {dag.py:3820} INFO - Setting next_dagrun for tutorial to 2024-02-07T00:00:00+00:00, run_after=2024-02-08T00:00:00+00:00
[2024-02-08T01:43:35.167+0100] {processor.py:183} INFO - Processing /home/ubuntu/.local/lib/python3.10/site-packages/airflow/example_dags/tutorial.py took 0.393 seconds
[2024-02-08T01:44:13.649+0100] {processor.py:161} INFO - Started process (PID=57140) to work on /home/ubuntu/.local/lib/python3.10/site-packages/airflow/example_dags/tutorial.py
[2024-02-08T01:44:13.653+0100] {processor.py:830} INFO - Processing file /home/ubuntu/.local/lib/python3.10/site-packages/airflow/example_dags/tutorial.py for tasks to queue
[2024-02-08T01:44:13.654+0100] {logging_mixin.py:188} INFO - [2024-02-08T01:44:13.654+0100] {dagbag.py:538} INFO - Filling up the DagBag from /home/ubuntu/.local/lib/python3.10/site-packages/airflow/example_dags/tutorial.py
[2024-02-08T01:44:13.666+0100] {processor.py:840} INFO - DAG(s) 'tutorial' retrieved from /home/ubuntu/.local/lib/python3.10/site-packages/airflow/example_dags/tutorial.py
[2024-02-08T01:44:13.687+0100] {logging_mixin.py:188} INFO - [2024-02-08T01:44:13.687+0100] {dag.py:3033} INFO - Sync 1 DAGs
[2024-02-08T01:44:13.719+0100] {logging_mixin.py:188} INFO - [2024-02-08T01:44:13.719+0100] {dag.py:3820} INFO - Setting next_dagrun for tutorial to 2024-02-07T00:00:00+00:00, run_after=2024-02-08T00:00:00+00:00
[2024-02-08T01:44:13.759+0100] {processor.py:183} INFO - Processing /home/ubuntu/.local/lib/python3.10/site-packages/airflow/example_dags/tutorial.py took 0.115 seconds
[2024-02-08T01:45:16.922+0100] {processor.py:161} INFO - Started process (PID=57267) to work on /home/ubuntu/.local/lib/python3.10/site-packages/airflow/example_dags/tutorial.py
[2024-02-08T01:45:16.953+0100] {processor.py:830} INFO - Processing file /home/ubuntu/.local/lib/python3.10/site-packages/airflow/example_dags/tutorial.py for tasks to queue
[2024-02-08T01:45:16.955+0100] {logging_mixin.py:188} INFO - [2024-02-08T01:45:16.954+0100] {dagbag.py:538} INFO - Filling up the DagBag from /home/ubuntu/.local/lib/python3.10/site-packages/airflow/example_dags/tutorial.py
[2024-02-08T01:45:17.015+0100] {processor.py:840} INFO - DAG(s) 'tutorial' retrieved from /home/ubuntu/.local/lib/python3.10/site-packages/airflow/example_dags/tutorial.py
[2024-02-08T01:45:17.119+0100] {logging_mixin.py:188} INFO - [2024-02-08T01:45:17.119+0100] {dag.py:3033} INFO - Sync 1 DAGs
[2024-02-08T01:45:17.159+0100] {logging_mixin.py:188} INFO - [2024-02-08T01:45:17.159+0100] {dag.py:3820} INFO - Setting next_dagrun for tutorial to 2024-02-07T00:00:00+00:00, run_after=2024-02-08T00:00:00+00:00
[2024-02-08T01:45:17.213+0100] {processor.py:183} INFO - Processing /home/ubuntu/.local/lib/python3.10/site-packages/airflow/example_dags/tutorial.py took 0.303 seconds
[2024-02-08T01:46:17.199+0100] {processor.py:161} INFO - Started process (PID=57385) to work on /home/ubuntu/.local/lib/python3.10/site-packages/airflow/example_dags/tutorial.py
[2024-02-08T01:46:17.201+0100] {processor.py:830} INFO - Processing file /home/ubuntu/.local/lib/python3.10/site-packages/airflow/example_dags/tutorial.py for tasks to queue
[2024-02-08T01:46:17.202+0100] {logging_mixin.py:188} INFO - [2024-02-08T01:46:17.202+0100] {dagbag.py:538} INFO - Filling up the DagBag from /home/ubuntu/.local/lib/python3.10/site-packages/airflow/example_dags/tutorial.py
[2024-02-08T01:46:17.211+0100] {processor.py:840} INFO - DAG(s) 'tutorial' retrieved from /home/ubuntu/.local/lib/python3.10/site-packages/airflow/example_dags/tutorial.py
[2024-02-08T01:46:17.234+0100] {logging_mixin.py:188} INFO - [2024-02-08T01:46:17.234+0100] {dag.py:3033} INFO - Sync 1 DAGs
[2024-02-08T01:46:17.261+0100] {logging_mixin.py:188} INFO - [2024-02-08T01:46:17.261+0100] {dag.py:3820} INFO - Setting next_dagrun for tutorial to 2024-02-07T00:00:00+00:00, run_after=2024-02-08T00:00:00+00:00
[2024-02-08T01:46:17.534+0100] {processor.py:183} INFO - Processing /home/ubuntu/.local/lib/python3.10/site-packages/airflow/example_dags/tutorial.py took 0.339 seconds
[2024-02-08T01:46:51.342+0100] {processor.py:161} INFO - Started process (PID=57454) to work on /home/ubuntu/.local/lib/python3.10/site-packages/airflow/example_dags/tutorial.py
[2024-02-08T01:46:51.344+0100] {processor.py:830} INFO - Processing file /home/ubuntu/.local/lib/python3.10/site-packages/airflow/example_dags/tutorial.py for tasks to queue
[2024-02-08T01:46:51.345+0100] {logging_mixin.py:188} INFO - [2024-02-08T01:46:51.345+0100] {dagbag.py:538} INFO - Filling up the DagBag from /home/ubuntu/.local/lib/python3.10/site-packages/airflow/example_dags/tutorial.py
[2024-02-08T01:46:51.356+0100] {processor.py:840} INFO - DAG(s) 'tutorial' retrieved from /home/ubuntu/.local/lib/python3.10/site-packages/airflow/example_dags/tutorial.py
[2024-02-08T01:46:51.375+0100] {logging_mixin.py:188} INFO - [2024-02-08T01:46:51.375+0100] {dag.py:3033} INFO - Sync 1 DAGs
[2024-02-08T01:46:51.396+0100] {logging_mixin.py:188} INFO - [2024-02-08T01:46:51.396+0100] {dag.py:3820} INFO - Setting next_dagrun for tutorial to 2024-02-07T00:00:00+00:00, run_after=2024-02-08T00:00:00+00:00
[2024-02-08T01:46:51.426+0100] {processor.py:183} INFO - Processing /home/ubuntu/.local/lib/python3.10/site-packages/airflow/example_dags/tutorial.py took 0.087 seconds
[2024-02-08T01:47:29.752+0100] {processor.py:161} INFO - Started process (PID=57532) to work on /home/ubuntu/.local/lib/python3.10/site-packages/airflow/example_dags/tutorial.py
[2024-02-08T01:47:29.789+0100] {processor.py:830} INFO - Processing file /home/ubuntu/.local/lib/python3.10/site-packages/airflow/example_dags/tutorial.py for tasks to queue
[2024-02-08T01:47:29.794+0100] {logging_mixin.py:188} INFO - [2024-02-08T01:47:29.793+0100] {dagbag.py:538} INFO - Filling up the DagBag from /home/ubuntu/.local/lib/python3.10/site-packages/airflow/example_dags/tutorial.py
[2024-02-08T01:47:29.829+0100] {processor.py:840} INFO - DAG(s) 'tutorial' retrieved from /home/ubuntu/.local/lib/python3.10/site-packages/airflow/example_dags/tutorial.py
[2024-02-08T01:47:29.930+0100] {logging_mixin.py:188} INFO - [2024-02-08T01:47:29.930+0100] {dag.py:3033} INFO - Sync 1 DAGs
[2024-02-08T01:47:30.015+0100] {logging_mixin.py:188} INFO - [2024-02-08T01:47:30.015+0100] {dag.py:3820} INFO - Setting next_dagrun for tutorial to 2024-02-07T00:00:00+00:00, run_after=2024-02-08T00:00:00+00:00
[2024-02-08T01:47:30.242+0100] {processor.py:183} INFO - Processing /home/ubuntu/.local/lib/python3.10/site-packages/airflow/example_dags/tutorial.py took 0.498 seconds
[2024-02-08T01:48:17.432+0100] {processor.py:161} INFO - Started process (PID=57639) to work on /home/ubuntu/.local/lib/python3.10/site-packages/airflow/example_dags/tutorial.py
[2024-02-08T01:48:17.446+0100] {processor.py:830} INFO - Processing file /home/ubuntu/.local/lib/python3.10/site-packages/airflow/example_dags/tutorial.py for tasks to queue
[2024-02-08T01:48:17.448+0100] {logging_mixin.py:188} INFO - [2024-02-08T01:48:17.447+0100] {dagbag.py:538} INFO - Filling up the DagBag from /home/ubuntu/.local/lib/python3.10/site-packages/airflow/example_dags/tutorial.py
[2024-02-08T01:48:17.459+0100] {processor.py:840} INFO - DAG(s) 'tutorial' retrieved from /home/ubuntu/.local/lib/python3.10/site-packages/airflow/example_dags/tutorial.py
[2024-02-08T01:48:17.486+0100] {logging_mixin.py:188} INFO - [2024-02-08T01:48:17.486+0100] {dag.py:3033} INFO - Sync 1 DAGs
[2024-02-08T01:48:17.562+0100] {logging_mixin.py:188} INFO - [2024-02-08T01:48:17.562+0100] {dag.py:3820} INFO - Setting next_dagrun for tutorial to 2024-02-07T00:00:00+00:00, run_after=2024-02-08T00:00:00+00:00
[2024-02-08T01:48:17.604+0100] {processor.py:183} INFO - Processing /home/ubuntu/.local/lib/python3.10/site-packages/airflow/example_dags/tutorial.py took 0.176 seconds
[2024-02-08T01:49:11.235+0100] {processor.py:161} INFO - Started process (PID=57746) to work on /home/ubuntu/.local/lib/python3.10/site-packages/airflow/example_dags/tutorial.py
[2024-02-08T01:49:11.263+0100] {processor.py:830} INFO - Processing file /home/ubuntu/.local/lib/python3.10/site-packages/airflow/example_dags/tutorial.py for tasks to queue
[2024-02-08T01:49:11.264+0100] {logging_mixin.py:188} INFO - [2024-02-08T01:49:11.263+0100] {dagbag.py:538} INFO - Filling up the DagBag from /home/ubuntu/.local/lib/python3.10/site-packages/airflow/example_dags/tutorial.py
[2024-02-08T01:49:11.426+0100] {processor.py:840} INFO - DAG(s) 'tutorial' retrieved from /home/ubuntu/.local/lib/python3.10/site-packages/airflow/example_dags/tutorial.py
[2024-02-08T01:49:11.493+0100] {logging_mixin.py:188} INFO - [2024-02-08T01:49:11.492+0100] {dag.py:3033} INFO - Sync 1 DAGs
[2024-02-08T01:49:11.603+0100] {logging_mixin.py:188} INFO - [2024-02-08T01:49:11.602+0100] {dag.py:3820} INFO - Setting next_dagrun for tutorial to 2024-02-07T00:00:00+00:00, run_after=2024-02-08T00:00:00+00:00
[2024-02-08T01:49:11.794+0100] {processor.py:183} INFO - Processing /home/ubuntu/.local/lib/python3.10/site-packages/airflow/example_dags/tutorial.py took 0.591 seconds
[2024-02-08T01:50:14.597+0100] {processor.py:161} INFO - Started process (PID=57869) to work on /home/ubuntu/.local/lib/python3.10/site-packages/airflow/example_dags/tutorial.py
[2024-02-08T01:50:14.625+0100] {processor.py:830} INFO - Processing file /home/ubuntu/.local/lib/python3.10/site-packages/airflow/example_dags/tutorial.py for tasks to queue
[2024-02-08T01:50:14.630+0100] {logging_mixin.py:188} INFO - [2024-02-08T01:50:14.629+0100] {dagbag.py:538} INFO - Filling up the DagBag from /home/ubuntu/.local/lib/python3.10/site-packages/airflow/example_dags/tutorial.py
[2024-02-08T01:50:14.662+0100] {processor.py:840} INFO - DAG(s) 'tutorial' retrieved from /home/ubuntu/.local/lib/python3.10/site-packages/airflow/example_dags/tutorial.py
[2024-02-08T01:50:14.685+0100] {logging_mixin.py:188} INFO - [2024-02-08T01:50:14.685+0100] {dag.py:3033} INFO - Sync 1 DAGs
[2024-02-08T01:50:14.712+0100] {logging_mixin.py:188} INFO - [2024-02-08T01:50:14.711+0100] {dag.py:3820} INFO - Setting next_dagrun for tutorial to 2024-02-07T00:00:00+00:00, run_after=2024-02-08T00:00:00+00:00
[2024-02-08T01:50:14.745+0100] {processor.py:183} INFO - Processing /home/ubuntu/.local/lib/python3.10/site-packages/airflow/example_dags/tutorial.py took 0.152 seconds
[2024-02-08T01:51:04.979+0100] {processor.py:161} INFO - Started process (PID=57978) to work on /home/ubuntu/.local/lib/python3.10/site-packages/airflow/example_dags/tutorial.py
[2024-02-08T01:51:04.981+0100] {processor.py:830} INFO - Processing file /home/ubuntu/.local/lib/python3.10/site-packages/airflow/example_dags/tutorial.py for tasks to queue
[2024-02-08T01:51:04.983+0100] {logging_mixin.py:188} INFO - [2024-02-08T01:51:04.982+0100] {dagbag.py:538} INFO - Filling up the DagBag from /home/ubuntu/.local/lib/python3.10/site-packages/airflow/example_dags/tutorial.py
[2024-02-08T01:51:04.992+0100] {processor.py:840} INFO - DAG(s) 'tutorial' retrieved from /home/ubuntu/.local/lib/python3.10/site-packages/airflow/example_dags/tutorial.py
[2024-02-08T01:51:05.014+0100] {logging_mixin.py:188} INFO - [2024-02-08T01:51:05.014+0100] {dag.py:3033} INFO - Sync 1 DAGs
[2024-02-08T01:51:05.043+0100] {logging_mixin.py:188} INFO - [2024-02-08T01:51:05.043+0100] {dag.py:3820} INFO - Setting next_dagrun for tutorial to 2024-02-07T00:00:00+00:00, run_after=2024-02-08T00:00:00+00:00
[2024-02-08T01:51:05.082+0100] {processor.py:183} INFO - Processing /home/ubuntu/.local/lib/python3.10/site-packages/airflow/example_dags/tutorial.py took 0.109 seconds
[2024-02-08T01:51:42.466+0100] {processor.py:161} INFO - Started process (PID=58043) to work on /home/ubuntu/.local/lib/python3.10/site-packages/airflow/example_dags/tutorial.py
[2024-02-08T01:51:42.509+0100] {processor.py:830} INFO - Processing file /home/ubuntu/.local/lib/python3.10/site-packages/airflow/example_dags/tutorial.py for tasks to queue
[2024-02-08T01:51:42.510+0100] {logging_mixin.py:188} INFO - [2024-02-08T01:51:42.510+0100] {dagbag.py:538} INFO - Filling up the DagBag from /home/ubuntu/.local/lib/python3.10/site-packages/airflow/example_dags/tutorial.py
[2024-02-08T01:51:42.522+0100] {processor.py:840} INFO - DAG(s) 'tutorial' retrieved from /home/ubuntu/.local/lib/python3.10/site-packages/airflow/example_dags/tutorial.py
[2024-02-08T01:51:42.638+0100] {logging_mixin.py:188} INFO - [2024-02-08T01:51:42.637+0100] {dag.py:3033} INFO - Sync 1 DAGs
[2024-02-08T01:51:42.709+0100] {logging_mixin.py:188} INFO - [2024-02-08T01:51:42.708+0100] {dag.py:3820} INFO - Setting next_dagrun for tutorial to 2024-02-07T00:00:00+00:00, run_after=2024-02-08T00:00:00+00:00
[2024-02-08T01:51:42.922+0100] {processor.py:183} INFO - Processing /home/ubuntu/.local/lib/python3.10/site-packages/airflow/example_dags/tutorial.py took 0.462 seconds
[2024-02-08T01:52:26.429+0100] {processor.py:161} INFO - Started process (PID=58125) to work on /home/ubuntu/.local/lib/python3.10/site-packages/airflow/example_dags/tutorial.py
[2024-02-08T01:52:26.433+0100] {processor.py:830} INFO - Processing file /home/ubuntu/.local/lib/python3.10/site-packages/airflow/example_dags/tutorial.py for tasks to queue
[2024-02-08T01:52:26.437+0100] {logging_mixin.py:188} INFO - [2024-02-08T01:52:26.435+0100] {dagbag.py:538} INFO - Filling up the DagBag from /home/ubuntu/.local/lib/python3.10/site-packages/airflow/example_dags/tutorial.py
[2024-02-08T01:52:26.457+0100] {processor.py:840} INFO - DAG(s) 'tutorial' retrieved from /home/ubuntu/.local/lib/python3.10/site-packages/airflow/example_dags/tutorial.py
[2024-02-08T01:52:26.557+0100] {logging_mixin.py:188} INFO - [2024-02-08T01:52:26.552+0100] {dag.py:3033} INFO - Sync 1 DAGs
[2024-02-08T01:52:26.659+0100] {logging_mixin.py:188} INFO - [2024-02-08T01:52:26.658+0100] {dag.py:3820} INFO - Setting next_dagrun for tutorial to 2024-02-07T00:00:00+00:00, run_after=2024-02-08T00:00:00+00:00
[2024-02-08T01:52:26.977+0100] {processor.py:183} INFO - Processing /home/ubuntu/.local/lib/python3.10/site-packages/airflow/example_dags/tutorial.py took 0.559 seconds
[2024-02-08T01:53:09.137+0100] {processor.py:161} INFO - Started process (PID=58198) to work on /home/ubuntu/.local/lib/python3.10/site-packages/airflow/example_dags/tutorial.py
[2024-02-08T01:53:09.162+0100] {processor.py:830} INFO - Processing file /home/ubuntu/.local/lib/python3.10/site-packages/airflow/example_dags/tutorial.py for tasks to queue
[2024-02-08T01:53:09.173+0100] {logging_mixin.py:188} INFO - [2024-02-08T01:53:09.163+0100] {dagbag.py:538} INFO - Filling up the DagBag from /home/ubuntu/.local/lib/python3.10/site-packages/airflow/example_dags/tutorial.py
[2024-02-08T01:53:09.209+0100] {processor.py:840} INFO - DAG(s) 'tutorial' retrieved from /home/ubuntu/.local/lib/python3.10/site-packages/airflow/example_dags/tutorial.py
[2024-02-08T01:53:09.293+0100] {logging_mixin.py:188} INFO - [2024-02-08T01:53:09.293+0100] {dag.py:3033} INFO - Sync 1 DAGs
[2024-02-08T01:53:09.341+0100] {logging_mixin.py:188} INFO - [2024-02-08T01:53:09.340+0100] {dag.py:3820} INFO - Setting next_dagrun for tutorial to 2024-02-07T00:00:00+00:00, run_after=2024-02-08T00:00:00+00:00
[2024-02-08T01:53:09.401+0100] {processor.py:183} INFO - Processing /home/ubuntu/.local/lib/python3.10/site-packages/airflow/example_dags/tutorial.py took 0.292 seconds
[2024-02-08T01:53:59.636+0100] {processor.py:161} INFO - Started process (PID=58285) to work on /home/ubuntu/.local/lib/python3.10/site-packages/airflow/example_dags/tutorial.py
[2024-02-08T01:53:59.642+0100] {processor.py:830} INFO - Processing file /home/ubuntu/.local/lib/python3.10/site-packages/airflow/example_dags/tutorial.py for tasks to queue
[2024-02-08T01:53:59.645+0100] {logging_mixin.py:188} INFO - [2024-02-08T01:53:59.643+0100] {dagbag.py:538} INFO - Filling up the DagBag from /home/ubuntu/.local/lib/python3.10/site-packages/airflow/example_dags/tutorial.py
[2024-02-08T01:53:59.680+0100] {processor.py:840} INFO - DAG(s) 'tutorial' retrieved from /home/ubuntu/.local/lib/python3.10/site-packages/airflow/example_dags/tutorial.py
[2024-02-08T01:53:59.739+0100] {logging_mixin.py:188} INFO - [2024-02-08T01:53:59.739+0100] {dag.py:3033} INFO - Sync 1 DAGs
[2024-02-08T01:53:59.818+0100] {logging_mixin.py:188} INFO - [2024-02-08T01:53:59.818+0100] {dag.py:3820} INFO - Setting next_dagrun for tutorial to 2024-02-07T00:00:00+00:00, run_after=2024-02-08T00:00:00+00:00
[2024-02-08T01:54:00.247+0100] {processor.py:183} INFO - Processing /home/ubuntu/.local/lib/python3.10/site-packages/airflow/example_dags/tutorial.py took 0.620 seconds
[2024-02-08T01:54:51.030+0100] {processor.py:161} INFO - Started process (PID=58382) to work on /home/ubuntu/.local/lib/python3.10/site-packages/airflow/example_dags/tutorial.py
[2024-02-08T01:54:51.053+0100] {processor.py:830} INFO - Processing file /home/ubuntu/.local/lib/python3.10/site-packages/airflow/example_dags/tutorial.py for tasks to queue
[2024-02-08T01:54:51.058+0100] {logging_mixin.py:188} INFO - [2024-02-08T01:54:51.056+0100] {dagbag.py:538} INFO - Filling up the DagBag from /home/ubuntu/.local/lib/python3.10/site-packages/airflow/example_dags/tutorial.py
[2024-02-08T01:54:51.093+0100] {processor.py:840} INFO - DAG(s) 'tutorial' retrieved from /home/ubuntu/.local/lib/python3.10/site-packages/airflow/example_dags/tutorial.py
[2024-02-08T01:54:51.162+0100] {logging_mixin.py:188} INFO - [2024-02-08T01:54:51.161+0100] {dag.py:3033} INFO - Sync 1 DAGs
[2024-02-08T01:54:51.287+0100] {logging_mixin.py:188} INFO - [2024-02-08T01:54:51.286+0100] {dag.py:3820} INFO - Setting next_dagrun for tutorial to 2024-02-07T00:00:00+00:00, run_after=2024-02-08T00:00:00+00:00
[2024-02-08T01:54:51.436+0100] {processor.py:183} INFO - Processing /home/ubuntu/.local/lib/python3.10/site-packages/airflow/example_dags/tutorial.py took 0.418 seconds
[2024-02-08T01:55:55.478+0100] {processor.py:161} INFO - Started process (PID=58507) to work on /home/ubuntu/.local/lib/python3.10/site-packages/airflow/example_dags/tutorial.py
[2024-02-08T01:55:55.484+0100] {processor.py:830} INFO - Processing file /home/ubuntu/.local/lib/python3.10/site-packages/airflow/example_dags/tutorial.py for tasks to queue
[2024-02-08T01:55:55.486+0100] {logging_mixin.py:188} INFO - [2024-02-08T01:55:55.485+0100] {dagbag.py:538} INFO - Filling up the DagBag from /home/ubuntu/.local/lib/python3.10/site-packages/airflow/example_dags/tutorial.py
[2024-02-08T01:55:55.511+0100] {processor.py:840} INFO - DAG(s) 'tutorial' retrieved from /home/ubuntu/.local/lib/python3.10/site-packages/airflow/example_dags/tutorial.py
[2024-02-08T01:55:55.594+0100] {logging_mixin.py:188} INFO - [2024-02-08T01:55:55.594+0100] {dag.py:3033} INFO - Sync 1 DAGs
[2024-02-08T01:55:55.622+0100] {logging_mixin.py:188} INFO - [2024-02-08T01:55:55.622+0100] {dag.py:3820} INFO - Setting next_dagrun for tutorial to 2024-02-07T00:00:00+00:00, run_after=2024-02-08T00:00:00+00:00
[2024-02-08T01:55:55.655+0100] {processor.py:183} INFO - Processing /home/ubuntu/.local/lib/python3.10/site-packages/airflow/example_dags/tutorial.py took 0.185 seconds
[2024-02-08T01:56:44.639+0100] {processor.py:161} INFO - Started process (PID=58586) to work on /home/ubuntu/.local/lib/python3.10/site-packages/airflow/example_dags/tutorial.py
[2024-02-08T01:56:44.642+0100] {processor.py:830} INFO - Processing file /home/ubuntu/.local/lib/python3.10/site-packages/airflow/example_dags/tutorial.py for tasks to queue
[2024-02-08T01:56:44.643+0100] {logging_mixin.py:188} INFO - [2024-02-08T01:56:44.642+0100] {dagbag.py:538} INFO - Filling up the DagBag from /home/ubuntu/.local/lib/python3.10/site-packages/airflow/example_dags/tutorial.py
[2024-02-08T01:56:44.652+0100] {processor.py:840} INFO - DAG(s) 'tutorial' retrieved from /home/ubuntu/.local/lib/python3.10/site-packages/airflow/example_dags/tutorial.py
[2024-02-08T01:56:44.678+0100] {logging_mixin.py:188} INFO - [2024-02-08T01:56:44.677+0100] {dag.py:3033} INFO - Sync 1 DAGs
[2024-02-08T01:56:44.704+0100] {logging_mixin.py:188} INFO - [2024-02-08T01:56:44.704+0100] {dag.py:3820} INFO - Setting next_dagrun for tutorial to 2024-02-07T00:00:00+00:00, run_after=2024-02-08T00:00:00+00:00
[2024-02-08T01:56:44.750+0100] {processor.py:183} INFO - Processing /home/ubuntu/.local/lib/python3.10/site-packages/airflow/example_dags/tutorial.py took 0.115 seconds
[2024-02-08T01:57:37.112+0100] {processor.py:161} INFO - Started process (PID=58679) to work on /home/ubuntu/.local/lib/python3.10/site-packages/airflow/example_dags/tutorial.py
[2024-02-08T01:57:37.130+0100] {processor.py:830} INFO - Processing file /home/ubuntu/.local/lib/python3.10/site-packages/airflow/example_dags/tutorial.py for tasks to queue
[2024-02-08T01:57:37.134+0100] {logging_mixin.py:188} INFO - [2024-02-08T01:57:37.132+0100] {dagbag.py:538} INFO - Filling up the DagBag from /home/ubuntu/.local/lib/python3.10/site-packages/airflow/example_dags/tutorial.py
[2024-02-08T01:57:37.165+0100] {processor.py:840} INFO - DAG(s) 'tutorial' retrieved from /home/ubuntu/.local/lib/python3.10/site-packages/airflow/example_dags/tutorial.py
[2024-02-08T01:57:37.216+0100] {logging_mixin.py:188} INFO - [2024-02-08T01:57:37.215+0100] {dag.py:3033} INFO - Sync 1 DAGs
[2024-02-08T01:57:37.395+0100] {logging_mixin.py:188} INFO - [2024-02-08T01:57:37.395+0100] {dag.py:3820} INFO - Setting next_dagrun for tutorial to 2024-02-07T00:00:00+00:00, run_after=2024-02-08T00:00:00+00:00
[2024-02-08T01:57:37.529+0100] {processor.py:183} INFO - Processing /home/ubuntu/.local/lib/python3.10/site-packages/airflow/example_dags/tutorial.py took 0.450 seconds
[2024-02-08T01:58:51.230+0100] {processor.py:161} INFO - Started process (PID=58803) to work on /home/ubuntu/.local/lib/python3.10/site-packages/airflow/example_dags/tutorial.py
[2024-02-08T01:58:51.275+0100] {processor.py:830} INFO - Processing file /home/ubuntu/.local/lib/python3.10/site-packages/airflow/example_dags/tutorial.py for tasks to queue
[2024-02-08T01:58:51.276+0100] {logging_mixin.py:188} INFO - [2024-02-08T01:58:51.276+0100] {dagbag.py:538} INFO - Filling up the DagBag from /home/ubuntu/.local/lib/python3.10/site-packages/airflow/example_dags/tutorial.py
[2024-02-08T01:58:51.338+0100] {processor.py:840} INFO - DAG(s) 'tutorial' retrieved from /home/ubuntu/.local/lib/python3.10/site-packages/airflow/example_dags/tutorial.py
[2024-02-08T01:58:51.440+0100] {logging_mixin.py:188} INFO - [2024-02-08T01:58:51.439+0100] {dag.py:3033} INFO - Sync 1 DAGs
[2024-02-08T01:58:51.485+0100] {logging_mixin.py:188} INFO - [2024-02-08T01:58:51.484+0100] {dag.py:3820} INFO - Setting next_dagrun for tutorial to 2024-02-07T00:00:00+00:00, run_after=2024-02-08T00:00:00+00:00
[2024-02-08T01:58:51.541+0100] {processor.py:183} INFO - Processing /home/ubuntu/.local/lib/python3.10/site-packages/airflow/example_dags/tutorial.py took 0.337 seconds
[2024-02-08T01:59:41.829+0100] {processor.py:161} INFO - Started process (PID=58894) to work on /home/ubuntu/.local/lib/python3.10/site-packages/airflow/example_dags/tutorial.py
[2024-02-08T01:59:41.834+0100] {processor.py:830} INFO - Processing file /home/ubuntu/.local/lib/python3.10/site-packages/airflow/example_dags/tutorial.py for tasks to queue
[2024-02-08T01:59:41.836+0100] {logging_mixin.py:188} INFO - [2024-02-08T01:59:41.835+0100] {dagbag.py:538} INFO - Filling up the DagBag from /home/ubuntu/.local/lib/python3.10/site-packages/airflow/example_dags/tutorial.py
[2024-02-08T01:59:41.846+0100] {processor.py:840} INFO - DAG(s) 'tutorial' retrieved from /home/ubuntu/.local/lib/python3.10/site-packages/airflow/example_dags/tutorial.py
[2024-02-08T01:59:41.861+0100] {logging_mixin.py:188} INFO - [2024-02-08T01:59:41.860+0100] {dag.py:3033} INFO - Sync 1 DAGs
[2024-02-08T01:59:41.878+0100] {logging_mixin.py:188} INFO - [2024-02-08T01:59:41.878+0100] {dag.py:3820} INFO - Setting next_dagrun for tutorial to 2024-02-07T00:00:00+00:00, run_after=2024-02-08T00:00:00+00:00
[2024-02-08T01:59:41.919+0100] {processor.py:183} INFO - Processing /home/ubuntu/.local/lib/python3.10/site-packages/airflow/example_dags/tutorial.py took 0.096 seconds
[2024-02-08T02:00:32.483+0100] {processor.py:161} INFO - Started process (PID=58984) to work on /home/ubuntu/.local/lib/python3.10/site-packages/airflow/example_dags/tutorial.py
[2024-02-08T02:00:32.490+0100] {processor.py:830} INFO - Processing file /home/ubuntu/.local/lib/python3.10/site-packages/airflow/example_dags/tutorial.py for tasks to queue
[2024-02-08T02:00:32.492+0100] {logging_mixin.py:188} INFO - [2024-02-08T02:00:32.492+0100] {dagbag.py:538} INFO - Filling up the DagBag from /home/ubuntu/.local/lib/python3.10/site-packages/airflow/example_dags/tutorial.py
[2024-02-08T02:00:32.511+0100] {processor.py:840} INFO - DAG(s) 'tutorial' retrieved from /home/ubuntu/.local/lib/python3.10/site-packages/airflow/example_dags/tutorial.py
[2024-02-08T02:00:32.550+0100] {logging_mixin.py:188} INFO - [2024-02-08T02:00:32.550+0100] {dag.py:3033} INFO - Sync 1 DAGs
[2024-02-08T02:00:32.591+0100] {logging_mixin.py:188} INFO - [2024-02-08T02:00:32.590+0100] {dag.py:3820} INFO - Setting next_dagrun for tutorial to 2024-02-07T00:00:00+00:00, run_after=2024-02-08T00:00:00+00:00
[2024-02-08T02:00:32.663+0100] {processor.py:183} INFO - Processing /home/ubuntu/.local/lib/python3.10/site-packages/airflow/example_dags/tutorial.py took 0.188 seconds
[2024-02-08T02:01:33.223+0100] {processor.py:161} INFO - Started process (PID=59087) to work on /home/ubuntu/.local/lib/python3.10/site-packages/airflow/example_dags/tutorial.py
[2024-02-08T02:01:33.262+0100] {processor.py:830} INFO - Processing file /home/ubuntu/.local/lib/python3.10/site-packages/airflow/example_dags/tutorial.py for tasks to queue
[2024-02-08T02:01:33.263+0100] {logging_mixin.py:188} INFO - [2024-02-08T02:01:33.263+0100] {dagbag.py:538} INFO - Filling up the DagBag from /home/ubuntu/.local/lib/python3.10/site-packages/airflow/example_dags/tutorial.py
[2024-02-08T02:01:33.285+0100] {processor.py:840} INFO - DAG(s) 'tutorial' retrieved from /home/ubuntu/.local/lib/python3.10/site-packages/airflow/example_dags/tutorial.py
[2024-02-08T02:01:33.412+0100] {logging_mixin.py:188} INFO - [2024-02-08T02:01:33.411+0100] {dag.py:3033} INFO - Sync 1 DAGs
[2024-02-08T02:01:33.505+0100] {logging_mixin.py:188} INFO - [2024-02-08T02:01:33.504+0100] {dag.py:3820} INFO - Setting next_dagrun for tutorial to 2024-02-07T00:00:00+00:00, run_after=2024-02-08T00:00:00+00:00
[2024-02-08T02:01:33.901+0100] {processor.py:183} INFO - Processing /home/ubuntu/.local/lib/python3.10/site-packages/airflow/example_dags/tutorial.py took 0.698 seconds
[2024-02-08T02:02:38.289+0100] {processor.py:161} INFO - Started process (PID=59189) to work on /home/ubuntu/.local/lib/python3.10/site-packages/airflow/example_dags/tutorial.py
[2024-02-08T02:02:38.308+0100] {processor.py:830} INFO - Processing file /home/ubuntu/.local/lib/python3.10/site-packages/airflow/example_dags/tutorial.py for tasks to queue
[2024-02-08T02:02:38.313+0100] {logging_mixin.py:188} INFO - [2024-02-08T02:02:38.312+0100] {dagbag.py:538} INFO - Filling up the DagBag from /home/ubuntu/.local/lib/python3.10/site-packages/airflow/example_dags/tutorial.py
[2024-02-08T02:02:38.351+0100] {processor.py:840} INFO - DAG(s) 'tutorial' retrieved from /home/ubuntu/.local/lib/python3.10/site-packages/airflow/example_dags/tutorial.py
[2024-02-08T02:02:38.431+0100] {logging_mixin.py:188} INFO - [2024-02-08T02:02:38.427+0100] {dag.py:3033} INFO - Sync 1 DAGs
[2024-02-08T02:02:38.589+0100] {logging_mixin.py:188} INFO - [2024-02-08T02:02:38.589+0100] {dag.py:3820} INFO - Setting next_dagrun for tutorial to 2024-02-07T00:00:00+00:00, run_after=2024-02-08T00:00:00+00:00
[2024-02-08T02:02:38.805+0100] {processor.py:183} INFO - Processing /home/ubuntu/.local/lib/python3.10/site-packages/airflow/example_dags/tutorial.py took 0.557 seconds
[2024-02-08T02:03:43.461+0100] {processor.py:161} INFO - Started process (PID=59295) to work on /home/ubuntu/.local/lib/python3.10/site-packages/airflow/example_dags/tutorial.py
[2024-02-08T02:03:43.496+0100] {processor.py:830} INFO - Processing file /home/ubuntu/.local/lib/python3.10/site-packages/airflow/example_dags/tutorial.py for tasks to queue
[2024-02-08T02:03:43.503+0100] {logging_mixin.py:188} INFO - [2024-02-08T02:03:43.502+0100] {dagbag.py:538} INFO - Filling up the DagBag from /home/ubuntu/.local/lib/python3.10/site-packages/airflow/example_dags/tutorial.py
[2024-02-08T02:03:43.566+0100] {processor.py:840} INFO - DAG(s) 'tutorial' retrieved from /home/ubuntu/.local/lib/python3.10/site-packages/airflow/example_dags/tutorial.py
[2024-02-08T02:03:43.686+0100] {logging_mixin.py:188} INFO - [2024-02-08T02:03:43.686+0100] {dag.py:3033} INFO - Sync 1 DAGs
[2024-02-08T02:03:43.753+0100] {logging_mixin.py:188} INFO - [2024-02-08T02:03:43.752+0100] {dag.py:3820} INFO - Setting next_dagrun for tutorial to 2024-02-07T00:00:00+00:00, run_after=2024-02-08T00:00:00+00:00
[2024-02-08T02:03:43.978+0100] {processor.py:183} INFO - Processing /home/ubuntu/.local/lib/python3.10/site-packages/airflow/example_dags/tutorial.py took 0.529 seconds
[2024-02-08T02:04:43.113+0100] {processor.py:161} INFO - Started process (PID=59398) to work on /home/ubuntu/.local/lib/python3.10/site-packages/airflow/example_dags/tutorial.py
[2024-02-08T02:04:43.127+0100] {processor.py:830} INFO - Processing file /home/ubuntu/.local/lib/python3.10/site-packages/airflow/example_dags/tutorial.py for tasks to queue
[2024-02-08T02:04:43.130+0100] {logging_mixin.py:188} INFO - [2024-02-08T02:04:43.129+0100] {dagbag.py:538} INFO - Filling up the DagBag from /home/ubuntu/.local/lib/python3.10/site-packages/airflow/example_dags/tutorial.py
[2024-02-08T02:04:43.171+0100] {processor.py:840} INFO - DAG(s) 'tutorial' retrieved from /home/ubuntu/.local/lib/python3.10/site-packages/airflow/example_dags/tutorial.py
[2024-02-08T02:04:43.530+0100] {logging_mixin.py:188} INFO - [2024-02-08T02:04:43.529+0100] {dag.py:3033} INFO - Sync 1 DAGs
[2024-02-08T02:04:43.619+0100] {logging_mixin.py:188} INFO - [2024-02-08T02:04:43.619+0100] {dag.py:3820} INFO - Setting next_dagrun for tutorial to 2024-02-07T00:00:00+00:00, run_after=2024-02-08T00:00:00+00:00
[2024-02-08T02:04:43.821+0100] {processor.py:183} INFO - Processing /home/ubuntu/.local/lib/python3.10/site-packages/airflow/example_dags/tutorial.py took 0.719 seconds
[2024-02-08T02:05:48.006+0100] {processor.py:161} INFO - Started process (PID=59531) to work on /home/ubuntu/.local/lib/python3.10/site-packages/airflow/example_dags/tutorial.py
[2024-02-08T02:05:48.016+0100] {processor.py:830} INFO - Processing file /home/ubuntu/.local/lib/python3.10/site-packages/airflow/example_dags/tutorial.py for tasks to queue
[2024-02-08T02:05:48.029+0100] {logging_mixin.py:188} INFO - [2024-02-08T02:05:48.021+0100] {dagbag.py:538} INFO - Filling up the DagBag from /home/ubuntu/.local/lib/python3.10/site-packages/airflow/example_dags/tutorial.py
[2024-02-08T02:05:48.098+0100] {processor.py:840} INFO - DAG(s) 'tutorial' retrieved from /home/ubuntu/.local/lib/python3.10/site-packages/airflow/example_dags/tutorial.py
[2024-02-08T02:05:48.463+0100] {logging_mixin.py:188} INFO - [2024-02-08T02:05:48.457+0100] {dag.py:3033} INFO - Sync 1 DAGs
[2024-02-08T02:05:48.595+0100] {logging_mixin.py:188} INFO - [2024-02-08T02:05:48.595+0100] {dag.py:3820} INFO - Setting next_dagrun for tutorial to 2024-02-07T00:00:00+00:00, run_after=2024-02-08T00:00:00+00:00
[2024-02-08T02:05:48.750+0100] {processor.py:183} INFO - Processing /home/ubuntu/.local/lib/python3.10/site-packages/airflow/example_dags/tutorial.py took 0.752 seconds
[2024-02-08T02:07:38.107+0100] {processor.py:161} INFO - Started process (PID=60293) to work on /home/ubuntu/.local/lib/python3.10/site-packages/airflow/example_dags/tutorial.py
[2024-02-08T02:07:38.137+0100] {processor.py:830} INFO - Processing file /home/ubuntu/.local/lib/python3.10/site-packages/airflow/example_dags/tutorial.py for tasks to queue
[2024-02-08T02:07:38.139+0100] {logging_mixin.py:188} INFO - [2024-02-08T02:07:38.139+0100] {dagbag.py:538} INFO - Filling up the DagBag from /home/ubuntu/.local/lib/python3.10/site-packages/airflow/example_dags/tutorial.py
[2024-02-08T02:07:38.246+0100] {processor.py:840} INFO - DAG(s) 'tutorial' retrieved from /home/ubuntu/.local/lib/python3.10/site-packages/airflow/example_dags/tutorial.py
[2024-02-08T02:07:38.365+0100] {logging_mixin.py:188} INFO - [2024-02-08T02:07:38.365+0100] {dag.py:3033} INFO - Sync 1 DAGs
[2024-02-08T02:07:38.594+0100] {logging_mixin.py:188} INFO - [2024-02-08T02:07:38.593+0100] {dag.py:3820} INFO - Setting next_dagrun for tutorial to 2024-02-07T00:00:00+00:00, run_after=2024-02-08T00:00:00+00:00
[2024-02-08T02:07:39.181+0100] {processor.py:183} INFO - Processing /home/ubuntu/.local/lib/python3.10/site-packages/airflow/example_dags/tutorial.py took 1.098 seconds
[2024-02-08T02:09:24.521+0100] {processor.py:161} INFO - Started process (PID=60435) to work on /home/ubuntu/.local/lib/python3.10/site-packages/airflow/example_dags/tutorial.py
[2024-02-08T02:09:24.549+0100] {processor.py:830} INFO - Processing file /home/ubuntu/.local/lib/python3.10/site-packages/airflow/example_dags/tutorial.py for tasks to queue
[2024-02-08T02:09:24.554+0100] {logging_mixin.py:188} INFO - [2024-02-08T02:09:24.554+0100] {dagbag.py:538} INFO - Filling up the DagBag from /home/ubuntu/.local/lib/python3.10/site-packages/airflow/example_dags/tutorial.py
[2024-02-08T02:09:24.598+0100] {processor.py:840} INFO - DAG(s) 'tutorial' retrieved from /home/ubuntu/.local/lib/python3.10/site-packages/airflow/example_dags/tutorial.py
[2024-02-08T02:09:24.657+0100] {logging_mixin.py:188} INFO - [2024-02-08T02:09:24.656+0100] {dag.py:3033} INFO - Sync 1 DAGs
[2024-02-08T02:09:24.816+0100] {logging_mixin.py:188} INFO - [2024-02-08T02:09:24.815+0100] {dag.py:3820} INFO - Setting next_dagrun for tutorial to 2024-02-07T00:00:00+00:00, run_after=2024-02-08T00:00:00+00:00
[2024-02-08T02:09:24.984+0100] {processor.py:183} INFO - Processing /home/ubuntu/.local/lib/python3.10/site-packages/airflow/example_dags/tutorial.py took 0.505 seconds
[2024-02-08T02:10:37.378+0100] {processor.py:161} INFO - Started process (PID=60546) to work on /home/ubuntu/.local/lib/python3.10/site-packages/airflow/example_dags/tutorial.py
[2024-02-08T02:10:37.380+0100] {processor.py:830} INFO - Processing file /home/ubuntu/.local/lib/python3.10/site-packages/airflow/example_dags/tutorial.py for tasks to queue
[2024-02-08T02:10:37.381+0100] {logging_mixin.py:188} INFO - [2024-02-08T02:10:37.380+0100] {dagbag.py:538} INFO - Filling up the DagBag from /home/ubuntu/.local/lib/python3.10/site-packages/airflow/example_dags/tutorial.py
[2024-02-08T02:10:37.391+0100] {processor.py:840} INFO - DAG(s) 'tutorial' retrieved from /home/ubuntu/.local/lib/python3.10/site-packages/airflow/example_dags/tutorial.py
[2024-02-08T02:10:37.412+0100] {logging_mixin.py:188} INFO - [2024-02-08T02:10:37.411+0100] {dag.py:3033} INFO - Sync 1 DAGs
[2024-02-08T02:10:37.445+0100] {logging_mixin.py:188} INFO - [2024-02-08T02:10:37.445+0100] {dag.py:3820} INFO - Setting next_dagrun for tutorial to 2024-02-07T00:00:00+00:00, run_after=2024-02-08T00:00:00+00:00
[2024-02-08T02:10:37.490+0100] {processor.py:183} INFO - Processing /home/ubuntu/.local/lib/python3.10/site-packages/airflow/example_dags/tutorial.py took 0.116 seconds
[2024-02-08T02:11:14.917+0100] {processor.py:161} INFO - Started process (PID=60595) to work on /home/ubuntu/.local/lib/python3.10/site-packages/airflow/example_dags/tutorial.py
[2024-02-08T02:11:14.919+0100] {processor.py:830} INFO - Processing file /home/ubuntu/.local/lib/python3.10/site-packages/airflow/example_dags/tutorial.py for tasks to queue
[2024-02-08T02:11:14.921+0100] {logging_mixin.py:188} INFO - [2024-02-08T02:11:14.920+0100] {dagbag.py:538} INFO - Filling up the DagBag from /home/ubuntu/.local/lib/python3.10/site-packages/airflow/example_dags/tutorial.py
[2024-02-08T02:11:14.935+0100] {processor.py:840} INFO - DAG(s) 'tutorial' retrieved from /home/ubuntu/.local/lib/python3.10/site-packages/airflow/example_dags/tutorial.py
[2024-02-08T02:11:14.964+0100] {logging_mixin.py:188} INFO - [2024-02-08T02:11:14.964+0100] {dag.py:3033} INFO - Sync 1 DAGs
[2024-02-08T02:11:14.989+0100] {logging_mixin.py:188} INFO - [2024-02-08T02:11:14.989+0100] {dag.py:3820} INFO - Setting next_dagrun for tutorial to 2024-02-07T00:00:00+00:00, run_after=2024-02-08T00:00:00+00:00
[2024-02-08T02:11:15.025+0100] {processor.py:183} INFO - Processing /home/ubuntu/.local/lib/python3.10/site-packages/airflow/example_dags/tutorial.py took 0.114 seconds
[2024-02-08T02:12:02.705+0100] {processor.py:161} INFO - Started process (PID=60651) to work on /home/ubuntu/.local/lib/python3.10/site-packages/airflow/example_dags/tutorial.py
[2024-02-08T02:12:02.707+0100] {processor.py:830} INFO - Processing file /home/ubuntu/.local/lib/python3.10/site-packages/airflow/example_dags/tutorial.py for tasks to queue
[2024-02-08T02:12:02.708+0100] {logging_mixin.py:188} INFO - [2024-02-08T02:12:02.708+0100] {dagbag.py:538} INFO - Filling up the DagBag from /home/ubuntu/.local/lib/python3.10/site-packages/airflow/example_dags/tutorial.py
[2024-02-08T02:12:02.716+0100] {processor.py:840} INFO - DAG(s) 'tutorial' retrieved from /home/ubuntu/.local/lib/python3.10/site-packages/airflow/example_dags/tutorial.py
[2024-02-08T02:12:02.731+0100] {logging_mixin.py:188} INFO - [2024-02-08T02:12:02.731+0100] {dag.py:3033} INFO - Sync 1 DAGs
[2024-02-08T02:12:02.748+0100] {logging_mixin.py:188} INFO - [2024-02-08T02:12:02.748+0100] {dag.py:3820} INFO - Setting next_dagrun for tutorial to 2024-02-07T00:00:00+00:00, run_after=2024-02-08T00:00:00+00:00
[2024-02-08T02:12:02.779+0100] {processor.py:183} INFO - Processing /home/ubuntu/.local/lib/python3.10/site-packages/airflow/example_dags/tutorial.py took 0.077 seconds
[2024-02-08T02:12:49.347+0100] {processor.py:161} INFO - Started process (PID=60947) to work on /home/ubuntu/.local/lib/python3.10/site-packages/airflow/example_dags/tutorial.py
[2024-02-08T02:12:49.350+0100] {processor.py:830} INFO - Processing file /home/ubuntu/.local/lib/python3.10/site-packages/airflow/example_dags/tutorial.py for tasks to queue
[2024-02-08T02:12:49.351+0100] {logging_mixin.py:188} INFO - [2024-02-08T02:12:49.350+0100] {dagbag.py:538} INFO - Filling up the DagBag from /home/ubuntu/.local/lib/python3.10/site-packages/airflow/example_dags/tutorial.py
[2024-02-08T02:12:49.359+0100] {processor.py:840} INFO - DAG(s) 'tutorial' retrieved from /home/ubuntu/.local/lib/python3.10/site-packages/airflow/example_dags/tutorial.py
[2024-02-08T02:12:49.379+0100] {logging_mixin.py:188} INFO - [2024-02-08T02:12:49.378+0100] {dag.py:3033} INFO - Sync 1 DAGs
[2024-02-08T02:12:49.400+0100] {logging_mixin.py:188} INFO - [2024-02-08T02:12:49.400+0100] {dag.py:3820} INFO - Setting next_dagrun for tutorial to 2024-02-07T00:00:00+00:00, run_after=2024-02-08T00:00:00+00:00
[2024-02-08T02:12:49.427+0100] {processor.py:183} INFO - Processing /home/ubuntu/.local/lib/python3.10/site-packages/airflow/example_dags/tutorial.py took 0.085 seconds
[2024-02-08T02:13:27.587+0100] {processor.py:161} INFO - Started process (PID=61011) to work on /home/ubuntu/.local/lib/python3.10/site-packages/airflow/example_dags/tutorial.py
[2024-02-08T02:13:27.589+0100] {processor.py:830} INFO - Processing file /home/ubuntu/.local/lib/python3.10/site-packages/airflow/example_dags/tutorial.py for tasks to queue
[2024-02-08T02:13:27.590+0100] {logging_mixin.py:188} INFO - [2024-02-08T02:13:27.589+0100] {dagbag.py:538} INFO - Filling up the DagBag from /home/ubuntu/.local/lib/python3.10/site-packages/airflow/example_dags/tutorial.py
[2024-02-08T02:13:27.599+0100] {processor.py:840} INFO - DAG(s) 'tutorial' retrieved from /home/ubuntu/.local/lib/python3.10/site-packages/airflow/example_dags/tutorial.py
[2024-02-08T02:13:27.622+0100] {logging_mixin.py:188} INFO - [2024-02-08T02:13:27.621+0100] {dag.py:3033} INFO - Sync 1 DAGs
[2024-02-08T02:13:27.643+0100] {logging_mixin.py:188} INFO - [2024-02-08T02:13:27.643+0100] {dag.py:3820} INFO - Setting next_dagrun for tutorial to 2024-02-07T00:00:00+00:00, run_after=2024-02-08T00:00:00+00:00
[2024-02-08T02:13:27.684+0100] {processor.py:183} INFO - Processing /home/ubuntu/.local/lib/python3.10/site-packages/airflow/example_dags/tutorial.py took 0.102 seconds
[2024-02-08T02:14:21.765+0100] {processor.py:161} INFO - Started process (PID=61101) to work on /home/ubuntu/.local/lib/python3.10/site-packages/airflow/example_dags/tutorial.py
[2024-02-08T02:14:21.767+0100] {processor.py:830} INFO - Processing file /home/ubuntu/.local/lib/python3.10/site-packages/airflow/example_dags/tutorial.py for tasks to queue
[2024-02-08T02:14:21.768+0100] {logging_mixin.py:188} INFO - [2024-02-08T02:14:21.768+0100] {dagbag.py:538} INFO - Filling up the DagBag from /home/ubuntu/.local/lib/python3.10/site-packages/airflow/example_dags/tutorial.py
[2024-02-08T02:14:21.777+0100] {processor.py:840} INFO - DAG(s) 'tutorial' retrieved from /home/ubuntu/.local/lib/python3.10/site-packages/airflow/example_dags/tutorial.py
[2024-02-08T02:14:21.795+0100] {logging_mixin.py:188} INFO - [2024-02-08T02:14:21.795+0100] {dag.py:3033} INFO - Sync 1 DAGs
[2024-02-08T02:14:21.815+0100] {logging_mixin.py:188} INFO - [2024-02-08T02:14:21.815+0100] {dag.py:3820} INFO - Setting next_dagrun for tutorial to 2024-02-07T00:00:00+00:00, run_after=2024-02-08T00:00:00+00:00
[2024-02-08T02:14:21.848+0100] {processor.py:183} INFO - Processing /home/ubuntu/.local/lib/python3.10/site-packages/airflow/example_dags/tutorial.py took 0.086 seconds
[2024-02-08T02:15:19.581+0100] {processor.py:161} INFO - Started process (PID=61202) to work on /home/ubuntu/.local/lib/python3.10/site-packages/airflow/example_dags/tutorial.py
[2024-02-08T02:15:19.583+0100] {processor.py:830} INFO - Processing file /home/ubuntu/.local/lib/python3.10/site-packages/airflow/example_dags/tutorial.py for tasks to queue
[2024-02-08T02:15:19.585+0100] {logging_mixin.py:188} INFO - [2024-02-08T02:15:19.585+0100] {dagbag.py:538} INFO - Filling up the DagBag from /home/ubuntu/.local/lib/python3.10/site-packages/airflow/example_dags/tutorial.py
[2024-02-08T02:15:19.598+0100] {processor.py:840} INFO - DAG(s) 'tutorial' retrieved from /home/ubuntu/.local/lib/python3.10/site-packages/airflow/example_dags/tutorial.py
[2024-02-08T02:15:19.646+0100] {logging_mixin.py:188} INFO - [2024-02-08T02:15:19.646+0100] {dag.py:3033} INFO - Sync 1 DAGs
[2024-02-08T02:15:19.672+0100] {logging_mixin.py:188} INFO - [2024-02-08T02:15:19.672+0100] {dag.py:3820} INFO - Setting next_dagrun for tutorial to 2024-02-07T00:00:00+00:00, run_after=2024-02-08T00:00:00+00:00
[2024-02-08T02:15:19.720+0100] {processor.py:183} INFO - Processing /home/ubuntu/.local/lib/python3.10/site-packages/airflow/example_dags/tutorial.py took 0.144 seconds
[2024-02-08T02:16:13.640+0100] {processor.py:161} INFO - Started process (PID=61281) to work on /home/ubuntu/.local/lib/python3.10/site-packages/airflow/example_dags/tutorial.py
[2024-02-08T02:16:13.642+0100] {processor.py:830} INFO - Processing file /home/ubuntu/.local/lib/python3.10/site-packages/airflow/example_dags/tutorial.py for tasks to queue
[2024-02-08T02:16:13.644+0100] {logging_mixin.py:188} INFO - [2024-02-08T02:16:13.643+0100] {dagbag.py:538} INFO - Filling up the DagBag from /home/ubuntu/.local/lib/python3.10/site-packages/airflow/example_dags/tutorial.py
[2024-02-08T02:16:13.653+0100] {processor.py:840} INFO - DAG(s) 'tutorial' retrieved from /home/ubuntu/.local/lib/python3.10/site-packages/airflow/example_dags/tutorial.py
[2024-02-08T02:16:13.674+0100] {logging_mixin.py:188} INFO - [2024-02-08T02:16:13.674+0100] {dag.py:3033} INFO - Sync 1 DAGs
[2024-02-08T02:16:13.693+0100] {logging_mixin.py:188} INFO - [2024-02-08T02:16:13.693+0100] {dag.py:3820} INFO - Setting next_dagrun for tutorial to 2024-02-07T00:00:00+00:00, run_after=2024-02-08T00:00:00+00:00
[2024-02-08T02:16:13.720+0100] {processor.py:183} INFO - Processing /home/ubuntu/.local/lib/python3.10/site-packages/airflow/example_dags/tutorial.py took 0.085 seconds
