[2024-01-01T15:42:35.504+0100] {processor.py:161} INFO - Started process (PID=7960) to work on /home/ubuntu/.local/lib/python3.10/site-packages/airflow/example_dags/plugins/workday.py
[2024-01-01T15:42:35.506+0100] {processor.py:830} INFO - Processing file /home/ubuntu/.local/lib/python3.10/site-packages/airflow/example_dags/plugins/workday.py for tasks to queue
[2024-01-01T15:42:35.508+0100] {logging_mixin.py:188} INFO - [2024-01-01T15:42:35.507+0100] {dagbag.py:538} INFO - Filling up the DagBag from /home/ubuntu/.local/lib/python3.10/site-packages/airflow/example_dags/plugins/workday.py
[2024-01-01T15:42:35.857+0100] {processor.py:842} WARNING - No viable dags retrieved from /home/ubuntu/.local/lib/python3.10/site-packages/airflow/example_dags/plugins/workday.py
[2024-01-01T15:42:35.861+0100] {processor.py:183} INFO - Processing /home/ubuntu/.local/lib/python3.10/site-packages/airflow/example_dags/plugins/workday.py took 0.361 seconds
[2024-01-01T15:43:22.871+0100] {processor.py:161} INFO - Started process (PID=8048) to work on /home/ubuntu/.local/lib/python3.10/site-packages/airflow/example_dags/plugins/workday.py
[2024-01-01T15:43:22.872+0100] {processor.py:830} INFO - Processing file /home/ubuntu/.local/lib/python3.10/site-packages/airflow/example_dags/plugins/workday.py for tasks to queue
[2024-01-01T15:43:22.873+0100] {logging_mixin.py:188} INFO - [2024-01-01T15:43:22.872+0100] {dagbag.py:538} INFO - Filling up the DagBag from /home/ubuntu/.local/lib/python3.10/site-packages/airflow/example_dags/plugins/workday.py
[2024-01-01T15:43:23.306+0100] {processor.py:842} WARNING - No viable dags retrieved from /home/ubuntu/.local/lib/python3.10/site-packages/airflow/example_dags/plugins/workday.py
[2024-01-01T15:43:23.310+0100] {processor.py:183} INFO - Processing /home/ubuntu/.local/lib/python3.10/site-packages/airflow/example_dags/plugins/workday.py took 0.442 seconds
[2024-01-01T15:44:12.077+0100] {processor.py:161} INFO - Started process (PID=8244) to work on /home/ubuntu/.local/lib/python3.10/site-packages/airflow/example_dags/plugins/workday.py
[2024-01-01T15:44:12.078+0100] {processor.py:830} INFO - Processing file /home/ubuntu/.local/lib/python3.10/site-packages/airflow/example_dags/plugins/workday.py for tasks to queue
[2024-01-01T15:44:12.079+0100] {logging_mixin.py:188} INFO - [2024-01-01T15:44:12.079+0100] {dagbag.py:538} INFO - Filling up the DagBag from /home/ubuntu/.local/lib/python3.10/site-packages/airflow/example_dags/plugins/workday.py
[2024-01-01T15:44:12.650+0100] {processor.py:842} WARNING - No viable dags retrieved from /home/ubuntu/.local/lib/python3.10/site-packages/airflow/example_dags/plugins/workday.py
[2024-01-01T15:44:12.654+0100] {processor.py:183} INFO - Processing /home/ubuntu/.local/lib/python3.10/site-packages/airflow/example_dags/plugins/workday.py took 0.580 seconds
[2024-01-01T15:45:07.432+0100] {processor.py:161} INFO - Started process (PID=8567) to work on /home/ubuntu/.local/lib/python3.10/site-packages/airflow/example_dags/plugins/workday.py
[2024-01-01T15:45:07.435+0100] {processor.py:830} INFO - Processing file /home/ubuntu/.local/lib/python3.10/site-packages/airflow/example_dags/plugins/workday.py for tasks to queue
[2024-01-01T15:45:07.438+0100] {logging_mixin.py:188} INFO - [2024-01-01T15:45:07.435+0100] {dagbag.py:538} INFO - Filling up the DagBag from /home/ubuntu/.local/lib/python3.10/site-packages/airflow/example_dags/plugins/workday.py
[2024-01-01T15:45:24.972+0100] {processor.py:842} WARNING - No viable dags retrieved from /home/ubuntu/.local/lib/python3.10/site-packages/airflow/example_dags/plugins/workday.py
[2024-01-01T15:45:25.022+0100] {processor.py:183} INFO - Processing /home/ubuntu/.local/lib/python3.10/site-packages/airflow/example_dags/plugins/workday.py took 17.597 seconds
[2024-01-01T15:47:14.095+0100] {processor.py:161} INFO - Started process (PID=8794) to work on /home/ubuntu/.local/lib/python3.10/site-packages/airflow/example_dags/plugins/workday.py
[2024-01-01T15:47:14.099+0100] {processor.py:830} INFO - Processing file /home/ubuntu/.local/lib/python3.10/site-packages/airflow/example_dags/plugins/workday.py for tasks to queue
[2024-01-01T15:47:14.106+0100] {logging_mixin.py:188} INFO - [2024-01-01T15:47:14.101+0100] {dagbag.py:538} INFO - Filling up the DagBag from /home/ubuntu/.local/lib/python3.10/site-packages/airflow/example_dags/plugins/workday.py
[2024-01-01T16:09:10.929+0100] {processor.py:161} INFO - Started process (PID=4125) to work on /home/ubuntu/.local/lib/python3.10/site-packages/airflow/example_dags/plugins/workday.py
[2024-01-01T16:09:10.930+0100] {processor.py:830} INFO - Processing file /home/ubuntu/.local/lib/python3.10/site-packages/airflow/example_dags/plugins/workday.py for tasks to queue
[2024-01-01T16:09:10.931+0100] {logging_mixin.py:188} INFO - [2024-01-01T16:09:10.930+0100] {dagbag.py:538} INFO - Filling up the DagBag from /home/ubuntu/.local/lib/python3.10/site-packages/airflow/example_dags/plugins/workday.py
[2024-01-01T16:09:11.315+0100] {processor.py:842} WARNING - No viable dags retrieved from /home/ubuntu/.local/lib/python3.10/site-packages/airflow/example_dags/plugins/workday.py
[2024-01-01T16:09:11.319+0100] {processor.py:183} INFO - Processing /home/ubuntu/.local/lib/python3.10/site-packages/airflow/example_dags/plugins/workday.py took 0.394 seconds
[2024-01-01T16:10:02.834+0100] {processor.py:161} INFO - Started process (PID=4299) to work on /home/ubuntu/.local/lib/python3.10/site-packages/airflow/example_dags/plugins/workday.py
[2024-01-01T16:10:02.846+0100] {processor.py:830} INFO - Processing file /home/ubuntu/.local/lib/python3.10/site-packages/airflow/example_dags/plugins/workday.py for tasks to queue
[2024-01-01T16:10:02.848+0100] {logging_mixin.py:188} INFO - [2024-01-01T16:10:02.847+0100] {dagbag.py:538} INFO - Filling up the DagBag from /home/ubuntu/.local/lib/python3.10/site-packages/airflow/example_dags/plugins/workday.py
[2024-01-01T16:10:03.418+0100] {processor.py:842} WARNING - No viable dags retrieved from /home/ubuntu/.local/lib/python3.10/site-packages/airflow/example_dags/plugins/workday.py
[2024-01-01T16:10:03.422+0100] {processor.py:183} INFO - Processing /home/ubuntu/.local/lib/python3.10/site-packages/airflow/example_dags/plugins/workday.py took 0.595 seconds
[2024-01-01T16:10:53.531+0100] {processor.py:161} INFO - Started process (PID=4485) to work on /home/ubuntu/.local/lib/python3.10/site-packages/airflow/example_dags/plugins/workday.py
[2024-01-01T16:10:53.541+0100] {processor.py:830} INFO - Processing file /home/ubuntu/.local/lib/python3.10/site-packages/airflow/example_dags/plugins/workday.py for tasks to queue
[2024-01-01T16:10:53.542+0100] {logging_mixin.py:188} INFO - [2024-01-01T16:10:53.542+0100] {dagbag.py:538} INFO - Filling up the DagBag from /home/ubuntu/.local/lib/python3.10/site-packages/airflow/example_dags/plugins/workday.py
[2024-01-01T16:10:53.992+0100] {processor.py:842} WARNING - No viable dags retrieved from /home/ubuntu/.local/lib/python3.10/site-packages/airflow/example_dags/plugins/workday.py
[2024-01-01T16:10:53.995+0100] {processor.py:183} INFO - Processing /home/ubuntu/.local/lib/python3.10/site-packages/airflow/example_dags/plugins/workday.py took 0.468 seconds
[2024-01-01T16:11:32.550+0100] {processor.py:161} INFO - Started process (PID=4534) to work on /home/ubuntu/.local/lib/python3.10/site-packages/airflow/example_dags/plugins/workday.py
[2024-01-01T16:11:32.551+0100] {processor.py:830} INFO - Processing file /home/ubuntu/.local/lib/python3.10/site-packages/airflow/example_dags/plugins/workday.py for tasks to queue
[2024-01-01T16:11:32.551+0100] {logging_mixin.py:188} INFO - [2024-01-01T16:11:32.551+0100] {dagbag.py:538} INFO - Filling up the DagBag from /home/ubuntu/.local/lib/python3.10/site-packages/airflow/example_dags/plugins/workday.py
[2024-01-01T16:11:32.850+0100] {processor.py:842} WARNING - No viable dags retrieved from /home/ubuntu/.local/lib/python3.10/site-packages/airflow/example_dags/plugins/workday.py
[2024-01-01T16:11:32.854+0100] {processor.py:183} INFO - Processing /home/ubuntu/.local/lib/python3.10/site-packages/airflow/example_dags/plugins/workday.py took 0.306 seconds
[2024-01-01T16:12:25.569+0100] {processor.py:161} INFO - Started process (PID=4730) to work on /home/ubuntu/.local/lib/python3.10/site-packages/airflow/example_dags/plugins/workday.py
[2024-01-01T16:12:25.578+0100] {processor.py:830} INFO - Processing file /home/ubuntu/.local/lib/python3.10/site-packages/airflow/example_dags/plugins/workday.py for tasks to queue
[2024-01-01T16:12:25.579+0100] {logging_mixin.py:188} INFO - [2024-01-01T16:12:25.579+0100] {dagbag.py:538} INFO - Filling up the DagBag from /home/ubuntu/.local/lib/python3.10/site-packages/airflow/example_dags/plugins/workday.py
[2024-01-01T16:12:25.919+0100] {processor.py:842} WARNING - No viable dags retrieved from /home/ubuntu/.local/lib/python3.10/site-packages/airflow/example_dags/plugins/workday.py
[2024-01-01T16:12:25.923+0100] {processor.py:183} INFO - Processing /home/ubuntu/.local/lib/python3.10/site-packages/airflow/example_dags/plugins/workday.py took 0.356 seconds
[2024-01-01T16:13:03.999+0100] {processor.py:161} INFO - Started process (PID=4794) to work on /home/ubuntu/.local/lib/python3.10/site-packages/airflow/example_dags/plugins/workday.py
[2024-01-01T16:13:03.999+0100] {processor.py:830} INFO - Processing file /home/ubuntu/.local/lib/python3.10/site-packages/airflow/example_dags/plugins/workday.py for tasks to queue
[2024-01-01T16:13:04.000+0100] {logging_mixin.py:188} INFO - [2024-01-01T16:13:04.000+0100] {dagbag.py:538} INFO - Filling up the DagBag from /home/ubuntu/.local/lib/python3.10/site-packages/airflow/example_dags/plugins/workday.py
[2024-01-01T16:13:04.417+0100] {processor.py:842} WARNING - No viable dags retrieved from /home/ubuntu/.local/lib/python3.10/site-packages/airflow/example_dags/plugins/workday.py
[2024-01-01T16:13:04.421+0100] {processor.py:183} INFO - Processing /home/ubuntu/.local/lib/python3.10/site-packages/airflow/example_dags/plugins/workday.py took 0.424 seconds
[2024-01-01T16:13:59.560+0100] {processor.py:161} INFO - Started process (PID=4865) to work on /home/ubuntu/.local/lib/python3.10/site-packages/airflow/example_dags/plugins/workday.py
[2024-01-01T16:13:59.572+0100] {processor.py:830} INFO - Processing file /home/ubuntu/.local/lib/python3.10/site-packages/airflow/example_dags/plugins/workday.py for tasks to queue
[2024-01-01T16:13:59.574+0100] {logging_mixin.py:188} INFO - [2024-01-01T16:13:59.573+0100] {dagbag.py:538} INFO - Filling up the DagBag from /home/ubuntu/.local/lib/python3.10/site-packages/airflow/example_dags/plugins/workday.py
[2024-01-01T16:13:59.933+0100] {processor.py:842} WARNING - No viable dags retrieved from /home/ubuntu/.local/lib/python3.10/site-packages/airflow/example_dags/plugins/workday.py
[2024-01-01T16:13:59.937+0100] {processor.py:183} INFO - Processing /home/ubuntu/.local/lib/python3.10/site-packages/airflow/example_dags/plugins/workday.py took 0.385 seconds
[2024-01-01T16:14:52.823+0100] {processor.py:161} INFO - Started process (PID=4986) to work on /home/ubuntu/.local/lib/python3.10/site-packages/airflow/example_dags/plugins/workday.py
[2024-01-01T16:14:52.826+0100] {processor.py:830} INFO - Processing file /home/ubuntu/.local/lib/python3.10/site-packages/airflow/example_dags/plugins/workday.py for tasks to queue
[2024-01-01T16:14:52.827+0100] {logging_mixin.py:188} INFO - [2024-01-01T16:14:52.827+0100] {dagbag.py:538} INFO - Filling up the DagBag from /home/ubuntu/.local/lib/python3.10/site-packages/airflow/example_dags/plugins/workday.py
[2024-01-01T16:14:53.542+0100] {processor.py:842} WARNING - No viable dags retrieved from /home/ubuntu/.local/lib/python3.10/site-packages/airflow/example_dags/plugins/workday.py
[2024-01-01T16:14:53.546+0100] {processor.py:183} INFO - Processing /home/ubuntu/.local/lib/python3.10/site-packages/airflow/example_dags/plugins/workday.py took 0.727 seconds
[2024-01-01T16:15:41.999+0100] {processor.py:161} INFO - Started process (PID=5063) to work on /home/ubuntu/.local/lib/python3.10/site-packages/airflow/example_dags/plugins/workday.py
[2024-01-01T16:15:42.009+0100] {processor.py:830} INFO - Processing file /home/ubuntu/.local/lib/python3.10/site-packages/airflow/example_dags/plugins/workday.py for tasks to queue
[2024-01-01T16:15:42.011+0100] {logging_mixin.py:188} INFO - [2024-01-01T16:15:42.010+0100] {dagbag.py:538} INFO - Filling up the DagBag from /home/ubuntu/.local/lib/python3.10/site-packages/airflow/example_dags/plugins/workday.py
[2024-01-01T16:15:42.393+0100] {processor.py:842} WARNING - No viable dags retrieved from /home/ubuntu/.local/lib/python3.10/site-packages/airflow/example_dags/plugins/workday.py
[2024-01-01T16:15:42.397+0100] {processor.py:183} INFO - Processing /home/ubuntu/.local/lib/python3.10/site-packages/airflow/example_dags/plugins/workday.py took 0.400 seconds
[2024-01-01T16:16:19.688+0100] {processor.py:161} INFO - Started process (PID=5174) to work on /home/ubuntu/.local/lib/python3.10/site-packages/airflow/example_dags/plugins/workday.py
[2024-01-01T16:16:19.700+0100] {processor.py:830} INFO - Processing file /home/ubuntu/.local/lib/python3.10/site-packages/airflow/example_dags/plugins/workday.py for tasks to queue
[2024-01-01T16:16:19.703+0100] {logging_mixin.py:188} INFO - [2024-01-01T16:16:19.702+0100] {dagbag.py:538} INFO - Filling up the DagBag from /home/ubuntu/.local/lib/python3.10/site-packages/airflow/example_dags/plugins/workday.py
[2024-01-01T16:16:20.240+0100] {processor.py:842} WARNING - No viable dags retrieved from /home/ubuntu/.local/lib/python3.10/site-packages/airflow/example_dags/plugins/workday.py
[2024-01-01T16:16:20.245+0100] {processor.py:183} INFO - Processing /home/ubuntu/.local/lib/python3.10/site-packages/airflow/example_dags/plugins/workday.py took 0.564 seconds
[2024-01-01T16:16:57.336+0100] {processor.py:161} INFO - Started process (PID=5234) to work on /home/ubuntu/.local/lib/python3.10/site-packages/airflow/example_dags/plugins/workday.py
[2024-01-01T16:16:57.339+0100] {processor.py:830} INFO - Processing file /home/ubuntu/.local/lib/python3.10/site-packages/airflow/example_dags/plugins/workday.py for tasks to queue
[2024-01-01T16:16:57.341+0100] {logging_mixin.py:188} INFO - [2024-01-01T16:16:57.340+0100] {dagbag.py:538} INFO - Filling up the DagBag from /home/ubuntu/.local/lib/python3.10/site-packages/airflow/example_dags/plugins/workday.py
[2024-01-01T16:16:57.660+0100] {processor.py:842} WARNING - No viable dags retrieved from /home/ubuntu/.local/lib/python3.10/site-packages/airflow/example_dags/plugins/workday.py
[2024-01-01T16:16:57.664+0100] {processor.py:183} INFO - Processing /home/ubuntu/.local/lib/python3.10/site-packages/airflow/example_dags/plugins/workday.py took 0.335 seconds
[2024-01-01T16:17:35.162+0100] {processor.py:161} INFO - Started process (PID=5286) to work on /home/ubuntu/.local/lib/python3.10/site-packages/airflow/example_dags/plugins/workday.py
[2024-01-01T16:17:35.164+0100] {processor.py:830} INFO - Processing file /home/ubuntu/.local/lib/python3.10/site-packages/airflow/example_dags/plugins/workday.py for tasks to queue
[2024-01-01T16:17:35.166+0100] {logging_mixin.py:188} INFO - [2024-01-01T16:17:35.165+0100] {dagbag.py:538} INFO - Filling up the DagBag from /home/ubuntu/.local/lib/python3.10/site-packages/airflow/example_dags/plugins/workday.py
[2024-01-01T16:17:35.454+0100] {processor.py:842} WARNING - No viable dags retrieved from /home/ubuntu/.local/lib/python3.10/site-packages/airflow/example_dags/plugins/workday.py
[2024-01-01T16:17:35.458+0100] {processor.py:183} INFO - Processing /home/ubuntu/.local/lib/python3.10/site-packages/airflow/example_dags/plugins/workday.py took 0.303 seconds
[2024-01-01T16:18:28.053+0100] {processor.py:161} INFO - Started process (PID=5353) to work on /home/ubuntu/.local/lib/python3.10/site-packages/airflow/example_dags/plugins/workday.py
[2024-01-01T16:18:28.056+0100] {processor.py:830} INFO - Processing file /home/ubuntu/.local/lib/python3.10/site-packages/airflow/example_dags/plugins/workday.py for tasks to queue
[2024-01-01T16:18:28.058+0100] {logging_mixin.py:188} INFO - [2024-01-01T16:18:28.057+0100] {dagbag.py:538} INFO - Filling up the DagBag from /home/ubuntu/.local/lib/python3.10/site-packages/airflow/example_dags/plugins/workday.py
[2024-01-01T16:18:28.363+0100] {processor.py:842} WARNING - No viable dags retrieved from /home/ubuntu/.local/lib/python3.10/site-packages/airflow/example_dags/plugins/workday.py
[2024-01-01T16:18:28.367+0100] {processor.py:183} INFO - Processing /home/ubuntu/.local/lib/python3.10/site-packages/airflow/example_dags/plugins/workday.py took 0.320 seconds
[2024-01-01T16:19:19.337+0100] {processor.py:161} INFO - Started process (PID=5461) to work on /home/ubuntu/.local/lib/python3.10/site-packages/airflow/example_dags/plugins/workday.py
[2024-01-01T16:19:19.348+0100] {processor.py:830} INFO - Processing file /home/ubuntu/.local/lib/python3.10/site-packages/airflow/example_dags/plugins/workday.py for tasks to queue
[2024-01-01T16:19:19.350+0100] {logging_mixin.py:188} INFO - [2024-01-01T16:19:19.349+0100] {dagbag.py:538} INFO - Filling up the DagBag from /home/ubuntu/.local/lib/python3.10/site-packages/airflow/example_dags/plugins/workday.py
[2024-01-01T16:19:19.796+0100] {processor.py:842} WARNING - No viable dags retrieved from /home/ubuntu/.local/lib/python3.10/site-packages/airflow/example_dags/plugins/workday.py
[2024-01-01T16:19:19.801+0100] {processor.py:183} INFO - Processing /home/ubuntu/.local/lib/python3.10/site-packages/airflow/example_dags/plugins/workday.py took 0.469 seconds
[2024-01-01T16:19:58.281+0100] {processor.py:161} INFO - Started process (PID=5562) to work on /home/ubuntu/.local/lib/python3.10/site-packages/airflow/example_dags/plugins/workday.py
[2024-01-01T16:19:58.282+0100] {processor.py:830} INFO - Processing file /home/ubuntu/.local/lib/python3.10/site-packages/airflow/example_dags/plugins/workday.py for tasks to queue
[2024-01-01T16:19:58.283+0100] {logging_mixin.py:188} INFO - [2024-01-01T16:19:58.283+0100] {dagbag.py:538} INFO - Filling up the DagBag from /home/ubuntu/.local/lib/python3.10/site-packages/airflow/example_dags/plugins/workday.py
[2024-01-01T16:19:59.012+0100] {processor.py:842} WARNING - No viable dags retrieved from /home/ubuntu/.local/lib/python3.10/site-packages/airflow/example_dags/plugins/workday.py
[2024-01-01T16:19:59.017+0100] {processor.py:183} INFO - Processing /home/ubuntu/.local/lib/python3.10/site-packages/airflow/example_dags/plugins/workday.py took 0.738 seconds
[2024-01-01T16:20:50.498+0100] {processor.py:161} INFO - Started process (PID=5738) to work on /home/ubuntu/.local/lib/python3.10/site-packages/airflow/example_dags/plugins/workday.py
[2024-01-01T16:20:50.507+0100] {processor.py:830} INFO - Processing file /home/ubuntu/.local/lib/python3.10/site-packages/airflow/example_dags/plugins/workday.py for tasks to queue
[2024-01-01T16:20:50.509+0100] {logging_mixin.py:188} INFO - [2024-01-01T16:20:50.508+0100] {dagbag.py:538} INFO - Filling up the DagBag from /home/ubuntu/.local/lib/python3.10/site-packages/airflow/example_dags/plugins/workday.py
[2024-01-01T16:20:50.891+0100] {processor.py:842} WARNING - No viable dags retrieved from /home/ubuntu/.local/lib/python3.10/site-packages/airflow/example_dags/plugins/workday.py
[2024-01-01T16:20:50.896+0100] {processor.py:183} INFO - Processing /home/ubuntu/.local/lib/python3.10/site-packages/airflow/example_dags/plugins/workday.py took 0.407 seconds
[2024-01-01T16:21:39.754+0100] {processor.py:161} INFO - Started process (PID=5860) to work on /home/ubuntu/.local/lib/python3.10/site-packages/airflow/example_dags/plugins/workday.py
[2024-01-01T16:21:39.766+0100] {processor.py:830} INFO - Processing file /home/ubuntu/.local/lib/python3.10/site-packages/airflow/example_dags/plugins/workday.py for tasks to queue
[2024-01-01T16:21:39.768+0100] {logging_mixin.py:188} INFO - [2024-01-01T16:21:39.767+0100] {dagbag.py:538} INFO - Filling up the DagBag from /home/ubuntu/.local/lib/python3.10/site-packages/airflow/example_dags/plugins/workday.py
[2024-01-01T16:21:40.165+0100] {processor.py:842} WARNING - No viable dags retrieved from /home/ubuntu/.local/lib/python3.10/site-packages/airflow/example_dags/plugins/workday.py
[2024-01-01T16:21:40.170+0100] {processor.py:183} INFO - Processing /home/ubuntu/.local/lib/python3.10/site-packages/airflow/example_dags/plugins/workday.py took 0.423 seconds
[2024-01-01T16:23:13.159+0100] {processor.py:161} INFO - Started process (PID=5943) to work on /home/ubuntu/.local/lib/python3.10/site-packages/airflow/example_dags/plugins/workday.py
[2024-01-01T16:23:13.169+0100] {processor.py:830} INFO - Processing file /home/ubuntu/.local/lib/python3.10/site-packages/airflow/example_dags/plugins/workday.py for tasks to queue
[2024-01-01T16:23:13.169+0100] {logging_mixin.py:188} INFO - [2024-01-01T16:23:13.169+0100] {dagbag.py:538} INFO - Filling up the DagBag from /home/ubuntu/.local/lib/python3.10/site-packages/airflow/example_dags/plugins/workday.py
[2024-01-01T16:23:13.441+0100] {processor.py:842} WARNING - No viable dags retrieved from /home/ubuntu/.local/lib/python3.10/site-packages/airflow/example_dags/plugins/workday.py
[2024-01-01T16:23:13.445+0100] {processor.py:183} INFO - Processing /home/ubuntu/.local/lib/python3.10/site-packages/airflow/example_dags/plugins/workday.py took 0.289 seconds
[2024-01-01T16:24:12.353+0100] {processor.py:161} INFO - Started process (PID=6022) to work on /home/ubuntu/.local/lib/python3.10/site-packages/airflow/example_dags/plugins/workday.py
[2024-01-01T16:24:12.355+0100] {processor.py:830} INFO - Processing file /home/ubuntu/.local/lib/python3.10/site-packages/airflow/example_dags/plugins/workday.py for tasks to queue
[2024-01-01T16:24:12.355+0100] {logging_mixin.py:188} INFO - [2024-01-01T16:24:12.355+0100] {dagbag.py:538} INFO - Filling up the DagBag from /home/ubuntu/.local/lib/python3.10/site-packages/airflow/example_dags/plugins/workday.py
[2024-01-01T16:24:12.666+0100] {processor.py:842} WARNING - No viable dags retrieved from /home/ubuntu/.local/lib/python3.10/site-packages/airflow/example_dags/plugins/workday.py
[2024-01-01T16:24:12.669+0100] {processor.py:183} INFO - Processing /home/ubuntu/.local/lib/python3.10/site-packages/airflow/example_dags/plugins/workday.py took 0.318 seconds
[2024-01-01T16:24:59.338+0100] {processor.py:161} INFO - Started process (PID=6207) to work on /home/ubuntu/.local/lib/python3.10/site-packages/airflow/example_dags/plugins/workday.py
[2024-01-01T16:24:59.348+0100] {processor.py:830} INFO - Processing file /home/ubuntu/.local/lib/python3.10/site-packages/airflow/example_dags/plugins/workday.py for tasks to queue
[2024-01-01T16:24:59.349+0100] {logging_mixin.py:188} INFO - [2024-01-01T16:24:59.349+0100] {dagbag.py:538} INFO - Filling up the DagBag from /home/ubuntu/.local/lib/python3.10/site-packages/airflow/example_dags/plugins/workday.py
[2024-01-01T16:24:59.656+0100] {processor.py:842} WARNING - No viable dags retrieved from /home/ubuntu/.local/lib/python3.10/site-packages/airflow/example_dags/plugins/workday.py
[2024-01-01T16:24:59.660+0100] {processor.py:183} INFO - Processing /home/ubuntu/.local/lib/python3.10/site-packages/airflow/example_dags/plugins/workday.py took 0.326 seconds
[2024-01-01T16:25:47.901+0100] {processor.py:161} INFO - Started process (PID=6323) to work on /home/ubuntu/.local/lib/python3.10/site-packages/airflow/example_dags/plugins/workday.py
[2024-01-01T16:25:47.913+0100] {processor.py:830} INFO - Processing file /home/ubuntu/.local/lib/python3.10/site-packages/airflow/example_dags/plugins/workday.py for tasks to queue
[2024-01-01T16:25:47.915+0100] {logging_mixin.py:188} INFO - [2024-01-01T16:25:47.914+0100] {dagbag.py:538} INFO - Filling up the DagBag from /home/ubuntu/.local/lib/python3.10/site-packages/airflow/example_dags/plugins/workday.py
[2024-01-01T16:25:48.217+0100] {processor.py:842} WARNING - No viable dags retrieved from /home/ubuntu/.local/lib/python3.10/site-packages/airflow/example_dags/plugins/workday.py
[2024-01-01T16:25:48.220+0100] {processor.py:183} INFO - Processing /home/ubuntu/.local/lib/python3.10/site-packages/airflow/example_dags/plugins/workday.py took 0.327 seconds
[2024-01-01T16:26:40.594+0100] {processor.py:161} INFO - Started process (PID=6437) to work on /home/ubuntu/.local/lib/python3.10/site-packages/airflow/example_dags/plugins/workday.py
[2024-01-01T16:26:40.604+0100] {processor.py:830} INFO - Processing file /home/ubuntu/.local/lib/python3.10/site-packages/airflow/example_dags/plugins/workday.py for tasks to queue
[2024-01-01T16:26:40.605+0100] {logging_mixin.py:188} INFO - [2024-01-01T16:26:40.605+0100] {dagbag.py:538} INFO - Filling up the DagBag from /home/ubuntu/.local/lib/python3.10/site-packages/airflow/example_dags/plugins/workday.py
[2024-01-01T16:26:40.935+0100] {processor.py:842} WARNING - No viable dags retrieved from /home/ubuntu/.local/lib/python3.10/site-packages/airflow/example_dags/plugins/workday.py
[2024-01-01T16:26:40.939+0100] {processor.py:183} INFO - Processing /home/ubuntu/.local/lib/python3.10/site-packages/airflow/example_dags/plugins/workday.py took 0.347 seconds
[2024-01-01T16:27:17.174+0100] {processor.py:161} INFO - Started process (PID=6549) to work on /home/ubuntu/.local/lib/python3.10/site-packages/airflow/example_dags/plugins/workday.py
[2024-01-01T16:27:17.184+0100] {processor.py:830} INFO - Processing file /home/ubuntu/.local/lib/python3.10/site-packages/airflow/example_dags/plugins/workday.py for tasks to queue
[2024-01-01T16:27:17.184+0100] {logging_mixin.py:188} INFO - [2024-01-01T16:27:17.184+0100] {dagbag.py:538} INFO - Filling up the DagBag from /home/ubuntu/.local/lib/python3.10/site-packages/airflow/example_dags/plugins/workday.py
[2024-01-01T16:27:17.467+0100] {processor.py:842} WARNING - No viable dags retrieved from /home/ubuntu/.local/lib/python3.10/site-packages/airflow/example_dags/plugins/workday.py
[2024-01-01T16:27:17.471+0100] {processor.py:183} INFO - Processing /home/ubuntu/.local/lib/python3.10/site-packages/airflow/example_dags/plugins/workday.py took 0.299 seconds
[2024-01-01T16:28:05.917+0100] {processor.py:161} INFO - Started process (PID=6694) to work on /home/ubuntu/.local/lib/python3.10/site-packages/airflow/example_dags/plugins/workday.py
[2024-01-01T16:28:05.918+0100] {processor.py:830} INFO - Processing file /home/ubuntu/.local/lib/python3.10/site-packages/airflow/example_dags/plugins/workday.py for tasks to queue
[2024-01-01T16:28:05.919+0100] {logging_mixin.py:188} INFO - [2024-01-01T16:28:05.918+0100] {dagbag.py:538} INFO - Filling up the DagBag from /home/ubuntu/.local/lib/python3.10/site-packages/airflow/example_dags/plugins/workday.py
[2024-01-01T16:28:06.289+0100] {processor.py:842} WARNING - No viable dags retrieved from /home/ubuntu/.local/lib/python3.10/site-packages/airflow/example_dags/plugins/workday.py
[2024-01-01T16:28:06.294+0100] {processor.py:183} INFO - Processing /home/ubuntu/.local/lib/python3.10/site-packages/airflow/example_dags/plugins/workday.py took 0.384 seconds
[2024-01-01T16:28:58.567+0100] {processor.py:161} INFO - Started process (PID=6799) to work on /home/ubuntu/.local/lib/python3.10/site-packages/airflow/example_dags/plugins/workday.py
[2024-01-01T16:28:58.567+0100] {processor.py:830} INFO - Processing file /home/ubuntu/.local/lib/python3.10/site-packages/airflow/example_dags/plugins/workday.py for tasks to queue
[2024-01-01T16:28:58.568+0100] {logging_mixin.py:188} INFO - [2024-01-01T16:28:58.568+0100] {dagbag.py:538} INFO - Filling up the DagBag from /home/ubuntu/.local/lib/python3.10/site-packages/airflow/example_dags/plugins/workday.py
[2024-01-01T16:28:58.852+0100] {processor.py:842} WARNING - No viable dags retrieved from /home/ubuntu/.local/lib/python3.10/site-packages/airflow/example_dags/plugins/workday.py
[2024-01-01T16:28:58.856+0100] {processor.py:183} INFO - Processing /home/ubuntu/.local/lib/python3.10/site-packages/airflow/example_dags/plugins/workday.py took 0.291 seconds
[2024-01-01T16:29:36.522+0100] {processor.py:161} INFO - Started process (PID=6881) to work on /home/ubuntu/.local/lib/python3.10/site-packages/airflow/example_dags/plugins/workday.py
[2024-01-01T16:29:36.524+0100] {processor.py:830} INFO - Processing file /home/ubuntu/.local/lib/python3.10/site-packages/airflow/example_dags/plugins/workday.py for tasks to queue
[2024-01-01T16:29:36.526+0100] {logging_mixin.py:188} INFO - [2024-01-01T16:29:36.525+0100] {dagbag.py:538} INFO - Filling up the DagBag from /home/ubuntu/.local/lib/python3.10/site-packages/airflow/example_dags/plugins/workday.py
[2024-01-01T16:29:36.837+0100] {processor.py:842} WARNING - No viable dags retrieved from /home/ubuntu/.local/lib/python3.10/site-packages/airflow/example_dags/plugins/workday.py
[2024-01-01T16:29:36.841+0100] {processor.py:183} INFO - Processing /home/ubuntu/.local/lib/python3.10/site-packages/airflow/example_dags/plugins/workday.py took 0.327 seconds
[2024-01-01T16:30:28.198+0100] {processor.py:161} INFO - Started process (PID=6999) to work on /home/ubuntu/.local/lib/python3.10/site-packages/airflow/example_dags/plugins/workday.py
[2024-01-01T16:30:28.200+0100] {processor.py:830} INFO - Processing file /home/ubuntu/.local/lib/python3.10/site-packages/airflow/example_dags/plugins/workday.py for tasks to queue
[2024-01-01T16:30:28.201+0100] {logging_mixin.py:188} INFO - [2024-01-01T16:30:28.201+0100] {dagbag.py:538} INFO - Filling up the DagBag from /home/ubuntu/.local/lib/python3.10/site-packages/airflow/example_dags/plugins/workday.py
[2024-01-01T16:30:28.620+0100] {processor.py:842} WARNING - No viable dags retrieved from /home/ubuntu/.local/lib/python3.10/site-packages/airflow/example_dags/plugins/workday.py
[2024-01-01T16:30:28.624+0100] {processor.py:183} INFO - Processing /home/ubuntu/.local/lib/python3.10/site-packages/airflow/example_dags/plugins/workday.py took 0.429 seconds
[2024-01-01T16:31:06.922+0100] {processor.py:161} INFO - Started process (PID=7063) to work on /home/ubuntu/.local/lib/python3.10/site-packages/airflow/example_dags/plugins/workday.py
[2024-01-01T16:31:06.924+0100] {processor.py:830} INFO - Processing file /home/ubuntu/.local/lib/python3.10/site-packages/airflow/example_dags/plugins/workday.py for tasks to queue
[2024-01-01T16:31:06.925+0100] {logging_mixin.py:188} INFO - [2024-01-01T16:31:06.925+0100] {dagbag.py:538} INFO - Filling up the DagBag from /home/ubuntu/.local/lib/python3.10/site-packages/airflow/example_dags/plugins/workday.py
[2024-01-01T16:31:07.283+0100] {processor.py:842} WARNING - No viable dags retrieved from /home/ubuntu/.local/lib/python3.10/site-packages/airflow/example_dags/plugins/workday.py
[2024-01-01T16:31:07.288+0100] {processor.py:183} INFO - Processing /home/ubuntu/.local/lib/python3.10/site-packages/airflow/example_dags/plugins/workday.py took 0.369 seconds
[2024-01-01T16:31:58.642+0100] {processor.py:161} INFO - Started process (PID=7154) to work on /home/ubuntu/.local/lib/python3.10/site-packages/airflow/example_dags/plugins/workday.py
[2024-01-01T16:31:58.644+0100] {processor.py:830} INFO - Processing file /home/ubuntu/.local/lib/python3.10/site-packages/airflow/example_dags/plugins/workday.py for tasks to queue
[2024-01-01T16:31:58.645+0100] {logging_mixin.py:188} INFO - [2024-01-01T16:31:58.644+0100] {dagbag.py:538} INFO - Filling up the DagBag from /home/ubuntu/.local/lib/python3.10/site-packages/airflow/example_dags/plugins/workday.py
[2024-01-01T16:31:59.025+0100] {processor.py:842} WARNING - No viable dags retrieved from /home/ubuntu/.local/lib/python3.10/site-packages/airflow/example_dags/plugins/workday.py
[2024-01-01T16:31:59.030+0100] {processor.py:183} INFO - Processing /home/ubuntu/.local/lib/python3.10/site-packages/airflow/example_dags/plugins/workday.py took 0.392 seconds
[2024-01-01T16:32:55.399+0100] {processor.py:161} INFO - Started process (PID=7321) to work on /home/ubuntu/.local/lib/python3.10/site-packages/airflow/example_dags/plugins/workday.py
[2024-01-01T16:32:55.400+0100] {processor.py:830} INFO - Processing file /home/ubuntu/.local/lib/python3.10/site-packages/airflow/example_dags/plugins/workday.py for tasks to queue
[2024-01-01T16:32:55.401+0100] {logging_mixin.py:188} INFO - [2024-01-01T16:32:55.401+0100] {dagbag.py:538} INFO - Filling up the DagBag from /home/ubuntu/.local/lib/python3.10/site-packages/airflow/example_dags/plugins/workday.py
[2024-01-01T16:32:57.890+0100] {processor.py:842} WARNING - No viable dags retrieved from /home/ubuntu/.local/lib/python3.10/site-packages/airflow/example_dags/plugins/workday.py
[2024-01-01T16:32:57.897+0100] {processor.py:183} INFO - Processing /home/ubuntu/.local/lib/python3.10/site-packages/airflow/example_dags/plugins/workday.py took 2.501 seconds
[2024-01-01T16:33:40.397+0100] {processor.py:161} INFO - Started process (PID=7456) to work on /home/ubuntu/.local/lib/python3.10/site-packages/airflow/example_dags/plugins/workday.py
[2024-01-01T16:33:40.398+0100] {processor.py:830} INFO - Processing file /home/ubuntu/.local/lib/python3.10/site-packages/airflow/example_dags/plugins/workday.py for tasks to queue
[2024-01-01T16:33:40.399+0100] {logging_mixin.py:188} INFO - [2024-01-01T16:33:40.398+0100] {dagbag.py:538} INFO - Filling up the DagBag from /home/ubuntu/.local/lib/python3.10/site-packages/airflow/example_dags/plugins/workday.py
[2024-01-01T16:33:40.827+0100] {processor.py:842} WARNING - No viable dags retrieved from /home/ubuntu/.local/lib/python3.10/site-packages/airflow/example_dags/plugins/workday.py
[2024-01-01T16:33:40.831+0100] {processor.py:183} INFO - Processing /home/ubuntu/.local/lib/python3.10/site-packages/airflow/example_dags/plugins/workday.py took 0.438 seconds
[2024-01-01T16:34:20.777+0100] {processor.py:161} INFO - Started process (PID=7604) to work on /home/ubuntu/.local/lib/python3.10/site-packages/airflow/example_dags/plugins/workday.py
[2024-01-01T16:34:20.779+0100] {processor.py:830} INFO - Processing file /home/ubuntu/.local/lib/python3.10/site-packages/airflow/example_dags/plugins/workday.py for tasks to queue
[2024-01-01T16:34:20.781+0100] {logging_mixin.py:188} INFO - [2024-01-01T16:34:20.780+0100] {dagbag.py:538} INFO - Filling up the DagBag from /home/ubuntu/.local/lib/python3.10/site-packages/airflow/example_dags/plugins/workday.py
[2024-01-01T16:34:21.239+0100] {processor.py:842} WARNING - No viable dags retrieved from /home/ubuntu/.local/lib/python3.10/site-packages/airflow/example_dags/plugins/workday.py
[2024-01-01T16:34:21.243+0100] {processor.py:183} INFO - Processing /home/ubuntu/.local/lib/python3.10/site-packages/airflow/example_dags/plugins/workday.py took 0.471 seconds
