[2023-12-31T13:58:54.478+0100] {processor.py:161} INFO - Started process (PID=12238) to work on /home/ubuntu/.local/lib/python3.10/site-packages/airflow/example_dags/example_setup_teardown.py
[2023-12-31T13:58:54.479+0100] {processor.py:830} INFO - Processing file /home/ubuntu/.local/lib/python3.10/site-packages/airflow/example_dags/example_setup_teardown.py for tasks to queue
[2023-12-31T13:58:54.483+0100] {logging_mixin.py:188} INFO - [2023-12-31T13:58:54.483+0100] {dagbag.py:538} INFO - Filling up the DagBag from /home/ubuntu/.local/lib/python3.10/site-packages/airflow/example_dags/example_setup_teardown.py
[2023-12-31T13:58:54.503+0100] {processor.py:840} INFO - DAG(s) 'example_setup_teardown' retrieved from /home/ubuntu/.local/lib/python3.10/site-packages/airflow/example_dags/example_setup_teardown.py
[2023-12-31T13:58:54.528+0100] {logging_mixin.py:188} INFO - [2023-12-31T13:58:54.528+0100] {dag.py:3033} INFO - Sync 1 DAGs
[2023-12-31T13:58:54.574+0100] {logging_mixin.py:188} INFO - [2023-12-31T13:58:54.573+0100] {dag.py:3820} INFO - Setting next_dagrun for example_setup_teardown to 2023-12-30T00:00:00+00:00, run_after=2023-12-31T00:00:00+00:00
[2023-12-31T13:58:54.609+0100] {processor.py:183} INFO - Processing /home/ubuntu/.local/lib/python3.10/site-packages/airflow/example_dags/example_setup_teardown.py took 0.135 seconds
[2023-12-31T13:59:57.194+0100] {processor.py:161} INFO - Started process (PID=12638) to work on /home/ubuntu/.local/lib/python3.10/site-packages/airflow/example_dags/example_setup_teardown.py
[2023-12-31T13:59:57.205+0100] {processor.py:830} INFO - Processing file /home/ubuntu/.local/lib/python3.10/site-packages/airflow/example_dags/example_setup_teardown.py for tasks to queue
[2023-12-31T13:59:57.206+0100] {logging_mixin.py:188} INFO - [2023-12-31T13:59:57.205+0100] {dagbag.py:538} INFO - Filling up the DagBag from /home/ubuntu/.local/lib/python3.10/site-packages/airflow/example_dags/example_setup_teardown.py
[2023-12-31T13:59:57.211+0100] {processor.py:840} INFO - DAG(s) 'example_setup_teardown' retrieved from /home/ubuntu/.local/lib/python3.10/site-packages/airflow/example_dags/example_setup_teardown.py
[2023-12-31T13:59:57.228+0100] {logging_mixin.py:188} INFO - [2023-12-31T13:59:57.227+0100] {dag.py:3033} INFO - Sync 1 DAGs
[2023-12-31T13:59:57.246+0100] {logging_mixin.py:188} INFO - [2023-12-31T13:59:57.245+0100] {dag.py:3820} INFO - Setting next_dagrun for example_setup_teardown to 2023-12-30T00:00:00+00:00, run_after=2023-12-31T00:00:00+00:00
[2023-12-31T13:59:57.270+0100] {processor.py:183} INFO - Processing /home/ubuntu/.local/lib/python3.10/site-packages/airflow/example_dags/example_setup_teardown.py took 0.081 seconds
[2023-12-31T14:00:54.883+0100] {processor.py:161} INFO - Started process (PID=13522) to work on /home/ubuntu/.local/lib/python3.10/site-packages/airflow/example_dags/example_setup_teardown.py
[2023-12-31T14:00:54.886+0100] {processor.py:830} INFO - Processing file /home/ubuntu/.local/lib/python3.10/site-packages/airflow/example_dags/example_setup_teardown.py for tasks to queue
[2023-12-31T14:00:54.887+0100] {logging_mixin.py:188} INFO - [2023-12-31T14:00:54.886+0100] {dagbag.py:538} INFO - Filling up the DagBag from /home/ubuntu/.local/lib/python3.10/site-packages/airflow/example_dags/example_setup_teardown.py
[2023-12-31T14:00:54.898+0100] {processor.py:840} INFO - DAG(s) 'example_setup_teardown' retrieved from /home/ubuntu/.local/lib/python3.10/site-packages/airflow/example_dags/example_setup_teardown.py
[2023-12-31T14:00:54.912+0100] {logging_mixin.py:188} INFO - [2023-12-31T14:00:54.912+0100] {dag.py:3033} INFO - Sync 1 DAGs
[2023-12-31T14:00:54.924+0100] {logging_mixin.py:188} INFO - [2023-12-31T14:00:54.924+0100] {dag.py:3820} INFO - Setting next_dagrun for example_setup_teardown to 2023-12-30T00:00:00+00:00, run_after=2023-12-31T00:00:00+00:00
[2023-12-31T14:00:54.944+0100] {processor.py:183} INFO - Processing /home/ubuntu/.local/lib/python3.10/site-packages/airflow/example_dags/example_setup_teardown.py took 0.065 seconds
[2023-12-31T14:01:51.708+0100] {processor.py:161} INFO - Started process (PID=13730) to work on /home/ubuntu/.local/lib/python3.10/site-packages/airflow/example_dags/example_setup_teardown.py
[2023-12-31T14:01:51.710+0100] {processor.py:830} INFO - Processing file /home/ubuntu/.local/lib/python3.10/site-packages/airflow/example_dags/example_setup_teardown.py for tasks to queue
[2023-12-31T14:01:51.711+0100] {logging_mixin.py:188} INFO - [2023-12-31T14:01:51.710+0100] {dagbag.py:538} INFO - Filling up the DagBag from /home/ubuntu/.local/lib/python3.10/site-packages/airflow/example_dags/example_setup_teardown.py
[2023-12-31T14:01:51.721+0100] {processor.py:840} INFO - DAG(s) 'example_setup_teardown' retrieved from /home/ubuntu/.local/lib/python3.10/site-packages/airflow/example_dags/example_setup_teardown.py
[2023-12-31T14:01:51.738+0100] {logging_mixin.py:188} INFO - [2023-12-31T14:01:51.738+0100] {dag.py:3033} INFO - Sync 1 DAGs
[2023-12-31T14:01:51.755+0100] {logging_mixin.py:188} INFO - [2023-12-31T14:01:51.755+0100] {dag.py:3820} INFO - Setting next_dagrun for example_setup_teardown to 2023-12-30T00:00:00+00:00, run_after=2023-12-31T00:00:00+00:00
[2023-12-31T14:01:51.773+0100] {processor.py:183} INFO - Processing /home/ubuntu/.local/lib/python3.10/site-packages/airflow/example_dags/example_setup_teardown.py took 0.069 seconds
[2023-12-31T14:02:46.444+0100] {processor.py:161} INFO - Started process (PID=13936) to work on /home/ubuntu/.local/lib/python3.10/site-packages/airflow/example_dags/example_setup_teardown.py
[2023-12-31T14:02:46.445+0100] {processor.py:830} INFO - Processing file /home/ubuntu/.local/lib/python3.10/site-packages/airflow/example_dags/example_setup_teardown.py for tasks to queue
[2023-12-31T14:02:46.446+0100] {logging_mixin.py:188} INFO - [2023-12-31T14:02:46.446+0100] {dagbag.py:538} INFO - Filling up the DagBag from /home/ubuntu/.local/lib/python3.10/site-packages/airflow/example_dags/example_setup_teardown.py
[2023-12-31T14:02:46.453+0100] {processor.py:840} INFO - DAG(s) 'example_setup_teardown' retrieved from /home/ubuntu/.local/lib/python3.10/site-packages/airflow/example_dags/example_setup_teardown.py
[2023-12-31T14:02:46.466+0100] {logging_mixin.py:188} INFO - [2023-12-31T14:02:46.466+0100] {dag.py:3033} INFO - Sync 1 DAGs
[2023-12-31T14:02:46.486+0100] {logging_mixin.py:188} INFO - [2023-12-31T14:02:46.486+0100] {dag.py:3820} INFO - Setting next_dagrun for example_setup_teardown to 2023-12-30T00:00:00+00:00, run_after=2023-12-31T00:00:00+00:00
[2023-12-31T14:02:46.508+0100] {processor.py:183} INFO - Processing /home/ubuntu/.local/lib/python3.10/site-packages/airflow/example_dags/example_setup_teardown.py took 0.067 seconds
[2023-12-31T14:03:38.931+0100] {processor.py:161} INFO - Started process (PID=14311) to work on /home/ubuntu/.local/lib/python3.10/site-packages/airflow/example_dags/example_setup_teardown.py
[2023-12-31T14:03:38.932+0100] {processor.py:830} INFO - Processing file /home/ubuntu/.local/lib/python3.10/site-packages/airflow/example_dags/example_setup_teardown.py for tasks to queue
[2023-12-31T14:03:38.933+0100] {logging_mixin.py:188} INFO - [2023-12-31T14:03:38.933+0100] {dagbag.py:538} INFO - Filling up the DagBag from /home/ubuntu/.local/lib/python3.10/site-packages/airflow/example_dags/example_setup_teardown.py
[2023-12-31T14:03:38.946+0100] {processor.py:840} INFO - DAG(s) 'example_setup_teardown' retrieved from /home/ubuntu/.local/lib/python3.10/site-packages/airflow/example_dags/example_setup_teardown.py
[2023-12-31T14:03:38.968+0100] {logging_mixin.py:188} INFO - [2023-12-31T14:03:38.968+0100] {dag.py:3033} INFO - Sync 1 DAGs
[2023-12-31T14:03:38.995+0100] {logging_mixin.py:188} INFO - [2023-12-31T14:03:38.995+0100] {dag.py:3820} INFO - Setting next_dagrun for example_setup_teardown to 2023-12-30T00:00:00+00:00, run_after=2023-12-31T00:00:00+00:00
[2023-12-31T14:03:39.017+0100] {processor.py:183} INFO - Processing /home/ubuntu/.local/lib/python3.10/site-packages/airflow/example_dags/example_setup_teardown.py took 0.092 seconds
[2023-12-31T14:04:34.103+0100] {processor.py:161} INFO - Started process (PID=14426) to work on /home/ubuntu/.local/lib/python3.10/site-packages/airflow/example_dags/example_setup_teardown.py
[2023-12-31T14:04:34.105+0100] {processor.py:830} INFO - Processing file /home/ubuntu/.local/lib/python3.10/site-packages/airflow/example_dags/example_setup_teardown.py for tasks to queue
[2023-12-31T14:04:34.106+0100] {logging_mixin.py:188} INFO - [2023-12-31T14:04:34.106+0100] {dagbag.py:538} INFO - Filling up the DagBag from /home/ubuntu/.local/lib/python3.10/site-packages/airflow/example_dags/example_setup_teardown.py
[2023-12-31T14:04:34.114+0100] {processor.py:840} INFO - DAG(s) 'example_setup_teardown' retrieved from /home/ubuntu/.local/lib/python3.10/site-packages/airflow/example_dags/example_setup_teardown.py
[2023-12-31T14:04:34.129+0100] {logging_mixin.py:188} INFO - [2023-12-31T14:04:34.129+0100] {dag.py:3033} INFO - Sync 1 DAGs
[2023-12-31T14:04:34.146+0100] {logging_mixin.py:188} INFO - [2023-12-31T14:04:34.145+0100] {dag.py:3820} INFO - Setting next_dagrun for example_setup_teardown to 2023-12-30T00:00:00+00:00, run_after=2023-12-31T00:00:00+00:00
[2023-12-31T14:04:34.169+0100] {processor.py:183} INFO - Processing /home/ubuntu/.local/lib/python3.10/site-packages/airflow/example_dags/example_setup_teardown.py took 0.069 seconds
[2023-12-31T14:05:34.110+0100] {processor.py:161} INFO - Started process (PID=14721) to work on /home/ubuntu/.local/lib/python3.10/site-packages/airflow/example_dags/example_setup_teardown.py
[2023-12-31T14:05:34.111+0100] {processor.py:830} INFO - Processing file /home/ubuntu/.local/lib/python3.10/site-packages/airflow/example_dags/example_setup_teardown.py for tasks to queue
[2023-12-31T14:05:34.113+0100] {logging_mixin.py:188} INFO - [2023-12-31T14:05:34.112+0100] {dagbag.py:538} INFO - Filling up the DagBag from /home/ubuntu/.local/lib/python3.10/site-packages/airflow/example_dags/example_setup_teardown.py
[2023-12-31T14:05:34.122+0100] {processor.py:840} INFO - DAG(s) 'example_setup_teardown' retrieved from /home/ubuntu/.local/lib/python3.10/site-packages/airflow/example_dags/example_setup_teardown.py
[2023-12-31T14:05:34.140+0100] {logging_mixin.py:188} INFO - [2023-12-31T14:05:34.139+0100] {dag.py:3033} INFO - Sync 1 DAGs
[2023-12-31T14:05:34.160+0100] {logging_mixin.py:188} INFO - [2023-12-31T14:05:34.160+0100] {dag.py:3820} INFO - Setting next_dagrun for example_setup_teardown to 2023-12-30T00:00:00+00:00, run_after=2023-12-31T00:00:00+00:00
[2023-12-31T14:05:34.191+0100] {processor.py:183} INFO - Processing /home/ubuntu/.local/lib/python3.10/site-packages/airflow/example_dags/example_setup_teardown.py took 0.085 seconds
