[2023-12-31T13:59:19.059+0100] {processor.py:161} INFO - Started process (PID=12486) to work on /home/ubuntu/.local/lib/python3.10/site-packages/airflow/example_dags/example_branch_python_dop_operator_3.py
[2023-12-31T13:59:19.060+0100] {processor.py:830} INFO - Processing file /home/ubuntu/.local/lib/python3.10/site-packages/airflow/example_dags/example_branch_python_dop_operator_3.py for tasks to queue
[2023-12-31T13:59:19.061+0100] {logging_mixin.py:188} INFO - [2023-12-31T13:59:19.060+0100] {dagbag.py:538} INFO - Filling up the DagBag from /home/ubuntu/.local/lib/python3.10/site-packages/airflow/example_dags/example_branch_python_dop_operator_3.py
[2023-12-31T13:59:19.067+0100] {processor.py:840} INFO - DAG(s) 'example_branch_dop_operator_v3' retrieved from /home/ubuntu/.local/lib/python3.10/site-packages/airflow/example_dags/example_branch_python_dop_operator_3.py
[2023-12-31T13:59:19.085+0100] {logging_mixin.py:188} INFO - [2023-12-31T13:59:19.084+0100] {dag.py:3033} INFO - Sync 1 DAGs
[2023-12-31T13:59:19.114+0100] {logging_mixin.py:188} INFO - [2023-12-31T13:59:19.114+0100] {dag.py:3820} INFO - Setting next_dagrun for example_branch_dop_operator_v3 to 2023-12-31T12:58:00+00:00, run_after=2023-12-31T12:59:00+00:00
[2023-12-31T13:59:19.148+0100] {processor.py:183} INFO - Processing /home/ubuntu/.local/lib/python3.10/site-packages/airflow/example_dags/example_branch_python_dop_operator_3.py took 0.091 seconds
[2023-12-31T14:00:07.456+0100] {processor.py:161} INFO - Started process (PID=12955) to work on /home/ubuntu/.local/lib/python3.10/site-packages/airflow/example_dags/example_branch_python_dop_operator_3.py
[2023-12-31T14:00:07.459+0100] {processor.py:830} INFO - Processing file /home/ubuntu/.local/lib/python3.10/site-packages/airflow/example_dags/example_branch_python_dop_operator_3.py for tasks to queue
[2023-12-31T14:00:07.460+0100] {logging_mixin.py:188} INFO - [2023-12-31T14:00:07.459+0100] {dagbag.py:538} INFO - Filling up the DagBag from /home/ubuntu/.local/lib/python3.10/site-packages/airflow/example_dags/example_branch_python_dop_operator_3.py
[2023-12-31T14:00:07.482+0100] {processor.py:840} INFO - DAG(s) 'example_branch_dop_operator_v3' retrieved from /home/ubuntu/.local/lib/python3.10/site-packages/airflow/example_dags/example_branch_python_dop_operator_3.py
[2023-12-31T14:00:07.500+0100] {logging_mixin.py:188} INFO - [2023-12-31T14:00:07.500+0100] {dag.py:3033} INFO - Sync 1 DAGs
[2023-12-31T14:00:07.522+0100] {logging_mixin.py:188} INFO - [2023-12-31T14:00:07.522+0100] {dag.py:3820} INFO - Setting next_dagrun for example_branch_dop_operator_v3 to 2023-12-31T12:59:00+00:00, run_after=2023-12-31T13:00:00+00:00
[2023-12-31T14:00:07.544+0100] {processor.py:183} INFO - Processing /home/ubuntu/.local/lib/python3.10/site-packages/airflow/example_dags/example_branch_python_dop_operator_3.py took 0.092 seconds
[2023-12-31T14:01:06.116+0100] {processor.py:161} INFO - Started process (PID=13546) to work on /home/ubuntu/.local/lib/python3.10/site-packages/airflow/example_dags/example_branch_python_dop_operator_3.py
[2023-12-31T14:01:06.126+0100] {processor.py:830} INFO - Processing file /home/ubuntu/.local/lib/python3.10/site-packages/airflow/example_dags/example_branch_python_dop_operator_3.py for tasks to queue
[2023-12-31T14:01:06.127+0100] {logging_mixin.py:188} INFO - [2023-12-31T14:01:06.127+0100] {dagbag.py:538} INFO - Filling up the DagBag from /home/ubuntu/.local/lib/python3.10/site-packages/airflow/example_dags/example_branch_python_dop_operator_3.py
[2023-12-31T14:01:06.144+0100] {processor.py:840} INFO - DAG(s) 'example_branch_dop_operator_v3' retrieved from /home/ubuntu/.local/lib/python3.10/site-packages/airflow/example_dags/example_branch_python_dop_operator_3.py
[2023-12-31T14:01:06.160+0100] {logging_mixin.py:188} INFO - [2023-12-31T14:01:06.160+0100] {dag.py:3033} INFO - Sync 1 DAGs
[2023-12-31T14:01:06.179+0100] {logging_mixin.py:188} INFO - [2023-12-31T14:01:06.179+0100] {dag.py:3820} INFO - Setting next_dagrun for example_branch_dop_operator_v3 to 2023-12-31T13:00:00+00:00, run_after=2023-12-31T13:01:00+00:00
[2023-12-31T14:01:06.196+0100] {processor.py:183} INFO - Processing /home/ubuntu/.local/lib/python3.10/site-packages/airflow/example_dags/example_branch_python_dop_operator_3.py took 0.084 seconds
[2023-12-31T14:02:00.811+0100] {processor.py:161} INFO - Started process (PID=13746) to work on /home/ubuntu/.local/lib/python3.10/site-packages/airflow/example_dags/example_branch_python_dop_operator_3.py
[2023-12-31T14:02:00.812+0100] {processor.py:830} INFO - Processing file /home/ubuntu/.local/lib/python3.10/site-packages/airflow/example_dags/example_branch_python_dop_operator_3.py for tasks to queue
[2023-12-31T14:02:00.813+0100] {logging_mixin.py:188} INFO - [2023-12-31T14:02:00.813+0100] {dagbag.py:538} INFO - Filling up the DagBag from /home/ubuntu/.local/lib/python3.10/site-packages/airflow/example_dags/example_branch_python_dop_operator_3.py
[2023-12-31T14:02:00.825+0100] {processor.py:840} INFO - DAG(s) 'example_branch_dop_operator_v3' retrieved from /home/ubuntu/.local/lib/python3.10/site-packages/airflow/example_dags/example_branch_python_dop_operator_3.py
[2023-12-31T14:02:00.838+0100] {logging_mixin.py:188} INFO - [2023-12-31T14:02:00.838+0100] {dag.py:3033} INFO - Sync 1 DAGs
[2023-12-31T14:02:00.853+0100] {logging_mixin.py:188} INFO - [2023-12-31T14:02:00.853+0100] {dag.py:3820} INFO - Setting next_dagrun for example_branch_dop_operator_v3 to 2023-12-31T13:01:00+00:00, run_after=2023-12-31T13:02:00+00:00
[2023-12-31T14:02:00.872+0100] {processor.py:183} INFO - Processing /home/ubuntu/.local/lib/python3.10/site-packages/airflow/example_dags/example_branch_python_dop_operator_3.py took 0.065 seconds
[2023-12-31T14:02:56.124+0100] {processor.py:161} INFO - Started process (PID=13958) to work on /home/ubuntu/.local/lib/python3.10/site-packages/airflow/example_dags/example_branch_python_dop_operator_3.py
[2023-12-31T14:02:56.125+0100] {processor.py:830} INFO - Processing file /home/ubuntu/.local/lib/python3.10/site-packages/airflow/example_dags/example_branch_python_dop_operator_3.py for tasks to queue
[2023-12-31T14:02:56.126+0100] {logging_mixin.py:188} INFO - [2023-12-31T14:02:56.126+0100] {dagbag.py:538} INFO - Filling up the DagBag from /home/ubuntu/.local/lib/python3.10/site-packages/airflow/example_dags/example_branch_python_dop_operator_3.py
[2023-12-31T14:02:56.140+0100] {processor.py:840} INFO - DAG(s) 'example_branch_dop_operator_v3' retrieved from /home/ubuntu/.local/lib/python3.10/site-packages/airflow/example_dags/example_branch_python_dop_operator_3.py
[2023-12-31T14:02:56.161+0100] {logging_mixin.py:188} INFO - [2023-12-31T14:02:56.160+0100] {dag.py:3033} INFO - Sync 1 DAGs
[2023-12-31T14:02:56.190+0100] {logging_mixin.py:188} INFO - [2023-12-31T14:02:56.190+0100] {dag.py:3820} INFO - Setting next_dagrun for example_branch_dop_operator_v3 to 2023-12-31T13:01:00+00:00, run_after=2023-12-31T13:02:00+00:00
[2023-12-31T14:02:56.216+0100] {processor.py:183} INFO - Processing /home/ubuntu/.local/lib/python3.10/site-packages/airflow/example_dags/example_branch_python_dop_operator_3.py took 0.098 seconds
[2023-12-31T14:03:47.749+0100] {processor.py:161} INFO - Started process (PID=14327) to work on /home/ubuntu/.local/lib/python3.10/site-packages/airflow/example_dags/example_branch_python_dop_operator_3.py
[2023-12-31T14:03:47.759+0100] {processor.py:830} INFO - Processing file /home/ubuntu/.local/lib/python3.10/site-packages/airflow/example_dags/example_branch_python_dop_operator_3.py for tasks to queue
[2023-12-31T14:03:47.760+0100] {logging_mixin.py:188} INFO - [2023-12-31T14:03:47.760+0100] {dagbag.py:538} INFO - Filling up the DagBag from /home/ubuntu/.local/lib/python3.10/site-packages/airflow/example_dags/example_branch_python_dop_operator_3.py
[2023-12-31T14:03:47.772+0100] {processor.py:840} INFO - DAG(s) 'example_branch_dop_operator_v3' retrieved from /home/ubuntu/.local/lib/python3.10/site-packages/airflow/example_dags/example_branch_python_dop_operator_3.py
[2023-12-31T14:03:47.789+0100] {logging_mixin.py:188} INFO - [2023-12-31T14:03:47.789+0100] {dag.py:3033} INFO - Sync 1 DAGs
[2023-12-31T14:03:47.808+0100] {logging_mixin.py:188} INFO - [2023-12-31T14:03:47.808+0100] {dag.py:3820} INFO - Setting next_dagrun for example_branch_dop_operator_v3 to 2023-12-31T13:02:00+00:00, run_after=2023-12-31T13:03:00+00:00
[2023-12-31T14:03:47.828+0100] {processor.py:183} INFO - Processing /home/ubuntu/.local/lib/python3.10/site-packages/airflow/example_dags/example_branch_python_dop_operator_3.py took 0.083 seconds
[2023-12-31T14:04:44.612+0100] {processor.py:161} INFO - Started process (PID=14604) to work on /home/ubuntu/.local/lib/python3.10/site-packages/airflow/example_dags/example_branch_python_dop_operator_3.py
[2023-12-31T14:04:44.613+0100] {processor.py:830} INFO - Processing file /home/ubuntu/.local/lib/python3.10/site-packages/airflow/example_dags/example_branch_python_dop_operator_3.py for tasks to queue
[2023-12-31T14:04:44.614+0100] {logging_mixin.py:188} INFO - [2023-12-31T14:04:44.614+0100] {dagbag.py:538} INFO - Filling up the DagBag from /home/ubuntu/.local/lib/python3.10/site-packages/airflow/example_dags/example_branch_python_dop_operator_3.py
[2023-12-31T14:04:44.627+0100] {processor.py:840} INFO - DAG(s) 'example_branch_dop_operator_v3' retrieved from /home/ubuntu/.local/lib/python3.10/site-packages/airflow/example_dags/example_branch_python_dop_operator_3.py
[2023-12-31T14:04:44.647+0100] {logging_mixin.py:188} INFO - [2023-12-31T14:04:44.647+0100] {dag.py:3033} INFO - Sync 1 DAGs
[2023-12-31T14:04:44.693+0100] {logging_mixin.py:188} INFO - [2023-12-31T14:04:44.693+0100] {dag.py:3820} INFO - Setting next_dagrun for example_branch_dop_operator_v3 to 2023-12-31T13:03:00+00:00, run_after=2023-12-31T13:04:00+00:00
[2023-12-31T14:04:44.724+0100] {processor.py:183} INFO - Processing /home/ubuntu/.local/lib/python3.10/site-packages/airflow/example_dags/example_branch_python_dop_operator_3.py took 0.117 seconds
[2023-12-31T14:05:27.792+0100] {processor.py:161} INFO - Started process (PID=14714) to work on /home/ubuntu/.local/lib/python3.10/site-packages/airflow/example_dags/example_branch_python_dop_operator_3.py
[2023-12-31T14:05:27.796+0100] {processor.py:830} INFO - Processing file /home/ubuntu/.local/lib/python3.10/site-packages/airflow/example_dags/example_branch_python_dop_operator_3.py for tasks to queue
[2023-12-31T14:05:27.797+0100] {logging_mixin.py:188} INFO - [2023-12-31T14:05:27.797+0100] {dagbag.py:538} INFO - Filling up the DagBag from /home/ubuntu/.local/lib/python3.10/site-packages/airflow/example_dags/example_branch_python_dop_operator_3.py
[2023-12-31T14:05:27.809+0100] {processor.py:840} INFO - DAG(s) 'example_branch_dop_operator_v3' retrieved from /home/ubuntu/.local/lib/python3.10/site-packages/airflow/example_dags/example_branch_python_dop_operator_3.py
[2023-12-31T14:05:27.822+0100] {logging_mixin.py:188} INFO - [2023-12-31T14:05:27.822+0100] {dag.py:3033} INFO - Sync 1 DAGs
[2023-12-31T14:05:27.840+0100] {logging_mixin.py:188} INFO - [2023-12-31T14:05:27.839+0100] {dag.py:3820} INFO - Setting next_dagrun for example_branch_dop_operator_v3 to 2023-12-31T13:04:00+00:00, run_after=2023-12-31T13:05:00+00:00
[2023-12-31T14:05:27.857+0100] {processor.py:183} INFO - Processing /home/ubuntu/.local/lib/python3.10/site-packages/airflow/example_dags/example_branch_python_dop_operator_3.py took 0.079 seconds
[2023-12-31T14:06:25.039+0100] {processor.py:161} INFO - Started process (PID=14927) to work on /home/ubuntu/.local/lib/python3.10/site-packages/airflow/example_dags/example_branch_python_dop_operator_3.py
[2023-12-31T14:06:25.051+0100] {processor.py:830} INFO - Processing file /home/ubuntu/.local/lib/python3.10/site-packages/airflow/example_dags/example_branch_python_dop_operator_3.py for tasks to queue
[2023-12-31T14:06:25.053+0100] {logging_mixin.py:188} INFO - [2023-12-31T14:06:25.053+0100] {dagbag.py:538} INFO - Filling up the DagBag from /home/ubuntu/.local/lib/python3.10/site-packages/airflow/example_dags/example_branch_python_dop_operator_3.py
[2023-12-31T14:06:25.074+0100] {processor.py:840} INFO - DAG(s) 'example_branch_dop_operator_v3' retrieved from /home/ubuntu/.local/lib/python3.10/site-packages/airflow/example_dags/example_branch_python_dop_operator_3.py
[2023-12-31T14:06:25.091+0100] {logging_mixin.py:188} INFO - [2023-12-31T14:06:25.091+0100] {dag.py:3033} INFO - Sync 1 DAGs
[2023-12-31T14:06:25.110+0100] {logging_mixin.py:188} INFO - [2023-12-31T14:06:25.110+0100] {dag.py:3820} INFO - Setting next_dagrun for example_branch_dop_operator_v3 to 2023-12-31T13:05:00+00:00, run_after=2023-12-31T13:06:00+00:00
[2023-12-31T14:06:25.127+0100] {processor.py:183} INFO - Processing /home/ubuntu/.local/lib/python3.10/site-packages/airflow/example_dags/example_branch_python_dop_operator_3.py took 0.095 seconds
