[2023-12-31T13:59:20.202+0100] {processor.py:161} INFO - Started process (PID=12487) to work on /home/ubuntu/.local/lib/python3.10/site-packages/airflow/example_dags/example_external_task_marker_dag.py
[2023-12-31T13:59:20.203+0100] {processor.py:830} INFO - Processing file /home/ubuntu/.local/lib/python3.10/site-packages/airflow/example_dags/example_external_task_marker_dag.py for tasks to queue
[2023-12-31T13:59:20.204+0100] {logging_mixin.py:188} INFO - [2023-12-31T13:59:20.203+0100] {dagbag.py:538} INFO - Filling up the DagBag from /home/ubuntu/.local/lib/python3.10/site-packages/airflow/example_dags/example_external_task_marker_dag.py
[2023-12-31T13:59:20.214+0100] {processor.py:840} INFO - DAG(s) 'example_external_task_marker_child', 'example_external_task_marker_parent' retrieved from /home/ubuntu/.local/lib/python3.10/site-packages/airflow/example_dags/example_external_task_marker_dag.py
[2023-12-31T13:59:20.240+0100] {logging_mixin.py:188} INFO - [2023-12-31T13:59:20.239+0100] {dag.py:3033} INFO - Sync 2 DAGs
[2023-12-31T13:59:20.251+0100] {logging_mixin.py:188} INFO - [2023-12-31T13:59:20.251+0100] {dag.py:3820} INFO - Setting next_dagrun for example_external_task_marker_child to None, run_after=None
[2023-12-31T13:59:20.256+0100] {logging_mixin.py:188} INFO - [2023-12-31T13:59:20.256+0100] {dag.py:3820} INFO - Setting next_dagrun for example_external_task_marker_parent to None, run_after=None
[2023-12-31T13:59:20.280+0100] {processor.py:183} INFO - Processing /home/ubuntu/.local/lib/python3.10/site-packages/airflow/example_dags/example_external_task_marker_dag.py took 0.081 seconds
[2023-12-31T14:00:08.602+0100] {processor.py:161} INFO - Started process (PID=12973) to work on /home/ubuntu/.local/lib/python3.10/site-packages/airflow/example_dags/example_external_task_marker_dag.py
[2023-12-31T14:00:08.605+0100] {processor.py:830} INFO - Processing file /home/ubuntu/.local/lib/python3.10/site-packages/airflow/example_dags/example_external_task_marker_dag.py for tasks to queue
[2023-12-31T14:00:08.606+0100] {logging_mixin.py:188} INFO - [2023-12-31T14:00:08.605+0100] {dagbag.py:538} INFO - Filling up the DagBag from /home/ubuntu/.local/lib/python3.10/site-packages/airflow/example_dags/example_external_task_marker_dag.py
[2023-12-31T14:00:08.618+0100] {processor.py:840} INFO - DAG(s) 'example_external_task_marker_child', 'example_external_task_marker_parent' retrieved from /home/ubuntu/.local/lib/python3.10/site-packages/airflow/example_dags/example_external_task_marker_dag.py
[2023-12-31T14:00:08.646+0100] {logging_mixin.py:188} INFO - [2023-12-31T14:00:08.646+0100] {dag.py:3033} INFO - Sync 2 DAGs
[2023-12-31T14:00:08.658+0100] {logging_mixin.py:188} INFO - [2023-12-31T14:00:08.657+0100] {dag.py:3820} INFO - Setting next_dagrun for example_external_task_marker_child to None, run_after=None
[2023-12-31T14:00:08.662+0100] {logging_mixin.py:188} INFO - [2023-12-31T14:00:08.661+0100] {dag.py:3820} INFO - Setting next_dagrun for example_external_task_marker_parent to None, run_after=None
[2023-12-31T14:00:08.689+0100] {processor.py:183} INFO - Processing /home/ubuntu/.local/lib/python3.10/site-packages/airflow/example_dags/example_external_task_marker_dag.py took 0.091 seconds
[2023-12-31T14:01:07.249+0100] {processor.py:161} INFO - Started process (PID=13547) to work on /home/ubuntu/.local/lib/python3.10/site-packages/airflow/example_dags/example_external_task_marker_dag.py
[2023-12-31T14:01:07.251+0100] {processor.py:830} INFO - Processing file /home/ubuntu/.local/lib/python3.10/site-packages/airflow/example_dags/example_external_task_marker_dag.py for tasks to queue
[2023-12-31T14:01:07.251+0100] {logging_mixin.py:188} INFO - [2023-12-31T14:01:07.251+0100] {dagbag.py:538} INFO - Filling up the DagBag from /home/ubuntu/.local/lib/python3.10/site-packages/airflow/example_dags/example_external_task_marker_dag.py
[2023-12-31T14:01:07.256+0100] {processor.py:840} INFO - DAG(s) 'example_external_task_marker_parent', 'example_external_task_marker_child' retrieved from /home/ubuntu/.local/lib/python3.10/site-packages/airflow/example_dags/example_external_task_marker_dag.py
[2023-12-31T14:01:07.272+0100] {logging_mixin.py:188} INFO - [2023-12-31T14:01:07.272+0100] {dag.py:3033} INFO - Sync 2 DAGs
[2023-12-31T14:01:07.283+0100] {logging_mixin.py:188} INFO - [2023-12-31T14:01:07.283+0100] {dag.py:3820} INFO - Setting next_dagrun for example_external_task_marker_child to None, run_after=None
[2023-12-31T14:01:07.286+0100] {logging_mixin.py:188} INFO - [2023-12-31T14:01:07.286+0100] {dag.py:3820} INFO - Setting next_dagrun for example_external_task_marker_parent to None, run_after=None
[2023-12-31T14:01:07.306+0100] {processor.py:183} INFO - Processing /home/ubuntu/.local/lib/python3.10/site-packages/airflow/example_dags/example_external_task_marker_dag.py took 0.060 seconds
[2023-12-31T14:02:01.947+0100] {processor.py:161} INFO - Started process (PID=13747) to work on /home/ubuntu/.local/lib/python3.10/site-packages/airflow/example_dags/example_external_task_marker_dag.py
[2023-12-31T14:02:01.948+0100] {processor.py:830} INFO - Processing file /home/ubuntu/.local/lib/python3.10/site-packages/airflow/example_dags/example_external_task_marker_dag.py for tasks to queue
[2023-12-31T14:02:01.949+0100] {logging_mixin.py:188} INFO - [2023-12-31T14:02:01.948+0100] {dagbag.py:538} INFO - Filling up the DagBag from /home/ubuntu/.local/lib/python3.10/site-packages/airflow/example_dags/example_external_task_marker_dag.py
[2023-12-31T14:02:01.954+0100] {processor.py:840} INFO - DAG(s) 'example_external_task_marker_parent', 'example_external_task_marker_child' retrieved from /home/ubuntu/.local/lib/python3.10/site-packages/airflow/example_dags/example_external_task_marker_dag.py
[2023-12-31T14:02:01.969+0100] {logging_mixin.py:188} INFO - [2023-12-31T14:02:01.969+0100] {dag.py:3033} INFO - Sync 2 DAGs
[2023-12-31T14:02:01.977+0100] {logging_mixin.py:188} INFO - [2023-12-31T14:02:01.977+0100] {dag.py:3820} INFO - Setting next_dagrun for example_external_task_marker_child to None, run_after=None
[2023-12-31T14:02:01.987+0100] {logging_mixin.py:188} INFO - [2023-12-31T14:02:01.987+0100] {dag.py:3820} INFO - Setting next_dagrun for example_external_task_marker_parent to None, run_after=None
[2023-12-31T14:02:02.006+0100] {processor.py:183} INFO - Processing /home/ubuntu/.local/lib/python3.10/site-packages/airflow/example_dags/example_external_task_marker_dag.py took 0.062 seconds
[2023-12-31T14:02:56.785+0100] {processor.py:161} INFO - Started process (PID=13959) to work on /home/ubuntu/.local/lib/python3.10/site-packages/airflow/example_dags/example_external_task_marker_dag.py
[2023-12-31T14:02:56.789+0100] {processor.py:830} INFO - Processing file /home/ubuntu/.local/lib/python3.10/site-packages/airflow/example_dags/example_external_task_marker_dag.py for tasks to queue
[2023-12-31T14:02:56.789+0100] {logging_mixin.py:188} INFO - [2023-12-31T14:02:56.789+0100] {dagbag.py:538} INFO - Filling up the DagBag from /home/ubuntu/.local/lib/python3.10/site-packages/airflow/example_dags/example_external_task_marker_dag.py
[2023-12-31T14:02:56.799+0100] {processor.py:840} INFO - DAG(s) 'example_external_task_marker_child', 'example_external_task_marker_parent' retrieved from /home/ubuntu/.local/lib/python3.10/site-packages/airflow/example_dags/example_external_task_marker_dag.py
[2023-12-31T14:02:56.816+0100] {logging_mixin.py:188} INFO - [2023-12-31T14:02:56.816+0100] {dag.py:3033} INFO - Sync 2 DAGs
[2023-12-31T14:02:56.825+0100] {logging_mixin.py:188} INFO - [2023-12-31T14:02:56.825+0100] {dag.py:3820} INFO - Setting next_dagrun for example_external_task_marker_child to None, run_after=None
[2023-12-31T14:02:56.828+0100] {logging_mixin.py:188} INFO - [2023-12-31T14:02:56.828+0100] {dag.py:3820} INFO - Setting next_dagrun for example_external_task_marker_parent to None, run_after=None
[2023-12-31T14:02:56.845+0100] {processor.py:183} INFO - Processing /home/ubuntu/.local/lib/python3.10/site-packages/airflow/example_dags/example_external_task_marker_dag.py took 0.063 seconds
[2023-12-31T14:03:48.101+0100] {processor.py:161} INFO - Started process (PID=14328) to work on /home/ubuntu/.local/lib/python3.10/site-packages/airflow/example_dags/example_external_task_marker_dag.py
[2023-12-31T14:03:48.103+0100] {processor.py:830} INFO - Processing file /home/ubuntu/.local/lib/python3.10/site-packages/airflow/example_dags/example_external_task_marker_dag.py for tasks to queue
[2023-12-31T14:03:48.104+0100] {logging_mixin.py:188} INFO - [2023-12-31T14:03:48.103+0100] {dagbag.py:538} INFO - Filling up the DagBag from /home/ubuntu/.local/lib/python3.10/site-packages/airflow/example_dags/example_external_task_marker_dag.py
[2023-12-31T14:03:48.111+0100] {processor.py:840} INFO - DAG(s) 'example_external_task_marker_parent', 'example_external_task_marker_child' retrieved from /home/ubuntu/.local/lib/python3.10/site-packages/airflow/example_dags/example_external_task_marker_dag.py
[2023-12-31T14:03:48.125+0100] {logging_mixin.py:188} INFO - [2023-12-31T14:03:48.125+0100] {dag.py:3033} INFO - Sync 2 DAGs
[2023-12-31T14:03:48.132+0100] {logging_mixin.py:188} INFO - [2023-12-31T14:03:48.132+0100] {dag.py:3820} INFO - Setting next_dagrun for example_external_task_marker_child to None, run_after=None
[2023-12-31T14:03:48.136+0100] {logging_mixin.py:188} INFO - [2023-12-31T14:03:48.136+0100] {dag.py:3820} INFO - Setting next_dagrun for example_external_task_marker_parent to None, run_after=None
[2023-12-31T14:03:48.152+0100] {processor.py:183} INFO - Processing /home/ubuntu/.local/lib/python3.10/site-packages/airflow/example_dags/example_external_task_marker_dag.py took 0.056 seconds
[2023-12-31T14:04:45.090+0100] {processor.py:161} INFO - Started process (PID=14622) to work on /home/ubuntu/.local/lib/python3.10/site-packages/airflow/example_dags/example_external_task_marker_dag.py
[2023-12-31T14:04:45.091+0100] {processor.py:830} INFO - Processing file /home/ubuntu/.local/lib/python3.10/site-packages/airflow/example_dags/example_external_task_marker_dag.py for tasks to queue
[2023-12-31T14:04:45.093+0100] {logging_mixin.py:188} INFO - [2023-12-31T14:04:45.092+0100] {dagbag.py:538} INFO - Filling up the DagBag from /home/ubuntu/.local/lib/python3.10/site-packages/airflow/example_dags/example_external_task_marker_dag.py
[2023-12-31T14:04:45.109+0100] {processor.py:840} INFO - DAG(s) 'example_external_task_marker_child', 'example_external_task_marker_parent' retrieved from /home/ubuntu/.local/lib/python3.10/site-packages/airflow/example_dags/example_external_task_marker_dag.py
[2023-12-31T14:04:45.133+0100] {logging_mixin.py:188} INFO - [2023-12-31T14:04:45.133+0100] {dag.py:3033} INFO - Sync 2 DAGs
[2023-12-31T14:04:45.150+0100] {logging_mixin.py:188} INFO - [2023-12-31T14:04:45.149+0100] {dag.py:3820} INFO - Setting next_dagrun for example_external_task_marker_child to None, run_after=None
[2023-12-31T14:04:45.154+0100] {logging_mixin.py:188} INFO - [2023-12-31T14:04:45.154+0100] {dag.py:3820} INFO - Setting next_dagrun for example_external_task_marker_parent to None, run_after=None
[2023-12-31T14:04:45.181+0100] {processor.py:183} INFO - Processing /home/ubuntu/.local/lib/python3.10/site-packages/airflow/example_dags/example_external_task_marker_dag.py took 0.094 seconds
[2023-12-31T14:05:28.938+0100] {processor.py:161} INFO - Started process (PID=14715) to work on /home/ubuntu/.local/lib/python3.10/site-packages/airflow/example_dags/example_external_task_marker_dag.py
[2023-12-31T14:05:28.950+0100] {processor.py:830} INFO - Processing file /home/ubuntu/.local/lib/python3.10/site-packages/airflow/example_dags/example_external_task_marker_dag.py for tasks to queue
[2023-12-31T14:05:28.952+0100] {logging_mixin.py:188} INFO - [2023-12-31T14:05:28.951+0100] {dagbag.py:538} INFO - Filling up the DagBag from /home/ubuntu/.local/lib/python3.10/site-packages/airflow/example_dags/example_external_task_marker_dag.py
[2023-12-31T14:05:28.968+0100] {processor.py:840} INFO - DAG(s) 'example_external_task_marker_parent', 'example_external_task_marker_child' retrieved from /home/ubuntu/.local/lib/python3.10/site-packages/airflow/example_dags/example_external_task_marker_dag.py
[2023-12-31T14:05:28.996+0100] {logging_mixin.py:188} INFO - [2023-12-31T14:05:28.996+0100] {dag.py:3033} INFO - Sync 2 DAGs
[2023-12-31T14:05:29.005+0100] {logging_mixin.py:188} INFO - [2023-12-31T14:05:29.005+0100] {dag.py:3820} INFO - Setting next_dagrun for example_external_task_marker_child to None, run_after=None
[2023-12-31T14:05:29.007+0100] {logging_mixin.py:188} INFO - [2023-12-31T14:05:29.007+0100] {dag.py:3820} INFO - Setting next_dagrun for example_external_task_marker_parent to None, run_after=None
[2023-12-31T14:05:29.022+0100] {processor.py:183} INFO - Processing /home/ubuntu/.local/lib/python3.10/site-packages/airflow/example_dags/example_external_task_marker_dag.py took 0.093 seconds
[2023-12-31T14:06:26.083+0100] {processor.py:161} INFO - Started process (PID=14928) to work on /home/ubuntu/.local/lib/python3.10/site-packages/airflow/example_dags/example_external_task_marker_dag.py
[2023-12-31T14:06:26.093+0100] {processor.py:830} INFO - Processing file /home/ubuntu/.local/lib/python3.10/site-packages/airflow/example_dags/example_external_task_marker_dag.py for tasks to queue
[2023-12-31T14:06:26.094+0100] {logging_mixin.py:188} INFO - [2023-12-31T14:06:26.093+0100] {dagbag.py:538} INFO - Filling up the DagBag from /home/ubuntu/.local/lib/python3.10/site-packages/airflow/example_dags/example_external_task_marker_dag.py
[2023-12-31T14:06:26.101+0100] {processor.py:840} INFO - DAG(s) 'example_external_task_marker_child', 'example_external_task_marker_parent' retrieved from /home/ubuntu/.local/lib/python3.10/site-packages/airflow/example_dags/example_external_task_marker_dag.py
[2023-12-31T14:06:26.123+0100] {logging_mixin.py:188} INFO - [2023-12-31T14:06:26.123+0100] {dag.py:3033} INFO - Sync 2 DAGs
[2023-12-31T14:06:26.131+0100] {logging_mixin.py:188} INFO - [2023-12-31T14:06:26.131+0100] {dag.py:3820} INFO - Setting next_dagrun for example_external_task_marker_child to None, run_after=None
[2023-12-31T14:06:26.133+0100] {logging_mixin.py:188} INFO - [2023-12-31T14:06:26.133+0100] {dag.py:3820} INFO - Setting next_dagrun for example_external_task_marker_parent to None, run_after=None
[2023-12-31T14:06:26.147+0100] {processor.py:183} INFO - Processing /home/ubuntu/.local/lib/python3.10/site-packages/airflow/example_dags/example_external_task_marker_dag.py took 0.067 seconds
