[2023-12-31T13:59:21.346+0100] {processor.py:161} INFO - Started process (PID=12492) to work on /home/ubuntu/.local/lib/python3.10/site-packages/airflow/example_dags/example_branch_labels.py
[2023-12-31T13:59:21.347+0100] {processor.py:830} INFO - Processing file /home/ubuntu/.local/lib/python3.10/site-packages/airflow/example_dags/example_branch_labels.py for tasks to queue
[2023-12-31T13:59:21.348+0100] {logging_mixin.py:188} INFO - [2023-12-31T13:59:21.348+0100] {dagbag.py:538} INFO - Filling up the DagBag from /home/ubuntu/.local/lib/python3.10/site-packages/airflow/example_dags/example_branch_labels.py
[2023-12-31T13:59:21.368+0100] {processor.py:840} INFO - DAG(s) 'example_branch_labels' retrieved from /home/ubuntu/.local/lib/python3.10/site-packages/airflow/example_dags/example_branch_labels.py
[2023-12-31T13:59:21.388+0100] {logging_mixin.py:188} INFO - [2023-12-31T13:59:21.388+0100] {dag.py:3033} INFO - Sync 1 DAGs
[2023-12-31T13:59:21.413+0100] {logging_mixin.py:188} INFO - [2023-12-31T13:59:21.413+0100] {dag.py:3820} INFO - Setting next_dagrun for example_branch_labels to 2023-12-30T00:00:00+00:00, run_after=2023-12-31T00:00:00+00:00
[2023-12-31T13:59:21.438+0100] {processor.py:183} INFO - Processing /home/ubuntu/.local/lib/python3.10/site-packages/airflow/example_dags/example_branch_labels.py took 0.095 seconds
[2023-12-31T14:00:09.745+0100] {processor.py:161} INFO - Started process (PID=13096) to work on /home/ubuntu/.local/lib/python3.10/site-packages/airflow/example_dags/example_branch_labels.py
[2023-12-31T14:00:09.746+0100] {processor.py:830} INFO - Processing file /home/ubuntu/.local/lib/python3.10/site-packages/airflow/example_dags/example_branch_labels.py for tasks to queue
[2023-12-31T14:00:09.747+0100] {logging_mixin.py:188} INFO - [2023-12-31T14:00:09.746+0100] {dagbag.py:538} INFO - Filling up the DagBag from /home/ubuntu/.local/lib/python3.10/site-packages/airflow/example_dags/example_branch_labels.py
[2023-12-31T14:00:09.761+0100] {processor.py:840} INFO - DAG(s) 'example_branch_labels' retrieved from /home/ubuntu/.local/lib/python3.10/site-packages/airflow/example_dags/example_branch_labels.py
[2023-12-31T14:00:09.777+0100] {logging_mixin.py:188} INFO - [2023-12-31T14:00:09.777+0100] {dag.py:3033} INFO - Sync 1 DAGs
[2023-12-31T14:00:09.798+0100] {logging_mixin.py:188} INFO - [2023-12-31T14:00:09.798+0100] {dag.py:3820} INFO - Setting next_dagrun for example_branch_labels to 2023-12-30T00:00:00+00:00, run_after=2023-12-31T00:00:00+00:00
[2023-12-31T14:00:09.828+0100] {processor.py:183} INFO - Processing /home/ubuntu/.local/lib/python3.10/site-packages/airflow/example_dags/example_branch_labels.py took 0.087 seconds
[2023-12-31T14:01:07.805+0100] {processor.py:161} INFO - Started process (PID=13548) to work on /home/ubuntu/.local/lib/python3.10/site-packages/airflow/example_dags/example_branch_labels.py
[2023-12-31T14:01:07.806+0100] {processor.py:830} INFO - Processing file /home/ubuntu/.local/lib/python3.10/site-packages/airflow/example_dags/example_branch_labels.py for tasks to queue
[2023-12-31T14:01:07.807+0100] {logging_mixin.py:188} INFO - [2023-12-31T14:01:07.806+0100] {dagbag.py:538} INFO - Filling up the DagBag from /home/ubuntu/.local/lib/python3.10/site-packages/airflow/example_dags/example_branch_labels.py
[2023-12-31T14:01:07.816+0100] {processor.py:840} INFO - DAG(s) 'example_branch_labels' retrieved from /home/ubuntu/.local/lib/python3.10/site-packages/airflow/example_dags/example_branch_labels.py
[2023-12-31T14:01:07.833+0100] {logging_mixin.py:188} INFO - [2023-12-31T14:01:07.833+0100] {dag.py:3033} INFO - Sync 1 DAGs
[2023-12-31T14:01:07.849+0100] {logging_mixin.py:188} INFO - [2023-12-31T14:01:07.849+0100] {dag.py:3820} INFO - Setting next_dagrun for example_branch_labels to 2023-12-30T00:00:00+00:00, run_after=2023-12-31T00:00:00+00:00
[2023-12-31T14:01:07.868+0100] {processor.py:183} INFO - Processing /home/ubuntu/.local/lib/python3.10/site-packages/airflow/example_dags/example_branch_labels.py took 0.066 seconds
[2023-12-31T14:02:03.104+0100] {processor.py:161} INFO - Started process (PID=13750) to work on /home/ubuntu/.local/lib/python3.10/site-packages/airflow/example_dags/example_branch_labels.py
[2023-12-31T14:02:03.105+0100] {processor.py:830} INFO - Processing file /home/ubuntu/.local/lib/python3.10/site-packages/airflow/example_dags/example_branch_labels.py for tasks to queue
[2023-12-31T14:02:03.106+0100] {logging_mixin.py:188} INFO - [2023-12-31T14:02:03.106+0100] {dagbag.py:538} INFO - Filling up the DagBag from /home/ubuntu/.local/lib/python3.10/site-packages/airflow/example_dags/example_branch_labels.py
[2023-12-31T14:02:03.114+0100] {processor.py:840} INFO - DAG(s) 'example_branch_labels' retrieved from /home/ubuntu/.local/lib/python3.10/site-packages/airflow/example_dags/example_branch_labels.py
[2023-12-31T14:02:03.134+0100] {logging_mixin.py:188} INFO - [2023-12-31T14:02:03.134+0100] {dag.py:3033} INFO - Sync 1 DAGs
[2023-12-31T14:02:03.154+0100] {logging_mixin.py:188} INFO - [2023-12-31T14:02:03.154+0100] {dag.py:3820} INFO - Setting next_dagrun for example_branch_labels to 2023-12-30T00:00:00+00:00, run_after=2023-12-31T00:00:00+00:00
[2023-12-31T14:02:03.176+0100] {processor.py:183} INFO - Processing /home/ubuntu/.local/lib/python3.10/site-packages/airflow/example_dags/example_branch_labels.py took 0.074 seconds
[2023-12-31T14:02:57.093+0100] {processor.py:161} INFO - Started process (PID=13960) to work on /home/ubuntu/.local/lib/python3.10/site-packages/airflow/example_dags/example_branch_labels.py
[2023-12-31T14:02:57.095+0100] {processor.py:830} INFO - Processing file /home/ubuntu/.local/lib/python3.10/site-packages/airflow/example_dags/example_branch_labels.py for tasks to queue
[2023-12-31T14:02:57.096+0100] {logging_mixin.py:188} INFO - [2023-12-31T14:02:57.096+0100] {dagbag.py:538} INFO - Filling up the DagBag from /home/ubuntu/.local/lib/python3.10/site-packages/airflow/example_dags/example_branch_labels.py
[2023-12-31T14:02:57.105+0100] {processor.py:840} INFO - DAG(s) 'example_branch_labels' retrieved from /home/ubuntu/.local/lib/python3.10/site-packages/airflow/example_dags/example_branch_labels.py
[2023-12-31T14:02:57.120+0100] {logging_mixin.py:188} INFO - [2023-12-31T14:02:57.120+0100] {dag.py:3033} INFO - Sync 1 DAGs
[2023-12-31T14:02:57.135+0100] {logging_mixin.py:188} INFO - [2023-12-31T14:02:57.134+0100] {dag.py:3820} INFO - Setting next_dagrun for example_branch_labels to 2023-12-30T00:00:00+00:00, run_after=2023-12-31T00:00:00+00:00
[2023-12-31T14:02:57.152+0100] {processor.py:183} INFO - Processing /home/ubuntu/.local/lib/python3.10/site-packages/airflow/example_dags/example_branch_labels.py took 0.064 seconds
[2023-12-31T14:03:49.286+0100] {processor.py:161} INFO - Started process (PID=14329) to work on /home/ubuntu/.local/lib/python3.10/site-packages/airflow/example_dags/example_branch_labels.py
[2023-12-31T14:03:49.296+0100] {processor.py:830} INFO - Processing file /home/ubuntu/.local/lib/python3.10/site-packages/airflow/example_dags/example_branch_labels.py for tasks to queue
[2023-12-31T14:03:49.297+0100] {logging_mixin.py:188} INFO - [2023-12-31T14:03:49.296+0100] {dagbag.py:538} INFO - Filling up the DagBag from /home/ubuntu/.local/lib/python3.10/site-packages/airflow/example_dags/example_branch_labels.py
[2023-12-31T14:03:49.305+0100] {processor.py:840} INFO - DAG(s) 'example_branch_labels' retrieved from /home/ubuntu/.local/lib/python3.10/site-packages/airflow/example_dags/example_branch_labels.py
[2023-12-31T14:03:49.319+0100] {logging_mixin.py:188} INFO - [2023-12-31T14:03:49.319+0100] {dag.py:3033} INFO - Sync 1 DAGs
[2023-12-31T14:03:49.340+0100] {logging_mixin.py:188} INFO - [2023-12-31T14:03:49.340+0100] {dag.py:3820} INFO - Setting next_dagrun for example_branch_labels to 2023-12-30T00:00:00+00:00, run_after=2023-12-31T00:00:00+00:00
[2023-12-31T14:03:49.358+0100] {processor.py:183} INFO - Processing /home/ubuntu/.local/lib/python3.10/site-packages/airflow/example_dags/example_branch_labels.py took 0.076 seconds
[2023-12-31T14:04:46.247+0100] {processor.py:161} INFO - Started process (PID=14634) to work on /home/ubuntu/.local/lib/python3.10/site-packages/airflow/example_dags/example_branch_labels.py
[2023-12-31T14:04:46.250+0100] {processor.py:830} INFO - Processing file /home/ubuntu/.local/lib/python3.10/site-packages/airflow/example_dags/example_branch_labels.py for tasks to queue
[2023-12-31T14:04:46.251+0100] {logging_mixin.py:188} INFO - [2023-12-31T14:04:46.251+0100] {dagbag.py:538} INFO - Filling up the DagBag from /home/ubuntu/.local/lib/python3.10/site-packages/airflow/example_dags/example_branch_labels.py
[2023-12-31T14:04:46.261+0100] {processor.py:840} INFO - DAG(s) 'example_branch_labels' retrieved from /home/ubuntu/.local/lib/python3.10/site-packages/airflow/example_dags/example_branch_labels.py
[2023-12-31T14:04:46.282+0100] {logging_mixin.py:188} INFO - [2023-12-31T14:04:46.282+0100] {dag.py:3033} INFO - Sync 1 DAGs
[2023-12-31T14:04:46.305+0100] {logging_mixin.py:188} INFO - [2023-12-31T14:04:46.305+0100] {dag.py:3820} INFO - Setting next_dagrun for example_branch_labels to 2023-12-30T00:00:00+00:00, run_after=2023-12-31T00:00:00+00:00
[2023-12-31T14:04:46.327+0100] {processor.py:183} INFO - Processing /home/ubuntu/.local/lib/python3.10/site-packages/airflow/example_dags/example_branch_labels.py took 0.082 seconds
[2023-12-31T14:05:45.724+0100] {processor.py:161} INFO - Started process (PID=14846) to work on /home/ubuntu/.local/lib/python3.10/site-packages/airflow/example_dags/example_branch_labels.py
[2023-12-31T14:05:45.734+0100] {processor.py:830} INFO - Processing file /home/ubuntu/.local/lib/python3.10/site-packages/airflow/example_dags/example_branch_labels.py for tasks to queue
[2023-12-31T14:05:45.735+0100] {logging_mixin.py:188} INFO - [2023-12-31T14:05:45.735+0100] {dagbag.py:538} INFO - Filling up the DagBag from /home/ubuntu/.local/lib/python3.10/site-packages/airflow/example_dags/example_branch_labels.py
[2023-12-31T14:05:45.746+0100] {processor.py:840} INFO - DAG(s) 'example_branch_labels' retrieved from /home/ubuntu/.local/lib/python3.10/site-packages/airflow/example_dags/example_branch_labels.py
[2023-12-31T14:05:45.759+0100] {logging_mixin.py:188} INFO - [2023-12-31T14:05:45.759+0100] {dag.py:3033} INFO - Sync 1 DAGs
[2023-12-31T14:05:45.776+0100] {logging_mixin.py:188} INFO - [2023-12-31T14:05:45.775+0100] {dag.py:3820} INFO - Setting next_dagrun for example_branch_labels to 2023-12-30T00:00:00+00:00, run_after=2023-12-31T00:00:00+00:00
[2023-12-31T14:05:45.796+0100] {processor.py:183} INFO - Processing /home/ubuntu/.local/lib/python3.10/site-packages/airflow/example_dags/example_branch_labels.py took 0.075 seconds
