[2023-12-31T13:59:07.980+0100] {processor.py:161} INFO - Started process (PID=12350) to work on /home/ubuntu/.local/lib/python3.10/site-packages/airflow/example_dags/example_time_delta_sensor_async.py
[2023-12-31T13:59:07.981+0100] {processor.py:830} INFO - Processing file /home/ubuntu/.local/lib/python3.10/site-packages/airflow/example_dags/example_time_delta_sensor_async.py for tasks to queue
[2023-12-31T13:59:07.982+0100] {logging_mixin.py:188} INFO - [2023-12-31T13:59:07.982+0100] {dagbag.py:538} INFO - Filling up the DagBag from /home/ubuntu/.local/lib/python3.10/site-packages/airflow/example_dags/example_time_delta_sensor_async.py
[2023-12-31T13:59:07.988+0100] {processor.py:840} INFO - DAG(s) 'example_time_delta_sensor_async' retrieved from /home/ubuntu/.local/lib/python3.10/site-packages/airflow/example_dags/example_time_delta_sensor_async.py
[2023-12-31T13:59:08.011+0100] {logging_mixin.py:188} INFO - [2023-12-31T13:59:08.011+0100] {dag.py:3033} INFO - Sync 1 DAGs
[2023-12-31T13:59:08.026+0100] {logging_mixin.py:188} INFO - [2023-12-31T13:59:08.026+0100] {dag.py:3820} INFO - Setting next_dagrun for example_time_delta_sensor_async to None, run_after=None
[2023-12-31T13:59:08.056+0100] {processor.py:183} INFO - Processing /home/ubuntu/.local/lib/python3.10/site-packages/airflow/example_dags/example_time_delta_sensor_async.py took 0.080 seconds
[2023-12-31T13:59:49.877+0100] {processor.py:161} INFO - Started process (PID=12616) to work on /home/ubuntu/.local/lib/python3.10/site-packages/airflow/example_dags/example_time_delta_sensor_async.py
[2023-12-31T13:59:49.878+0100] {processor.py:830} INFO - Processing file /home/ubuntu/.local/lib/python3.10/site-packages/airflow/example_dags/example_time_delta_sensor_async.py for tasks to queue
[2023-12-31T13:59:49.879+0100] {logging_mixin.py:188} INFO - [2023-12-31T13:59:49.878+0100] {dagbag.py:538} INFO - Filling up the DagBag from /home/ubuntu/.local/lib/python3.10/site-packages/airflow/example_dags/example_time_delta_sensor_async.py
[2023-12-31T13:59:49.887+0100] {processor.py:840} INFO - DAG(s) 'example_time_delta_sensor_async' retrieved from /home/ubuntu/.local/lib/python3.10/site-packages/airflow/example_dags/example_time_delta_sensor_async.py
[2023-12-31T13:59:49.902+0100] {logging_mixin.py:188} INFO - [2023-12-31T13:59:49.902+0100] {dag.py:3033} INFO - Sync 1 DAGs
[2023-12-31T13:59:49.915+0100] {logging_mixin.py:188} INFO - [2023-12-31T13:59:49.915+0100] {dag.py:3820} INFO - Setting next_dagrun for example_time_delta_sensor_async to None, run_after=None
[2023-12-31T13:59:49.952+0100] {processor.py:183} INFO - Processing /home/ubuntu/.local/lib/python3.10/site-packages/airflow/example_dags/example_time_delta_sensor_async.py took 0.077 seconds
[2023-12-31T14:00:38.826+0100] {processor.py:161} INFO - Started process (PID=13274) to work on /home/ubuntu/.local/lib/python3.10/site-packages/airflow/example_dags/example_time_delta_sensor_async.py
[2023-12-31T14:00:38.828+0100] {processor.py:830} INFO - Processing file /home/ubuntu/.local/lib/python3.10/site-packages/airflow/example_dags/example_time_delta_sensor_async.py for tasks to queue
[2023-12-31T14:00:38.829+0100] {logging_mixin.py:188} INFO - [2023-12-31T14:00:38.829+0100] {dagbag.py:538} INFO - Filling up the DagBag from /home/ubuntu/.local/lib/python3.10/site-packages/airflow/example_dags/example_time_delta_sensor_async.py
[2023-12-31T14:00:38.836+0100] {processor.py:840} INFO - DAG(s) 'example_time_delta_sensor_async' retrieved from /home/ubuntu/.local/lib/python3.10/site-packages/airflow/example_dags/example_time_delta_sensor_async.py
[2023-12-31T14:00:38.852+0100] {logging_mixin.py:188} INFO - [2023-12-31T14:00:38.852+0100] {dag.py:3033} INFO - Sync 1 DAGs
[2023-12-31T14:00:38.861+0100] {logging_mixin.py:188} INFO - [2023-12-31T14:00:38.861+0100] {dag.py:3820} INFO - Setting next_dagrun for example_time_delta_sensor_async to None, run_after=None
[2023-12-31T14:00:38.885+0100] {processor.py:183} INFO - Processing /home/ubuntu/.local/lib/python3.10/site-packages/airflow/example_dags/example_time_delta_sensor_async.py took 0.063 seconds
[2023-12-31T14:01:17.541+0100] {processor.py:161} INFO - Started process (PID=13562) to work on /home/ubuntu/.local/lib/python3.10/site-packages/airflow/example_dags/example_time_delta_sensor_async.py
[2023-12-31T14:01:17.543+0100] {processor.py:830} INFO - Processing file /home/ubuntu/.local/lib/python3.10/site-packages/airflow/example_dags/example_time_delta_sensor_async.py for tasks to queue
[2023-12-31T14:01:17.545+0100] {logging_mixin.py:188} INFO - [2023-12-31T14:01:17.544+0100] {dagbag.py:538} INFO - Filling up the DagBag from /home/ubuntu/.local/lib/python3.10/site-packages/airflow/example_dags/example_time_delta_sensor_async.py
[2023-12-31T14:01:17.550+0100] {processor.py:840} INFO - DAG(s) 'example_time_delta_sensor_async' retrieved from /home/ubuntu/.local/lib/python3.10/site-packages/airflow/example_dags/example_time_delta_sensor_async.py
[2023-12-31T14:01:17.563+0100] {logging_mixin.py:188} INFO - [2023-12-31T14:01:17.563+0100] {dag.py:3033} INFO - Sync 1 DAGs
[2023-12-31T14:01:17.571+0100] {logging_mixin.py:188} INFO - [2023-12-31T14:01:17.571+0100] {dag.py:3820} INFO - Setting next_dagrun for example_time_delta_sensor_async to None, run_after=None
[2023-12-31T14:01:17.588+0100] {processor.py:183} INFO - Processing /home/ubuntu/.local/lib/python3.10/site-packages/airflow/example_dags/example_time_delta_sensor_async.py took 0.052 seconds
[2023-12-31T14:01:54.402+0100] {processor.py:161} INFO - Started process (PID=13734) to work on /home/ubuntu/.local/lib/python3.10/site-packages/airflow/example_dags/example_time_delta_sensor_async.py
[2023-12-31T14:01:54.412+0100] {processor.py:830} INFO - Processing file /home/ubuntu/.local/lib/python3.10/site-packages/airflow/example_dags/example_time_delta_sensor_async.py for tasks to queue
[2023-12-31T14:01:54.413+0100] {logging_mixin.py:188} INFO - [2023-12-31T14:01:54.413+0100] {dagbag.py:538} INFO - Filling up the DagBag from /home/ubuntu/.local/lib/python3.10/site-packages/airflow/example_dags/example_time_delta_sensor_async.py
[2023-12-31T14:01:54.420+0100] {processor.py:840} INFO - DAG(s) 'example_time_delta_sensor_async' retrieved from /home/ubuntu/.local/lib/python3.10/site-packages/airflow/example_dags/example_time_delta_sensor_async.py
[2023-12-31T14:01:54.450+0100] {logging_mixin.py:188} INFO - [2023-12-31T14:01:54.449+0100] {dag.py:3033} INFO - Sync 1 DAGs
[2023-12-31T14:01:54.473+0100] {logging_mixin.py:188} INFO - [2023-12-31T14:01:54.472+0100] {dag.py:3820} INFO - Setting next_dagrun for example_time_delta_sensor_async to None, run_after=None
[2023-12-31T14:01:54.502+0100] {processor.py:183} INFO - Processing /home/ubuntu/.local/lib/python3.10/site-packages/airflow/example_dags/example_time_delta_sensor_async.py took 0.105 seconds
[2023-12-31T14:02:33.107+0100] {processor.py:161} INFO - Started process (PID=13917) to work on /home/ubuntu/.local/lib/python3.10/site-packages/airflow/example_dags/example_time_delta_sensor_async.py
[2023-12-31T14:02:33.117+0100] {processor.py:830} INFO - Processing file /home/ubuntu/.local/lib/python3.10/site-packages/airflow/example_dags/example_time_delta_sensor_async.py for tasks to queue
[2023-12-31T14:02:33.118+0100] {logging_mixin.py:188} INFO - [2023-12-31T14:02:33.117+0100] {dagbag.py:538} INFO - Filling up the DagBag from /home/ubuntu/.local/lib/python3.10/site-packages/airflow/example_dags/example_time_delta_sensor_async.py
[2023-12-31T14:02:33.122+0100] {processor.py:840} INFO - DAG(s) 'example_time_delta_sensor_async' retrieved from /home/ubuntu/.local/lib/python3.10/site-packages/airflow/example_dags/example_time_delta_sensor_async.py
[2023-12-31T14:02:33.135+0100] {logging_mixin.py:188} INFO - [2023-12-31T14:02:33.135+0100] {dag.py:3033} INFO - Sync 1 DAGs
[2023-12-31T14:02:33.144+0100] {logging_mixin.py:188} INFO - [2023-12-31T14:02:33.143+0100] {dag.py:3820} INFO - Setting next_dagrun for example_time_delta_sensor_async to None, run_after=None
[2023-12-31T14:02:33.174+0100] {processor.py:183} INFO - Processing /home/ubuntu/.local/lib/python3.10/site-packages/airflow/example_dags/example_time_delta_sensor_async.py took 0.070 seconds
[2023-12-31T14:03:08.300+0100] {processor.py:161} INFO - Started process (PID=13976) to work on /home/ubuntu/.local/lib/python3.10/site-packages/airflow/example_dags/example_time_delta_sensor_async.py
[2023-12-31T14:03:08.302+0100] {processor.py:830} INFO - Processing file /home/ubuntu/.local/lib/python3.10/site-packages/airflow/example_dags/example_time_delta_sensor_async.py for tasks to queue
[2023-12-31T14:03:08.303+0100] {logging_mixin.py:188} INFO - [2023-12-31T14:03:08.303+0100] {dagbag.py:538} INFO - Filling up the DagBag from /home/ubuntu/.local/lib/python3.10/site-packages/airflow/example_dags/example_time_delta_sensor_async.py
[2023-12-31T14:03:08.312+0100] {processor.py:840} INFO - DAG(s) 'example_time_delta_sensor_async' retrieved from /home/ubuntu/.local/lib/python3.10/site-packages/airflow/example_dags/example_time_delta_sensor_async.py
[2023-12-31T14:03:08.329+0100] {logging_mixin.py:188} INFO - [2023-12-31T14:03:08.329+0100] {dag.py:3033} INFO - Sync 1 DAGs
[2023-12-31T14:03:08.340+0100] {logging_mixin.py:188} INFO - [2023-12-31T14:03:08.340+0100] {dag.py:3820} INFO - Setting next_dagrun for example_time_delta_sensor_async to None, run_after=None
[2023-12-31T14:03:08.388+0100] {processor.py:183} INFO - Processing /home/ubuntu/.local/lib/python3.10/site-packages/airflow/example_dags/example_time_delta_sensor_async.py took 0.092 seconds
[2023-12-31T14:03:45.244+0100] {processor.py:161} INFO - Started process (PID=14324) to work on /home/ubuntu/.local/lib/python3.10/site-packages/airflow/example_dags/example_time_delta_sensor_async.py
[2023-12-31T14:03:45.245+0100] {processor.py:830} INFO - Processing file /home/ubuntu/.local/lib/python3.10/site-packages/airflow/example_dags/example_time_delta_sensor_async.py for tasks to queue
[2023-12-31T14:03:45.246+0100] {logging_mixin.py:188} INFO - [2023-12-31T14:03:45.245+0100] {dagbag.py:538} INFO - Filling up the DagBag from /home/ubuntu/.local/lib/python3.10/site-packages/airflow/example_dags/example_time_delta_sensor_async.py
[2023-12-31T14:03:45.250+0100] {processor.py:840} INFO - DAG(s) 'example_time_delta_sensor_async' retrieved from /home/ubuntu/.local/lib/python3.10/site-packages/airflow/example_dags/example_time_delta_sensor_async.py
[2023-12-31T14:03:45.263+0100] {logging_mixin.py:188} INFO - [2023-12-31T14:03:45.263+0100] {dag.py:3033} INFO - Sync 1 DAGs
[2023-12-31T14:03:45.273+0100] {logging_mixin.py:188} INFO - [2023-12-31T14:03:45.273+0100] {dag.py:3820} INFO - Setting next_dagrun for example_time_delta_sensor_async to None, run_after=None
[2023-12-31T14:03:45.312+0100] {processor.py:183} INFO - Processing /home/ubuntu/.local/lib/python3.10/site-packages/airflow/example_dags/example_time_delta_sensor_async.py took 0.071 seconds
[2023-12-31T14:04:39.837+0100] {processor.py:161} INFO - Started process (PID=14442) to work on /home/ubuntu/.local/lib/python3.10/site-packages/airflow/example_dags/example_time_delta_sensor_async.py
[2023-12-31T14:04:39.839+0100] {processor.py:830} INFO - Processing file /home/ubuntu/.local/lib/python3.10/site-packages/airflow/example_dags/example_time_delta_sensor_async.py for tasks to queue
[2023-12-31T14:04:39.840+0100] {logging_mixin.py:188} INFO - [2023-12-31T14:04:39.839+0100] {dagbag.py:538} INFO - Filling up the DagBag from /home/ubuntu/.local/lib/python3.10/site-packages/airflow/example_dags/example_time_delta_sensor_async.py
[2023-12-31T14:04:39.848+0100] {processor.py:840} INFO - DAG(s) 'example_time_delta_sensor_async' retrieved from /home/ubuntu/.local/lib/python3.10/site-packages/airflow/example_dags/example_time_delta_sensor_async.py
[2023-12-31T14:04:39.874+0100] {logging_mixin.py:188} INFO - [2023-12-31T14:04:39.874+0100] {dag.py:3033} INFO - Sync 1 DAGs
[2023-12-31T14:04:39.890+0100] {logging_mixin.py:188} INFO - [2023-12-31T14:04:39.890+0100] {dag.py:3820} INFO - Setting next_dagrun for example_time_delta_sensor_async to None, run_after=None
[2023-12-31T14:04:39.926+0100] {processor.py:183} INFO - Processing /home/ubuntu/.local/lib/python3.10/site-packages/airflow/example_dags/example_time_delta_sensor_async.py took 0.095 seconds
[2023-12-31T14:05:21.425+0100] {processor.py:161} INFO - Started process (PID=14708) to work on /home/ubuntu/.local/lib/python3.10/site-packages/airflow/example_dags/example_time_delta_sensor_async.py
[2023-12-31T14:05:21.426+0100] {processor.py:830} INFO - Processing file /home/ubuntu/.local/lib/python3.10/site-packages/airflow/example_dags/example_time_delta_sensor_async.py for tasks to queue
[2023-12-31T14:05:21.427+0100] {logging_mixin.py:188} INFO - [2023-12-31T14:05:21.427+0100] {dagbag.py:538} INFO - Filling up the DagBag from /home/ubuntu/.local/lib/python3.10/site-packages/airflow/example_dags/example_time_delta_sensor_async.py
[2023-12-31T14:05:21.433+0100] {processor.py:840} INFO - DAG(s) 'example_time_delta_sensor_async' retrieved from /home/ubuntu/.local/lib/python3.10/site-packages/airflow/example_dags/example_time_delta_sensor_async.py
[2023-12-31T14:05:21.452+0100] {logging_mixin.py:188} INFO - [2023-12-31T14:05:21.451+0100] {dag.py:3033} INFO - Sync 1 DAGs
[2023-12-31T14:05:21.464+0100] {logging_mixin.py:188} INFO - [2023-12-31T14:05:21.464+0100] {dag.py:3820} INFO - Setting next_dagrun for example_time_delta_sensor_async to None, run_after=None
[2023-12-31T14:05:21.491+0100] {processor.py:183} INFO - Processing /home/ubuntu/.local/lib/python3.10/site-packages/airflow/example_dags/example_time_delta_sensor_async.py took 0.069 seconds
[2023-12-31T14:06:01.135+0100] {processor.py:161} INFO - Started process (PID=14889) to work on /home/ubuntu/.local/lib/python3.10/site-packages/airflow/example_dags/example_time_delta_sensor_async.py
[2023-12-31T14:06:01.145+0100] {processor.py:830} INFO - Processing file /home/ubuntu/.local/lib/python3.10/site-packages/airflow/example_dags/example_time_delta_sensor_async.py for tasks to queue
[2023-12-31T14:06:01.147+0100] {logging_mixin.py:188} INFO - [2023-12-31T14:06:01.146+0100] {dagbag.py:538} INFO - Filling up the DagBag from /home/ubuntu/.local/lib/python3.10/site-packages/airflow/example_dags/example_time_delta_sensor_async.py
[2023-12-31T14:06:01.156+0100] {processor.py:840} INFO - DAG(s) 'example_time_delta_sensor_async' retrieved from /home/ubuntu/.local/lib/python3.10/site-packages/airflow/example_dags/example_time_delta_sensor_async.py
[2023-12-31T14:06:01.176+0100] {logging_mixin.py:188} INFO - [2023-12-31T14:06:01.175+0100] {dag.py:3033} INFO - Sync 1 DAGs
[2023-12-31T14:06:01.190+0100] {logging_mixin.py:188} INFO - [2023-12-31T14:06:01.189+0100] {dag.py:3820} INFO - Setting next_dagrun for example_time_delta_sensor_async to None, run_after=None
[2023-12-31T14:06:01.217+0100] {processor.py:183} INFO - Processing /home/ubuntu/.local/lib/python3.10/site-packages/airflow/example_dags/example_time_delta_sensor_async.py took 0.085 seconds
