[2023-12-31T13:59:15.078+0100] {processor.py:161} INFO - Started process (PID=12422) to work on /home/ubuntu/.local/lib/python3.10/site-packages/airflow/example_dags/example_short_circuit_operator.py
[2023-12-31T13:59:15.080+0100] {processor.py:830} INFO - Processing file /home/ubuntu/.local/lib/python3.10/site-packages/airflow/example_dags/example_short_circuit_operator.py for tasks to queue
[2023-12-31T13:59:15.084+0100] {logging_mixin.py:188} INFO - [2023-12-31T13:59:15.081+0100] {dagbag.py:538} INFO - Filling up the DagBag from /home/ubuntu/.local/lib/python3.10/site-packages/airflow/example_dags/example_short_circuit_operator.py
[2023-12-31T13:59:15.095+0100] {processor.py:840} INFO - DAG(s) 'example_short_circuit_operator' retrieved from /home/ubuntu/.local/lib/python3.10/site-packages/airflow/example_dags/example_short_circuit_operator.py
[2023-12-31T13:59:15.112+0100] {logging_mixin.py:188} INFO - [2023-12-31T13:59:15.112+0100] {dag.py:3033} INFO - Sync 1 DAGs
[2023-12-31T13:59:15.129+0100] {logging_mixin.py:188} INFO - [2023-12-31T13:59:15.129+0100] {dag.py:3820} INFO - Setting next_dagrun for example_short_circuit_operator to 2023-12-30T00:00:00+00:00, run_after=2023-12-31T00:00:00+00:00
[2023-12-31T13:59:15.165+0100] {processor.py:183} INFO - Processing /home/ubuntu/.local/lib/python3.10/site-packages/airflow/example_dags/example_short_circuit_operator.py took 0.093 seconds
[2023-12-31T14:00:03.861+0100] {processor.py:161} INFO - Started process (PID=12877) to work on /home/ubuntu/.local/lib/python3.10/site-packages/airflow/example_dags/example_short_circuit_operator.py
[2023-12-31T14:00:03.863+0100] {processor.py:830} INFO - Processing file /home/ubuntu/.local/lib/python3.10/site-packages/airflow/example_dags/example_short_circuit_operator.py for tasks to queue
[2023-12-31T14:00:03.865+0100] {logging_mixin.py:188} INFO - [2023-12-31T14:00:03.863+0100] {dagbag.py:538} INFO - Filling up the DagBag from /home/ubuntu/.local/lib/python3.10/site-packages/airflow/example_dags/example_short_circuit_operator.py
[2023-12-31T14:00:03.922+0100] {processor.py:840} INFO - DAG(s) 'example_short_circuit_operator' retrieved from /home/ubuntu/.local/lib/python3.10/site-packages/airflow/example_dags/example_short_circuit_operator.py
[2023-12-31T14:00:03.965+0100] {logging_mixin.py:188} INFO - [2023-12-31T14:00:03.965+0100] {dag.py:3033} INFO - Sync 1 DAGs
[2023-12-31T14:00:04.038+0100] {logging_mixin.py:188} INFO - [2023-12-31T14:00:04.038+0100] {dag.py:3820} INFO - Setting next_dagrun for example_short_circuit_operator to 2023-12-30T00:00:00+00:00, run_after=2023-12-31T00:00:00+00:00
[2023-12-31T14:00:04.085+0100] {processor.py:183} INFO - Processing /home/ubuntu/.local/lib/python3.10/site-packages/airflow/example_dags/example_short_circuit_operator.py took 0.228 seconds
[2023-12-31T14:00:47.019+0100] {processor.py:161} INFO - Started process (PID=13492) to work on /home/ubuntu/.local/lib/python3.10/site-packages/airflow/example_dags/example_short_circuit_operator.py
[2023-12-31T14:00:47.029+0100] {processor.py:830} INFO - Processing file /home/ubuntu/.local/lib/python3.10/site-packages/airflow/example_dags/example_short_circuit_operator.py for tasks to queue
[2023-12-31T14:00:47.030+0100] {logging_mixin.py:188} INFO - [2023-12-31T14:00:47.029+0100] {dagbag.py:538} INFO - Filling up the DagBag from /home/ubuntu/.local/lib/python3.10/site-packages/airflow/example_dags/example_short_circuit_operator.py
[2023-12-31T14:00:47.038+0100] {processor.py:840} INFO - DAG(s) 'example_short_circuit_operator' retrieved from /home/ubuntu/.local/lib/python3.10/site-packages/airflow/example_dags/example_short_circuit_operator.py
[2023-12-31T14:00:47.056+0100] {logging_mixin.py:188} INFO - [2023-12-31T14:00:47.056+0100] {dag.py:3033} INFO - Sync 1 DAGs
[2023-12-31T14:00:47.078+0100] {logging_mixin.py:188} INFO - [2023-12-31T14:00:47.078+0100] {dag.py:3820} INFO - Setting next_dagrun for example_short_circuit_operator to 2023-12-30T00:00:00+00:00, run_after=2023-12-31T00:00:00+00:00
[2023-12-31T14:00:47.101+0100] {processor.py:183} INFO - Processing /home/ubuntu/.local/lib/python3.10/site-packages/airflow/example_dags/example_short_circuit_operator.py took 0.085 seconds
[2023-12-31T14:01:43.770+0100] {processor.py:161} INFO - Started process (PID=13715) to work on /home/ubuntu/.local/lib/python3.10/site-packages/airflow/example_dags/example_short_circuit_operator.py
[2023-12-31T14:01:43.771+0100] {processor.py:830} INFO - Processing file /home/ubuntu/.local/lib/python3.10/site-packages/airflow/example_dags/example_short_circuit_operator.py for tasks to queue
[2023-12-31T14:01:43.773+0100] {logging_mixin.py:188} INFO - [2023-12-31T14:01:43.772+0100] {dagbag.py:538} INFO - Filling up the DagBag from /home/ubuntu/.local/lib/python3.10/site-packages/airflow/example_dags/example_short_circuit_operator.py
[2023-12-31T14:01:43.784+0100] {processor.py:840} INFO - DAG(s) 'example_short_circuit_operator' retrieved from /home/ubuntu/.local/lib/python3.10/site-packages/airflow/example_dags/example_short_circuit_operator.py
[2023-12-31T14:01:43.808+0100] {logging_mixin.py:188} INFO - [2023-12-31T14:01:43.808+0100] {dag.py:3033} INFO - Sync 1 DAGs
[2023-12-31T14:01:43.825+0100] {logging_mixin.py:188} INFO - [2023-12-31T14:01:43.824+0100] {dag.py:3820} INFO - Setting next_dagrun for example_short_circuit_operator to 2023-12-30T00:00:00+00:00, run_after=2023-12-31T00:00:00+00:00
[2023-12-31T14:01:43.850+0100] {processor.py:183} INFO - Processing /home/ubuntu/.local/lib/python3.10/site-packages/airflow/example_dags/example_short_circuit_operator.py took 0.085 seconds
[2023-12-31T14:02:38.653+0100] {processor.py:161} INFO - Started process (PID=13927) to work on /home/ubuntu/.local/lib/python3.10/site-packages/airflow/example_dags/example_short_circuit_operator.py
[2023-12-31T14:02:38.664+0100] {processor.py:830} INFO - Processing file /home/ubuntu/.local/lib/python3.10/site-packages/airflow/example_dags/example_short_circuit_operator.py for tasks to queue
[2023-12-31T14:02:38.666+0100] {logging_mixin.py:188} INFO - [2023-12-31T14:02:38.665+0100] {dagbag.py:538} INFO - Filling up the DagBag from /home/ubuntu/.local/lib/python3.10/site-packages/airflow/example_dags/example_short_circuit_operator.py
[2023-12-31T14:02:38.679+0100] {processor.py:840} INFO - DAG(s) 'example_short_circuit_operator' retrieved from /home/ubuntu/.local/lib/python3.10/site-packages/airflow/example_dags/example_short_circuit_operator.py
[2023-12-31T14:02:38.696+0100] {logging_mixin.py:188} INFO - [2023-12-31T14:02:38.696+0100] {dag.py:3033} INFO - Sync 1 DAGs
[2023-12-31T14:02:38.716+0100] {logging_mixin.py:188} INFO - [2023-12-31T14:02:38.716+0100] {dag.py:3820} INFO - Setting next_dagrun for example_short_circuit_operator to 2023-12-30T00:00:00+00:00, run_after=2023-12-31T00:00:00+00:00
[2023-12-31T14:02:38.736+0100] {processor.py:183} INFO - Processing /home/ubuntu/.local/lib/python3.10/site-packages/airflow/example_dags/example_short_circuit_operator.py took 0.089 seconds
[2023-12-31T14:03:32.277+0100] {processor.py:161} INFO - Started process (PID=14115) to work on /home/ubuntu/.local/lib/python3.10/site-packages/airflow/example_dags/example_short_circuit_operator.py
[2023-12-31T14:03:32.280+0100] {processor.py:830} INFO - Processing file /home/ubuntu/.local/lib/python3.10/site-packages/airflow/example_dags/example_short_circuit_operator.py for tasks to queue
[2023-12-31T14:03:32.282+0100] {logging_mixin.py:188} INFO - [2023-12-31T14:03:32.281+0100] {dagbag.py:538} INFO - Filling up the DagBag from /home/ubuntu/.local/lib/python3.10/site-packages/airflow/example_dags/example_short_circuit_operator.py
[2023-12-31T14:03:32.296+0100] {processor.py:840} INFO - DAG(s) 'example_short_circuit_operator' retrieved from /home/ubuntu/.local/lib/python3.10/site-packages/airflow/example_dags/example_short_circuit_operator.py
[2023-12-31T14:03:32.314+0100] {logging_mixin.py:188} INFO - [2023-12-31T14:03:32.314+0100] {dag.py:3033} INFO - Sync 1 DAGs
[2023-12-31T14:03:32.331+0100] {logging_mixin.py:188} INFO - [2023-12-31T14:03:32.330+0100] {dag.py:3820} INFO - Setting next_dagrun for example_short_circuit_operator to 2023-12-30T00:00:00+00:00, run_after=2023-12-31T00:00:00+00:00
[2023-12-31T14:03:32.349+0100] {processor.py:183} INFO - Processing /home/ubuntu/.local/lib/python3.10/site-packages/airflow/example_dags/example_short_circuit_operator.py took 0.075 seconds
[2023-12-31T14:04:24.701+0100] {processor.py:161} INFO - Started process (PID=14396) to work on /home/ubuntu/.local/lib/python3.10/site-packages/airflow/example_dags/example_short_circuit_operator.py
[2023-12-31T14:04:24.702+0100] {processor.py:830} INFO - Processing file /home/ubuntu/.local/lib/python3.10/site-packages/airflow/example_dags/example_short_circuit_operator.py for tasks to queue
[2023-12-31T14:04:24.703+0100] {logging_mixin.py:188} INFO - [2023-12-31T14:04:24.703+0100] {dagbag.py:538} INFO - Filling up the DagBag from /home/ubuntu/.local/lib/python3.10/site-packages/airflow/example_dags/example_short_circuit_operator.py
[2023-12-31T14:04:24.712+0100] {processor.py:840} INFO - DAG(s) 'example_short_circuit_operator' retrieved from /home/ubuntu/.local/lib/python3.10/site-packages/airflow/example_dags/example_short_circuit_operator.py
[2023-12-31T14:04:24.731+0100] {logging_mixin.py:188} INFO - [2023-12-31T14:04:24.730+0100] {dag.py:3033} INFO - Sync 1 DAGs
[2023-12-31T14:04:24.742+0100] {logging_mixin.py:188} INFO - [2023-12-31T14:04:24.742+0100] {dag.py:3820} INFO - Setting next_dagrun for example_short_circuit_operator to 2023-12-30T00:00:00+00:00, run_after=2023-12-31T00:00:00+00:00
[2023-12-31T14:04:24.773+0100] {processor.py:183} INFO - Processing /home/ubuntu/.local/lib/python3.10/site-packages/airflow/example_dags/example_short_circuit_operator.py took 0.074 seconds
[2023-12-31T14:05:04.483+0100] {processor.py:161} INFO - Started process (PID=14667) to work on /home/ubuntu/.local/lib/python3.10/site-packages/airflow/example_dags/example_short_circuit_operator.py
[2023-12-31T14:05:04.490+0100] {processor.py:830} INFO - Processing file /home/ubuntu/.local/lib/python3.10/site-packages/airflow/example_dags/example_short_circuit_operator.py for tasks to queue
[2023-12-31T14:05:04.492+0100] {logging_mixin.py:188} INFO - [2023-12-31T14:05:04.492+0100] {dagbag.py:538} INFO - Filling up the DagBag from /home/ubuntu/.local/lib/python3.10/site-packages/airflow/example_dags/example_short_circuit_operator.py
[2023-12-31T14:05:04.503+0100] {processor.py:840} INFO - DAG(s) 'example_short_circuit_operator' retrieved from /home/ubuntu/.local/lib/python3.10/site-packages/airflow/example_dags/example_short_circuit_operator.py
[2023-12-31T14:05:04.523+0100] {logging_mixin.py:188} INFO - [2023-12-31T14:05:04.523+0100] {dag.py:3033} INFO - Sync 1 DAGs
[2023-12-31T14:05:04.547+0100] {logging_mixin.py:188} INFO - [2023-12-31T14:05:04.546+0100] {dag.py:3820} INFO - Setting next_dagrun for example_short_circuit_operator to 2023-12-30T00:00:00+00:00, run_after=2023-12-31T00:00:00+00:00
[2023-12-31T14:05:04.574+0100] {processor.py:183} INFO - Processing /home/ubuntu/.local/lib/python3.10/site-packages/airflow/example_dags/example_short_circuit_operator.py took 0.109 seconds
[2023-12-31T14:05:44.566+0100] {processor.py:161} INFO - Started process (PID=14845) to work on /home/ubuntu/.local/lib/python3.10/site-packages/airflow/example_dags/example_short_circuit_operator.py
[2023-12-31T14:05:44.567+0100] {processor.py:830} INFO - Processing file /home/ubuntu/.local/lib/python3.10/site-packages/airflow/example_dags/example_short_circuit_operator.py for tasks to queue
[2023-12-31T14:05:44.568+0100] {logging_mixin.py:188} INFO - [2023-12-31T14:05:44.568+0100] {dagbag.py:538} INFO - Filling up the DagBag from /home/ubuntu/.local/lib/python3.10/site-packages/airflow/example_dags/example_short_circuit_operator.py
[2023-12-31T14:05:44.590+0100] {processor.py:840} INFO - DAG(s) 'example_short_circuit_operator' retrieved from /home/ubuntu/.local/lib/python3.10/site-packages/airflow/example_dags/example_short_circuit_operator.py
[2023-12-31T14:05:44.609+0100] {logging_mixin.py:188} INFO - [2023-12-31T14:05:44.609+0100] {dag.py:3033} INFO - Sync 1 DAGs
[2023-12-31T14:05:44.626+0100] {logging_mixin.py:188} INFO - [2023-12-31T14:05:44.626+0100] {dag.py:3820} INFO - Setting next_dagrun for example_short_circuit_operator to 2023-12-30T00:00:00+00:00, run_after=2023-12-31T00:00:00+00:00
[2023-12-31T14:05:44.645+0100] {processor.py:183} INFO - Processing /home/ubuntu/.local/lib/python3.10/site-packages/airflow/example_dags/example_short_circuit_operator.py took 0.082 seconds
