[2023-12-31T13:59:17.381+0100] {processor.py:161} INFO - Started process (PID=12484) to work on /home/ubuntu/.local/lib/python3.10/site-packages/airflow/example_dags/example_branch_day_of_week_operator.py
[2023-12-31T13:59:17.383+0100] {processor.py:830} INFO - Processing file /home/ubuntu/.local/lib/python3.10/site-packages/airflow/example_dags/example_branch_day_of_week_operator.py for tasks to queue
[2023-12-31T13:59:17.384+0100] {logging_mixin.py:188} INFO - [2023-12-31T13:59:17.383+0100] {dagbag.py:538} INFO - Filling up the DagBag from /home/ubuntu/.local/lib/python3.10/site-packages/airflow/example_dags/example_branch_day_of_week_operator.py
[2023-12-31T13:59:17.392+0100] {processor.py:840} INFO - DAG(s) 'example_weekday_branch_operator' retrieved from /home/ubuntu/.local/lib/python3.10/site-packages/airflow/example_dags/example_branch_day_of_week_operator.py
[2023-12-31T13:59:17.409+0100] {logging_mixin.py:188} INFO - [2023-12-31T13:59:17.409+0100] {dag.py:3033} INFO - Sync 1 DAGs
[2023-12-31T13:59:17.429+0100] {logging_mixin.py:188} INFO - [2023-12-31T13:59:17.429+0100] {dag.py:3820} INFO - Setting next_dagrun for example_weekday_branch_operator to 2023-12-30T00:00:00+00:00, run_after=2023-12-31T00:00:00+00:00
[2023-12-31T13:59:17.454+0100] {processor.py:183} INFO - Processing /home/ubuntu/.local/lib/python3.10/site-packages/airflow/example_dags/example_branch_day_of_week_operator.py took 0.078 seconds
[2023-12-31T14:00:05.698+0100] {processor.py:161} INFO - Started process (PID=12953) to work on /home/ubuntu/.local/lib/python3.10/site-packages/airflow/example_dags/example_branch_day_of_week_operator.py
[2023-12-31T14:00:05.700+0100] {processor.py:830} INFO - Processing file /home/ubuntu/.local/lib/python3.10/site-packages/airflow/example_dags/example_branch_day_of_week_operator.py for tasks to queue
[2023-12-31T14:00:05.700+0100] {logging_mixin.py:188} INFO - [2023-12-31T14:00:05.700+0100] {dagbag.py:538} INFO - Filling up the DagBag from /home/ubuntu/.local/lib/python3.10/site-packages/airflow/example_dags/example_branch_day_of_week_operator.py
[2023-12-31T14:00:05.710+0100] {processor.py:840} INFO - DAG(s) 'example_weekday_branch_operator' retrieved from /home/ubuntu/.local/lib/python3.10/site-packages/airflow/example_dags/example_branch_day_of_week_operator.py
[2023-12-31T14:00:05.736+0100] {logging_mixin.py:188} INFO - [2023-12-31T14:00:05.736+0100] {dag.py:3033} INFO - Sync 1 DAGs
[2023-12-31T14:00:05.772+0100] {logging_mixin.py:188} INFO - [2023-12-31T14:00:05.772+0100] {dag.py:3820} INFO - Setting next_dagrun for example_weekday_branch_operator to 2023-12-30T00:00:00+00:00, run_after=2023-12-31T00:00:00+00:00
[2023-12-31T14:00:05.799+0100] {processor.py:183} INFO - Processing /home/ubuntu/.local/lib/python3.10/site-packages/airflow/example_dags/example_branch_day_of_week_operator.py took 0.105 seconds
[2023-12-31T14:00:48.474+0100] {processor.py:161} INFO - Started process (PID=13503) to work on /home/ubuntu/.local/lib/python3.10/site-packages/airflow/example_dags/example_branch_day_of_week_operator.py
[2023-12-31T14:00:48.478+0100] {processor.py:830} INFO - Processing file /home/ubuntu/.local/lib/python3.10/site-packages/airflow/example_dags/example_branch_day_of_week_operator.py for tasks to queue
[2023-12-31T14:00:48.480+0100] {logging_mixin.py:188} INFO - [2023-12-31T14:00:48.479+0100] {dagbag.py:538} INFO - Filling up the DagBag from /home/ubuntu/.local/lib/python3.10/site-packages/airflow/example_dags/example_branch_day_of_week_operator.py
[2023-12-31T14:00:48.509+0100] {processor.py:840} INFO - DAG(s) 'example_weekday_branch_operator' retrieved from /home/ubuntu/.local/lib/python3.10/site-packages/airflow/example_dags/example_branch_day_of_week_operator.py
[2023-12-31T14:00:48.532+0100] {logging_mixin.py:188} INFO - [2023-12-31T14:00:48.532+0100] {dag.py:3033} INFO - Sync 1 DAGs
[2023-12-31T14:00:48.568+0100] {logging_mixin.py:188} INFO - [2023-12-31T14:00:48.568+0100] {dag.py:3820} INFO - Setting next_dagrun for example_weekday_branch_operator to 2023-12-30T00:00:00+00:00, run_after=2023-12-31T00:00:00+00:00
[2023-12-31T14:00:48.601+0100] {processor.py:183} INFO - Processing /home/ubuntu/.local/lib/python3.10/site-packages/airflow/example_dags/example_branch_day_of_week_operator.py took 0.134 seconds
[2023-12-31T14:01:45.304+0100] {processor.py:161} INFO - Started process (PID=13717) to work on /home/ubuntu/.local/lib/python3.10/site-packages/airflow/example_dags/example_branch_day_of_week_operator.py
[2023-12-31T14:01:45.306+0100] {processor.py:830} INFO - Processing file /home/ubuntu/.local/lib/python3.10/site-packages/airflow/example_dags/example_branch_day_of_week_operator.py for tasks to queue
[2023-12-31T14:01:45.307+0100] {logging_mixin.py:188} INFO - [2023-12-31T14:01:45.307+0100] {dagbag.py:538} INFO - Filling up the DagBag from /home/ubuntu/.local/lib/python3.10/site-packages/airflow/example_dags/example_branch_day_of_week_operator.py
[2023-12-31T14:01:45.316+0100] {processor.py:840} INFO - DAG(s) 'example_weekday_branch_operator' retrieved from /home/ubuntu/.local/lib/python3.10/site-packages/airflow/example_dags/example_branch_day_of_week_operator.py
[2023-12-31T14:01:45.333+0100] {logging_mixin.py:188} INFO - [2023-12-31T14:01:45.333+0100] {dag.py:3033} INFO - Sync 1 DAGs
[2023-12-31T14:01:45.354+0100] {logging_mixin.py:188} INFO - [2023-12-31T14:01:45.354+0100] {dag.py:3820} INFO - Setting next_dagrun for example_weekday_branch_operator to 2023-12-30T00:00:00+00:00, run_after=2023-12-31T00:00:00+00:00
[2023-12-31T14:01:45.386+0100] {processor.py:183} INFO - Processing /home/ubuntu/.local/lib/python3.10/site-packages/airflow/example_dags/example_branch_day_of_week_operator.py took 0.084 seconds
[2023-12-31T14:02:40.938+0100] {processor.py:161} INFO - Started process (PID=13930) to work on /home/ubuntu/.local/lib/python3.10/site-packages/airflow/example_dags/example_branch_day_of_week_operator.py
[2023-12-31T14:02:40.940+0100] {processor.py:830} INFO - Processing file /home/ubuntu/.local/lib/python3.10/site-packages/airflow/example_dags/example_branch_day_of_week_operator.py for tasks to queue
[2023-12-31T14:02:40.941+0100] {logging_mixin.py:188} INFO - [2023-12-31T14:02:40.941+0100] {dagbag.py:538} INFO - Filling up the DagBag from /home/ubuntu/.local/lib/python3.10/site-packages/airflow/example_dags/example_branch_day_of_week_operator.py
[2023-12-31T14:02:40.952+0100] {processor.py:840} INFO - DAG(s) 'example_weekday_branch_operator' retrieved from /home/ubuntu/.local/lib/python3.10/site-packages/airflow/example_dags/example_branch_day_of_week_operator.py
[2023-12-31T14:02:40.968+0100] {logging_mixin.py:188} INFO - [2023-12-31T14:02:40.968+0100] {dag.py:3033} INFO - Sync 1 DAGs
[2023-12-31T14:02:40.990+0100] {logging_mixin.py:188} INFO - [2023-12-31T14:02:40.985+0100] {dag.py:3820} INFO - Setting next_dagrun for example_weekday_branch_operator to 2023-12-30T00:00:00+00:00, run_after=2023-12-31T00:00:00+00:00
[2023-12-31T14:02:41.009+0100] {processor.py:183} INFO - Processing /home/ubuntu/.local/lib/python3.10/site-packages/airflow/example_dags/example_branch_day_of_week_operator.py took 0.075 seconds
[2023-12-31T14:03:33.755+0100] {processor.py:161} INFO - Started process (PID=14207) to work on /home/ubuntu/.local/lib/python3.10/site-packages/airflow/example_dags/example_branch_day_of_week_operator.py
[2023-12-31T14:03:33.764+0100] {processor.py:830} INFO - Processing file /home/ubuntu/.local/lib/python3.10/site-packages/airflow/example_dags/example_branch_day_of_week_operator.py for tasks to queue
[2023-12-31T14:03:33.765+0100] {logging_mixin.py:188} INFO - [2023-12-31T14:03:33.765+0100] {dagbag.py:538} INFO - Filling up the DagBag from /home/ubuntu/.local/lib/python3.10/site-packages/airflow/example_dags/example_branch_day_of_week_operator.py
[2023-12-31T14:03:33.772+0100] {processor.py:840} INFO - DAG(s) 'example_weekday_branch_operator' retrieved from /home/ubuntu/.local/lib/python3.10/site-packages/airflow/example_dags/example_branch_day_of_week_operator.py
[2023-12-31T14:03:33.790+0100] {logging_mixin.py:188} INFO - [2023-12-31T14:03:33.790+0100] {dag.py:3033} INFO - Sync 1 DAGs
[2023-12-31T14:03:33.815+0100] {logging_mixin.py:188} INFO - [2023-12-31T14:03:33.815+0100] {dag.py:3820} INFO - Setting next_dagrun for example_weekday_branch_operator to 2023-12-30T00:00:00+00:00, run_after=2023-12-31T00:00:00+00:00
[2023-12-31T14:03:33.837+0100] {processor.py:183} INFO - Processing /home/ubuntu/.local/lib/python3.10/site-packages/airflow/example_dags/example_branch_day_of_week_operator.py took 0.085 seconds
[2023-12-31T14:04:26.972+0100] {processor.py:161} INFO - Started process (PID=14406) to work on /home/ubuntu/.local/lib/python3.10/site-packages/airflow/example_dags/example_branch_day_of_week_operator.py
[2023-12-31T14:04:26.973+0100] {processor.py:830} INFO - Processing file /home/ubuntu/.local/lib/python3.10/site-packages/airflow/example_dags/example_branch_day_of_week_operator.py for tasks to queue
[2023-12-31T14:04:26.974+0100] {logging_mixin.py:188} INFO - [2023-12-31T14:04:26.974+0100] {dagbag.py:538} INFO - Filling up the DagBag from /home/ubuntu/.local/lib/python3.10/site-packages/airflow/example_dags/example_branch_day_of_week_operator.py
[2023-12-31T14:04:26.981+0100] {processor.py:840} INFO - DAG(s) 'example_weekday_branch_operator' retrieved from /home/ubuntu/.local/lib/python3.10/site-packages/airflow/example_dags/example_branch_day_of_week_operator.py
[2023-12-31T14:04:26.995+0100] {logging_mixin.py:188} INFO - [2023-12-31T14:04:26.995+0100] {dag.py:3033} INFO - Sync 1 DAGs
[2023-12-31T14:04:27.014+0100] {logging_mixin.py:188} INFO - [2023-12-31T14:04:27.013+0100] {dag.py:3820} INFO - Setting next_dagrun for example_weekday_branch_operator to 2023-12-30T00:00:00+00:00, run_after=2023-12-31T00:00:00+00:00
[2023-12-31T14:04:27.033+0100] {processor.py:183} INFO - Processing /home/ubuntu/.local/lib/python3.10/site-packages/airflow/example_dags/example_branch_day_of_week_operator.py took 0.063 seconds
[2023-12-31T14:05:25.426+0100] {processor.py:161} INFO - Started process (PID=14712) to work on /home/ubuntu/.local/lib/python3.10/site-packages/airflow/example_dags/example_branch_day_of_week_operator.py
[2023-12-31T14:05:25.428+0100] {processor.py:830} INFO - Processing file /home/ubuntu/.local/lib/python3.10/site-packages/airflow/example_dags/example_branch_day_of_week_operator.py for tasks to queue
[2023-12-31T14:05:25.429+0100] {logging_mixin.py:188} INFO - [2023-12-31T14:05:25.428+0100] {dagbag.py:538} INFO - Filling up the DagBag from /home/ubuntu/.local/lib/python3.10/site-packages/airflow/example_dags/example_branch_day_of_week_operator.py
[2023-12-31T14:05:25.435+0100] {processor.py:840} INFO - DAG(s) 'example_weekday_branch_operator' retrieved from /home/ubuntu/.local/lib/python3.10/site-packages/airflow/example_dags/example_branch_day_of_week_operator.py
[2023-12-31T14:05:25.450+0100] {logging_mixin.py:188} INFO - [2023-12-31T14:05:25.450+0100] {dag.py:3033} INFO - Sync 1 DAGs
[2023-12-31T14:05:25.466+0100] {logging_mixin.py:188} INFO - [2023-12-31T14:05:25.465+0100] {dag.py:3820} INFO - Setting next_dagrun for example_weekday_branch_operator to 2023-12-30T00:00:00+00:00, run_after=2023-12-31T00:00:00+00:00
[2023-12-31T14:05:25.487+0100] {processor.py:183} INFO - Processing /home/ubuntu/.local/lib/python3.10/site-packages/airflow/example_dags/example_branch_day_of_week_operator.py took 0.064 seconds
[2023-12-31T14:06:22.917+0100] {processor.py:161} INFO - Started process (PID=14925) to work on /home/ubuntu/.local/lib/python3.10/site-packages/airflow/example_dags/example_branch_day_of_week_operator.py
[2023-12-31T14:06:22.927+0100] {processor.py:830} INFO - Processing file /home/ubuntu/.local/lib/python3.10/site-packages/airflow/example_dags/example_branch_day_of_week_operator.py for tasks to queue
[2023-12-31T14:06:22.928+0100] {logging_mixin.py:188} INFO - [2023-12-31T14:06:22.928+0100] {dagbag.py:538} INFO - Filling up the DagBag from /home/ubuntu/.local/lib/python3.10/site-packages/airflow/example_dags/example_branch_day_of_week_operator.py
[2023-12-31T14:06:22.935+0100] {processor.py:840} INFO - DAG(s) 'example_weekday_branch_operator' retrieved from /home/ubuntu/.local/lib/python3.10/site-packages/airflow/example_dags/example_branch_day_of_week_operator.py
[2023-12-31T14:06:22.950+0100] {logging_mixin.py:188} INFO - [2023-12-31T14:06:22.950+0100] {dag.py:3033} INFO - Sync 1 DAGs
[2023-12-31T14:06:22.967+0100] {logging_mixin.py:188} INFO - [2023-12-31T14:06:22.967+0100] {dag.py:3820} INFO - Setting next_dagrun for example_weekday_branch_operator to 2023-12-30T00:00:00+00:00, run_after=2023-12-31T00:00:00+00:00
[2023-12-31T14:06:22.984+0100] {processor.py:183} INFO - Processing /home/ubuntu/.local/lib/python3.10/site-packages/airflow/example_dags/example_branch_day_of_week_operator.py took 0.069 seconds
