[2023-12-31T13:59:06.837+0100] {processor.py:161} INFO - Started process (PID=12343) to work on /home/ubuntu/.local/lib/python3.10/site-packages/airflow/example_dags/tutorial_dag.py
[2023-12-31T13:59:06.838+0100] {processor.py:830} INFO - Processing file /home/ubuntu/.local/lib/python3.10/site-packages/airflow/example_dags/tutorial_dag.py for tasks to queue
[2023-12-31T13:59:06.839+0100] {logging_mixin.py:188} INFO - [2023-12-31T13:59:06.838+0100] {dagbag.py:538} INFO - Filling up the DagBag from /home/ubuntu/.local/lib/python3.10/site-packages/airflow/example_dags/tutorial_dag.py
[2023-12-31T13:59:06.846+0100] {processor.py:840} INFO - DAG(s) 'tutorial_dag' retrieved from /home/ubuntu/.local/lib/python3.10/site-packages/airflow/example_dags/tutorial_dag.py
[2023-12-31T13:59:06.863+0100] {logging_mixin.py:188} INFO - [2023-12-31T13:59:06.863+0100] {dag.py:3033} INFO - Sync 1 DAGs
[2023-12-31T13:59:06.874+0100] {logging_mixin.py:188} INFO - [2023-12-31T13:59:06.874+0100] {dag.py:3820} INFO - Setting next_dagrun for tutorial_dag to None, run_after=None
[2023-12-31T13:59:06.900+0100] {processor.py:183} INFO - Processing /home/ubuntu/.local/lib/python3.10/site-packages/airflow/example_dags/tutorial_dag.py took 0.066 seconds
[2023-12-31T13:59:49.297+0100] {processor.py:161} INFO - Started process (PID=12615) to work on /home/ubuntu/.local/lib/python3.10/site-packages/airflow/example_dags/tutorial_dag.py
[2023-12-31T13:59:49.307+0100] {processor.py:830} INFO - Processing file /home/ubuntu/.local/lib/python3.10/site-packages/airflow/example_dags/tutorial_dag.py for tasks to queue
[2023-12-31T13:59:49.308+0100] {logging_mixin.py:188} INFO - [2023-12-31T13:59:49.308+0100] {dagbag.py:538} INFO - Filling up the DagBag from /home/ubuntu/.local/lib/python3.10/site-packages/airflow/example_dags/tutorial_dag.py
[2023-12-31T13:59:49.315+0100] {processor.py:840} INFO - DAG(s) 'tutorial_dag' retrieved from /home/ubuntu/.local/lib/python3.10/site-packages/airflow/example_dags/tutorial_dag.py
[2023-12-31T13:59:49.333+0100] {logging_mixin.py:188} INFO - [2023-12-31T13:59:49.333+0100] {dag.py:3033} INFO - Sync 1 DAGs
[2023-12-31T13:59:49.345+0100] {logging_mixin.py:188} INFO - [2023-12-31T13:59:49.345+0100] {dag.py:3820} INFO - Setting next_dagrun for tutorial_dag to None, run_after=None
[2023-12-31T13:59:49.366+0100] {processor.py:183} INFO - Processing /home/ubuntu/.local/lib/python3.10/site-packages/airflow/example_dags/tutorial_dag.py took 0.073 seconds
[2023-12-31T14:00:37.660+0100] {processor.py:161} INFO - Started process (PID=13273) to work on /home/ubuntu/.local/lib/python3.10/site-packages/airflow/example_dags/tutorial_dag.py
[2023-12-31T14:00:37.662+0100] {processor.py:830} INFO - Processing file /home/ubuntu/.local/lib/python3.10/site-packages/airflow/example_dags/tutorial_dag.py for tasks to queue
[2023-12-31T14:00:37.663+0100] {logging_mixin.py:188} INFO - [2023-12-31T14:00:37.663+0100] {dagbag.py:538} INFO - Filling up the DagBag from /home/ubuntu/.local/lib/python3.10/site-packages/airflow/example_dags/tutorial_dag.py
[2023-12-31T14:00:37.671+0100] {processor.py:840} INFO - DAG(s) 'tutorial_dag' retrieved from /home/ubuntu/.local/lib/python3.10/site-packages/airflow/example_dags/tutorial_dag.py
[2023-12-31T14:00:37.690+0100] {logging_mixin.py:188} INFO - [2023-12-31T14:00:37.690+0100] {dag.py:3033} INFO - Sync 1 DAGs
[2023-12-31T14:00:37.706+0100] {logging_mixin.py:188} INFO - [2023-12-31T14:00:37.705+0100] {dag.py:3820} INFO - Setting next_dagrun for tutorial_dag to None, run_after=None
[2023-12-31T14:00:37.729+0100] {processor.py:183} INFO - Processing /home/ubuntu/.local/lib/python3.10/site-packages/airflow/example_dags/tutorial_dag.py took 0.072 seconds
[2023-12-31T14:01:16.380+0100] {processor.py:161} INFO - Started process (PID=13561) to work on /home/ubuntu/.local/lib/python3.10/site-packages/airflow/example_dags/tutorial_dag.py
[2023-12-31T14:01:16.390+0100] {processor.py:830} INFO - Processing file /home/ubuntu/.local/lib/python3.10/site-packages/airflow/example_dags/tutorial_dag.py for tasks to queue
[2023-12-31T14:01:16.391+0100] {logging_mixin.py:188} INFO - [2023-12-31T14:01:16.390+0100] {dagbag.py:538} INFO - Filling up the DagBag from /home/ubuntu/.local/lib/python3.10/site-packages/airflow/example_dags/tutorial_dag.py
[2023-12-31T14:01:16.396+0100] {processor.py:840} INFO - DAG(s) 'tutorial_dag' retrieved from /home/ubuntu/.local/lib/python3.10/site-packages/airflow/example_dags/tutorial_dag.py
[2023-12-31T14:01:16.410+0100] {logging_mixin.py:188} INFO - [2023-12-31T14:01:16.410+0100] {dag.py:3033} INFO - Sync 1 DAGs
[2023-12-31T14:01:16.420+0100] {logging_mixin.py:188} INFO - [2023-12-31T14:01:16.420+0100] {dag.py:3820} INFO - Setting next_dagrun for tutorial_dag to None, run_after=None
[2023-12-31T14:01:16.439+0100] {processor.py:183} INFO - Processing /home/ubuntu/.local/lib/python3.10/site-packages/airflow/example_dags/tutorial_dag.py took 0.064 seconds
[2023-12-31T14:01:53.244+0100] {processor.py:161} INFO - Started process (PID=13733) to work on /home/ubuntu/.local/lib/python3.10/site-packages/airflow/example_dags/tutorial_dag.py
[2023-12-31T14:01:53.246+0100] {processor.py:830} INFO - Processing file /home/ubuntu/.local/lib/python3.10/site-packages/airflow/example_dags/tutorial_dag.py for tasks to queue
[2023-12-31T14:01:53.247+0100] {logging_mixin.py:188} INFO - [2023-12-31T14:01:53.247+0100] {dagbag.py:538} INFO - Filling up the DagBag from /home/ubuntu/.local/lib/python3.10/site-packages/airflow/example_dags/tutorial_dag.py
[2023-12-31T14:01:53.254+0100] {processor.py:840} INFO - DAG(s) 'tutorial_dag' retrieved from /home/ubuntu/.local/lib/python3.10/site-packages/airflow/example_dags/tutorial_dag.py
[2023-12-31T14:01:53.270+0100] {logging_mixin.py:188} INFO - [2023-12-31T14:01:53.270+0100] {dag.py:3033} INFO - Sync 1 DAGs
[2023-12-31T14:01:53.279+0100] {logging_mixin.py:188} INFO - [2023-12-31T14:01:53.279+0100] {dag.py:3820} INFO - Setting next_dagrun for tutorial_dag to None, run_after=None
[2023-12-31T14:01:53.298+0100] {processor.py:183} INFO - Processing /home/ubuntu/.local/lib/python3.10/site-packages/airflow/example_dags/tutorial_dag.py took 0.057 seconds
[2023-12-31T14:02:31.973+0100] {processor.py:161} INFO - Started process (PID=13916) to work on /home/ubuntu/.local/lib/python3.10/site-packages/airflow/example_dags/tutorial_dag.py
[2023-12-31T14:02:31.979+0100] {processor.py:830} INFO - Processing file /home/ubuntu/.local/lib/python3.10/site-packages/airflow/example_dags/tutorial_dag.py for tasks to queue
[2023-12-31T14:02:31.980+0100] {logging_mixin.py:188} INFO - [2023-12-31T14:02:31.979+0100] {dagbag.py:538} INFO - Filling up the DagBag from /home/ubuntu/.local/lib/python3.10/site-packages/airflow/example_dags/tutorial_dag.py
[2023-12-31T14:02:31.986+0100] {processor.py:840} INFO - DAG(s) 'tutorial_dag' retrieved from /home/ubuntu/.local/lib/python3.10/site-packages/airflow/example_dags/tutorial_dag.py
[2023-12-31T14:02:32.004+0100] {logging_mixin.py:188} INFO - [2023-12-31T14:02:32.004+0100] {dag.py:3033} INFO - Sync 1 DAGs
[2023-12-31T14:02:32.016+0100] {logging_mixin.py:188} INFO - [2023-12-31T14:02:32.016+0100] {dag.py:3820} INFO - Setting next_dagrun for tutorial_dag to None, run_after=None
[2023-12-31T14:02:32.041+0100] {processor.py:183} INFO - Processing /home/ubuntu/.local/lib/python3.10/site-packages/airflow/example_dags/tutorial_dag.py took 0.070 seconds
[2023-12-31T14:03:07.090+0100] {processor.py:161} INFO - Started process (PID=13975) to work on /home/ubuntu/.local/lib/python3.10/site-packages/airflow/example_dags/tutorial_dag.py
[2023-12-31T14:03:07.101+0100] {processor.py:830} INFO - Processing file /home/ubuntu/.local/lib/python3.10/site-packages/airflow/example_dags/tutorial_dag.py for tasks to queue
[2023-12-31T14:03:07.102+0100] {logging_mixin.py:188} INFO - [2023-12-31T14:03:07.101+0100] {dagbag.py:538} INFO - Filling up the DagBag from /home/ubuntu/.local/lib/python3.10/site-packages/airflow/example_dags/tutorial_dag.py
[2023-12-31T14:03:07.111+0100] {processor.py:840} INFO - DAG(s) 'tutorial_dag' retrieved from /home/ubuntu/.local/lib/python3.10/site-packages/airflow/example_dags/tutorial_dag.py
[2023-12-31T14:03:07.131+0100] {logging_mixin.py:188} INFO - [2023-12-31T14:03:07.131+0100] {dag.py:3033} INFO - Sync 1 DAGs
[2023-12-31T14:03:07.144+0100] {logging_mixin.py:188} INFO - [2023-12-31T14:03:07.144+0100] {dag.py:3820} INFO - Setting next_dagrun for tutorial_dag to None, run_after=None
[2023-12-31T14:03:07.165+0100] {processor.py:183} INFO - Processing /home/ubuntu/.local/lib/python3.10/site-packages/airflow/example_dags/tutorial_dag.py took 0.080 seconds
[2023-12-31T14:03:44.107+0100] {processor.py:161} INFO - Started process (PID=14323) to work on /home/ubuntu/.local/lib/python3.10/site-packages/airflow/example_dags/tutorial_dag.py
[2023-12-31T14:03:44.108+0100] {processor.py:830} INFO - Processing file /home/ubuntu/.local/lib/python3.10/site-packages/airflow/example_dags/tutorial_dag.py for tasks to queue
[2023-12-31T14:03:44.110+0100] {logging_mixin.py:188} INFO - [2023-12-31T14:03:44.109+0100] {dagbag.py:538} INFO - Filling up the DagBag from /home/ubuntu/.local/lib/python3.10/site-packages/airflow/example_dags/tutorial_dag.py
[2023-12-31T14:03:44.117+0100] {processor.py:840} INFO - DAG(s) 'tutorial_dag' retrieved from /home/ubuntu/.local/lib/python3.10/site-packages/airflow/example_dags/tutorial_dag.py
[2023-12-31T14:03:44.133+0100] {logging_mixin.py:188} INFO - [2023-12-31T14:03:44.132+0100] {dag.py:3033} INFO - Sync 1 DAGs
[2023-12-31T14:03:44.142+0100] {logging_mixin.py:188} INFO - [2023-12-31T14:03:44.142+0100] {dag.py:3820} INFO - Setting next_dagrun for tutorial_dag to None, run_after=None
[2023-12-31T14:03:44.181+0100] {processor.py:183} INFO - Processing /home/ubuntu/.local/lib/python3.10/site-packages/airflow/example_dags/tutorial_dag.py took 0.079 seconds
[2023-12-31T14:04:39.534+0100] {processor.py:161} INFO - Started process (PID=14435) to work on /home/ubuntu/.local/lib/python3.10/site-packages/airflow/example_dags/tutorial_dag.py
[2023-12-31T14:04:39.537+0100] {processor.py:830} INFO - Processing file /home/ubuntu/.local/lib/python3.10/site-packages/airflow/example_dags/tutorial_dag.py for tasks to queue
[2023-12-31T14:04:39.538+0100] {logging_mixin.py:188} INFO - [2023-12-31T14:04:39.537+0100] {dagbag.py:538} INFO - Filling up the DagBag from /home/ubuntu/.local/lib/python3.10/site-packages/airflow/example_dags/tutorial_dag.py
[2023-12-31T14:04:39.545+0100] {processor.py:840} INFO - DAG(s) 'tutorial_dag' retrieved from /home/ubuntu/.local/lib/python3.10/site-packages/airflow/example_dags/tutorial_dag.py
[2023-12-31T14:04:39.565+0100] {logging_mixin.py:188} INFO - [2023-12-31T14:04:39.565+0100] {dag.py:3033} INFO - Sync 1 DAGs
[2023-12-31T14:04:39.577+0100] {logging_mixin.py:188} INFO - [2023-12-31T14:04:39.577+0100] {dag.py:3820} INFO - Setting next_dagrun for tutorial_dag to None, run_after=None
[2023-12-31T14:04:39.603+0100] {processor.py:183} INFO - Processing /home/ubuntu/.local/lib/python3.10/site-packages/airflow/example_dags/tutorial_dag.py took 0.072 seconds
[2023-12-31T14:05:20.595+0100] {processor.py:161} INFO - Started process (PID=14706) to work on /home/ubuntu/.local/lib/python3.10/site-packages/airflow/example_dags/tutorial_dag.py
[2023-12-31T14:05:20.599+0100] {processor.py:830} INFO - Processing file /home/ubuntu/.local/lib/python3.10/site-packages/airflow/example_dags/tutorial_dag.py for tasks to queue
[2023-12-31T14:05:20.600+0100] {logging_mixin.py:188} INFO - [2023-12-31T14:05:20.600+0100] {dagbag.py:538} INFO - Filling up the DagBag from /home/ubuntu/.local/lib/python3.10/site-packages/airflow/example_dags/tutorial_dag.py
[2023-12-31T14:05:20.607+0100] {processor.py:840} INFO - DAG(s) 'tutorial_dag' retrieved from /home/ubuntu/.local/lib/python3.10/site-packages/airflow/example_dags/tutorial_dag.py
[2023-12-31T14:05:20.621+0100] {logging_mixin.py:188} INFO - [2023-12-31T14:05:20.620+0100] {dag.py:3033} INFO - Sync 1 DAGs
[2023-12-31T14:05:20.629+0100] {logging_mixin.py:188} INFO - [2023-12-31T14:05:20.629+0100] {dag.py:3820} INFO - Setting next_dagrun for tutorial_dag to None, run_after=None
[2023-12-31T14:05:20.649+0100] {processor.py:183} INFO - Processing /home/ubuntu/.local/lib/python3.10/site-packages/airflow/example_dags/tutorial_dag.py took 0.057 seconds
[2023-12-31T14:05:59.966+0100] {processor.py:161} INFO - Started process (PID=14884) to work on /home/ubuntu/.local/lib/python3.10/site-packages/airflow/example_dags/tutorial_dag.py
[2023-12-31T14:05:59.968+0100] {processor.py:830} INFO - Processing file /home/ubuntu/.local/lib/python3.10/site-packages/airflow/example_dags/tutorial_dag.py for tasks to queue
[2023-12-31T14:05:59.969+0100] {logging_mixin.py:188} INFO - [2023-12-31T14:05:59.968+0100] {dagbag.py:538} INFO - Filling up the DagBag from /home/ubuntu/.local/lib/python3.10/site-packages/airflow/example_dags/tutorial_dag.py
[2023-12-31T14:05:59.976+0100] {processor.py:840} INFO - DAG(s) 'tutorial_dag' retrieved from /home/ubuntu/.local/lib/python3.10/site-packages/airflow/example_dags/tutorial_dag.py
[2023-12-31T14:05:59.992+0100] {logging_mixin.py:188} INFO - [2023-12-31T14:05:59.992+0100] {dag.py:3033} INFO - Sync 1 DAGs
[2023-12-31T14:06:00.003+0100] {logging_mixin.py:188} INFO - [2023-12-31T14:06:00.003+0100] {dag.py:3820} INFO - Setting next_dagrun for tutorial_dag to None, run_after=None
[2023-12-31T14:06:00.028+0100] {processor.py:183} INFO - Processing /home/ubuntu/.local/lib/python3.10/site-packages/airflow/example_dags/tutorial_dag.py took 0.066 seconds
