[2024-01-01T15:43:03.008+0100] {processor.py:161} INFO - Started process (PID=8016) to work on /home/ubuntu/.local/lib/python3.10/site-packages/airflow/example_dags/example_kubernetes_executor.py
[2024-01-01T15:43:03.009+0100] {processor.py:830} INFO - Processing file /home/ubuntu/.local/lib/python3.10/site-packages/airflow/example_dags/example_kubernetes_executor.py for tasks to queue
[2024-01-01T15:43:03.009+0100] {logging_mixin.py:188} INFO - [2024-01-01T15:43:03.009+0100] {dagbag.py:538} INFO - Filling up the DagBag from /home/ubuntu/.local/lib/python3.10/site-packages/airflow/example_dags/example_kubernetes_executor.py
[2024-01-01T15:43:03.011+0100] {logging_mixin.py:188} INFO - [2024-01-01T15:43:03.011+0100] {example_kubernetes_executor.py:38} WARNING - The example_kubernetes_executor example DAG requires the kubernetes provider. Please install it with: pip install apache-airflow[cncf.kubernetes]
[2024-01-01T15:43:03.012+0100] {processor.py:842} WARNING - No viable dags retrieved from /home/ubuntu/.local/lib/python3.10/site-packages/airflow/example_dags/example_kubernetes_executor.py
[2024-01-01T15:43:03.017+0100] {processor.py:183} INFO - Processing /home/ubuntu/.local/lib/python3.10/site-packages/airflow/example_dags/example_kubernetes_executor.py took 0.015 seconds
[2024-01-01T15:43:59.012+0100] {processor.py:161} INFO - Started process (PID=8113) to work on /home/ubuntu/.local/lib/python3.10/site-packages/airflow/example_dags/example_kubernetes_executor.py
[2024-01-01T15:43:59.013+0100] {processor.py:830} INFO - Processing file /home/ubuntu/.local/lib/python3.10/site-packages/airflow/example_dags/example_kubernetes_executor.py for tasks to queue
[2024-01-01T15:43:59.014+0100] {logging_mixin.py:188} INFO - [2024-01-01T15:43:59.013+0100] {dagbag.py:538} INFO - Filling up the DagBag from /home/ubuntu/.local/lib/python3.10/site-packages/airflow/example_dags/example_kubernetes_executor.py
[2024-01-01T15:43:59.015+0100] {logging_mixin.py:188} INFO - [2024-01-01T15:43:59.015+0100] {example_kubernetes_executor.py:38} WARNING - The example_kubernetes_executor example DAG requires the kubernetes provider. Please install it with: pip install apache-airflow[cncf.kubernetes]
[2024-01-01T15:43:59.016+0100] {processor.py:842} WARNING - No viable dags retrieved from /home/ubuntu/.local/lib/python3.10/site-packages/airflow/example_dags/example_kubernetes_executor.py
[2024-01-01T15:43:59.022+0100] {processor.py:183} INFO - Processing /home/ubuntu/.local/lib/python3.10/site-packages/airflow/example_dags/example_kubernetes_executor.py took 0.013 seconds
[2024-01-01T15:44:54.437+0100] {processor.py:161} INFO - Started process (PID=8336) to work on /home/ubuntu/.local/lib/python3.10/site-packages/airflow/example_dags/example_kubernetes_executor.py
[2024-01-01T15:44:54.438+0100] {processor.py:830} INFO - Processing file /home/ubuntu/.local/lib/python3.10/site-packages/airflow/example_dags/example_kubernetes_executor.py for tasks to queue
[2024-01-01T15:44:54.440+0100] {logging_mixin.py:188} INFO - [2024-01-01T15:44:54.439+0100] {dagbag.py:538} INFO - Filling up the DagBag from /home/ubuntu/.local/lib/python3.10/site-packages/airflow/example_dags/example_kubernetes_executor.py
[2024-01-01T15:44:54.444+0100] {logging_mixin.py:188} INFO - [2024-01-01T15:44:54.444+0100] {example_kubernetes_executor.py:38} WARNING - The example_kubernetes_executor example DAG requires the kubernetes provider. Please install it with: pip install apache-airflow[cncf.kubernetes]
[2024-01-01T15:44:54.444+0100] {processor.py:842} WARNING - No viable dags retrieved from /home/ubuntu/.local/lib/python3.10/site-packages/airflow/example_dags/example_kubernetes_executor.py
[2024-01-01T15:44:54.453+0100] {processor.py:183} INFO - Processing /home/ubuntu/.local/lib/python3.10/site-packages/airflow/example_dags/example_kubernetes_executor.py took 0.021 seconds
[2024-01-01T15:46:34.535+0100] {processor.py:161} INFO - Started process (PID=8737) to work on /home/ubuntu/.local/lib/python3.10/site-packages/airflow/example_dags/example_kubernetes_executor.py
[2024-01-01T15:46:34.547+0100] {processor.py:830} INFO - Processing file /home/ubuntu/.local/lib/python3.10/site-packages/airflow/example_dags/example_kubernetes_executor.py for tasks to queue
[2024-01-01T15:46:34.553+0100] {logging_mixin.py:188} INFO - [2024-01-01T15:46:34.549+0100] {dagbag.py:538} INFO - Filling up the DagBag from /home/ubuntu/.local/lib/python3.10/site-packages/airflow/example_dags/example_kubernetes_executor.py
[2024-01-01T15:46:34.584+0100] {logging_mixin.py:188} INFO - [2024-01-01T15:46:34.583+0100] {example_kubernetes_executor.py:38} WARNING - The example_kubernetes_executor example DAG requires the kubernetes provider. Please install it with: pip install apache-airflow[cncf.kubernetes]
[2024-01-01T15:46:34.585+0100] {processor.py:842} WARNING - No viable dags retrieved from /home/ubuntu/.local/lib/python3.10/site-packages/airflow/example_dags/example_kubernetes_executor.py
[2024-01-01T15:46:34.637+0100] {processor.py:183} INFO - Processing /home/ubuntu/.local/lib/python3.10/site-packages/airflow/example_dags/example_kubernetes_executor.py took 0.110 seconds
[2024-01-01T16:09:39.608+0100] {processor.py:161} INFO - Started process (PID=4180) to work on /home/ubuntu/.local/lib/python3.10/site-packages/airflow/example_dags/example_kubernetes_executor.py
[2024-01-01T16:09:39.611+0100] {processor.py:830} INFO - Processing file /home/ubuntu/.local/lib/python3.10/site-packages/airflow/example_dags/example_kubernetes_executor.py for tasks to queue
[2024-01-01T16:09:39.613+0100] {logging_mixin.py:188} INFO - [2024-01-01T16:09:39.612+0100] {dagbag.py:538} INFO - Filling up the DagBag from /home/ubuntu/.local/lib/python3.10/site-packages/airflow/example_dags/example_kubernetes_executor.py
[2024-01-01T16:09:39.622+0100] {logging_mixin.py:188} INFO - [2024-01-01T16:09:39.621+0100] {example_kubernetes_executor.py:38} WARNING - The example_kubernetes_executor example DAG requires the kubernetes provider. Please install it with: pip install apache-airflow[cncf.kubernetes]
[2024-01-01T16:09:39.622+0100] {processor.py:842} WARNING - No viable dags retrieved from /home/ubuntu/.local/lib/python3.10/site-packages/airflow/example_dags/example_kubernetes_executor.py
[2024-01-01T16:09:39.635+0100] {processor.py:183} INFO - Processing /home/ubuntu/.local/lib/python3.10/site-packages/airflow/example_dags/example_kubernetes_executor.py took 0.035 seconds
[2024-01-01T16:10:44.818+0100] {processor.py:161} INFO - Started process (PID=4476) to work on /home/ubuntu/.local/lib/python3.10/site-packages/airflow/example_dags/example_kubernetes_executor.py
[2024-01-01T16:10:44.819+0100] {processor.py:830} INFO - Processing file /home/ubuntu/.local/lib/python3.10/site-packages/airflow/example_dags/example_kubernetes_executor.py for tasks to queue
[2024-01-01T16:10:44.819+0100] {logging_mixin.py:188} INFO - [2024-01-01T16:10:44.819+0100] {dagbag.py:538} INFO - Filling up the DagBag from /home/ubuntu/.local/lib/python3.10/site-packages/airflow/example_dags/example_kubernetes_executor.py
[2024-01-01T16:10:44.822+0100] {logging_mixin.py:188} INFO - [2024-01-01T16:10:44.822+0100] {example_kubernetes_executor.py:38} WARNING - The example_kubernetes_executor example DAG requires the kubernetes provider. Please install it with: pip install apache-airflow[cncf.kubernetes]
[2024-01-01T16:10:44.822+0100] {processor.py:842} WARNING - No viable dags retrieved from /home/ubuntu/.local/lib/python3.10/site-packages/airflow/example_dags/example_kubernetes_executor.py
[2024-01-01T16:10:44.828+0100] {processor.py:183} INFO - Processing /home/ubuntu/.local/lib/python3.10/site-packages/airflow/example_dags/example_kubernetes_executor.py took 0.012 seconds
[2024-01-01T16:11:37.709+0100] {processor.py:161} INFO - Started process (PID=4546) to work on /home/ubuntu/.local/lib/python3.10/site-packages/airflow/example_dags/example_kubernetes_executor.py
[2024-01-01T16:11:37.709+0100] {processor.py:830} INFO - Processing file /home/ubuntu/.local/lib/python3.10/site-packages/airflow/example_dags/example_kubernetes_executor.py for tasks to queue
[2024-01-01T16:11:37.710+0100] {logging_mixin.py:188} INFO - [2024-01-01T16:11:37.710+0100] {dagbag.py:538} INFO - Filling up the DagBag from /home/ubuntu/.local/lib/python3.10/site-packages/airflow/example_dags/example_kubernetes_executor.py
[2024-01-01T16:11:37.712+0100] {logging_mixin.py:188} INFO - [2024-01-01T16:11:37.712+0100] {example_kubernetes_executor.py:38} WARNING - The example_kubernetes_executor example DAG requires the kubernetes provider. Please install it with: pip install apache-airflow[cncf.kubernetes]
[2024-01-01T16:11:37.712+0100] {processor.py:842} WARNING - No viable dags retrieved from /home/ubuntu/.local/lib/python3.10/site-packages/airflow/example_dags/example_kubernetes_executor.py
[2024-01-01T16:11:37.718+0100] {processor.py:183} INFO - Processing /home/ubuntu/.local/lib/python3.10/site-packages/airflow/example_dags/example_kubernetes_executor.py took 0.011 seconds
[2024-01-01T16:12:31.395+0100] {processor.py:161} INFO - Started process (PID=4742) to work on /home/ubuntu/.local/lib/python3.10/site-packages/airflow/example_dags/example_kubernetes_executor.py
[2024-01-01T16:12:31.397+0100] {processor.py:830} INFO - Processing file /home/ubuntu/.local/lib/python3.10/site-packages/airflow/example_dags/example_kubernetes_executor.py for tasks to queue
[2024-01-01T16:12:31.398+0100] {logging_mixin.py:188} INFO - [2024-01-01T16:12:31.398+0100] {dagbag.py:538} INFO - Filling up the DagBag from /home/ubuntu/.local/lib/python3.10/site-packages/airflow/example_dags/example_kubernetes_executor.py
[2024-01-01T16:12:31.401+0100] {logging_mixin.py:188} INFO - [2024-01-01T16:12:31.401+0100] {example_kubernetes_executor.py:38} WARNING - The example_kubernetes_executor example DAG requires the kubernetes provider. Please install it with: pip install apache-airflow[cncf.kubernetes]
[2024-01-01T16:12:31.401+0100] {processor.py:842} WARNING - No viable dags retrieved from /home/ubuntu/.local/lib/python3.10/site-packages/airflow/example_dags/example_kubernetes_executor.py
[2024-01-01T16:12:31.409+0100] {processor.py:183} INFO - Processing /home/ubuntu/.local/lib/python3.10/site-packages/airflow/example_dags/example_kubernetes_executor.py took 0.018 seconds
[2024-01-01T16:13:28.410+0100] {processor.py:161} INFO - Started process (PID=4828) to work on /home/ubuntu/.local/lib/python3.10/site-packages/airflow/example_dags/example_kubernetes_executor.py
[2024-01-01T16:13:28.420+0100] {processor.py:830} INFO - Processing file /home/ubuntu/.local/lib/python3.10/site-packages/airflow/example_dags/example_kubernetes_executor.py for tasks to queue
[2024-01-01T16:13:28.421+0100] {logging_mixin.py:188} INFO - [2024-01-01T16:13:28.421+0100] {dagbag.py:538} INFO - Filling up the DagBag from /home/ubuntu/.local/lib/python3.10/site-packages/airflow/example_dags/example_kubernetes_executor.py
[2024-01-01T16:13:28.423+0100] {logging_mixin.py:188} INFO - [2024-01-01T16:13:28.423+0100] {example_kubernetes_executor.py:38} WARNING - The example_kubernetes_executor example DAG requires the kubernetes provider. Please install it with: pip install apache-airflow[cncf.kubernetes]
[2024-01-01T16:13:28.423+0100] {processor.py:842} WARNING - No viable dags retrieved from /home/ubuntu/.local/lib/python3.10/site-packages/airflow/example_dags/example_kubernetes_executor.py
[2024-01-01T16:13:28.429+0100] {processor.py:183} INFO - Processing /home/ubuntu/.local/lib/python3.10/site-packages/airflow/example_dags/example_kubernetes_executor.py took 0.021 seconds
[2024-01-01T16:14:21.635+0100] {processor.py:161} INFO - Started process (PID=4912) to work on /home/ubuntu/.local/lib/python3.10/site-packages/airflow/example_dags/example_kubernetes_executor.py
[2024-01-01T16:14:21.636+0100] {processor.py:830} INFO - Processing file /home/ubuntu/.local/lib/python3.10/site-packages/airflow/example_dags/example_kubernetes_executor.py for tasks to queue
[2024-01-01T16:14:21.637+0100] {logging_mixin.py:188} INFO - [2024-01-01T16:14:21.637+0100] {dagbag.py:538} INFO - Filling up the DagBag from /home/ubuntu/.local/lib/python3.10/site-packages/airflow/example_dags/example_kubernetes_executor.py
[2024-01-01T16:14:21.639+0100] {logging_mixin.py:188} INFO - [2024-01-01T16:14:21.638+0100] {example_kubernetes_executor.py:38} WARNING - The example_kubernetes_executor example DAG requires the kubernetes provider. Please install it with: pip install apache-airflow[cncf.kubernetes]
[2024-01-01T16:14:21.639+0100] {processor.py:842} WARNING - No viable dags retrieved from /home/ubuntu/.local/lib/python3.10/site-packages/airflow/example_dags/example_kubernetes_executor.py
[2024-01-01T16:14:21.644+0100] {processor.py:183} INFO - Processing /home/ubuntu/.local/lib/python3.10/site-packages/airflow/example_dags/example_kubernetes_executor.py took 0.011 seconds
[2024-01-01T16:15:15.577+0100] {processor.py:161} INFO - Started process (PID=5023) to work on /home/ubuntu/.local/lib/python3.10/site-packages/airflow/example_dags/example_kubernetes_executor.py
[2024-01-01T16:15:15.589+0100] {processor.py:830} INFO - Processing file /home/ubuntu/.local/lib/python3.10/site-packages/airflow/example_dags/example_kubernetes_executor.py for tasks to queue
[2024-01-01T16:15:15.592+0100] {logging_mixin.py:188} INFO - [2024-01-01T16:15:15.591+0100] {dagbag.py:538} INFO - Filling up the DagBag from /home/ubuntu/.local/lib/python3.10/site-packages/airflow/example_dags/example_kubernetes_executor.py
[2024-01-01T16:15:15.599+0100] {logging_mixin.py:188} INFO - [2024-01-01T16:15:15.599+0100] {example_kubernetes_executor.py:38} WARNING - The example_kubernetes_executor example DAG requires the kubernetes provider. Please install it with: pip install apache-airflow[cncf.kubernetes]
[2024-01-01T16:15:15.600+0100] {processor.py:842} WARNING - No viable dags retrieved from /home/ubuntu/.local/lib/python3.10/site-packages/airflow/example_dags/example_kubernetes_executor.py
[2024-01-01T16:15:15.617+0100] {processor.py:183} INFO - Processing /home/ubuntu/.local/lib/python3.10/site-packages/airflow/example_dags/example_kubernetes_executor.py took 0.047 seconds
[2024-01-01T16:16:08.152+0100] {processor.py:161} INFO - Started process (PID=5160) to work on /home/ubuntu/.local/lib/python3.10/site-packages/airflow/example_dags/example_kubernetes_executor.py
[2024-01-01T16:16:08.163+0100] {processor.py:830} INFO - Processing file /home/ubuntu/.local/lib/python3.10/site-packages/airflow/example_dags/example_kubernetes_executor.py for tasks to queue
[2024-01-01T16:16:08.164+0100] {logging_mixin.py:188} INFO - [2024-01-01T16:16:08.164+0100] {dagbag.py:538} INFO - Filling up the DagBag from /home/ubuntu/.local/lib/python3.10/site-packages/airflow/example_dags/example_kubernetes_executor.py
[2024-01-01T16:16:08.167+0100] {logging_mixin.py:188} INFO - [2024-01-01T16:16:08.167+0100] {example_kubernetes_executor.py:38} WARNING - The example_kubernetes_executor example DAG requires the kubernetes provider. Please install it with: pip install apache-airflow[cncf.kubernetes]
[2024-01-01T16:16:08.167+0100] {processor.py:842} WARNING - No viable dags retrieved from /home/ubuntu/.local/lib/python3.10/site-packages/airflow/example_dags/example_kubernetes_executor.py
[2024-01-01T16:16:08.173+0100] {processor.py:183} INFO - Processing /home/ubuntu/.local/lib/python3.10/site-packages/airflow/example_dags/example_kubernetes_executor.py took 0.026 seconds
[2024-01-01T16:17:03.473+0100] {processor.py:161} INFO - Started process (PID=5249) to work on /home/ubuntu/.local/lib/python3.10/site-packages/airflow/example_dags/example_kubernetes_executor.py
[2024-01-01T16:17:03.482+0100] {processor.py:830} INFO - Processing file /home/ubuntu/.local/lib/python3.10/site-packages/airflow/example_dags/example_kubernetes_executor.py for tasks to queue
[2024-01-01T16:17:03.483+0100] {logging_mixin.py:188} INFO - [2024-01-01T16:17:03.483+0100] {dagbag.py:538} INFO - Filling up the DagBag from /home/ubuntu/.local/lib/python3.10/site-packages/airflow/example_dags/example_kubernetes_executor.py
[2024-01-01T16:17:03.485+0100] {logging_mixin.py:188} INFO - [2024-01-01T16:17:03.485+0100] {example_kubernetes_executor.py:38} WARNING - The example_kubernetes_executor example DAG requires the kubernetes provider. Please install it with: pip install apache-airflow[cncf.kubernetes]
[2024-01-01T16:17:03.485+0100] {processor.py:842} WARNING - No viable dags retrieved from /home/ubuntu/.local/lib/python3.10/site-packages/airflow/example_dags/example_kubernetes_executor.py
[2024-01-01T16:17:03.490+0100] {processor.py:183} INFO - Processing /home/ubuntu/.local/lib/python3.10/site-packages/airflow/example_dags/example_kubernetes_executor.py took 0.019 seconds
[2024-01-01T16:17:57.825+0100] {processor.py:161} INFO - Started process (PID=5315) to work on /home/ubuntu/.local/lib/python3.10/site-packages/airflow/example_dags/example_kubernetes_executor.py
[2024-01-01T16:17:57.828+0100] {processor.py:830} INFO - Processing file /home/ubuntu/.local/lib/python3.10/site-packages/airflow/example_dags/example_kubernetes_executor.py for tasks to queue
[2024-01-01T16:17:57.830+0100] {logging_mixin.py:188} INFO - [2024-01-01T16:17:57.829+0100] {dagbag.py:538} INFO - Filling up the DagBag from /home/ubuntu/.local/lib/python3.10/site-packages/airflow/example_dags/example_kubernetes_executor.py
[2024-01-01T16:17:57.836+0100] {logging_mixin.py:188} INFO - [2024-01-01T16:17:57.836+0100] {example_kubernetes_executor.py:38} WARNING - The example_kubernetes_executor example DAG requires the kubernetes provider. Please install it with: pip install apache-airflow[cncf.kubernetes]
[2024-01-01T16:17:57.837+0100] {processor.py:842} WARNING - No viable dags retrieved from /home/ubuntu/.local/lib/python3.10/site-packages/airflow/example_dags/example_kubernetes_executor.py
[2024-01-01T16:17:57.852+0100] {processor.py:183} INFO - Processing /home/ubuntu/.local/lib/python3.10/site-packages/airflow/example_dags/example_kubernetes_executor.py took 0.035 seconds
[2024-01-01T16:18:52.661+0100] {processor.py:161} INFO - Started process (PID=5391) to work on /home/ubuntu/.local/lib/python3.10/site-packages/airflow/example_dags/example_kubernetes_executor.py
[2024-01-01T16:18:52.662+0100] {processor.py:830} INFO - Processing file /home/ubuntu/.local/lib/python3.10/site-packages/airflow/example_dags/example_kubernetes_executor.py for tasks to queue
[2024-01-01T16:18:52.663+0100] {logging_mixin.py:188} INFO - [2024-01-01T16:18:52.662+0100] {dagbag.py:538} INFO - Filling up the DagBag from /home/ubuntu/.local/lib/python3.10/site-packages/airflow/example_dags/example_kubernetes_executor.py
[2024-01-01T16:18:52.664+0100] {logging_mixin.py:188} INFO - [2024-01-01T16:18:52.664+0100] {example_kubernetes_executor.py:38} WARNING - The example_kubernetes_executor example DAG requires the kubernetes provider. Please install it with: pip install apache-airflow[cncf.kubernetes]
[2024-01-01T16:18:52.665+0100] {processor.py:842} WARNING - No viable dags retrieved from /home/ubuntu/.local/lib/python3.10/site-packages/airflow/example_dags/example_kubernetes_executor.py
[2024-01-01T16:18:52.671+0100] {processor.py:183} INFO - Processing /home/ubuntu/.local/lib/python3.10/site-packages/airflow/example_dags/example_kubernetes_executor.py took 0.012 seconds
[2024-01-01T16:20:26.341+0100] {processor.py:161} INFO - Started process (PID=5662) to work on /home/ubuntu/.local/lib/python3.10/site-packages/airflow/example_dags/example_kubernetes_executor.py
[2024-01-01T16:20:26.342+0100] {processor.py:830} INFO - Processing file /home/ubuntu/.local/lib/python3.10/site-packages/airflow/example_dags/example_kubernetes_executor.py for tasks to queue
[2024-01-01T16:20:26.343+0100] {logging_mixin.py:188} INFO - [2024-01-01T16:20:26.342+0100] {dagbag.py:538} INFO - Filling up the DagBag from /home/ubuntu/.local/lib/python3.10/site-packages/airflow/example_dags/example_kubernetes_executor.py
[2024-01-01T16:20:26.345+0100] {logging_mixin.py:188} INFO - [2024-01-01T16:20:26.345+0100] {example_kubernetes_executor.py:38} WARNING - The example_kubernetes_executor example DAG requires the kubernetes provider. Please install it with: pip install apache-airflow[cncf.kubernetes]
[2024-01-01T16:20:26.345+0100] {processor.py:842} WARNING - No viable dags retrieved from /home/ubuntu/.local/lib/python3.10/site-packages/airflow/example_dags/example_kubernetes_executor.py
[2024-01-01T16:20:26.351+0100] {processor.py:183} INFO - Processing /home/ubuntu/.local/lib/python3.10/site-packages/airflow/example_dags/example_kubernetes_executor.py took 0.012 seconds
[2024-01-01T16:21:30.112+0100] {processor.py:161} INFO - Started process (PID=5849) to work on /home/ubuntu/.local/lib/python3.10/site-packages/airflow/example_dags/example_kubernetes_executor.py
[2024-01-01T16:21:30.123+0100] {processor.py:830} INFO - Processing file /home/ubuntu/.local/lib/python3.10/site-packages/airflow/example_dags/example_kubernetes_executor.py for tasks to queue
[2024-01-01T16:21:30.125+0100] {logging_mixin.py:188} INFO - [2024-01-01T16:21:30.124+0100] {dagbag.py:538} INFO - Filling up the DagBag from /home/ubuntu/.local/lib/python3.10/site-packages/airflow/example_dags/example_kubernetes_executor.py
[2024-01-01T16:21:30.132+0100] {logging_mixin.py:188} INFO - [2024-01-01T16:21:30.132+0100] {example_kubernetes_executor.py:38} WARNING - The example_kubernetes_executor example DAG requires the kubernetes provider. Please install it with: pip install apache-airflow[cncf.kubernetes]
[2024-01-01T16:21:30.133+0100] {processor.py:842} WARNING - No viable dags retrieved from /home/ubuntu/.local/lib/python3.10/site-packages/airflow/example_dags/example_kubernetes_executor.py
[2024-01-01T16:21:30.152+0100] {processor.py:183} INFO - Processing /home/ubuntu/.local/lib/python3.10/site-packages/airflow/example_dags/example_kubernetes_executor.py took 0.041 seconds
[2024-01-01T16:23:42.036+0100] {processor.py:161} INFO - Started process (PID=5988) to work on /home/ubuntu/.local/lib/python3.10/site-packages/airflow/example_dags/example_kubernetes_executor.py
[2024-01-01T16:23:42.037+0100] {processor.py:830} INFO - Processing file /home/ubuntu/.local/lib/python3.10/site-packages/airflow/example_dags/example_kubernetes_executor.py for tasks to queue
[2024-01-01T16:23:42.037+0100] {logging_mixin.py:188} INFO - [2024-01-01T16:23:42.037+0100] {dagbag.py:538} INFO - Filling up the DagBag from /home/ubuntu/.local/lib/python3.10/site-packages/airflow/example_dags/example_kubernetes_executor.py
[2024-01-01T16:23:42.206+0100] {processor.py:840} INFO - DAG(s) 'example_kubernetes_executor' retrieved from /home/ubuntu/.local/lib/python3.10/site-packages/airflow/example_dags/example_kubernetes_executor.py
[2024-01-01T16:23:42.219+0100] {logging_mixin.py:188} WARNING - /home/ubuntu/.local/lib/python3.10/site-packages/airflow/serialization/serialized_objects.py:1563 DeprecationWarning: This module is deprecated. The `cncf.kubernetes` provider before version 7.4.0 uses this module - you should migrate to a newer version of `cncf.kubernetes` to get rid of this warning. If you import the module via `airflow.kubernetes` import, please use `cncf.kubernetes' provider 7.4.0+ and switch all your imports to use `apache.airflow.providers.cncf.kubernetes` to get rid of the warning.
[2024-01-01T16:23:42.483+0100] {logging_mixin.py:188} INFO - [2024-01-01T16:23:42.483+0100] {dag.py:3033} INFO - Sync 1 DAGs
[2024-01-01T16:23:42.493+0100] {logging_mixin.py:188} INFO - [2024-01-01T16:23:42.493+0100] {dag.py:3820} INFO - Setting next_dagrun for example_kubernetes_executor to None, run_after=None
[2024-01-01T16:23:42.526+0100] {processor.py:183} INFO - Processing /home/ubuntu/.local/lib/python3.10/site-packages/airflow/example_dags/example_kubernetes_executor.py took 0.492 seconds
[2024-01-01T16:24:39.881+0100] {processor.py:161} INFO - Started process (PID=6067) to work on /home/ubuntu/.local/lib/python3.10/site-packages/airflow/example_dags/example_kubernetes_executor.py
[2024-01-01T16:24:39.891+0100] {processor.py:830} INFO - Processing file /home/ubuntu/.local/lib/python3.10/site-packages/airflow/example_dags/example_kubernetes_executor.py for tasks to queue
[2024-01-01T16:24:39.891+0100] {logging_mixin.py:188} INFO - [2024-01-01T16:24:39.891+0100] {dagbag.py:538} INFO - Filling up the DagBag from /home/ubuntu/.local/lib/python3.10/site-packages/airflow/example_dags/example_kubernetes_executor.py
[2024-01-01T16:24:40.014+0100] {processor.py:840} INFO - DAG(s) 'example_kubernetes_executor' retrieved from /home/ubuntu/.local/lib/python3.10/site-packages/airflow/example_dags/example_kubernetes_executor.py
[2024-01-01T16:24:40.088+0100] {logging_mixin.py:188} WARNING - /home/ubuntu/.local/lib/python3.10/site-packages/airflow/serialization/serialized_objects.py:1563 DeprecationWarning: This module is deprecated. The `cncf.kubernetes` provider before version 7.4.0 uses this module - you should migrate to a newer version of `cncf.kubernetes` to get rid of this warning. If you import the module via `airflow.kubernetes` import, please use `cncf.kubernetes' provider 7.4.0+ and switch all your imports to use `apache.airflow.providers.cncf.kubernetes` to get rid of the warning.
[2024-01-01T16:24:40.094+0100] {logging_mixin.py:188} INFO - [2024-01-01T16:24:40.093+0100] {dag.py:3033} INFO - Sync 1 DAGs
[2024-01-01T16:24:40.099+0100] {logging_mixin.py:188} INFO - [2024-01-01T16:24:40.099+0100] {dag.py:3820} INFO - Setting next_dagrun for example_kubernetes_executor to None, run_after=None
[2024-01-01T16:24:40.128+0100] {processor.py:183} INFO - Processing /home/ubuntu/.local/lib/python3.10/site-packages/airflow/example_dags/example_kubernetes_executor.py took 0.249 seconds
[2024-01-01T16:25:30.744+0100] {processor.py:161} INFO - Started process (PID=6279) to work on /home/ubuntu/.local/lib/python3.10/site-packages/airflow/example_dags/example_kubernetes_executor.py
[2024-01-01T16:25:30.746+0100] {processor.py:830} INFO - Processing file /home/ubuntu/.local/lib/python3.10/site-packages/airflow/example_dags/example_kubernetes_executor.py for tasks to queue
[2024-01-01T16:25:30.748+0100] {logging_mixin.py:188} INFO - [2024-01-01T16:25:30.747+0100] {dagbag.py:538} INFO - Filling up the DagBag from /home/ubuntu/.local/lib/python3.10/site-packages/airflow/example_dags/example_kubernetes_executor.py
[2024-01-01T16:25:30.906+0100] {processor.py:840} INFO - DAG(s) 'example_kubernetes_executor' retrieved from /home/ubuntu/.local/lib/python3.10/site-packages/airflow/example_dags/example_kubernetes_executor.py
[2024-01-01T16:25:30.916+0100] {logging_mixin.py:188} WARNING - /home/ubuntu/.local/lib/python3.10/site-packages/airflow/serialization/serialized_objects.py:1563 DeprecationWarning: This module is deprecated. The `cncf.kubernetes` provider before version 7.4.0 uses this module - you should migrate to a newer version of `cncf.kubernetes` to get rid of this warning. If you import the module via `airflow.kubernetes` import, please use `cncf.kubernetes' provider 7.4.0+ and switch all your imports to use `apache.airflow.providers.cncf.kubernetes` to get rid of the warning.
[2024-01-01T16:25:31.006+0100] {logging_mixin.py:188} INFO - [2024-01-01T16:25:30.923+0100] {dag.py:3033} INFO - Sync 1 DAGs
[2024-01-01T16:25:31.012+0100] {logging_mixin.py:188} INFO - [2024-01-01T16:25:31.012+0100] {dag.py:3820} INFO - Setting next_dagrun for example_kubernetes_executor to None, run_after=None
[2024-01-01T16:25:31.038+0100] {processor.py:183} INFO - Processing /home/ubuntu/.local/lib/python3.10/site-packages/airflow/example_dags/example_kubernetes_executor.py took 0.299 seconds
[2024-01-01T16:26:29.002+0100] {processor.py:161} INFO - Started process (PID=6375) to work on /home/ubuntu/.local/lib/python3.10/site-packages/airflow/example_dags/example_kubernetes_executor.py
[2024-01-01T16:26:29.002+0100] {processor.py:830} INFO - Processing file /home/ubuntu/.local/lib/python3.10/site-packages/airflow/example_dags/example_kubernetes_executor.py for tasks to queue
[2024-01-01T16:26:29.003+0100] {logging_mixin.py:188} INFO - [2024-01-01T16:26:29.003+0100] {dagbag.py:538} INFO - Filling up the DagBag from /home/ubuntu/.local/lib/python3.10/site-packages/airflow/example_dags/example_kubernetes_executor.py
[2024-01-01T16:26:29.195+0100] {processor.py:840} INFO - DAG(s) 'example_kubernetes_executor' retrieved from /home/ubuntu/.local/lib/python3.10/site-packages/airflow/example_dags/example_kubernetes_executor.py
[2024-01-01T16:26:29.201+0100] {logging_mixin.py:188} WARNING - /home/ubuntu/.local/lib/python3.10/site-packages/airflow/serialization/serialized_objects.py:1563 DeprecationWarning: This module is deprecated. The `cncf.kubernetes` provider before version 7.4.0 uses this module - you should migrate to a newer version of `cncf.kubernetes` to get rid of this warning. If you import the module via `airflow.kubernetes` import, please use `cncf.kubernetes' provider 7.4.0+ and switch all your imports to use `apache.airflow.providers.cncf.kubernetes` to get rid of the warning.
[2024-01-01T16:26:29.206+0100] {logging_mixin.py:188} INFO - [2024-01-01T16:26:29.206+0100] {dag.py:3033} INFO - Sync 1 DAGs
[2024-01-01T16:26:29.211+0100] {logging_mixin.py:188} INFO - [2024-01-01T16:26:29.211+0100] {dag.py:3820} INFO - Setting next_dagrun for example_kubernetes_executor to None, run_after=None
[2024-01-01T16:26:29.244+0100] {processor.py:183} INFO - Processing /home/ubuntu/.local/lib/python3.10/site-packages/airflow/example_dags/example_kubernetes_executor.py took 0.243 seconds
[2024-01-01T16:27:21.627+0100] {processor.py:161} INFO - Started process (PID=6559) to work on /home/ubuntu/.local/lib/python3.10/site-packages/airflow/example_dags/example_kubernetes_executor.py
[2024-01-01T16:27:21.629+0100] {processor.py:830} INFO - Processing file /home/ubuntu/.local/lib/python3.10/site-packages/airflow/example_dags/example_kubernetes_executor.py for tasks to queue
[2024-01-01T16:27:21.629+0100] {logging_mixin.py:188} INFO - [2024-01-01T16:27:21.629+0100] {dagbag.py:538} INFO - Filling up the DagBag from /home/ubuntu/.local/lib/python3.10/site-packages/airflow/example_dags/example_kubernetes_executor.py
[2024-01-01T16:27:21.804+0100] {processor.py:840} INFO - DAG(s) 'example_kubernetes_executor' retrieved from /home/ubuntu/.local/lib/python3.10/site-packages/airflow/example_dags/example_kubernetes_executor.py
[2024-01-01T16:27:21.890+0100] {logging_mixin.py:188} WARNING - /home/ubuntu/.local/lib/python3.10/site-packages/airflow/serialization/serialized_objects.py:1563 DeprecationWarning: This module is deprecated. The `cncf.kubernetes` provider before version 7.4.0 uses this module - you should migrate to a newer version of `cncf.kubernetes` to get rid of this warning. If you import the module via `airflow.kubernetes` import, please use `cncf.kubernetes' provider 7.4.0+ and switch all your imports to use `apache.airflow.providers.cncf.kubernetes` to get rid of the warning.
[2024-01-01T16:27:21.896+0100] {logging_mixin.py:188} INFO - [2024-01-01T16:27:21.895+0100] {dag.py:3033} INFO - Sync 1 DAGs
[2024-01-01T16:27:21.901+0100] {logging_mixin.py:188} INFO - [2024-01-01T16:27:21.901+0100] {dag.py:3820} INFO - Setting next_dagrun for example_kubernetes_executor to None, run_after=None
[2024-01-01T16:27:21.933+0100] {processor.py:183} INFO - Processing /home/ubuntu/.local/lib/python3.10/site-packages/airflow/example_dags/example_kubernetes_executor.py took 0.310 seconds
[2024-01-01T16:28:10.336+0100] {processor.py:161} INFO - Started process (PID=6727) to work on /home/ubuntu/.local/lib/python3.10/site-packages/airflow/example_dags/example_kubernetes_executor.py
[2024-01-01T16:28:10.347+0100] {processor.py:830} INFO - Processing file /home/ubuntu/.local/lib/python3.10/site-packages/airflow/example_dags/example_kubernetes_executor.py for tasks to queue
[2024-01-01T16:28:10.348+0100] {logging_mixin.py:188} INFO - [2024-01-01T16:28:10.347+0100] {dagbag.py:538} INFO - Filling up the DagBag from /home/ubuntu/.local/lib/python3.10/site-packages/airflow/example_dags/example_kubernetes_executor.py
[2024-01-01T16:28:10.508+0100] {processor.py:840} INFO - DAG(s) 'example_kubernetes_executor' retrieved from /home/ubuntu/.local/lib/python3.10/site-packages/airflow/example_dags/example_kubernetes_executor.py
[2024-01-01T16:28:10.516+0100] {logging_mixin.py:188} WARNING - /home/ubuntu/.local/lib/python3.10/site-packages/airflow/serialization/serialized_objects.py:1563 DeprecationWarning: This module is deprecated. The `cncf.kubernetes` provider before version 7.4.0 uses this module - you should migrate to a newer version of `cncf.kubernetes` to get rid of this warning. If you import the module via `airflow.kubernetes` import, please use `cncf.kubernetes' provider 7.4.0+ and switch all your imports to use `apache.airflow.providers.cncf.kubernetes` to get rid of the warning.
[2024-01-01T16:28:10.592+0100] {logging_mixin.py:188} INFO - [2024-01-01T16:28:10.522+0100] {dag.py:3033} INFO - Sync 1 DAGs
[2024-01-01T16:28:10.597+0100] {logging_mixin.py:188} INFO - [2024-01-01T16:28:10.597+0100] {dag.py:3820} INFO - Setting next_dagrun for example_kubernetes_executor to None, run_after=None
[2024-01-01T16:28:10.613+0100] {processor.py:183} INFO - Processing /home/ubuntu/.local/lib/python3.10/site-packages/airflow/example_dags/example_kubernetes_executor.py took 0.284 seconds
[2024-01-01T16:29:05.560+0100] {processor.py:161} INFO - Started process (PID=6813) to work on /home/ubuntu/.local/lib/python3.10/site-packages/airflow/example_dags/example_kubernetes_executor.py
[2024-01-01T16:29:05.570+0100] {processor.py:830} INFO - Processing file /home/ubuntu/.local/lib/python3.10/site-packages/airflow/example_dags/example_kubernetes_executor.py for tasks to queue
[2024-01-01T16:29:05.571+0100] {logging_mixin.py:188} INFO - [2024-01-01T16:29:05.571+0100] {dagbag.py:538} INFO - Filling up the DagBag from /home/ubuntu/.local/lib/python3.10/site-packages/airflow/example_dags/example_kubernetes_executor.py
[2024-01-01T16:29:05.762+0100] {processor.py:840} INFO - DAG(s) 'example_kubernetes_executor' retrieved from /home/ubuntu/.local/lib/python3.10/site-packages/airflow/example_dags/example_kubernetes_executor.py
[2024-01-01T16:29:05.768+0100] {logging_mixin.py:188} WARNING - /home/ubuntu/.local/lib/python3.10/site-packages/airflow/serialization/serialized_objects.py:1563 DeprecationWarning: This module is deprecated. The `cncf.kubernetes` provider before version 7.4.0 uses this module - you should migrate to a newer version of `cncf.kubernetes` to get rid of this warning. If you import the module via `airflow.kubernetes` import, please use `cncf.kubernetes' provider 7.4.0+ and switch all your imports to use `apache.airflow.providers.cncf.kubernetes` to get rid of the warning.
[2024-01-01T16:29:05.773+0100] {logging_mixin.py:188} INFO - [2024-01-01T16:29:05.773+0100] {dag.py:3033} INFO - Sync 1 DAGs
[2024-01-01T16:29:05.779+0100] {logging_mixin.py:188} INFO - [2024-01-01T16:29:05.779+0100] {dag.py:3820} INFO - Setting next_dagrun for example_kubernetes_executor to None, run_after=None
[2024-01-01T16:29:05.804+0100] {processor.py:183} INFO - Processing /home/ubuntu/.local/lib/python3.10/site-packages/airflow/example_dags/example_kubernetes_executor.py took 0.246 seconds
[2024-01-01T16:29:59.285+0100] {processor.py:161} INFO - Started process (PID=6917) to work on /home/ubuntu/.local/lib/python3.10/site-packages/airflow/example_dags/example_kubernetes_executor.py
[2024-01-01T16:29:59.296+0100] {processor.py:830} INFO - Processing file /home/ubuntu/.local/lib/python3.10/site-packages/airflow/example_dags/example_kubernetes_executor.py for tasks to queue
[2024-01-01T16:29:59.298+0100] {logging_mixin.py:188} INFO - [2024-01-01T16:29:59.297+0100] {dagbag.py:538} INFO - Filling up the DagBag from /home/ubuntu/.local/lib/python3.10/site-packages/airflow/example_dags/example_kubernetes_executor.py
[2024-01-01T16:29:59.445+0100] {processor.py:840} INFO - DAG(s) 'example_kubernetes_executor' retrieved from /home/ubuntu/.local/lib/python3.10/site-packages/airflow/example_dags/example_kubernetes_executor.py
[2024-01-01T16:29:59.523+0100] {logging_mixin.py:188} WARNING - /home/ubuntu/.local/lib/python3.10/site-packages/airflow/serialization/serialized_objects.py:1563 DeprecationWarning: This module is deprecated. The `cncf.kubernetes` provider before version 7.4.0 uses this module - you should migrate to a newer version of `cncf.kubernetes` to get rid of this warning. If you import the module via `airflow.kubernetes` import, please use `cncf.kubernetes' provider 7.4.0+ and switch all your imports to use `apache.airflow.providers.cncf.kubernetes` to get rid of the warning.
[2024-01-01T16:29:59.529+0100] {logging_mixin.py:188} INFO - [2024-01-01T16:29:59.528+0100] {dag.py:3033} INFO - Sync 1 DAGs
[2024-01-01T16:29:59.534+0100] {logging_mixin.py:188} INFO - [2024-01-01T16:29:59.534+0100] {dag.py:3820} INFO - Setting next_dagrun for example_kubernetes_executor to None, run_after=None
[2024-01-01T16:29:59.561+0100] {processor.py:183} INFO - Processing /home/ubuntu/.local/lib/python3.10/site-packages/airflow/example_dags/example_kubernetes_executor.py took 0.281 seconds
[2024-01-01T16:30:53.187+0100] {processor.py:161} INFO - Started process (PID=7037) to work on /home/ubuntu/.local/lib/python3.10/site-packages/airflow/example_dags/example_kubernetes_executor.py
[2024-01-01T16:30:53.197+0100] {processor.py:830} INFO - Processing file /home/ubuntu/.local/lib/python3.10/site-packages/airflow/example_dags/example_kubernetes_executor.py for tasks to queue
[2024-01-01T16:30:53.197+0100] {logging_mixin.py:188} INFO - [2024-01-01T16:30:53.197+0100] {dagbag.py:538} INFO - Filling up the DagBag from /home/ubuntu/.local/lib/python3.10/site-packages/airflow/example_dags/example_kubernetes_executor.py
[2024-01-01T16:30:53.469+0100] {processor.py:840} INFO - DAG(s) 'example_kubernetes_executor' retrieved from /home/ubuntu/.local/lib/python3.10/site-packages/airflow/example_dags/example_kubernetes_executor.py
[2024-01-01T16:30:53.477+0100] {logging_mixin.py:188} WARNING - /home/ubuntu/.local/lib/python3.10/site-packages/airflow/serialization/serialized_objects.py:1563 DeprecationWarning: This module is deprecated. The `cncf.kubernetes` provider before version 7.4.0 uses this module - you should migrate to a newer version of `cncf.kubernetes` to get rid of this warning. If you import the module via `airflow.kubernetes` import, please use `cncf.kubernetes' provider 7.4.0+ and switch all your imports to use `apache.airflow.providers.cncf.kubernetes` to get rid of the warning.
[2024-01-01T16:30:53.485+0100] {logging_mixin.py:188} INFO - [2024-01-01T16:30:53.484+0100] {dag.py:3033} INFO - Sync 1 DAGs
[2024-01-01T16:30:53.491+0100] {logging_mixin.py:188} INFO - [2024-01-01T16:30:53.491+0100] {dag.py:3820} INFO - Setting next_dagrun for example_kubernetes_executor to None, run_after=None
[2024-01-01T16:30:53.519+0100] {processor.py:183} INFO - Processing /home/ubuntu/.local/lib/python3.10/site-packages/airflow/example_dags/example_kubernetes_executor.py took 0.345 seconds
[2024-01-01T16:31:44.900+0100] {processor.py:161} INFO - Started process (PID=7115) to work on /home/ubuntu/.local/lib/python3.10/site-packages/airflow/example_dags/example_kubernetes_executor.py
[2024-01-01T16:31:44.901+0100] {processor.py:830} INFO - Processing file /home/ubuntu/.local/lib/python3.10/site-packages/airflow/example_dags/example_kubernetes_executor.py for tasks to queue
[2024-01-01T16:31:44.902+0100] {logging_mixin.py:188} INFO - [2024-01-01T16:31:44.902+0100] {dagbag.py:538} INFO - Filling up the DagBag from /home/ubuntu/.local/lib/python3.10/site-packages/airflow/example_dags/example_kubernetes_executor.py
[2024-01-01T16:31:45.132+0100] {processor.py:840} INFO - DAG(s) 'example_kubernetes_executor' retrieved from /home/ubuntu/.local/lib/python3.10/site-packages/airflow/example_dags/example_kubernetes_executor.py
[2024-01-01T16:31:45.139+0100] {logging_mixin.py:188} WARNING - /home/ubuntu/.local/lib/python3.10/site-packages/airflow/serialization/serialized_objects.py:1563 DeprecationWarning: This module is deprecated. The `cncf.kubernetes` provider before version 7.4.0 uses this module - you should migrate to a newer version of `cncf.kubernetes` to get rid of this warning. If you import the module via `airflow.kubernetes` import, please use `cncf.kubernetes' provider 7.4.0+ and switch all your imports to use `apache.airflow.providers.cncf.kubernetes` to get rid of the warning.
[2024-01-01T16:31:45.144+0100] {logging_mixin.py:188} INFO - [2024-01-01T16:31:45.144+0100] {dag.py:3033} INFO - Sync 1 DAGs
[2024-01-01T16:31:45.151+0100] {logging_mixin.py:188} INFO - [2024-01-01T16:31:45.151+0100] {dag.py:3820} INFO - Setting next_dagrun for example_kubernetes_executor to None, run_after=None
[2024-01-01T16:31:45.166+0100] {processor.py:183} INFO - Processing /home/ubuntu/.local/lib/python3.10/site-packages/airflow/example_dags/example_kubernetes_executor.py took 0.269 seconds
[2024-01-01T16:32:40.971+0100] {processor.py:161} INFO - Started process (PID=7255) to work on /home/ubuntu/.local/lib/python3.10/site-packages/airflow/example_dags/example_kubernetes_executor.py
[2024-01-01T16:32:40.982+0100] {processor.py:830} INFO - Processing file /home/ubuntu/.local/lib/python3.10/site-packages/airflow/example_dags/example_kubernetes_executor.py for tasks to queue
[2024-01-01T16:32:40.983+0100] {logging_mixin.py:188} INFO - [2024-01-01T16:32:40.983+0100] {dagbag.py:538} INFO - Filling up the DagBag from /home/ubuntu/.local/lib/python3.10/site-packages/airflow/example_dags/example_kubernetes_executor.py
[2024-01-01T16:32:41.550+0100] {processor.py:840} INFO - DAG(s) 'example_kubernetes_executor' retrieved from /home/ubuntu/.local/lib/python3.10/site-packages/airflow/example_dags/example_kubernetes_executor.py
[2024-01-01T16:32:41.558+0100] {logging_mixin.py:188} WARNING - /home/ubuntu/.local/lib/python3.10/site-packages/airflow/serialization/serialized_objects.py:1563 DeprecationWarning: This module is deprecated. The `cncf.kubernetes` provider before version 7.4.0 uses this module - you should migrate to a newer version of `cncf.kubernetes` to get rid of this warning. If you import the module via `airflow.kubernetes` import, please use `cncf.kubernetes' provider 7.4.0+ and switch all your imports to use `apache.airflow.providers.cncf.kubernetes` to get rid of the warning.
[2024-01-01T16:32:41.564+0100] {logging_mixin.py:188} INFO - [2024-01-01T16:32:41.564+0100] {dag.py:3033} INFO - Sync 1 DAGs
[2024-01-01T16:32:41.570+0100] {logging_mixin.py:188} INFO - [2024-01-01T16:32:41.570+0100] {dag.py:3820} INFO - Setting next_dagrun for example_kubernetes_executor to None, run_after=None
[2024-01-01T16:32:41.585+0100] {processor.py:183} INFO - Processing /home/ubuntu/.local/lib/python3.10/site-packages/airflow/example_dags/example_kubernetes_executor.py took 0.620 seconds
[2024-01-01T16:33:47.825+0100] {processor.py:161} INFO - Started process (PID=7475) to work on /home/ubuntu/.local/lib/python3.10/site-packages/airflow/example_dags/example_kubernetes_executor.py
[2024-01-01T16:33:47.827+0100] {processor.py:830} INFO - Processing file /home/ubuntu/.local/lib/python3.10/site-packages/airflow/example_dags/example_kubernetes_executor.py for tasks to queue
[2024-01-01T16:33:47.827+0100] {logging_mixin.py:188} INFO - [2024-01-01T16:33:47.827+0100] {dagbag.py:538} INFO - Filling up the DagBag from /home/ubuntu/.local/lib/python3.10/site-packages/airflow/example_dags/example_kubernetes_executor.py
[2024-01-01T16:33:48.332+0100] {processor.py:840} INFO - DAG(s) 'example_kubernetes_executor' retrieved from /home/ubuntu/.local/lib/python3.10/site-packages/airflow/example_dags/example_kubernetes_executor.py
[2024-01-01T16:33:48.343+0100] {logging_mixin.py:188} WARNING - /home/ubuntu/.local/lib/python3.10/site-packages/airflow/serialization/serialized_objects.py:1563 DeprecationWarning: This module is deprecated. The `cncf.kubernetes` provider before version 7.4.0 uses this module - you should migrate to a newer version of `cncf.kubernetes` to get rid of this warning. If you import the module via `airflow.kubernetes` import, please use `cncf.kubernetes' provider 7.4.0+ and switch all your imports to use `apache.airflow.providers.cncf.kubernetes` to get rid of the warning.
[2024-01-01T16:33:48.353+0100] {logging_mixin.py:188} INFO - [2024-01-01T16:33:48.352+0100] {dag.py:3033} INFO - Sync 1 DAGs
[2024-01-01T16:33:48.361+0100] {logging_mixin.py:188} INFO - [2024-01-01T16:33:48.361+0100] {dag.py:3820} INFO - Setting next_dagrun for example_kubernetes_executor to None, run_after=None
[2024-01-01T16:33:48.380+0100] {processor.py:183} INFO - Processing /home/ubuntu/.local/lib/python3.10/site-packages/airflow/example_dags/example_kubernetes_executor.py took 0.557 seconds
