[2024-01-01T15:42:47.287+0100] {processor.py:161} INFO - Started process (PID=7995) to work on /home/ubuntu/.local/lib/python3.10/site-packages/airflow/example_dags/example_dag_decorator.py
[2024-01-01T15:42:47.289+0100] {processor.py:830} INFO - Processing file /home/ubuntu/.local/lib/python3.10/site-packages/airflow/example_dags/example_dag_decorator.py for tasks to queue
[2024-01-01T15:42:47.292+0100] {logging_mixin.py:188} INFO - [2024-01-01T15:42:47.291+0100] {dagbag.py:538} INFO - Filling up the DagBag from /home/ubuntu/.local/lib/python3.10/site-packages/airflow/example_dags/example_dag_decorator.py
[2024-01-01T15:42:47.430+0100] {processor.py:840} INFO - DAG(s) 'example_dag_decorator' retrieved from /home/ubuntu/.local/lib/python3.10/site-packages/airflow/example_dags/example_dag_decorator.py
[2024-01-01T15:42:47.434+0100] {logging_mixin.py:188} INFO - [2024-01-01T15:42:47.434+0100] {dag.py:3033} INFO - Sync 1 DAGs
[2024-01-01T15:42:47.441+0100] {logging_mixin.py:188} INFO - [2024-01-01T15:42:47.441+0100] {dag.py:3820} INFO - Setting next_dagrun for example_dag_decorator to None, run_after=None
[2024-01-01T15:42:47.460+0100] {processor.py:183} INFO - Processing /home/ubuntu/.local/lib/python3.10/site-packages/airflow/example_dags/example_dag_decorator.py took 0.179 seconds
[2024-01-01T15:43:36.040+0100] {processor.py:161} INFO - Started process (PID=8064) to work on /home/ubuntu/.local/lib/python3.10/site-packages/airflow/example_dags/example_dag_decorator.py
[2024-01-01T15:43:36.050+0100] {processor.py:830} INFO - Processing file /home/ubuntu/.local/lib/python3.10/site-packages/airflow/example_dags/example_dag_decorator.py for tasks to queue
[2024-01-01T15:43:36.050+0100] {logging_mixin.py:188} INFO - [2024-01-01T15:43:36.050+0100] {dagbag.py:538} INFO - Filling up the DagBag from /home/ubuntu/.local/lib/python3.10/site-packages/airflow/example_dags/example_dag_decorator.py
[2024-01-01T15:43:36.099+0100] {processor.py:840} INFO - DAG(s) 'example_dag_decorator' retrieved from /home/ubuntu/.local/lib/python3.10/site-packages/airflow/example_dags/example_dag_decorator.py
[2024-01-01T15:43:36.152+0100] {logging_mixin.py:188} INFO - [2024-01-01T15:43:36.151+0100] {dag.py:3033} INFO - Sync 1 DAGs
[2024-01-01T15:43:36.157+0100] {logging_mixin.py:188} INFO - [2024-01-01T15:43:36.157+0100] {dag.py:3820} INFO - Setting next_dagrun for example_dag_decorator to None, run_after=None
[2024-01-01T15:43:36.171+0100] {processor.py:183} INFO - Processing /home/ubuntu/.local/lib/python3.10/site-packages/airflow/example_dags/example_dag_decorator.py took 0.133 seconds
[2024-01-01T15:44:31.543+0100] {processor.py:161} INFO - Started process (PID=8276) to work on /home/ubuntu/.local/lib/python3.10/site-packages/airflow/example_dags/example_dag_decorator.py
[2024-01-01T15:44:31.545+0100] {processor.py:830} INFO - Processing file /home/ubuntu/.local/lib/python3.10/site-packages/airflow/example_dags/example_dag_decorator.py for tasks to queue
[2024-01-01T15:44:31.546+0100] {logging_mixin.py:188} INFO - [2024-01-01T15:44:31.545+0100] {dagbag.py:538} INFO - Filling up the DagBag from /home/ubuntu/.local/lib/python3.10/site-packages/airflow/example_dags/example_dag_decorator.py
[2024-01-01T15:44:31.669+0100] {processor.py:840} INFO - DAG(s) 'example_dag_decorator' retrieved from /home/ubuntu/.local/lib/python3.10/site-packages/airflow/example_dags/example_dag_decorator.py
[2024-01-01T15:44:31.769+0100] {logging_mixin.py:188} INFO - [2024-01-01T15:44:31.768+0100] {dag.py:3033} INFO - Sync 1 DAGs
[2024-01-01T15:44:31.775+0100] {logging_mixin.py:188} INFO - [2024-01-01T15:44:31.775+0100] {dag.py:3820} INFO - Setting next_dagrun for example_dag_decorator to None, run_after=None
[2024-01-01T15:44:31.801+0100] {processor.py:183} INFO - Processing /home/ubuntu/.local/lib/python3.10/site-packages/airflow/example_dags/example_dag_decorator.py took 0.263 seconds
[2024-01-01T15:45:58.360+0100] {processor.py:161} INFO - Started process (PID=8713) to work on /home/ubuntu/.local/lib/python3.10/site-packages/airflow/example_dags/example_dag_decorator.py
[2024-01-01T15:45:58.362+0100] {processor.py:830} INFO - Processing file /home/ubuntu/.local/lib/python3.10/site-packages/airflow/example_dags/example_dag_decorator.py for tasks to queue
[2024-01-01T15:45:58.366+0100] {logging_mixin.py:188} INFO - [2024-01-01T15:45:58.362+0100] {dagbag.py:538} INFO - Filling up the DagBag from /home/ubuntu/.local/lib/python3.10/site-packages/airflow/example_dags/example_dag_decorator.py
[2024-01-01T15:45:59.070+0100] {processor.py:840} INFO - DAG(s) 'example_dag_decorator' retrieved from /home/ubuntu/.local/lib/python3.10/site-packages/airflow/example_dags/example_dag_decorator.py
[2024-01-01T15:46:00.694+0100] {logging_mixin.py:188} INFO - [2024-01-01T15:46:00.675+0100] {dag.py:3033} INFO - Sync 1 DAGs
[2024-01-01T15:46:00.868+0100] {logging_mixin.py:188} INFO - [2024-01-01T15:46:00.824+0100] {dag.py:3820} INFO - Setting next_dagrun for example_dag_decorator to None, run_after=None
[2024-01-01T15:46:07.608+0100] {processor.py:183} INFO - Processing /home/ubuntu/.local/lib/python3.10/site-packages/airflow/example_dags/example_dag_decorator.py took 9.251 seconds
[2024-01-01T16:09:23.854+0100] {processor.py:161} INFO - Started process (PID=4153) to work on /home/ubuntu/.local/lib/python3.10/site-packages/airflow/example_dags/example_dag_decorator.py
[2024-01-01T16:09:23.855+0100] {processor.py:830} INFO - Processing file /home/ubuntu/.local/lib/python3.10/site-packages/airflow/example_dags/example_dag_decorator.py for tasks to queue
[2024-01-01T16:09:23.856+0100] {logging_mixin.py:188} INFO - [2024-01-01T16:09:23.855+0100] {dagbag.py:538} INFO - Filling up the DagBag from /home/ubuntu/.local/lib/python3.10/site-packages/airflow/example_dags/example_dag_decorator.py
[2024-01-01T16:09:23.914+0100] {processor.py:840} INFO - DAG(s) 'example_dag_decorator' retrieved from /home/ubuntu/.local/lib/python3.10/site-packages/airflow/example_dags/example_dag_decorator.py
[2024-01-01T16:09:23.918+0100] {logging_mixin.py:188} INFO - [2024-01-01T16:09:23.918+0100] {dag.py:3033} INFO - Sync 1 DAGs
[2024-01-01T16:09:23.925+0100] {logging_mixin.py:188} INFO - [2024-01-01T16:09:23.925+0100] {dag.py:3820} INFO - Setting next_dagrun for example_dag_decorator to None, run_after=None
[2024-01-01T16:09:23.941+0100] {processor.py:183} INFO - Processing /home/ubuntu/.local/lib/python3.10/site-packages/airflow/example_dags/example_dag_decorator.py took 0.089 seconds
[2024-01-01T16:10:16.242+0100] {processor.py:161} INFO - Started process (PID=4430) to work on /home/ubuntu/.local/lib/python3.10/site-packages/airflow/example_dags/example_dag_decorator.py
[2024-01-01T16:10:16.243+0100] {processor.py:830} INFO - Processing file /home/ubuntu/.local/lib/python3.10/site-packages/airflow/example_dags/example_dag_decorator.py for tasks to queue
[2024-01-01T16:10:16.243+0100] {logging_mixin.py:188} INFO - [2024-01-01T16:10:16.243+0100] {dagbag.py:538} INFO - Filling up the DagBag from /home/ubuntu/.local/lib/python3.10/site-packages/airflow/example_dags/example_dag_decorator.py
[2024-01-01T16:10:16.324+0100] {processor.py:840} INFO - DAG(s) 'example_dag_decorator' retrieved from /home/ubuntu/.local/lib/python3.10/site-packages/airflow/example_dags/example_dag_decorator.py
[2024-01-01T16:10:16.379+0100] {logging_mixin.py:188} INFO - [2024-01-01T16:10:16.379+0100] {dag.py:3033} INFO - Sync 1 DAGs
[2024-01-01T16:10:16.384+0100] {logging_mixin.py:188} INFO - [2024-01-01T16:10:16.384+0100] {dag.py:3820} INFO - Setting next_dagrun for example_dag_decorator to None, run_after=None
[2024-01-01T16:10:16.397+0100] {processor.py:183} INFO - Processing /home/ubuntu/.local/lib/python3.10/site-packages/airflow/example_dags/example_dag_decorator.py took 0.159 seconds
[2024-01-01T16:11:03.899+0100] {processor.py:161} INFO - Started process (PID=4503) to work on /home/ubuntu/.local/lib/python3.10/site-packages/airflow/example_dags/example_dag_decorator.py
[2024-01-01T16:11:03.911+0100] {processor.py:830} INFO - Processing file /home/ubuntu/.local/lib/python3.10/site-packages/airflow/example_dags/example_dag_decorator.py for tasks to queue
[2024-01-01T16:11:03.913+0100] {logging_mixin.py:188} INFO - [2024-01-01T16:11:03.912+0100] {dagbag.py:538} INFO - Filling up the DagBag from /home/ubuntu/.local/lib/python3.10/site-packages/airflow/example_dags/example_dag_decorator.py
[2024-01-01T16:11:03.993+0100] {processor.py:840} INFO - DAG(s) 'example_dag_decorator' retrieved from /home/ubuntu/.local/lib/python3.10/site-packages/airflow/example_dags/example_dag_decorator.py
[2024-01-01T16:11:04.049+0100] {logging_mixin.py:188} INFO - [2024-01-01T16:11:04.049+0100] {dag.py:3033} INFO - Sync 1 DAGs
[2024-01-01T16:11:04.055+0100] {logging_mixin.py:188} INFO - [2024-01-01T16:11:04.055+0100] {dag.py:3820} INFO - Setting next_dagrun for example_dag_decorator to None, run_after=None
[2024-01-01T16:11:04.068+0100] {processor.py:183} INFO - Processing /home/ubuntu/.local/lib/python3.10/site-packages/airflow/example_dags/example_dag_decorator.py took 0.176 seconds
[2024-01-01T16:11:56.436+0100] {processor.py:161} INFO - Started process (PID=4568) to work on /home/ubuntu/.local/lib/python3.10/site-packages/airflow/example_dags/example_dag_decorator.py
[2024-01-01T16:11:56.447+0100] {processor.py:830} INFO - Processing file /home/ubuntu/.local/lib/python3.10/site-packages/airflow/example_dags/example_dag_decorator.py for tasks to queue
[2024-01-01T16:11:56.449+0100] {logging_mixin.py:188} INFO - [2024-01-01T16:11:56.448+0100] {dagbag.py:538} INFO - Filling up the DagBag from /home/ubuntu/.local/lib/python3.10/site-packages/airflow/example_dags/example_dag_decorator.py
[2024-01-01T16:11:56.522+0100] {processor.py:840} INFO - DAG(s) 'example_dag_decorator' retrieved from /home/ubuntu/.local/lib/python3.10/site-packages/airflow/example_dags/example_dag_decorator.py
[2024-01-01T16:11:56.587+0100] {logging_mixin.py:188} INFO - [2024-01-01T16:11:56.587+0100] {dag.py:3033} INFO - Sync 1 DAGs
[2024-01-01T16:11:56.593+0100] {logging_mixin.py:188} INFO - [2024-01-01T16:11:56.593+0100] {dag.py:3820} INFO - Setting next_dagrun for example_dag_decorator to None, run_after=None
[2024-01-01T16:11:56.625+0100] {processor.py:183} INFO - Processing /home/ubuntu/.local/lib/python3.10/site-packages/airflow/example_dags/example_dag_decorator.py took 0.192 seconds
[2024-01-01T16:12:51.705+0100] {processor.py:161} INFO - Started process (PID=4780) to work on /home/ubuntu/.local/lib/python3.10/site-packages/airflow/example_dags/example_dag_decorator.py
[2024-01-01T16:12:51.708+0100] {processor.py:830} INFO - Processing file /home/ubuntu/.local/lib/python3.10/site-packages/airflow/example_dags/example_dag_decorator.py for tasks to queue
[2024-01-01T16:12:51.710+0100] {logging_mixin.py:188} INFO - [2024-01-01T16:12:51.709+0100] {dagbag.py:538} INFO - Filling up the DagBag from /home/ubuntu/.local/lib/python3.10/site-packages/airflow/example_dags/example_dag_decorator.py
[2024-01-01T16:12:51.815+0100] {processor.py:840} INFO - DAG(s) 'example_dag_decorator' retrieved from /home/ubuntu/.local/lib/python3.10/site-packages/airflow/example_dags/example_dag_decorator.py
[2024-01-01T16:12:51.873+0100] {logging_mixin.py:188} INFO - [2024-01-01T16:12:51.873+0100] {dag.py:3033} INFO - Sync 1 DAGs
[2024-01-01T16:12:51.878+0100] {logging_mixin.py:188} INFO - [2024-01-01T16:12:51.878+0100] {dag.py:3820} INFO - Setting next_dagrun for example_dag_decorator to None, run_after=None
[2024-01-01T16:12:51.894+0100] {processor.py:183} INFO - Processing /home/ubuntu/.local/lib/python3.10/site-packages/airflow/example_dags/example_dag_decorator.py took 0.197 seconds
[2024-01-01T16:13:48.869+0100] {processor.py:161} INFO - Started process (PID=4850) to work on /home/ubuntu/.local/lib/python3.10/site-packages/airflow/example_dags/example_dag_decorator.py
[2024-01-01T16:13:48.871+0100] {processor.py:830} INFO - Processing file /home/ubuntu/.local/lib/python3.10/site-packages/airflow/example_dags/example_dag_decorator.py for tasks to queue
[2024-01-01T16:13:48.872+0100] {logging_mixin.py:188} INFO - [2024-01-01T16:13:48.872+0100] {dagbag.py:538} INFO - Filling up the DagBag from /home/ubuntu/.local/lib/python3.10/site-packages/airflow/example_dags/example_dag_decorator.py
[2024-01-01T16:13:48.928+0100] {processor.py:840} INFO - DAG(s) 'example_dag_decorator' retrieved from /home/ubuntu/.local/lib/python3.10/site-packages/airflow/example_dags/example_dag_decorator.py
[2024-01-01T16:13:48.982+0100] {logging_mixin.py:188} INFO - [2024-01-01T16:13:48.982+0100] {dag.py:3033} INFO - Sync 1 DAGs
[2024-01-01T16:13:48.987+0100] {logging_mixin.py:188} INFO - [2024-01-01T16:13:48.987+0100] {dag.py:3820} INFO - Setting next_dagrun for example_dag_decorator to None, run_after=None
[2024-01-01T16:13:49.021+0100] {processor.py:183} INFO - Processing /home/ubuntu/.local/lib/python3.10/site-packages/airflow/example_dags/example_dag_decorator.py took 0.156 seconds
[2024-01-01T16:14:41.032+0100] {processor.py:161} INFO - Started process (PID=4969) to work on /home/ubuntu/.local/lib/python3.10/site-packages/airflow/example_dags/example_dag_decorator.py
[2024-01-01T16:14:41.044+0100] {processor.py:830} INFO - Processing file /home/ubuntu/.local/lib/python3.10/site-packages/airflow/example_dags/example_dag_decorator.py for tasks to queue
[2024-01-01T16:14:41.046+0100] {logging_mixin.py:188} INFO - [2024-01-01T16:14:41.045+0100] {dagbag.py:538} INFO - Filling up the DagBag from /home/ubuntu/.local/lib/python3.10/site-packages/airflow/example_dags/example_dag_decorator.py
[2024-01-01T16:14:41.151+0100] {processor.py:840} INFO - DAG(s) 'example_dag_decorator' retrieved from /home/ubuntu/.local/lib/python3.10/site-packages/airflow/example_dags/example_dag_decorator.py
[2024-01-01T16:14:41.212+0100] {logging_mixin.py:188} INFO - [2024-01-01T16:14:41.212+0100] {dag.py:3033} INFO - Sync 1 DAGs
[2024-01-01T16:14:41.218+0100] {logging_mixin.py:188} INFO - [2024-01-01T16:14:41.218+0100] {dag.py:3820} INFO - Setting next_dagrun for example_dag_decorator to None, run_after=None
[2024-01-01T16:14:41.247+0100] {processor.py:183} INFO - Processing /home/ubuntu/.local/lib/python3.10/site-packages/airflow/example_dags/example_dag_decorator.py took 0.223 seconds
[2024-01-01T16:15:32.994+0100] {processor.py:161} INFO - Started process (PID=5052) to work on /home/ubuntu/.local/lib/python3.10/site-packages/airflow/example_dags/example_dag_decorator.py
[2024-01-01T16:15:33.004+0100] {processor.py:830} INFO - Processing file /home/ubuntu/.local/lib/python3.10/site-packages/airflow/example_dags/example_dag_decorator.py for tasks to queue
[2024-01-01T16:15:33.005+0100] {logging_mixin.py:188} INFO - [2024-01-01T16:15:33.005+0100] {dagbag.py:538} INFO - Filling up the DagBag from /home/ubuntu/.local/lib/python3.10/site-packages/airflow/example_dags/example_dag_decorator.py
[2024-01-01T16:15:33.064+0100] {processor.py:840} INFO - DAG(s) 'example_dag_decorator' retrieved from /home/ubuntu/.local/lib/python3.10/site-packages/airflow/example_dags/example_dag_decorator.py
[2024-01-01T16:15:33.137+0100] {logging_mixin.py:188} INFO - [2024-01-01T16:15:33.137+0100] {dag.py:3033} INFO - Sync 1 DAGs
[2024-01-01T16:15:33.143+0100] {logging_mixin.py:188} INFO - [2024-01-01T16:15:33.143+0100] {dag.py:3820} INFO - Setting next_dagrun for example_dag_decorator to None, run_after=None
[2024-01-01T16:15:33.166+0100] {processor.py:183} INFO - Processing /home/ubuntu/.local/lib/python3.10/site-packages/airflow/example_dags/example_dag_decorator.py took 0.175 seconds
[2024-01-01T16:16:27.730+0100] {processor.py:161} INFO - Started process (PID=5202) to work on /home/ubuntu/.local/lib/python3.10/site-packages/airflow/example_dags/example_dag_decorator.py
[2024-01-01T16:16:27.742+0100] {processor.py:830} INFO - Processing file /home/ubuntu/.local/lib/python3.10/site-packages/airflow/example_dags/example_dag_decorator.py for tasks to queue
[2024-01-01T16:16:27.744+0100] {logging_mixin.py:188} INFO - [2024-01-01T16:16:27.744+0100] {dagbag.py:538} INFO - Filling up the DagBag from /home/ubuntu/.local/lib/python3.10/site-packages/airflow/example_dags/example_dag_decorator.py
[2024-01-01T16:16:27.829+0100] {processor.py:840} INFO - DAG(s) 'example_dag_decorator' retrieved from /home/ubuntu/.local/lib/python3.10/site-packages/airflow/example_dags/example_dag_decorator.py
[2024-01-01T16:16:27.894+0100] {logging_mixin.py:188} INFO - [2024-01-01T16:16:27.894+0100] {dag.py:3033} INFO - Sync 1 DAGs
[2024-01-01T16:16:27.985+0100] {logging_mixin.py:188} INFO - [2024-01-01T16:16:27.985+0100] {dag.py:3820} INFO - Setting next_dagrun for example_dag_decorator to None, run_after=None
[2024-01-01T16:16:28.009+0100] {processor.py:183} INFO - Processing /home/ubuntu/.local/lib/python3.10/site-packages/airflow/example_dags/example_dag_decorator.py took 0.285 seconds
[2024-01-01T16:17:23.434+0100] {processor.py:161} INFO - Started process (PID=5271) to work on /home/ubuntu/.local/lib/python3.10/site-packages/airflow/example_dags/example_dag_decorator.py
[2024-01-01T16:17:23.435+0100] {processor.py:830} INFO - Processing file /home/ubuntu/.local/lib/python3.10/site-packages/airflow/example_dags/example_dag_decorator.py for tasks to queue
[2024-01-01T16:17:23.436+0100] {logging_mixin.py:188} INFO - [2024-01-01T16:17:23.436+0100] {dagbag.py:538} INFO - Filling up the DagBag from /home/ubuntu/.local/lib/python3.10/site-packages/airflow/example_dags/example_dag_decorator.py
[2024-01-01T16:17:23.496+0100] {processor.py:840} INFO - DAG(s) 'example_dag_decorator' retrieved from /home/ubuntu/.local/lib/python3.10/site-packages/airflow/example_dags/example_dag_decorator.py
[2024-01-01T16:17:23.549+0100] {logging_mixin.py:188} INFO - [2024-01-01T16:17:23.549+0100] {dag.py:3033} INFO - Sync 1 DAGs
[2024-01-01T16:17:23.555+0100] {logging_mixin.py:188} INFO - [2024-01-01T16:17:23.555+0100] {dag.py:3820} INFO - Setting next_dagrun for example_dag_decorator to None, run_after=None
[2024-01-01T16:17:23.581+0100] {processor.py:183} INFO - Processing /home/ubuntu/.local/lib/python3.10/site-packages/airflow/example_dags/example_dag_decorator.py took 0.153 seconds
[2024-01-01T16:18:16.530+0100] {processor.py:161} INFO - Started process (PID=5338) to work on /home/ubuntu/.local/lib/python3.10/site-packages/airflow/example_dags/example_dag_decorator.py
[2024-01-01T16:18:16.530+0100] {processor.py:830} INFO - Processing file /home/ubuntu/.local/lib/python3.10/site-packages/airflow/example_dags/example_dag_decorator.py for tasks to queue
[2024-01-01T16:18:16.531+0100] {logging_mixin.py:188} INFO - [2024-01-01T16:18:16.531+0100] {dagbag.py:538} INFO - Filling up the DagBag from /home/ubuntu/.local/lib/python3.10/site-packages/airflow/example_dags/example_dag_decorator.py
[2024-01-01T16:18:16.578+0100] {processor.py:840} INFO - DAG(s) 'example_dag_decorator' retrieved from /home/ubuntu/.local/lib/python3.10/site-packages/airflow/example_dags/example_dag_decorator.py
[2024-01-01T16:18:16.698+0100] {logging_mixin.py:188} INFO - [2024-01-01T16:18:16.698+0100] {dag.py:3033} INFO - Sync 1 DAGs
[2024-01-01T16:18:16.703+0100] {logging_mixin.py:188} INFO - [2024-01-01T16:18:16.703+0100] {dag.py:3820} INFO - Setting next_dagrun for example_dag_decorator to None, run_after=None
[2024-01-01T16:18:16.728+0100] {processor.py:183} INFO - Processing /home/ubuntu/.local/lib/python3.10/site-packages/airflow/example_dags/example_dag_decorator.py took 0.201 seconds
[2024-01-01T16:19:09.392+0100] {processor.py:161} INFO - Started process (PID=5451) to work on /home/ubuntu/.local/lib/python3.10/site-packages/airflow/example_dags/example_dag_decorator.py
[2024-01-01T16:19:09.394+0100] {processor.py:830} INFO - Processing file /home/ubuntu/.local/lib/python3.10/site-packages/airflow/example_dags/example_dag_decorator.py for tasks to queue
[2024-01-01T16:19:09.396+0100] {logging_mixin.py:188} INFO - [2024-01-01T16:19:09.395+0100] {dagbag.py:538} INFO - Filling up the DagBag from /home/ubuntu/.local/lib/python3.10/site-packages/airflow/example_dags/example_dag_decorator.py
[2024-01-01T16:19:09.502+0100] {processor.py:840} INFO - DAG(s) 'example_dag_decorator' retrieved from /home/ubuntu/.local/lib/python3.10/site-packages/airflow/example_dags/example_dag_decorator.py
[2024-01-01T16:19:09.513+0100] {logging_mixin.py:188} INFO - [2024-01-01T16:19:09.513+0100] {dag.py:3033} INFO - Sync 1 DAGs
[2024-01-01T16:19:09.522+0100] {logging_mixin.py:188} INFO - [2024-01-01T16:19:09.522+0100] {dag.py:3820} INFO - Setting next_dagrun for example_dag_decorator to None, run_after=None
[2024-01-01T16:19:09.566+0100] {processor.py:183} INFO - Processing /home/ubuntu/.local/lib/python3.10/site-packages/airflow/example_dags/example_dag_decorator.py took 0.181 seconds
[2024-01-01T16:20:11.638+0100] {processor.py:161} INFO - Started process (PID=5580) to work on /home/ubuntu/.local/lib/python3.10/site-packages/airflow/example_dags/example_dag_decorator.py
[2024-01-01T16:20:11.639+0100] {processor.py:830} INFO - Processing file /home/ubuntu/.local/lib/python3.10/site-packages/airflow/example_dags/example_dag_decorator.py for tasks to queue
[2024-01-01T16:20:11.640+0100] {logging_mixin.py:188} INFO - [2024-01-01T16:20:11.640+0100] {dagbag.py:538} INFO - Filling up the DagBag from /home/ubuntu/.local/lib/python3.10/site-packages/airflow/example_dags/example_dag_decorator.py
[2024-01-01T16:20:11.748+0100] {processor.py:840} INFO - DAG(s) 'example_dag_decorator' retrieved from /home/ubuntu/.local/lib/python3.10/site-packages/airflow/example_dags/example_dag_decorator.py
[2024-01-01T16:20:11.858+0100] {logging_mixin.py:188} INFO - [2024-01-01T16:20:11.857+0100] {dag.py:3033} INFO - Sync 1 DAGs
[2024-01-01T16:20:11.864+0100] {logging_mixin.py:188} INFO - [2024-01-01T16:20:11.863+0100] {dag.py:3820} INFO - Setting next_dagrun for example_dag_decorator to None, run_after=None
[2024-01-01T16:20:11.882+0100] {processor.py:183} INFO - Processing /home/ubuntu/.local/lib/python3.10/site-packages/airflow/example_dags/example_dag_decorator.py took 0.247 seconds
[2024-01-01T16:21:03.762+0100] {processor.py:161} INFO - Started process (PID=5818) to work on /home/ubuntu/.local/lib/python3.10/site-packages/airflow/example_dags/example_dag_decorator.py
[2024-01-01T16:21:03.766+0100] {processor.py:830} INFO - Processing file /home/ubuntu/.local/lib/python3.10/site-packages/airflow/example_dags/example_dag_decorator.py for tasks to queue
[2024-01-01T16:21:03.767+0100] {logging_mixin.py:188} INFO - [2024-01-01T16:21:03.766+0100] {dagbag.py:538} INFO - Filling up the DagBag from /home/ubuntu/.local/lib/python3.10/site-packages/airflow/example_dags/example_dag_decorator.py
[2024-01-01T16:21:03.832+0100] {processor.py:840} INFO - DAG(s) 'example_dag_decorator' retrieved from /home/ubuntu/.local/lib/python3.10/site-packages/airflow/example_dags/example_dag_decorator.py
[2024-01-01T16:21:03.903+0100] {logging_mixin.py:188} INFO - [2024-01-01T16:21:03.903+0100] {dag.py:3033} INFO - Sync 1 DAGs
[2024-01-01T16:21:03.909+0100] {logging_mixin.py:188} INFO - [2024-01-01T16:21:03.909+0100] {dag.py:3820} INFO - Setting next_dagrun for example_dag_decorator to None, run_after=None
[2024-01-01T16:21:03.925+0100] {processor.py:183} INFO - Processing /home/ubuntu/.local/lib/python3.10/site-packages/airflow/example_dags/example_dag_decorator.py took 0.169 seconds
[2024-01-01T16:21:51.056+0100] {processor.py:161} INFO - Started process (PID=5876) to work on /home/ubuntu/.local/lib/python3.10/site-packages/airflow/example_dags/example_dag_decorator.py
[2024-01-01T16:21:51.066+0100] {processor.py:830} INFO - Processing file /home/ubuntu/.local/lib/python3.10/site-packages/airflow/example_dags/example_dag_decorator.py for tasks to queue
[2024-01-01T16:21:51.067+0100] {logging_mixin.py:188} INFO - [2024-01-01T16:21:51.066+0100] {dagbag.py:538} INFO - Filling up the DagBag from /home/ubuntu/.local/lib/python3.10/site-packages/airflow/example_dags/example_dag_decorator.py
[2024-01-01T16:21:51.123+0100] {processor.py:840} INFO - DAG(s) 'example_dag_decorator' retrieved from /home/ubuntu/.local/lib/python3.10/site-packages/airflow/example_dags/example_dag_decorator.py
[2024-01-01T16:21:51.179+0100] {logging_mixin.py:188} INFO - [2024-01-01T16:21:51.179+0100] {dag.py:3033} INFO - Sync 1 DAGs
[2024-01-01T16:21:51.185+0100] {logging_mixin.py:188} INFO - [2024-01-01T16:21:51.185+0100] {dag.py:3820} INFO - Setting next_dagrun for example_dag_decorator to None, run_after=None
[2024-01-01T16:21:51.200+0100] {processor.py:183} INFO - Processing /home/ubuntu/.local/lib/python3.10/site-packages/airflow/example_dags/example_dag_decorator.py took 0.146 seconds
[2024-01-01T16:23:25.240+0100] {processor.py:161} INFO - Started process (PID=5969) to work on /home/ubuntu/.local/lib/python3.10/site-packages/airflow/example_dags/example_dag_decorator.py
[2024-01-01T16:23:25.242+0100] {processor.py:830} INFO - Processing file /home/ubuntu/.local/lib/python3.10/site-packages/airflow/example_dags/example_dag_decorator.py for tasks to queue
[2024-01-01T16:23:25.242+0100] {logging_mixin.py:188} INFO - [2024-01-01T16:23:25.242+0100] {dagbag.py:538} INFO - Filling up the DagBag from /home/ubuntu/.local/lib/python3.10/site-packages/airflow/example_dags/example_dag_decorator.py
[2024-01-01T16:23:25.368+0100] {processor.py:840} INFO - DAG(s) 'example_dag_decorator' retrieved from /home/ubuntu/.local/lib/python3.10/site-packages/airflow/example_dags/example_dag_decorator.py
[2024-01-01T16:23:25.380+0100] {logging_mixin.py:188} INFO - [2024-01-01T16:23:25.380+0100] {dag.py:3033} INFO - Sync 1 DAGs
[2024-01-01T16:23:25.393+0100] {logging_mixin.py:188} INFO - [2024-01-01T16:23:25.393+0100] {dag.py:3820} INFO - Setting next_dagrun for example_dag_decorator to None, run_after=None
[2024-01-01T16:23:25.418+0100] {processor.py:183} INFO - Processing /home/ubuntu/.local/lib/python3.10/site-packages/airflow/example_dags/example_dag_decorator.py took 0.180 seconds
[2024-01-01T16:24:25.511+0100] {processor.py:161} INFO - Started process (PID=6040) to work on /home/ubuntu/.local/lib/python3.10/site-packages/airflow/example_dags/example_dag_decorator.py
[2024-01-01T16:24:25.521+0100] {processor.py:830} INFO - Processing file /home/ubuntu/.local/lib/python3.10/site-packages/airflow/example_dags/example_dag_decorator.py for tasks to queue
[2024-01-01T16:24:25.522+0100] {logging_mixin.py:188} INFO - [2024-01-01T16:24:25.522+0100] {dagbag.py:538} INFO - Filling up the DagBag from /home/ubuntu/.local/lib/python3.10/site-packages/airflow/example_dags/example_dag_decorator.py
[2024-01-01T16:24:25.594+0100] {processor.py:840} INFO - DAG(s) 'example_dag_decorator' retrieved from /home/ubuntu/.local/lib/python3.10/site-packages/airflow/example_dags/example_dag_decorator.py
[2024-01-01T16:24:25.655+0100] {logging_mixin.py:188} INFO - [2024-01-01T16:24:25.655+0100] {dag.py:3033} INFO - Sync 1 DAGs
[2024-01-01T16:24:25.662+0100] {logging_mixin.py:188} INFO - [2024-01-01T16:24:25.661+0100] {dag.py:3820} INFO - Setting next_dagrun for example_dag_decorator to None, run_after=None
[2024-01-01T16:24:25.687+0100] {processor.py:183} INFO - Processing /home/ubuntu/.local/lib/python3.10/site-packages/airflow/example_dags/example_dag_decorator.py took 0.178 seconds
[2024-01-01T16:25:11.132+0100] {processor.py:161} INFO - Started process (PID=6226) to work on /home/ubuntu/.local/lib/python3.10/site-packages/airflow/example_dags/example_dag_decorator.py
[2024-01-01T16:25:11.133+0100] {processor.py:830} INFO - Processing file /home/ubuntu/.local/lib/python3.10/site-packages/airflow/example_dags/example_dag_decorator.py for tasks to queue
[2024-01-01T16:25:11.134+0100] {logging_mixin.py:188} INFO - [2024-01-01T16:25:11.134+0100] {dagbag.py:538} INFO - Filling up the DagBag from /home/ubuntu/.local/lib/python3.10/site-packages/airflow/example_dags/example_dag_decorator.py
[2024-01-01T16:25:11.195+0100] {processor.py:840} INFO - DAG(s) 'example_dag_decorator' retrieved from /home/ubuntu/.local/lib/python3.10/site-packages/airflow/example_dags/example_dag_decorator.py
[2024-01-01T16:25:11.253+0100] {logging_mixin.py:188} INFO - [2024-01-01T16:25:11.253+0100] {dag.py:3033} INFO - Sync 1 DAGs
[2024-01-01T16:25:11.261+0100] {logging_mixin.py:188} INFO - [2024-01-01T16:25:11.261+0100] {dag.py:3820} INFO - Setting next_dagrun for example_dag_decorator to None, run_after=None
[2024-01-01T16:25:11.295+0100] {processor.py:183} INFO - Processing /home/ubuntu/.local/lib/python3.10/site-packages/airflow/example_dags/example_dag_decorator.py took 0.168 seconds
[2024-01-01T16:26:03.746+0100] {processor.py:161} INFO - Started process (PID=6349) to work on /home/ubuntu/.local/lib/python3.10/site-packages/airflow/example_dags/example_dag_decorator.py
[2024-01-01T16:26:03.756+0100] {processor.py:830} INFO - Processing file /home/ubuntu/.local/lib/python3.10/site-packages/airflow/example_dags/example_dag_decorator.py for tasks to queue
[2024-01-01T16:26:03.756+0100] {logging_mixin.py:188} INFO - [2024-01-01T16:26:03.756+0100] {dagbag.py:538} INFO - Filling up the DagBag from /home/ubuntu/.local/lib/python3.10/site-packages/airflow/example_dags/example_dag_decorator.py
[2024-01-01T16:26:03.812+0100] {processor.py:840} INFO - DAG(s) 'example_dag_decorator' retrieved from /home/ubuntu/.local/lib/python3.10/site-packages/airflow/example_dags/example_dag_decorator.py
[2024-01-01T16:26:03.865+0100] {logging_mixin.py:188} INFO - [2024-01-01T16:26:03.864+0100] {dag.py:3033} INFO - Sync 1 DAGs
[2024-01-01T16:26:03.870+0100] {logging_mixin.py:188} INFO - [2024-01-01T16:26:03.870+0100] {dag.py:3820} INFO - Setting next_dagrun for example_dag_decorator to None, run_after=None
[2024-01-01T16:26:03.904+0100] {processor.py:183} INFO - Processing /home/ubuntu/.local/lib/python3.10/site-packages/airflow/example_dags/example_dag_decorator.py took 0.160 seconds
[2024-01-01T16:26:52.845+0100] {processor.py:161} INFO - Started process (PID=6472) to work on /home/ubuntu/.local/lib/python3.10/site-packages/airflow/example_dags/example_dag_decorator.py
[2024-01-01T16:26:52.847+0100] {processor.py:830} INFO - Processing file /home/ubuntu/.local/lib/python3.10/site-packages/airflow/example_dags/example_dag_decorator.py for tasks to queue
[2024-01-01T16:26:52.848+0100] {logging_mixin.py:188} INFO - [2024-01-01T16:26:52.847+0100] {dagbag.py:538} INFO - Filling up the DagBag from /home/ubuntu/.local/lib/python3.10/site-packages/airflow/example_dags/example_dag_decorator.py
[2024-01-01T16:26:52.908+0100] {processor.py:840} INFO - DAG(s) 'example_dag_decorator' retrieved from /home/ubuntu/.local/lib/python3.10/site-packages/airflow/example_dags/example_dag_decorator.py
[2024-01-01T16:26:52.971+0100] {logging_mixin.py:188} INFO - [2024-01-01T16:26:52.971+0100] {dag.py:3033} INFO - Sync 1 DAGs
[2024-01-01T16:26:52.977+0100] {logging_mixin.py:188} INFO - [2024-01-01T16:26:52.977+0100] {dag.py:3820} INFO - Setting next_dagrun for example_dag_decorator to None, run_after=None
[2024-01-01T16:26:52.991+0100] {processor.py:183} INFO - Processing /home/ubuntu/.local/lib/python3.10/site-packages/airflow/example_dags/example_dag_decorator.py took 0.148 seconds
[2024-01-01T16:27:41.170+0100] {processor.py:161} INFO - Started process (PID=6609) to work on /home/ubuntu/.local/lib/python3.10/site-packages/airflow/example_dags/example_dag_decorator.py
[2024-01-01T16:27:41.181+0100] {processor.py:830} INFO - Processing file /home/ubuntu/.local/lib/python3.10/site-packages/airflow/example_dags/example_dag_decorator.py for tasks to queue
[2024-01-01T16:27:41.183+0100] {logging_mixin.py:188} INFO - [2024-01-01T16:27:41.182+0100] {dagbag.py:538} INFO - Filling up the DagBag from /home/ubuntu/.local/lib/python3.10/site-packages/airflow/example_dags/example_dag_decorator.py
[2024-01-01T16:27:41.263+0100] {processor.py:840} INFO - DAG(s) 'example_dag_decorator' retrieved from /home/ubuntu/.local/lib/python3.10/site-packages/airflow/example_dags/example_dag_decorator.py
[2024-01-01T16:27:41.316+0100] {logging_mixin.py:188} INFO - [2024-01-01T16:27:41.316+0100] {dag.py:3033} INFO - Sync 1 DAGs
[2024-01-01T16:27:41.322+0100] {logging_mixin.py:188} INFO - [2024-01-01T16:27:41.322+0100] {dag.py:3820} INFO - Setting next_dagrun for example_dag_decorator to None, run_after=None
[2024-01-01T16:27:41.352+0100] {processor.py:183} INFO - Processing /home/ubuntu/.local/lib/python3.10/site-packages/airflow/example_dags/example_dag_decorator.py took 0.183 seconds
[2024-01-01T16:28:32.274+0100] {processor.py:161} INFO - Started process (PID=6765) to work on /home/ubuntu/.local/lib/python3.10/site-packages/airflow/example_dags/example_dag_decorator.py
[2024-01-01T16:28:32.285+0100] {processor.py:830} INFO - Processing file /home/ubuntu/.local/lib/python3.10/site-packages/airflow/example_dags/example_dag_decorator.py for tasks to queue
[2024-01-01T16:28:32.287+0100] {logging_mixin.py:188} INFO - [2024-01-01T16:28:32.286+0100] {dagbag.py:538} INFO - Filling up the DagBag from /home/ubuntu/.local/lib/python3.10/site-packages/airflow/example_dags/example_dag_decorator.py
[2024-01-01T16:28:32.359+0100] {processor.py:840} INFO - DAG(s) 'example_dag_decorator' retrieved from /home/ubuntu/.local/lib/python3.10/site-packages/airflow/example_dags/example_dag_decorator.py
[2024-01-01T16:28:32.411+0100] {logging_mixin.py:188} INFO - [2024-01-01T16:28:32.411+0100] {dag.py:3033} INFO - Sync 1 DAGs
[2024-01-01T16:28:32.416+0100] {logging_mixin.py:188} INFO - [2024-01-01T16:28:32.416+0100] {dag.py:3820} INFO - Setting next_dagrun for example_dag_decorator to None, run_after=None
[2024-01-01T16:28:32.442+0100] {processor.py:183} INFO - Processing /home/ubuntu/.local/lib/python3.10/site-packages/airflow/example_dags/example_dag_decorator.py took 0.173 seconds
[2024-01-01T16:29:27.157+0100] {processor.py:161} INFO - Started process (PID=6872) to work on /home/ubuntu/.local/lib/python3.10/site-packages/airflow/example_dags/example_dag_decorator.py
[2024-01-01T16:29:27.158+0100] {processor.py:830} INFO - Processing file /home/ubuntu/.local/lib/python3.10/site-packages/airflow/example_dags/example_dag_decorator.py for tasks to queue
[2024-01-01T16:29:27.158+0100] {logging_mixin.py:188} INFO - [2024-01-01T16:29:27.158+0100] {dagbag.py:538} INFO - Filling up the DagBag from /home/ubuntu/.local/lib/python3.10/site-packages/airflow/example_dags/example_dag_decorator.py
[2024-01-01T16:29:27.211+0100] {processor.py:840} INFO - DAG(s) 'example_dag_decorator' retrieved from /home/ubuntu/.local/lib/python3.10/site-packages/airflow/example_dags/example_dag_decorator.py
[2024-01-01T16:29:27.222+0100] {logging_mixin.py:188} INFO - [2024-01-01T16:29:27.222+0100] {dag.py:3033} INFO - Sync 1 DAGs
[2024-01-01T16:29:27.229+0100] {logging_mixin.py:188} INFO - [2024-01-01T16:29:27.229+0100] {dag.py:3820} INFO - Setting next_dagrun for example_dag_decorator to None, run_after=None
[2024-01-01T16:29:27.255+0100] {processor.py:183} INFO - Processing /home/ubuntu/.local/lib/python3.10/site-packages/airflow/example_dags/example_dag_decorator.py took 0.100 seconds
[2024-01-01T16:30:20.314+0100] {processor.py:161} INFO - Started process (PID=6973) to work on /home/ubuntu/.local/lib/python3.10/site-packages/airflow/example_dags/example_dag_decorator.py
[2024-01-01T16:30:20.315+0100] {processor.py:830} INFO - Processing file /home/ubuntu/.local/lib/python3.10/site-packages/airflow/example_dags/example_dag_decorator.py for tasks to queue
[2024-01-01T16:30:20.315+0100] {logging_mixin.py:188} INFO - [2024-01-01T16:30:20.315+0100] {dagbag.py:538} INFO - Filling up the DagBag from /home/ubuntu/.local/lib/python3.10/site-packages/airflow/example_dags/example_dag_decorator.py
[2024-01-01T16:30:20.373+0100] {processor.py:840} INFO - DAG(s) 'example_dag_decorator' retrieved from /home/ubuntu/.local/lib/python3.10/site-packages/airflow/example_dags/example_dag_decorator.py
[2024-01-01T16:30:20.441+0100] {logging_mixin.py:188} INFO - [2024-01-01T16:30:20.441+0100] {dag.py:3033} INFO - Sync 1 DAGs
[2024-01-01T16:30:20.450+0100] {logging_mixin.py:188} INFO - [2024-01-01T16:30:20.450+0100] {dag.py:3820} INFO - Setting next_dagrun for example_dag_decorator to None, run_after=None
[2024-01-01T16:30:20.468+0100] {processor.py:183} INFO - Processing /home/ubuntu/.local/lib/python3.10/site-packages/airflow/example_dags/example_dag_decorator.py took 0.155 seconds
[2024-01-01T16:31:15.046+0100] {processor.py:161} INFO - Started process (PID=7080) to work on /home/ubuntu/.local/lib/python3.10/site-packages/airflow/example_dags/example_dag_decorator.py
[2024-01-01T16:31:15.048+0100] {processor.py:830} INFO - Processing file /home/ubuntu/.local/lib/python3.10/site-packages/airflow/example_dags/example_dag_decorator.py for tasks to queue
[2024-01-01T16:31:15.049+0100] {logging_mixin.py:188} INFO - [2024-01-01T16:31:15.048+0100] {dagbag.py:538} INFO - Filling up the DagBag from /home/ubuntu/.local/lib/python3.10/site-packages/airflow/example_dags/example_dag_decorator.py
[2024-01-01T16:31:15.123+0100] {processor.py:840} INFO - DAG(s) 'example_dag_decorator' retrieved from /home/ubuntu/.local/lib/python3.10/site-packages/airflow/example_dags/example_dag_decorator.py
[2024-01-01T16:31:15.208+0100] {logging_mixin.py:188} INFO - [2024-01-01T16:31:15.207+0100] {dag.py:3033} INFO - Sync 1 DAGs
[2024-01-01T16:31:15.215+0100] {logging_mixin.py:188} INFO - [2024-01-01T16:31:15.215+0100] {dag.py:3820} INFO - Setting next_dagrun for example_dag_decorator to None, run_after=None
[2024-01-01T16:31:15.242+0100] {processor.py:183} INFO - Processing /home/ubuntu/.local/lib/python3.10/site-packages/airflow/example_dags/example_dag_decorator.py took 0.199 seconds
[2024-01-01T16:32:07.875+0100] {processor.py:161} INFO - Started process (PID=7183) to work on /home/ubuntu/.local/lib/python3.10/site-packages/airflow/example_dags/example_dag_decorator.py
[2024-01-01T16:32:07.887+0100] {processor.py:830} INFO - Processing file /home/ubuntu/.local/lib/python3.10/site-packages/airflow/example_dags/example_dag_decorator.py for tasks to queue
[2024-01-01T16:32:07.889+0100] {logging_mixin.py:188} INFO - [2024-01-01T16:32:07.889+0100] {dagbag.py:538} INFO - Filling up the DagBag from /home/ubuntu/.local/lib/python3.10/site-packages/airflow/example_dags/example_dag_decorator.py
[2024-01-01T16:32:07.966+0100] {processor.py:840} INFO - DAG(s) 'example_dag_decorator' retrieved from /home/ubuntu/.local/lib/python3.10/site-packages/airflow/example_dags/example_dag_decorator.py
[2024-01-01T16:32:08.028+0100] {logging_mixin.py:188} INFO - [2024-01-01T16:32:08.028+0100] {dag.py:3033} INFO - Sync 1 DAGs
[2024-01-01T16:32:08.034+0100] {logging_mixin.py:188} INFO - [2024-01-01T16:32:08.034+0100] {dag.py:3820} INFO - Setting next_dagrun for example_dag_decorator to None, run_after=None
[2024-01-01T16:32:08.062+0100] {processor.py:183} INFO - Processing /home/ubuntu/.local/lib/python3.10/site-packages/airflow/example_dags/example_dag_decorator.py took 0.195 seconds
[2024-01-01T16:33:07.585+0100] {processor.py:161} INFO - Started process (PID=7380) to work on /home/ubuntu/.local/lib/python3.10/site-packages/airflow/example_dags/example_dag_decorator.py
[2024-01-01T16:33:07.598+0100] {processor.py:830} INFO - Processing file /home/ubuntu/.local/lib/python3.10/site-packages/airflow/example_dags/example_dag_decorator.py for tasks to queue
[2024-01-01T16:33:07.600+0100] {logging_mixin.py:188} INFO - [2024-01-01T16:33:07.599+0100] {dagbag.py:538} INFO - Filling up the DagBag from /home/ubuntu/.local/lib/python3.10/site-packages/airflow/example_dags/example_dag_decorator.py
[2024-01-01T16:33:07.726+0100] {processor.py:840} INFO - DAG(s) 'example_dag_decorator' retrieved from /home/ubuntu/.local/lib/python3.10/site-packages/airflow/example_dags/example_dag_decorator.py
[2024-01-01T16:33:07.738+0100] {logging_mixin.py:188} INFO - [2024-01-01T16:33:07.738+0100] {dag.py:3033} INFO - Sync 1 DAGs
[2024-01-01T16:33:07.745+0100] {logging_mixin.py:188} INFO - [2024-01-01T16:33:07.744+0100] {dag.py:3820} INFO - Setting next_dagrun for example_dag_decorator to None, run_after=None
[2024-01-01T16:33:07.767+0100] {processor.py:183} INFO - Processing /home/ubuntu/.local/lib/python3.10/site-packages/airflow/example_dags/example_dag_decorator.py took 0.188 seconds
[2024-01-01T16:34:06.469+0100] {processor.py:161} INFO - Started process (PID=7520) to work on /home/ubuntu/.local/lib/python3.10/site-packages/airflow/example_dags/example_dag_decorator.py
[2024-01-01T16:34:06.470+0100] {processor.py:830} INFO - Processing file /home/ubuntu/.local/lib/python3.10/site-packages/airflow/example_dags/example_dag_decorator.py for tasks to queue
[2024-01-01T16:34:06.471+0100] {logging_mixin.py:188} INFO - [2024-01-01T16:34:06.471+0100] {dagbag.py:538} INFO - Filling up the DagBag from /home/ubuntu/.local/lib/python3.10/site-packages/airflow/example_dags/example_dag_decorator.py
[2024-01-01T16:34:06.537+0100] {processor.py:840} INFO - DAG(s) 'example_dag_decorator' retrieved from /home/ubuntu/.local/lib/python3.10/site-packages/airflow/example_dags/example_dag_decorator.py
[2024-01-01T16:34:06.552+0100] {logging_mixin.py:188} INFO - [2024-01-01T16:34:06.552+0100] {dag.py:3033} INFO - Sync 1 DAGs
[2024-01-01T16:34:06.561+0100] {logging_mixin.py:188} INFO - [2024-01-01T16:34:06.560+0100] {dag.py:3820} INFO - Setting next_dagrun for example_dag_decorator to None, run_after=None
[2024-01-01T16:34:06.604+0100] {processor.py:183} INFO - Processing /home/ubuntu/.local/lib/python3.10/site-packages/airflow/example_dags/example_dag_decorator.py took 0.137 seconds
