[2024-01-01T15:42:43.257+0100] {processor.py:161} INFO - Started process (PID=7987) to work on /home/ubuntu/.local/lib/python3.10/site-packages/airflow/example_dags/example_external_task_marker_dag.py
[2024-01-01T15:42:43.259+0100] {processor.py:830} INFO - Processing file /home/ubuntu/.local/lib/python3.10/site-packages/airflow/example_dags/example_external_task_marker_dag.py for tasks to queue
[2024-01-01T15:42:43.262+0100] {logging_mixin.py:188} INFO - [2024-01-01T15:42:43.260+0100] {dagbag.py:538} INFO - Filling up the DagBag from /home/ubuntu/.local/lib/python3.10/site-packages/airflow/example_dags/example_external_task_marker_dag.py
[2024-01-01T15:42:43.278+0100] {processor.py:840} INFO - DAG(s) 'example_external_task_marker_parent', 'example_external_task_marker_child' retrieved from /home/ubuntu/.local/lib/python3.10/site-packages/airflow/example_dags/example_external_task_marker_dag.py
[2024-01-01T15:42:43.288+0100] {logging_mixin.py:188} INFO - [2024-01-01T15:42:43.288+0100] {dag.py:3033} INFO - Sync 2 DAGs
[2024-01-01T15:42:43.300+0100] {logging_mixin.py:188} INFO - [2024-01-01T15:42:43.300+0100] {dag.py:3820} INFO - Setting next_dagrun for example_external_task_marker_child to None, run_after=None
[2024-01-01T15:42:43.303+0100] {logging_mixin.py:188} INFO - [2024-01-01T15:42:43.303+0100] {dag.py:3820} INFO - Setting next_dagrun for example_external_task_marker_parent to None, run_after=None
[2024-01-01T15:42:43.323+0100] {processor.py:183} INFO - Processing /home/ubuntu/.local/lib/python3.10/site-packages/airflow/example_dags/example_external_task_marker_dag.py took 0.074 seconds
[2024-01-01T15:43:31.700+0100] {processor.py:161} INFO - Started process (PID=8060) to work on /home/ubuntu/.local/lib/python3.10/site-packages/airflow/example_dags/example_external_task_marker_dag.py
[2024-01-01T15:43:31.710+0100] {processor.py:830} INFO - Processing file /home/ubuntu/.local/lib/python3.10/site-packages/airflow/example_dags/example_external_task_marker_dag.py for tasks to queue
[2024-01-01T15:43:31.711+0100] {logging_mixin.py:188} INFO - [2024-01-01T15:43:31.711+0100] {dagbag.py:538} INFO - Filling up the DagBag from /home/ubuntu/.local/lib/python3.10/site-packages/airflow/example_dags/example_external_task_marker_dag.py
[2024-01-01T15:43:31.715+0100] {processor.py:840} INFO - DAG(s) 'example_external_task_marker_child', 'example_external_task_marker_parent' retrieved from /home/ubuntu/.local/lib/python3.10/site-packages/airflow/example_dags/example_external_task_marker_dag.py
[2024-01-01T15:43:31.780+0100] {logging_mixin.py:188} INFO - [2024-01-01T15:43:31.780+0100] {dag.py:3033} INFO - Sync 2 DAGs
[2024-01-01T15:43:31.786+0100] {logging_mixin.py:188} INFO - [2024-01-01T15:43:31.786+0100] {dag.py:3820} INFO - Setting next_dagrun for example_external_task_marker_child to None, run_after=None
[2024-01-01T15:43:31.788+0100] {logging_mixin.py:188} INFO - [2024-01-01T15:43:31.787+0100] {dag.py:3820} INFO - Setting next_dagrun for example_external_task_marker_parent to None, run_after=None
[2024-01-01T15:43:31.802+0100] {processor.py:183} INFO - Processing /home/ubuntu/.local/lib/python3.10/site-packages/airflow/example_dags/example_external_task_marker_dag.py took 0.104 seconds
[2024-01-01T15:44:20.532+0100] {processor.py:161} INFO - Started process (PID=8258) to work on /home/ubuntu/.local/lib/python3.10/site-packages/airflow/example_dags/example_external_task_marker_dag.py
[2024-01-01T15:44:20.535+0100] {processor.py:830} INFO - Processing file /home/ubuntu/.local/lib/python3.10/site-packages/airflow/example_dags/example_external_task_marker_dag.py for tasks to queue
[2024-01-01T15:44:20.537+0100] {logging_mixin.py:188} INFO - [2024-01-01T15:44:20.536+0100] {dagbag.py:538} INFO - Filling up the DagBag from /home/ubuntu/.local/lib/python3.10/site-packages/airflow/example_dags/example_external_task_marker_dag.py
[2024-01-01T15:44:20.549+0100] {processor.py:840} INFO - DAG(s) 'example_external_task_marker_parent', 'example_external_task_marker_child' retrieved from /home/ubuntu/.local/lib/python3.10/site-packages/airflow/example_dags/example_external_task_marker_dag.py
[2024-01-01T15:44:20.570+0100] {logging_mixin.py:188} INFO - [2024-01-01T15:44:20.570+0100] {dag.py:3033} INFO - Sync 2 DAGs
[2024-01-01T15:44:20.578+0100] {logging_mixin.py:188} INFO - [2024-01-01T15:44:20.578+0100] {dag.py:3820} INFO - Setting next_dagrun for example_external_task_marker_child to None, run_after=None
[2024-01-01T15:44:20.580+0100] {logging_mixin.py:188} INFO - [2024-01-01T15:44:20.580+0100] {dag.py:3820} INFO - Setting next_dagrun for example_external_task_marker_parent to None, run_after=None
[2024-01-01T15:44:20.594+0100] {processor.py:183} INFO - Processing /home/ubuntu/.local/lib/python3.10/site-packages/airflow/example_dags/example_external_task_marker_dag.py took 0.071 seconds
[2024-01-01T15:45:35.206+0100] {processor.py:161} INFO - Started process (PID=8692) to work on /home/ubuntu/.local/lib/python3.10/site-packages/airflow/example_dags/example_external_task_marker_dag.py
[2024-01-01T15:45:35.208+0100] {processor.py:830} INFO - Processing file /home/ubuntu/.local/lib/python3.10/site-packages/airflow/example_dags/example_external_task_marker_dag.py for tasks to queue
[2024-01-01T15:45:35.212+0100] {logging_mixin.py:188} INFO - [2024-01-01T15:45:35.208+0100] {dagbag.py:538} INFO - Filling up the DagBag from /home/ubuntu/.local/lib/python3.10/site-packages/airflow/example_dags/example_external_task_marker_dag.py
[2024-01-01T15:45:35.225+0100] {processor.py:840} INFO - DAG(s) 'example_external_task_marker_parent', 'example_external_task_marker_child' retrieved from /home/ubuntu/.local/lib/python3.10/site-packages/airflow/example_dags/example_external_task_marker_dag.py
[2024-01-01T15:45:35.249+0100] {logging_mixin.py:188} INFO - [2024-01-01T15:45:35.249+0100] {dag.py:3033} INFO - Sync 2 DAGs
[2024-01-01T15:45:35.262+0100] {logging_mixin.py:188} INFO - [2024-01-01T15:45:35.262+0100] {dag.py:3820} INFO - Setting next_dagrun for example_external_task_marker_child to None, run_after=None
[2024-01-01T15:45:35.265+0100] {logging_mixin.py:188} INFO - [2024-01-01T15:45:35.265+0100] {dag.py:3820} INFO - Setting next_dagrun for example_external_task_marker_parent to None, run_after=None
[2024-01-01T15:45:35.288+0100] {processor.py:183} INFO - Processing /home/ubuntu/.local/lib/python3.10/site-packages/airflow/example_dags/example_external_task_marker_dag.py took 0.085 seconds
[2024-01-01T16:09:19.966+0100] {processor.py:161} INFO - Started process (PID=4149) to work on /home/ubuntu/.local/lib/python3.10/site-packages/airflow/example_dags/example_external_task_marker_dag.py
[2024-01-01T16:09:19.968+0100] {processor.py:830} INFO - Processing file /home/ubuntu/.local/lib/python3.10/site-packages/airflow/example_dags/example_external_task_marker_dag.py for tasks to queue
[2024-01-01T16:09:19.970+0100] {logging_mixin.py:188} INFO - [2024-01-01T16:09:19.969+0100] {dagbag.py:538} INFO - Filling up the DagBag from /home/ubuntu/.local/lib/python3.10/site-packages/airflow/example_dags/example_external_task_marker_dag.py
[2024-01-01T16:09:19.976+0100] {processor.py:840} INFO - DAG(s) 'example_external_task_marker_parent', 'example_external_task_marker_child' retrieved from /home/ubuntu/.local/lib/python3.10/site-packages/airflow/example_dags/example_external_task_marker_dag.py
[2024-01-01T16:09:19.980+0100] {logging_mixin.py:188} INFO - [2024-01-01T16:09:19.980+0100] {dag.py:3033} INFO - Sync 2 DAGs
[2024-01-01T16:09:19.989+0100] {logging_mixin.py:188} INFO - [2024-01-01T16:09:19.989+0100] {dag.py:3820} INFO - Setting next_dagrun for example_external_task_marker_child to None, run_after=None
[2024-01-01T16:09:19.992+0100] {logging_mixin.py:188} INFO - [2024-01-01T16:09:19.992+0100] {dag.py:3820} INFO - Setting next_dagrun for example_external_task_marker_parent to None, run_after=None
[2024-01-01T16:09:20.007+0100] {processor.py:183} INFO - Processing /home/ubuntu/.local/lib/python3.10/site-packages/airflow/example_dags/example_external_task_marker_dag.py took 0.043 seconds
[2024-01-01T16:10:11.958+0100] {processor.py:161} INFO - Started process (PID=4402) to work on /home/ubuntu/.local/lib/python3.10/site-packages/airflow/example_dags/example_external_task_marker_dag.py
[2024-01-01T16:10:11.968+0100] {processor.py:830} INFO - Processing file /home/ubuntu/.local/lib/python3.10/site-packages/airflow/example_dags/example_external_task_marker_dag.py for tasks to queue
[2024-01-01T16:10:11.969+0100] {logging_mixin.py:188} INFO - [2024-01-01T16:10:11.969+0100] {dagbag.py:538} INFO - Filling up the DagBag from /home/ubuntu/.local/lib/python3.10/site-packages/airflow/example_dags/example_external_task_marker_dag.py
[2024-01-01T16:10:11.974+0100] {processor.py:840} INFO - DAG(s) 'example_external_task_marker_parent', 'example_external_task_marker_child' retrieved from /home/ubuntu/.local/lib/python3.10/site-packages/airflow/example_dags/example_external_task_marker_dag.py
[2024-01-01T16:10:12.038+0100] {logging_mixin.py:188} INFO - [2024-01-01T16:10:12.038+0100] {dag.py:3033} INFO - Sync 2 DAGs
[2024-01-01T16:10:12.044+0100] {logging_mixin.py:188} INFO - [2024-01-01T16:10:12.044+0100] {dag.py:3820} INFO - Setting next_dagrun for example_external_task_marker_child to None, run_after=None
[2024-01-01T16:10:12.045+0100] {logging_mixin.py:188} INFO - [2024-01-01T16:10:12.045+0100] {dag.py:3820} INFO - Setting next_dagrun for example_external_task_marker_parent to None, run_after=None
[2024-01-01T16:10:12.059+0100] {processor.py:183} INFO - Processing /home/ubuntu/.local/lib/python3.10/site-packages/airflow/example_dags/example_external_task_marker_dag.py took 0.103 seconds
[2024-01-01T16:11:00.140+0100] {processor.py:161} INFO - Started process (PID=4499) to work on /home/ubuntu/.local/lib/python3.10/site-packages/airflow/example_dags/example_external_task_marker_dag.py
[2024-01-01T16:11:00.152+0100] {processor.py:830} INFO - Processing file /home/ubuntu/.local/lib/python3.10/site-packages/airflow/example_dags/example_external_task_marker_dag.py for tasks to queue
[2024-01-01T16:11:00.154+0100] {logging_mixin.py:188} INFO - [2024-01-01T16:11:00.153+0100] {dagbag.py:538} INFO - Filling up the DagBag from /home/ubuntu/.local/lib/python3.10/site-packages/airflow/example_dags/example_external_task_marker_dag.py
[2024-01-01T16:11:00.169+0100] {processor.py:840} INFO - DAG(s) 'example_external_task_marker_parent', 'example_external_task_marker_child' retrieved from /home/ubuntu/.local/lib/python3.10/site-packages/airflow/example_dags/example_external_task_marker_dag.py
[2024-01-01T16:11:00.184+0100] {logging_mixin.py:188} INFO - [2024-01-01T16:11:00.184+0100] {dag.py:3033} INFO - Sync 2 DAGs
[2024-01-01T16:11:00.193+0100] {logging_mixin.py:188} INFO - [2024-01-01T16:11:00.193+0100] {dag.py:3820} INFO - Setting next_dagrun for example_external_task_marker_child to None, run_after=None
[2024-01-01T16:11:00.195+0100] {logging_mixin.py:188} INFO - [2024-01-01T16:11:00.195+0100] {dag.py:3820} INFO - Setting next_dagrun for example_external_task_marker_parent to None, run_after=None
[2024-01-01T16:11:00.219+0100] {processor.py:183} INFO - Processing /home/ubuntu/.local/lib/python3.10/site-packages/airflow/example_dags/example_external_task_marker_dag.py took 0.086 seconds
[2024-01-01T16:11:52.117+0100] {processor.py:161} INFO - Started process (PID=4563) to work on /home/ubuntu/.local/lib/python3.10/site-packages/airflow/example_dags/example_external_task_marker_dag.py
[2024-01-01T16:11:52.119+0100] {processor.py:830} INFO - Processing file /home/ubuntu/.local/lib/python3.10/site-packages/airflow/example_dags/example_external_task_marker_dag.py for tasks to queue
[2024-01-01T16:11:52.120+0100] {logging_mixin.py:188} INFO - [2024-01-01T16:11:52.120+0100] {dagbag.py:538} INFO - Filling up the DagBag from /home/ubuntu/.local/lib/python3.10/site-packages/airflow/example_dags/example_external_task_marker_dag.py
[2024-01-01T16:11:52.127+0100] {processor.py:840} INFO - DAG(s) 'example_external_task_marker_child', 'example_external_task_marker_parent' retrieved from /home/ubuntu/.local/lib/python3.10/site-packages/airflow/example_dags/example_external_task_marker_dag.py
[2024-01-01T16:11:52.142+0100] {logging_mixin.py:188} INFO - [2024-01-01T16:11:52.142+0100] {dag.py:3033} INFO - Sync 2 DAGs
[2024-01-01T16:11:52.149+0100] {logging_mixin.py:188} INFO - [2024-01-01T16:11:52.149+0100] {dag.py:3820} INFO - Setting next_dagrun for example_external_task_marker_child to None, run_after=None
[2024-01-01T16:11:52.151+0100] {logging_mixin.py:188} INFO - [2024-01-01T16:11:52.151+0100] {dag.py:3820} INFO - Setting next_dagrun for example_external_task_marker_parent to None, run_after=None
[2024-01-01T16:11:52.175+0100] {processor.py:183} INFO - Processing /home/ubuntu/.local/lib/python3.10/site-packages/airflow/example_dags/example_external_task_marker_dag.py took 0.063 seconds
[2024-01-01T16:12:48.385+0100] {processor.py:161} INFO - Started process (PID=4775) to work on /home/ubuntu/.local/lib/python3.10/site-packages/airflow/example_dags/example_external_task_marker_dag.py
[2024-01-01T16:12:48.395+0100] {processor.py:830} INFO - Processing file /home/ubuntu/.local/lib/python3.10/site-packages/airflow/example_dags/example_external_task_marker_dag.py for tasks to queue
[2024-01-01T16:12:48.395+0100] {logging_mixin.py:188} INFO - [2024-01-01T16:12:48.395+0100] {dagbag.py:538} INFO - Filling up the DagBag from /home/ubuntu/.local/lib/python3.10/site-packages/airflow/example_dags/example_external_task_marker_dag.py
[2024-01-01T16:12:48.399+0100] {processor.py:840} INFO - DAG(s) 'example_external_task_marker_child', 'example_external_task_marker_parent' retrieved from /home/ubuntu/.local/lib/python3.10/site-packages/airflow/example_dags/example_external_task_marker_dag.py
[2024-01-01T16:12:48.409+0100] {logging_mixin.py:188} INFO - [2024-01-01T16:12:48.409+0100] {dag.py:3033} INFO - Sync 2 DAGs
[2024-01-01T16:12:48.415+0100] {logging_mixin.py:188} INFO - [2024-01-01T16:12:48.415+0100] {dag.py:3820} INFO - Setting next_dagrun for example_external_task_marker_child to None, run_after=None
[2024-01-01T16:12:48.417+0100] {logging_mixin.py:188} INFO - [2024-01-01T16:12:48.417+0100] {dag.py:3820} INFO - Setting next_dagrun for example_external_task_marker_parent to None, run_after=None
[2024-01-01T16:12:48.431+0100] {processor.py:183} INFO - Processing /home/ubuntu/.local/lib/python3.10/site-packages/airflow/example_dags/example_external_task_marker_dag.py took 0.048 seconds
[2024-01-01T16:13:44.401+0100] {processor.py:161} INFO - Started process (PID=4846) to work on /home/ubuntu/.local/lib/python3.10/site-packages/airflow/example_dags/example_external_task_marker_dag.py
[2024-01-01T16:13:44.403+0100] {processor.py:830} INFO - Processing file /home/ubuntu/.local/lib/python3.10/site-packages/airflow/example_dags/example_external_task_marker_dag.py for tasks to queue
[2024-01-01T16:13:44.405+0100] {logging_mixin.py:188} INFO - [2024-01-01T16:13:44.404+0100] {dagbag.py:538} INFO - Filling up the DagBag from /home/ubuntu/.local/lib/python3.10/site-packages/airflow/example_dags/example_external_task_marker_dag.py
[2024-01-01T16:13:44.417+0100] {processor.py:840} INFO - DAG(s) 'example_external_task_marker_parent', 'example_external_task_marker_child' retrieved from /home/ubuntu/.local/lib/python3.10/site-packages/airflow/example_dags/example_external_task_marker_dag.py
[2024-01-01T16:13:44.436+0100] {logging_mixin.py:188} INFO - [2024-01-01T16:13:44.435+0100] {dag.py:3033} INFO - Sync 2 DAGs
[2024-01-01T16:13:44.444+0100] {logging_mixin.py:188} INFO - [2024-01-01T16:13:44.444+0100] {dag.py:3820} INFO - Setting next_dagrun for example_external_task_marker_child to None, run_after=None
[2024-01-01T16:13:44.446+0100] {logging_mixin.py:188} INFO - [2024-01-01T16:13:44.446+0100] {dag.py:3820} INFO - Setting next_dagrun for example_external_task_marker_parent to None, run_after=None
[2024-01-01T16:13:44.473+0100] {processor.py:183} INFO - Processing /home/ubuntu/.local/lib/python3.10/site-packages/airflow/example_dags/example_external_task_marker_dag.py took 0.080 seconds
[2024-01-01T16:14:37.178+0100] {processor.py:161} INFO - Started process (PID=4963) to work on /home/ubuntu/.local/lib/python3.10/site-packages/airflow/example_dags/example_external_task_marker_dag.py
[2024-01-01T16:14:37.187+0100] {processor.py:830} INFO - Processing file /home/ubuntu/.local/lib/python3.10/site-packages/airflow/example_dags/example_external_task_marker_dag.py for tasks to queue
[2024-01-01T16:14:37.188+0100] {logging_mixin.py:188} INFO - [2024-01-01T16:14:37.188+0100] {dagbag.py:538} INFO - Filling up the DagBag from /home/ubuntu/.local/lib/python3.10/site-packages/airflow/example_dags/example_external_task_marker_dag.py
[2024-01-01T16:14:37.192+0100] {processor.py:840} INFO - DAG(s) 'example_external_task_marker_child', 'example_external_task_marker_parent' retrieved from /home/ubuntu/.local/lib/python3.10/site-packages/airflow/example_dags/example_external_task_marker_dag.py
[2024-01-01T16:14:37.204+0100] {logging_mixin.py:188} INFO - [2024-01-01T16:14:37.204+0100] {dag.py:3033} INFO - Sync 2 DAGs
[2024-01-01T16:14:37.213+0100] {logging_mixin.py:188} INFO - [2024-01-01T16:14:37.213+0100] {dag.py:3820} INFO - Setting next_dagrun for example_external_task_marker_child to None, run_after=None
[2024-01-01T16:14:37.215+0100] {logging_mixin.py:188} INFO - [2024-01-01T16:14:37.215+0100] {dag.py:3820} INFO - Setting next_dagrun for example_external_task_marker_parent to None, run_after=None
[2024-01-01T16:14:37.227+0100] {processor.py:183} INFO - Processing /home/ubuntu/.local/lib/python3.10/site-packages/airflow/example_dags/example_external_task_marker_dag.py took 0.053 seconds
[2024-01-01T16:15:29.080+0100] {processor.py:161} INFO - Started process (PID=5046) to work on /home/ubuntu/.local/lib/python3.10/site-packages/airflow/example_dags/example_external_task_marker_dag.py
[2024-01-01T16:15:29.090+0100] {processor.py:830} INFO - Processing file /home/ubuntu/.local/lib/python3.10/site-packages/airflow/example_dags/example_external_task_marker_dag.py for tasks to queue
[2024-01-01T16:15:29.090+0100] {logging_mixin.py:188} INFO - [2024-01-01T16:15:29.090+0100] {dagbag.py:538} INFO - Filling up the DagBag from /home/ubuntu/.local/lib/python3.10/site-packages/airflow/example_dags/example_external_task_marker_dag.py
[2024-01-01T16:15:29.094+0100] {processor.py:840} INFO - DAG(s) 'example_external_task_marker_parent', 'example_external_task_marker_child' retrieved from /home/ubuntu/.local/lib/python3.10/site-packages/airflow/example_dags/example_external_task_marker_dag.py
[2024-01-01T16:15:29.108+0100] {logging_mixin.py:188} INFO - [2024-01-01T16:15:29.108+0100] {dag.py:3033} INFO - Sync 2 DAGs
[2024-01-01T16:15:29.116+0100] {logging_mixin.py:188} INFO - [2024-01-01T16:15:29.116+0100] {dag.py:3820} INFO - Setting next_dagrun for example_external_task_marker_child to None, run_after=None
[2024-01-01T16:15:29.128+0100] {logging_mixin.py:188} INFO - [2024-01-01T16:15:29.128+0100] {dag.py:3820} INFO - Setting next_dagrun for example_external_task_marker_parent to None, run_after=None
[2024-01-01T16:15:29.147+0100] {processor.py:183} INFO - Processing /home/ubuntu/.local/lib/python3.10/site-packages/airflow/example_dags/example_external_task_marker_dag.py took 0.069 seconds
[2024-01-01T16:16:24.022+0100] {processor.py:161} INFO - Started process (PID=5198) to work on /home/ubuntu/.local/lib/python3.10/site-packages/airflow/example_dags/example_external_task_marker_dag.py
[2024-01-01T16:16:24.032+0100] {processor.py:830} INFO - Processing file /home/ubuntu/.local/lib/python3.10/site-packages/airflow/example_dags/example_external_task_marker_dag.py for tasks to queue
[2024-01-01T16:16:24.032+0100] {logging_mixin.py:188} INFO - [2024-01-01T16:16:24.032+0100] {dagbag.py:538} INFO - Filling up the DagBag from /home/ubuntu/.local/lib/python3.10/site-packages/airflow/example_dags/example_external_task_marker_dag.py
[2024-01-01T16:16:24.037+0100] {processor.py:840} INFO - DAG(s) 'example_external_task_marker_parent', 'example_external_task_marker_child' retrieved from /home/ubuntu/.local/lib/python3.10/site-packages/airflow/example_dags/example_external_task_marker_dag.py
[2024-01-01T16:16:24.049+0100] {logging_mixin.py:188} INFO - [2024-01-01T16:16:24.049+0100] {dag.py:3033} INFO - Sync 2 DAGs
[2024-01-01T16:16:24.057+0100] {logging_mixin.py:188} INFO - [2024-01-01T16:16:24.057+0100] {dag.py:3820} INFO - Setting next_dagrun for example_external_task_marker_child to None, run_after=None
[2024-01-01T16:16:24.059+0100] {logging_mixin.py:188} INFO - [2024-01-01T16:16:24.059+0100] {dag.py:3820} INFO - Setting next_dagrun for example_external_task_marker_parent to None, run_after=None
[2024-01-01T16:16:24.089+0100] {processor.py:183} INFO - Processing /home/ubuntu/.local/lib/python3.10/site-packages/airflow/example_dags/example_external_task_marker_dag.py took 0.069 seconds
[2024-01-01T16:17:19.426+0100] {processor.py:161} INFO - Started process (PID=5267) to work on /home/ubuntu/.local/lib/python3.10/site-packages/airflow/example_dags/example_external_task_marker_dag.py
[2024-01-01T16:17:19.436+0100] {processor.py:830} INFO - Processing file /home/ubuntu/.local/lib/python3.10/site-packages/airflow/example_dags/example_external_task_marker_dag.py for tasks to queue
[2024-01-01T16:17:19.436+0100] {logging_mixin.py:188} INFO - [2024-01-01T16:17:19.436+0100] {dagbag.py:538} INFO - Filling up the DagBag from /home/ubuntu/.local/lib/python3.10/site-packages/airflow/example_dags/example_external_task_marker_dag.py
[2024-01-01T16:17:19.440+0100] {processor.py:840} INFO - DAG(s) 'example_external_task_marker_child', 'example_external_task_marker_parent' retrieved from /home/ubuntu/.local/lib/python3.10/site-packages/airflow/example_dags/example_external_task_marker_dag.py
[2024-01-01T16:17:19.450+0100] {logging_mixin.py:188} INFO - [2024-01-01T16:17:19.450+0100] {dag.py:3033} INFO - Sync 2 DAGs
[2024-01-01T16:17:19.457+0100] {logging_mixin.py:188} INFO - [2024-01-01T16:17:19.457+0100] {dag.py:3820} INFO - Setting next_dagrun for example_external_task_marker_child to None, run_after=None
[2024-01-01T16:17:19.459+0100] {logging_mixin.py:188} INFO - [2024-01-01T16:17:19.459+0100] {dag.py:3820} INFO - Setting next_dagrun for example_external_task_marker_parent to None, run_after=None
[2024-01-01T16:17:19.486+0100] {processor.py:183} INFO - Processing /home/ubuntu/.local/lib/python3.10/site-packages/airflow/example_dags/example_external_task_marker_dag.py took 0.062 seconds
[2024-01-01T16:18:12.487+0100] {processor.py:161} INFO - Started process (PID=5332) to work on /home/ubuntu/.local/lib/python3.10/site-packages/airflow/example_dags/example_external_task_marker_dag.py
[2024-01-01T16:18:12.487+0100] {processor.py:830} INFO - Processing file /home/ubuntu/.local/lib/python3.10/site-packages/airflow/example_dags/example_external_task_marker_dag.py for tasks to queue
[2024-01-01T16:18:12.488+0100] {logging_mixin.py:188} INFO - [2024-01-01T16:18:12.488+0100] {dagbag.py:538} INFO - Filling up the DagBag from /home/ubuntu/.local/lib/python3.10/site-packages/airflow/example_dags/example_external_task_marker_dag.py
[2024-01-01T16:18:12.491+0100] {processor.py:840} INFO - DAG(s) 'example_external_task_marker_parent', 'example_external_task_marker_child' retrieved from /home/ubuntu/.local/lib/python3.10/site-packages/airflow/example_dags/example_external_task_marker_dag.py
[2024-01-01T16:18:12.502+0100] {logging_mixin.py:188} INFO - [2024-01-01T16:18:12.502+0100] {dag.py:3033} INFO - Sync 2 DAGs
[2024-01-01T16:18:12.509+0100] {logging_mixin.py:188} INFO - [2024-01-01T16:18:12.509+0100] {dag.py:3820} INFO - Setting next_dagrun for example_external_task_marker_child to None, run_after=None
[2024-01-01T16:18:12.511+0100] {logging_mixin.py:188} INFO - [2024-01-01T16:18:12.511+0100] {dag.py:3820} INFO - Setting next_dagrun for example_external_task_marker_parent to None, run_after=None
[2024-01-01T16:18:12.537+0100] {processor.py:183} INFO - Processing /home/ubuntu/.local/lib/python3.10/site-packages/airflow/example_dags/example_external_task_marker_dag.py took 0.052 seconds
[2024-01-01T16:19:05.330+0100] {processor.py:161} INFO - Started process (PID=5424) to work on /home/ubuntu/.local/lib/python3.10/site-packages/airflow/example_dags/example_external_task_marker_dag.py
[2024-01-01T16:19:05.331+0100] {processor.py:830} INFO - Processing file /home/ubuntu/.local/lib/python3.10/site-packages/airflow/example_dags/example_external_task_marker_dag.py for tasks to queue
[2024-01-01T16:19:05.331+0100] {logging_mixin.py:188} INFO - [2024-01-01T16:19:05.331+0100] {dagbag.py:538} INFO - Filling up the DagBag from /home/ubuntu/.local/lib/python3.10/site-packages/airflow/example_dags/example_external_task_marker_dag.py
[2024-01-01T16:19:05.336+0100] {processor.py:840} INFO - DAG(s) 'example_external_task_marker_parent', 'example_external_task_marker_child' retrieved from /home/ubuntu/.local/lib/python3.10/site-packages/airflow/example_dags/example_external_task_marker_dag.py
[2024-01-01T16:19:05.350+0100] {logging_mixin.py:188} INFO - [2024-01-01T16:19:05.350+0100] {dag.py:3033} INFO - Sync 2 DAGs
[2024-01-01T16:19:05.358+0100] {logging_mixin.py:188} INFO - [2024-01-01T16:19:05.358+0100] {dag.py:3820} INFO - Setting next_dagrun for example_external_task_marker_child to None, run_after=None
[2024-01-01T16:19:05.360+0100] {logging_mixin.py:188} INFO - [2024-01-01T16:19:05.360+0100] {dag.py:3820} INFO - Setting next_dagrun for example_external_task_marker_parent to None, run_after=None
[2024-01-01T16:19:05.377+0100] {processor.py:183} INFO - Processing /home/ubuntu/.local/lib/python3.10/site-packages/airflow/example_dags/example_external_task_marker_dag.py took 0.049 seconds
[2024-01-01T16:20:07.624+0100] {processor.py:161} INFO - Started process (PID=5576) to work on /home/ubuntu/.local/lib/python3.10/site-packages/airflow/example_dags/example_external_task_marker_dag.py
[2024-01-01T16:20:07.625+0100] {processor.py:830} INFO - Processing file /home/ubuntu/.local/lib/python3.10/site-packages/airflow/example_dags/example_external_task_marker_dag.py for tasks to queue
[2024-01-01T16:20:07.626+0100] {logging_mixin.py:188} INFO - [2024-01-01T16:20:07.626+0100] {dagbag.py:538} INFO - Filling up the DagBag from /home/ubuntu/.local/lib/python3.10/site-packages/airflow/example_dags/example_external_task_marker_dag.py
[2024-01-01T16:20:07.632+0100] {processor.py:840} INFO - DAG(s) 'example_external_task_marker_parent', 'example_external_task_marker_child' retrieved from /home/ubuntu/.local/lib/python3.10/site-packages/airflow/example_dags/example_external_task_marker_dag.py
[2024-01-01T16:20:07.639+0100] {logging_mixin.py:188} INFO - [2024-01-01T16:20:07.639+0100] {dag.py:3033} INFO - Sync 2 DAGs
[2024-01-01T16:20:07.648+0100] {logging_mixin.py:188} INFO - [2024-01-01T16:20:07.648+0100] {dag.py:3820} INFO - Setting next_dagrun for example_external_task_marker_child to None, run_after=None
[2024-01-01T16:20:07.651+0100] {logging_mixin.py:188} INFO - [2024-01-01T16:20:07.651+0100] {dag.py:3820} INFO - Setting next_dagrun for example_external_task_marker_parent to None, run_after=None
[2024-01-01T16:20:07.676+0100] {processor.py:183} INFO - Processing /home/ubuntu/.local/lib/python3.10/site-packages/airflow/example_dags/example_external_task_marker_dag.py took 0.055 seconds
[2024-01-01T16:20:59.697+0100] {processor.py:161} INFO - Started process (PID=5786) to work on /home/ubuntu/.local/lib/python3.10/site-packages/airflow/example_dags/example_external_task_marker_dag.py
[2024-01-01T16:20:59.707+0100] {processor.py:830} INFO - Processing file /home/ubuntu/.local/lib/python3.10/site-packages/airflow/example_dags/example_external_task_marker_dag.py for tasks to queue
[2024-01-01T16:20:59.707+0100] {logging_mixin.py:188} INFO - [2024-01-01T16:20:59.707+0100] {dagbag.py:538} INFO - Filling up the DagBag from /home/ubuntu/.local/lib/python3.10/site-packages/airflow/example_dags/example_external_task_marker_dag.py
[2024-01-01T16:20:59.713+0100] {processor.py:840} INFO - DAG(s) 'example_external_task_marker_child', 'example_external_task_marker_parent' retrieved from /home/ubuntu/.local/lib/python3.10/site-packages/airflow/example_dags/example_external_task_marker_dag.py
[2024-01-01T16:20:59.781+0100] {logging_mixin.py:188} INFO - [2024-01-01T16:20:59.781+0100] {dag.py:3033} INFO - Sync 2 DAGs
[2024-01-01T16:20:59.787+0100] {logging_mixin.py:188} INFO - [2024-01-01T16:20:59.786+0100] {dag.py:3820} INFO - Setting next_dagrun for example_external_task_marker_child to None, run_after=None
[2024-01-01T16:20:59.788+0100] {logging_mixin.py:188} INFO - [2024-01-01T16:20:59.788+0100] {dag.py:3820} INFO - Setting next_dagrun for example_external_task_marker_parent to None, run_after=None
[2024-01-01T16:20:59.807+0100] {processor.py:183} INFO - Processing /home/ubuntu/.local/lib/python3.10/site-packages/airflow/example_dags/example_external_task_marker_dag.py took 0.112 seconds
[2024-01-01T16:21:46.711+0100] {processor.py:161} INFO - Started process (PID=5872) to work on /home/ubuntu/.local/lib/python3.10/site-packages/airflow/example_dags/example_external_task_marker_dag.py
[2024-01-01T16:21:46.720+0100] {processor.py:830} INFO - Processing file /home/ubuntu/.local/lib/python3.10/site-packages/airflow/example_dags/example_external_task_marker_dag.py for tasks to queue
[2024-01-01T16:21:46.721+0100] {logging_mixin.py:188} INFO - [2024-01-01T16:21:46.721+0100] {dagbag.py:538} INFO - Filling up the DagBag from /home/ubuntu/.local/lib/python3.10/site-packages/airflow/example_dags/example_external_task_marker_dag.py
[2024-01-01T16:21:46.725+0100] {processor.py:840} INFO - DAG(s) 'example_external_task_marker_parent', 'example_external_task_marker_child' retrieved from /home/ubuntu/.local/lib/python3.10/site-packages/airflow/example_dags/example_external_task_marker_dag.py
[2024-01-01T16:21:46.736+0100] {logging_mixin.py:188} INFO - [2024-01-01T16:21:46.736+0100] {dag.py:3033} INFO - Sync 2 DAGs
[2024-01-01T16:21:46.743+0100] {logging_mixin.py:188} INFO - [2024-01-01T16:21:46.743+0100] {dag.py:3820} INFO - Setting next_dagrun for example_external_task_marker_child to None, run_after=None
[2024-01-01T16:21:46.745+0100] {logging_mixin.py:188} INFO - [2024-01-01T16:21:46.745+0100] {dag.py:3820} INFO - Setting next_dagrun for example_external_task_marker_parent to None, run_after=None
[2024-01-01T16:21:46.760+0100] {processor.py:183} INFO - Processing /home/ubuntu/.local/lib/python3.10/site-packages/airflow/example_dags/example_external_task_marker_dag.py took 0.052 seconds
[2024-01-01T16:23:21.144+0100] {processor.py:161} INFO - Started process (PID=5963) to work on /home/ubuntu/.local/lib/python3.10/site-packages/airflow/example_dags/example_external_task_marker_dag.py
[2024-01-01T16:23:21.154+0100] {processor.py:830} INFO - Processing file /home/ubuntu/.local/lib/python3.10/site-packages/airflow/example_dags/example_external_task_marker_dag.py for tasks to queue
[2024-01-01T16:23:21.155+0100] {logging_mixin.py:188} INFO - [2024-01-01T16:23:21.155+0100] {dagbag.py:538} INFO - Filling up the DagBag from /home/ubuntu/.local/lib/python3.10/site-packages/airflow/example_dags/example_external_task_marker_dag.py
[2024-01-01T16:23:21.160+0100] {processor.py:840} INFO - DAG(s) 'example_external_task_marker_parent', 'example_external_task_marker_child' retrieved from /home/ubuntu/.local/lib/python3.10/site-packages/airflow/example_dags/example_external_task_marker_dag.py
[2024-01-01T16:23:21.166+0100] {logging_mixin.py:188} INFO - [2024-01-01T16:23:21.166+0100] {dag.py:3033} INFO - Sync 2 DAGs
[2024-01-01T16:23:21.174+0100] {logging_mixin.py:188} INFO - [2024-01-01T16:23:21.174+0100] {dag.py:3820} INFO - Setting next_dagrun for example_external_task_marker_child to None, run_after=None
[2024-01-01T16:23:21.176+0100] {logging_mixin.py:188} INFO - [2024-01-01T16:23:21.176+0100] {dag.py:3820} INFO - Setting next_dagrun for example_external_task_marker_parent to None, run_after=None
[2024-01-01T16:23:21.191+0100] {processor.py:183} INFO - Processing /home/ubuntu/.local/lib/python3.10/site-packages/airflow/example_dags/example_external_task_marker_dag.py took 0.050 seconds
[2024-01-01T16:24:21.573+0100] {processor.py:161} INFO - Started process (PID=6036) to work on /home/ubuntu/.local/lib/python3.10/site-packages/airflow/example_dags/example_external_task_marker_dag.py
[2024-01-01T16:24:21.583+0100] {processor.py:830} INFO - Processing file /home/ubuntu/.local/lib/python3.10/site-packages/airflow/example_dags/example_external_task_marker_dag.py for tasks to queue
[2024-01-01T16:24:21.584+0100] {logging_mixin.py:188} INFO - [2024-01-01T16:24:21.583+0100] {dagbag.py:538} INFO - Filling up the DagBag from /home/ubuntu/.local/lib/python3.10/site-packages/airflow/example_dags/example_external_task_marker_dag.py
[2024-01-01T16:24:21.588+0100] {processor.py:840} INFO - DAG(s) 'example_external_task_marker_child', 'example_external_task_marker_parent' retrieved from /home/ubuntu/.local/lib/python3.10/site-packages/airflow/example_dags/example_external_task_marker_dag.py
[2024-01-01T16:24:21.648+0100] {logging_mixin.py:188} INFO - [2024-01-01T16:24:21.648+0100] {dag.py:3033} INFO - Sync 2 DAGs
[2024-01-01T16:24:21.654+0100] {logging_mixin.py:188} INFO - [2024-01-01T16:24:21.654+0100] {dag.py:3820} INFO - Setting next_dagrun for example_external_task_marker_child to None, run_after=None
[2024-01-01T16:24:21.655+0100] {logging_mixin.py:188} INFO - [2024-01-01T16:24:21.655+0100] {dag.py:3820} INFO - Setting next_dagrun for example_external_task_marker_parent to None, run_after=None
[2024-01-01T16:24:21.668+0100] {processor.py:183} INFO - Processing /home/ubuntu/.local/lib/python3.10/site-packages/airflow/example_dags/example_external_task_marker_dag.py took 0.097 seconds
[2024-01-01T16:25:07.334+0100] {processor.py:161} INFO - Started process (PID=6221) to work on /home/ubuntu/.local/lib/python3.10/site-packages/airflow/example_dags/example_external_task_marker_dag.py
[2024-01-01T16:25:07.345+0100] {processor.py:830} INFO - Processing file /home/ubuntu/.local/lib/python3.10/site-packages/airflow/example_dags/example_external_task_marker_dag.py for tasks to queue
[2024-01-01T16:25:07.346+0100] {logging_mixin.py:188} INFO - [2024-01-01T16:25:07.346+0100] {dagbag.py:538} INFO - Filling up the DagBag from /home/ubuntu/.local/lib/python3.10/site-packages/airflow/example_dags/example_external_task_marker_dag.py
[2024-01-01T16:25:07.355+0100] {processor.py:840} INFO - DAG(s) 'example_external_task_marker_parent', 'example_external_task_marker_child' retrieved from /home/ubuntu/.local/lib/python3.10/site-packages/airflow/example_dags/example_external_task_marker_dag.py
[2024-01-01T16:25:07.372+0100] {logging_mixin.py:188} INFO - [2024-01-01T16:25:07.372+0100] {dag.py:3033} INFO - Sync 2 DAGs
[2024-01-01T16:25:07.380+0100] {logging_mixin.py:188} INFO - [2024-01-01T16:25:07.380+0100] {dag.py:3820} INFO - Setting next_dagrun for example_external_task_marker_child to None, run_after=None
[2024-01-01T16:25:07.381+0100] {logging_mixin.py:188} INFO - [2024-01-01T16:25:07.381+0100] {dag.py:3820} INFO - Setting next_dagrun for example_external_task_marker_parent to None, run_after=None
[2024-01-01T16:25:07.396+0100] {processor.py:183} INFO - Processing /home/ubuntu/.local/lib/python3.10/site-packages/airflow/example_dags/example_external_task_marker_dag.py took 0.068 seconds
[2024-01-01T16:25:59.843+0100] {processor.py:161} INFO - Started process (PID=6345) to work on /home/ubuntu/.local/lib/python3.10/site-packages/airflow/example_dags/example_external_task_marker_dag.py
[2024-01-01T16:25:59.853+0100] {processor.py:830} INFO - Processing file /home/ubuntu/.local/lib/python3.10/site-packages/airflow/example_dags/example_external_task_marker_dag.py for tasks to queue
[2024-01-01T16:25:59.854+0100] {logging_mixin.py:188} INFO - [2024-01-01T16:25:59.854+0100] {dagbag.py:538} INFO - Filling up the DagBag from /home/ubuntu/.local/lib/python3.10/site-packages/airflow/example_dags/example_external_task_marker_dag.py
[2024-01-01T16:25:59.859+0100] {processor.py:840} INFO - DAG(s) 'example_external_task_marker_child', 'example_external_task_marker_parent' retrieved from /home/ubuntu/.local/lib/python3.10/site-packages/airflow/example_dags/example_external_task_marker_dag.py
[2024-01-01T16:25:59.869+0100] {logging_mixin.py:188} INFO - [2024-01-01T16:25:59.869+0100] {dag.py:3033} INFO - Sync 2 DAGs
[2024-01-01T16:25:59.876+0100] {logging_mixin.py:188} INFO - [2024-01-01T16:25:59.876+0100] {dag.py:3820} INFO - Setting next_dagrun for example_external_task_marker_child to None, run_after=None
[2024-01-01T16:25:59.878+0100] {logging_mixin.py:188} INFO - [2024-01-01T16:25:59.878+0100] {dag.py:3820} INFO - Setting next_dagrun for example_external_task_marker_parent to None, run_after=None
[2024-01-01T16:25:59.892+0100] {processor.py:183} INFO - Processing /home/ubuntu/.local/lib/python3.10/site-packages/airflow/example_dags/example_external_task_marker_dag.py took 0.052 seconds
[2024-01-01T16:26:48.285+0100] {processor.py:161} INFO - Started process (PID=6452) to work on /home/ubuntu/.local/lib/python3.10/site-packages/airflow/example_dags/example_external_task_marker_dag.py
[2024-01-01T16:26:48.287+0100] {processor.py:830} INFO - Processing file /home/ubuntu/.local/lib/python3.10/site-packages/airflow/example_dags/example_external_task_marker_dag.py for tasks to queue
[2024-01-01T16:26:48.287+0100] {logging_mixin.py:188} INFO - [2024-01-01T16:26:48.287+0100] {dagbag.py:538} INFO - Filling up the DagBag from /home/ubuntu/.local/lib/python3.10/site-packages/airflow/example_dags/example_external_task_marker_dag.py
[2024-01-01T16:26:48.291+0100] {processor.py:840} INFO - DAG(s) 'example_external_task_marker_parent', 'example_external_task_marker_child' retrieved from /home/ubuntu/.local/lib/python3.10/site-packages/airflow/example_dags/example_external_task_marker_dag.py
[2024-01-01T16:26:48.302+0100] {logging_mixin.py:188} INFO - [2024-01-01T16:26:48.302+0100] {dag.py:3033} INFO - Sync 2 DAGs
[2024-01-01T16:26:48.311+0100] {logging_mixin.py:188} INFO - [2024-01-01T16:26:48.311+0100] {dag.py:3820} INFO - Setting next_dagrun for example_external_task_marker_child to None, run_after=None
[2024-01-01T16:26:48.314+0100] {logging_mixin.py:188} INFO - [2024-01-01T16:26:48.313+0100] {dag.py:3820} INFO - Setting next_dagrun for example_external_task_marker_parent to None, run_after=None
[2024-01-01T16:26:48.331+0100] {processor.py:183} INFO - Processing /home/ubuntu/.local/lib/python3.10/site-packages/airflow/example_dags/example_external_task_marker_dag.py took 0.048 seconds
[2024-01-01T16:27:37.579+0100] {processor.py:161} INFO - Started process (PID=6603) to work on /home/ubuntu/.local/lib/python3.10/site-packages/airflow/example_dags/example_external_task_marker_dag.py
[2024-01-01T16:27:37.589+0100] {processor.py:830} INFO - Processing file /home/ubuntu/.local/lib/python3.10/site-packages/airflow/example_dags/example_external_task_marker_dag.py for tasks to queue
[2024-01-01T16:27:37.589+0100] {logging_mixin.py:188} INFO - [2024-01-01T16:27:37.589+0100] {dagbag.py:538} INFO - Filling up the DagBag from /home/ubuntu/.local/lib/python3.10/site-packages/airflow/example_dags/example_external_task_marker_dag.py
[2024-01-01T16:27:37.594+0100] {processor.py:840} INFO - DAG(s) 'example_external_task_marker_child', 'example_external_task_marker_parent' retrieved from /home/ubuntu/.local/lib/python3.10/site-packages/airflow/example_dags/example_external_task_marker_dag.py
[2024-01-01T16:27:37.611+0100] {logging_mixin.py:188} INFO - [2024-01-01T16:27:37.611+0100] {dag.py:3033} INFO - Sync 2 DAGs
[2024-01-01T16:27:37.619+0100] {logging_mixin.py:188} INFO - [2024-01-01T16:27:37.619+0100] {dag.py:3820} INFO - Setting next_dagrun for example_external_task_marker_child to None, run_after=None
[2024-01-01T16:27:37.621+0100] {logging_mixin.py:188} INFO - [2024-01-01T16:27:37.621+0100] {dag.py:3820} INFO - Setting next_dagrun for example_external_task_marker_parent to None, run_after=None
[2024-01-01T16:27:37.639+0100] {processor.py:183} INFO - Processing /home/ubuntu/.local/lib/python3.10/site-packages/airflow/example_dags/example_external_task_marker_dag.py took 0.064 seconds
[2024-01-01T16:28:28.276+0100] {processor.py:161} INFO - Started process (PID=6761) to work on /home/ubuntu/.local/lib/python3.10/site-packages/airflow/example_dags/example_external_task_marker_dag.py
[2024-01-01T16:28:28.279+0100] {processor.py:830} INFO - Processing file /home/ubuntu/.local/lib/python3.10/site-packages/airflow/example_dags/example_external_task_marker_dag.py for tasks to queue
[2024-01-01T16:28:28.281+0100] {logging_mixin.py:188} INFO - [2024-01-01T16:28:28.280+0100] {dagbag.py:538} INFO - Filling up the DagBag from /home/ubuntu/.local/lib/python3.10/site-packages/airflow/example_dags/example_external_task_marker_dag.py
[2024-01-01T16:28:28.297+0100] {processor.py:840} INFO - DAG(s) 'example_external_task_marker_child', 'example_external_task_marker_parent' retrieved from /home/ubuntu/.local/lib/python3.10/site-packages/airflow/example_dags/example_external_task_marker_dag.py
[2024-01-01T16:28:28.329+0100] {logging_mixin.py:188} INFO - [2024-01-01T16:28:28.328+0100] {dag.py:3033} INFO - Sync 2 DAGs
[2024-01-01T16:28:28.339+0100] {logging_mixin.py:188} INFO - [2024-01-01T16:28:28.339+0100] {dag.py:3820} INFO - Setting next_dagrun for example_external_task_marker_child to None, run_after=None
[2024-01-01T16:28:28.341+0100] {logging_mixin.py:188} INFO - [2024-01-01T16:28:28.341+0100] {dag.py:3820} INFO - Setting next_dagrun for example_external_task_marker_parent to None, run_after=None
[2024-01-01T16:28:28.356+0100] {processor.py:183} INFO - Processing /home/ubuntu/.local/lib/python3.10/site-packages/airflow/example_dags/example_external_task_marker_dag.py took 0.087 seconds
[2024-01-01T16:29:23.166+0100] {processor.py:161} INFO - Started process (PID=6841) to work on /home/ubuntu/.local/lib/python3.10/site-packages/airflow/example_dags/example_external_task_marker_dag.py
[2024-01-01T16:29:23.176+0100] {processor.py:830} INFO - Processing file /home/ubuntu/.local/lib/python3.10/site-packages/airflow/example_dags/example_external_task_marker_dag.py for tasks to queue
[2024-01-01T16:29:23.177+0100] {logging_mixin.py:188} INFO - [2024-01-01T16:29:23.177+0100] {dagbag.py:538} INFO - Filling up the DagBag from /home/ubuntu/.local/lib/python3.10/site-packages/airflow/example_dags/example_external_task_marker_dag.py
[2024-01-01T16:29:23.181+0100] {processor.py:840} INFO - DAG(s) 'example_external_task_marker_parent', 'example_external_task_marker_child' retrieved from /home/ubuntu/.local/lib/python3.10/site-packages/airflow/example_dags/example_external_task_marker_dag.py
[2024-01-01T16:29:23.192+0100] {logging_mixin.py:188} INFO - [2024-01-01T16:29:23.192+0100] {dag.py:3033} INFO - Sync 2 DAGs
[2024-01-01T16:29:23.199+0100] {logging_mixin.py:188} INFO - [2024-01-01T16:29:23.199+0100] {dag.py:3820} INFO - Setting next_dagrun for example_external_task_marker_child to None, run_after=None
[2024-01-01T16:29:23.201+0100] {logging_mixin.py:188} INFO - [2024-01-01T16:29:23.201+0100] {dag.py:3820} INFO - Setting next_dagrun for example_external_task_marker_parent to None, run_after=None
[2024-01-01T16:29:23.216+0100] {processor.py:183} INFO - Processing /home/ubuntu/.local/lib/python3.10/site-packages/airflow/example_dags/example_external_task_marker_dag.py took 0.055 seconds
[2024-01-01T16:30:15.715+0100] {processor.py:161} INFO - Started process (PID=6959) to work on /home/ubuntu/.local/lib/python3.10/site-packages/airflow/example_dags/example_external_task_marker_dag.py
[2024-01-01T16:30:15.717+0100] {processor.py:830} INFO - Processing file /home/ubuntu/.local/lib/python3.10/site-packages/airflow/example_dags/example_external_task_marker_dag.py for tasks to queue
[2024-01-01T16:30:15.719+0100] {logging_mixin.py:188} INFO - [2024-01-01T16:30:15.718+0100] {dagbag.py:538} INFO - Filling up the DagBag from /home/ubuntu/.local/lib/python3.10/site-packages/airflow/example_dags/example_external_task_marker_dag.py
[2024-01-01T16:30:15.733+0100] {processor.py:840} INFO - DAG(s) 'example_external_task_marker_parent', 'example_external_task_marker_child' retrieved from /home/ubuntu/.local/lib/python3.10/site-packages/airflow/example_dags/example_external_task_marker_dag.py
[2024-01-01T16:30:15.753+0100] {logging_mixin.py:188} INFO - [2024-01-01T16:30:15.753+0100] {dag.py:3033} INFO - Sync 2 DAGs
[2024-01-01T16:30:15.762+0100] {logging_mixin.py:188} INFO - [2024-01-01T16:30:15.762+0100] {dag.py:3820} INFO - Setting next_dagrun for example_external_task_marker_child to None, run_after=None
[2024-01-01T16:30:15.764+0100] {logging_mixin.py:188} INFO - [2024-01-01T16:30:15.764+0100] {dag.py:3820} INFO - Setting next_dagrun for example_external_task_marker_parent to None, run_after=None
[2024-01-01T16:30:15.795+0100] {processor.py:183} INFO - Processing /home/ubuntu/.local/lib/python3.10/site-packages/airflow/example_dags/example_external_task_marker_dag.py took 0.088 seconds
[2024-01-01T16:31:10.859+0100] {processor.py:161} INFO - Started process (PID=7072) to work on /home/ubuntu/.local/lib/python3.10/site-packages/airflow/example_dags/example_external_task_marker_dag.py
[2024-01-01T16:31:10.860+0100] {processor.py:830} INFO - Processing file /home/ubuntu/.local/lib/python3.10/site-packages/airflow/example_dags/example_external_task_marker_dag.py for tasks to queue
[2024-01-01T16:31:10.860+0100] {logging_mixin.py:188} INFO - [2024-01-01T16:31:10.860+0100] {dagbag.py:538} INFO - Filling up the DagBag from /home/ubuntu/.local/lib/python3.10/site-packages/airflow/example_dags/example_external_task_marker_dag.py
[2024-01-01T16:31:10.865+0100] {processor.py:840} INFO - DAG(s) 'example_external_task_marker_parent', 'example_external_task_marker_child' retrieved from /home/ubuntu/.local/lib/python3.10/site-packages/airflow/example_dags/example_external_task_marker_dag.py
[2024-01-01T16:31:10.883+0100] {logging_mixin.py:188} INFO - [2024-01-01T16:31:10.883+0100] {dag.py:3033} INFO - Sync 2 DAGs
[2024-01-01T16:31:10.895+0100] {logging_mixin.py:188} INFO - [2024-01-01T16:31:10.895+0100] {dag.py:3820} INFO - Setting next_dagrun for example_external_task_marker_child to None, run_after=None
[2024-01-01T16:31:10.900+0100] {logging_mixin.py:188} INFO - [2024-01-01T16:31:10.899+0100] {dag.py:3820} INFO - Setting next_dagrun for example_external_task_marker_parent to None, run_after=None
[2024-01-01T16:31:10.916+0100] {processor.py:183} INFO - Processing /home/ubuntu/.local/lib/python3.10/site-packages/airflow/example_dags/example_external_task_marker_dag.py took 0.060 seconds
[2024-01-01T16:32:03.563+0100] {processor.py:161} INFO - Started process (PID=7167) to work on /home/ubuntu/.local/lib/python3.10/site-packages/airflow/example_dags/example_external_task_marker_dag.py
[2024-01-01T16:32:03.573+0100] {processor.py:830} INFO - Processing file /home/ubuntu/.local/lib/python3.10/site-packages/airflow/example_dags/example_external_task_marker_dag.py for tasks to queue
[2024-01-01T16:32:03.574+0100] {logging_mixin.py:188} INFO - [2024-01-01T16:32:03.574+0100] {dagbag.py:538} INFO - Filling up the DagBag from /home/ubuntu/.local/lib/python3.10/site-packages/airflow/example_dags/example_external_task_marker_dag.py
[2024-01-01T16:32:03.580+0100] {processor.py:840} INFO - DAG(s) 'example_external_task_marker_child', 'example_external_task_marker_parent' retrieved from /home/ubuntu/.local/lib/python3.10/site-packages/airflow/example_dags/example_external_task_marker_dag.py
[2024-01-01T16:32:03.597+0100] {logging_mixin.py:188} INFO - [2024-01-01T16:32:03.597+0100] {dag.py:3033} INFO - Sync 2 DAGs
[2024-01-01T16:32:03.607+0100] {logging_mixin.py:188} INFO - [2024-01-01T16:32:03.607+0100] {dag.py:3820} INFO - Setting next_dagrun for example_external_task_marker_child to None, run_after=None
[2024-01-01T16:32:03.610+0100] {logging_mixin.py:188} INFO - [2024-01-01T16:32:03.610+0100] {dag.py:3820} INFO - Setting next_dagrun for example_external_task_marker_parent to None, run_after=None
[2024-01-01T16:32:03.625+0100] {processor.py:183} INFO - Processing /home/ubuntu/.local/lib/python3.10/site-packages/airflow/example_dags/example_external_task_marker_dag.py took 0.065 seconds
[2024-01-01T16:33:02.881+0100] {processor.py:161} INFO - Started process (PID=7376) to work on /home/ubuntu/.local/lib/python3.10/site-packages/airflow/example_dags/example_external_task_marker_dag.py
[2024-01-01T16:33:02.892+0100] {processor.py:830} INFO - Processing file /home/ubuntu/.local/lib/python3.10/site-packages/airflow/example_dags/example_external_task_marker_dag.py for tasks to queue
[2024-01-01T16:33:02.893+0100] {logging_mixin.py:188} INFO - [2024-01-01T16:33:02.892+0100] {dagbag.py:538} INFO - Filling up the DagBag from /home/ubuntu/.local/lib/python3.10/site-packages/airflow/example_dags/example_external_task_marker_dag.py
[2024-01-01T16:33:02.897+0100] {processor.py:840} INFO - DAG(s) 'example_external_task_marker_child', 'example_external_task_marker_parent' retrieved from /home/ubuntu/.local/lib/python3.10/site-packages/airflow/example_dags/example_external_task_marker_dag.py
[2024-01-01T16:33:02.910+0100] {logging_mixin.py:188} INFO - [2024-01-01T16:33:02.910+0100] {dag.py:3033} INFO - Sync 2 DAGs
[2024-01-01T16:33:02.918+0100] {logging_mixin.py:188} INFO - [2024-01-01T16:33:02.918+0100] {dag.py:3820} INFO - Setting next_dagrun for example_external_task_marker_child to None, run_after=None
[2024-01-01T16:33:02.920+0100] {logging_mixin.py:188} INFO - [2024-01-01T16:33:02.920+0100] {dag.py:3820} INFO - Setting next_dagrun for example_external_task_marker_parent to None, run_after=None
[2024-01-01T16:33:02.935+0100] {processor.py:183} INFO - Processing /home/ubuntu/.local/lib/python3.10/site-packages/airflow/example_dags/example_external_task_marker_dag.py took 0.056 seconds
[2024-01-01T16:33:46.693+0100] {processor.py:161} INFO - Started process (PID=7474) to work on /home/ubuntu/.local/lib/python3.10/site-packages/airflow/example_dags/example_external_task_marker_dag.py
[2024-01-01T16:33:46.694+0100] {processor.py:830} INFO - Processing file /home/ubuntu/.local/lib/python3.10/site-packages/airflow/example_dags/example_external_task_marker_dag.py for tasks to queue
[2024-01-01T16:33:46.695+0100] {logging_mixin.py:188} INFO - [2024-01-01T16:33:46.695+0100] {dagbag.py:538} INFO - Filling up the DagBag from /home/ubuntu/.local/lib/python3.10/site-packages/airflow/example_dags/example_external_task_marker_dag.py
[2024-01-01T16:33:46.701+0100] {processor.py:840} INFO - DAG(s) 'example_external_task_marker_parent', 'example_external_task_marker_child' retrieved from /home/ubuntu/.local/lib/python3.10/site-packages/airflow/example_dags/example_external_task_marker_dag.py
[2024-01-01T16:33:46.723+0100] {logging_mixin.py:188} INFO - [2024-01-01T16:33:46.722+0100] {dag.py:3033} INFO - Sync 2 DAGs
[2024-01-01T16:33:46.740+0100] {logging_mixin.py:188} INFO - [2024-01-01T16:33:46.740+0100] {dag.py:3820} INFO - Setting next_dagrun for example_external_task_marker_child to None, run_after=None
[2024-01-01T16:33:46.743+0100] {logging_mixin.py:188} INFO - [2024-01-01T16:33:46.743+0100] {dag.py:3820} INFO - Setting next_dagrun for example_external_task_marker_parent to None, run_after=None
[2024-01-01T16:33:46.772+0100] {processor.py:183} INFO - Processing /home/ubuntu/.local/lib/python3.10/site-packages/airflow/example_dags/example_external_task_marker_dag.py took 0.081 seconds
