[2024-01-01T15:42:57.683+0100] {processor.py:161} INFO - Started process (PID=8005) to work on /home/ubuntu/.local/lib/python3.10/site-packages/airflow/example_dags/example_datasets.py
[2024-01-01T15:42:57.685+0100] {processor.py:830} INFO - Processing file /home/ubuntu/.local/lib/python3.10/site-packages/airflow/example_dags/example_datasets.py for tasks to queue
[2024-01-01T15:42:57.687+0100] {logging_mixin.py:188} INFO - [2024-01-01T15:42:57.686+0100] {dagbag.py:538} INFO - Filling up the DagBag from /home/ubuntu/.local/lib/python3.10/site-packages/airflow/example_dags/example_datasets.py
[2024-01-01T15:42:57.702+0100] {processor.py:840} INFO - DAG(s) 'dataset_consumes_1_and_2', 'dataset_consumes_1_never_scheduled', 'dataset_consumes_unknown_never_scheduled', 'dataset_consumes_1', 'dataset_produces_2', 'dataset_produces_1' retrieved from /home/ubuntu/.local/lib/python3.10/site-packages/airflow/example_dags/example_datasets.py
[2024-01-01T15:42:57.789+0100] {logging_mixin.py:188} INFO - [2024-01-01T15:42:57.789+0100] {dag.py:3033} INFO - Sync 6 DAGs
[2024-01-01T15:42:57.801+0100] {logging_mixin.py:188} INFO - [2024-01-01T15:42:57.801+0100] {dag.py:3820} INFO - Setting next_dagrun for dataset_consumes_1 to None, run_after=None
[2024-01-01T15:42:57.802+0100] {logging_mixin.py:188} INFO - [2024-01-01T15:42:57.802+0100] {dag.py:3820} INFO - Setting next_dagrun for dataset_consumes_1_and_2 to None, run_after=None
[2024-01-01T15:42:57.803+0100] {logging_mixin.py:188} INFO - [2024-01-01T15:42:57.803+0100] {dag.py:3820} INFO - Setting next_dagrun for dataset_consumes_1_never_scheduled to None, run_after=None
[2024-01-01T15:42:57.803+0100] {logging_mixin.py:188} INFO - [2024-01-01T15:42:57.803+0100] {dag.py:3820} INFO - Setting next_dagrun for dataset_consumes_unknown_never_scheduled to None, run_after=None
[2024-01-01T15:42:57.805+0100] {logging_mixin.py:188} INFO - [2024-01-01T15:42:57.805+0100] {dag.py:3820} INFO - Setting next_dagrun for dataset_produces_1 to 2023-12-31T00:00:00+00:00, run_after=2024-01-01T00:00:00+00:00
[2024-01-01T15:42:57.805+0100] {logging_mixin.py:188} INFO - [2024-01-01T15:42:57.805+0100] {dag.py:3820} INFO - Setting next_dagrun for dataset_produces_2 to None, run_after=None
[2024-01-01T15:42:57.840+0100] {processor.py:183} INFO - Processing /home/ubuntu/.local/lib/python3.10/site-packages/airflow/example_dags/example_datasets.py took 0.166 seconds
[2024-01-01T15:43:46.327+0100] {processor.py:161} INFO - Started process (PID=8078) to work on /home/ubuntu/.local/lib/python3.10/site-packages/airflow/example_dags/example_datasets.py
[2024-01-01T15:43:46.337+0100] {processor.py:830} INFO - Processing file /home/ubuntu/.local/lib/python3.10/site-packages/airflow/example_dags/example_datasets.py for tasks to queue
[2024-01-01T15:43:46.339+0100] {logging_mixin.py:188} INFO - [2024-01-01T15:43:46.338+0100] {dagbag.py:538} INFO - Filling up the DagBag from /home/ubuntu/.local/lib/python3.10/site-packages/airflow/example_dags/example_datasets.py
[2024-01-01T15:43:46.361+0100] {processor.py:840} INFO - DAG(s) 'dataset_consumes_1_and_2', 'dataset_produces_2', 'dataset_produces_1', 'dataset_consumes_1_never_scheduled', 'dataset_consumes_unknown_never_scheduled', 'dataset_consumes_1' retrieved from /home/ubuntu/.local/lib/python3.10/site-packages/airflow/example_dags/example_datasets.py
[2024-01-01T15:43:46.393+0100] {logging_mixin.py:188} INFO - [2024-01-01T15:43:46.393+0100] {dag.py:3033} INFO - Sync 6 DAGs
[2024-01-01T15:43:46.406+0100] {logging_mixin.py:188} INFO - [2024-01-01T15:43:46.406+0100] {dag.py:3820} INFO - Setting next_dagrun for dataset_consumes_1 to None, run_after=None
[2024-01-01T15:43:46.408+0100] {logging_mixin.py:188} INFO - [2024-01-01T15:43:46.408+0100] {dag.py:3820} INFO - Setting next_dagrun for dataset_consumes_1_and_2 to None, run_after=None
[2024-01-01T15:43:46.409+0100] {logging_mixin.py:188} INFO - [2024-01-01T15:43:46.408+0100] {dag.py:3820} INFO - Setting next_dagrun for dataset_consumes_1_never_scheduled to None, run_after=None
[2024-01-01T15:43:46.409+0100] {logging_mixin.py:188} INFO - [2024-01-01T15:43:46.409+0100] {dag.py:3820} INFO - Setting next_dagrun for dataset_consumes_unknown_never_scheduled to None, run_after=None
[2024-01-01T15:43:46.411+0100] {logging_mixin.py:188} INFO - [2024-01-01T15:43:46.410+0100] {dag.py:3820} INFO - Setting next_dagrun for dataset_produces_1 to 2023-12-31T00:00:00+00:00, run_after=2024-01-01T00:00:00+00:00
[2024-01-01T15:43:46.411+0100] {logging_mixin.py:188} INFO - [2024-01-01T15:43:46.411+0100] {dag.py:3820} INFO - Setting next_dagrun for dataset_produces_2 to None, run_after=None
[2024-01-01T15:43:46.431+0100] {processor.py:183} INFO - Processing /home/ubuntu/.local/lib/python3.10/site-packages/airflow/example_dags/example_datasets.py took 0.107 seconds
[2024-01-01T15:44:40.716+0100] {processor.py:161} INFO - Started process (PID=8286) to work on /home/ubuntu/.local/lib/python3.10/site-packages/airflow/example_dags/example_datasets.py
[2024-01-01T15:44:40.719+0100] {processor.py:830} INFO - Processing file /home/ubuntu/.local/lib/python3.10/site-packages/airflow/example_dags/example_datasets.py for tasks to queue
[2024-01-01T15:44:40.721+0100] {logging_mixin.py:188} INFO - [2024-01-01T15:44:40.720+0100] {dagbag.py:538} INFO - Filling up the DagBag from /home/ubuntu/.local/lib/python3.10/site-packages/airflow/example_dags/example_datasets.py
[2024-01-01T15:44:40.740+0100] {processor.py:840} INFO - DAG(s) 'dataset_consumes_unknown_never_scheduled', 'dataset_consumes_1', 'dataset_consumes_1_never_scheduled', 'dataset_consumes_1_and_2', 'dataset_produces_2', 'dataset_produces_1' retrieved from /home/ubuntu/.local/lib/python3.10/site-packages/airflow/example_dags/example_datasets.py
[2024-01-01T15:44:40.765+0100] {logging_mixin.py:188} INFO - [2024-01-01T15:44:40.765+0100] {dag.py:3033} INFO - Sync 6 DAGs
[2024-01-01T15:44:40.778+0100] {logging_mixin.py:188} INFO - [2024-01-01T15:44:40.778+0100] {dag.py:3820} INFO - Setting next_dagrun for dataset_consumes_1 to None, run_after=None
[2024-01-01T15:44:40.780+0100] {logging_mixin.py:188} INFO - [2024-01-01T15:44:40.780+0100] {dag.py:3820} INFO - Setting next_dagrun for dataset_consumes_1_and_2 to None, run_after=None
[2024-01-01T15:44:40.780+0100] {logging_mixin.py:188} INFO - [2024-01-01T15:44:40.780+0100] {dag.py:3820} INFO - Setting next_dagrun for dataset_consumes_1_never_scheduled to None, run_after=None
[2024-01-01T15:44:40.781+0100] {logging_mixin.py:188} INFO - [2024-01-01T15:44:40.781+0100] {dag.py:3820} INFO - Setting next_dagrun for dataset_consumes_unknown_never_scheduled to None, run_after=None
[2024-01-01T15:44:40.782+0100] {logging_mixin.py:188} INFO - [2024-01-01T15:44:40.782+0100] {dag.py:3820} INFO - Setting next_dagrun for dataset_produces_1 to 2023-12-31T00:00:00+00:00, run_after=2024-01-01T00:00:00+00:00
[2024-01-01T15:44:40.783+0100] {logging_mixin.py:188} INFO - [2024-01-01T15:44:40.783+0100] {dag.py:3820} INFO - Setting next_dagrun for dataset_produces_2 to None, run_after=None
[2024-01-01T15:44:40.804+0100] {processor.py:183} INFO - Processing /home/ubuntu/.local/lib/python3.10/site-packages/airflow/example_dags/example_datasets.py took 0.095 seconds
[2024-01-01T15:46:23.402+0100] {processor.py:161} INFO - Started process (PID=8730) to work on /home/ubuntu/.local/lib/python3.10/site-packages/airflow/example_dags/example_datasets.py
[2024-01-01T15:46:23.407+0100] {processor.py:830} INFO - Processing file /home/ubuntu/.local/lib/python3.10/site-packages/airflow/example_dags/example_datasets.py for tasks to queue
[2024-01-01T15:46:23.411+0100] {logging_mixin.py:188} INFO - [2024-01-01T15:46:23.407+0100] {dagbag.py:538} INFO - Filling up the DagBag from /home/ubuntu/.local/lib/python3.10/site-packages/airflow/example_dags/example_datasets.py
[2024-01-01T15:46:23.450+0100] {processor.py:840} INFO - DAG(s) 'dataset_consumes_1', 'dataset_consumes_1_and_2', 'dataset_produces_1', 'dataset_produces_2', 'dataset_consumes_unknown_never_scheduled', 'dataset_consumes_1_never_scheduled' retrieved from /home/ubuntu/.local/lib/python3.10/site-packages/airflow/example_dags/example_datasets.py
[2024-01-01T15:46:23.498+0100] {logging_mixin.py:188} INFO - [2024-01-01T15:46:23.493+0100] {dag.py:3033} INFO - Sync 6 DAGs
[2024-01-01T15:46:23.530+0100] {logging_mixin.py:188} INFO - [2024-01-01T15:46:23.530+0100] {dag.py:3820} INFO - Setting next_dagrun for dataset_consumes_1 to None, run_after=None
[2024-01-01T15:46:23.535+0100] {logging_mixin.py:188} INFO - [2024-01-01T15:46:23.534+0100] {dag.py:3820} INFO - Setting next_dagrun for dataset_consumes_1_and_2 to None, run_after=None
[2024-01-01T15:46:23.536+0100] {logging_mixin.py:188} INFO - [2024-01-01T15:46:23.536+0100] {dag.py:3820} INFO - Setting next_dagrun for dataset_consumes_1_never_scheduled to None, run_after=None
[2024-01-01T15:46:23.537+0100] {logging_mixin.py:188} INFO - [2024-01-01T15:46:23.536+0100] {dag.py:3820} INFO - Setting next_dagrun for dataset_consumes_unknown_never_scheduled to None, run_after=None
[2024-01-01T15:46:23.541+0100] {logging_mixin.py:188} INFO - [2024-01-01T15:46:23.541+0100] {dag.py:3820} INFO - Setting next_dagrun for dataset_produces_1 to 2023-12-31T00:00:00+00:00, run_after=2024-01-01T00:00:00+00:00
[2024-01-01T15:46:23.542+0100] {logging_mixin.py:188} INFO - [2024-01-01T15:46:23.542+0100] {dag.py:3820} INFO - Setting next_dagrun for dataset_produces_2 to None, run_after=None
[2024-01-01T15:46:27.781+0100] {processor.py:183} INFO - Processing /home/ubuntu/.local/lib/python3.10/site-packages/airflow/example_dags/example_datasets.py took 4.381 seconds
[2024-01-01T16:09:34.305+0100] {processor.py:161} INFO - Started process (PID=4164) to work on /home/ubuntu/.local/lib/python3.10/site-packages/airflow/example_dags/example_datasets.py
[2024-01-01T16:09:34.317+0100] {processor.py:830} INFO - Processing file /home/ubuntu/.local/lib/python3.10/site-packages/airflow/example_dags/example_datasets.py for tasks to queue
[2024-01-01T16:09:34.319+0100] {logging_mixin.py:188} INFO - [2024-01-01T16:09:34.318+0100] {dagbag.py:538} INFO - Filling up the DagBag from /home/ubuntu/.local/lib/python3.10/site-packages/airflow/example_dags/example_datasets.py
[2024-01-01T16:09:34.330+0100] {processor.py:840} INFO - DAG(s) 'dataset_consumes_1_and_2', 'dataset_consumes_1', 'dataset_produces_1', 'dataset_consumes_unknown_never_scheduled', 'dataset_produces_2', 'dataset_consumes_1_never_scheduled' retrieved from /home/ubuntu/.local/lib/python3.10/site-packages/airflow/example_dags/example_datasets.py
[2024-01-01T16:09:34.411+0100] {logging_mixin.py:188} INFO - [2024-01-01T16:09:34.411+0100] {dag.py:3033} INFO - Sync 6 DAGs
[2024-01-01T16:09:34.422+0100] {logging_mixin.py:188} INFO - [2024-01-01T16:09:34.422+0100] {dag.py:3820} INFO - Setting next_dagrun for dataset_consumes_1 to None, run_after=None
[2024-01-01T16:09:34.424+0100] {logging_mixin.py:188} INFO - [2024-01-01T16:09:34.424+0100] {dag.py:3820} INFO - Setting next_dagrun for dataset_consumes_1_and_2 to None, run_after=None
[2024-01-01T16:09:34.425+0100] {logging_mixin.py:188} INFO - [2024-01-01T16:09:34.425+0100] {dag.py:3820} INFO - Setting next_dagrun for dataset_consumes_1_never_scheduled to None, run_after=None
[2024-01-01T16:09:34.425+0100] {logging_mixin.py:188} INFO - [2024-01-01T16:09:34.425+0100] {dag.py:3820} INFO - Setting next_dagrun for dataset_consumes_unknown_never_scheduled to None, run_after=None
[2024-01-01T16:09:34.427+0100] {logging_mixin.py:188} INFO - [2024-01-01T16:09:34.426+0100] {dag.py:3820} INFO - Setting next_dagrun for dataset_produces_1 to 2023-12-31T00:00:00+00:00, run_after=2024-01-01T00:00:00+00:00
[2024-01-01T16:09:34.427+0100] {logging_mixin.py:188} INFO - [2024-01-01T16:09:34.427+0100] {dag.py:3820} INFO - Setting next_dagrun for dataset_produces_2 to None, run_after=None
[2024-01-01T16:09:34.451+0100] {processor.py:183} INFO - Processing /home/ubuntu/.local/lib/python3.10/site-packages/airflow/example_dags/example_datasets.py took 0.151 seconds
[2024-01-01T16:10:26.524+0100] {processor.py:161} INFO - Started process (PID=4442) to work on /home/ubuntu/.local/lib/python3.10/site-packages/airflow/example_dags/example_datasets.py
[2024-01-01T16:10:26.535+0100] {processor.py:830} INFO - Processing file /home/ubuntu/.local/lib/python3.10/site-packages/airflow/example_dags/example_datasets.py for tasks to queue
[2024-01-01T16:10:26.536+0100] {logging_mixin.py:188} INFO - [2024-01-01T16:10:26.535+0100] {dagbag.py:538} INFO - Filling up the DagBag from /home/ubuntu/.local/lib/python3.10/site-packages/airflow/example_dags/example_datasets.py
[2024-01-01T16:10:26.543+0100] {processor.py:840} INFO - DAG(s) 'dataset_produces_1', 'dataset_produces_2', 'dataset_consumes_1_and_2', 'dataset_consumes_unknown_never_scheduled', 'dataset_consumes_1_never_scheduled', 'dataset_consumes_1' retrieved from /home/ubuntu/.local/lib/python3.10/site-packages/airflow/example_dags/example_datasets.py
[2024-01-01T16:10:26.563+0100] {logging_mixin.py:188} INFO - [2024-01-01T16:10:26.563+0100] {dag.py:3033} INFO - Sync 6 DAGs
[2024-01-01T16:10:26.578+0100] {logging_mixin.py:188} INFO - [2024-01-01T16:10:26.578+0100] {dag.py:3820} INFO - Setting next_dagrun for dataset_consumes_1 to None, run_after=None
[2024-01-01T16:10:26.581+0100] {logging_mixin.py:188} INFO - [2024-01-01T16:10:26.581+0100] {dag.py:3820} INFO - Setting next_dagrun for dataset_consumes_1_and_2 to None, run_after=None
[2024-01-01T16:10:26.582+0100] {logging_mixin.py:188} INFO - [2024-01-01T16:10:26.582+0100] {dag.py:3820} INFO - Setting next_dagrun for dataset_consumes_1_never_scheduled to None, run_after=None
[2024-01-01T16:10:26.583+0100] {logging_mixin.py:188} INFO - [2024-01-01T16:10:26.583+0100] {dag.py:3820} INFO - Setting next_dagrun for dataset_consumes_unknown_never_scheduled to None, run_after=None
[2024-01-01T16:10:26.585+0100] {logging_mixin.py:188} INFO - [2024-01-01T16:10:26.585+0100] {dag.py:3820} INFO - Setting next_dagrun for dataset_produces_1 to 2023-12-31T00:00:00+00:00, run_after=2024-01-01T00:00:00+00:00
[2024-01-01T16:10:26.587+0100] {logging_mixin.py:188} INFO - [2024-01-01T16:10:26.586+0100] {dag.py:3820} INFO - Setting next_dagrun for dataset_produces_2 to None, run_after=None
[2024-01-01T16:10:26.610+0100] {processor.py:183} INFO - Processing /home/ubuntu/.local/lib/python3.10/site-packages/airflow/example_dags/example_datasets.py took 0.088 seconds
[2024-01-01T16:11:23.380+0100] {processor.py:161} INFO - Started process (PID=4524) to work on /home/ubuntu/.local/lib/python3.10/site-packages/airflow/example_dags/example_datasets.py
[2024-01-01T16:11:23.392+0100] {processor.py:830} INFO - Processing file /home/ubuntu/.local/lib/python3.10/site-packages/airflow/example_dags/example_datasets.py for tasks to queue
[2024-01-01T16:11:23.394+0100] {logging_mixin.py:188} INFO - [2024-01-01T16:11:23.393+0100] {dagbag.py:538} INFO - Filling up the DagBag from /home/ubuntu/.local/lib/python3.10/site-packages/airflow/example_dags/example_datasets.py
[2024-01-01T16:11:23.416+0100] {processor.py:840} INFO - DAG(s) 'dataset_consumes_1', 'dataset_consumes_unknown_never_scheduled', 'dataset_produces_2', 'dataset_produces_1', 'dataset_consumes_1_and_2', 'dataset_consumes_1_never_scheduled' retrieved from /home/ubuntu/.local/lib/python3.10/site-packages/airflow/example_dags/example_datasets.py
[2024-01-01T16:11:23.442+0100] {logging_mixin.py:188} INFO - [2024-01-01T16:11:23.442+0100] {dag.py:3033} INFO - Sync 6 DAGs
[2024-01-01T16:11:23.454+0100] {logging_mixin.py:188} INFO - [2024-01-01T16:11:23.454+0100] {dag.py:3820} INFO - Setting next_dagrun for dataset_consumes_1 to None, run_after=None
[2024-01-01T16:11:23.456+0100] {logging_mixin.py:188} INFO - [2024-01-01T16:11:23.456+0100] {dag.py:3820} INFO - Setting next_dagrun for dataset_consumes_1_and_2 to None, run_after=None
[2024-01-01T16:11:23.456+0100] {logging_mixin.py:188} INFO - [2024-01-01T16:11:23.456+0100] {dag.py:3820} INFO - Setting next_dagrun for dataset_consumes_1_never_scheduled to None, run_after=None
[2024-01-01T16:11:23.457+0100] {logging_mixin.py:188} INFO - [2024-01-01T16:11:23.457+0100] {dag.py:3820} INFO - Setting next_dagrun for dataset_consumes_unknown_never_scheduled to None, run_after=None
[2024-01-01T16:11:23.458+0100] {logging_mixin.py:188} INFO - [2024-01-01T16:11:23.458+0100] {dag.py:3820} INFO - Setting next_dagrun for dataset_produces_1 to 2023-12-31T00:00:00+00:00, run_after=2024-01-01T00:00:00+00:00
[2024-01-01T16:11:23.459+0100] {logging_mixin.py:188} INFO - [2024-01-01T16:11:23.459+0100] {dag.py:3820} INFO - Setting next_dagrun for dataset_produces_2 to None, run_after=None
[2024-01-01T16:11:23.487+0100] {processor.py:183} INFO - Processing /home/ubuntu/.local/lib/python3.10/site-packages/airflow/example_dags/example_datasets.py took 0.115 seconds
[2024-01-01T16:12:14.639+0100] {processor.py:161} INFO - Started process (PID=4712) to work on /home/ubuntu/.local/lib/python3.10/site-packages/airflow/example_dags/example_datasets.py
[2024-01-01T16:12:14.650+0100] {processor.py:830} INFO - Processing file /home/ubuntu/.local/lib/python3.10/site-packages/airflow/example_dags/example_datasets.py for tasks to queue
[2024-01-01T16:12:14.651+0100] {logging_mixin.py:188} INFO - [2024-01-01T16:12:14.650+0100] {dagbag.py:538} INFO - Filling up the DagBag from /home/ubuntu/.local/lib/python3.10/site-packages/airflow/example_dags/example_datasets.py
[2024-01-01T16:12:14.662+0100] {processor.py:840} INFO - DAG(s) 'dataset_consumes_1_and_2', 'dataset_produces_2', 'dataset_consumes_1', 'dataset_consumes_1_never_scheduled', 'dataset_produces_1', 'dataset_consumes_unknown_never_scheduled' retrieved from /home/ubuntu/.local/lib/python3.10/site-packages/airflow/example_dags/example_datasets.py
[2024-01-01T16:12:14.684+0100] {logging_mixin.py:188} INFO - [2024-01-01T16:12:14.684+0100] {dag.py:3033} INFO - Sync 6 DAGs
[2024-01-01T16:12:14.697+0100] {logging_mixin.py:188} INFO - [2024-01-01T16:12:14.697+0100] {dag.py:3820} INFO - Setting next_dagrun for dataset_consumes_1 to None, run_after=None
[2024-01-01T16:12:14.699+0100] {logging_mixin.py:188} INFO - [2024-01-01T16:12:14.699+0100] {dag.py:3820} INFO - Setting next_dagrun for dataset_consumes_1_and_2 to None, run_after=None
[2024-01-01T16:12:14.700+0100] {logging_mixin.py:188} INFO - [2024-01-01T16:12:14.700+0100] {dag.py:3820} INFO - Setting next_dagrun for dataset_consumes_1_never_scheduled to None, run_after=None
[2024-01-01T16:12:14.700+0100] {logging_mixin.py:188} INFO - [2024-01-01T16:12:14.700+0100] {dag.py:3820} INFO - Setting next_dagrun for dataset_consumes_unknown_never_scheduled to None, run_after=None
[2024-01-01T16:12:14.702+0100] {logging_mixin.py:188} INFO - [2024-01-01T16:12:14.702+0100] {dag.py:3820} INFO - Setting next_dagrun for dataset_produces_1 to 2023-12-31T00:00:00+00:00, run_after=2024-01-01T00:00:00+00:00
[2024-01-01T16:12:14.702+0100] {logging_mixin.py:188} INFO - [2024-01-01T16:12:14.702+0100] {dag.py:3820} INFO - Setting next_dagrun for dataset_produces_2 to None, run_after=None
[2024-01-01T16:12:14.723+0100] {processor.py:183} INFO - Processing /home/ubuntu/.local/lib/python3.10/site-packages/airflow/example_dags/example_datasets.py took 0.089 seconds
[2024-01-01T16:13:10.689+0100] {processor.py:161} INFO - Started process (PID=4806) to work on /home/ubuntu/.local/lib/python3.10/site-packages/airflow/example_dags/example_datasets.py
[2024-01-01T16:13:10.699+0100] {processor.py:830} INFO - Processing file /home/ubuntu/.local/lib/python3.10/site-packages/airflow/example_dags/example_datasets.py for tasks to queue
[2024-01-01T16:13:10.700+0100] {logging_mixin.py:188} INFO - [2024-01-01T16:13:10.699+0100] {dagbag.py:538} INFO - Filling up the DagBag from /home/ubuntu/.local/lib/python3.10/site-packages/airflow/example_dags/example_datasets.py
[2024-01-01T16:13:10.706+0100] {processor.py:840} INFO - DAG(s) 'dataset_consumes_unknown_never_scheduled', 'dataset_consumes_1_never_scheduled', 'dataset_produces_1', 'dataset_consumes_1_and_2', 'dataset_produces_2', 'dataset_consumes_1' retrieved from /home/ubuntu/.local/lib/python3.10/site-packages/airflow/example_dags/example_datasets.py
[2024-01-01T16:13:10.725+0100] {logging_mixin.py:188} INFO - [2024-01-01T16:13:10.725+0100] {dag.py:3033} INFO - Sync 6 DAGs
[2024-01-01T16:13:10.737+0100] {logging_mixin.py:188} INFO - [2024-01-01T16:13:10.737+0100] {dag.py:3820} INFO - Setting next_dagrun for dataset_consumes_1 to None, run_after=None
[2024-01-01T16:13:10.739+0100] {logging_mixin.py:188} INFO - [2024-01-01T16:13:10.739+0100] {dag.py:3820} INFO - Setting next_dagrun for dataset_consumes_1_and_2 to None, run_after=None
[2024-01-01T16:13:10.740+0100] {logging_mixin.py:188} INFO - [2024-01-01T16:13:10.740+0100] {dag.py:3820} INFO - Setting next_dagrun for dataset_consumes_1_never_scheduled to None, run_after=None
[2024-01-01T16:13:10.740+0100] {logging_mixin.py:188} INFO - [2024-01-01T16:13:10.740+0100] {dag.py:3820} INFO - Setting next_dagrun for dataset_consumes_unknown_never_scheduled to None, run_after=None
[2024-01-01T16:13:10.742+0100] {logging_mixin.py:188} INFO - [2024-01-01T16:13:10.742+0100] {dag.py:3820} INFO - Setting next_dagrun for dataset_produces_1 to 2023-12-31T00:00:00+00:00, run_after=2024-01-01T00:00:00+00:00
[2024-01-01T16:13:10.742+0100] {logging_mixin.py:188} INFO - [2024-01-01T16:13:10.742+0100] {dag.py:3820} INFO - Setting next_dagrun for dataset_produces_2 to None, run_after=None
[2024-01-01T16:13:10.769+0100] {processor.py:183} INFO - Processing /home/ubuntu/.local/lib/python3.10/site-packages/airflow/example_dags/example_datasets.py took 0.082 seconds
[2024-01-01T16:14:07.209+0100] {processor.py:161} INFO - Started process (PID=4881) to work on /home/ubuntu/.local/lib/python3.10/site-packages/airflow/example_dags/example_datasets.py
[2024-01-01T16:14:07.219+0100] {processor.py:830} INFO - Processing file /home/ubuntu/.local/lib/python3.10/site-packages/airflow/example_dags/example_datasets.py for tasks to queue
[2024-01-01T16:14:07.220+0100] {logging_mixin.py:188} INFO - [2024-01-01T16:14:07.220+0100] {dagbag.py:538} INFO - Filling up the DagBag from /home/ubuntu/.local/lib/python3.10/site-packages/airflow/example_dags/example_datasets.py
[2024-01-01T16:14:07.225+0100] {processor.py:840} INFO - DAG(s) 'dataset_produces_1', 'dataset_consumes_1_never_scheduled', 'dataset_consumes_unknown_never_scheduled', 'dataset_produces_2', 'dataset_consumes_1_and_2', 'dataset_consumes_1' retrieved from /home/ubuntu/.local/lib/python3.10/site-packages/airflow/example_dags/example_datasets.py
[2024-01-01T16:14:07.241+0100] {logging_mixin.py:188} INFO - [2024-01-01T16:14:07.241+0100] {dag.py:3033} INFO - Sync 6 DAGs
[2024-01-01T16:14:07.252+0100] {logging_mixin.py:188} INFO - [2024-01-01T16:14:07.252+0100] {dag.py:3820} INFO - Setting next_dagrun for dataset_consumes_1 to None, run_after=None
[2024-01-01T16:14:07.254+0100] {logging_mixin.py:188} INFO - [2024-01-01T16:14:07.254+0100] {dag.py:3820} INFO - Setting next_dagrun for dataset_consumes_1_and_2 to None, run_after=None
[2024-01-01T16:14:07.254+0100] {logging_mixin.py:188} INFO - [2024-01-01T16:14:07.254+0100] {dag.py:3820} INFO - Setting next_dagrun for dataset_consumes_1_never_scheduled to None, run_after=None
[2024-01-01T16:14:07.255+0100] {logging_mixin.py:188} INFO - [2024-01-01T16:14:07.255+0100] {dag.py:3820} INFO - Setting next_dagrun for dataset_consumes_unknown_never_scheduled to None, run_after=None
[2024-01-01T16:14:07.256+0100] {logging_mixin.py:188} INFO - [2024-01-01T16:14:07.256+0100] {dag.py:3820} INFO - Setting next_dagrun for dataset_produces_1 to 2023-12-31T00:00:00+00:00, run_after=2024-01-01T00:00:00+00:00
[2024-01-01T16:14:07.257+0100] {logging_mixin.py:188} INFO - [2024-01-01T16:14:07.257+0100] {dag.py:3820} INFO - Setting next_dagrun for dataset_produces_2 to None, run_after=None
[2024-01-01T16:14:07.278+0100] {processor.py:183} INFO - Processing /home/ubuntu/.local/lib/python3.10/site-packages/airflow/example_dags/example_datasets.py took 0.071 seconds
[2024-01-01T16:15:00.419+0100] {processor.py:161} INFO - Started process (PID=5003) to work on /home/ubuntu/.local/lib/python3.10/site-packages/airflow/example_dags/example_datasets.py
[2024-01-01T16:15:00.420+0100] {processor.py:830} INFO - Processing file /home/ubuntu/.local/lib/python3.10/site-packages/airflow/example_dags/example_datasets.py for tasks to queue
[2024-01-01T16:15:00.420+0100] {logging_mixin.py:188} INFO - [2024-01-01T16:15:00.420+0100] {dagbag.py:538} INFO - Filling up the DagBag from /home/ubuntu/.local/lib/python3.10/site-packages/airflow/example_dags/example_datasets.py
[2024-01-01T16:15:00.426+0100] {processor.py:840} INFO - DAG(s) 'dataset_consumes_1_and_2', 'dataset_produces_2', 'dataset_consumes_1', 'dataset_consumes_unknown_never_scheduled', 'dataset_produces_1', 'dataset_consumes_1_never_scheduled' retrieved from /home/ubuntu/.local/lib/python3.10/site-packages/airflow/example_dags/example_datasets.py
[2024-01-01T16:15:00.443+0100] {logging_mixin.py:188} INFO - [2024-01-01T16:15:00.443+0100] {dag.py:3033} INFO - Sync 6 DAGs
[2024-01-01T16:15:00.456+0100] {logging_mixin.py:188} INFO - [2024-01-01T16:15:00.456+0100] {dag.py:3820} INFO - Setting next_dagrun for dataset_consumes_1 to None, run_after=None
[2024-01-01T16:15:00.458+0100] {logging_mixin.py:188} INFO - [2024-01-01T16:15:00.458+0100] {dag.py:3820} INFO - Setting next_dagrun for dataset_consumes_1_and_2 to None, run_after=None
[2024-01-01T16:15:00.458+0100] {logging_mixin.py:188} INFO - [2024-01-01T16:15:00.458+0100] {dag.py:3820} INFO - Setting next_dagrun for dataset_consumes_1_never_scheduled to None, run_after=None
[2024-01-01T16:15:00.459+0100] {logging_mixin.py:188} INFO - [2024-01-01T16:15:00.459+0100] {dag.py:3820} INFO - Setting next_dagrun for dataset_consumes_unknown_never_scheduled to None, run_after=None
[2024-01-01T16:15:00.460+0100] {logging_mixin.py:188} INFO - [2024-01-01T16:15:00.460+0100] {dag.py:3820} INFO - Setting next_dagrun for dataset_produces_1 to 2023-12-31T00:00:00+00:00, run_after=2024-01-01T00:00:00+00:00
[2024-01-01T16:15:00.461+0100] {logging_mixin.py:188} INFO - [2024-01-01T16:15:00.461+0100] {dag.py:3820} INFO - Setting next_dagrun for dataset_produces_2 to None, run_after=None
[2024-01-01T16:15:00.481+0100] {processor.py:183} INFO - Processing /home/ubuntu/.local/lib/python3.10/site-packages/airflow/example_dags/example_datasets.py took 0.064 seconds
[2024-01-01T16:15:50.276+0100] {processor.py:161} INFO - Started process (PID=5122) to work on /home/ubuntu/.local/lib/python3.10/site-packages/airflow/example_dags/example_datasets.py
[2024-01-01T16:15:50.278+0100] {processor.py:830} INFO - Processing file /home/ubuntu/.local/lib/python3.10/site-packages/airflow/example_dags/example_datasets.py for tasks to queue
[2024-01-01T16:15:50.279+0100] {logging_mixin.py:188} INFO - [2024-01-01T16:15:50.278+0100] {dagbag.py:538} INFO - Filling up the DagBag from /home/ubuntu/.local/lib/python3.10/site-packages/airflow/example_dags/example_datasets.py
[2024-01-01T16:15:50.288+0100] {processor.py:840} INFO - DAG(s) 'dataset_produces_2', 'dataset_consumes_1_and_2', 'dataset_consumes_1', 'dataset_consumes_1_never_scheduled', 'dataset_consumes_unknown_never_scheduled', 'dataset_produces_1' retrieved from /home/ubuntu/.local/lib/python3.10/site-packages/airflow/example_dags/example_datasets.py
[2024-01-01T16:15:50.322+0100] {logging_mixin.py:188} INFO - [2024-01-01T16:15:50.321+0100] {dag.py:3033} INFO - Sync 6 DAGs
[2024-01-01T16:15:50.347+0100] {logging_mixin.py:188} INFO - [2024-01-01T16:15:50.346+0100] {dag.py:3820} INFO - Setting next_dagrun for dataset_consumes_1 to None, run_after=None
[2024-01-01T16:15:50.349+0100] {logging_mixin.py:188} INFO - [2024-01-01T16:15:50.349+0100] {dag.py:3820} INFO - Setting next_dagrun for dataset_consumes_1_and_2 to None, run_after=None
[2024-01-01T16:15:50.349+0100] {logging_mixin.py:188} INFO - [2024-01-01T16:15:50.349+0100] {dag.py:3820} INFO - Setting next_dagrun for dataset_consumes_1_never_scheduled to None, run_after=None
[2024-01-01T16:15:50.350+0100] {logging_mixin.py:188} INFO - [2024-01-01T16:15:50.350+0100] {dag.py:3820} INFO - Setting next_dagrun for dataset_consumes_unknown_never_scheduled to None, run_after=None
[2024-01-01T16:15:50.352+0100] {logging_mixin.py:188} INFO - [2024-01-01T16:15:50.351+0100] {dag.py:3820} INFO - Setting next_dagrun for dataset_produces_1 to 2023-12-31T00:00:00+00:00, run_after=2024-01-01T00:00:00+00:00
[2024-01-01T16:15:50.352+0100] {logging_mixin.py:188} INFO - [2024-01-01T16:15:50.352+0100] {dag.py:3820} INFO - Setting next_dagrun for dataset_produces_2 to None, run_after=None
[2024-01-01T16:15:50.382+0100] {processor.py:183} INFO - Processing /home/ubuntu/.local/lib/python3.10/site-packages/airflow/example_dags/example_datasets.py took 0.108 seconds
[2024-01-01T16:16:48.405+0100] {processor.py:161} INFO - Started process (PID=5225) to work on /home/ubuntu/.local/lib/python3.10/site-packages/airflow/example_dags/example_datasets.py
[2024-01-01T16:16:48.415+0100] {processor.py:830} INFO - Processing file /home/ubuntu/.local/lib/python3.10/site-packages/airflow/example_dags/example_datasets.py for tasks to queue
[2024-01-01T16:16:48.415+0100] {logging_mixin.py:188} INFO - [2024-01-01T16:16:48.415+0100] {dagbag.py:538} INFO - Filling up the DagBag from /home/ubuntu/.local/lib/python3.10/site-packages/airflow/example_dags/example_datasets.py
[2024-01-01T16:16:48.421+0100] {processor.py:840} INFO - DAG(s) 'dataset_produces_1', 'dataset_consumes_1_and_2', 'dataset_consumes_1', 'dataset_produces_2', 'dataset_consumes_1_never_scheduled', 'dataset_consumes_unknown_never_scheduled' retrieved from /home/ubuntu/.local/lib/python3.10/site-packages/airflow/example_dags/example_datasets.py
[2024-01-01T16:16:48.437+0100] {logging_mixin.py:188} INFO - [2024-01-01T16:16:48.437+0100] {dag.py:3033} INFO - Sync 6 DAGs
[2024-01-01T16:16:48.449+0100] {logging_mixin.py:188} INFO - [2024-01-01T16:16:48.449+0100] {dag.py:3820} INFO - Setting next_dagrun for dataset_consumes_1 to None, run_after=None
[2024-01-01T16:16:48.451+0100] {logging_mixin.py:188} INFO - [2024-01-01T16:16:48.451+0100] {dag.py:3820} INFO - Setting next_dagrun for dataset_consumes_1_and_2 to None, run_after=None
[2024-01-01T16:16:48.451+0100] {logging_mixin.py:188} INFO - [2024-01-01T16:16:48.451+0100] {dag.py:3820} INFO - Setting next_dagrun for dataset_consumes_1_never_scheduled to None, run_after=None
[2024-01-01T16:16:48.452+0100] {logging_mixin.py:188} INFO - [2024-01-01T16:16:48.452+0100] {dag.py:3820} INFO - Setting next_dagrun for dataset_consumes_unknown_never_scheduled to None, run_after=None
[2024-01-01T16:16:48.453+0100] {logging_mixin.py:188} INFO - [2024-01-01T16:16:48.453+0100] {dag.py:3820} INFO - Setting next_dagrun for dataset_produces_1 to 2023-12-31T00:00:00+00:00, run_after=2024-01-01T00:00:00+00:00
[2024-01-01T16:16:48.454+0100] {logging_mixin.py:188} INFO - [2024-01-01T16:16:48.454+0100] {dag.py:3820} INFO - Setting next_dagrun for dataset_produces_2 to None, run_after=None
[2024-01-01T16:16:48.474+0100] {processor.py:183} INFO - Processing /home/ubuntu/.local/lib/python3.10/site-packages/airflow/example_dags/example_datasets.py took 0.071 seconds
[2024-01-01T16:17:42.577+0100] {processor.py:161} INFO - Started process (PID=5299) to work on /home/ubuntu/.local/lib/python3.10/site-packages/airflow/example_dags/example_datasets.py
[2024-01-01T16:17:42.587+0100] {processor.py:830} INFO - Processing file /home/ubuntu/.local/lib/python3.10/site-packages/airflow/example_dags/example_datasets.py for tasks to queue
[2024-01-01T16:17:42.588+0100] {logging_mixin.py:188} INFO - [2024-01-01T16:17:42.588+0100] {dagbag.py:538} INFO - Filling up the DagBag from /home/ubuntu/.local/lib/python3.10/site-packages/airflow/example_dags/example_datasets.py
[2024-01-01T16:17:42.610+0100] {processor.py:840} INFO - DAG(s) 'dataset_consumes_unknown_never_scheduled', 'dataset_produces_2', 'dataset_consumes_1', 'dataset_consumes_1_and_2', 'dataset_produces_1', 'dataset_consumes_1_never_scheduled' retrieved from /home/ubuntu/.local/lib/python3.10/site-packages/airflow/example_dags/example_datasets.py
[2024-01-01T16:17:42.642+0100] {logging_mixin.py:188} INFO - [2024-01-01T16:17:42.642+0100] {dag.py:3033} INFO - Sync 6 DAGs
[2024-01-01T16:17:42.655+0100] {logging_mixin.py:188} INFO - [2024-01-01T16:17:42.655+0100] {dag.py:3820} INFO - Setting next_dagrun for dataset_consumes_1 to None, run_after=None
[2024-01-01T16:17:42.657+0100] {logging_mixin.py:188} INFO - [2024-01-01T16:17:42.657+0100] {dag.py:3820} INFO - Setting next_dagrun for dataset_consumes_1_and_2 to None, run_after=None
[2024-01-01T16:17:42.657+0100] {logging_mixin.py:188} INFO - [2024-01-01T16:17:42.657+0100] {dag.py:3820} INFO - Setting next_dagrun for dataset_consumes_1_never_scheduled to None, run_after=None
[2024-01-01T16:17:42.658+0100] {logging_mixin.py:188} INFO - [2024-01-01T16:17:42.658+0100] {dag.py:3820} INFO - Setting next_dagrun for dataset_consumes_unknown_never_scheduled to None, run_after=None
[2024-01-01T16:17:42.659+0100] {logging_mixin.py:188} INFO - [2024-01-01T16:17:42.659+0100] {dag.py:3820} INFO - Setting next_dagrun for dataset_produces_1 to 2023-12-31T00:00:00+00:00, run_after=2024-01-01T00:00:00+00:00
[2024-01-01T16:17:42.660+0100] {logging_mixin.py:188} INFO - [2024-01-01T16:17:42.660+0100] {dag.py:3820} INFO - Setting next_dagrun for dataset_produces_2 to None, run_after=None
[2024-01-01T16:17:42.682+0100] {processor.py:183} INFO - Processing /home/ubuntu/.local/lib/python3.10/site-packages/airflow/example_dags/example_datasets.py took 0.107 seconds
[2024-01-01T16:18:34.949+0100] {processor.py:161} INFO - Started process (PID=5364) to work on /home/ubuntu/.local/lib/python3.10/site-packages/airflow/example_dags/example_datasets.py
[2024-01-01T16:18:34.959+0100] {processor.py:830} INFO - Processing file /home/ubuntu/.local/lib/python3.10/site-packages/airflow/example_dags/example_datasets.py for tasks to queue
[2024-01-01T16:18:34.960+0100] {logging_mixin.py:188} INFO - [2024-01-01T16:18:34.960+0100] {dagbag.py:538} INFO - Filling up the DagBag from /home/ubuntu/.local/lib/python3.10/site-packages/airflow/example_dags/example_datasets.py
[2024-01-01T16:18:34.965+0100] {processor.py:840} INFO - DAG(s) 'dataset_consumes_1_never_scheduled', 'dataset_consumes_1_and_2', 'dataset_produces_1', 'dataset_produces_2', 'dataset_consumes_unknown_never_scheduled', 'dataset_consumes_1' retrieved from /home/ubuntu/.local/lib/python3.10/site-packages/airflow/example_dags/example_datasets.py
[2024-01-01T16:18:34.981+0100] {logging_mixin.py:188} INFO - [2024-01-01T16:18:34.981+0100] {dag.py:3033} INFO - Sync 6 DAGs
[2024-01-01T16:18:34.993+0100] {logging_mixin.py:188} INFO - [2024-01-01T16:18:34.993+0100] {dag.py:3820} INFO - Setting next_dagrun for dataset_consumes_1 to None, run_after=None
[2024-01-01T16:18:34.995+0100] {logging_mixin.py:188} INFO - [2024-01-01T16:18:34.994+0100] {dag.py:3820} INFO - Setting next_dagrun for dataset_consumes_1_and_2 to None, run_after=None
[2024-01-01T16:18:34.995+0100] {logging_mixin.py:188} INFO - [2024-01-01T16:18:34.995+0100] {dag.py:3820} INFO - Setting next_dagrun for dataset_consumes_1_never_scheduled to None, run_after=None
[2024-01-01T16:18:34.995+0100] {logging_mixin.py:188} INFO - [2024-01-01T16:18:34.995+0100] {dag.py:3820} INFO - Setting next_dagrun for dataset_consumes_unknown_never_scheduled to None, run_after=None
[2024-01-01T16:18:34.997+0100] {logging_mixin.py:188} INFO - [2024-01-01T16:18:34.997+0100] {dag.py:3820} INFO - Setting next_dagrun for dataset_produces_1 to 2023-12-31T00:00:00+00:00, run_after=2024-01-01T00:00:00+00:00
[2024-01-01T16:18:34.997+0100] {logging_mixin.py:188} INFO - [2024-01-01T16:18:34.997+0100] {dag.py:3820} INFO - Setting next_dagrun for dataset_produces_2 to None, run_after=None
[2024-01-01T16:18:35.022+0100] {processor.py:183} INFO - Processing /home/ubuntu/.local/lib/python3.10/site-packages/airflow/example_dags/example_datasets.py took 0.075 seconds
[2024-01-01T16:20:21.031+0100] {processor.py:161} INFO - Started process (PID=5626) to work on /home/ubuntu/.local/lib/python3.10/site-packages/airflow/example_dags/example_datasets.py
[2024-01-01T16:20:21.032+0100] {processor.py:830} INFO - Processing file /home/ubuntu/.local/lib/python3.10/site-packages/airflow/example_dags/example_datasets.py for tasks to queue
[2024-01-01T16:20:21.033+0100] {logging_mixin.py:188} INFO - [2024-01-01T16:20:21.033+0100] {dagbag.py:538} INFO - Filling up the DagBag from /home/ubuntu/.local/lib/python3.10/site-packages/airflow/example_dags/example_datasets.py
[2024-01-01T16:20:21.042+0100] {processor.py:840} INFO - DAG(s) 'dataset_consumes_1_and_2', 'dataset_produces_1', 'dataset_consumes_unknown_never_scheduled', 'dataset_consumes_1', 'dataset_consumes_1_never_scheduled', 'dataset_produces_2' retrieved from /home/ubuntu/.local/lib/python3.10/site-packages/airflow/example_dags/example_datasets.py
[2024-01-01T16:20:21.158+0100] {logging_mixin.py:188} INFO - [2024-01-01T16:20:21.158+0100] {dag.py:3033} INFO - Sync 6 DAGs
[2024-01-01T16:20:21.171+0100] {logging_mixin.py:188} INFO - [2024-01-01T16:20:21.171+0100] {dag.py:3820} INFO - Setting next_dagrun for dataset_consumes_1 to None, run_after=None
[2024-01-01T16:20:21.173+0100] {logging_mixin.py:188} INFO - [2024-01-01T16:20:21.173+0100] {dag.py:3820} INFO - Setting next_dagrun for dataset_consumes_1_and_2 to None, run_after=None
[2024-01-01T16:20:21.173+0100] {logging_mixin.py:188} INFO - [2024-01-01T16:20:21.173+0100] {dag.py:3820} INFO - Setting next_dagrun for dataset_consumes_1_never_scheduled to None, run_after=None
[2024-01-01T16:20:21.174+0100] {logging_mixin.py:188} INFO - [2024-01-01T16:20:21.174+0100] {dag.py:3820} INFO - Setting next_dagrun for dataset_consumes_unknown_never_scheduled to None, run_after=None
[2024-01-01T16:20:21.176+0100] {logging_mixin.py:188} INFO - [2024-01-01T16:20:21.175+0100] {dag.py:3820} INFO - Setting next_dagrun for dataset_produces_1 to 2023-12-31T00:00:00+00:00, run_after=2024-01-01T00:00:00+00:00
[2024-01-01T16:20:21.176+0100] {logging_mixin.py:188} INFO - [2024-01-01T16:20:21.176+0100] {dag.py:3820} INFO - Setting next_dagrun for dataset_produces_2 to None, run_after=None
[2024-01-01T16:20:21.198+0100] {processor.py:183} INFO - Processing /home/ubuntu/.local/lib/python3.10/site-packages/airflow/example_dags/example_datasets.py took 0.169 seconds
[2024-01-01T16:21:13.943+0100] {processor.py:161} INFO - Started process (PID=5830) to work on /home/ubuntu/.local/lib/python3.10/site-packages/airflow/example_dags/example_datasets.py
[2024-01-01T16:21:13.954+0100] {processor.py:830} INFO - Processing file /home/ubuntu/.local/lib/python3.10/site-packages/airflow/example_dags/example_datasets.py for tasks to queue
[2024-01-01T16:21:13.955+0100] {logging_mixin.py:188} INFO - [2024-01-01T16:21:13.954+0100] {dagbag.py:538} INFO - Filling up the DagBag from /home/ubuntu/.local/lib/python3.10/site-packages/airflow/example_dags/example_datasets.py
[2024-01-01T16:21:13.964+0100] {processor.py:840} INFO - DAG(s) 'dataset_consumes_1_never_scheduled', 'dataset_consumes_1', 'dataset_produces_1', 'dataset_consumes_unknown_never_scheduled', 'dataset_consumes_1_and_2', 'dataset_produces_2' retrieved from /home/ubuntu/.local/lib/python3.10/site-packages/airflow/example_dags/example_datasets.py
[2024-01-01T16:21:13.983+0100] {logging_mixin.py:188} INFO - [2024-01-01T16:21:13.983+0100] {dag.py:3033} INFO - Sync 6 DAGs
[2024-01-01T16:21:13.995+0100] {logging_mixin.py:188} INFO - [2024-01-01T16:21:13.995+0100] {dag.py:3820} INFO - Setting next_dagrun for dataset_consumes_1 to None, run_after=None
[2024-01-01T16:21:13.996+0100] {logging_mixin.py:188} INFO - [2024-01-01T16:21:13.996+0100] {dag.py:3820} INFO - Setting next_dagrun for dataset_consumes_1_and_2 to None, run_after=None
[2024-01-01T16:21:13.997+0100] {logging_mixin.py:188} INFO - [2024-01-01T16:21:13.997+0100] {dag.py:3820} INFO - Setting next_dagrun for dataset_consumes_1_never_scheduled to None, run_after=None
[2024-01-01T16:21:13.997+0100] {logging_mixin.py:188} INFO - [2024-01-01T16:21:13.997+0100] {dag.py:3820} INFO - Setting next_dagrun for dataset_consumes_unknown_never_scheduled to None, run_after=None
[2024-01-01T16:21:13.999+0100] {logging_mixin.py:188} INFO - [2024-01-01T16:21:13.999+0100] {dag.py:3820} INFO - Setting next_dagrun for dataset_produces_1 to 2023-12-31T00:00:00+00:00, run_after=2024-01-01T00:00:00+00:00
[2024-01-01T16:21:14.000+0100] {logging_mixin.py:188} INFO - [2024-01-01T16:21:14.000+0100] {dag.py:3820} INFO - Setting next_dagrun for dataset_produces_2 to None, run_after=None
[2024-01-01T16:21:14.021+0100] {processor.py:183} INFO - Processing /home/ubuntu/.local/lib/python3.10/site-packages/airflow/example_dags/example_datasets.py took 0.081 seconds
[2024-01-01T16:23:36.684+0100] {processor.py:161} INFO - Started process (PID=5981) to work on /home/ubuntu/.local/lib/python3.10/site-packages/airflow/example_dags/example_datasets.py
[2024-01-01T16:23:36.685+0100] {processor.py:830} INFO - Processing file /home/ubuntu/.local/lib/python3.10/site-packages/airflow/example_dags/example_datasets.py for tasks to queue
[2024-01-01T16:23:36.686+0100] {logging_mixin.py:188} INFO - [2024-01-01T16:23:36.686+0100] {dagbag.py:538} INFO - Filling up the DagBag from /home/ubuntu/.local/lib/python3.10/site-packages/airflow/example_dags/example_datasets.py
[2024-01-01T16:23:36.692+0100] {processor.py:840} INFO - DAG(s) 'dataset_produces_1', 'dataset_consumes_1_and_2', 'dataset_produces_2', 'dataset_consumes_unknown_never_scheduled', 'dataset_consumes_1_never_scheduled', 'dataset_consumes_1' retrieved from /home/ubuntu/.local/lib/python3.10/site-packages/airflow/example_dags/example_datasets.py
[2024-01-01T16:23:36.798+0100] {logging_mixin.py:188} INFO - [2024-01-01T16:23:36.798+0100] {dag.py:3033} INFO - Sync 6 DAGs
[2024-01-01T16:23:36.811+0100] {logging_mixin.py:188} INFO - [2024-01-01T16:23:36.810+0100] {dag.py:3820} INFO - Setting next_dagrun for dataset_consumes_1 to None, run_after=None
[2024-01-01T16:23:36.812+0100] {logging_mixin.py:188} INFO - [2024-01-01T16:23:36.812+0100] {dag.py:3820} INFO - Setting next_dagrun for dataset_consumes_1_and_2 to None, run_after=None
[2024-01-01T16:23:36.813+0100] {logging_mixin.py:188} INFO - [2024-01-01T16:23:36.813+0100] {dag.py:3820} INFO - Setting next_dagrun for dataset_consumes_1_never_scheduled to None, run_after=None
[2024-01-01T16:23:36.813+0100] {logging_mixin.py:188} INFO - [2024-01-01T16:23:36.813+0100] {dag.py:3820} INFO - Setting next_dagrun for dataset_consumes_unknown_never_scheduled to None, run_after=None
[2024-01-01T16:23:36.815+0100] {logging_mixin.py:188} INFO - [2024-01-01T16:23:36.815+0100] {dag.py:3820} INFO - Setting next_dagrun for dataset_produces_1 to 2023-12-31T00:00:00+00:00, run_after=2024-01-01T00:00:00+00:00
[2024-01-01T16:23:36.816+0100] {logging_mixin.py:188} INFO - [2024-01-01T16:23:36.816+0100] {dag.py:3820} INFO - Setting next_dagrun for dataset_produces_2 to None, run_after=None
[2024-01-01T16:23:36.845+0100] {processor.py:183} INFO - Processing /home/ubuntu/.local/lib/python3.10/site-packages/airflow/example_dags/example_datasets.py took 0.164 seconds
[2024-01-01T16:24:34.718+0100] {processor.py:161} INFO - Started process (PID=6050) to work on /home/ubuntu/.local/lib/python3.10/site-packages/airflow/example_dags/example_datasets.py
[2024-01-01T16:24:34.728+0100] {processor.py:830} INFO - Processing file /home/ubuntu/.local/lib/python3.10/site-packages/airflow/example_dags/example_datasets.py for tasks to queue
[2024-01-01T16:24:34.728+0100] {logging_mixin.py:188} INFO - [2024-01-01T16:24:34.728+0100] {dagbag.py:538} INFO - Filling up the DagBag from /home/ubuntu/.local/lib/python3.10/site-packages/airflow/example_dags/example_datasets.py
[2024-01-01T16:24:34.734+0100] {processor.py:840} INFO - DAG(s) 'dataset_produces_1', 'dataset_consumes_1', 'dataset_produces_2', 'dataset_consumes_unknown_never_scheduled', 'dataset_consumes_1_never_scheduled', 'dataset_consumes_1_and_2' retrieved from /home/ubuntu/.local/lib/python3.10/site-packages/airflow/example_dags/example_datasets.py
[2024-01-01T16:24:34.750+0100] {logging_mixin.py:188} INFO - [2024-01-01T16:24:34.750+0100] {dag.py:3033} INFO - Sync 6 DAGs
[2024-01-01T16:24:34.761+0100] {logging_mixin.py:188} INFO - [2024-01-01T16:24:34.761+0100] {dag.py:3820} INFO - Setting next_dagrun for dataset_consumes_1 to None, run_after=None
[2024-01-01T16:24:34.763+0100] {logging_mixin.py:188} INFO - [2024-01-01T16:24:34.763+0100] {dag.py:3820} INFO - Setting next_dagrun for dataset_consumes_1_and_2 to None, run_after=None
[2024-01-01T16:24:34.763+0100] {logging_mixin.py:188} INFO - [2024-01-01T16:24:34.763+0100] {dag.py:3820} INFO - Setting next_dagrun for dataset_consumes_1_never_scheduled to None, run_after=None
[2024-01-01T16:24:34.764+0100] {logging_mixin.py:188} INFO - [2024-01-01T16:24:34.764+0100] {dag.py:3820} INFO - Setting next_dagrun for dataset_consumes_unknown_never_scheduled to None, run_after=None
[2024-01-01T16:24:34.765+0100] {logging_mixin.py:188} INFO - [2024-01-01T16:24:34.765+0100] {dag.py:3820} INFO - Setting next_dagrun for dataset_produces_1 to 2023-12-31T00:00:00+00:00, run_after=2024-01-01T00:00:00+00:00
[2024-01-01T16:24:34.766+0100] {logging_mixin.py:188} INFO - [2024-01-01T16:24:34.766+0100] {dag.py:3820} INFO - Setting next_dagrun for dataset_produces_2 to None, run_after=None
[2024-01-01T16:24:34.785+0100] {processor.py:183} INFO - Processing /home/ubuntu/.local/lib/python3.10/site-packages/airflow/example_dags/example_datasets.py took 0.069 seconds
[2024-01-01T16:25:25.472+0100] {processor.py:161} INFO - Started process (PID=6242) to work on /home/ubuntu/.local/lib/python3.10/site-packages/airflow/example_dags/example_datasets.py
[2024-01-01T16:25:25.474+0100] {processor.py:830} INFO - Processing file /home/ubuntu/.local/lib/python3.10/site-packages/airflow/example_dags/example_datasets.py for tasks to queue
[2024-01-01T16:25:25.477+0100] {logging_mixin.py:188} INFO - [2024-01-01T16:25:25.476+0100] {dagbag.py:538} INFO - Filling up the DagBag from /home/ubuntu/.local/lib/python3.10/site-packages/airflow/example_dags/example_datasets.py
[2024-01-01T16:25:25.495+0100] {processor.py:840} INFO - DAG(s) 'dataset_consumes_1_and_2', 'dataset_produces_1', 'dataset_consumes_unknown_never_scheduled', 'dataset_produces_2', 'dataset_consumes_1', 'dataset_consumes_1_never_scheduled' retrieved from /home/ubuntu/.local/lib/python3.10/site-packages/airflow/example_dags/example_datasets.py
[2024-01-01T16:25:25.520+0100] {logging_mixin.py:188} INFO - [2024-01-01T16:25:25.519+0100] {dag.py:3033} INFO - Sync 6 DAGs
[2024-01-01T16:25:25.533+0100] {logging_mixin.py:188} INFO - [2024-01-01T16:25:25.532+0100] {dag.py:3820} INFO - Setting next_dagrun for dataset_consumes_1 to None, run_after=None
[2024-01-01T16:25:25.535+0100] {logging_mixin.py:188} INFO - [2024-01-01T16:25:25.534+0100] {dag.py:3820} INFO - Setting next_dagrun for dataset_consumes_1_and_2 to None, run_after=None
[2024-01-01T16:25:25.535+0100] {logging_mixin.py:188} INFO - [2024-01-01T16:25:25.535+0100] {dag.py:3820} INFO - Setting next_dagrun for dataset_consumes_1_never_scheduled to None, run_after=None
[2024-01-01T16:25:25.536+0100] {logging_mixin.py:188} INFO - [2024-01-01T16:25:25.535+0100] {dag.py:3820} INFO - Setting next_dagrun for dataset_consumes_unknown_never_scheduled to None, run_after=None
[2024-01-01T16:25:25.537+0100] {logging_mixin.py:188} INFO - [2024-01-01T16:25:25.537+0100] {dag.py:3820} INFO - Setting next_dagrun for dataset_produces_1 to 2023-12-31T00:00:00+00:00, run_after=2024-01-01T00:00:00+00:00
[2024-01-01T16:25:25.537+0100] {logging_mixin.py:188} INFO - [2024-01-01T16:25:25.537+0100] {dag.py:3820} INFO - Setting next_dagrun for dataset_produces_2 to None, run_after=None
[2024-01-01T16:25:25.559+0100] {processor.py:183} INFO - Processing /home/ubuntu/.local/lib/python3.10/site-packages/airflow/example_dags/example_datasets.py took 0.095 seconds
[2024-01-01T16:26:13.991+0100] {processor.py:161} INFO - Started process (PID=6359) to work on /home/ubuntu/.local/lib/python3.10/site-packages/airflow/example_dags/example_datasets.py
[2024-01-01T16:26:14.002+0100] {processor.py:830} INFO - Processing file /home/ubuntu/.local/lib/python3.10/site-packages/airflow/example_dags/example_datasets.py for tasks to queue
[2024-01-01T16:26:14.003+0100] {logging_mixin.py:188} INFO - [2024-01-01T16:26:14.003+0100] {dagbag.py:538} INFO - Filling up the DagBag from /home/ubuntu/.local/lib/python3.10/site-packages/airflow/example_dags/example_datasets.py
[2024-01-01T16:26:14.017+0100] {processor.py:840} INFO - DAG(s) 'dataset_consumes_1_never_scheduled', 'dataset_produces_1', 'dataset_consumes_unknown_never_scheduled', 'dataset_consumes_1', 'dataset_produces_2', 'dataset_consumes_1_and_2' retrieved from /home/ubuntu/.local/lib/python3.10/site-packages/airflow/example_dags/example_datasets.py
[2024-01-01T16:26:14.046+0100] {logging_mixin.py:188} INFO - [2024-01-01T16:26:14.046+0100] {dag.py:3033} INFO - Sync 6 DAGs
[2024-01-01T16:26:14.059+0100] {logging_mixin.py:188} INFO - [2024-01-01T16:26:14.059+0100] {dag.py:3820} INFO - Setting next_dagrun for dataset_consumes_1 to None, run_after=None
[2024-01-01T16:26:14.061+0100] {logging_mixin.py:188} INFO - [2024-01-01T16:26:14.061+0100] {dag.py:3820} INFO - Setting next_dagrun for dataset_consumes_1_and_2 to None, run_after=None
[2024-01-01T16:26:14.061+0100] {logging_mixin.py:188} INFO - [2024-01-01T16:26:14.061+0100] {dag.py:3820} INFO - Setting next_dagrun for dataset_consumes_1_never_scheduled to None, run_after=None
[2024-01-01T16:26:14.062+0100] {logging_mixin.py:188} INFO - [2024-01-01T16:26:14.062+0100] {dag.py:3820} INFO - Setting next_dagrun for dataset_consumes_unknown_never_scheduled to None, run_after=None
[2024-01-01T16:26:14.063+0100] {logging_mixin.py:188} INFO - [2024-01-01T16:26:14.063+0100] {dag.py:3820} INFO - Setting next_dagrun for dataset_produces_1 to 2023-12-31T00:00:00+00:00, run_after=2024-01-01T00:00:00+00:00
[2024-01-01T16:26:14.064+0100] {logging_mixin.py:188} INFO - [2024-01-01T16:26:14.063+0100] {dag.py:3820} INFO - Setting next_dagrun for dataset_produces_2 to None, run_after=None
[2024-01-01T16:26:14.092+0100] {processor.py:183} INFO - Processing /home/ubuntu/.local/lib/python3.10/site-packages/airflow/example_dags/example_datasets.py took 0.104 seconds
[2024-01-01T16:27:08.901+0100] {processor.py:161} INFO - Started process (PID=6539) to work on /home/ubuntu/.local/lib/python3.10/site-packages/airflow/example_dags/example_datasets.py
[2024-01-01T16:27:08.913+0100] {processor.py:830} INFO - Processing file /home/ubuntu/.local/lib/python3.10/site-packages/airflow/example_dags/example_datasets.py for tasks to queue
[2024-01-01T16:27:08.915+0100] {logging_mixin.py:188} INFO - [2024-01-01T16:27:08.915+0100] {dagbag.py:538} INFO - Filling up the DagBag from /home/ubuntu/.local/lib/python3.10/site-packages/airflow/example_dags/example_datasets.py
[2024-01-01T16:27:08.937+0100] {processor.py:840} INFO - DAG(s) 'dataset_produces_1', 'dataset_consumes_1_never_scheduled', 'dataset_produces_2', 'dataset_consumes_1', 'dataset_consumes_1_and_2', 'dataset_consumes_unknown_never_scheduled' retrieved from /home/ubuntu/.local/lib/python3.10/site-packages/airflow/example_dags/example_datasets.py
[2024-01-01T16:27:08.963+0100] {logging_mixin.py:188} INFO - [2024-01-01T16:27:08.963+0100] {dag.py:3033} INFO - Sync 6 DAGs
[2024-01-01T16:27:08.976+0100] {logging_mixin.py:188} INFO - [2024-01-01T16:27:08.976+0100] {dag.py:3820} INFO - Setting next_dagrun for dataset_consumes_1 to None, run_after=None
[2024-01-01T16:27:08.978+0100] {logging_mixin.py:188} INFO - [2024-01-01T16:27:08.978+0100] {dag.py:3820} INFO - Setting next_dagrun for dataset_consumes_1_and_2 to None, run_after=None
[2024-01-01T16:27:08.978+0100] {logging_mixin.py:188} INFO - [2024-01-01T16:27:08.978+0100] {dag.py:3820} INFO - Setting next_dagrun for dataset_consumes_1_never_scheduled to None, run_after=None
[2024-01-01T16:27:08.979+0100] {logging_mixin.py:188} INFO - [2024-01-01T16:27:08.979+0100] {dag.py:3820} INFO - Setting next_dagrun for dataset_consumes_unknown_never_scheduled to None, run_after=None
[2024-01-01T16:27:08.980+0100] {logging_mixin.py:188} INFO - [2024-01-01T16:27:08.980+0100] {dag.py:3820} INFO - Setting next_dagrun for dataset_produces_1 to 2023-12-31T00:00:00+00:00, run_after=2024-01-01T00:00:00+00:00
[2024-01-01T16:27:08.981+0100] {logging_mixin.py:188} INFO - [2024-01-01T16:27:08.981+0100] {dag.py:3820} INFO - Setting next_dagrun for dataset_produces_2 to None, run_after=None
[2024-01-01T16:27:09.009+0100] {processor.py:183} INFO - Processing /home/ubuntu/.local/lib/python3.10/site-packages/airflow/example_dags/example_datasets.py took 0.116 seconds
[2024-01-01T16:27:58.286+0100] {processor.py:161} INFO - Started process (PID=6631) to work on /home/ubuntu/.local/lib/python3.10/site-packages/airflow/example_dags/example_datasets.py
[2024-01-01T16:27:58.287+0100] {processor.py:830} INFO - Processing file /home/ubuntu/.local/lib/python3.10/site-packages/airflow/example_dags/example_datasets.py for tasks to queue
[2024-01-01T16:27:58.287+0100] {logging_mixin.py:188} INFO - [2024-01-01T16:27:58.287+0100] {dagbag.py:538} INFO - Filling up the DagBag from /home/ubuntu/.local/lib/python3.10/site-packages/airflow/example_dags/example_datasets.py
[2024-01-01T16:27:58.293+0100] {processor.py:840} INFO - DAG(s) 'dataset_produces_1', 'dataset_produces_2', 'dataset_consumes_1', 'dataset_consumes_unknown_never_scheduled', 'dataset_consumes_1_never_scheduled', 'dataset_consumes_1_and_2' retrieved from /home/ubuntu/.local/lib/python3.10/site-packages/airflow/example_dags/example_datasets.py
[2024-01-01T16:27:58.309+0100] {logging_mixin.py:188} INFO - [2024-01-01T16:27:58.308+0100] {dag.py:3033} INFO - Sync 6 DAGs
[2024-01-01T16:27:58.320+0100] {logging_mixin.py:188} INFO - [2024-01-01T16:27:58.320+0100] {dag.py:3820} INFO - Setting next_dagrun for dataset_consumes_1 to None, run_after=None
[2024-01-01T16:27:58.322+0100] {logging_mixin.py:188} INFO - [2024-01-01T16:27:58.322+0100] {dag.py:3820} INFO - Setting next_dagrun for dataset_consumes_1_and_2 to None, run_after=None
[2024-01-01T16:27:58.323+0100] {logging_mixin.py:188} INFO - [2024-01-01T16:27:58.323+0100] {dag.py:3820} INFO - Setting next_dagrun for dataset_consumes_1_never_scheduled to None, run_after=None
[2024-01-01T16:27:58.323+0100] {logging_mixin.py:188} INFO - [2024-01-01T16:27:58.323+0100] {dag.py:3820} INFO - Setting next_dagrun for dataset_consumes_unknown_never_scheduled to None, run_after=None
[2024-01-01T16:27:58.324+0100] {logging_mixin.py:188} INFO - [2024-01-01T16:27:58.324+0100] {dag.py:3820} INFO - Setting next_dagrun for dataset_produces_1 to 2023-12-31T00:00:00+00:00, run_after=2024-01-01T00:00:00+00:00
[2024-01-01T16:27:58.325+0100] {logging_mixin.py:188} INFO - [2024-01-01T16:27:58.325+0100] {dag.py:3820} INFO - Setting next_dagrun for dataset_produces_2 to None, run_after=None
[2024-01-01T16:27:58.356+0100] {processor.py:183} INFO - Processing /home/ubuntu/.local/lib/python3.10/site-packages/airflow/example_dags/example_datasets.py took 0.072 seconds
[2024-01-01T16:28:52.221+0100] {processor.py:161} INFO - Started process (PID=6791) to work on /home/ubuntu/.local/lib/python3.10/site-packages/airflow/example_dags/example_datasets.py
[2024-01-01T16:28:52.222+0100] {processor.py:830} INFO - Processing file /home/ubuntu/.local/lib/python3.10/site-packages/airflow/example_dags/example_datasets.py for tasks to queue
[2024-01-01T16:28:52.222+0100] {logging_mixin.py:188} INFO - [2024-01-01T16:28:52.222+0100] {dagbag.py:538} INFO - Filling up the DagBag from /home/ubuntu/.local/lib/python3.10/site-packages/airflow/example_dags/example_datasets.py
[2024-01-01T16:28:52.228+0100] {processor.py:840} INFO - DAG(s) 'dataset_consumes_1_and_2', 'dataset_consumes_unknown_never_scheduled', 'dataset_consumes_1_never_scheduled', 'dataset_consumes_1', 'dataset_produces_1', 'dataset_produces_2' retrieved from /home/ubuntu/.local/lib/python3.10/site-packages/airflow/example_dags/example_datasets.py
[2024-01-01T16:28:52.243+0100] {logging_mixin.py:188} INFO - [2024-01-01T16:28:52.243+0100] {dag.py:3033} INFO - Sync 6 DAGs
[2024-01-01T16:28:52.255+0100] {logging_mixin.py:188} INFO - [2024-01-01T16:28:52.255+0100] {dag.py:3820} INFO - Setting next_dagrun for dataset_consumes_1 to None, run_after=None
[2024-01-01T16:28:52.257+0100] {logging_mixin.py:188} INFO - [2024-01-01T16:28:52.257+0100] {dag.py:3820} INFO - Setting next_dagrun for dataset_consumes_1_and_2 to None, run_after=None
[2024-01-01T16:28:52.258+0100] {logging_mixin.py:188} INFO - [2024-01-01T16:28:52.258+0100] {dag.py:3820} INFO - Setting next_dagrun for dataset_consumes_1_never_scheduled to None, run_after=None
[2024-01-01T16:28:52.258+0100] {logging_mixin.py:188} INFO - [2024-01-01T16:28:52.258+0100] {dag.py:3820} INFO - Setting next_dagrun for dataset_consumes_unknown_never_scheduled to None, run_after=None
[2024-01-01T16:28:52.260+0100] {logging_mixin.py:188} INFO - [2024-01-01T16:28:52.259+0100] {dag.py:3820} INFO - Setting next_dagrun for dataset_produces_1 to 2023-12-31T00:00:00+00:00, run_after=2024-01-01T00:00:00+00:00
[2024-01-01T16:28:52.260+0100] {logging_mixin.py:188} INFO - [2024-01-01T16:28:52.260+0100] {dag.py:3820} INFO - Setting next_dagrun for dataset_produces_2 to None, run_after=None
[2024-01-01T16:28:52.299+0100] {processor.py:183} INFO - Processing /home/ubuntu/.local/lib/python3.10/site-packages/airflow/example_dags/example_datasets.py took 0.079 seconds
[2024-01-01T16:29:45.678+0100] {processor.py:161} INFO - Started process (PID=6898) to work on /home/ubuntu/.local/lib/python3.10/site-packages/airflow/example_dags/example_datasets.py
[2024-01-01T16:29:45.680+0100] {processor.py:830} INFO - Processing file /home/ubuntu/.local/lib/python3.10/site-packages/airflow/example_dags/example_datasets.py for tasks to queue
[2024-01-01T16:29:45.681+0100] {logging_mixin.py:188} INFO - [2024-01-01T16:29:45.681+0100] {dagbag.py:538} INFO - Filling up the DagBag from /home/ubuntu/.local/lib/python3.10/site-packages/airflow/example_dags/example_datasets.py
[2024-01-01T16:29:45.692+0100] {processor.py:840} INFO - DAG(s) 'dataset_consumes_1_never_scheduled', 'dataset_consumes_1', 'dataset_consumes_1_and_2', 'dataset_consumes_unknown_never_scheduled', 'dataset_produces_2', 'dataset_produces_1' retrieved from /home/ubuntu/.local/lib/python3.10/site-packages/airflow/example_dags/example_datasets.py
[2024-01-01T16:29:45.712+0100] {logging_mixin.py:188} INFO - [2024-01-01T16:29:45.712+0100] {dag.py:3033} INFO - Sync 6 DAGs
[2024-01-01T16:29:45.724+0100] {logging_mixin.py:188} INFO - [2024-01-01T16:29:45.724+0100] {dag.py:3820} INFO - Setting next_dagrun for dataset_consumes_1 to None, run_after=None
[2024-01-01T16:29:45.726+0100] {logging_mixin.py:188} INFO - [2024-01-01T16:29:45.726+0100] {dag.py:3820} INFO - Setting next_dagrun for dataset_consumes_1_and_2 to None, run_after=None
[2024-01-01T16:29:45.726+0100] {logging_mixin.py:188} INFO - [2024-01-01T16:29:45.726+0100] {dag.py:3820} INFO - Setting next_dagrun for dataset_consumes_1_never_scheduled to None, run_after=None
[2024-01-01T16:29:45.727+0100] {logging_mixin.py:188} INFO - [2024-01-01T16:29:45.727+0100] {dag.py:3820} INFO - Setting next_dagrun for dataset_consumes_unknown_never_scheduled to None, run_after=None
[2024-01-01T16:29:45.728+0100] {logging_mixin.py:188} INFO - [2024-01-01T16:29:45.728+0100] {dag.py:3820} INFO - Setting next_dagrun for dataset_produces_1 to 2023-12-31T00:00:00+00:00, run_after=2024-01-01T00:00:00+00:00
[2024-01-01T16:29:45.729+0100] {logging_mixin.py:188} INFO - [2024-01-01T16:29:45.729+0100] {dag.py:3820} INFO - Setting next_dagrun for dataset_produces_2 to None, run_after=None
[2024-01-01T16:29:45.771+0100] {processor.py:183} INFO - Processing /home/ubuntu/.local/lib/python3.10/site-packages/airflow/example_dags/example_datasets.py took 0.097 seconds
[2024-01-01T16:30:37.663+0100] {processor.py:161} INFO - Started process (PID=7012) to work on /home/ubuntu/.local/lib/python3.10/site-packages/airflow/example_dags/example_datasets.py
[2024-01-01T16:30:37.665+0100] {processor.py:830} INFO - Processing file /home/ubuntu/.local/lib/python3.10/site-packages/airflow/example_dags/example_datasets.py for tasks to queue
[2024-01-01T16:30:37.666+0100] {logging_mixin.py:188} INFO - [2024-01-01T16:30:37.666+0100] {dagbag.py:538} INFO - Filling up the DagBag from /home/ubuntu/.local/lib/python3.10/site-packages/airflow/example_dags/example_datasets.py
[2024-01-01T16:30:37.682+0100] {processor.py:840} INFO - DAG(s) 'dataset_consumes_1_never_scheduled', 'dataset_produces_1', 'dataset_consumes_1', 'dataset_consumes_unknown_never_scheduled', 'dataset_consumes_1_and_2', 'dataset_produces_2' retrieved from /home/ubuntu/.local/lib/python3.10/site-packages/airflow/example_dags/example_datasets.py
[2024-01-01T16:30:37.706+0100] {logging_mixin.py:188} INFO - [2024-01-01T16:30:37.706+0100] {dag.py:3033} INFO - Sync 6 DAGs
[2024-01-01T16:30:37.720+0100] {logging_mixin.py:188} INFO - [2024-01-01T16:30:37.720+0100] {dag.py:3820} INFO - Setting next_dagrun for dataset_consumes_1 to None, run_after=None
[2024-01-01T16:30:37.722+0100] {logging_mixin.py:188} INFO - [2024-01-01T16:30:37.722+0100] {dag.py:3820} INFO - Setting next_dagrun for dataset_consumes_1_and_2 to None, run_after=None
[2024-01-01T16:30:37.723+0100] {logging_mixin.py:188} INFO - [2024-01-01T16:30:37.723+0100] {dag.py:3820} INFO - Setting next_dagrun for dataset_consumes_1_never_scheduled to None, run_after=None
[2024-01-01T16:30:37.724+0100] {logging_mixin.py:188} INFO - [2024-01-01T16:30:37.723+0100] {dag.py:3820} INFO - Setting next_dagrun for dataset_consumes_unknown_never_scheduled to None, run_after=None
[2024-01-01T16:30:37.725+0100] {logging_mixin.py:188} INFO - [2024-01-01T16:30:37.725+0100] {dag.py:3820} INFO - Setting next_dagrun for dataset_produces_1 to 2023-12-31T00:00:00+00:00, run_after=2024-01-01T00:00:00+00:00
[2024-01-01T16:30:37.725+0100] {logging_mixin.py:188} INFO - [2024-01-01T16:30:37.725+0100] {dag.py:3820} INFO - Setting next_dagrun for dataset_produces_2 to None, run_after=None
[2024-01-01T16:30:37.763+0100] {processor.py:183} INFO - Processing /home/ubuntu/.local/lib/python3.10/site-packages/airflow/example_dags/example_datasets.py took 0.106 seconds
[2024-01-01T16:31:32.955+0100] {processor.py:161} INFO - Started process (PID=7101) to work on /home/ubuntu/.local/lib/python3.10/site-packages/airflow/example_dags/example_datasets.py
[2024-01-01T16:31:32.965+0100] {processor.py:830} INFO - Processing file /home/ubuntu/.local/lib/python3.10/site-packages/airflow/example_dags/example_datasets.py for tasks to queue
[2024-01-01T16:31:32.965+0100] {logging_mixin.py:188} INFO - [2024-01-01T16:31:32.965+0100] {dagbag.py:538} INFO - Filling up the DagBag from /home/ubuntu/.local/lib/python3.10/site-packages/airflow/example_dags/example_datasets.py
[2024-01-01T16:31:32.972+0100] {processor.py:840} INFO - DAG(s) 'dataset_consumes_1_and_2', 'dataset_produces_1', 'dataset_consumes_1_never_scheduled', 'dataset_produces_2', 'dataset_consumes_1', 'dataset_consumes_unknown_never_scheduled' retrieved from /home/ubuntu/.local/lib/python3.10/site-packages/airflow/example_dags/example_datasets.py
[2024-01-01T16:31:32.991+0100] {logging_mixin.py:188} INFO - [2024-01-01T16:31:32.991+0100] {dag.py:3033} INFO - Sync 6 DAGs
[2024-01-01T16:31:33.005+0100] {logging_mixin.py:188} INFO - [2024-01-01T16:31:33.005+0100] {dag.py:3820} INFO - Setting next_dagrun for dataset_consumes_1 to None, run_after=None
[2024-01-01T16:31:33.007+0100] {logging_mixin.py:188} INFO - [2024-01-01T16:31:33.007+0100] {dag.py:3820} INFO - Setting next_dagrun for dataset_consumes_1_and_2 to None, run_after=None
[2024-01-01T16:31:33.008+0100] {logging_mixin.py:188} INFO - [2024-01-01T16:31:33.008+0100] {dag.py:3820} INFO - Setting next_dagrun for dataset_consumes_1_never_scheduled to None, run_after=None
[2024-01-01T16:31:33.009+0100] {logging_mixin.py:188} INFO - [2024-01-01T16:31:33.008+0100] {dag.py:3820} INFO - Setting next_dagrun for dataset_consumes_unknown_never_scheduled to None, run_after=None
[2024-01-01T16:31:33.010+0100] {logging_mixin.py:188} INFO - [2024-01-01T16:31:33.010+0100] {dag.py:3820} INFO - Setting next_dagrun for dataset_produces_1 to 2023-12-31T00:00:00+00:00, run_after=2024-01-01T00:00:00+00:00
[2024-01-01T16:31:33.011+0100] {logging_mixin.py:188} INFO - [2024-01-01T16:31:33.011+0100] {dag.py:3820} INFO - Setting next_dagrun for dataset_produces_2 to None, run_after=None
[2024-01-01T16:31:33.035+0100] {processor.py:183} INFO - Processing /home/ubuntu/.local/lib/python3.10/site-packages/airflow/example_dags/example_datasets.py took 0.083 seconds
[2024-01-01T16:32:25.252+0100] {processor.py:161} INFO - Started process (PID=7231) to work on /home/ubuntu/.local/lib/python3.10/site-packages/airflow/example_dags/example_datasets.py
[2024-01-01T16:32:25.263+0100] {processor.py:830} INFO - Processing file /home/ubuntu/.local/lib/python3.10/site-packages/airflow/example_dags/example_datasets.py for tasks to queue
[2024-01-01T16:32:25.266+0100] {logging_mixin.py:188} INFO - [2024-01-01T16:32:25.265+0100] {dagbag.py:538} INFO - Filling up the DagBag from /home/ubuntu/.local/lib/python3.10/site-packages/airflow/example_dags/example_datasets.py
[2024-01-01T16:32:25.304+0100] {processor.py:840} INFO - DAG(s) 'dataset_produces_2', 'dataset_consumes_unknown_never_scheduled', 'dataset_consumes_1_and_2', 'dataset_consumes_1', 'dataset_consumes_1_never_scheduled', 'dataset_produces_1' retrieved from /home/ubuntu/.local/lib/python3.10/site-packages/airflow/example_dags/example_datasets.py
[2024-01-01T16:32:25.400+0100] {logging_mixin.py:188} INFO - [2024-01-01T16:32:25.400+0100] {dag.py:3033} INFO - Sync 6 DAGs
[2024-01-01T16:32:25.431+0100] {logging_mixin.py:188} INFO - [2024-01-01T16:32:25.431+0100] {dag.py:3820} INFO - Setting next_dagrun for dataset_consumes_1 to None, run_after=None
[2024-01-01T16:32:25.434+0100] {logging_mixin.py:188} INFO - [2024-01-01T16:32:25.434+0100] {dag.py:3820} INFO - Setting next_dagrun for dataset_consumes_1_and_2 to None, run_after=None
[2024-01-01T16:32:25.435+0100] {logging_mixin.py:188} INFO - [2024-01-01T16:32:25.435+0100] {dag.py:3820} INFO - Setting next_dagrun for dataset_consumes_1_never_scheduled to None, run_after=None
[2024-01-01T16:32:25.435+0100] {logging_mixin.py:188} INFO - [2024-01-01T16:32:25.435+0100] {dag.py:3820} INFO - Setting next_dagrun for dataset_consumes_unknown_never_scheduled to None, run_after=None
[2024-01-01T16:32:25.438+0100] {logging_mixin.py:188} INFO - [2024-01-01T16:32:25.437+0100] {dag.py:3820} INFO - Setting next_dagrun for dataset_produces_1 to 2023-12-31T00:00:00+00:00, run_after=2024-01-01T00:00:00+00:00
[2024-01-01T16:32:25.438+0100] {logging_mixin.py:188} INFO - [2024-01-01T16:32:25.438+0100] {dag.py:3820} INFO - Setting next_dagrun for dataset_produces_2 to None, run_after=None
[2024-01-01T16:32:25.473+0100] {processor.py:183} INFO - Processing /home/ubuntu/.local/lib/python3.10/site-packages/airflow/example_dags/example_datasets.py took 0.226 seconds
[2024-01-01T16:33:28.098+0100] {processor.py:161} INFO - Started process (PID=7443) to work on /home/ubuntu/.local/lib/python3.10/site-packages/airflow/example_dags/example_datasets.py
[2024-01-01T16:33:28.110+0100] {processor.py:830} INFO - Processing file /home/ubuntu/.local/lib/python3.10/site-packages/airflow/example_dags/example_datasets.py for tasks to queue
[2024-01-01T16:33:28.113+0100] {logging_mixin.py:188} INFO - [2024-01-01T16:33:28.112+0100] {dagbag.py:538} INFO - Filling up the DagBag from /home/ubuntu/.local/lib/python3.10/site-packages/airflow/example_dags/example_datasets.py
[2024-01-01T16:33:28.134+0100] {processor.py:840} INFO - DAG(s) 'dataset_produces_2', 'dataset_consumes_unknown_never_scheduled', 'dataset_produces_1', 'dataset_consumes_1', 'dataset_consumes_1_never_scheduled', 'dataset_consumes_1_and_2' retrieved from /home/ubuntu/.local/lib/python3.10/site-packages/airflow/example_dags/example_datasets.py
[2024-01-01T16:33:28.163+0100] {logging_mixin.py:188} INFO - [2024-01-01T16:33:28.162+0100] {dag.py:3033} INFO - Sync 6 DAGs
[2024-01-01T16:33:28.185+0100] {logging_mixin.py:188} INFO - [2024-01-01T16:33:28.185+0100] {dag.py:3820} INFO - Setting next_dagrun for dataset_consumes_1 to None, run_after=None
[2024-01-01T16:33:28.188+0100] {logging_mixin.py:188} INFO - [2024-01-01T16:33:28.188+0100] {dag.py:3820} INFO - Setting next_dagrun for dataset_consumes_1_and_2 to None, run_after=None
[2024-01-01T16:33:28.189+0100] {logging_mixin.py:188} INFO - [2024-01-01T16:33:28.189+0100] {dag.py:3820} INFO - Setting next_dagrun for dataset_consumes_1_never_scheduled to None, run_after=None
[2024-01-01T16:33:28.190+0100] {logging_mixin.py:188} INFO - [2024-01-01T16:33:28.190+0100] {dag.py:3820} INFO - Setting next_dagrun for dataset_consumes_unknown_never_scheduled to None, run_after=None
[2024-01-01T16:33:28.192+0100] {logging_mixin.py:188} INFO - [2024-01-01T16:33:28.192+0100] {dag.py:3820} INFO - Setting next_dagrun for dataset_produces_1 to 2023-12-31T00:00:00+00:00, run_after=2024-01-01T00:00:00+00:00
[2024-01-01T16:33:28.193+0100] {logging_mixin.py:188} INFO - [2024-01-01T16:33:28.193+0100] {dag.py:3820} INFO - Setting next_dagrun for dataset_produces_2 to None, run_after=None
[2024-01-01T16:33:28.224+0100] {processor.py:183} INFO - Processing /home/ubuntu/.local/lib/python3.10/site-packages/airflow/example_dags/example_datasets.py took 0.132 seconds
[2024-01-01T16:34:28.651+0100] {processor.py:161} INFO - Started process (PID=7627) to work on /home/ubuntu/.local/lib/python3.10/site-packages/airflow/example_dags/example_datasets.py
[2024-01-01T16:34:28.661+0100] {processor.py:830} INFO - Processing file /home/ubuntu/.local/lib/python3.10/site-packages/airflow/example_dags/example_datasets.py for tasks to queue
[2024-01-01T16:34:28.662+0100] {logging_mixin.py:188} INFO - [2024-01-01T16:34:28.661+0100] {dagbag.py:538} INFO - Filling up the DagBag from /home/ubuntu/.local/lib/python3.10/site-packages/airflow/example_dags/example_datasets.py
[2024-01-01T16:34:28.671+0100] {processor.py:840} INFO - DAG(s) 'dataset_produces_1', 'dataset_consumes_1', 'dataset_consumes_unknown_never_scheduled', 'dataset_produces_2', 'dataset_consumes_1_and_2', 'dataset_consumes_1_never_scheduled' retrieved from /home/ubuntu/.local/lib/python3.10/site-packages/airflow/example_dags/example_datasets.py
[2024-01-01T16:34:28.697+0100] {logging_mixin.py:188} INFO - [2024-01-01T16:34:28.697+0100] {dag.py:3033} INFO - Sync 6 DAGs
[2024-01-01T16:34:28.716+0100] {logging_mixin.py:188} INFO - [2024-01-01T16:34:28.716+0100] {dag.py:3820} INFO - Setting next_dagrun for dataset_consumes_1 to None, run_after=None
[2024-01-01T16:34:28.719+0100] {logging_mixin.py:188} INFO - [2024-01-01T16:34:28.719+0100] {dag.py:3820} INFO - Setting next_dagrun for dataset_consumes_1_and_2 to None, run_after=None
[2024-01-01T16:34:28.720+0100] {logging_mixin.py:188} INFO - [2024-01-01T16:34:28.720+0100] {dag.py:3820} INFO - Setting next_dagrun for dataset_consumes_1_never_scheduled to None, run_after=None
[2024-01-01T16:34:28.721+0100] {logging_mixin.py:188} INFO - [2024-01-01T16:34:28.721+0100] {dag.py:3820} INFO - Setting next_dagrun for dataset_consumes_unknown_never_scheduled to None, run_after=None
[2024-01-01T16:34:28.723+0100] {logging_mixin.py:188} INFO - [2024-01-01T16:34:28.723+0100] {dag.py:3820} INFO - Setting next_dagrun for dataset_produces_1 to 2023-12-31T00:00:00+00:00, run_after=2024-01-01T00:00:00+00:00
[2024-01-01T16:34:28.724+0100] {logging_mixin.py:188} INFO - [2024-01-01T16:34:28.724+0100] {dag.py:3820} INFO - Setting next_dagrun for dataset_produces_2 to None, run_after=None
[2024-01-01T16:34:28.758+0100] {processor.py:183} INFO - Processing /home/ubuntu/.local/lib/python3.10/site-packages/airflow/example_dags/example_datasets.py took 0.109 seconds
