[2024-01-01T15:43:05.341+0100] {processor.py:161} INFO - Started process (PID=8018) to work on /home/ubuntu/.local/lib/python3.10/site-packages/airflow/example_dags/example_complex.py
[2024-01-01T15:43:05.342+0100] {processor.py:830} INFO - Processing file /home/ubuntu/.local/lib/python3.10/site-packages/airflow/example_dags/example_complex.py for tasks to queue
[2024-01-01T15:43:05.343+0100] {logging_mixin.py:188} INFO - [2024-01-01T15:43:05.343+0100] {dagbag.py:538} INFO - Filling up the DagBag from /home/ubuntu/.local/lib/python3.10/site-packages/airflow/example_dags/example_complex.py
[2024-01-01T15:43:05.356+0100] {processor.py:840} INFO - DAG(s) 'example_complex' retrieved from /home/ubuntu/.local/lib/python3.10/site-packages/airflow/example_dags/example_complex.py
[2024-01-01T15:43:05.461+0100] {logging_mixin.py:188} INFO - [2024-01-01T15:43:05.461+0100] {dag.py:3033} INFO - Sync 1 DAGs
[2024-01-01T15:43:05.468+0100] {logging_mixin.py:188} INFO - [2024-01-01T15:43:05.468+0100] {dag.py:3820} INFO - Setting next_dagrun for example_complex to None, run_after=None
[2024-01-01T15:43:05.487+0100] {processor.py:183} INFO - Processing /home/ubuntu/.local/lib/python3.10/site-packages/airflow/example_dags/example_complex.py took 0.149 seconds
[2024-01-01T15:44:00.717+0100] {processor.py:161} INFO - Started process (PID=8132) to work on /home/ubuntu/.local/lib/python3.10/site-packages/airflow/example_dags/example_complex.py
[2024-01-01T15:44:00.718+0100] {processor.py:830} INFO - Processing file /home/ubuntu/.local/lib/python3.10/site-packages/airflow/example_dags/example_complex.py for tasks to queue
[2024-01-01T15:44:00.719+0100] {logging_mixin.py:188} INFO - [2024-01-01T15:44:00.719+0100] {dagbag.py:538} INFO - Filling up the DagBag from /home/ubuntu/.local/lib/python3.10/site-packages/airflow/example_dags/example_complex.py
[2024-01-01T15:44:00.726+0100] {processor.py:840} INFO - DAG(s) 'example_complex' retrieved from /home/ubuntu/.local/lib/python3.10/site-packages/airflow/example_dags/example_complex.py
[2024-01-01T15:44:00.742+0100] {logging_mixin.py:188} INFO - [2024-01-01T15:44:00.742+0100] {dag.py:3033} INFO - Sync 1 DAGs
[2024-01-01T15:44:00.748+0100] {logging_mixin.py:188} INFO - [2024-01-01T15:44:00.748+0100] {dag.py:3820} INFO - Setting next_dagrun for example_complex to None, run_after=None
[2024-01-01T15:44:00.763+0100] {processor.py:183} INFO - Processing /home/ubuntu/.local/lib/python3.10/site-packages/airflow/example_dags/example_complex.py took 0.048 seconds
[2024-01-01T15:44:56.282+0100] {processor.py:161} INFO - Started process (PID=8339) to work on /home/ubuntu/.local/lib/python3.10/site-packages/airflow/example_dags/example_complex.py
[2024-01-01T15:44:56.283+0100] {processor.py:830} INFO - Processing file /home/ubuntu/.local/lib/python3.10/site-packages/airflow/example_dags/example_complex.py for tasks to queue
[2024-01-01T15:44:56.284+0100] {logging_mixin.py:188} INFO - [2024-01-01T15:44:56.283+0100] {dagbag.py:538} INFO - Filling up the DagBag from /home/ubuntu/.local/lib/python3.10/site-packages/airflow/example_dags/example_complex.py
[2024-01-01T15:44:56.293+0100] {processor.py:840} INFO - DAG(s) 'example_complex' retrieved from /home/ubuntu/.local/lib/python3.10/site-packages/airflow/example_dags/example_complex.py
[2024-01-01T15:44:56.312+0100] {logging_mixin.py:188} INFO - [2024-01-01T15:44:56.312+0100] {dag.py:3033} INFO - Sync 1 DAGs
[2024-01-01T15:44:56.319+0100] {logging_mixin.py:188} INFO - [2024-01-01T15:44:56.319+0100] {dag.py:3820} INFO - Setting next_dagrun for example_complex to None, run_after=None
[2024-01-01T15:44:56.334+0100] {processor.py:183} INFO - Processing /home/ubuntu/.local/lib/python3.10/site-packages/airflow/example_dags/example_complex.py took 0.054 seconds
[2024-01-01T15:46:37.165+0100] {processor.py:161} INFO - Started process (PID=8739) to work on /home/ubuntu/.local/lib/python3.10/site-packages/airflow/example_dags/example_complex.py
[2024-01-01T15:46:37.180+0100] {processor.py:830} INFO - Processing file /home/ubuntu/.local/lib/python3.10/site-packages/airflow/example_dags/example_complex.py for tasks to queue
[2024-01-01T15:46:37.186+0100] {logging_mixin.py:188} INFO - [2024-01-01T15:46:37.180+0100] {dagbag.py:538} INFO - Filling up the DagBag from /home/ubuntu/.local/lib/python3.10/site-packages/airflow/example_dags/example_complex.py
[2024-01-01T15:46:37.231+0100] {processor.py:840} INFO - DAG(s) 'example_complex' retrieved from /home/ubuntu/.local/lib/python3.10/site-packages/airflow/example_dags/example_complex.py
[2024-01-01T15:46:37.380+0100] {logging_mixin.py:188} INFO - [2024-01-01T15:46:37.349+0100] {dag.py:3033} INFO - Sync 1 DAGs
[2024-01-01T15:46:37.447+0100] {logging_mixin.py:188} INFO - [2024-01-01T15:46:37.434+0100] {dag.py:3820} INFO - Setting next_dagrun for example_complex to None, run_after=None
[2024-01-01T15:46:37.524+0100] {processor.py:183} INFO - Processing /home/ubuntu/.local/lib/python3.10/site-packages/airflow/example_dags/example_complex.py took 0.365 seconds
[2024-01-01T16:09:41.627+0100] {processor.py:161} INFO - Started process (PID=4206) to work on /home/ubuntu/.local/lib/python3.10/site-packages/airflow/example_dags/example_complex.py
[2024-01-01T16:09:41.628+0100] {processor.py:830} INFO - Processing file /home/ubuntu/.local/lib/python3.10/site-packages/airflow/example_dags/example_complex.py for tasks to queue
[2024-01-01T16:09:41.628+0100] {logging_mixin.py:188} INFO - [2024-01-01T16:09:41.628+0100] {dagbag.py:538} INFO - Filling up the DagBag from /home/ubuntu/.local/lib/python3.10/site-packages/airflow/example_dags/example_complex.py
[2024-01-01T16:09:41.636+0100] {processor.py:840} INFO - DAG(s) 'example_complex' retrieved from /home/ubuntu/.local/lib/python3.10/site-packages/airflow/example_dags/example_complex.py
[2024-01-01T16:09:41.710+0100] {logging_mixin.py:188} INFO - [2024-01-01T16:09:41.709+0100] {dag.py:3033} INFO - Sync 1 DAGs
[2024-01-01T16:09:41.717+0100] {logging_mixin.py:188} INFO - [2024-01-01T16:09:41.717+0100] {dag.py:3820} INFO - Setting next_dagrun for example_complex to None, run_after=None
[2024-01-01T16:09:41.734+0100] {processor.py:183} INFO - Processing /home/ubuntu/.local/lib/python3.10/site-packages/airflow/example_dags/example_complex.py took 0.110 seconds
[2024-01-01T16:10:47.166+0100] {processor.py:161} INFO - Started process (PID=4478) to work on /home/ubuntu/.local/lib/python3.10/site-packages/airflow/example_dags/example_complex.py
[2024-01-01T16:10:47.167+0100] {processor.py:830} INFO - Processing file /home/ubuntu/.local/lib/python3.10/site-packages/airflow/example_dags/example_complex.py for tasks to queue
[2024-01-01T16:10:47.168+0100] {logging_mixin.py:188} INFO - [2024-01-01T16:10:47.168+0100] {dagbag.py:538} INFO - Filling up the DagBag from /home/ubuntu/.local/lib/python3.10/site-packages/airflow/example_dags/example_complex.py
[2024-01-01T16:10:47.176+0100] {processor.py:840} INFO - DAG(s) 'example_complex' retrieved from /home/ubuntu/.local/lib/python3.10/site-packages/airflow/example_dags/example_complex.py
[2024-01-01T16:10:47.196+0100] {logging_mixin.py:188} INFO - [2024-01-01T16:10:47.196+0100] {dag.py:3033} INFO - Sync 1 DAGs
[2024-01-01T16:10:47.203+0100] {logging_mixin.py:188} INFO - [2024-01-01T16:10:47.203+0100] {dag.py:3820} INFO - Setting next_dagrun for example_complex to None, run_after=None
[2024-01-01T16:10:47.217+0100] {processor.py:183} INFO - Processing /home/ubuntu/.local/lib/python3.10/site-packages/airflow/example_dags/example_complex.py took 0.053 seconds
[2024-01-01T16:11:39.521+0100] {processor.py:161} INFO - Started process (PID=4550) to work on /home/ubuntu/.local/lib/python3.10/site-packages/airflow/example_dags/example_complex.py
[2024-01-01T16:11:39.522+0100] {processor.py:830} INFO - Processing file /home/ubuntu/.local/lib/python3.10/site-packages/airflow/example_dags/example_complex.py for tasks to queue
[2024-01-01T16:11:39.522+0100] {logging_mixin.py:188} INFO - [2024-01-01T16:11:39.522+0100] {dagbag.py:538} INFO - Filling up the DagBag from /home/ubuntu/.local/lib/python3.10/site-packages/airflow/example_dags/example_complex.py
[2024-01-01T16:11:39.529+0100] {processor.py:840} INFO - DAG(s) 'example_complex' retrieved from /home/ubuntu/.local/lib/python3.10/site-packages/airflow/example_dags/example_complex.py
[2024-01-01T16:11:39.546+0100] {logging_mixin.py:188} INFO - [2024-01-01T16:11:39.546+0100] {dag.py:3033} INFO - Sync 1 DAGs
[2024-01-01T16:11:39.553+0100] {logging_mixin.py:188} INFO - [2024-01-01T16:11:39.553+0100] {dag.py:3820} INFO - Setting next_dagrun for example_complex to None, run_after=None
[2024-01-01T16:11:39.586+0100] {processor.py:183} INFO - Processing /home/ubuntu/.local/lib/python3.10/site-packages/airflow/example_dags/example_complex.py took 0.067 seconds
[2024-01-01T16:12:33.575+0100] {processor.py:161} INFO - Started process (PID=4750) to work on /home/ubuntu/.local/lib/python3.10/site-packages/airflow/example_dags/example_complex.py
[2024-01-01T16:12:33.577+0100] {processor.py:830} INFO - Processing file /home/ubuntu/.local/lib/python3.10/site-packages/airflow/example_dags/example_complex.py for tasks to queue
[2024-01-01T16:12:33.578+0100] {logging_mixin.py:188} INFO - [2024-01-01T16:12:33.578+0100] {dagbag.py:538} INFO - Filling up the DagBag from /home/ubuntu/.local/lib/python3.10/site-packages/airflow/example_dags/example_complex.py
[2024-01-01T16:12:33.595+0100] {processor.py:840} INFO - DAG(s) 'example_complex' retrieved from /home/ubuntu/.local/lib/python3.10/site-packages/airflow/example_dags/example_complex.py
[2024-01-01T16:12:33.620+0100] {logging_mixin.py:188} INFO - [2024-01-01T16:12:33.620+0100] {dag.py:3033} INFO - Sync 1 DAGs
[2024-01-01T16:12:33.627+0100] {logging_mixin.py:188} INFO - [2024-01-01T16:12:33.627+0100] {dag.py:3820} INFO - Setting next_dagrun for example_complex to None, run_after=None
[2024-01-01T16:12:33.643+0100] {processor.py:183} INFO - Processing /home/ubuntu/.local/lib/python3.10/site-packages/airflow/example_dags/example_complex.py took 0.073 seconds
[2024-01-01T16:13:29.868+0100] {processor.py:161} INFO - Started process (PID=4830) to work on /home/ubuntu/.local/lib/python3.10/site-packages/airflow/example_dags/example_complex.py
[2024-01-01T16:13:29.878+0100] {processor.py:830} INFO - Processing file /home/ubuntu/.local/lib/python3.10/site-packages/airflow/example_dags/example_complex.py for tasks to queue
[2024-01-01T16:13:29.878+0100] {logging_mixin.py:188} INFO - [2024-01-01T16:13:29.878+0100] {dagbag.py:538} INFO - Filling up the DagBag from /home/ubuntu/.local/lib/python3.10/site-packages/airflow/example_dags/example_complex.py
[2024-01-01T16:13:29.885+0100] {processor.py:840} INFO - DAG(s) 'example_complex' retrieved from /home/ubuntu/.local/lib/python3.10/site-packages/airflow/example_dags/example_complex.py
[2024-01-01T16:13:29.900+0100] {logging_mixin.py:188} INFO - [2024-01-01T16:13:29.900+0100] {dag.py:3033} INFO - Sync 1 DAGs
[2024-01-01T16:13:29.906+0100] {logging_mixin.py:188} INFO - [2024-01-01T16:13:29.906+0100] {dag.py:3820} INFO - Setting next_dagrun for example_complex to None, run_after=None
[2024-01-01T16:13:29.938+0100] {processor.py:183} INFO - Processing /home/ubuntu/.local/lib/python3.10/site-packages/airflow/example_dags/example_complex.py took 0.072 seconds
[2024-01-01T16:14:24.021+0100] {processor.py:161} INFO - Started process (PID=4914) to work on /home/ubuntu/.local/lib/python3.10/site-packages/airflow/example_dags/example_complex.py
[2024-01-01T16:14:24.032+0100] {processor.py:830} INFO - Processing file /home/ubuntu/.local/lib/python3.10/site-packages/airflow/example_dags/example_complex.py for tasks to queue
[2024-01-01T16:14:24.034+0100] {logging_mixin.py:188} INFO - [2024-01-01T16:14:24.033+0100] {dagbag.py:538} INFO - Filling up the DagBag from /home/ubuntu/.local/lib/python3.10/site-packages/airflow/example_dags/example_complex.py
[2024-01-01T16:14:24.056+0100] {processor.py:840} INFO - DAG(s) 'example_complex' retrieved from /home/ubuntu/.local/lib/python3.10/site-packages/airflow/example_dags/example_complex.py
[2024-01-01T16:14:24.090+0100] {logging_mixin.py:188} INFO - [2024-01-01T16:14:24.089+0100] {dag.py:3033} INFO - Sync 1 DAGs
[2024-01-01T16:14:24.097+0100] {logging_mixin.py:188} INFO - [2024-01-01T16:14:24.097+0100] {dag.py:3820} INFO - Setting next_dagrun for example_complex to None, run_after=None
[2024-01-01T16:14:24.123+0100] {processor.py:183} INFO - Processing /home/ubuntu/.local/lib/python3.10/site-packages/airflow/example_dags/example_complex.py took 0.107 seconds
[2024-01-01T16:15:17.837+0100] {processor.py:161} INFO - Started process (PID=5028) to work on /home/ubuntu/.local/lib/python3.10/site-packages/airflow/example_dags/example_complex.py
[2024-01-01T16:15:17.847+0100] {processor.py:830} INFO - Processing file /home/ubuntu/.local/lib/python3.10/site-packages/airflow/example_dags/example_complex.py for tasks to queue
[2024-01-01T16:15:17.848+0100] {logging_mixin.py:188} INFO - [2024-01-01T16:15:17.847+0100] {dagbag.py:538} INFO - Filling up the DagBag from /home/ubuntu/.local/lib/python3.10/site-packages/airflow/example_dags/example_complex.py
[2024-01-01T16:15:17.854+0100] {processor.py:840} INFO - DAG(s) 'example_complex' retrieved from /home/ubuntu/.local/lib/python3.10/site-packages/airflow/example_dags/example_complex.py
[2024-01-01T16:15:17.871+0100] {logging_mixin.py:188} INFO - [2024-01-01T16:15:17.871+0100] {dag.py:3033} INFO - Sync 1 DAGs
[2024-01-01T16:15:17.878+0100] {logging_mixin.py:188} INFO - [2024-01-01T16:15:17.878+0100] {dag.py:3820} INFO - Setting next_dagrun for example_complex to None, run_after=None
[2024-01-01T16:15:17.894+0100] {processor.py:183} INFO - Processing /home/ubuntu/.local/lib/python3.10/site-packages/airflow/example_dags/example_complex.py took 0.058 seconds
[2024-01-01T16:16:10.455+0100] {processor.py:161} INFO - Started process (PID=5162) to work on /home/ubuntu/.local/lib/python3.10/site-packages/airflow/example_dags/example_complex.py
[2024-01-01T16:16:10.466+0100] {processor.py:830} INFO - Processing file /home/ubuntu/.local/lib/python3.10/site-packages/airflow/example_dags/example_complex.py for tasks to queue
[2024-01-01T16:16:10.467+0100] {logging_mixin.py:188} INFO - [2024-01-01T16:16:10.466+0100] {dagbag.py:538} INFO - Filling up the DagBag from /home/ubuntu/.local/lib/python3.10/site-packages/airflow/example_dags/example_complex.py
[2024-01-01T16:16:10.480+0100] {processor.py:840} INFO - DAG(s) 'example_complex' retrieved from /home/ubuntu/.local/lib/python3.10/site-packages/airflow/example_dags/example_complex.py
[2024-01-01T16:16:10.507+0100] {logging_mixin.py:188} INFO - [2024-01-01T16:16:10.506+0100] {dag.py:3033} INFO - Sync 1 DAGs
[2024-01-01T16:16:10.514+0100] {logging_mixin.py:188} INFO - [2024-01-01T16:16:10.514+0100] {dag.py:3820} INFO - Setting next_dagrun for example_complex to None, run_after=None
[2024-01-01T16:16:10.541+0100] {processor.py:183} INFO - Processing /home/ubuntu/.local/lib/python3.10/site-packages/airflow/example_dags/example_complex.py took 0.089 seconds
[2024-01-01T16:17:05.762+0100] {processor.py:161} INFO - Started process (PID=5251) to work on /home/ubuntu/.local/lib/python3.10/site-packages/airflow/example_dags/example_complex.py
[2024-01-01T16:17:05.772+0100] {processor.py:830} INFO - Processing file /home/ubuntu/.local/lib/python3.10/site-packages/airflow/example_dags/example_complex.py for tasks to queue
[2024-01-01T16:17:05.773+0100] {logging_mixin.py:188} INFO - [2024-01-01T16:17:05.773+0100] {dagbag.py:538} INFO - Filling up the DagBag from /home/ubuntu/.local/lib/python3.10/site-packages/airflow/example_dags/example_complex.py
[2024-01-01T16:17:05.780+0100] {processor.py:840} INFO - DAG(s) 'example_complex' retrieved from /home/ubuntu/.local/lib/python3.10/site-packages/airflow/example_dags/example_complex.py
[2024-01-01T16:17:05.794+0100] {logging_mixin.py:188} INFO - [2024-01-01T16:17:05.794+0100] {dag.py:3033} INFO - Sync 1 DAGs
[2024-01-01T16:17:05.801+0100] {logging_mixin.py:188} INFO - [2024-01-01T16:17:05.801+0100] {dag.py:3820} INFO - Setting next_dagrun for example_complex to None, run_after=None
[2024-01-01T16:17:05.817+0100] {processor.py:183} INFO - Processing /home/ubuntu/.local/lib/python3.10/site-packages/airflow/example_dags/example_complex.py took 0.056 seconds
[2024-01-01T16:17:59.713+0100] {processor.py:161} INFO - Started process (PID=5319) to work on /home/ubuntu/.local/lib/python3.10/site-packages/airflow/example_dags/example_complex.py
[2024-01-01T16:17:59.714+0100] {processor.py:830} INFO - Processing file /home/ubuntu/.local/lib/python3.10/site-packages/airflow/example_dags/example_complex.py for tasks to queue
[2024-01-01T16:17:59.715+0100] {logging_mixin.py:188} INFO - [2024-01-01T16:17:59.715+0100] {dagbag.py:538} INFO - Filling up the DagBag from /home/ubuntu/.local/lib/python3.10/site-packages/airflow/example_dags/example_complex.py
[2024-01-01T16:17:59.728+0100] {processor.py:840} INFO - DAG(s) 'example_complex' retrieved from /home/ubuntu/.local/lib/python3.10/site-packages/airflow/example_dags/example_complex.py
[2024-01-01T16:17:59.746+0100] {logging_mixin.py:188} INFO - [2024-01-01T16:17:59.746+0100] {dag.py:3033} INFO - Sync 1 DAGs
[2024-01-01T16:17:59.753+0100] {logging_mixin.py:188} INFO - [2024-01-01T16:17:59.752+0100] {dag.py:3820} INFO - Setting next_dagrun for example_complex to None, run_after=None
[2024-01-01T16:17:59.792+0100] {processor.py:183} INFO - Processing /home/ubuntu/.local/lib/python3.10/site-packages/airflow/example_dags/example_complex.py took 0.084 seconds
[2024-01-01T16:18:54.927+0100] {processor.py:161} INFO - Started process (PID=5394) to work on /home/ubuntu/.local/lib/python3.10/site-packages/airflow/example_dags/example_complex.py
[2024-01-01T16:18:54.938+0100] {processor.py:830} INFO - Processing file /home/ubuntu/.local/lib/python3.10/site-packages/airflow/example_dags/example_complex.py for tasks to queue
[2024-01-01T16:18:54.939+0100] {logging_mixin.py:188} INFO - [2024-01-01T16:18:54.938+0100] {dagbag.py:538} INFO - Filling up the DagBag from /home/ubuntu/.local/lib/python3.10/site-packages/airflow/example_dags/example_complex.py
[2024-01-01T16:18:54.945+0100] {processor.py:840} INFO - DAG(s) 'example_complex' retrieved from /home/ubuntu/.local/lib/python3.10/site-packages/airflow/example_dags/example_complex.py
[2024-01-01T16:18:54.960+0100] {logging_mixin.py:188} INFO - [2024-01-01T16:18:54.960+0100] {dag.py:3033} INFO - Sync 1 DAGs
[2024-01-01T16:18:54.967+0100] {logging_mixin.py:188} INFO - [2024-01-01T16:18:54.967+0100] {dag.py:3820} INFO - Setting next_dagrun for example_complex to None, run_after=None
[2024-01-01T16:18:54.982+0100] {processor.py:183} INFO - Processing /home/ubuntu/.local/lib/python3.10/site-packages/airflow/example_dags/example_complex.py took 0.057 seconds
[2024-01-01T16:20:28.664+0100] {processor.py:161} INFO - Started process (PID=5664) to work on /home/ubuntu/.local/lib/python3.10/site-packages/airflow/example_dags/example_complex.py
[2024-01-01T16:20:28.667+0100] {processor.py:830} INFO - Processing file /home/ubuntu/.local/lib/python3.10/site-packages/airflow/example_dags/example_complex.py for tasks to queue
[2024-01-01T16:20:28.668+0100] {logging_mixin.py:188} INFO - [2024-01-01T16:20:28.668+0100] {dagbag.py:538} INFO - Filling up the DagBag from /home/ubuntu/.local/lib/python3.10/site-packages/airflow/example_dags/example_complex.py
[2024-01-01T16:20:28.688+0100] {processor.py:840} INFO - DAG(s) 'example_complex' retrieved from /home/ubuntu/.local/lib/python3.10/site-packages/airflow/example_dags/example_complex.py
[2024-01-01T16:20:28.758+0100] {logging_mixin.py:188} INFO - [2024-01-01T16:20:28.758+0100] {dag.py:3033} INFO - Sync 1 DAGs
[2024-01-01T16:20:28.764+0100] {logging_mixin.py:188} INFO - [2024-01-01T16:20:28.764+0100] {dag.py:3820} INFO - Setting next_dagrun for example_complex to None, run_after=None
[2024-01-01T16:20:28.791+0100] {processor.py:183} INFO - Processing /home/ubuntu/.local/lib/python3.10/site-packages/airflow/example_dags/example_complex.py took 0.132 seconds
[2024-01-01T16:21:32.225+0100] {processor.py:161} INFO - Started process (PID=5851) to work on /home/ubuntu/.local/lib/python3.10/site-packages/airflow/example_dags/example_complex.py
[2024-01-01T16:21:32.235+0100] {processor.py:830} INFO - Processing file /home/ubuntu/.local/lib/python3.10/site-packages/airflow/example_dags/example_complex.py for tasks to queue
[2024-01-01T16:21:32.236+0100] {logging_mixin.py:188} INFO - [2024-01-01T16:21:32.236+0100] {dagbag.py:538} INFO - Filling up the DagBag from /home/ubuntu/.local/lib/python3.10/site-packages/airflow/example_dags/example_complex.py
[2024-01-01T16:21:32.257+0100] {processor.py:840} INFO - DAG(s) 'example_complex' retrieved from /home/ubuntu/.local/lib/python3.10/site-packages/airflow/example_dags/example_complex.py
[2024-01-01T16:21:32.286+0100] {logging_mixin.py:188} INFO - [2024-01-01T16:21:32.286+0100] {dag.py:3033} INFO - Sync 1 DAGs
[2024-01-01T16:21:32.295+0100] {logging_mixin.py:188} INFO - [2024-01-01T16:21:32.295+0100] {dag.py:3820} INFO - Setting next_dagrun for example_complex to None, run_after=None
[2024-01-01T16:21:32.310+0100] {processor.py:183} INFO - Processing /home/ubuntu/.local/lib/python3.10/site-packages/airflow/example_dags/example_complex.py took 0.088 seconds
[2024-01-01T16:23:53.103+0100] {processor.py:161} INFO - Started process (PID=5999) to work on /home/ubuntu/.local/lib/python3.10/site-packages/airflow/example_dags/example_complex.py
[2024-01-01T16:23:53.116+0100] {processor.py:830} INFO - Processing file /home/ubuntu/.local/lib/python3.10/site-packages/airflow/example_dags/example_complex.py for tasks to queue
[2024-01-01T16:23:53.118+0100] {logging_mixin.py:188} INFO - [2024-01-01T16:23:53.117+0100] {dagbag.py:538} INFO - Filling up the DagBag from /home/ubuntu/.local/lib/python3.10/site-packages/airflow/example_dags/example_complex.py
[2024-01-01T16:23:53.140+0100] {processor.py:840} INFO - DAG(s) 'example_complex' retrieved from /home/ubuntu/.local/lib/python3.10/site-packages/airflow/example_dags/example_complex.py
[2024-01-01T16:23:53.208+0100] {logging_mixin.py:188} INFO - [2024-01-01T16:23:53.208+0100] {dag.py:3033} INFO - Sync 1 DAGs
[2024-01-01T16:23:53.215+0100] {logging_mixin.py:188} INFO - [2024-01-01T16:23:53.214+0100] {dag.py:3820} INFO - Setting next_dagrun for example_complex to None, run_after=None
[2024-01-01T16:23:53.233+0100] {processor.py:183} INFO - Processing /home/ubuntu/.local/lib/python3.10/site-packages/airflow/example_dags/example_complex.py took 0.137 seconds
[2024-01-01T16:24:42.286+0100] {processor.py:161} INFO - Started process (PID=6069) to work on /home/ubuntu/.local/lib/python3.10/site-packages/airflow/example_dags/example_complex.py
[2024-01-01T16:24:42.288+0100] {processor.py:830} INFO - Processing file /home/ubuntu/.local/lib/python3.10/site-packages/airflow/example_dags/example_complex.py for tasks to queue
[2024-01-01T16:24:42.289+0100] {logging_mixin.py:188} INFO - [2024-01-01T16:24:42.289+0100] {dagbag.py:538} INFO - Filling up the DagBag from /home/ubuntu/.local/lib/python3.10/site-packages/airflow/example_dags/example_complex.py
[2024-01-01T16:24:42.302+0100] {processor.py:840} INFO - DAG(s) 'example_complex' retrieved from /home/ubuntu/.local/lib/python3.10/site-packages/airflow/example_dags/example_complex.py
[2024-01-01T16:24:42.323+0100] {logging_mixin.py:188} INFO - [2024-01-01T16:24:42.323+0100] {dag.py:3033} INFO - Sync 1 DAGs
[2024-01-01T16:24:42.331+0100] {logging_mixin.py:188} INFO - [2024-01-01T16:24:42.331+0100] {dag.py:3820} INFO - Setting next_dagrun for example_complex to None, run_after=None
[2024-01-01T16:24:42.346+0100] {processor.py:183} INFO - Processing /home/ubuntu/.local/lib/python3.10/site-packages/airflow/example_dags/example_complex.py took 0.064 seconds
[2024-01-01T16:25:33.316+0100] {processor.py:161} INFO - Started process (PID=6281) to work on /home/ubuntu/.local/lib/python3.10/site-packages/airflow/example_dags/example_complex.py
[2024-01-01T16:25:33.323+0100] {processor.py:830} INFO - Processing file /home/ubuntu/.local/lib/python3.10/site-packages/airflow/example_dags/example_complex.py for tasks to queue
[2024-01-01T16:25:33.325+0100] {logging_mixin.py:188} INFO - [2024-01-01T16:25:33.324+0100] {dagbag.py:538} INFO - Filling up the DagBag from /home/ubuntu/.local/lib/python3.10/site-packages/airflow/example_dags/example_complex.py
[2024-01-01T16:25:33.335+0100] {processor.py:840} INFO - DAG(s) 'example_complex' retrieved from /home/ubuntu/.local/lib/python3.10/site-packages/airflow/example_dags/example_complex.py
[2024-01-01T16:25:33.354+0100] {logging_mixin.py:188} INFO - [2024-01-01T16:25:33.354+0100] {dag.py:3033} INFO - Sync 1 DAGs
[2024-01-01T16:25:33.361+0100] {logging_mixin.py:188} INFO - [2024-01-01T16:25:33.361+0100] {dag.py:3820} INFO - Setting next_dagrun for example_complex to None, run_after=None
[2024-01-01T16:25:33.384+0100] {processor.py:183} INFO - Processing /home/ubuntu/.local/lib/python3.10/site-packages/airflow/example_dags/example_complex.py took 0.073 seconds
[2024-01-01T16:26:31.694+0100] {processor.py:161} INFO - Started process (PID=6377) to work on /home/ubuntu/.local/lib/python3.10/site-packages/airflow/example_dags/example_complex.py
[2024-01-01T16:26:31.696+0100] {processor.py:830} INFO - Processing file /home/ubuntu/.local/lib/python3.10/site-packages/airflow/example_dags/example_complex.py for tasks to queue
[2024-01-01T16:26:31.698+0100] {logging_mixin.py:188} INFO - [2024-01-01T16:26:31.697+0100] {dagbag.py:538} INFO - Filling up the DagBag from /home/ubuntu/.local/lib/python3.10/site-packages/airflow/example_dags/example_complex.py
[2024-01-01T16:26:31.723+0100] {processor.py:840} INFO - DAG(s) 'example_complex' retrieved from /home/ubuntu/.local/lib/python3.10/site-packages/airflow/example_dags/example_complex.py
[2024-01-01T16:26:31.746+0100] {logging_mixin.py:188} INFO - [2024-01-01T16:26:31.746+0100] {dag.py:3033} INFO - Sync 1 DAGs
[2024-01-01T16:26:31.753+0100] {logging_mixin.py:188} INFO - [2024-01-01T16:26:31.753+0100] {dag.py:3820} INFO - Setting next_dagrun for example_complex to None, run_after=None
[2024-01-01T16:26:31.779+0100] {processor.py:183} INFO - Processing /home/ubuntu/.local/lib/python3.10/site-packages/airflow/example_dags/example_complex.py took 0.092 seconds
[2024-01-01T16:27:23.742+0100] {processor.py:161} INFO - Started process (PID=6587) to work on /home/ubuntu/.local/lib/python3.10/site-packages/airflow/example_dags/example_complex.py
[2024-01-01T16:27:23.745+0100] {processor.py:830} INFO - Processing file /home/ubuntu/.local/lib/python3.10/site-packages/airflow/example_dags/example_complex.py for tasks to queue
[2024-01-01T16:27:23.747+0100] {logging_mixin.py:188} INFO - [2024-01-01T16:27:23.746+0100] {dagbag.py:538} INFO - Filling up the DagBag from /home/ubuntu/.local/lib/python3.10/site-packages/airflow/example_dags/example_complex.py
[2024-01-01T16:27:23.766+0100] {processor.py:840} INFO - DAG(s) 'example_complex' retrieved from /home/ubuntu/.local/lib/python3.10/site-packages/airflow/example_dags/example_complex.py
[2024-01-01T16:27:23.788+0100] {logging_mixin.py:188} INFO - [2024-01-01T16:27:23.787+0100] {dag.py:3033} INFO - Sync 1 DAGs
[2024-01-01T16:27:23.795+0100] {logging_mixin.py:188} INFO - [2024-01-01T16:27:23.795+0100] {dag.py:3820} INFO - Setting next_dagrun for example_complex to None, run_after=None
[2024-01-01T16:27:23.809+0100] {processor.py:183} INFO - Processing /home/ubuntu/.local/lib/python3.10/site-packages/airflow/example_dags/example_complex.py took 0.074 seconds
[2024-01-01T16:28:12.777+0100] {processor.py:161} INFO - Started process (PID=6729) to work on /home/ubuntu/.local/lib/python3.10/site-packages/airflow/example_dags/example_complex.py
[2024-01-01T16:28:12.789+0100] {processor.py:830} INFO - Processing file /home/ubuntu/.local/lib/python3.10/site-packages/airflow/example_dags/example_complex.py for tasks to queue
[2024-01-01T16:28:12.791+0100] {logging_mixin.py:188} INFO - [2024-01-01T16:28:12.790+0100] {dagbag.py:538} INFO - Filling up the DagBag from /home/ubuntu/.local/lib/python3.10/site-packages/airflow/example_dags/example_complex.py
[2024-01-01T16:28:12.814+0100] {processor.py:840} INFO - DAG(s) 'example_complex' retrieved from /home/ubuntu/.local/lib/python3.10/site-packages/airflow/example_dags/example_complex.py
[2024-01-01T16:28:12.838+0100] {logging_mixin.py:188} INFO - [2024-01-01T16:28:12.838+0100] {dag.py:3033} INFO - Sync 1 DAGs
[2024-01-01T16:28:12.846+0100] {logging_mixin.py:188} INFO - [2024-01-01T16:28:12.846+0100] {dag.py:3820} INFO - Setting next_dagrun for example_complex to None, run_after=None
[2024-01-01T16:28:12.871+0100] {processor.py:183} INFO - Processing /home/ubuntu/.local/lib/python3.10/site-packages/airflow/example_dags/example_complex.py took 0.101 seconds
[2024-01-01T16:29:08.141+0100] {processor.py:161} INFO - Started process (PID=6815) to work on /home/ubuntu/.local/lib/python3.10/site-packages/airflow/example_dags/example_complex.py
[2024-01-01T16:29:08.143+0100] {processor.py:830} INFO - Processing file /home/ubuntu/.local/lib/python3.10/site-packages/airflow/example_dags/example_complex.py for tasks to queue
[2024-01-01T16:29:08.144+0100] {logging_mixin.py:188} INFO - [2024-01-01T16:29:08.144+0100] {dagbag.py:538} INFO - Filling up the DagBag from /home/ubuntu/.local/lib/python3.10/site-packages/airflow/example_dags/example_complex.py
[2024-01-01T16:29:08.167+0100] {processor.py:840} INFO - DAG(s) 'example_complex' retrieved from /home/ubuntu/.local/lib/python3.10/site-packages/airflow/example_dags/example_complex.py
[2024-01-01T16:29:08.184+0100] {logging_mixin.py:188} INFO - [2024-01-01T16:29:08.184+0100] {dag.py:3033} INFO - Sync 1 DAGs
[2024-01-01T16:29:08.191+0100] {logging_mixin.py:188} INFO - [2024-01-01T16:29:08.191+0100] {dag.py:3820} INFO - Setting next_dagrun for example_complex to None, run_after=None
[2024-01-01T16:29:08.229+0100] {processor.py:183} INFO - Processing /home/ubuntu/.local/lib/python3.10/site-packages/airflow/example_dags/example_complex.py took 0.095 seconds
[2024-01-01T16:30:01.380+0100] {processor.py:161} INFO - Started process (PID=6921) to work on /home/ubuntu/.local/lib/python3.10/site-packages/airflow/example_dags/example_complex.py
[2024-01-01T16:30:01.391+0100] {processor.py:830} INFO - Processing file /home/ubuntu/.local/lib/python3.10/site-packages/airflow/example_dags/example_complex.py for tasks to queue
[2024-01-01T16:30:01.392+0100] {logging_mixin.py:188} INFO - [2024-01-01T16:30:01.392+0100] {dagbag.py:538} INFO - Filling up the DagBag from /home/ubuntu/.local/lib/python3.10/site-packages/airflow/example_dags/example_complex.py
[2024-01-01T16:30:01.407+0100] {processor.py:840} INFO - DAG(s) 'example_complex' retrieved from /home/ubuntu/.local/lib/python3.10/site-packages/airflow/example_dags/example_complex.py
[2024-01-01T16:30:01.431+0100] {logging_mixin.py:188} INFO - [2024-01-01T16:30:01.431+0100] {dag.py:3033} INFO - Sync 1 DAGs
[2024-01-01T16:30:01.438+0100] {logging_mixin.py:188} INFO - [2024-01-01T16:30:01.438+0100] {dag.py:3820} INFO - Setting next_dagrun for example_complex to None, run_after=None
[2024-01-01T16:30:01.456+0100] {processor.py:183} INFO - Processing /home/ubuntu/.local/lib/python3.10/site-packages/airflow/example_dags/example_complex.py took 0.081 seconds
[2024-01-01T16:30:55.726+0100] {processor.py:161} INFO - Started process (PID=7040) to work on /home/ubuntu/.local/lib/python3.10/site-packages/airflow/example_dags/example_complex.py
[2024-01-01T16:30:55.736+0100] {processor.py:830} INFO - Processing file /home/ubuntu/.local/lib/python3.10/site-packages/airflow/example_dags/example_complex.py for tasks to queue
[2024-01-01T16:30:55.737+0100] {logging_mixin.py:188} INFO - [2024-01-01T16:30:55.737+0100] {dagbag.py:538} INFO - Filling up the DagBag from /home/ubuntu/.local/lib/python3.10/site-packages/airflow/example_dags/example_complex.py
[2024-01-01T16:30:55.748+0100] {processor.py:840} INFO - DAG(s) 'example_complex' retrieved from /home/ubuntu/.local/lib/python3.10/site-packages/airflow/example_dags/example_complex.py
[2024-01-01T16:30:55.768+0100] {logging_mixin.py:188} INFO - [2024-01-01T16:30:55.768+0100] {dag.py:3033} INFO - Sync 1 DAGs
[2024-01-01T16:30:55.778+0100] {logging_mixin.py:188} INFO - [2024-01-01T16:30:55.777+0100] {dag.py:3820} INFO - Setting next_dagrun for example_complex to None, run_after=None
[2024-01-01T16:30:55.798+0100] {processor.py:183} INFO - Processing /home/ubuntu/.local/lib/python3.10/site-packages/airflow/example_dags/example_complex.py took 0.077 seconds
[2024-01-01T16:31:47.606+0100] {processor.py:161} INFO - Started process (PID=7117) to work on /home/ubuntu/.local/lib/python3.10/site-packages/airflow/example_dags/example_complex.py
[2024-01-01T16:31:47.607+0100] {processor.py:830} INFO - Processing file /home/ubuntu/.local/lib/python3.10/site-packages/airflow/example_dags/example_complex.py for tasks to queue
[2024-01-01T16:31:47.608+0100] {logging_mixin.py:188} INFO - [2024-01-01T16:31:47.608+0100] {dagbag.py:538} INFO - Filling up the DagBag from /home/ubuntu/.local/lib/python3.10/site-packages/airflow/example_dags/example_complex.py
[2024-01-01T16:31:47.619+0100] {processor.py:840} INFO - DAG(s) 'example_complex' retrieved from /home/ubuntu/.local/lib/python3.10/site-packages/airflow/example_dags/example_complex.py
[2024-01-01T16:31:47.641+0100] {logging_mixin.py:188} INFO - [2024-01-01T16:31:47.641+0100] {dag.py:3033} INFO - Sync 1 DAGs
[2024-01-01T16:31:47.649+0100] {logging_mixin.py:188} INFO - [2024-01-01T16:31:47.649+0100] {dag.py:3820} INFO - Setting next_dagrun for example_complex to None, run_after=None
[2024-01-01T16:31:47.677+0100] {processor.py:183} INFO - Processing /home/ubuntu/.local/lib/python3.10/site-packages/airflow/example_dags/example_complex.py took 0.073 seconds
[2024-01-01T16:32:43.280+0100] {processor.py:161} INFO - Started process (PID=7257) to work on /home/ubuntu/.local/lib/python3.10/site-packages/airflow/example_dags/example_complex.py
[2024-01-01T16:32:43.291+0100] {processor.py:830} INFO - Processing file /home/ubuntu/.local/lib/python3.10/site-packages/airflow/example_dags/example_complex.py for tasks to queue
[2024-01-01T16:32:43.292+0100] {logging_mixin.py:188} INFO - [2024-01-01T16:32:43.291+0100] {dagbag.py:538} INFO - Filling up the DagBag from /home/ubuntu/.local/lib/python3.10/site-packages/airflow/example_dags/example_complex.py
[2024-01-01T16:32:43.305+0100] {processor.py:840} INFO - DAG(s) 'example_complex' retrieved from /home/ubuntu/.local/lib/python3.10/site-packages/airflow/example_dags/example_complex.py
[2024-01-01T16:32:43.331+0100] {logging_mixin.py:188} INFO - [2024-01-01T16:32:43.331+0100] {dag.py:3033} INFO - Sync 1 DAGs
[2024-01-01T16:32:43.342+0100] {logging_mixin.py:188} INFO - [2024-01-01T16:32:43.342+0100] {dag.py:3820} INFO - Setting next_dagrun for example_complex to None, run_after=None
[2024-01-01T16:32:43.374+0100] {processor.py:183} INFO - Processing /home/ubuntu/.local/lib/python3.10/site-packages/airflow/example_dags/example_complex.py took 0.097 seconds
[2024-01-01T16:33:51.086+0100] {processor.py:161} INFO - Started process (PID=7477) to work on /home/ubuntu/.local/lib/python3.10/site-packages/airflow/example_dags/example_complex.py
[2024-01-01T16:33:51.101+0100] {processor.py:830} INFO - Processing file /home/ubuntu/.local/lib/python3.10/site-packages/airflow/example_dags/example_complex.py for tasks to queue
[2024-01-01T16:33:51.103+0100] {logging_mixin.py:188} INFO - [2024-01-01T16:33:51.102+0100] {dagbag.py:538} INFO - Filling up the DagBag from /home/ubuntu/.local/lib/python3.10/site-packages/airflow/example_dags/example_complex.py
[2024-01-01T16:33:51.124+0100] {processor.py:840} INFO - DAG(s) 'example_complex' retrieved from /home/ubuntu/.local/lib/python3.10/site-packages/airflow/example_dags/example_complex.py
[2024-01-01T16:33:51.146+0100] {logging_mixin.py:188} INFO - [2024-01-01T16:33:51.145+0100] {dag.py:3033} INFO - Sync 1 DAGs
[2024-01-01T16:33:51.154+0100] {logging_mixin.py:188} INFO - [2024-01-01T16:33:51.153+0100] {dag.py:3820} INFO - Setting next_dagrun for example_complex to None, run_after=None
[2024-01-01T16:33:51.169+0100] {processor.py:183} INFO - Processing /home/ubuntu/.local/lib/python3.10/site-packages/airflow/example_dags/example_complex.py took 0.090 seconds
