[2024-01-01T15:42:52.524+0100] {processor.py:161} INFO - Started process (PID=8000) to work on /home/ubuntu/.local/lib/python3.10/site-packages/airflow/example_dags/example_skip_dag.py
[2024-01-01T15:42:52.525+0100] {processor.py:830} INFO - Processing file /home/ubuntu/.local/lib/python3.10/site-packages/airflow/example_dags/example_skip_dag.py for tasks to queue
[2024-01-01T15:42:52.526+0100] {logging_mixin.py:188} INFO - [2024-01-01T15:42:52.526+0100] {dagbag.py:538} INFO - Filling up the DagBag from /home/ubuntu/.local/lib/python3.10/site-packages/airflow/example_dags/example_skip_dag.py
[2024-01-01T15:42:52.534+0100] {processor.py:840} INFO - DAG(s) 'example_skip_dag' retrieved from /home/ubuntu/.local/lib/python3.10/site-packages/airflow/example_dags/example_skip_dag.py
[2024-01-01T15:42:52.592+0100] {logging_mixin.py:188} INFO - [2024-01-01T15:42:52.592+0100] {dag.py:3033} INFO - Sync 1 DAGs
[2024-01-01T15:42:52.602+0100] {logging_mixin.py:188} INFO - [2024-01-01T15:42:52.602+0100] {dag.py:3820} INFO - Setting next_dagrun for example_skip_dag to 2023-12-31T00:00:00+00:00, run_after=2024-01-01T00:00:00+00:00
[2024-01-01T15:42:52.617+0100] {processor.py:183} INFO - Processing /home/ubuntu/.local/lib/python3.10/site-packages/airflow/example_dags/example_skip_dag.py took 0.097 seconds
[2024-01-01T15:43:41.196+0100] {processor.py:161} INFO - Started process (PID=8071) to work on /home/ubuntu/.local/lib/python3.10/site-packages/airflow/example_dags/example_skip_dag.py
[2024-01-01T15:43:41.207+0100] {processor.py:830} INFO - Processing file /home/ubuntu/.local/lib/python3.10/site-packages/airflow/example_dags/example_skip_dag.py for tasks to queue
[2024-01-01T15:43:41.208+0100] {logging_mixin.py:188} INFO - [2024-01-01T15:43:41.208+0100] {dagbag.py:538} INFO - Filling up the DagBag from /home/ubuntu/.local/lib/python3.10/site-packages/airflow/example_dags/example_skip_dag.py
[2024-01-01T15:43:41.215+0100] {processor.py:840} INFO - DAG(s) 'example_skip_dag' retrieved from /home/ubuntu/.local/lib/python3.10/site-packages/airflow/example_dags/example_skip_dag.py
[2024-01-01T15:43:41.224+0100] {logging_mixin.py:188} INFO - [2024-01-01T15:43:41.224+0100] {dag.py:3033} INFO - Sync 1 DAGs
[2024-01-01T15:43:41.234+0100] {logging_mixin.py:188} INFO - [2024-01-01T15:43:41.234+0100] {dag.py:3820} INFO - Setting next_dagrun for example_skip_dag to 2023-12-31T00:00:00+00:00, run_after=2024-01-01T00:00:00+00:00
[2024-01-01T15:43:41.250+0100] {processor.py:183} INFO - Processing /home/ubuntu/.local/lib/python3.10/site-packages/airflow/example_dags/example_skip_dag.py took 0.056 seconds
[2024-01-01T15:44:36.721+0100] {processor.py:161} INFO - Started process (PID=8281) to work on /home/ubuntu/.local/lib/python3.10/site-packages/airflow/example_dags/example_skip_dag.py
[2024-01-01T15:44:36.724+0100] {processor.py:830} INFO - Processing file /home/ubuntu/.local/lib/python3.10/site-packages/airflow/example_dags/example_skip_dag.py for tasks to queue
[2024-01-01T15:44:36.726+0100] {logging_mixin.py:188} INFO - [2024-01-01T15:44:36.725+0100] {dagbag.py:538} INFO - Filling up the DagBag from /home/ubuntu/.local/lib/python3.10/site-packages/airflow/example_dags/example_skip_dag.py
[2024-01-01T15:44:36.741+0100] {processor.py:840} INFO - DAG(s) 'example_skip_dag' retrieved from /home/ubuntu/.local/lib/python3.10/site-packages/airflow/example_dags/example_skip_dag.py
[2024-01-01T15:44:36.758+0100] {logging_mixin.py:188} INFO - [2024-01-01T15:44:36.758+0100] {dag.py:3033} INFO - Sync 1 DAGs
[2024-01-01T15:44:36.773+0100] {logging_mixin.py:188} INFO - [2024-01-01T15:44:36.773+0100] {dag.py:3820} INFO - Setting next_dagrun for example_skip_dag to 2023-12-31T00:00:00+00:00, run_after=2024-01-01T00:00:00+00:00
[2024-01-01T15:44:36.791+0100] {processor.py:183} INFO - Processing /home/ubuntu/.local/lib/python3.10/site-packages/airflow/example_dags/example_skip_dag.py took 0.077 seconds
[2024-01-01T15:46:15.306+0100] {processor.py:161} INFO - Started process (PID=8723) to work on /home/ubuntu/.local/lib/python3.10/site-packages/airflow/example_dags/example_skip_dag.py
[2024-01-01T15:46:15.307+0100] {processor.py:830} INFO - Processing file /home/ubuntu/.local/lib/python3.10/site-packages/airflow/example_dags/example_skip_dag.py for tasks to queue
[2024-01-01T15:46:15.311+0100] {logging_mixin.py:188} INFO - [2024-01-01T15:46:15.308+0100] {dagbag.py:538} INFO - Filling up the DagBag from /home/ubuntu/.local/lib/python3.10/site-packages/airflow/example_dags/example_skip_dag.py
[2024-01-01T15:46:15.341+0100] {processor.py:840} INFO - DAG(s) 'example_skip_dag' retrieved from /home/ubuntu/.local/lib/python3.10/site-packages/airflow/example_dags/example_skip_dag.py
[2024-01-01T15:46:15.400+0100] {logging_mixin.py:188} INFO - [2024-01-01T15:46:15.400+0100] {dag.py:3033} INFO - Sync 1 DAGs
[2024-01-01T15:46:15.468+0100] {logging_mixin.py:188} INFO - [2024-01-01T15:46:15.468+0100] {dag.py:3820} INFO - Setting next_dagrun for example_skip_dag to 2023-12-31T00:00:00+00:00, run_after=2024-01-01T00:00:00+00:00
[2024-01-01T15:46:15.528+0100] {processor.py:183} INFO - Processing /home/ubuntu/.local/lib/python3.10/site-packages/airflow/example_dags/example_skip_dag.py took 0.227 seconds
[2024-01-01T16:09:27.993+0100] {processor.py:161} INFO - Started process (PID=4159) to work on /home/ubuntu/.local/lib/python3.10/site-packages/airflow/example_dags/example_skip_dag.py
[2024-01-01T16:09:27.994+0100] {processor.py:830} INFO - Processing file /home/ubuntu/.local/lib/python3.10/site-packages/airflow/example_dags/example_skip_dag.py for tasks to queue
[2024-01-01T16:09:27.994+0100] {logging_mixin.py:188} INFO - [2024-01-01T16:09:27.994+0100] {dagbag.py:538} INFO - Filling up the DagBag from /home/ubuntu/.local/lib/python3.10/site-packages/airflow/example_dags/example_skip_dag.py
[2024-01-01T16:09:28.001+0100] {processor.py:840} INFO - DAG(s) 'example_skip_dag' retrieved from /home/ubuntu/.local/lib/python3.10/site-packages/airflow/example_dags/example_skip_dag.py
[2024-01-01T16:09:28.076+0100] {logging_mixin.py:188} INFO - [2024-01-01T16:09:28.076+0100] {dag.py:3033} INFO - Sync 1 DAGs
[2024-01-01T16:09:28.087+0100] {logging_mixin.py:188} INFO - [2024-01-01T16:09:28.087+0100] {dag.py:3820} INFO - Setting next_dagrun for example_skip_dag to 2023-12-31T00:00:00+00:00, run_after=2024-01-01T00:00:00+00:00
[2024-01-01T16:09:28.104+0100] {processor.py:183} INFO - Processing /home/ubuntu/.local/lib/python3.10/site-packages/airflow/example_dags/example_skip_dag.py took 0.114 seconds
[2024-01-01T16:10:21.411+0100] {processor.py:161} INFO - Started process (PID=4437) to work on /home/ubuntu/.local/lib/python3.10/site-packages/airflow/example_dags/example_skip_dag.py
[2024-01-01T16:10:21.414+0100] {processor.py:830} INFO - Processing file /home/ubuntu/.local/lib/python3.10/site-packages/airflow/example_dags/example_skip_dag.py for tasks to queue
[2024-01-01T16:10:21.416+0100] {logging_mixin.py:188} INFO - [2024-01-01T16:10:21.415+0100] {dagbag.py:538} INFO - Filling up the DagBag from /home/ubuntu/.local/lib/python3.10/site-packages/airflow/example_dags/example_skip_dag.py
[2024-01-01T16:10:21.434+0100] {processor.py:840} INFO - DAG(s) 'example_skip_dag' retrieved from /home/ubuntu/.local/lib/python3.10/site-packages/airflow/example_dags/example_skip_dag.py
[2024-01-01T16:10:21.451+0100] {logging_mixin.py:188} INFO - [2024-01-01T16:10:21.451+0100] {dag.py:3033} INFO - Sync 1 DAGs
[2024-01-01T16:10:21.465+0100] {logging_mixin.py:188} INFO - [2024-01-01T16:10:21.465+0100] {dag.py:3820} INFO - Setting next_dagrun for example_skip_dag to 2023-12-31T00:00:00+00:00, run_after=2024-01-01T00:00:00+00:00
[2024-01-01T16:10:21.479+0100] {processor.py:183} INFO - Processing /home/ubuntu/.local/lib/python3.10/site-packages/airflow/example_dags/example_skip_dag.py took 0.076 seconds
[2024-01-01T16:11:18.066+0100] {processor.py:161} INFO - Started process (PID=4517) to work on /home/ubuntu/.local/lib/python3.10/site-packages/airflow/example_dags/example_skip_dag.py
[2024-01-01T16:11:18.078+0100] {processor.py:830} INFO - Processing file /home/ubuntu/.local/lib/python3.10/site-packages/airflow/example_dags/example_skip_dag.py for tasks to queue
[2024-01-01T16:11:18.080+0100] {logging_mixin.py:188} INFO - [2024-01-01T16:11:18.079+0100] {dagbag.py:538} INFO - Filling up the DagBag from /home/ubuntu/.local/lib/python3.10/site-packages/airflow/example_dags/example_skip_dag.py
[2024-01-01T16:11:18.099+0100] {processor.py:840} INFO - DAG(s) 'example_skip_dag' retrieved from /home/ubuntu/.local/lib/python3.10/site-packages/airflow/example_dags/example_skip_dag.py
[2024-01-01T16:11:18.118+0100] {logging_mixin.py:188} INFO - [2024-01-01T16:11:18.118+0100] {dag.py:3033} INFO - Sync 1 DAGs
[2024-01-01T16:11:18.133+0100] {logging_mixin.py:188} INFO - [2024-01-01T16:11:18.133+0100] {dag.py:3820} INFO - Setting next_dagrun for example_skip_dag to 2023-12-31T00:00:00+00:00, run_after=2024-01-01T00:00:00+00:00
[2024-01-01T16:11:18.148+0100] {processor.py:183} INFO - Processing /home/ubuntu/.local/lib/python3.10/site-packages/airflow/example_dags/example_skip_dag.py took 0.091 seconds
[2024-01-01T16:12:09.913+0100] {processor.py:161} INFO - Started process (PID=4646) to work on /home/ubuntu/.local/lib/python3.10/site-packages/airflow/example_dags/example_skip_dag.py
[2024-01-01T16:12:09.923+0100] {processor.py:830} INFO - Processing file /home/ubuntu/.local/lib/python3.10/site-packages/airflow/example_dags/example_skip_dag.py for tasks to queue
[2024-01-01T16:12:09.924+0100] {logging_mixin.py:188} INFO - [2024-01-01T16:12:09.923+0100] {dagbag.py:538} INFO - Filling up the DagBag from /home/ubuntu/.local/lib/python3.10/site-packages/airflow/example_dags/example_skip_dag.py
[2024-01-01T16:12:09.937+0100] {processor.py:840} INFO - DAG(s) 'example_skip_dag' retrieved from /home/ubuntu/.local/lib/python3.10/site-packages/airflow/example_dags/example_skip_dag.py
[2024-01-01T16:12:09.958+0100] {logging_mixin.py:188} INFO - [2024-01-01T16:12:09.958+0100] {dag.py:3033} INFO - Sync 1 DAGs
[2024-01-01T16:12:09.974+0100] {logging_mixin.py:188} INFO - [2024-01-01T16:12:09.974+0100] {dag.py:3820} INFO - Setting next_dagrun for example_skip_dag to 2023-12-31T00:00:00+00:00, run_after=2024-01-01T00:00:00+00:00
[2024-01-01T16:12:10.000+0100] {processor.py:183} INFO - Processing /home/ubuntu/.local/lib/python3.10/site-packages/airflow/example_dags/example_skip_dag.py took 0.091 seconds
[2024-01-01T16:13:05.594+0100] {processor.py:161} INFO - Started process (PID=4800) to work on /home/ubuntu/.local/lib/python3.10/site-packages/airflow/example_dags/example_skip_dag.py
[2024-01-01T16:13:05.604+0100] {processor.py:830} INFO - Processing file /home/ubuntu/.local/lib/python3.10/site-packages/airflow/example_dags/example_skip_dag.py for tasks to queue
[2024-01-01T16:13:05.605+0100] {logging_mixin.py:188} INFO - [2024-01-01T16:13:05.605+0100] {dagbag.py:538} INFO - Filling up the DagBag from /home/ubuntu/.local/lib/python3.10/site-packages/airflow/example_dags/example_skip_dag.py
[2024-01-01T16:13:05.612+0100] {processor.py:840} INFO - DAG(s) 'example_skip_dag' retrieved from /home/ubuntu/.local/lib/python3.10/site-packages/airflow/example_dags/example_skip_dag.py
[2024-01-01T16:13:05.627+0100] {logging_mixin.py:188} INFO - [2024-01-01T16:13:05.627+0100] {dag.py:3033} INFO - Sync 1 DAGs
[2024-01-01T16:13:05.639+0100] {logging_mixin.py:188} INFO - [2024-01-01T16:13:05.639+0100] {dag.py:3820} INFO - Setting next_dagrun for example_skip_dag to 2023-12-31T00:00:00+00:00, run_after=2024-01-01T00:00:00+00:00
[2024-01-01T16:13:05.664+0100] {processor.py:183} INFO - Processing /home/ubuntu/.local/lib/python3.10/site-packages/airflow/example_dags/example_skip_dag.py took 0.074 seconds
[2024-01-01T16:14:02.088+0100] {processor.py:161} INFO - Started process (PID=4872) to work on /home/ubuntu/.local/lib/python3.10/site-packages/airflow/example_dags/example_skip_dag.py
[2024-01-01T16:14:02.098+0100] {processor.py:830} INFO - Processing file /home/ubuntu/.local/lib/python3.10/site-packages/airflow/example_dags/example_skip_dag.py for tasks to queue
[2024-01-01T16:14:02.099+0100] {logging_mixin.py:188} INFO - [2024-01-01T16:14:02.099+0100] {dagbag.py:538} INFO - Filling up the DagBag from /home/ubuntu/.local/lib/python3.10/site-packages/airflow/example_dags/example_skip_dag.py
[2024-01-01T16:14:02.105+0100] {processor.py:840} INFO - DAG(s) 'example_skip_dag' retrieved from /home/ubuntu/.local/lib/python3.10/site-packages/airflow/example_dags/example_skip_dag.py
[2024-01-01T16:14:02.118+0100] {logging_mixin.py:188} INFO - [2024-01-01T16:14:02.118+0100] {dag.py:3033} INFO - Sync 1 DAGs
[2024-01-01T16:14:02.131+0100] {logging_mixin.py:188} INFO - [2024-01-01T16:14:02.131+0100] {dag.py:3820} INFO - Setting next_dagrun for example_skip_dag to 2023-12-31T00:00:00+00:00, run_after=2024-01-01T00:00:00+00:00
[2024-01-01T16:14:02.150+0100] {processor.py:183} INFO - Processing /home/ubuntu/.local/lib/python3.10/site-packages/airflow/example_dags/example_skip_dag.py took 0.065 seconds
[2024-01-01T16:14:56.322+0100] {processor.py:161} INFO - Started process (PID=4995) to work on /home/ubuntu/.local/lib/python3.10/site-packages/airflow/example_dags/example_skip_dag.py
[2024-01-01T16:14:56.325+0100] {processor.py:830} INFO - Processing file /home/ubuntu/.local/lib/python3.10/site-packages/airflow/example_dags/example_skip_dag.py for tasks to queue
[2024-01-01T16:14:56.328+0100] {logging_mixin.py:188} INFO - [2024-01-01T16:14:56.327+0100] {dagbag.py:538} INFO - Filling up the DagBag from /home/ubuntu/.local/lib/python3.10/site-packages/airflow/example_dags/example_skip_dag.py
[2024-01-01T16:14:56.347+0100] {processor.py:840} INFO - DAG(s) 'example_skip_dag' retrieved from /home/ubuntu/.local/lib/python3.10/site-packages/airflow/example_dags/example_skip_dag.py
[2024-01-01T16:14:56.366+0100] {logging_mixin.py:188} INFO - [2024-01-01T16:14:56.365+0100] {dag.py:3033} INFO - Sync 1 DAGs
[2024-01-01T16:14:56.380+0100] {logging_mixin.py:188} INFO - [2024-01-01T16:14:56.380+0100] {dag.py:3820} INFO - Setting next_dagrun for example_skip_dag to 2023-12-31T00:00:00+00:00, run_after=2024-01-01T00:00:00+00:00
[2024-01-01T16:14:56.394+0100] {processor.py:183} INFO - Processing /home/ubuntu/.local/lib/python3.10/site-packages/airflow/example_dags/example_skip_dag.py took 0.079 seconds
[2024-01-01T16:15:45.134+0100] {processor.py:161} INFO - Started process (PID=5070) to work on /home/ubuntu/.local/lib/python3.10/site-packages/airflow/example_dags/example_skip_dag.py
[2024-01-01T16:15:45.144+0100] {processor.py:830} INFO - Processing file /home/ubuntu/.local/lib/python3.10/site-packages/airflow/example_dags/example_skip_dag.py for tasks to queue
[2024-01-01T16:15:45.144+0100] {logging_mixin.py:188} INFO - [2024-01-01T16:15:45.144+0100] {dagbag.py:538} INFO - Filling up the DagBag from /home/ubuntu/.local/lib/python3.10/site-packages/airflow/example_dags/example_skip_dag.py
[2024-01-01T16:15:45.149+0100] {processor.py:840} INFO - DAG(s) 'example_skip_dag' retrieved from /home/ubuntu/.local/lib/python3.10/site-packages/airflow/example_dags/example_skip_dag.py
[2024-01-01T16:15:45.163+0100] {logging_mixin.py:188} INFO - [2024-01-01T16:15:45.162+0100] {dag.py:3033} INFO - Sync 1 DAGs
[2024-01-01T16:15:45.179+0100] {logging_mixin.py:188} INFO - [2024-01-01T16:15:45.179+0100] {dag.py:3820} INFO - Setting next_dagrun for example_skip_dag to 2023-12-31T00:00:00+00:00, run_after=2024-01-01T00:00:00+00:00
[2024-01-01T16:15:45.197+0100] {processor.py:183} INFO - Processing /home/ubuntu/.local/lib/python3.10/site-packages/airflow/example_dags/example_skip_dag.py took 0.064 seconds
[2024-01-01T16:16:43.169+0100] {processor.py:161} INFO - Started process (PID=5220) to work on /home/ubuntu/.local/lib/python3.10/site-packages/airflow/example_dags/example_skip_dag.py
[2024-01-01T16:16:43.178+0100] {processor.py:830} INFO - Processing file /home/ubuntu/.local/lib/python3.10/site-packages/airflow/example_dags/example_skip_dag.py for tasks to queue
[2024-01-01T16:16:43.179+0100] {logging_mixin.py:188} INFO - [2024-01-01T16:16:43.179+0100] {dagbag.py:538} INFO - Filling up the DagBag from /home/ubuntu/.local/lib/python3.10/site-packages/airflow/example_dags/example_skip_dag.py
[2024-01-01T16:16:43.183+0100] {processor.py:840} INFO - DAG(s) 'example_skip_dag' retrieved from /home/ubuntu/.local/lib/python3.10/site-packages/airflow/example_dags/example_skip_dag.py
[2024-01-01T16:16:43.193+0100] {logging_mixin.py:188} INFO - [2024-01-01T16:16:43.193+0100] {dag.py:3033} INFO - Sync 1 DAGs
[2024-01-01T16:16:43.204+0100] {logging_mixin.py:188} INFO - [2024-01-01T16:16:43.204+0100] {dag.py:3820} INFO - Setting next_dagrun for example_skip_dag to 2023-12-31T00:00:00+00:00, run_after=2024-01-01T00:00:00+00:00
[2024-01-01T16:16:43.239+0100] {processor.py:183} INFO - Processing /home/ubuntu/.local/lib/python3.10/site-packages/airflow/example_dags/example_skip_dag.py took 0.072 seconds
[2024-01-01T16:17:37.772+0100] {processor.py:161} INFO - Started process (PID=5292) to work on /home/ubuntu/.local/lib/python3.10/site-packages/airflow/example_dags/example_skip_dag.py
[2024-01-01T16:17:37.775+0100] {processor.py:830} INFO - Processing file /home/ubuntu/.local/lib/python3.10/site-packages/airflow/example_dags/example_skip_dag.py for tasks to queue
[2024-01-01T16:17:37.776+0100] {logging_mixin.py:188} INFO - [2024-01-01T16:17:37.776+0100] {dagbag.py:538} INFO - Filling up the DagBag from /home/ubuntu/.local/lib/python3.10/site-packages/airflow/example_dags/example_skip_dag.py
[2024-01-01T16:17:37.793+0100] {processor.py:840} INFO - DAG(s) 'example_skip_dag' retrieved from /home/ubuntu/.local/lib/python3.10/site-packages/airflow/example_dags/example_skip_dag.py
[2024-01-01T16:17:37.810+0100] {logging_mixin.py:188} INFO - [2024-01-01T16:17:37.810+0100] {dag.py:3033} INFO - Sync 1 DAGs
[2024-01-01T16:17:37.824+0100] {logging_mixin.py:188} INFO - [2024-01-01T16:17:37.824+0100] {dag.py:3820} INFO - Setting next_dagrun for example_skip_dag to 2023-12-31T00:00:00+00:00, run_after=2024-01-01T00:00:00+00:00
[2024-01-01T16:17:37.850+0100] {processor.py:183} INFO - Processing /home/ubuntu/.local/lib/python3.10/site-packages/airflow/example_dags/example_skip_dag.py took 0.084 seconds
[2024-01-01T16:18:30.697+0100] {processor.py:161} INFO - Started process (PID=5359) to work on /home/ubuntu/.local/lib/python3.10/site-packages/airflow/example_dags/example_skip_dag.py
[2024-01-01T16:18:30.698+0100] {processor.py:830} INFO - Processing file /home/ubuntu/.local/lib/python3.10/site-packages/airflow/example_dags/example_skip_dag.py for tasks to queue
[2024-01-01T16:18:30.698+0100] {logging_mixin.py:188} INFO - [2024-01-01T16:18:30.698+0100] {dagbag.py:538} INFO - Filling up the DagBag from /home/ubuntu/.local/lib/python3.10/site-packages/airflow/example_dags/example_skip_dag.py
[2024-01-01T16:18:30.703+0100] {processor.py:840} INFO - DAG(s) 'example_skip_dag' retrieved from /home/ubuntu/.local/lib/python3.10/site-packages/airflow/example_dags/example_skip_dag.py
[2024-01-01T16:18:30.712+0100] {logging_mixin.py:188} INFO - [2024-01-01T16:18:30.712+0100] {dag.py:3033} INFO - Sync 1 DAGs
[2024-01-01T16:18:30.723+0100] {logging_mixin.py:188} INFO - [2024-01-01T16:18:30.723+0100] {dag.py:3820} INFO - Setting next_dagrun for example_skip_dag to 2023-12-31T00:00:00+00:00, run_after=2024-01-01T00:00:00+00:00
[2024-01-01T16:18:30.748+0100] {processor.py:183} INFO - Processing /home/ubuntu/.local/lib/python3.10/site-packages/airflow/example_dags/example_skip_dag.py took 0.053 seconds
[2024-01-01T16:20:15.749+0100] {processor.py:161} INFO - Started process (PID=5585) to work on /home/ubuntu/.local/lib/python3.10/site-packages/airflow/example_dags/example_skip_dag.py
[2024-01-01T16:20:15.758+0100] {processor.py:830} INFO - Processing file /home/ubuntu/.local/lib/python3.10/site-packages/airflow/example_dags/example_skip_dag.py for tasks to queue
[2024-01-01T16:20:15.759+0100] {logging_mixin.py:188} INFO - [2024-01-01T16:20:15.759+0100] {dagbag.py:538} INFO - Filling up the DagBag from /home/ubuntu/.local/lib/python3.10/site-packages/airflow/example_dags/example_skip_dag.py
[2024-01-01T16:20:15.764+0100] {processor.py:840} INFO - DAG(s) 'example_skip_dag' retrieved from /home/ubuntu/.local/lib/python3.10/site-packages/airflow/example_dags/example_skip_dag.py
[2024-01-01T16:20:15.831+0100] {logging_mixin.py:188} INFO - [2024-01-01T16:20:15.831+0100] {dag.py:3033} INFO - Sync 1 DAGs
[2024-01-01T16:20:15.844+0100] {logging_mixin.py:188} INFO - [2024-01-01T16:20:15.843+0100] {dag.py:3820} INFO - Setting next_dagrun for example_skip_dag to 2023-12-31T00:00:00+00:00, run_after=2024-01-01T00:00:00+00:00
[2024-01-01T16:20:15.863+0100] {processor.py:183} INFO - Processing /home/ubuntu/.local/lib/python3.10/site-packages/airflow/example_dags/example_skip_dag.py took 0.116 seconds
[2024-01-01T16:21:08.813+0100] {processor.py:161} INFO - Started process (PID=5825) to work on /home/ubuntu/.local/lib/python3.10/site-packages/airflow/example_dags/example_skip_dag.py
[2024-01-01T16:21:08.824+0100] {processor.py:830} INFO - Processing file /home/ubuntu/.local/lib/python3.10/site-packages/airflow/example_dags/example_skip_dag.py for tasks to queue
[2024-01-01T16:21:08.825+0100] {logging_mixin.py:188} INFO - [2024-01-01T16:21:08.825+0100] {dagbag.py:538} INFO - Filling up the DagBag from /home/ubuntu/.local/lib/python3.10/site-packages/airflow/example_dags/example_skip_dag.py
[2024-01-01T16:21:08.836+0100] {processor.py:840} INFO - DAG(s) 'example_skip_dag' retrieved from /home/ubuntu/.local/lib/python3.10/site-packages/airflow/example_dags/example_skip_dag.py
[2024-01-01T16:21:08.854+0100] {logging_mixin.py:188} INFO - [2024-01-01T16:21:08.854+0100] {dag.py:3033} INFO - Sync 1 DAGs
[2024-01-01T16:21:08.869+0100] {logging_mixin.py:188} INFO - [2024-01-01T16:21:08.869+0100] {dag.py:3820} INFO - Setting next_dagrun for example_skip_dag to 2023-12-31T00:00:00+00:00, run_after=2024-01-01T00:00:00+00:00
[2024-01-01T16:21:08.885+0100] {processor.py:183} INFO - Processing /home/ubuntu/.local/lib/python3.10/site-packages/airflow/example_dags/example_skip_dag.py took 0.076 seconds
[2024-01-01T16:23:30.519+0100] {processor.py:161} INFO - Started process (PID=5976) to work on /home/ubuntu/.local/lib/python3.10/site-packages/airflow/example_dags/example_skip_dag.py
[2024-01-01T16:23:30.520+0100] {processor.py:830} INFO - Processing file /home/ubuntu/.local/lib/python3.10/site-packages/airflow/example_dags/example_skip_dag.py for tasks to queue
[2024-01-01T16:23:30.521+0100] {logging_mixin.py:188} INFO - [2024-01-01T16:23:30.521+0100] {dagbag.py:538} INFO - Filling up the DagBag from /home/ubuntu/.local/lib/python3.10/site-packages/airflow/example_dags/example_skip_dag.py
[2024-01-01T16:23:30.526+0100] {processor.py:840} INFO - DAG(s) 'example_skip_dag' retrieved from /home/ubuntu/.local/lib/python3.10/site-packages/airflow/example_dags/example_skip_dag.py
[2024-01-01T16:23:30.592+0100] {logging_mixin.py:188} INFO - [2024-01-01T16:23:30.592+0100] {dag.py:3033} INFO - Sync 1 DAGs
[2024-01-01T16:23:30.604+0100] {logging_mixin.py:188} INFO - [2024-01-01T16:23:30.604+0100] {dag.py:3820} INFO - Setting next_dagrun for example_skip_dag to 2023-12-31T00:00:00+00:00, run_after=2024-01-01T00:00:00+00:00
[2024-01-01T16:23:30.621+0100] {processor.py:183} INFO - Processing /home/ubuntu/.local/lib/python3.10/site-packages/airflow/example_dags/example_skip_dag.py took 0.103 seconds
[2024-01-01T16:24:30.700+0100] {processor.py:161} INFO - Started process (PID=6045) to work on /home/ubuntu/.local/lib/python3.10/site-packages/airflow/example_dags/example_skip_dag.py
[2024-01-01T16:24:30.710+0100] {processor.py:830} INFO - Processing file /home/ubuntu/.local/lib/python3.10/site-packages/airflow/example_dags/example_skip_dag.py for tasks to queue
[2024-01-01T16:24:30.711+0100] {logging_mixin.py:188} INFO - [2024-01-01T16:24:30.711+0100] {dagbag.py:538} INFO - Filling up the DagBag from /home/ubuntu/.local/lib/python3.10/site-packages/airflow/example_dags/example_skip_dag.py
[2024-01-01T16:24:30.716+0100] {processor.py:840} INFO - DAG(s) 'example_skip_dag' retrieved from /home/ubuntu/.local/lib/python3.10/site-packages/airflow/example_dags/example_skip_dag.py
[2024-01-01T16:24:30.727+0100] {logging_mixin.py:188} INFO - [2024-01-01T16:24:30.727+0100] {dag.py:3033} INFO - Sync 1 DAGs
[2024-01-01T16:24:30.739+0100] {logging_mixin.py:188} INFO - [2024-01-01T16:24:30.738+0100] {dag.py:3820} INFO - Setting next_dagrun for example_skip_dag to 2023-12-31T00:00:00+00:00, run_after=2024-01-01T00:00:00+00:00
[2024-01-01T16:24:30.753+0100] {processor.py:183} INFO - Processing /home/ubuntu/.local/lib/python3.10/site-packages/airflow/example_dags/example_skip_dag.py took 0.057 seconds
[2024-01-01T16:25:16.349+0100] {processor.py:161} INFO - Started process (PID=6231) to work on /home/ubuntu/.local/lib/python3.10/site-packages/airflow/example_dags/example_skip_dag.py
[2024-01-01T16:25:16.360+0100] {processor.py:830} INFO - Processing file /home/ubuntu/.local/lib/python3.10/site-packages/airflow/example_dags/example_skip_dag.py for tasks to queue
[2024-01-01T16:25:16.363+0100] {logging_mixin.py:188} INFO - [2024-01-01T16:25:16.362+0100] {dagbag.py:538} INFO - Filling up the DagBag from /home/ubuntu/.local/lib/python3.10/site-packages/airflow/example_dags/example_skip_dag.py
[2024-01-01T16:25:16.380+0100] {processor.py:840} INFO - DAG(s) 'example_skip_dag' retrieved from /home/ubuntu/.local/lib/python3.10/site-packages/airflow/example_dags/example_skip_dag.py
[2024-01-01T16:25:16.400+0100] {logging_mixin.py:188} INFO - [2024-01-01T16:25:16.400+0100] {dag.py:3033} INFO - Sync 1 DAGs
[2024-01-01T16:25:16.415+0100] {logging_mixin.py:188} INFO - [2024-01-01T16:25:16.415+0100] {dag.py:3820} INFO - Setting next_dagrun for example_skip_dag to 2023-12-31T00:00:00+00:00, run_after=2024-01-01T00:00:00+00:00
[2024-01-01T16:25:16.431+0100] {processor.py:183} INFO - Processing /home/ubuntu/.local/lib/python3.10/site-packages/airflow/example_dags/example_skip_dag.py took 0.090 seconds
[2024-01-01T16:26:09.186+0100] {processor.py:161} INFO - Started process (PID=6354) to work on /home/ubuntu/.local/lib/python3.10/site-packages/airflow/example_dags/example_skip_dag.py
[2024-01-01T16:26:09.196+0100] {processor.py:830} INFO - Processing file /home/ubuntu/.local/lib/python3.10/site-packages/airflow/example_dags/example_skip_dag.py for tasks to queue
[2024-01-01T16:26:09.196+0100] {logging_mixin.py:188} INFO - [2024-01-01T16:26:09.196+0100] {dagbag.py:538} INFO - Filling up the DagBag from /home/ubuntu/.local/lib/python3.10/site-packages/airflow/example_dags/example_skip_dag.py
[2024-01-01T16:26:09.202+0100] {processor.py:840} INFO - DAG(s) 'example_skip_dag' retrieved from /home/ubuntu/.local/lib/python3.10/site-packages/airflow/example_dags/example_skip_dag.py
[2024-01-01T16:26:09.215+0100] {logging_mixin.py:188} INFO - [2024-01-01T16:26:09.215+0100] {dag.py:3033} INFO - Sync 1 DAGs
[2024-01-01T16:26:09.229+0100] {logging_mixin.py:188} INFO - [2024-01-01T16:26:09.229+0100] {dag.py:3820} INFO - Setting next_dagrun for example_skip_dag to 2023-12-31T00:00:00+00:00, run_after=2024-01-01T00:00:00+00:00
[2024-01-01T16:26:09.246+0100] {processor.py:183} INFO - Processing /home/ubuntu/.local/lib/python3.10/site-packages/airflow/example_dags/example_skip_dag.py took 0.062 seconds
[2024-01-01T16:27:04.744+0100] {processor.py:161} INFO - Started process (PID=6534) to work on /home/ubuntu/.local/lib/python3.10/site-packages/airflow/example_dags/example_skip_dag.py
[2024-01-01T16:27:04.763+0100] {processor.py:830} INFO - Processing file /home/ubuntu/.local/lib/python3.10/site-packages/airflow/example_dags/example_skip_dag.py for tasks to queue
[2024-01-01T16:27:04.765+0100] {logging_mixin.py:188} INFO - [2024-01-01T16:27:04.764+0100] {dagbag.py:538} INFO - Filling up the DagBag from /home/ubuntu/.local/lib/python3.10/site-packages/airflow/example_dags/example_skip_dag.py
[2024-01-01T16:27:04.779+0100] {processor.py:840} INFO - DAG(s) 'example_skip_dag' retrieved from /home/ubuntu/.local/lib/python3.10/site-packages/airflow/example_dags/example_skip_dag.py
[2024-01-01T16:27:04.796+0100] {logging_mixin.py:188} INFO - [2024-01-01T16:27:04.795+0100] {dag.py:3033} INFO - Sync 1 DAGs
[2024-01-01T16:27:04.809+0100] {logging_mixin.py:188} INFO - [2024-01-01T16:27:04.809+0100] {dag.py:3820} INFO - Setting next_dagrun for example_skip_dag to 2023-12-31T00:00:00+00:00, run_after=2024-01-01T00:00:00+00:00
[2024-01-01T16:27:04.824+0100] {processor.py:183} INFO - Processing /home/ubuntu/.local/lib/python3.10/site-packages/airflow/example_dags/example_skip_dag.py took 0.082 seconds
[2024-01-01T16:27:54.013+0100] {processor.py:161} INFO - Started process (PID=6622) to work on /home/ubuntu/.local/lib/python3.10/site-packages/airflow/example_dags/example_skip_dag.py
[2024-01-01T16:27:54.014+0100] {processor.py:830} INFO - Processing file /home/ubuntu/.local/lib/python3.10/site-packages/airflow/example_dags/example_skip_dag.py for tasks to queue
[2024-01-01T16:27:54.014+0100] {logging_mixin.py:188} INFO - [2024-01-01T16:27:54.014+0100] {dagbag.py:538} INFO - Filling up the DagBag from /home/ubuntu/.local/lib/python3.10/site-packages/airflow/example_dags/example_skip_dag.py
[2024-01-01T16:27:54.018+0100] {processor.py:840} INFO - DAG(s) 'example_skip_dag' retrieved from /home/ubuntu/.local/lib/python3.10/site-packages/airflow/example_dags/example_skip_dag.py
[2024-01-01T16:27:54.027+0100] {logging_mixin.py:188} INFO - [2024-01-01T16:27:54.027+0100] {dag.py:3033} INFO - Sync 1 DAGs
[2024-01-01T16:27:54.038+0100] {logging_mixin.py:188} INFO - [2024-01-01T16:27:54.038+0100] {dag.py:3820} INFO - Setting next_dagrun for example_skip_dag to 2023-12-31T00:00:00+00:00, run_after=2024-01-01T00:00:00+00:00
[2024-01-01T16:27:54.064+0100] {processor.py:183} INFO - Processing /home/ubuntu/.local/lib/python3.10/site-packages/airflow/example_dags/example_skip_dag.py took 0.053 seconds
[2024-01-01T16:28:46.492+0100] {processor.py:161} INFO - Started process (PID=6785) to work on /home/ubuntu/.local/lib/python3.10/site-packages/airflow/example_dags/example_skip_dag.py
[2024-01-01T16:28:46.504+0100] {processor.py:830} INFO - Processing file /home/ubuntu/.local/lib/python3.10/site-packages/airflow/example_dags/example_skip_dag.py for tasks to queue
[2024-01-01T16:28:46.506+0100] {logging_mixin.py:188} INFO - [2024-01-01T16:28:46.505+0100] {dagbag.py:538} INFO - Filling up the DagBag from /home/ubuntu/.local/lib/python3.10/site-packages/airflow/example_dags/example_skip_dag.py
[2024-01-01T16:28:46.523+0100] {processor.py:840} INFO - DAG(s) 'example_skip_dag' retrieved from /home/ubuntu/.local/lib/python3.10/site-packages/airflow/example_dags/example_skip_dag.py
[2024-01-01T16:28:46.540+0100] {logging_mixin.py:188} INFO - [2024-01-01T16:28:46.540+0100] {dag.py:3033} INFO - Sync 1 DAGs
[2024-01-01T16:28:46.555+0100] {logging_mixin.py:188} INFO - [2024-01-01T16:28:46.555+0100] {dag.py:3820} INFO - Setting next_dagrun for example_skip_dag to 2023-12-31T00:00:00+00:00, run_after=2024-01-01T00:00:00+00:00
[2024-01-01T16:28:46.571+0100] {processor.py:183} INFO - Processing /home/ubuntu/.local/lib/python3.10/site-packages/airflow/example_dags/example_skip_dag.py took 0.086 seconds
[2024-01-01T16:29:40.048+0100] {processor.py:161} INFO - Started process (PID=6891) to work on /home/ubuntu/.local/lib/python3.10/site-packages/airflow/example_dags/example_skip_dag.py
[2024-01-01T16:29:40.051+0100] {processor.py:830} INFO - Processing file /home/ubuntu/.local/lib/python3.10/site-packages/airflow/example_dags/example_skip_dag.py for tasks to queue
[2024-01-01T16:29:40.053+0100] {logging_mixin.py:188} INFO - [2024-01-01T16:29:40.052+0100] {dagbag.py:538} INFO - Filling up the DagBag from /home/ubuntu/.local/lib/python3.10/site-packages/airflow/example_dags/example_skip_dag.py
[2024-01-01T16:29:40.068+0100] {processor.py:840} INFO - DAG(s) 'example_skip_dag' retrieved from /home/ubuntu/.local/lib/python3.10/site-packages/airflow/example_dags/example_skip_dag.py
[2024-01-01T16:29:40.084+0100] {logging_mixin.py:188} INFO - [2024-01-01T16:29:40.084+0100] {dag.py:3033} INFO - Sync 1 DAGs
[2024-01-01T16:29:40.098+0100] {logging_mixin.py:188} INFO - [2024-01-01T16:29:40.098+0100] {dag.py:3820} INFO - Setting next_dagrun for example_skip_dag to 2023-12-31T00:00:00+00:00, run_after=2024-01-01T00:00:00+00:00
[2024-01-01T16:29:40.115+0100] {processor.py:183} INFO - Processing /home/ubuntu/.local/lib/python3.10/site-packages/airflow/example_dags/example_skip_dag.py took 0.074 seconds
[2024-01-01T16:30:32.501+0100] {processor.py:161} INFO - Started process (PID=7007) to work on /home/ubuntu/.local/lib/python3.10/site-packages/airflow/example_dags/example_skip_dag.py
[2024-01-01T16:30:32.502+0100] {processor.py:830} INFO - Processing file /home/ubuntu/.local/lib/python3.10/site-packages/airflow/example_dags/example_skip_dag.py for tasks to queue
[2024-01-01T16:30:32.502+0100] {logging_mixin.py:188} INFO - [2024-01-01T16:30:32.502+0100] {dagbag.py:538} INFO - Filling up the DagBag from /home/ubuntu/.local/lib/python3.10/site-packages/airflow/example_dags/example_skip_dag.py
[2024-01-01T16:30:32.507+0100] {processor.py:840} INFO - DAG(s) 'example_skip_dag' retrieved from /home/ubuntu/.local/lib/python3.10/site-packages/airflow/example_dags/example_skip_dag.py
[2024-01-01T16:30:32.517+0100] {logging_mixin.py:188} INFO - [2024-01-01T16:30:32.517+0100] {dag.py:3033} INFO - Sync 1 DAGs
[2024-01-01T16:30:32.530+0100] {logging_mixin.py:188} INFO - [2024-01-01T16:30:32.530+0100] {dag.py:3820} INFO - Setting next_dagrun for example_skip_dag to 2023-12-31T00:00:00+00:00, run_after=2024-01-01T00:00:00+00:00
[2024-01-01T16:30:32.557+0100] {processor.py:183} INFO - Processing /home/ubuntu/.local/lib/python3.10/site-packages/airflow/example_dags/example_skip_dag.py took 0.058 seconds
[2024-01-01T16:31:27.182+0100] {processor.py:161} INFO - Started process (PID=7096) to work on /home/ubuntu/.local/lib/python3.10/site-packages/airflow/example_dags/example_skip_dag.py
[2024-01-01T16:31:27.192+0100] {processor.py:830} INFO - Processing file /home/ubuntu/.local/lib/python3.10/site-packages/airflow/example_dags/example_skip_dag.py for tasks to queue
[2024-01-01T16:31:27.193+0100] {logging_mixin.py:188} INFO - [2024-01-01T16:31:27.192+0100] {dagbag.py:538} INFO - Filling up the DagBag from /home/ubuntu/.local/lib/python3.10/site-packages/airflow/example_dags/example_skip_dag.py
[2024-01-01T16:31:27.197+0100] {processor.py:840} INFO - DAG(s) 'example_skip_dag' retrieved from /home/ubuntu/.local/lib/python3.10/site-packages/airflow/example_dags/example_skip_dag.py
[2024-01-01T16:31:27.211+0100] {logging_mixin.py:188} INFO - [2024-01-01T16:31:27.211+0100] {dag.py:3033} INFO - Sync 1 DAGs
[2024-01-01T16:31:27.225+0100] {logging_mixin.py:188} INFO - [2024-01-01T16:31:27.225+0100] {dag.py:3820} INFO - Setting next_dagrun for example_skip_dag to 2023-12-31T00:00:00+00:00, run_after=2024-01-01T00:00:00+00:00
[2024-01-01T16:31:27.243+0100] {processor.py:183} INFO - Processing /home/ubuntu/.local/lib/python3.10/site-packages/airflow/example_dags/example_skip_dag.py took 0.064 seconds
[2024-01-01T16:32:19.999+0100] {processor.py:161} INFO - Started process (PID=7226) to work on /home/ubuntu/.local/lib/python3.10/site-packages/airflow/example_dags/example_skip_dag.py
[2024-01-01T16:32:20.002+0100] {processor.py:830} INFO - Processing file /home/ubuntu/.local/lib/python3.10/site-packages/airflow/example_dags/example_skip_dag.py for tasks to queue
[2024-01-01T16:32:20.003+0100] {logging_mixin.py:188} INFO - [2024-01-01T16:32:20.002+0100] {dagbag.py:538} INFO - Filling up the DagBag from /home/ubuntu/.local/lib/python3.10/site-packages/airflow/example_dags/example_skip_dag.py
[2024-01-01T16:32:20.014+0100] {processor.py:840} INFO - DAG(s) 'example_skip_dag' retrieved from /home/ubuntu/.local/lib/python3.10/site-packages/airflow/example_dags/example_skip_dag.py
[2024-01-01T16:32:20.040+0100] {logging_mixin.py:188} INFO - [2024-01-01T16:32:20.040+0100] {dag.py:3033} INFO - Sync 1 DAGs
[2024-01-01T16:32:20.077+0100] {logging_mixin.py:188} INFO - [2024-01-01T16:32:20.077+0100] {dag.py:3820} INFO - Setting next_dagrun for example_skip_dag to 2023-12-31T00:00:00+00:00, run_after=2024-01-01T00:00:00+00:00
[2024-01-01T16:32:20.102+0100] {processor.py:183} INFO - Processing /home/ubuntu/.local/lib/python3.10/site-packages/airflow/example_dags/example_skip_dag.py took 0.108 seconds
[2024-01-01T16:33:23.198+0100] {processor.py:161} INFO - Started process (PID=7438) to work on /home/ubuntu/.local/lib/python3.10/site-packages/airflow/example_dags/example_skip_dag.py
[2024-01-01T16:33:23.209+0100] {processor.py:830} INFO - Processing file /home/ubuntu/.local/lib/python3.10/site-packages/airflow/example_dags/example_skip_dag.py for tasks to queue
[2024-01-01T16:33:23.209+0100] {logging_mixin.py:188} INFO - [2024-01-01T16:33:23.209+0100] {dagbag.py:538} INFO - Filling up the DagBag from /home/ubuntu/.local/lib/python3.10/site-packages/airflow/example_dags/example_skip_dag.py
[2024-01-01T16:33:23.215+0100] {processor.py:840} INFO - DAG(s) 'example_skip_dag' retrieved from /home/ubuntu/.local/lib/python3.10/site-packages/airflow/example_dags/example_skip_dag.py
[2024-01-01T16:33:23.227+0100] {logging_mixin.py:188} INFO - [2024-01-01T16:33:23.227+0100] {dag.py:3033} INFO - Sync 1 DAGs
[2024-01-01T16:33:23.240+0100] {logging_mixin.py:188} INFO - [2024-01-01T16:33:23.240+0100] {dag.py:3820} INFO - Setting next_dagrun for example_skip_dag to 2023-12-31T00:00:00+00:00, run_after=2024-01-01T00:00:00+00:00
[2024-01-01T16:33:23.255+0100] {processor.py:183} INFO - Processing /home/ubuntu/.local/lib/python3.10/site-packages/airflow/example_dags/example_skip_dag.py took 0.059 seconds
[2024-01-01T16:34:11.634+0100] {processor.py:161} INFO - Started process (PID=7529) to work on /home/ubuntu/.local/lib/python3.10/site-packages/airflow/example_dags/example_skip_dag.py
[2024-01-01T16:34:11.637+0100] {processor.py:830} INFO - Processing file /home/ubuntu/.local/lib/python3.10/site-packages/airflow/example_dags/example_skip_dag.py for tasks to queue
[2024-01-01T16:34:11.639+0100] {logging_mixin.py:188} INFO - [2024-01-01T16:34:11.638+0100] {dagbag.py:538} INFO - Filling up the DagBag from /home/ubuntu/.local/lib/python3.10/site-packages/airflow/example_dags/example_skip_dag.py
[2024-01-01T16:34:11.656+0100] {processor.py:840} INFO - DAG(s) 'example_skip_dag' retrieved from /home/ubuntu/.local/lib/python3.10/site-packages/airflow/example_dags/example_skip_dag.py
[2024-01-01T16:34:11.674+0100] {logging_mixin.py:188} INFO - [2024-01-01T16:34:11.674+0100] {dag.py:3033} INFO - Sync 1 DAGs
[2024-01-01T16:34:11.688+0100] {logging_mixin.py:188} INFO - [2024-01-01T16:34:11.688+0100] {dag.py:3820} INFO - Setting next_dagrun for example_skip_dag to 2023-12-31T00:00:00+00:00, run_after=2024-01-01T00:00:00+00:00
[2024-01-01T16:34:11.714+0100] {processor.py:183} INFO - Processing /home/ubuntu/.local/lib/python3.10/site-packages/airflow/example_dags/example_skip_dag.py took 0.086 seconds
