[2024-01-01T15:42:39.303+0100] {processor.py:161} INFO - Started process (PID=7971) to work on /home/ubuntu/.local/lib/python3.10/site-packages/airflow/example_dags/example_short_circuit_operator.py
[2024-01-01T15:42:39.304+0100] {processor.py:830} INFO - Processing file /home/ubuntu/.local/lib/python3.10/site-packages/airflow/example_dags/example_short_circuit_operator.py for tasks to queue
[2024-01-01T15:42:39.306+0100] {logging_mixin.py:188} INFO - [2024-01-01T15:42:39.305+0100] {dagbag.py:538} INFO - Filling up the DagBag from /home/ubuntu/.local/lib/python3.10/site-packages/airflow/example_dags/example_short_circuit_operator.py
[2024-01-01T15:42:39.327+0100] {processor.py:840} INFO - DAG(s) 'example_short_circuit_operator' retrieved from /home/ubuntu/.local/lib/python3.10/site-packages/airflow/example_dags/example_short_circuit_operator.py
[2024-01-01T15:42:39.338+0100] {logging_mixin.py:188} INFO - [2024-01-01T15:42:39.337+0100] {dag.py:3033} INFO - Sync 1 DAGs
[2024-01-01T15:42:39.362+0100] {logging_mixin.py:188} INFO - [2024-01-01T15:42:39.361+0100] {dag.py:3820} INFO - Setting next_dagrun for example_short_circuit_operator to 2023-12-31T00:00:00+00:00, run_after=2024-01-01T00:00:00+00:00
[2024-01-01T15:42:39.378+0100] {processor.py:183} INFO - Processing /home/ubuntu/.local/lib/python3.10/site-packages/airflow/example_dags/example_short_circuit_operator.py took 0.081 seconds
[2024-01-01T15:43:26.756+0100] {processor.py:161} INFO - Started process (PID=8055) to work on /home/ubuntu/.local/lib/python3.10/site-packages/airflow/example_dags/example_short_circuit_operator.py
[2024-01-01T15:43:26.766+0100] {processor.py:830} INFO - Processing file /home/ubuntu/.local/lib/python3.10/site-packages/airflow/example_dags/example_short_circuit_operator.py for tasks to queue
[2024-01-01T15:43:26.767+0100] {logging_mixin.py:188} INFO - [2024-01-01T15:43:26.766+0100] {dagbag.py:538} INFO - Filling up the DagBag from /home/ubuntu/.local/lib/python3.10/site-packages/airflow/example_dags/example_short_circuit_operator.py
[2024-01-01T15:43:26.772+0100] {processor.py:840} INFO - DAG(s) 'example_short_circuit_operator' retrieved from /home/ubuntu/.local/lib/python3.10/site-packages/airflow/example_dags/example_short_circuit_operator.py
[2024-01-01T15:43:26.830+0100] {logging_mixin.py:188} INFO - [2024-01-01T15:43:26.829+0100] {dag.py:3033} INFO - Sync 1 DAGs
[2024-01-01T15:43:26.839+0100] {logging_mixin.py:188} INFO - [2024-01-01T15:43:26.839+0100] {dag.py:3820} INFO - Setting next_dagrun for example_short_circuit_operator to 2023-12-31T00:00:00+00:00, run_after=2024-01-01T00:00:00+00:00
[2024-01-01T15:43:26.854+0100] {processor.py:183} INFO - Processing /home/ubuntu/.local/lib/python3.10/site-packages/airflow/example_dags/example_short_circuit_operator.py took 0.100 seconds
[2024-01-01T15:44:16.057+0100] {processor.py:161} INFO - Started process (PID=8253) to work on /home/ubuntu/.local/lib/python3.10/site-packages/airflow/example_dags/example_short_circuit_operator.py
[2024-01-01T15:44:16.058+0100] {processor.py:830} INFO - Processing file /home/ubuntu/.local/lib/python3.10/site-packages/airflow/example_dags/example_short_circuit_operator.py for tasks to queue
[2024-01-01T15:44:16.058+0100] {logging_mixin.py:188} INFO - [2024-01-01T15:44:16.058+0100] {dagbag.py:538} INFO - Filling up the DagBag from /home/ubuntu/.local/lib/python3.10/site-packages/airflow/example_dags/example_short_circuit_operator.py
[2024-01-01T15:44:16.064+0100] {processor.py:840} INFO - DAG(s) 'example_short_circuit_operator' retrieved from /home/ubuntu/.local/lib/python3.10/site-packages/airflow/example_dags/example_short_circuit_operator.py
[2024-01-01T15:44:16.076+0100] {logging_mixin.py:188} INFO - [2024-01-01T15:44:16.076+0100] {dag.py:3033} INFO - Sync 1 DAGs
[2024-01-01T15:44:16.088+0100] {logging_mixin.py:188} INFO - [2024-01-01T15:44:16.088+0100] {dag.py:3820} INFO - Setting next_dagrun for example_short_circuit_operator to 2023-12-31T00:00:00+00:00, run_after=2024-01-01T00:00:00+00:00
[2024-01-01T15:44:16.103+0100] {processor.py:183} INFO - Processing /home/ubuntu/.local/lib/python3.10/site-packages/airflow/example_dags/example_short_circuit_operator.py took 0.048 seconds
[2024-01-01T15:45:28.669+0100] {processor.py:161} INFO - Started process (PID=8639) to work on /home/ubuntu/.local/lib/python3.10/site-packages/airflow/example_dags/example_short_circuit_operator.py
[2024-01-01T15:45:28.670+0100] {processor.py:830} INFO - Processing file /home/ubuntu/.local/lib/python3.10/site-packages/airflow/example_dags/example_short_circuit_operator.py for tasks to queue
[2024-01-01T15:45:28.673+0100] {logging_mixin.py:188} INFO - [2024-01-01T15:45:28.670+0100] {dagbag.py:538} INFO - Filling up the DagBag from /home/ubuntu/.local/lib/python3.10/site-packages/airflow/example_dags/example_short_circuit_operator.py
[2024-01-01T15:45:28.721+0100] {processor.py:840} INFO - DAG(s) 'example_short_circuit_operator' retrieved from /home/ubuntu/.local/lib/python3.10/site-packages/airflow/example_dags/example_short_circuit_operator.py
[2024-01-01T15:45:28.800+0100] {logging_mixin.py:188} INFO - [2024-01-01T15:45:28.799+0100] {dag.py:3033} INFO - Sync 1 DAGs
[2024-01-01T15:45:28.902+0100] {logging_mixin.py:188} INFO - [2024-01-01T15:45:28.901+0100] {dag.py:3820} INFO - Setting next_dagrun for example_short_circuit_operator to 2023-12-31T00:00:00+00:00, run_after=2024-01-01T00:00:00+00:00
[2024-01-01T15:45:28.950+0100] {processor.py:183} INFO - Processing /home/ubuntu/.local/lib/python3.10/site-packages/airflow/example_dags/example_short_circuit_operator.py took 0.287 seconds
[2024-01-01T16:09:14.743+0100] {processor.py:161} INFO - Started process (PID=4133) to work on /home/ubuntu/.local/lib/python3.10/site-packages/airflow/example_dags/example_short_circuit_operator.py
[2024-01-01T16:09:14.746+0100] {processor.py:830} INFO - Processing file /home/ubuntu/.local/lib/python3.10/site-packages/airflow/example_dags/example_short_circuit_operator.py for tasks to queue
[2024-01-01T16:09:14.748+0100] {logging_mixin.py:188} INFO - [2024-01-01T16:09:14.747+0100] {dagbag.py:538} INFO - Filling up the DagBag from /home/ubuntu/.local/lib/python3.10/site-packages/airflow/example_dags/example_short_circuit_operator.py
[2024-01-01T16:09:14.770+0100] {processor.py:840} INFO - DAG(s) 'example_short_circuit_operator' retrieved from /home/ubuntu/.local/lib/python3.10/site-packages/airflow/example_dags/example_short_circuit_operator.py
[2024-01-01T16:09:14.784+0100] {logging_mixin.py:188} INFO - [2024-01-01T16:09:14.784+0100] {dag.py:3033} INFO - Sync 1 DAGs
[2024-01-01T16:09:14.824+0100] {logging_mixin.py:188} INFO - [2024-01-01T16:09:14.824+0100] {dag.py:3820} INFO - Setting next_dagrun for example_short_circuit_operator to 2023-12-31T00:00:00+00:00, run_after=2024-01-01T00:00:00+00:00
[2024-01-01T16:09:14.841+0100] {processor.py:183} INFO - Processing /home/ubuntu/.local/lib/python3.10/site-packages/airflow/example_dags/example_short_circuit_operator.py took 0.104 seconds
[2024-01-01T16:10:06.756+0100] {processor.py:161} INFO - Started process (PID=4393) to work on /home/ubuntu/.local/lib/python3.10/site-packages/airflow/example_dags/example_short_circuit_operator.py
[2024-01-01T16:10:06.766+0100] {processor.py:830} INFO - Processing file /home/ubuntu/.local/lib/python3.10/site-packages/airflow/example_dags/example_short_circuit_operator.py for tasks to queue
[2024-01-01T16:10:06.768+0100] {logging_mixin.py:188} INFO - [2024-01-01T16:10:06.767+0100] {dagbag.py:538} INFO - Filling up the DagBag from /home/ubuntu/.local/lib/python3.10/site-packages/airflow/example_dags/example_short_circuit_operator.py
[2024-01-01T16:10:06.785+0100] {processor.py:840} INFO - DAG(s) 'example_short_circuit_operator' retrieved from /home/ubuntu/.local/lib/python3.10/site-packages/airflow/example_dags/example_short_circuit_operator.py
[2024-01-01T16:10:06.864+0100] {logging_mixin.py:188} INFO - [2024-01-01T16:10:06.864+0100] {dag.py:3033} INFO - Sync 1 DAGs
[2024-01-01T16:10:06.874+0100] {logging_mixin.py:188} INFO - [2024-01-01T16:10:06.874+0100] {dag.py:3820} INFO - Setting next_dagrun for example_short_circuit_operator to 2023-12-31T00:00:00+00:00, run_after=2024-01-01T00:00:00+00:00
[2024-01-01T16:10:06.890+0100] {processor.py:183} INFO - Processing /home/ubuntu/.local/lib/python3.10/site-packages/airflow/example_dags/example_short_circuit_operator.py took 0.139 seconds
[2024-01-01T16:10:56.270+0100] {processor.py:161} INFO - Started process (PID=4492) to work on /home/ubuntu/.local/lib/python3.10/site-packages/airflow/example_dags/example_short_circuit_operator.py
[2024-01-01T16:10:56.280+0100] {processor.py:830} INFO - Processing file /home/ubuntu/.local/lib/python3.10/site-packages/airflow/example_dags/example_short_circuit_operator.py for tasks to queue
[2024-01-01T16:10:56.281+0100] {logging_mixin.py:188} INFO - [2024-01-01T16:10:56.281+0100] {dagbag.py:538} INFO - Filling up the DagBag from /home/ubuntu/.local/lib/python3.10/site-packages/airflow/example_dags/example_short_circuit_operator.py
[2024-01-01T16:10:56.287+0100] {processor.py:840} INFO - DAG(s) 'example_short_circuit_operator' retrieved from /home/ubuntu/.local/lib/python3.10/site-packages/airflow/example_dags/example_short_circuit_operator.py
[2024-01-01T16:10:56.299+0100] {logging_mixin.py:188} INFO - [2024-01-01T16:10:56.299+0100] {dag.py:3033} INFO - Sync 1 DAGs
[2024-01-01T16:10:56.311+0100] {logging_mixin.py:188} INFO - [2024-01-01T16:10:56.311+0100] {dag.py:3820} INFO - Setting next_dagrun for example_short_circuit_operator to 2023-12-31T00:00:00+00:00, run_after=2024-01-01T00:00:00+00:00
[2024-01-01T16:10:56.332+0100] {processor.py:183} INFO - Processing /home/ubuntu/.local/lib/python3.10/site-packages/airflow/example_dags/example_short_circuit_operator.py took 0.063 seconds
[2024-01-01T16:11:36.330+0100] {processor.py:161} INFO - Started process (PID=4544) to work on /home/ubuntu/.local/lib/python3.10/site-packages/airflow/example_dags/example_short_circuit_operator.py
[2024-01-01T16:11:36.331+0100] {processor.py:830} INFO - Processing file /home/ubuntu/.local/lib/python3.10/site-packages/airflow/example_dags/example_short_circuit_operator.py for tasks to queue
[2024-01-01T16:11:36.331+0100] {logging_mixin.py:188} INFO - [2024-01-01T16:11:36.331+0100] {dagbag.py:538} INFO - Filling up the DagBag from /home/ubuntu/.local/lib/python3.10/site-packages/airflow/example_dags/example_short_circuit_operator.py
[2024-01-01T16:11:36.336+0100] {processor.py:840} INFO - DAG(s) 'example_short_circuit_operator' retrieved from /home/ubuntu/.local/lib/python3.10/site-packages/airflow/example_dags/example_short_circuit_operator.py
[2024-01-01T16:11:36.347+0100] {logging_mixin.py:188} INFO - [2024-01-01T16:11:36.347+0100] {dag.py:3033} INFO - Sync 1 DAGs
[2024-01-01T16:11:36.359+0100] {logging_mixin.py:188} INFO - [2024-01-01T16:11:36.359+0100] {dag.py:3820} INFO - Setting next_dagrun for example_short_circuit_operator to 2023-12-31T00:00:00+00:00, run_after=2024-01-01T00:00:00+00:00
[2024-01-01T16:11:36.399+0100] {processor.py:183} INFO - Processing /home/ubuntu/.local/lib/python3.10/site-packages/airflow/example_dags/example_short_circuit_operator.py took 0.071 seconds
[2024-01-01T16:12:28.424+0100] {processor.py:161} INFO - Started process (PID=4738) to work on /home/ubuntu/.local/lib/python3.10/site-packages/airflow/example_dags/example_short_circuit_operator.py
[2024-01-01T16:12:28.439+0100] {processor.py:830} INFO - Processing file /home/ubuntu/.local/lib/python3.10/site-packages/airflow/example_dags/example_short_circuit_operator.py for tasks to queue
[2024-01-01T16:12:28.441+0100] {logging_mixin.py:188} INFO - [2024-01-01T16:12:28.440+0100] {dagbag.py:538} INFO - Filling up the DagBag from /home/ubuntu/.local/lib/python3.10/site-packages/airflow/example_dags/example_short_circuit_operator.py
[2024-01-01T16:12:28.454+0100] {processor.py:840} INFO - DAG(s) 'example_short_circuit_operator' retrieved from /home/ubuntu/.local/lib/python3.10/site-packages/airflow/example_dags/example_short_circuit_operator.py
[2024-01-01T16:12:28.471+0100] {logging_mixin.py:188} INFO - [2024-01-01T16:12:28.471+0100] {dag.py:3033} INFO - Sync 1 DAGs
[2024-01-01T16:12:28.484+0100] {logging_mixin.py:188} INFO - [2024-01-01T16:12:28.484+0100] {dag.py:3820} INFO - Setting next_dagrun for example_short_circuit_operator to 2023-12-31T00:00:00+00:00, run_after=2024-01-01T00:00:00+00:00
[2024-01-01T16:12:28.505+0100] {processor.py:183} INFO - Processing /home/ubuntu/.local/lib/python3.10/site-packages/airflow/example_dags/example_short_circuit_operator.py took 0.088 seconds
[2024-01-01T16:13:24.359+0100] {processor.py:161} INFO - Started process (PID=4824) to work on /home/ubuntu/.local/lib/python3.10/site-packages/airflow/example_dags/example_short_circuit_operator.py
[2024-01-01T16:13:24.370+0100] {processor.py:830} INFO - Processing file /home/ubuntu/.local/lib/python3.10/site-packages/airflow/example_dags/example_short_circuit_operator.py for tasks to queue
[2024-01-01T16:13:24.372+0100] {logging_mixin.py:188} INFO - [2024-01-01T16:13:24.371+0100] {dagbag.py:538} INFO - Filling up the DagBag from /home/ubuntu/.local/lib/python3.10/site-packages/airflow/example_dags/example_short_circuit_operator.py
[2024-01-01T16:13:24.391+0100] {processor.py:840} INFO - DAG(s) 'example_short_circuit_operator' retrieved from /home/ubuntu/.local/lib/python3.10/site-packages/airflow/example_dags/example_short_circuit_operator.py
[2024-01-01T16:13:24.410+0100] {logging_mixin.py:188} INFO - [2024-01-01T16:13:24.410+0100] {dag.py:3033} INFO - Sync 1 DAGs
[2024-01-01T16:13:24.424+0100] {logging_mixin.py:188} INFO - [2024-01-01T16:13:24.424+0100] {dag.py:3820} INFO - Setting next_dagrun for example_short_circuit_operator to 2023-12-31T00:00:00+00:00, run_after=2024-01-01T00:00:00+00:00
[2024-01-01T16:13:24.441+0100] {processor.py:183} INFO - Processing /home/ubuntu/.local/lib/python3.10/site-packages/airflow/example_dags/example_short_circuit_operator.py took 0.090 seconds
[2024-01-01T16:14:17.618+0100] {processor.py:161} INFO - Started process (PID=4905) to work on /home/ubuntu/.local/lib/python3.10/site-packages/airflow/example_dags/example_short_circuit_operator.py
[2024-01-01T16:14:17.619+0100] {processor.py:830} INFO - Processing file /home/ubuntu/.local/lib/python3.10/site-packages/airflow/example_dags/example_short_circuit_operator.py for tasks to queue
[2024-01-01T16:14:17.619+0100] {logging_mixin.py:188} INFO - [2024-01-01T16:14:17.619+0100] {dagbag.py:538} INFO - Filling up the DagBag from /home/ubuntu/.local/lib/python3.10/site-packages/airflow/example_dags/example_short_circuit_operator.py
[2024-01-01T16:14:17.627+0100] {processor.py:840} INFO - DAG(s) 'example_short_circuit_operator' retrieved from /home/ubuntu/.local/lib/python3.10/site-packages/airflow/example_dags/example_short_circuit_operator.py
[2024-01-01T16:14:17.637+0100] {logging_mixin.py:188} INFO - [2024-01-01T16:14:17.637+0100] {dag.py:3033} INFO - Sync 1 DAGs
[2024-01-01T16:14:17.650+0100] {logging_mixin.py:188} INFO - [2024-01-01T16:14:17.650+0100] {dag.py:3820} INFO - Setting next_dagrun for example_short_circuit_operator to 2023-12-31T00:00:00+00:00, run_after=2024-01-01T00:00:00+00:00
[2024-01-01T16:14:17.684+0100] {processor.py:183} INFO - Processing /home/ubuntu/.local/lib/python3.10/site-packages/airflow/example_dags/example_short_circuit_operator.py took 0.070 seconds
[2024-01-01T16:15:12.849+0100] {processor.py:161} INFO - Started process (PID=5019) to work on /home/ubuntu/.local/lib/python3.10/site-packages/airflow/example_dags/example_short_circuit_operator.py
[2024-01-01T16:15:12.850+0100] {processor.py:830} INFO - Processing file /home/ubuntu/.local/lib/python3.10/site-packages/airflow/example_dags/example_short_circuit_operator.py for tasks to queue
[2024-01-01T16:15:12.851+0100] {logging_mixin.py:188} INFO - [2024-01-01T16:15:12.851+0100] {dagbag.py:538} INFO - Filling up the DagBag from /home/ubuntu/.local/lib/python3.10/site-packages/airflow/example_dags/example_short_circuit_operator.py
[2024-01-01T16:15:12.857+0100] {processor.py:840} INFO - DAG(s) 'example_short_circuit_operator' retrieved from /home/ubuntu/.local/lib/python3.10/site-packages/airflow/example_dags/example_short_circuit_operator.py
[2024-01-01T16:15:12.868+0100] {logging_mixin.py:188} INFO - [2024-01-01T16:15:12.868+0100] {dag.py:3033} INFO - Sync 1 DAGs
[2024-01-01T16:15:12.880+0100] {logging_mixin.py:188} INFO - [2024-01-01T16:15:12.880+0100] {dag.py:3820} INFO - Setting next_dagrun for example_short_circuit_operator to 2023-12-31T00:00:00+00:00, run_after=2024-01-01T00:00:00+00:00
[2024-01-01T16:15:12.894+0100] {processor.py:183} INFO - Processing /home/ubuntu/.local/lib/python3.10/site-packages/airflow/example_dags/example_short_circuit_operator.py took 0.046 seconds
[2024-01-01T16:16:03.741+0100] {processor.py:161} INFO - Started process (PID=5156) to work on /home/ubuntu/.local/lib/python3.10/site-packages/airflow/example_dags/example_short_circuit_operator.py
[2024-01-01T16:16:03.751+0100] {processor.py:830} INFO - Processing file /home/ubuntu/.local/lib/python3.10/site-packages/airflow/example_dags/example_short_circuit_operator.py for tasks to queue
[2024-01-01T16:16:03.752+0100] {logging_mixin.py:188} INFO - [2024-01-01T16:16:03.751+0100] {dagbag.py:538} INFO - Filling up the DagBag from /home/ubuntu/.local/lib/python3.10/site-packages/airflow/example_dags/example_short_circuit_operator.py
[2024-01-01T16:16:03.757+0100] {processor.py:840} INFO - DAG(s) 'example_short_circuit_operator' retrieved from /home/ubuntu/.local/lib/python3.10/site-packages/airflow/example_dags/example_short_circuit_operator.py
[2024-01-01T16:16:03.771+0100] {logging_mixin.py:188} INFO - [2024-01-01T16:16:03.771+0100] {dag.py:3033} INFO - Sync 1 DAGs
[2024-01-01T16:16:03.784+0100] {logging_mixin.py:188} INFO - [2024-01-01T16:16:03.784+0100] {dag.py:3820} INFO - Setting next_dagrun for example_short_circuit_operator to 2023-12-31T00:00:00+00:00, run_after=2024-01-01T00:00:00+00:00
[2024-01-01T16:16:03.798+0100] {processor.py:183} INFO - Processing /home/ubuntu/.local/lib/python3.10/site-packages/airflow/example_dags/example_short_circuit_operator.py took 0.059 seconds
[2024-01-01T16:16:59.996+0100] {processor.py:161} INFO - Started process (PID=5242) to work on /home/ubuntu/.local/lib/python3.10/site-packages/airflow/example_dags/example_short_circuit_operator.py
[2024-01-01T16:17:00.014+0100] {processor.py:830} INFO - Processing file /home/ubuntu/.local/lib/python3.10/site-packages/airflow/example_dags/example_short_circuit_operator.py for tasks to queue
[2024-01-01T16:17:00.016+0100] {logging_mixin.py:188} INFO - [2024-01-01T16:17:00.015+0100] {dagbag.py:538} INFO - Filling up the DagBag from /home/ubuntu/.local/lib/python3.10/site-packages/airflow/example_dags/example_short_circuit_operator.py
[2024-01-01T16:17:00.032+0100] {processor.py:840} INFO - DAG(s) 'example_short_circuit_operator' retrieved from /home/ubuntu/.local/lib/python3.10/site-packages/airflow/example_dags/example_short_circuit_operator.py
[2024-01-01T16:17:00.047+0100] {logging_mixin.py:188} INFO - [2024-01-01T16:17:00.047+0100] {dag.py:3033} INFO - Sync 1 DAGs
[2024-01-01T16:17:00.060+0100] {logging_mixin.py:188} INFO - [2024-01-01T16:17:00.060+0100] {dag.py:3820} INFO - Setting next_dagrun for example_short_circuit_operator to 2023-12-31T00:00:00+00:00, run_after=2024-01-01T00:00:00+00:00
[2024-01-01T16:17:00.086+0100] {processor.py:183} INFO - Processing /home/ubuntu/.local/lib/python3.10/site-packages/airflow/example_dags/example_short_circuit_operator.py took 0.097 seconds
[2024-01-01T16:17:54.339+0100] {processor.py:161} INFO - Started process (PID=5311) to work on /home/ubuntu/.local/lib/python3.10/site-packages/airflow/example_dags/example_short_circuit_operator.py
[2024-01-01T16:17:54.349+0100] {processor.py:830} INFO - Processing file /home/ubuntu/.local/lib/python3.10/site-packages/airflow/example_dags/example_short_circuit_operator.py for tasks to queue
[2024-01-01T16:17:54.350+0100] {logging_mixin.py:188} INFO - [2024-01-01T16:17:54.350+0100] {dagbag.py:538} INFO - Filling up the DagBag from /home/ubuntu/.local/lib/python3.10/site-packages/airflow/example_dags/example_short_circuit_operator.py
[2024-01-01T16:17:54.355+0100] {processor.py:840} INFO - DAG(s) 'example_short_circuit_operator' retrieved from /home/ubuntu/.local/lib/python3.10/site-packages/airflow/example_dags/example_short_circuit_operator.py
[2024-01-01T16:17:54.365+0100] {logging_mixin.py:188} INFO - [2024-01-01T16:17:54.365+0100] {dag.py:3033} INFO - Sync 1 DAGs
[2024-01-01T16:17:54.376+0100] {logging_mixin.py:188} INFO - [2024-01-01T16:17:54.376+0100] {dag.py:3820} INFO - Setting next_dagrun for example_short_circuit_operator to 2023-12-31T00:00:00+00:00, run_after=2024-01-01T00:00:00+00:00
[2024-01-01T16:17:54.393+0100] {processor.py:183} INFO - Processing /home/ubuntu/.local/lib/python3.10/site-packages/airflow/example_dags/example_short_circuit_operator.py took 0.056 seconds
[2024-01-01T16:18:48.918+0100] {processor.py:161} INFO - Started process (PID=5380) to work on /home/ubuntu/.local/lib/python3.10/site-packages/airflow/example_dags/example_short_circuit_operator.py
[2024-01-01T16:18:48.930+0100] {processor.py:830} INFO - Processing file /home/ubuntu/.local/lib/python3.10/site-packages/airflow/example_dags/example_short_circuit_operator.py for tasks to queue
[2024-01-01T16:18:48.932+0100] {logging_mixin.py:188} INFO - [2024-01-01T16:18:48.931+0100] {dagbag.py:538} INFO - Filling up the DagBag from /home/ubuntu/.local/lib/python3.10/site-packages/airflow/example_dags/example_short_circuit_operator.py
[2024-01-01T16:18:48.951+0100] {processor.py:840} INFO - DAG(s) 'example_short_circuit_operator' retrieved from /home/ubuntu/.local/lib/python3.10/site-packages/airflow/example_dags/example_short_circuit_operator.py
[2024-01-01T16:18:48.970+0100] {logging_mixin.py:188} INFO - [2024-01-01T16:18:48.970+0100] {dag.py:3033} INFO - Sync 1 DAGs
[2024-01-01T16:18:48.984+0100] {logging_mixin.py:188} INFO - [2024-01-01T16:18:48.984+0100] {dag.py:3820} INFO - Setting next_dagrun for example_short_circuit_operator to 2023-12-31T00:00:00+00:00, run_after=2024-01-01T00:00:00+00:00
[2024-01-01T16:18:48.998+0100] {processor.py:183} INFO - Processing /home/ubuntu/.local/lib/python3.10/site-packages/airflow/example_dags/example_short_circuit_operator.py took 0.087 seconds
[2024-01-01T16:20:02.485+0100] {processor.py:161} INFO - Started process (PID=5571) to work on /home/ubuntu/.local/lib/python3.10/site-packages/airflow/example_dags/example_short_circuit_operator.py
[2024-01-01T16:20:02.496+0100] {processor.py:830} INFO - Processing file /home/ubuntu/.local/lib/python3.10/site-packages/airflow/example_dags/example_short_circuit_operator.py for tasks to queue
[2024-01-01T16:20:02.497+0100] {logging_mixin.py:188} INFO - [2024-01-01T16:20:02.496+0100] {dagbag.py:538} INFO - Filling up the DagBag from /home/ubuntu/.local/lib/python3.10/site-packages/airflow/example_dags/example_short_circuit_operator.py
[2024-01-01T16:20:02.510+0100] {processor.py:840} INFO - DAG(s) 'example_short_circuit_operator' retrieved from /home/ubuntu/.local/lib/python3.10/site-packages/airflow/example_dags/example_short_circuit_operator.py
[2024-01-01T16:20:02.522+0100] {logging_mixin.py:188} INFO - [2024-01-01T16:20:02.522+0100] {dag.py:3033} INFO - Sync 1 DAGs
[2024-01-01T16:20:02.544+0100] {logging_mixin.py:188} INFO - [2024-01-01T16:20:02.544+0100] {dag.py:3820} INFO - Setting next_dagrun for example_short_circuit_operator to 2023-12-31T00:00:00+00:00, run_after=2024-01-01T00:00:00+00:00
[2024-01-01T16:20:02.563+0100] {processor.py:183} INFO - Processing /home/ubuntu/.local/lib/python3.10/site-packages/airflow/example_dags/example_short_circuit_operator.py took 0.084 seconds
[2024-01-01T16:20:54.394+0100] {processor.py:161} INFO - Started process (PID=5745) to work on /home/ubuntu/.local/lib/python3.10/site-packages/airflow/example_dags/example_short_circuit_operator.py
[2024-01-01T16:20:54.407+0100] {processor.py:830} INFO - Processing file /home/ubuntu/.local/lib/python3.10/site-packages/airflow/example_dags/example_short_circuit_operator.py for tasks to queue
[2024-01-01T16:20:54.409+0100] {logging_mixin.py:188} INFO - [2024-01-01T16:20:54.408+0100] {dagbag.py:538} INFO - Filling up the DagBag from /home/ubuntu/.local/lib/python3.10/site-packages/airflow/example_dags/example_short_circuit_operator.py
[2024-01-01T16:20:54.426+0100] {processor.py:840} INFO - DAG(s) 'example_short_circuit_operator' retrieved from /home/ubuntu/.local/lib/python3.10/site-packages/airflow/example_dags/example_short_circuit_operator.py
[2024-01-01T16:20:54.494+0100] {logging_mixin.py:188} INFO - [2024-01-01T16:20:54.494+0100] {dag.py:3033} INFO - Sync 1 DAGs
[2024-01-01T16:20:54.510+0100] {logging_mixin.py:188} INFO - [2024-01-01T16:20:54.510+0100] {dag.py:3820} INFO - Setting next_dagrun for example_short_circuit_operator to 2023-12-31T00:00:00+00:00, run_after=2024-01-01T00:00:00+00:00
[2024-01-01T16:20:54.540+0100] {processor.py:183} INFO - Processing /home/ubuntu/.local/lib/python3.10/site-packages/airflow/example_dags/example_short_circuit_operator.py took 0.153 seconds
[2024-01-01T16:21:43.406+0100] {processor.py:161} INFO - Started process (PID=5867) to work on /home/ubuntu/.local/lib/python3.10/site-packages/airflow/example_dags/example_short_circuit_operator.py
[2024-01-01T16:21:43.416+0100] {processor.py:830} INFO - Processing file /home/ubuntu/.local/lib/python3.10/site-packages/airflow/example_dags/example_short_circuit_operator.py for tasks to queue
[2024-01-01T16:21:43.419+0100] {logging_mixin.py:188} INFO - [2024-01-01T16:21:43.417+0100] {dagbag.py:538} INFO - Filling up the DagBag from /home/ubuntu/.local/lib/python3.10/site-packages/airflow/example_dags/example_short_circuit_operator.py
[2024-01-01T16:21:43.440+0100] {processor.py:840} INFO - DAG(s) 'example_short_circuit_operator' retrieved from /home/ubuntu/.local/lib/python3.10/site-packages/airflow/example_dags/example_short_circuit_operator.py
[2024-01-01T16:21:43.461+0100] {logging_mixin.py:188} INFO - [2024-01-01T16:21:43.461+0100] {dag.py:3033} INFO - Sync 1 DAGs
[2024-01-01T16:21:43.476+0100] {logging_mixin.py:188} INFO - [2024-01-01T16:21:43.476+0100] {dag.py:3820} INFO - Setting next_dagrun for example_short_circuit_operator to 2023-12-31T00:00:00+00:00, run_after=2024-01-01T00:00:00+00:00
[2024-01-01T16:21:43.491+0100] {processor.py:183} INFO - Processing /home/ubuntu/.local/lib/python3.10/site-packages/airflow/example_dags/example_short_circuit_operator.py took 0.087 seconds
[2024-01-01T16:23:15.977+0100] {processor.py:161} INFO - Started process (PID=5952) to work on /home/ubuntu/.local/lib/python3.10/site-packages/airflow/example_dags/example_short_circuit_operator.py
[2024-01-01T16:23:15.989+0100] {processor.py:830} INFO - Processing file /home/ubuntu/.local/lib/python3.10/site-packages/airflow/example_dags/example_short_circuit_operator.py for tasks to queue
[2024-01-01T16:23:15.991+0100] {logging_mixin.py:188} INFO - [2024-01-01T16:23:15.990+0100] {dagbag.py:538} INFO - Filling up the DagBag from /home/ubuntu/.local/lib/python3.10/site-packages/airflow/example_dags/example_short_circuit_operator.py
[2024-01-01T16:23:16.009+0100] {processor.py:840} INFO - DAG(s) 'example_short_circuit_operator' retrieved from /home/ubuntu/.local/lib/python3.10/site-packages/airflow/example_dags/example_short_circuit_operator.py
[2024-01-01T16:23:16.019+0100] {logging_mixin.py:188} INFO - [2024-01-01T16:23:16.018+0100] {dag.py:3033} INFO - Sync 1 DAGs
[2024-01-01T16:23:16.037+0100] {logging_mixin.py:188} INFO - [2024-01-01T16:23:16.036+0100] {dag.py:3820} INFO - Setting next_dagrun for example_short_circuit_operator to 2023-12-31T00:00:00+00:00, run_after=2024-01-01T00:00:00+00:00
[2024-01-01T16:23:16.051+0100] {processor.py:183} INFO - Processing /home/ubuntu/.local/lib/python3.10/site-packages/airflow/example_dags/example_short_circuit_operator.py took 0.081 seconds
[2024-01-01T16:24:16.150+0100] {processor.py:161} INFO - Started process (PID=6029) to work on /home/ubuntu/.local/lib/python3.10/site-packages/airflow/example_dags/example_short_circuit_operator.py
[2024-01-01T16:24:16.160+0100] {processor.py:830} INFO - Processing file /home/ubuntu/.local/lib/python3.10/site-packages/airflow/example_dags/example_short_circuit_operator.py for tasks to queue
[2024-01-01T16:24:16.160+0100] {logging_mixin.py:188} INFO - [2024-01-01T16:24:16.160+0100] {dagbag.py:538} INFO - Filling up the DagBag from /home/ubuntu/.local/lib/python3.10/site-packages/airflow/example_dags/example_short_circuit_operator.py
[2024-01-01T16:24:16.166+0100] {processor.py:840} INFO - DAG(s) 'example_short_circuit_operator' retrieved from /home/ubuntu/.local/lib/python3.10/site-packages/airflow/example_dags/example_short_circuit_operator.py
[2024-01-01T16:24:16.219+0100] {logging_mixin.py:188} INFO - [2024-01-01T16:24:16.219+0100] {dag.py:3033} INFO - Sync 1 DAGs
[2024-01-01T16:24:16.229+0100] {logging_mixin.py:188} INFO - [2024-01-01T16:24:16.229+0100] {dag.py:3820} INFO - Setting next_dagrun for example_short_circuit_operator to 2023-12-31T00:00:00+00:00, run_after=2024-01-01T00:00:00+00:00
[2024-01-01T16:24:16.244+0100] {processor.py:183} INFO - Processing /home/ubuntu/.local/lib/python3.10/site-packages/airflow/example_dags/example_short_circuit_operator.py took 0.096 seconds
[2024-01-01T16:25:02.619+0100] {processor.py:161} INFO - Started process (PID=6216) to work on /home/ubuntu/.local/lib/python3.10/site-packages/airflow/example_dags/example_short_circuit_operator.py
[2024-01-01T16:25:02.630+0100] {processor.py:830} INFO - Processing file /home/ubuntu/.local/lib/python3.10/site-packages/airflow/example_dags/example_short_circuit_operator.py for tasks to queue
[2024-01-01T16:25:02.631+0100] {logging_mixin.py:188} INFO - [2024-01-01T16:25:02.631+0100] {dagbag.py:538} INFO - Filling up the DagBag from /home/ubuntu/.local/lib/python3.10/site-packages/airflow/example_dags/example_short_circuit_operator.py
[2024-01-01T16:25:02.642+0100] {processor.py:840} INFO - DAG(s) 'example_short_circuit_operator' retrieved from /home/ubuntu/.local/lib/python3.10/site-packages/airflow/example_dags/example_short_circuit_operator.py
[2024-01-01T16:25:02.656+0100] {logging_mixin.py:188} INFO - [2024-01-01T16:25:02.656+0100] {dag.py:3033} INFO - Sync 1 DAGs
[2024-01-01T16:25:02.668+0100] {logging_mixin.py:188} INFO - [2024-01-01T16:25:02.668+0100] {dag.py:3820} INFO - Setting next_dagrun for example_short_circuit_operator to 2023-12-31T00:00:00+00:00, run_after=2024-01-01T00:00:00+00:00
[2024-01-01T16:25:02.684+0100] {processor.py:183} INFO - Processing /home/ubuntu/.local/lib/python3.10/site-packages/airflow/example_dags/example_short_circuit_operator.py took 0.072 seconds
[2024-01-01T16:25:51.690+0100] {processor.py:161} INFO - Started process (PID=6330) to work on /home/ubuntu/.local/lib/python3.10/site-packages/airflow/example_dags/example_short_circuit_operator.py
[2024-01-01T16:25:51.691+0100] {processor.py:830} INFO - Processing file /home/ubuntu/.local/lib/python3.10/site-packages/airflow/example_dags/example_short_circuit_operator.py for tasks to queue
[2024-01-01T16:25:51.691+0100] {logging_mixin.py:188} INFO - [2024-01-01T16:25:51.691+0100] {dagbag.py:538} INFO - Filling up the DagBag from /home/ubuntu/.local/lib/python3.10/site-packages/airflow/example_dags/example_short_circuit_operator.py
[2024-01-01T16:25:51.700+0100] {processor.py:840} INFO - DAG(s) 'example_short_circuit_operator' retrieved from /home/ubuntu/.local/lib/python3.10/site-packages/airflow/example_dags/example_short_circuit_operator.py
[2024-01-01T16:25:51.715+0100] {logging_mixin.py:188} INFO - [2024-01-01T16:25:51.715+0100] {dag.py:3033} INFO - Sync 1 DAGs
[2024-01-01T16:25:51.729+0100] {logging_mixin.py:188} INFO - [2024-01-01T16:25:51.729+0100] {dag.py:3820} INFO - Setting next_dagrun for example_short_circuit_operator to 2023-12-31T00:00:00+00:00, run_after=2024-01-01T00:00:00+00:00
[2024-01-01T16:25:51.750+0100] {processor.py:183} INFO - Processing /home/ubuntu/.local/lib/python3.10/site-packages/airflow/example_dags/example_short_circuit_operator.py took 0.063 seconds
[2024-01-01T16:26:44.283+0100] {processor.py:161} INFO - Started process (PID=6444) to work on /home/ubuntu/.local/lib/python3.10/site-packages/airflow/example_dags/example_short_circuit_operator.py
[2024-01-01T16:26:44.285+0100] {processor.py:830} INFO - Processing file /home/ubuntu/.local/lib/python3.10/site-packages/airflow/example_dags/example_short_circuit_operator.py for tasks to queue
[2024-01-01T16:26:44.286+0100] {logging_mixin.py:188} INFO - [2024-01-01T16:26:44.286+0100] {dagbag.py:538} INFO - Filling up the DagBag from /home/ubuntu/.local/lib/python3.10/site-packages/airflow/example_dags/example_short_circuit_operator.py
[2024-01-01T16:26:44.293+0100] {processor.py:840} INFO - DAG(s) 'example_short_circuit_operator' retrieved from /home/ubuntu/.local/lib/python3.10/site-packages/airflow/example_dags/example_short_circuit_operator.py
[2024-01-01T16:26:44.305+0100] {logging_mixin.py:188} INFO - [2024-01-01T16:26:44.304+0100] {dag.py:3033} INFO - Sync 1 DAGs
[2024-01-01T16:26:44.321+0100] {logging_mixin.py:188} INFO - [2024-01-01T16:26:44.321+0100] {dag.py:3820} INFO - Setting next_dagrun for example_short_circuit_operator to 2023-12-31T00:00:00+00:00, run_after=2024-01-01T00:00:00+00:00
[2024-01-01T16:26:44.345+0100] {processor.py:183} INFO - Processing /home/ubuntu/.local/lib/python3.10/site-packages/airflow/example_dags/example_short_circuit_operator.py took 0.063 seconds
[2024-01-01T16:27:33.167+0100] {processor.py:161} INFO - Started process (PID=6598) to work on /home/ubuntu/.local/lib/python3.10/site-packages/airflow/example_dags/example_short_circuit_operator.py
[2024-01-01T16:27:33.177+0100] {processor.py:830} INFO - Processing file /home/ubuntu/.local/lib/python3.10/site-packages/airflow/example_dags/example_short_circuit_operator.py for tasks to queue
[2024-01-01T16:27:33.178+0100] {logging_mixin.py:188} INFO - [2024-01-01T16:27:33.178+0100] {dagbag.py:538} INFO - Filling up the DagBag from /home/ubuntu/.local/lib/python3.10/site-packages/airflow/example_dags/example_short_circuit_operator.py
[2024-01-01T16:27:33.183+0100] {processor.py:840} INFO - DAG(s) 'example_short_circuit_operator' retrieved from /home/ubuntu/.local/lib/python3.10/site-packages/airflow/example_dags/example_short_circuit_operator.py
[2024-01-01T16:27:33.193+0100] {logging_mixin.py:188} INFO - [2024-01-01T16:27:33.193+0100] {dag.py:3033} INFO - Sync 1 DAGs
[2024-01-01T16:27:33.205+0100] {logging_mixin.py:188} INFO - [2024-01-01T16:27:33.205+0100] {dag.py:3820} INFO - Setting next_dagrun for example_short_circuit_operator to 2023-12-31T00:00:00+00:00, run_after=2024-01-01T00:00:00+00:00
[2024-01-01T16:27:33.222+0100] {processor.py:183} INFO - Processing /home/ubuntu/.local/lib/python3.10/site-packages/airflow/example_dags/example_short_circuit_operator.py took 0.059 seconds
[2024-01-01T16:28:23.111+0100] {processor.py:161} INFO - Started process (PID=6756) to work on /home/ubuntu/.local/lib/python3.10/site-packages/airflow/example_dags/example_short_circuit_operator.py
[2024-01-01T16:28:23.124+0100] {processor.py:830} INFO - Processing file /home/ubuntu/.local/lib/python3.10/site-packages/airflow/example_dags/example_short_circuit_operator.py for tasks to queue
[2024-01-01T16:28:23.125+0100] {logging_mixin.py:188} INFO - [2024-01-01T16:28:23.124+0100] {dagbag.py:538} INFO - Filling up the DagBag from /home/ubuntu/.local/lib/python3.10/site-packages/airflow/example_dags/example_short_circuit_operator.py
[2024-01-01T16:28:23.132+0100] {processor.py:840} INFO - DAG(s) 'example_short_circuit_operator' retrieved from /home/ubuntu/.local/lib/python3.10/site-packages/airflow/example_dags/example_short_circuit_operator.py
[2024-01-01T16:28:23.147+0100] {logging_mixin.py:188} INFO - [2024-01-01T16:28:23.147+0100] {dag.py:3033} INFO - Sync 1 DAGs
[2024-01-01T16:28:23.159+0100] {logging_mixin.py:188} INFO - [2024-01-01T16:28:23.158+0100] {dag.py:3820} INFO - Setting next_dagrun for example_short_circuit_operator to 2023-12-31T00:00:00+00:00, run_after=2024-01-01T00:00:00+00:00
[2024-01-01T16:28:23.176+0100] {processor.py:183} INFO - Processing /home/ubuntu/.local/lib/python3.10/site-packages/airflow/example_dags/example_short_circuit_operator.py took 0.070 seconds
[2024-01-01T16:29:01.434+0100] {processor.py:161} INFO - Started process (PID=6809) to work on /home/ubuntu/.local/lib/python3.10/site-packages/airflow/example_dags/example_short_circuit_operator.py
[2024-01-01T16:29:01.435+0100] {processor.py:830} INFO - Processing file /home/ubuntu/.local/lib/python3.10/site-packages/airflow/example_dags/example_short_circuit_operator.py for tasks to queue
[2024-01-01T16:29:01.435+0100] {logging_mixin.py:188} INFO - [2024-01-01T16:29:01.435+0100] {dagbag.py:538} INFO - Filling up the DagBag from /home/ubuntu/.local/lib/python3.10/site-packages/airflow/example_dags/example_short_circuit_operator.py
[2024-01-01T16:29:01.440+0100] {processor.py:840} INFO - DAG(s) 'example_short_circuit_operator' retrieved from /home/ubuntu/.local/lib/python3.10/site-packages/airflow/example_dags/example_short_circuit_operator.py
[2024-01-01T16:29:01.451+0100] {logging_mixin.py:188} INFO - [2024-01-01T16:29:01.451+0100] {dag.py:3033} INFO - Sync 1 DAGs
[2024-01-01T16:29:01.464+0100] {logging_mixin.py:188} INFO - [2024-01-01T16:29:01.464+0100] {dag.py:3820} INFO - Setting next_dagrun for example_short_circuit_operator to 2023-12-31T00:00:00+00:00, run_after=2024-01-01T00:00:00+00:00
[2024-01-01T16:29:01.490+0100] {processor.py:183} INFO - Processing /home/ubuntu/.local/lib/python3.10/site-packages/airflow/example_dags/example_short_circuit_operator.py took 0.058 seconds
[2024-01-01T16:29:56.360+0100] {processor.py:161} INFO - Started process (PID=6913) to work on /home/ubuntu/.local/lib/python3.10/site-packages/airflow/example_dags/example_short_circuit_operator.py
[2024-01-01T16:29:56.371+0100] {processor.py:830} INFO - Processing file /home/ubuntu/.local/lib/python3.10/site-packages/airflow/example_dags/example_short_circuit_operator.py for tasks to queue
[2024-01-01T16:29:56.372+0100] {logging_mixin.py:188} INFO - [2024-01-01T16:29:56.371+0100] {dagbag.py:538} INFO - Filling up the DagBag from /home/ubuntu/.local/lib/python3.10/site-packages/airflow/example_dags/example_short_circuit_operator.py
[2024-01-01T16:29:56.381+0100] {processor.py:840} INFO - DAG(s) 'example_short_circuit_operator' retrieved from /home/ubuntu/.local/lib/python3.10/site-packages/airflow/example_dags/example_short_circuit_operator.py
[2024-01-01T16:29:56.397+0100] {logging_mixin.py:188} INFO - [2024-01-01T16:29:56.397+0100] {dag.py:3033} INFO - Sync 1 DAGs
[2024-01-01T16:29:56.409+0100] {logging_mixin.py:188} INFO - [2024-01-01T16:29:56.409+0100] {dag.py:3820} INFO - Setting next_dagrun for example_short_circuit_operator to 2023-12-31T00:00:00+00:00, run_after=2024-01-01T00:00:00+00:00
[2024-01-01T16:29:56.425+0100] {processor.py:183} INFO - Processing /home/ubuntu/.local/lib/python3.10/site-packages/airflow/example_dags/example_short_circuit_operator.py took 0.070 seconds
[2024-01-01T16:30:48.913+0100] {processor.py:161} INFO - Started process (PID=7026) to work on /home/ubuntu/.local/lib/python3.10/site-packages/airflow/example_dags/example_short_circuit_operator.py
[2024-01-01T16:30:48.919+0100] {processor.py:830} INFO - Processing file /home/ubuntu/.local/lib/python3.10/site-packages/airflow/example_dags/example_short_circuit_operator.py for tasks to queue
[2024-01-01T16:30:48.920+0100] {logging_mixin.py:188} INFO - [2024-01-01T16:30:48.920+0100] {dagbag.py:538} INFO - Filling up the DagBag from /home/ubuntu/.local/lib/python3.10/site-packages/airflow/example_dags/example_short_circuit_operator.py
[2024-01-01T16:30:48.929+0100] {processor.py:840} INFO - DAG(s) 'example_short_circuit_operator' retrieved from /home/ubuntu/.local/lib/python3.10/site-packages/airflow/example_dags/example_short_circuit_operator.py
[2024-01-01T16:30:48.945+0100] {logging_mixin.py:188} INFO - [2024-01-01T16:30:48.945+0100] {dag.py:3033} INFO - Sync 1 DAGs
[2024-01-01T16:30:48.963+0100] {logging_mixin.py:188} INFO - [2024-01-01T16:30:48.963+0100] {dag.py:3820} INFO - Setting next_dagrun for example_short_circuit_operator to 2023-12-31T00:00:00+00:00, run_after=2024-01-01T00:00:00+00:00
[2024-01-01T16:30:48.986+0100] {processor.py:183} INFO - Processing /home/ubuntu/.local/lib/python3.10/site-packages/airflow/example_dags/example_short_circuit_operator.py took 0.076 seconds
[2024-01-01T16:31:41.175+0100] {processor.py:161} INFO - Started process (PID=7111) to work on /home/ubuntu/.local/lib/python3.10/site-packages/airflow/example_dags/example_short_circuit_operator.py
[2024-01-01T16:31:41.176+0100] {processor.py:830} INFO - Processing file /home/ubuntu/.local/lib/python3.10/site-packages/airflow/example_dags/example_short_circuit_operator.py for tasks to queue
[2024-01-01T16:31:41.177+0100] {logging_mixin.py:188} INFO - [2024-01-01T16:31:41.177+0100] {dagbag.py:538} INFO - Filling up the DagBag from /home/ubuntu/.local/lib/python3.10/site-packages/airflow/example_dags/example_short_circuit_operator.py
[2024-01-01T16:31:41.188+0100] {processor.py:840} INFO - DAG(s) 'example_short_circuit_operator' retrieved from /home/ubuntu/.local/lib/python3.10/site-packages/airflow/example_dags/example_short_circuit_operator.py
[2024-01-01T16:31:41.204+0100] {logging_mixin.py:188} INFO - [2024-01-01T16:31:41.203+0100] {dag.py:3033} INFO - Sync 1 DAGs
[2024-01-01T16:31:41.225+0100] {logging_mixin.py:188} INFO - [2024-01-01T16:31:41.225+0100] {dag.py:3820} INFO - Setting next_dagrun for example_short_circuit_operator to 2023-12-31T00:00:00+00:00, run_after=2024-01-01T00:00:00+00:00
[2024-01-01T16:31:41.254+0100] {processor.py:183} INFO - Processing /home/ubuntu/.local/lib/python3.10/site-packages/airflow/example_dags/example_short_circuit_operator.py took 0.083 seconds
[2024-01-01T16:32:36.965+0100] {processor.py:161} INFO - Started process (PID=7243) to work on /home/ubuntu/.local/lib/python3.10/site-packages/airflow/example_dags/example_short_circuit_operator.py
[2024-01-01T16:32:36.976+0100] {processor.py:830} INFO - Processing file /home/ubuntu/.local/lib/python3.10/site-packages/airflow/example_dags/example_short_circuit_operator.py for tasks to queue
[2024-01-01T16:32:36.976+0100] {logging_mixin.py:188} INFO - [2024-01-01T16:32:36.976+0100] {dagbag.py:538} INFO - Filling up the DagBag from /home/ubuntu/.local/lib/python3.10/site-packages/airflow/example_dags/example_short_circuit_operator.py
[2024-01-01T16:32:36.983+0100] {processor.py:840} INFO - DAG(s) 'example_short_circuit_operator' retrieved from /home/ubuntu/.local/lib/python3.10/site-packages/airflow/example_dags/example_short_circuit_operator.py
[2024-01-01T16:32:37.000+0100] {logging_mixin.py:188} INFO - [2024-01-01T16:32:36.999+0100] {dag.py:3033} INFO - Sync 1 DAGs
[2024-01-01T16:32:37.019+0100] {logging_mixin.py:188} INFO - [2024-01-01T16:32:37.019+0100] {dag.py:3820} INFO - Setting next_dagrun for example_short_circuit_operator to 2023-12-31T00:00:00+00:00, run_after=2024-01-01T00:00:00+00:00
[2024-01-01T16:32:37.052+0100] {processor.py:183} INFO - Processing /home/ubuntu/.local/lib/python3.10/site-packages/airflow/example_dags/example_short_circuit_operator.py took 0.091 seconds
[2024-01-01T16:33:19.630+0100] {processor.py:161} INFO - Started process (PID=7434) to work on /home/ubuntu/.local/lib/python3.10/site-packages/airflow/example_dags/example_short_circuit_operator.py
[2024-01-01T16:33:19.641+0100] {processor.py:830} INFO - Processing file /home/ubuntu/.local/lib/python3.10/site-packages/airflow/example_dags/example_short_circuit_operator.py for tasks to queue
[2024-01-01T16:33:19.642+0100] {logging_mixin.py:188} INFO - [2024-01-01T16:33:19.642+0100] {dagbag.py:538} INFO - Filling up the DagBag from /home/ubuntu/.local/lib/python3.10/site-packages/airflow/example_dags/example_short_circuit_operator.py
[2024-01-01T16:33:19.656+0100] {processor.py:840} INFO - DAG(s) 'example_short_circuit_operator' retrieved from /home/ubuntu/.local/lib/python3.10/site-packages/airflow/example_dags/example_short_circuit_operator.py
[2024-01-01T16:33:19.686+0100] {logging_mixin.py:188} INFO - [2024-01-01T16:33:19.685+0100] {dag.py:3033} INFO - Sync 1 DAGs
[2024-01-01T16:33:19.703+0100] {logging_mixin.py:188} INFO - [2024-01-01T16:33:19.703+0100] {dag.py:3820} INFO - Setting next_dagrun for example_short_circuit_operator to 2023-12-31T00:00:00+00:00, run_after=2024-01-01T00:00:00+00:00
[2024-01-01T16:33:19.723+0100] {processor.py:183} INFO - Processing /home/ubuntu/.local/lib/python3.10/site-packages/airflow/example_dags/example_short_circuit_operator.py took 0.096 seconds
[2024-01-01T16:34:02.636+0100] {processor.py:161} INFO - Started process (PID=7508) to work on /home/ubuntu/.local/lib/python3.10/site-packages/airflow/example_dags/example_short_circuit_operator.py
[2024-01-01T16:34:02.637+0100] {processor.py:830} INFO - Processing file /home/ubuntu/.local/lib/python3.10/site-packages/airflow/example_dags/example_short_circuit_operator.py for tasks to queue
[2024-01-01T16:34:02.637+0100] {logging_mixin.py:188} INFO - [2024-01-01T16:34:02.637+0100] {dagbag.py:538} INFO - Filling up the DagBag from /home/ubuntu/.local/lib/python3.10/site-packages/airflow/example_dags/example_short_circuit_operator.py
[2024-01-01T16:34:02.644+0100] {processor.py:840} INFO - DAG(s) 'example_short_circuit_operator' retrieved from /home/ubuntu/.local/lib/python3.10/site-packages/airflow/example_dags/example_short_circuit_operator.py
[2024-01-01T16:34:02.660+0100] {logging_mixin.py:188} INFO - [2024-01-01T16:34:02.660+0100] {dag.py:3033} INFO - Sync 1 DAGs
[2024-01-01T16:34:02.680+0100] {logging_mixin.py:188} INFO - [2024-01-01T16:34:02.680+0100] {dag.py:3820} INFO - Setting next_dagrun for example_short_circuit_operator to 2023-12-31T00:00:00+00:00, run_after=2024-01-01T00:00:00+00:00
[2024-01-01T16:34:02.712+0100] {processor.py:183} INFO - Processing /home/ubuntu/.local/lib/python3.10/site-packages/airflow/example_dags/example_short_circuit_operator.py took 0.078 seconds
