[2024-01-01T15:42:24.017+0100] {processor.py:161} INFO - Started process (PID=7933) to work on /home/ubuntu/.local/lib/python3.10/site-packages/airflow/example_dags/example_task_group.py
[2024-01-01T15:42:24.018+0100] {processor.py:830} INFO - Processing file /home/ubuntu/.local/lib/python3.10/site-packages/airflow/example_dags/example_task_group.py for tasks to queue
[2024-01-01T15:42:24.019+0100] {logging_mixin.py:188} INFO - [2024-01-01T15:42:24.019+0100] {dagbag.py:538} INFO - Filling up the DagBag from /home/ubuntu/.local/lib/python3.10/site-packages/airflow/example_dags/example_task_group.py
[2024-01-01T15:42:24.027+0100] {processor.py:840} INFO - DAG(s) 'example_task_group' retrieved from /home/ubuntu/.local/lib/python3.10/site-packages/airflow/example_dags/example_task_group.py
[2024-01-01T15:42:24.037+0100] {logging_mixin.py:188} INFO - [2024-01-01T15:42:24.037+0100] {dag.py:3033} INFO - Sync 1 DAGs
[2024-01-01T15:42:24.062+0100] {logging_mixin.py:188} INFO - [2024-01-01T15:42:24.062+0100] {dag.py:3820} INFO - Setting next_dagrun for example_task_group to 2023-12-31T00:00:00+00:00, run_after=2024-01-01T00:00:00+00:00
[2024-01-01T15:42:24.082+0100] {processor.py:183} INFO - Processing /home/ubuntu/.local/lib/python3.10/site-packages/airflow/example_dags/example_task_group.py took 0.067 seconds
[2024-01-01T15:43:12.328+0100] {processor.py:161} INFO - Started process (PID=8031) to work on /home/ubuntu/.local/lib/python3.10/site-packages/airflow/example_dags/example_task_group.py
[2024-01-01T15:43:12.339+0100] {processor.py:830} INFO - Processing file /home/ubuntu/.local/lib/python3.10/site-packages/airflow/example_dags/example_task_group.py for tasks to queue
[2024-01-01T15:43:12.341+0100] {logging_mixin.py:188} INFO - [2024-01-01T15:43:12.340+0100] {dagbag.py:538} INFO - Filling up the DagBag from /home/ubuntu/.local/lib/python3.10/site-packages/airflow/example_dags/example_task_group.py
[2024-01-01T15:43:12.355+0100] {processor.py:840} INFO - DAG(s) 'example_task_group' retrieved from /home/ubuntu/.local/lib/python3.10/site-packages/airflow/example_dags/example_task_group.py
[2024-01-01T15:43:12.425+0100] {logging_mixin.py:188} INFO - [2024-01-01T15:43:12.425+0100] {dag.py:3033} INFO - Sync 1 DAGs
[2024-01-01T15:43:12.438+0100] {logging_mixin.py:188} INFO - [2024-01-01T15:43:12.438+0100] {dag.py:3820} INFO - Setting next_dagrun for example_task_group to 2023-12-31T00:00:00+00:00, run_after=2024-01-01T00:00:00+00:00
[2024-01-01T15:43:12.455+0100] {processor.py:183} INFO - Processing /home/ubuntu/.local/lib/python3.10/site-packages/airflow/example_dags/example_task_group.py took 0.130 seconds
[2024-01-01T15:43:50.353+0100] {processor.py:161} INFO - Started process (PID=8082) to work on /home/ubuntu/.local/lib/python3.10/site-packages/airflow/example_dags/example_task_group.py
[2024-01-01T15:43:50.355+0100] {processor.py:830} INFO - Processing file /home/ubuntu/.local/lib/python3.10/site-packages/airflow/example_dags/example_task_group.py for tasks to queue
[2024-01-01T15:43:50.357+0100] {logging_mixin.py:188} INFO - [2024-01-01T15:43:50.356+0100] {dagbag.py:538} INFO - Filling up the DagBag from /home/ubuntu/.local/lib/python3.10/site-packages/airflow/example_dags/example_task_group.py
[2024-01-01T15:43:50.369+0100] {processor.py:840} INFO - DAG(s) 'example_task_group' retrieved from /home/ubuntu/.local/lib/python3.10/site-packages/airflow/example_dags/example_task_group.py
[2024-01-01T15:43:50.386+0100] {logging_mixin.py:188} INFO - [2024-01-01T15:43:50.386+0100] {dag.py:3033} INFO - Sync 1 DAGs
[2024-01-01T15:43:50.402+0100] {logging_mixin.py:188} INFO - [2024-01-01T15:43:50.402+0100] {dag.py:3820} INFO - Setting next_dagrun for example_task_group to 2023-12-31T00:00:00+00:00, run_after=2024-01-01T00:00:00+00:00
[2024-01-01T15:43:50.418+0100] {processor.py:183} INFO - Processing /home/ubuntu/.local/lib/python3.10/site-packages/airflow/example_dags/example_task_group.py took 0.069 seconds
[2024-01-01T15:44:26.349+0100] {processor.py:161} INFO - Started process (PID=8270) to work on /home/ubuntu/.local/lib/python3.10/site-packages/airflow/example_dags/example_task_group.py
[2024-01-01T15:44:26.350+0100] {processor.py:830} INFO - Processing file /home/ubuntu/.local/lib/python3.10/site-packages/airflow/example_dags/example_task_group.py for tasks to queue
[2024-01-01T15:44:26.351+0100] {logging_mixin.py:188} INFO - [2024-01-01T15:44:26.351+0100] {dagbag.py:538} INFO - Filling up the DagBag from /home/ubuntu/.local/lib/python3.10/site-packages/airflow/example_dags/example_task_group.py
[2024-01-01T15:44:26.359+0100] {processor.py:840} INFO - DAG(s) 'example_task_group' retrieved from /home/ubuntu/.local/lib/python3.10/site-packages/airflow/example_dags/example_task_group.py
[2024-01-01T15:44:26.374+0100] {logging_mixin.py:188} INFO - [2024-01-01T15:44:26.374+0100] {dag.py:3033} INFO - Sync 1 DAGs
[2024-01-01T15:44:26.391+0100] {logging_mixin.py:188} INFO - [2024-01-01T15:44:26.391+0100] {dag.py:3820} INFO - Setting next_dagrun for example_task_group to 2023-12-31T00:00:00+00:00, run_after=2024-01-01T00:00:00+00:00
[2024-01-01T15:44:26.408+0100] {processor.py:183} INFO - Processing /home/ubuntu/.local/lib/python3.10/site-packages/airflow/example_dags/example_task_group.py took 0.062 seconds
[2024-01-01T15:45:03.411+0100] {processor.py:161} INFO - Started process (PID=8409) to work on /home/ubuntu/.local/lib/python3.10/site-packages/airflow/example_dags/example_task_group.py
[2024-01-01T15:45:03.412+0100] {processor.py:830} INFO - Processing file /home/ubuntu/.local/lib/python3.10/site-packages/airflow/example_dags/example_task_group.py for tasks to queue
[2024-01-01T15:45:03.413+0100] {logging_mixin.py:188} INFO - [2024-01-01T15:45:03.412+0100] {dagbag.py:538} INFO - Filling up the DagBag from /home/ubuntu/.local/lib/python3.10/site-packages/airflow/example_dags/example_task_group.py
[2024-01-01T15:45:03.422+0100] {processor.py:840} INFO - DAG(s) 'example_task_group' retrieved from /home/ubuntu/.local/lib/python3.10/site-packages/airflow/example_dags/example_task_group.py
[2024-01-01T15:45:03.436+0100] {logging_mixin.py:188} INFO - [2024-01-01T15:45:03.436+0100] {dag.py:3033} INFO - Sync 1 DAGs
[2024-01-01T15:45:03.449+0100] {logging_mixin.py:188} INFO - [2024-01-01T15:45:03.449+0100] {dag.py:3820} INFO - Setting next_dagrun for example_task_group to 2023-12-31T00:00:00+00:00, run_after=2024-01-01T00:00:00+00:00
[2024-01-01T15:45:03.463+0100] {processor.py:183} INFO - Processing /home/ubuntu/.local/lib/python3.10/site-packages/airflow/example_dags/example_task_group.py took 0.055 seconds
[2024-01-01T15:45:44.049+0100] {processor.py:161} INFO - Started process (PID=8701) to work on /home/ubuntu/.local/lib/python3.10/site-packages/airflow/example_dags/example_task_group.py
[2024-01-01T15:45:44.052+0100] {processor.py:830} INFO - Processing file /home/ubuntu/.local/lib/python3.10/site-packages/airflow/example_dags/example_task_group.py for tasks to queue
[2024-01-01T15:45:44.072+0100] {logging_mixin.py:188} INFO - [2024-01-01T15:45:44.057+0100] {dagbag.py:538} INFO - Filling up the DagBag from /home/ubuntu/.local/lib/python3.10/site-packages/airflow/example_dags/example_task_group.py
[2024-01-01T15:45:44.169+0100] {processor.py:840} INFO - DAG(s) 'example_task_group' retrieved from /home/ubuntu/.local/lib/python3.10/site-packages/airflow/example_dags/example_task_group.py
[2024-01-01T15:45:44.348+0100] {logging_mixin.py:188} INFO - [2024-01-01T15:45:44.340+0100] {dag.py:3033} INFO - Sync 1 DAGs
[2024-01-01T15:45:44.518+0100] {logging_mixin.py:188} INFO - [2024-01-01T15:45:44.510+0100] {dag.py:3820} INFO - Setting next_dagrun for example_task_group to 2023-12-31T00:00:00+00:00, run_after=2024-01-01T00:00:00+00:00
[2024-01-01T15:45:44.591+0100] {processor.py:183} INFO - Processing /home/ubuntu/.local/lib/python3.10/site-packages/airflow/example_dags/example_task_group.py took 0.565 seconds
[2024-01-01T15:46:56.906+0100] {processor.py:161} INFO - Started process (PID=8778) to work on /home/ubuntu/.local/lib/python3.10/site-packages/airflow/example_dags/example_task_group.py
[2024-01-01T15:46:56.910+0100] {processor.py:830} INFO - Processing file /home/ubuntu/.local/lib/python3.10/site-packages/airflow/example_dags/example_task_group.py for tasks to queue
[2024-01-01T15:46:56.915+0100] {logging_mixin.py:188} INFO - [2024-01-01T15:46:56.911+0100] {dagbag.py:538} INFO - Filling up the DagBag from /home/ubuntu/.local/lib/python3.10/site-packages/airflow/example_dags/example_task_group.py
[2024-01-01T15:46:56.947+0100] {processor.py:840} INFO - DAG(s) 'example_task_group' retrieved from /home/ubuntu/.local/lib/python3.10/site-packages/airflow/example_dags/example_task_group.py
[2024-01-01T15:46:57.573+0100] {logging_mixin.py:188} INFO - [2024-01-01T15:46:57.071+0100] {dag.py:3033} INFO - Sync 1 DAGs
[2024-01-01T15:46:57.881+0100] {logging_mixin.py:188} INFO - [2024-01-01T15:46:57.872+0100] {dag.py:3820} INFO - Setting next_dagrun for example_task_group to 2023-12-31T00:00:00+00:00, run_after=2024-01-01T00:00:00+00:00
[2024-01-01T15:46:58.113+0100] {processor.py:183} INFO - Processing /home/ubuntu/.local/lib/python3.10/site-packages/airflow/example_dags/example_task_group.py took 1.211 seconds
[2024-01-01T16:08:59.453+0100] {processor.py:161} INFO - Started process (PID=4100) to work on /home/ubuntu/.local/lib/python3.10/site-packages/airflow/example_dags/example_task_group.py
[2024-01-01T16:08:59.454+0100] {processor.py:830} INFO - Processing file /home/ubuntu/.local/lib/python3.10/site-packages/airflow/example_dags/example_task_group.py for tasks to queue
[2024-01-01T16:08:59.455+0100] {logging_mixin.py:188} INFO - [2024-01-01T16:08:59.455+0100] {dagbag.py:538} INFO - Filling up the DagBag from /home/ubuntu/.local/lib/python3.10/site-packages/airflow/example_dags/example_task_group.py
[2024-01-01T16:08:59.464+0100] {processor.py:840} INFO - DAG(s) 'example_task_group' retrieved from /home/ubuntu/.local/lib/python3.10/site-packages/airflow/example_dags/example_task_group.py
[2024-01-01T16:08:59.470+0100] {logging_mixin.py:188} INFO - [2024-01-01T16:08:59.470+0100] {dag.py:3033} INFO - Sync 1 DAGs
[2024-01-01T16:08:59.483+0100] {logging_mixin.py:188} INFO - [2024-01-01T16:08:59.483+0100] {dag.py:3820} INFO - Setting next_dagrun for example_task_group to 2023-12-31T00:00:00+00:00, run_after=2024-01-01T00:00:00+00:00
[2024-01-01T16:08:59.503+0100] {processor.py:183} INFO - Processing /home/ubuntu/.local/lib/python3.10/site-packages/airflow/example_dags/example_task_group.py took 0.052 seconds
[2024-01-01T16:09:48.945+0100] {processor.py:161} INFO - Started process (PID=4273) to work on /home/ubuntu/.local/lib/python3.10/site-packages/airflow/example_dags/example_task_group.py
[2024-01-01T16:09:48.948+0100] {processor.py:830} INFO - Processing file /home/ubuntu/.local/lib/python3.10/site-packages/airflow/example_dags/example_task_group.py for tasks to queue
[2024-01-01T16:09:48.951+0100] {logging_mixin.py:188} INFO - [2024-01-01T16:09:48.950+0100] {dagbag.py:538} INFO - Filling up the DagBag from /home/ubuntu/.local/lib/python3.10/site-packages/airflow/example_dags/example_task_group.py
[2024-01-01T16:09:48.975+0100] {processor.py:840} INFO - DAG(s) 'example_task_group' retrieved from /home/ubuntu/.local/lib/python3.10/site-packages/airflow/example_dags/example_task_group.py
[2024-01-01T16:09:49.044+0100] {logging_mixin.py:188} INFO - [2024-01-01T16:09:49.044+0100] {dag.py:3033} INFO - Sync 1 DAGs
[2024-01-01T16:09:49.059+0100] {logging_mixin.py:188} INFO - [2024-01-01T16:09:49.058+0100] {dag.py:3820} INFO - Setting next_dagrun for example_task_group to 2023-12-31T00:00:00+00:00, run_after=2024-01-01T00:00:00+00:00
[2024-01-01T16:09:49.075+0100] {processor.py:183} INFO - Processing /home/ubuntu/.local/lib/python3.10/site-packages/airflow/example_dags/example_task_group.py took 0.137 seconds
[2024-01-01T16:10:34.027+0100] {processor.py:161} INFO - Started process (PID=4460) to work on /home/ubuntu/.local/lib/python3.10/site-packages/airflow/example_dags/example_task_group.py
[2024-01-01T16:10:34.039+0100] {processor.py:830} INFO - Processing file /home/ubuntu/.local/lib/python3.10/site-packages/airflow/example_dags/example_task_group.py for tasks to queue
[2024-01-01T16:10:34.041+0100] {logging_mixin.py:188} INFO - [2024-01-01T16:10:34.040+0100] {dagbag.py:538} INFO - Filling up the DagBag from /home/ubuntu/.local/lib/python3.10/site-packages/airflow/example_dags/example_task_group.py
[2024-01-01T16:10:34.061+0100] {processor.py:840} INFO - DAG(s) 'example_task_group' retrieved from /home/ubuntu/.local/lib/python3.10/site-packages/airflow/example_dags/example_task_group.py
[2024-01-01T16:10:34.080+0100] {logging_mixin.py:188} INFO - [2024-01-01T16:10:34.080+0100] {dag.py:3033} INFO - Sync 1 DAGs
[2024-01-01T16:10:34.095+0100] {logging_mixin.py:188} INFO - [2024-01-01T16:10:34.095+0100] {dag.py:3820} INFO - Setting next_dagrun for example_task_group to 2023-12-31T00:00:00+00:00, run_after=2024-01-01T00:00:00+00:00
[2024-01-01T16:10:34.113+0100] {processor.py:183} INFO - Processing /home/ubuntu/.local/lib/python3.10/site-packages/airflow/example_dags/example_task_group.py took 0.093 seconds
[2024-01-01T16:11:11.919+0100] {processor.py:161} INFO - Started process (PID=4511) to work on /home/ubuntu/.local/lib/python3.10/site-packages/airflow/example_dags/example_task_group.py
[2024-01-01T16:11:11.931+0100] {processor.py:830} INFO - Processing file /home/ubuntu/.local/lib/python3.10/site-packages/airflow/example_dags/example_task_group.py for tasks to queue
[2024-01-01T16:11:11.933+0100] {logging_mixin.py:188} INFO - [2024-01-01T16:11:11.932+0100] {dagbag.py:538} INFO - Filling up the DagBag from /home/ubuntu/.local/lib/python3.10/site-packages/airflow/example_dags/example_task_group.py
[2024-01-01T16:11:11.951+0100] {processor.py:840} INFO - DAG(s) 'example_task_group' retrieved from /home/ubuntu/.local/lib/python3.10/site-packages/airflow/example_dags/example_task_group.py
[2024-01-01T16:11:11.969+0100] {logging_mixin.py:188} INFO - [2024-01-01T16:11:11.969+0100] {dag.py:3033} INFO - Sync 1 DAGs
[2024-01-01T16:11:11.984+0100] {logging_mixin.py:188} INFO - [2024-01-01T16:11:11.984+0100] {dag.py:3820} INFO - Setting next_dagrun for example_task_group to 2023-12-31T00:00:00+00:00, run_after=2024-01-01T00:00:00+00:00
[2024-01-01T16:11:11.998+0100] {processor.py:183} INFO - Processing /home/ubuntu/.local/lib/python3.10/site-packages/airflow/example_dags/example_task_group.py took 0.086 seconds
[2024-01-01T16:11:46.567+0100] {processor.py:161} INFO - Started process (PID=4557) to work on /home/ubuntu/.local/lib/python3.10/site-packages/airflow/example_dags/example_task_group.py
[2024-01-01T16:11:46.570+0100] {processor.py:830} INFO - Processing file /home/ubuntu/.local/lib/python3.10/site-packages/airflow/example_dags/example_task_group.py for tasks to queue
[2024-01-01T16:11:46.572+0100] {logging_mixin.py:188} INFO - [2024-01-01T16:11:46.571+0100] {dagbag.py:538} INFO - Filling up the DagBag from /home/ubuntu/.local/lib/python3.10/site-packages/airflow/example_dags/example_task_group.py
[2024-01-01T16:11:46.589+0100] {processor.py:840} INFO - DAG(s) 'example_task_group' retrieved from /home/ubuntu/.local/lib/python3.10/site-packages/airflow/example_dags/example_task_group.py
[2024-01-01T16:11:46.610+0100] {logging_mixin.py:188} INFO - [2024-01-01T16:11:46.610+0100] {dag.py:3033} INFO - Sync 1 DAGs
[2024-01-01T16:11:46.623+0100] {logging_mixin.py:188} INFO - [2024-01-01T16:11:46.623+0100] {dag.py:3820} INFO - Setting next_dagrun for example_task_group to 2023-12-31T00:00:00+00:00, run_after=2024-01-01T00:00:00+00:00
[2024-01-01T16:11:46.659+0100] {processor.py:183} INFO - Processing /home/ubuntu/.local/lib/python3.10/site-packages/airflow/example_dags/example_task_group.py took 0.099 seconds
[2024-01-01T16:12:22.376+0100] {processor.py:161} INFO - Started process (PID=4725) to work on /home/ubuntu/.local/lib/python3.10/site-packages/airflow/example_dags/example_task_group.py
[2024-01-01T16:12:22.377+0100] {processor.py:830} INFO - Processing file /home/ubuntu/.local/lib/python3.10/site-packages/airflow/example_dags/example_task_group.py for tasks to queue
[2024-01-01T16:12:22.378+0100] {logging_mixin.py:188} INFO - [2024-01-01T16:12:22.378+0100] {dagbag.py:538} INFO - Filling up the DagBag from /home/ubuntu/.local/lib/python3.10/site-packages/airflow/example_dags/example_task_group.py
[2024-01-01T16:12:22.387+0100] {processor.py:840} INFO - DAG(s) 'example_task_group' retrieved from /home/ubuntu/.local/lib/python3.10/site-packages/airflow/example_dags/example_task_group.py
[2024-01-01T16:12:22.400+0100] {logging_mixin.py:188} INFO - [2024-01-01T16:12:22.400+0100] {dag.py:3033} INFO - Sync 1 DAGs
[2024-01-01T16:12:22.412+0100] {logging_mixin.py:188} INFO - [2024-01-01T16:12:22.412+0100] {dag.py:3820} INFO - Setting next_dagrun for example_task_group to 2023-12-31T00:00:00+00:00, run_after=2024-01-01T00:00:00+00:00
[2024-01-01T16:12:22.428+0100] {processor.py:183} INFO - Processing /home/ubuntu/.local/lib/python3.10/site-packages/airflow/example_dags/example_task_group.py took 0.057 seconds
[2024-01-01T16:12:59.292+0100] {processor.py:161} INFO - Started process (PID=4790) to work on /home/ubuntu/.local/lib/python3.10/site-packages/airflow/example_dags/example_task_group.py
[2024-01-01T16:12:59.304+0100] {processor.py:830} INFO - Processing file /home/ubuntu/.local/lib/python3.10/site-packages/airflow/example_dags/example_task_group.py for tasks to queue
[2024-01-01T16:12:59.306+0100] {logging_mixin.py:188} INFO - [2024-01-01T16:12:59.305+0100] {dagbag.py:538} INFO - Filling up the DagBag from /home/ubuntu/.local/lib/python3.10/site-packages/airflow/example_dags/example_task_group.py
[2024-01-01T16:12:59.325+0100] {processor.py:840} INFO - DAG(s) 'example_task_group' retrieved from /home/ubuntu/.local/lib/python3.10/site-packages/airflow/example_dags/example_task_group.py
[2024-01-01T16:12:59.347+0100] {logging_mixin.py:188} INFO - [2024-01-01T16:12:59.346+0100] {dag.py:3033} INFO - Sync 1 DAGs
[2024-01-01T16:12:59.361+0100] {logging_mixin.py:188} INFO - [2024-01-01T16:12:59.361+0100] {dag.py:3820} INFO - Setting next_dagrun for example_task_group to 2023-12-31T00:00:00+00:00, run_after=2024-01-01T00:00:00+00:00
[2024-01-01T16:12:59.390+0100] {processor.py:183} INFO - Processing /home/ubuntu/.local/lib/python3.10/site-packages/airflow/example_dags/example_task_group.py took 0.106 seconds
[2024-01-01T16:13:37.551+0100] {processor.py:161} INFO - Started process (PID=4837) to work on /home/ubuntu/.local/lib/python3.10/site-packages/airflow/example_dags/example_task_group.py
[2024-01-01T16:13:37.561+0100] {processor.py:830} INFO - Processing file /home/ubuntu/.local/lib/python3.10/site-packages/airflow/example_dags/example_task_group.py for tasks to queue
[2024-01-01T16:13:37.562+0100] {logging_mixin.py:188} INFO - [2024-01-01T16:13:37.562+0100] {dagbag.py:538} INFO - Filling up the DagBag from /home/ubuntu/.local/lib/python3.10/site-packages/airflow/example_dags/example_task_group.py
[2024-01-01T16:13:37.575+0100] {processor.py:840} INFO - DAG(s) 'example_task_group' retrieved from /home/ubuntu/.local/lib/python3.10/site-packages/airflow/example_dags/example_task_group.py
[2024-01-01T16:13:37.593+0100] {logging_mixin.py:188} INFO - [2024-01-01T16:13:37.593+0100] {dag.py:3033} INFO - Sync 1 DAGs
[2024-01-01T16:13:37.608+0100] {logging_mixin.py:188} INFO - [2024-01-01T16:13:37.608+0100] {dag.py:3820} INFO - Setting next_dagrun for example_task_group to 2023-12-31T00:00:00+00:00, run_after=2024-01-01T00:00:00+00:00
[2024-01-01T16:13:37.622+0100] {processor.py:183} INFO - Processing /home/ubuntu/.local/lib/python3.10/site-packages/airflow/example_dags/example_task_group.py took 0.076 seconds
[2024-01-01T16:14:14.762+0100] {processor.py:161} INFO - Started process (PID=4896) to work on /home/ubuntu/.local/lib/python3.10/site-packages/airflow/example_dags/example_task_group.py
[2024-01-01T16:14:14.772+0100] {processor.py:830} INFO - Processing file /home/ubuntu/.local/lib/python3.10/site-packages/airflow/example_dags/example_task_group.py for tasks to queue
[2024-01-01T16:14:14.772+0100] {logging_mixin.py:188} INFO - [2024-01-01T16:14:14.772+0100] {dagbag.py:538} INFO - Filling up the DagBag from /home/ubuntu/.local/lib/python3.10/site-packages/airflow/example_dags/example_task_group.py
[2024-01-01T16:14:14.778+0100] {processor.py:840} INFO - DAG(s) 'example_task_group' retrieved from /home/ubuntu/.local/lib/python3.10/site-packages/airflow/example_dags/example_task_group.py
[2024-01-01T16:14:14.788+0100] {logging_mixin.py:188} INFO - [2024-01-01T16:14:14.788+0100] {dag.py:3033} INFO - Sync 1 DAGs
[2024-01-01T16:14:14.800+0100] {logging_mixin.py:188} INFO - [2024-01-01T16:14:14.800+0100] {dag.py:3820} INFO - Setting next_dagrun for example_task_group to 2023-12-31T00:00:00+00:00, run_after=2024-01-01T00:00:00+00:00
[2024-01-01T16:14:14.819+0100] {processor.py:183} INFO - Processing /home/ubuntu/.local/lib/python3.10/site-packages/airflow/example_dags/example_task_group.py took 0.060 seconds
[2024-01-01T16:14:50.002+0100] {processor.py:161} INFO - Started process (PID=4982) to work on /home/ubuntu/.local/lib/python3.10/site-packages/airflow/example_dags/example_task_group.py
[2024-01-01T16:14:50.005+0100] {processor.py:830} INFO - Processing file /home/ubuntu/.local/lib/python3.10/site-packages/airflow/example_dags/example_task_group.py for tasks to queue
[2024-01-01T16:14:50.008+0100] {logging_mixin.py:188} INFO - [2024-01-01T16:14:50.007+0100] {dagbag.py:538} INFO - Filling up the DagBag from /home/ubuntu/.local/lib/python3.10/site-packages/airflow/example_dags/example_task_group.py
[2024-01-01T16:14:50.021+0100] {processor.py:840} INFO - DAG(s) 'example_task_group' retrieved from /home/ubuntu/.local/lib/python3.10/site-packages/airflow/example_dags/example_task_group.py
[2024-01-01T16:14:50.031+0100] {logging_mixin.py:188} INFO - [2024-01-01T16:14:50.031+0100] {dag.py:3033} INFO - Sync 1 DAGs
[2024-01-01T16:14:50.042+0100] {logging_mixin.py:188} INFO - [2024-01-01T16:14:50.042+0100] {dag.py:3820} INFO - Setting next_dagrun for example_task_group to 2023-12-31T00:00:00+00:00, run_after=2024-01-01T00:00:00+00:00
[2024-01-01T16:14:50.057+0100] {processor.py:183} INFO - Processing /home/ubuntu/.local/lib/python3.10/site-packages/airflow/example_dags/example_task_group.py took 0.062 seconds
[2024-01-01T16:15:24.115+0100] {processor.py:161} INFO - Started process (PID=5039) to work on /home/ubuntu/.local/lib/python3.10/site-packages/airflow/example_dags/example_task_group.py
[2024-01-01T16:15:24.116+0100] {processor.py:830} INFO - Processing file /home/ubuntu/.local/lib/python3.10/site-packages/airflow/example_dags/example_task_group.py for tasks to queue
[2024-01-01T16:15:24.116+0100] {logging_mixin.py:188} INFO - [2024-01-01T16:15:24.116+0100] {dagbag.py:538} INFO - Filling up the DagBag from /home/ubuntu/.local/lib/python3.10/site-packages/airflow/example_dags/example_task_group.py
[2024-01-01T16:15:24.121+0100] {processor.py:840} INFO - DAG(s) 'example_task_group' retrieved from /home/ubuntu/.local/lib/python3.10/site-packages/airflow/example_dags/example_task_group.py
[2024-01-01T16:15:24.131+0100] {logging_mixin.py:188} INFO - [2024-01-01T16:15:24.131+0100] {dag.py:3033} INFO - Sync 1 DAGs
[2024-01-01T16:15:24.143+0100] {logging_mixin.py:188} INFO - [2024-01-01T16:15:24.143+0100] {dag.py:3820} INFO - Setting next_dagrun for example_task_group to 2023-12-31T00:00:00+00:00, run_after=2024-01-01T00:00:00+00:00
[2024-01-01T16:15:24.168+0100] {processor.py:183} INFO - Processing /home/ubuntu/.local/lib/python3.10/site-packages/airflow/example_dags/example_task_group.py took 0.055 seconds
[2024-01-01T16:15:57.143+0100] {processor.py:161} INFO - Started process (PID=5147) to work on /home/ubuntu/.local/lib/python3.10/site-packages/airflow/example_dags/example_task_group.py
[2024-01-01T16:15:57.153+0100] {processor.py:830} INFO - Processing file /home/ubuntu/.local/lib/python3.10/site-packages/airflow/example_dags/example_task_group.py for tasks to queue
[2024-01-01T16:15:57.154+0100] {logging_mixin.py:188} INFO - [2024-01-01T16:15:57.154+0100] {dagbag.py:538} INFO - Filling up the DagBag from /home/ubuntu/.local/lib/python3.10/site-packages/airflow/example_dags/example_task_group.py
[2024-01-01T16:15:57.160+0100] {processor.py:840} INFO - DAG(s) 'example_task_group' retrieved from /home/ubuntu/.local/lib/python3.10/site-packages/airflow/example_dags/example_task_group.py
[2024-01-01T16:15:57.173+0100] {logging_mixin.py:188} INFO - [2024-01-01T16:15:57.172+0100] {dag.py:3033} INFO - Sync 1 DAGs
[2024-01-01T16:15:57.184+0100] {logging_mixin.py:188} INFO - [2024-01-01T16:15:57.184+0100] {dag.py:3820} INFO - Setting next_dagrun for example_task_group to 2023-12-31T00:00:00+00:00, run_after=2024-01-01T00:00:00+00:00
[2024-01-01T16:15:57.209+0100] {processor.py:183} INFO - Processing /home/ubuntu/.local/lib/python3.10/site-packages/airflow/example_dags/example_task_group.py took 0.068 seconds
[2024-01-01T16:16:35.321+0100] {processor.py:161} INFO - Started process (PID=5210) to work on /home/ubuntu/.local/lib/python3.10/site-packages/airflow/example_dags/example_task_group.py
[2024-01-01T16:16:35.332+0100] {processor.py:830} INFO - Processing file /home/ubuntu/.local/lib/python3.10/site-packages/airflow/example_dags/example_task_group.py for tasks to queue
[2024-01-01T16:16:35.333+0100] {logging_mixin.py:188} INFO - [2024-01-01T16:16:35.333+0100] {dagbag.py:538} INFO - Filling up the DagBag from /home/ubuntu/.local/lib/python3.10/site-packages/airflow/example_dags/example_task_group.py
[2024-01-01T16:16:35.341+0100] {processor.py:840} INFO - DAG(s) 'example_task_group' retrieved from /home/ubuntu/.local/lib/python3.10/site-packages/airflow/example_dags/example_task_group.py
[2024-01-01T16:16:35.355+0100] {logging_mixin.py:188} INFO - [2024-01-01T16:16:35.354+0100] {dag.py:3033} INFO - Sync 1 DAGs
[2024-01-01T16:16:35.369+0100] {logging_mixin.py:188} INFO - [2024-01-01T16:16:35.369+0100] {dag.py:3820} INFO - Setting next_dagrun for example_task_group to 2023-12-31T00:00:00+00:00, run_after=2024-01-01T00:00:00+00:00
[2024-01-01T16:16:35.385+0100] {processor.py:183} INFO - Processing /home/ubuntu/.local/lib/python3.10/site-packages/airflow/example_dags/example_task_group.py took 0.066 seconds
[2024-01-01T16:17:13.117+0100] {processor.py:161} INFO - Started process (PID=5258) to work on /home/ubuntu/.local/lib/python3.10/site-packages/airflow/example_dags/example_task_group.py
[2024-01-01T16:17:13.126+0100] {processor.py:830} INFO - Processing file /home/ubuntu/.local/lib/python3.10/site-packages/airflow/example_dags/example_task_group.py for tasks to queue
[2024-01-01T16:17:13.127+0100] {logging_mixin.py:188} INFO - [2024-01-01T16:17:13.127+0100] {dagbag.py:538} INFO - Filling up the DagBag from /home/ubuntu/.local/lib/python3.10/site-packages/airflow/example_dags/example_task_group.py
[2024-01-01T16:17:13.132+0100] {processor.py:840} INFO - DAG(s) 'example_task_group' retrieved from /home/ubuntu/.local/lib/python3.10/site-packages/airflow/example_dags/example_task_group.py
[2024-01-01T16:17:13.141+0100] {logging_mixin.py:188} INFO - [2024-01-01T16:17:13.141+0100] {dag.py:3033} INFO - Sync 1 DAGs
[2024-01-01T16:17:13.152+0100] {logging_mixin.py:188} INFO - [2024-01-01T16:17:13.152+0100] {dag.py:3820} INFO - Setting next_dagrun for example_task_group to 2023-12-31T00:00:00+00:00, run_after=2024-01-01T00:00:00+00:00
[2024-01-01T16:17:13.171+0100] {processor.py:183} INFO - Processing /home/ubuntu/.local/lib/python3.10/site-packages/airflow/example_dags/example_task_group.py took 0.057 seconds
[2024-01-01T16:17:49.348+0100] {processor.py:161} INFO - Started process (PID=5306) to work on /home/ubuntu/.local/lib/python3.10/site-packages/airflow/example_dags/example_task_group.py
[2024-01-01T16:17:49.349+0100] {processor.py:830} INFO - Processing file /home/ubuntu/.local/lib/python3.10/site-packages/airflow/example_dags/example_task_group.py for tasks to queue
[2024-01-01T16:17:49.350+0100] {logging_mixin.py:188} INFO - [2024-01-01T16:17:49.349+0100] {dagbag.py:538} INFO - Filling up the DagBag from /home/ubuntu/.local/lib/python3.10/site-packages/airflow/example_dags/example_task_group.py
[2024-01-01T16:17:49.354+0100] {processor.py:840} INFO - DAG(s) 'example_task_group' retrieved from /home/ubuntu/.local/lib/python3.10/site-packages/airflow/example_dags/example_task_group.py
[2024-01-01T16:17:49.364+0100] {logging_mixin.py:188} INFO - [2024-01-01T16:17:49.364+0100] {dag.py:3033} INFO - Sync 1 DAGs
[2024-01-01T16:17:49.375+0100] {logging_mixin.py:188} INFO - [2024-01-01T16:17:49.375+0100] {dag.py:3820} INFO - Setting next_dagrun for example_task_group to 2023-12-31T00:00:00+00:00, run_after=2024-01-01T00:00:00+00:00
[2024-01-01T16:17:49.415+0100] {processor.py:183} INFO - Processing /home/ubuntu/.local/lib/python3.10/site-packages/airflow/example_dags/example_task_group.py took 0.069 seconds
[2024-01-01T16:18:24.804+0100] {processor.py:161} INFO - Started process (PID=5350) to work on /home/ubuntu/.local/lib/python3.10/site-packages/airflow/example_dags/example_task_group.py
[2024-01-01T16:18:24.814+0100] {processor.py:830} INFO - Processing file /home/ubuntu/.local/lib/python3.10/site-packages/airflow/example_dags/example_task_group.py for tasks to queue
[2024-01-01T16:18:24.814+0100] {logging_mixin.py:188} INFO - [2024-01-01T16:18:24.814+0100] {dagbag.py:538} INFO - Filling up the DagBag from /home/ubuntu/.local/lib/python3.10/site-packages/airflow/example_dags/example_task_group.py
[2024-01-01T16:18:24.819+0100] {processor.py:840} INFO - DAG(s) 'example_task_group' retrieved from /home/ubuntu/.local/lib/python3.10/site-packages/airflow/example_dags/example_task_group.py
[2024-01-01T16:18:24.828+0100] {logging_mixin.py:188} INFO - [2024-01-01T16:18:24.828+0100] {dag.py:3033} INFO - Sync 1 DAGs
[2024-01-01T16:18:24.840+0100] {logging_mixin.py:188} INFO - [2024-01-01T16:18:24.840+0100] {dag.py:3820} INFO - Setting next_dagrun for example_task_group to 2023-12-31T00:00:00+00:00, run_after=2024-01-01T00:00:00+00:00
[2024-01-01T16:18:24.858+0100] {processor.py:183} INFO - Processing /home/ubuntu/.local/lib/python3.10/site-packages/airflow/example_dags/example_task_group.py took 0.056 seconds
[2024-01-01T16:19:00.256+0100] {processor.py:161} INFO - Started process (PID=5403) to work on /home/ubuntu/.local/lib/python3.10/site-packages/airflow/example_dags/example_task_group.py
[2024-01-01T16:19:00.259+0100] {processor.py:830} INFO - Processing file /home/ubuntu/.local/lib/python3.10/site-packages/airflow/example_dags/example_task_group.py for tasks to queue
[2024-01-01T16:19:00.260+0100] {logging_mixin.py:188} INFO - [2024-01-01T16:19:00.259+0100] {dagbag.py:538} INFO - Filling up the DagBag from /home/ubuntu/.local/lib/python3.10/site-packages/airflow/example_dags/example_task_group.py
[2024-01-01T16:19:00.280+0100] {processor.py:840} INFO - DAG(s) 'example_task_group' retrieved from /home/ubuntu/.local/lib/python3.10/site-packages/airflow/example_dags/example_task_group.py
[2024-01-01T16:19:00.296+0100] {logging_mixin.py:188} INFO - [2024-01-01T16:19:00.296+0100] {dag.py:3033} INFO - Sync 1 DAGs
[2024-01-01T16:19:00.310+0100] {logging_mixin.py:188} INFO - [2024-01-01T16:19:00.310+0100] {dag.py:3820} INFO - Setting next_dagrun for example_task_group to 2023-12-31T00:00:00+00:00, run_after=2024-01-01T00:00:00+00:00
[2024-01-01T16:19:00.338+0100] {processor.py:183} INFO - Processing /home/ubuntu/.local/lib/python3.10/site-packages/airflow/example_dags/example_task_group.py took 0.089 seconds
[2024-01-01T16:19:46.905+0100] {processor.py:161} INFO - Started process (PID=5505) to work on /home/ubuntu/.local/lib/python3.10/site-packages/airflow/example_dags/example_task_group.py
[2024-01-01T16:19:46.915+0100] {processor.py:830} INFO - Processing file /home/ubuntu/.local/lib/python3.10/site-packages/airflow/example_dags/example_task_group.py for tasks to queue
[2024-01-01T16:19:46.917+0100] {logging_mixin.py:188} INFO - [2024-01-01T16:19:46.916+0100] {dagbag.py:538} INFO - Filling up the DagBag from /home/ubuntu/.local/lib/python3.10/site-packages/airflow/example_dags/example_task_group.py
[2024-01-01T16:19:46.941+0100] {processor.py:840} INFO - DAG(s) 'example_task_group' retrieved from /home/ubuntu/.local/lib/python3.10/site-packages/airflow/example_dags/example_task_group.py
[2024-01-01T16:19:46.949+0100] {logging_mixin.py:188} INFO - [2024-01-01T16:19:46.949+0100] {dag.py:3033} INFO - Sync 1 DAGs
[2024-01-01T16:19:46.967+0100] {logging_mixin.py:188} INFO - [2024-01-01T16:19:46.967+0100] {dag.py:3820} INFO - Setting next_dagrun for example_task_group to 2023-12-31T00:00:00+00:00, run_after=2024-01-01T00:00:00+00:00
[2024-01-01T16:19:46.991+0100] {processor.py:183} INFO - Processing /home/ubuntu/.local/lib/python3.10/site-packages/airflow/example_dags/example_task_group.py took 0.090 seconds
[2024-01-01T16:20:36.725+0100] {processor.py:161} INFO - Started process (PID=5699) to work on /home/ubuntu/.local/lib/python3.10/site-packages/airflow/example_dags/example_task_group.py
[2024-01-01T16:20:36.727+0100] {processor.py:830} INFO - Processing file /home/ubuntu/.local/lib/python3.10/site-packages/airflow/example_dags/example_task_group.py for tasks to queue
[2024-01-01T16:20:36.727+0100] {logging_mixin.py:188} INFO - [2024-01-01T16:20:36.727+0100] {dagbag.py:538} INFO - Filling up the DagBag from /home/ubuntu/.local/lib/python3.10/site-packages/airflow/example_dags/example_task_group.py
[2024-01-01T16:20:36.734+0100] {processor.py:840} INFO - DAG(s) 'example_task_group' retrieved from /home/ubuntu/.local/lib/python3.10/site-packages/airflow/example_dags/example_task_group.py
[2024-01-01T16:20:36.803+0100] {logging_mixin.py:188} INFO - [2024-01-01T16:20:36.802+0100] {dag.py:3033} INFO - Sync 1 DAGs
[2024-01-01T16:20:36.819+0100] {logging_mixin.py:188} INFO - [2024-01-01T16:20:36.819+0100] {dag.py:3820} INFO - Setting next_dagrun for example_task_group to 2023-12-31T00:00:00+00:00, run_after=2024-01-01T00:00:00+00:00
[2024-01-01T16:20:36.849+0100] {processor.py:183} INFO - Processing /home/ubuntu/.local/lib/python3.10/site-packages/airflow/example_dags/example_task_group.py took 0.126 seconds
[2024-01-01T16:21:20.178+0100] {processor.py:161} INFO - Started process (PID=5839) to work on /home/ubuntu/.local/lib/python3.10/site-packages/airflow/example_dags/example_task_group.py
[2024-01-01T16:21:20.188+0100] {processor.py:830} INFO - Processing file /home/ubuntu/.local/lib/python3.10/site-packages/airflow/example_dags/example_task_group.py for tasks to queue
[2024-01-01T16:21:20.191+0100] {logging_mixin.py:188} INFO - [2024-01-01T16:21:20.190+0100] {dagbag.py:538} INFO - Filling up the DagBag from /home/ubuntu/.local/lib/python3.10/site-packages/airflow/example_dags/example_task_group.py
[2024-01-01T16:21:20.213+0100] {processor.py:840} INFO - DAG(s) 'example_task_group' retrieved from /home/ubuntu/.local/lib/python3.10/site-packages/airflow/example_dags/example_task_group.py
[2024-01-01T16:21:20.235+0100] {logging_mixin.py:188} INFO - [2024-01-01T16:21:20.235+0100] {dag.py:3033} INFO - Sync 1 DAGs
[2024-01-01T16:21:20.250+0100] {logging_mixin.py:188} INFO - [2024-01-01T16:21:20.250+0100] {dag.py:3820} INFO - Setting next_dagrun for example_task_group to 2023-12-31T00:00:00+00:00, run_after=2024-01-01T00:00:00+00:00
[2024-01-01T16:21:20.265+0100] {processor.py:183} INFO - Processing /home/ubuntu/.local/lib/python3.10/site-packages/airflow/example_dags/example_task_group.py took 0.089 seconds
[2024-01-01T16:23:01.656+0100] {processor.py:161} INFO - Started process (PID=5928) to work on /home/ubuntu/.local/lib/python3.10/site-packages/airflow/example_dags/example_task_group.py
[2024-01-01T16:23:01.657+0100] {processor.py:830} INFO - Processing file /home/ubuntu/.local/lib/python3.10/site-packages/airflow/example_dags/example_task_group.py for tasks to queue
[2024-01-01T16:23:01.657+0100] {logging_mixin.py:188} INFO - [2024-01-01T16:23:01.657+0100] {dagbag.py:538} INFO - Filling up the DagBag from /home/ubuntu/.local/lib/python3.10/site-packages/airflow/example_dags/example_task_group.py
[2024-01-01T16:23:01.665+0100] {processor.py:840} INFO - DAG(s) 'example_task_group' retrieved from /home/ubuntu/.local/lib/python3.10/site-packages/airflow/example_dags/example_task_group.py
[2024-01-01T16:23:01.669+0100] {logging_mixin.py:188} INFO - [2024-01-01T16:23:01.669+0100] {dag.py:3033} INFO - Sync 1 DAGs
[2024-01-01T16:23:01.688+0100] {logging_mixin.py:188} INFO - [2024-01-01T16:23:01.688+0100] {dag.py:3820} INFO - Setting next_dagrun for example_task_group to 2023-12-31T00:00:00+00:00, run_after=2024-01-01T00:00:00+00:00
[2024-01-01T16:23:01.707+0100] {processor.py:183} INFO - Processing /home/ubuntu/.local/lib/python3.10/site-packages/airflow/example_dags/example_task_group.py took 0.052 seconds
[2024-01-01T16:24:00.764+0100] {processor.py:161} INFO - Started process (PID=6008) to work on /home/ubuntu/.local/lib/python3.10/site-packages/airflow/example_dags/example_task_group.py
[2024-01-01T16:24:00.776+0100] {processor.py:830} INFO - Processing file /home/ubuntu/.local/lib/python3.10/site-packages/airflow/example_dags/example_task_group.py for tasks to queue
[2024-01-01T16:24:00.778+0100] {logging_mixin.py:188} INFO - [2024-01-01T16:24:00.777+0100] {dagbag.py:538} INFO - Filling up the DagBag from /home/ubuntu/.local/lib/python3.10/site-packages/airflow/example_dags/example_task_group.py
[2024-01-01T16:24:00.796+0100] {processor.py:840} INFO - DAG(s) 'example_task_group' retrieved from /home/ubuntu/.local/lib/python3.10/site-packages/airflow/example_dags/example_task_group.py
[2024-01-01T16:24:00.862+0100] {logging_mixin.py:188} INFO - [2024-01-01T16:24:00.862+0100] {dag.py:3033} INFO - Sync 1 DAGs
[2024-01-01T16:24:00.873+0100] {logging_mixin.py:188} INFO - [2024-01-01T16:24:00.873+0100] {dag.py:3820} INFO - Setting next_dagrun for example_task_group to 2023-12-31T00:00:00+00:00, run_after=2024-01-01T00:00:00+00:00
[2024-01-01T16:24:00.887+0100] {processor.py:183} INFO - Processing /home/ubuntu/.local/lib/python3.10/site-packages/airflow/example_dags/example_task_group.py took 0.130 seconds
[2024-01-01T16:24:49.026+0100] {processor.py:161} INFO - Started process (PID=6194) to work on /home/ubuntu/.local/lib/python3.10/site-packages/airflow/example_dags/example_task_group.py
[2024-01-01T16:24:49.037+0100] {processor.py:830} INFO - Processing file /home/ubuntu/.local/lib/python3.10/site-packages/airflow/example_dags/example_task_group.py for tasks to queue
[2024-01-01T16:24:49.039+0100] {logging_mixin.py:188} INFO - [2024-01-01T16:24:49.038+0100] {dagbag.py:538} INFO - Filling up the DagBag from /home/ubuntu/.local/lib/python3.10/site-packages/airflow/example_dags/example_task_group.py
[2024-01-01T16:24:49.058+0100] {processor.py:840} INFO - DAG(s) 'example_task_group' retrieved from /home/ubuntu/.local/lib/python3.10/site-packages/airflow/example_dags/example_task_group.py
[2024-01-01T16:24:49.075+0100] {logging_mixin.py:188} INFO - [2024-01-01T16:24:49.075+0100] {dag.py:3033} INFO - Sync 1 DAGs
[2024-01-01T16:24:49.086+0100] {logging_mixin.py:188} INFO - [2024-01-01T16:24:49.086+0100] {dag.py:3820} INFO - Setting next_dagrun for example_task_group to 2023-12-31T00:00:00+00:00, run_after=2024-01-01T00:00:00+00:00
[2024-01-01T16:24:49.105+0100] {processor.py:183} INFO - Processing /home/ubuntu/.local/lib/python3.10/site-packages/airflow/example_dags/example_task_group.py took 0.083 seconds
[2024-01-01T16:25:22.484+0100] {processor.py:161} INFO - Started process (PID=6239) to work on /home/ubuntu/.local/lib/python3.10/site-packages/airflow/example_dags/example_task_group.py
[2024-01-01T16:25:22.486+0100] {processor.py:830} INFO - Processing file /home/ubuntu/.local/lib/python3.10/site-packages/airflow/example_dags/example_task_group.py for tasks to queue
[2024-01-01T16:25:22.488+0100] {logging_mixin.py:188} INFO - [2024-01-01T16:25:22.488+0100] {dagbag.py:538} INFO - Filling up the DagBag from /home/ubuntu/.local/lib/python3.10/site-packages/airflow/example_dags/example_task_group.py
[2024-01-01T16:25:22.507+0100] {processor.py:840} INFO - DAG(s) 'example_task_group' retrieved from /home/ubuntu/.local/lib/python3.10/site-packages/airflow/example_dags/example_task_group.py
[2024-01-01T16:25:22.532+0100] {logging_mixin.py:188} INFO - [2024-01-01T16:25:22.532+0100] {dag.py:3033} INFO - Sync 1 DAGs
[2024-01-01T16:25:22.545+0100] {logging_mixin.py:188} INFO - [2024-01-01T16:25:22.545+0100] {dag.py:3820} INFO - Setting next_dagrun for example_task_group to 2023-12-31T00:00:00+00:00, run_after=2024-01-01T00:00:00+00:00
[2024-01-01T16:25:22.571+0100] {processor.py:183} INFO - Processing /home/ubuntu/.local/lib/python3.10/site-packages/airflow/example_dags/example_task_group.py took 0.095 seconds
[2024-01-01T16:25:58.666+0100] {processor.py:161} INFO - Started process (PID=6342) to work on /home/ubuntu/.local/lib/python3.10/site-packages/airflow/example_dags/example_task_group.py
[2024-01-01T16:25:58.668+0100] {processor.py:830} INFO - Processing file /home/ubuntu/.local/lib/python3.10/site-packages/airflow/example_dags/example_task_group.py for tasks to queue
[2024-01-01T16:25:58.670+0100] {logging_mixin.py:188} INFO - [2024-01-01T16:25:58.669+0100] {dagbag.py:538} INFO - Filling up the DagBag from /home/ubuntu/.local/lib/python3.10/site-packages/airflow/example_dags/example_task_group.py
[2024-01-01T16:25:58.688+0100] {processor.py:840} INFO - DAG(s) 'example_task_group' retrieved from /home/ubuntu/.local/lib/python3.10/site-packages/airflow/example_dags/example_task_group.py
[2024-01-01T16:25:58.705+0100] {logging_mixin.py:188} INFO - [2024-01-01T16:25:58.705+0100] {dag.py:3033} INFO - Sync 1 DAGs
[2024-01-01T16:25:58.719+0100] {logging_mixin.py:188} INFO - [2024-01-01T16:25:58.719+0100] {dag.py:3820} INFO - Setting next_dagrun for example_task_group to 2023-12-31T00:00:00+00:00, run_after=2024-01-01T00:00:00+00:00
[2024-01-01T16:25:58.751+0100] {processor.py:183} INFO - Processing /home/ubuntu/.local/lib/python3.10/site-packages/airflow/example_dags/example_task_group.py took 0.092 seconds
[2024-01-01T16:26:37.986+0100] {processor.py:161} INFO - Started process (PID=6431) to work on /home/ubuntu/.local/lib/python3.10/site-packages/airflow/example_dags/example_task_group.py
[2024-01-01T16:26:37.988+0100] {processor.py:830} INFO - Processing file /home/ubuntu/.local/lib/python3.10/site-packages/airflow/example_dags/example_task_group.py for tasks to queue
[2024-01-01T16:26:37.988+0100] {logging_mixin.py:188} INFO - [2024-01-01T16:26:37.988+0100] {dagbag.py:538} INFO - Filling up the DagBag from /home/ubuntu/.local/lib/python3.10/site-packages/airflow/example_dags/example_task_group.py
[2024-01-01T16:26:37.993+0100] {processor.py:840} INFO - DAG(s) 'example_task_group' retrieved from /home/ubuntu/.local/lib/python3.10/site-packages/airflow/example_dags/example_task_group.py
[2024-01-01T16:26:38.004+0100] {logging_mixin.py:188} INFO - [2024-01-01T16:26:38.004+0100] {dag.py:3033} INFO - Sync 1 DAGs
[2024-01-01T16:26:38.017+0100] {logging_mixin.py:188} INFO - [2024-01-01T16:26:38.017+0100] {dag.py:3820} INFO - Setting next_dagrun for example_task_group to 2023-12-31T00:00:00+00:00, run_after=2024-01-01T00:00:00+00:00
[2024-01-01T16:26:38.031+0100] {processor.py:183} INFO - Processing /home/ubuntu/.local/lib/python3.10/site-packages/airflow/example_dags/example_task_group.py took 0.047 seconds
[2024-01-01T16:27:14.171+0100] {processor.py:161} INFO - Started process (PID=6546) to work on /home/ubuntu/.local/lib/python3.10/site-packages/airflow/example_dags/example_task_group.py
[2024-01-01T16:27:14.181+0100] {processor.py:830} INFO - Processing file /home/ubuntu/.local/lib/python3.10/site-packages/airflow/example_dags/example_task_group.py for tasks to queue
[2024-01-01T16:27:14.181+0100] {logging_mixin.py:188} INFO - [2024-01-01T16:27:14.181+0100] {dagbag.py:538} INFO - Filling up the DagBag from /home/ubuntu/.local/lib/python3.10/site-packages/airflow/example_dags/example_task_group.py
[2024-01-01T16:27:14.186+0100] {processor.py:840} INFO - DAG(s) 'example_task_group' retrieved from /home/ubuntu/.local/lib/python3.10/site-packages/airflow/example_dags/example_task_group.py
[2024-01-01T16:27:14.197+0100] {logging_mixin.py:188} INFO - [2024-01-01T16:27:14.196+0100] {dag.py:3033} INFO - Sync 1 DAGs
[2024-01-01T16:27:14.208+0100] {logging_mixin.py:188} INFO - [2024-01-01T16:27:14.208+0100] {dag.py:3820} INFO - Setting next_dagrun for example_task_group to 2023-12-31T00:00:00+00:00, run_after=2024-01-01T00:00:00+00:00
[2024-01-01T16:27:14.224+0100] {processor.py:183} INFO - Processing /home/ubuntu/.local/lib/python3.10/site-packages/airflow/example_dags/example_task_group.py took 0.056 seconds
[2024-01-01T16:28:00.755+0100] {processor.py:161} INFO - Started process (PID=6637) to work on /home/ubuntu/.local/lib/python3.10/site-packages/airflow/example_dags/example_task_group.py
[2024-01-01T16:28:00.757+0100] {processor.py:830} INFO - Processing file /home/ubuntu/.local/lib/python3.10/site-packages/airflow/example_dags/example_task_group.py for tasks to queue
[2024-01-01T16:28:00.758+0100] {logging_mixin.py:188} INFO - [2024-01-01T16:28:00.757+0100] {dagbag.py:538} INFO - Filling up the DagBag from /home/ubuntu/.local/lib/python3.10/site-packages/airflow/example_dags/example_task_group.py
[2024-01-01T16:28:00.765+0100] {processor.py:840} INFO - DAG(s) 'example_task_group' retrieved from /home/ubuntu/.local/lib/python3.10/site-packages/airflow/example_dags/example_task_group.py
[2024-01-01T16:28:00.776+0100] {logging_mixin.py:188} INFO - [2024-01-01T16:28:00.776+0100] {dag.py:3033} INFO - Sync 1 DAGs
[2024-01-01T16:28:00.792+0100] {logging_mixin.py:188} INFO - [2024-01-01T16:28:00.792+0100] {dag.py:3820} INFO - Setting next_dagrun for example_task_group to 2023-12-31T00:00:00+00:00, run_after=2024-01-01T00:00:00+00:00
[2024-01-01T16:28:00.827+0100] {processor.py:183} INFO - Processing /home/ubuntu/.local/lib/python3.10/site-packages/airflow/example_dags/example_task_group.py took 0.076 seconds
[2024-01-01T16:28:35.933+0100] {processor.py:161} INFO - Started process (PID=6770) to work on /home/ubuntu/.local/lib/python3.10/site-packages/airflow/example_dags/example_task_group.py
[2024-01-01T16:28:35.943+0100] {processor.py:830} INFO - Processing file /home/ubuntu/.local/lib/python3.10/site-packages/airflow/example_dags/example_task_group.py for tasks to queue
[2024-01-01T16:28:35.944+0100] {logging_mixin.py:188} INFO - [2024-01-01T16:28:35.944+0100] {dagbag.py:538} INFO - Filling up the DagBag from /home/ubuntu/.local/lib/python3.10/site-packages/airflow/example_dags/example_task_group.py
[2024-01-01T16:28:35.951+0100] {processor.py:840} INFO - DAG(s) 'example_task_group' retrieved from /home/ubuntu/.local/lib/python3.10/site-packages/airflow/example_dags/example_task_group.py
[2024-01-01T16:28:35.963+0100] {logging_mixin.py:188} INFO - [2024-01-01T16:28:35.963+0100] {dag.py:3033} INFO - Sync 1 DAGs
[2024-01-01T16:28:35.977+0100] {logging_mixin.py:188} INFO - [2024-01-01T16:28:35.977+0100] {dag.py:3820} INFO - Setting next_dagrun for example_task_group to 2023-12-31T00:00:00+00:00, run_after=2024-01-01T00:00:00+00:00
[2024-01-01T16:28:35.992+0100] {processor.py:183} INFO - Processing /home/ubuntu/.local/lib/python3.10/site-packages/airflow/example_dags/example_task_group.py took 0.061 seconds
[2024-01-01T16:29:13.228+0100] {processor.py:161} INFO - Started process (PID=6820) to work on /home/ubuntu/.local/lib/python3.10/site-packages/airflow/example_dags/example_task_group.py
[2024-01-01T16:29:13.229+0100] {processor.py:830} INFO - Processing file /home/ubuntu/.local/lib/python3.10/site-packages/airflow/example_dags/example_task_group.py for tasks to queue
[2024-01-01T16:29:13.229+0100] {logging_mixin.py:188} INFO - [2024-01-01T16:29:13.229+0100] {dagbag.py:538} INFO - Filling up the DagBag from /home/ubuntu/.local/lib/python3.10/site-packages/airflow/example_dags/example_task_group.py
[2024-01-01T16:29:13.235+0100] {processor.py:840} INFO - DAG(s) 'example_task_group' retrieved from /home/ubuntu/.local/lib/python3.10/site-packages/airflow/example_dags/example_task_group.py
[2024-01-01T16:29:13.245+0100] {logging_mixin.py:188} INFO - [2024-01-01T16:29:13.245+0100] {dag.py:3033} INFO - Sync 1 DAGs
[2024-01-01T16:29:13.260+0100] {logging_mixin.py:188} INFO - [2024-01-01T16:29:13.259+0100] {dag.py:3820} INFO - Setting next_dagrun for example_task_group to 2023-12-31T00:00:00+00:00, run_after=2024-01-01T00:00:00+00:00
[2024-01-01T16:29:13.299+0100] {processor.py:183} INFO - Processing /home/ubuntu/.local/lib/python3.10/site-packages/airflow/example_dags/example_task_group.py took 0.073 seconds
[2024-01-01T16:29:48.712+0100] {processor.py:161} INFO - Started process (PID=6901) to work on /home/ubuntu/.local/lib/python3.10/site-packages/airflow/example_dags/example_task_group.py
[2024-01-01T16:29:48.714+0100] {processor.py:830} INFO - Processing file /home/ubuntu/.local/lib/python3.10/site-packages/airflow/example_dags/example_task_group.py for tasks to queue
[2024-01-01T16:29:48.716+0100] {logging_mixin.py:188} INFO - [2024-01-01T16:29:48.715+0100] {dagbag.py:538} INFO - Filling up the DagBag from /home/ubuntu/.local/lib/python3.10/site-packages/airflow/example_dags/example_task_group.py
[2024-01-01T16:29:48.724+0100] {processor.py:840} INFO - DAG(s) 'example_task_group' retrieved from /home/ubuntu/.local/lib/python3.10/site-packages/airflow/example_dags/example_task_group.py
[2024-01-01T16:29:48.736+0100] {logging_mixin.py:188} INFO - [2024-01-01T16:29:48.736+0100] {dag.py:3033} INFO - Sync 1 DAGs
[2024-01-01T16:29:48.748+0100] {logging_mixin.py:188} INFO - [2024-01-01T16:29:48.748+0100] {dag.py:3820} INFO - Setting next_dagrun for example_task_group to 2023-12-31T00:00:00+00:00, run_after=2024-01-01T00:00:00+00:00
[2024-01-01T16:29:48.775+0100] {processor.py:183} INFO - Processing /home/ubuntu/.local/lib/python3.10/site-packages/airflow/example_dags/example_task_group.py took 0.067 seconds
[2024-01-01T16:30:23.344+0100] {processor.py:161} INFO - Started process (PID=6994) to work on /home/ubuntu/.local/lib/python3.10/site-packages/airflow/example_dags/example_task_group.py
[2024-01-01T16:30:23.348+0100] {processor.py:830} INFO - Processing file /home/ubuntu/.local/lib/python3.10/site-packages/airflow/example_dags/example_task_group.py for tasks to queue
[2024-01-01T16:30:23.349+0100] {logging_mixin.py:188} INFO - [2024-01-01T16:30:23.349+0100] {dagbag.py:538} INFO - Filling up the DagBag from /home/ubuntu/.local/lib/python3.10/site-packages/airflow/example_dags/example_task_group.py
[2024-01-01T16:30:23.361+0100] {processor.py:840} INFO - DAG(s) 'example_task_group' retrieved from /home/ubuntu/.local/lib/python3.10/site-packages/airflow/example_dags/example_task_group.py
[2024-01-01T16:30:23.373+0100] {logging_mixin.py:188} INFO - [2024-01-01T16:30:23.373+0100] {dag.py:3033} INFO - Sync 1 DAGs
[2024-01-01T16:30:23.384+0100] {logging_mixin.py:188} INFO - [2024-01-01T16:30:23.384+0100] {dag.py:3820} INFO - Setting next_dagrun for example_task_group to 2023-12-31T00:00:00+00:00, run_after=2024-01-01T00:00:00+00:00
[2024-01-01T16:30:23.413+0100] {processor.py:183} INFO - Processing /home/ubuntu/.local/lib/python3.10/site-packages/airflow/example_dags/example_task_group.py took 0.084 seconds
[2024-01-01T16:30:59.633+0100] {processor.py:161} INFO - Started process (PID=7045) to work on /home/ubuntu/.local/lib/python3.10/site-packages/airflow/example_dags/example_task_group.py
[2024-01-01T16:30:59.645+0100] {processor.py:830} INFO - Processing file /home/ubuntu/.local/lib/python3.10/site-packages/airflow/example_dags/example_task_group.py for tasks to queue
[2024-01-01T16:30:59.646+0100] {logging_mixin.py:188} INFO - [2024-01-01T16:30:59.645+0100] {dagbag.py:538} INFO - Filling up the DagBag from /home/ubuntu/.local/lib/python3.10/site-packages/airflow/example_dags/example_task_group.py
[2024-01-01T16:30:59.661+0100] {processor.py:840} INFO - DAG(s) 'example_task_group' retrieved from /home/ubuntu/.local/lib/python3.10/site-packages/airflow/example_dags/example_task_group.py
[2024-01-01T16:30:59.682+0100] {logging_mixin.py:188} INFO - [2024-01-01T16:30:59.682+0100] {dag.py:3033} INFO - Sync 1 DAGs
[2024-01-01T16:30:59.697+0100] {logging_mixin.py:188} INFO - [2024-01-01T16:30:59.697+0100] {dag.py:3820} INFO - Setting next_dagrun for example_task_group to 2023-12-31T00:00:00+00:00, run_after=2024-01-01T00:00:00+00:00
[2024-01-01T16:30:59.724+0100] {processor.py:183} INFO - Processing /home/ubuntu/.local/lib/python3.10/site-packages/airflow/example_dags/example_task_group.py took 0.095 seconds
[2024-01-01T16:31:35.829+0100] {processor.py:161} INFO - Started process (PID=7104) to work on /home/ubuntu/.local/lib/python3.10/site-packages/airflow/example_dags/example_task_group.py
[2024-01-01T16:31:35.830+0100] {processor.py:830} INFO - Processing file /home/ubuntu/.local/lib/python3.10/site-packages/airflow/example_dags/example_task_group.py for tasks to queue
[2024-01-01T16:31:35.831+0100] {logging_mixin.py:188} INFO - [2024-01-01T16:31:35.830+0100] {dagbag.py:538} INFO - Filling up the DagBag from /home/ubuntu/.local/lib/python3.10/site-packages/airflow/example_dags/example_task_group.py
[2024-01-01T16:31:35.839+0100] {processor.py:840} INFO - DAG(s) 'example_task_group' retrieved from /home/ubuntu/.local/lib/python3.10/site-packages/airflow/example_dags/example_task_group.py
[2024-01-01T16:31:35.852+0100] {logging_mixin.py:188} INFO - [2024-01-01T16:31:35.852+0100] {dag.py:3033} INFO - Sync 1 DAGs
[2024-01-01T16:31:35.865+0100] {logging_mixin.py:188} INFO - [2024-01-01T16:31:35.865+0100] {dag.py:3820} INFO - Setting next_dagrun for example_task_group to 2023-12-31T00:00:00+00:00, run_after=2024-01-01T00:00:00+00:00
[2024-01-01T16:31:35.889+0100] {processor.py:183} INFO - Processing /home/ubuntu/.local/lib/python3.10/site-packages/airflow/example_dags/example_task_group.py took 0.064 seconds
[2024-01-01T16:32:10.010+0100] {processor.py:161} INFO - Started process (PID=7186) to work on /home/ubuntu/.local/lib/python3.10/site-packages/airflow/example_dags/example_task_group.py
[2024-01-01T16:32:10.020+0100] {processor.py:830} INFO - Processing file /home/ubuntu/.local/lib/python3.10/site-packages/airflow/example_dags/example_task_group.py for tasks to queue
[2024-01-01T16:32:10.021+0100] {logging_mixin.py:188} INFO - [2024-01-01T16:32:10.020+0100] {dagbag.py:538} INFO - Filling up the DagBag from /home/ubuntu/.local/lib/python3.10/site-packages/airflow/example_dags/example_task_group.py
[2024-01-01T16:32:10.030+0100] {processor.py:840} INFO - DAG(s) 'example_task_group' retrieved from /home/ubuntu/.local/lib/python3.10/site-packages/airflow/example_dags/example_task_group.py
[2024-01-01T16:32:10.047+0100] {logging_mixin.py:188} INFO - [2024-01-01T16:32:10.047+0100] {dag.py:3033} INFO - Sync 1 DAGs
[2024-01-01T16:32:10.063+0100] {logging_mixin.py:188} INFO - [2024-01-01T16:32:10.063+0100] {dag.py:3820} INFO - Setting next_dagrun for example_task_group to 2023-12-31T00:00:00+00:00, run_after=2024-01-01T00:00:00+00:00
[2024-01-01T16:32:10.079+0100] {processor.py:183} INFO - Processing /home/ubuntu/.local/lib/python3.10/site-packages/airflow/example_dags/example_task_group.py took 0.071 seconds
[2024-01-01T16:32:49.043+0100] {processor.py:161} INFO - Started process (PID=7262) to work on /home/ubuntu/.local/lib/python3.10/site-packages/airflow/example_dags/example_task_group.py
[2024-01-01T16:32:49.055+0100] {processor.py:830} INFO - Processing file /home/ubuntu/.local/lib/python3.10/site-packages/airflow/example_dags/example_task_group.py for tasks to queue
[2024-01-01T16:32:49.057+0100] {logging_mixin.py:188} INFO - [2024-01-01T16:32:49.056+0100] {dagbag.py:538} INFO - Filling up the DagBag from /home/ubuntu/.local/lib/python3.10/site-packages/airflow/example_dags/example_task_group.py
[2024-01-01T16:32:49.076+0100] {processor.py:840} INFO - DAG(s) 'example_task_group' retrieved from /home/ubuntu/.local/lib/python3.10/site-packages/airflow/example_dags/example_task_group.py
[2024-01-01T16:32:49.096+0100] {logging_mixin.py:188} INFO - [2024-01-01T16:32:49.096+0100] {dag.py:3033} INFO - Sync 1 DAGs
[2024-01-01T16:32:49.111+0100] {logging_mixin.py:188} INFO - [2024-01-01T16:32:49.111+0100] {dag.py:3820} INFO - Setting next_dagrun for example_task_group to 2023-12-31T00:00:00+00:00, run_after=2024-01-01T00:00:00+00:00
[2024-01-01T16:32:49.133+0100] {processor.py:183} INFO - Processing /home/ubuntu/.local/lib/python3.10/site-packages/airflow/example_dags/example_task_group.py took 0.097 seconds
[2024-01-01T16:33:34.085+0100] {processor.py:161} INFO - Started process (PID=7450) to work on /home/ubuntu/.local/lib/python3.10/site-packages/airflow/example_dags/example_task_group.py
[2024-01-01T16:33:34.096+0100] {processor.py:830} INFO - Processing file /home/ubuntu/.local/lib/python3.10/site-packages/airflow/example_dags/example_task_group.py for tasks to queue
[2024-01-01T16:33:34.097+0100] {logging_mixin.py:188} INFO - [2024-01-01T16:33:34.097+0100] {dagbag.py:538} INFO - Filling up the DagBag from /home/ubuntu/.local/lib/python3.10/site-packages/airflow/example_dags/example_task_group.py
[2024-01-01T16:33:34.107+0100] {processor.py:840} INFO - DAG(s) 'example_task_group' retrieved from /home/ubuntu/.local/lib/python3.10/site-packages/airflow/example_dags/example_task_group.py
[2024-01-01T16:33:34.126+0100] {logging_mixin.py:188} INFO - [2024-01-01T16:33:34.126+0100] {dag.py:3033} INFO - Sync 1 DAGs
[2024-01-01T16:33:34.143+0100] {logging_mixin.py:188} INFO - [2024-01-01T16:33:34.143+0100] {dag.py:3820} INFO - Setting next_dagrun for example_task_group to 2023-12-31T00:00:00+00:00, run_after=2024-01-01T00:00:00+00:00
[2024-01-01T16:33:34.160+0100] {processor.py:183} INFO - Processing /home/ubuntu/.local/lib/python3.10/site-packages/airflow/example_dags/example_task_group.py took 0.076 seconds
[2024-01-01T16:34:14.792+0100] {processor.py:161} INFO - Started process (PID=7537) to work on /home/ubuntu/.local/lib/python3.10/site-packages/airflow/example_dags/example_task_group.py
[2024-01-01T16:34:14.802+0100] {processor.py:830} INFO - Processing file /home/ubuntu/.local/lib/python3.10/site-packages/airflow/example_dags/example_task_group.py for tasks to queue
[2024-01-01T16:34:14.803+0100] {logging_mixin.py:188} INFO - [2024-01-01T16:34:14.803+0100] {dagbag.py:538} INFO - Filling up the DagBag from /home/ubuntu/.local/lib/python3.10/site-packages/airflow/example_dags/example_task_group.py
[2024-01-01T16:34:14.813+0100] {processor.py:840} INFO - DAG(s) 'example_task_group' retrieved from /home/ubuntu/.local/lib/python3.10/site-packages/airflow/example_dags/example_task_group.py
[2024-01-01T16:34:14.831+0100] {logging_mixin.py:188} INFO - [2024-01-01T16:34:14.831+0100] {dag.py:3033} INFO - Sync 1 DAGs
[2024-01-01T16:34:14.850+0100] {logging_mixin.py:188} INFO - [2024-01-01T16:34:14.850+0100] {dag.py:3820} INFO - Setting next_dagrun for example_task_group to 2023-12-31T00:00:00+00:00, run_after=2024-01-01T00:00:00+00:00
[2024-01-01T16:34:14.870+0100] {processor.py:183} INFO - Processing /home/ubuntu/.local/lib/python3.10/site-packages/airflow/example_dags/example_task_group.py took 0.081 seconds
