[2024-01-01T15:42:58.949+0100] {processor.py:161} INFO - Started process (PID=8006) to work on /home/ubuntu/.local/lib/python3.10/site-packages/airflow/example_dags/example_branch_datetime_operator.py
[2024-01-01T15:42:58.950+0100] {processor.py:830} INFO - Processing file /home/ubuntu/.local/lib/python3.10/site-packages/airflow/example_dags/example_branch_datetime_operator.py for tasks to queue
[2024-01-01T15:42:58.950+0100] {logging_mixin.py:188} INFO - [2024-01-01T15:42:58.950+0100] {dagbag.py:538} INFO - Filling up the DagBag from /home/ubuntu/.local/lib/python3.10/site-packages/airflow/example_dags/example_branch_datetime_operator.py
[2024-01-01T15:42:58.956+0100] {processor.py:840} INFO - DAG(s) 'example_branch_datetime_operator_3', 'example_branch_datetime_operator', 'example_branch_datetime_operator_2' retrieved from /home/ubuntu/.local/lib/python3.10/site-packages/airflow/example_dags/example_branch_datetime_operator.py
[2024-01-01T15:42:59.021+0100] {logging_mixin.py:188} INFO - [2024-01-01T15:42:59.021+0100] {dag.py:3033} INFO - Sync 3 DAGs
[2024-01-01T15:42:59.033+0100] {logging_mixin.py:188} INFO - [2024-01-01T15:42:59.033+0100] {dag.py:3820} INFO - Setting next_dagrun for example_branch_datetime_operator to 2023-12-31T00:00:00+00:00, run_after=2024-01-01T00:00:00+00:00
[2024-01-01T15:42:59.035+0100] {logging_mixin.py:188} INFO - [2024-01-01T15:42:59.035+0100] {dag.py:3820} INFO - Setting next_dagrun for example_branch_datetime_operator_2 to 2023-12-31T00:00:00+00:00, run_after=2024-01-01T00:00:00+00:00
[2024-01-01T15:42:59.036+0100] {logging_mixin.py:188} INFO - [2024-01-01T15:42:59.036+0100] {dag.py:3820} INFO - Setting next_dagrun for example_branch_datetime_operator_3 to 2023-12-31T00:00:00+00:00, run_after=2024-01-01T00:00:00+00:00
[2024-01-01T15:42:59.060+0100] {processor.py:183} INFO - Processing /home/ubuntu/.local/lib/python3.10/site-packages/airflow/example_dags/example_branch_datetime_operator.py took 0.112 seconds
[2024-01-01T15:43:54.368+0100] {processor.py:161} INFO - Started process (PID=8099) to work on /home/ubuntu/.local/lib/python3.10/site-packages/airflow/example_dags/example_branch_datetime_operator.py
[2024-01-01T15:43:54.371+0100] {processor.py:830} INFO - Processing file /home/ubuntu/.local/lib/python3.10/site-packages/airflow/example_dags/example_branch_datetime_operator.py for tasks to queue
[2024-01-01T15:43:54.373+0100] {logging_mixin.py:188} INFO - [2024-01-01T15:43:54.372+0100] {dagbag.py:538} INFO - Filling up the DagBag from /home/ubuntu/.local/lib/python3.10/site-packages/airflow/example_dags/example_branch_datetime_operator.py
[2024-01-01T15:43:54.391+0100] {processor.py:840} INFO - DAG(s) 'example_branch_datetime_operator_2', 'example_branch_datetime_operator_3', 'example_branch_datetime_operator' retrieved from /home/ubuntu/.local/lib/python3.10/site-packages/airflow/example_dags/example_branch_datetime_operator.py
[2024-01-01T15:43:54.410+0100] {logging_mixin.py:188} INFO - [2024-01-01T15:43:54.409+0100] {dag.py:3033} INFO - Sync 3 DAGs
[2024-01-01T15:43:54.427+0100] {logging_mixin.py:188} INFO - [2024-01-01T15:43:54.427+0100] {dag.py:3820} INFO - Setting next_dagrun for example_branch_datetime_operator to 2023-12-31T00:00:00+00:00, run_after=2024-01-01T00:00:00+00:00
[2024-01-01T15:43:54.430+0100] {logging_mixin.py:188} INFO - [2024-01-01T15:43:54.429+0100] {dag.py:3820} INFO - Setting next_dagrun for example_branch_datetime_operator_2 to 2023-12-31T00:00:00+00:00, run_after=2024-01-01T00:00:00+00:00
[2024-01-01T15:43:54.431+0100] {logging_mixin.py:188} INFO - [2024-01-01T15:43:54.431+0100] {dag.py:3820} INFO - Setting next_dagrun for example_branch_datetime_operator_3 to 2023-12-31T00:00:00+00:00, run_after=2024-01-01T00:00:00+00:00
[2024-01-01T15:43:54.446+0100] {processor.py:183} INFO - Processing /home/ubuntu/.local/lib/python3.10/site-packages/airflow/example_dags/example_branch_datetime_operator.py took 0.086 seconds
[2024-01-01T15:44:50.623+0100] {processor.py:161} INFO - Started process (PID=8315) to work on /home/ubuntu/.local/lib/python3.10/site-packages/airflow/example_dags/example_branch_datetime_operator.py
[2024-01-01T15:44:50.625+0100] {processor.py:830} INFO - Processing file /home/ubuntu/.local/lib/python3.10/site-packages/airflow/example_dags/example_branch_datetime_operator.py for tasks to queue
[2024-01-01T15:44:50.626+0100] {logging_mixin.py:188} INFO - [2024-01-01T15:44:50.625+0100] {dagbag.py:538} INFO - Filling up the DagBag from /home/ubuntu/.local/lib/python3.10/site-packages/airflow/example_dags/example_branch_datetime_operator.py
[2024-01-01T15:44:50.642+0100] {processor.py:840} INFO - DAG(s) 'example_branch_datetime_operator', 'example_branch_datetime_operator_2', 'example_branch_datetime_operator_3' retrieved from /home/ubuntu/.local/lib/python3.10/site-packages/airflow/example_dags/example_branch_datetime_operator.py
[2024-01-01T15:44:50.658+0100] {logging_mixin.py:188} INFO - [2024-01-01T15:44:50.658+0100] {dag.py:3033} INFO - Sync 3 DAGs
[2024-01-01T15:44:50.671+0100] {logging_mixin.py:188} INFO - [2024-01-01T15:44:50.671+0100] {dag.py:3820} INFO - Setting next_dagrun for example_branch_datetime_operator to 2023-12-31T00:00:00+00:00, run_after=2024-01-01T00:00:00+00:00
[2024-01-01T15:44:50.673+0100] {logging_mixin.py:188} INFO - [2024-01-01T15:44:50.673+0100] {dag.py:3820} INFO - Setting next_dagrun for example_branch_datetime_operator_2 to 2023-12-31T00:00:00+00:00, run_after=2024-01-01T00:00:00+00:00
[2024-01-01T15:44:50.674+0100] {logging_mixin.py:188} INFO - [2024-01-01T15:44:50.674+0100] {dag.py:3820} INFO - Setting next_dagrun for example_branch_datetime_operator_3 to 2023-12-31T00:00:00+00:00, run_after=2024-01-01T00:00:00+00:00
[2024-01-01T15:44:50.688+0100] {processor.py:183} INFO - Processing /home/ubuntu/.local/lib/python3.10/site-packages/airflow/example_dags/example_branch_datetime_operator.py took 0.069 seconds
[2024-01-01T15:46:28.586+0100] {processor.py:161} INFO - Started process (PID=8733) to work on /home/ubuntu/.local/lib/python3.10/site-packages/airflow/example_dags/example_branch_datetime_operator.py
[2024-01-01T15:46:28.588+0100] {processor.py:830} INFO - Processing file /home/ubuntu/.local/lib/python3.10/site-packages/airflow/example_dags/example_branch_datetime_operator.py for tasks to queue
[2024-01-01T15:46:28.593+0100] {logging_mixin.py:188} INFO - [2024-01-01T15:46:28.589+0100] {dagbag.py:538} INFO - Filling up the DagBag from /home/ubuntu/.local/lib/python3.10/site-packages/airflow/example_dags/example_branch_datetime_operator.py
[2024-01-01T15:46:28.614+0100] {processor.py:840} INFO - DAG(s) 'example_branch_datetime_operator', 'example_branch_datetime_operator_3', 'example_branch_datetime_operator_2' retrieved from /home/ubuntu/.local/lib/python3.10/site-packages/airflow/example_dags/example_branch_datetime_operator.py
[2024-01-01T15:46:28.697+0100] {logging_mixin.py:188} INFO - [2024-01-01T15:46:28.682+0100] {dag.py:3033} INFO - Sync 3 DAGs
[2024-01-01T15:46:28.847+0100] {logging_mixin.py:188} INFO - [2024-01-01T15:46:28.839+0100] {dag.py:3820} INFO - Setting next_dagrun for example_branch_datetime_operator to 2023-12-31T00:00:00+00:00, run_after=2024-01-01T00:00:00+00:00
[2024-01-01T15:46:28.858+0100] {logging_mixin.py:188} INFO - [2024-01-01T15:46:28.858+0100] {dag.py:3820} INFO - Setting next_dagrun for example_branch_datetime_operator_2 to 2023-12-31T00:00:00+00:00, run_after=2024-01-01T00:00:00+00:00
[2024-01-01T15:46:28.860+0100] {logging_mixin.py:188} INFO - [2024-01-01T15:46:28.859+0100] {dag.py:3820} INFO - Setting next_dagrun for example_branch_datetime_operator_3 to 2023-12-31T00:00:00+00:00, run_after=2024-01-01T00:00:00+00:00
[2024-01-01T15:46:28.937+0100] {processor.py:183} INFO - Processing /home/ubuntu/.local/lib/python3.10/site-packages/airflow/example_dags/example_branch_datetime_operator.py took 0.354 seconds
[2024-01-01T16:09:35.596+0100] {processor.py:161} INFO - Started process (PID=4166) to work on /home/ubuntu/.local/lib/python3.10/site-packages/airflow/example_dags/example_branch_datetime_operator.py
[2024-01-01T16:09:35.597+0100] {processor.py:830} INFO - Processing file /home/ubuntu/.local/lib/python3.10/site-packages/airflow/example_dags/example_branch_datetime_operator.py for tasks to queue
[2024-01-01T16:09:35.597+0100] {logging_mixin.py:188} INFO - [2024-01-01T16:09:35.597+0100] {dagbag.py:538} INFO - Filling up the DagBag from /home/ubuntu/.local/lib/python3.10/site-packages/airflow/example_dags/example_branch_datetime_operator.py
[2024-01-01T16:09:35.604+0100] {processor.py:840} INFO - DAG(s) 'example_branch_datetime_operator_3', 'example_branch_datetime_operator', 'example_branch_datetime_operator_2' retrieved from /home/ubuntu/.local/lib/python3.10/site-packages/airflow/example_dags/example_branch_datetime_operator.py
[2024-01-01T16:09:35.668+0100] {logging_mixin.py:188} INFO - [2024-01-01T16:09:35.668+0100] {dag.py:3033} INFO - Sync 3 DAGs
[2024-01-01T16:09:35.680+0100] {logging_mixin.py:188} INFO - [2024-01-01T16:09:35.680+0100] {dag.py:3820} INFO - Setting next_dagrun for example_branch_datetime_operator to 2023-12-31T00:00:00+00:00, run_after=2024-01-01T00:00:00+00:00
[2024-01-01T16:09:35.683+0100] {logging_mixin.py:188} INFO - [2024-01-01T16:09:35.682+0100] {dag.py:3820} INFO - Setting next_dagrun for example_branch_datetime_operator_2 to 2023-12-31T00:00:00+00:00, run_after=2024-01-01T00:00:00+00:00
[2024-01-01T16:09:35.684+0100] {logging_mixin.py:188} INFO - [2024-01-01T16:09:35.684+0100] {dag.py:3820} INFO - Setting next_dagrun for example_branch_datetime_operator_3 to 2023-12-31T00:00:00+00:00, run_after=2024-01-01T00:00:00+00:00
[2024-01-01T16:09:35.698+0100] {processor.py:183} INFO - Processing /home/ubuntu/.local/lib/python3.10/site-packages/airflow/example_dags/example_branch_datetime_operator.py took 0.104 seconds
[2024-01-01T16:10:27.226+0100] {processor.py:161} INFO - Started process (PID=4443) to work on /home/ubuntu/.local/lib/python3.10/site-packages/airflow/example_dags/example_branch_datetime_operator.py
[2024-01-01T16:10:27.238+0100] {processor.py:830} INFO - Processing file /home/ubuntu/.local/lib/python3.10/site-packages/airflow/example_dags/example_branch_datetime_operator.py for tasks to queue
[2024-01-01T16:10:27.240+0100] {logging_mixin.py:188} INFO - [2024-01-01T16:10:27.239+0100] {dagbag.py:538} INFO - Filling up the DagBag from /home/ubuntu/.local/lib/python3.10/site-packages/airflow/example_dags/example_branch_datetime_operator.py
[2024-01-01T16:10:27.262+0100] {processor.py:840} INFO - DAG(s) 'example_branch_datetime_operator_2', 'example_branch_datetime_operator_3', 'example_branch_datetime_operator' retrieved from /home/ubuntu/.local/lib/python3.10/site-packages/airflow/example_dags/example_branch_datetime_operator.py
[2024-01-01T16:10:27.283+0100] {logging_mixin.py:188} INFO - [2024-01-01T16:10:27.283+0100] {dag.py:3033} INFO - Sync 3 DAGs
[2024-01-01T16:10:27.297+0100] {logging_mixin.py:188} INFO - [2024-01-01T16:10:27.297+0100] {dag.py:3820} INFO - Setting next_dagrun for example_branch_datetime_operator to 2023-12-31T00:00:00+00:00, run_after=2024-01-01T00:00:00+00:00
[2024-01-01T16:10:27.300+0100] {logging_mixin.py:188} INFO - [2024-01-01T16:10:27.300+0100] {dag.py:3820} INFO - Setting next_dagrun for example_branch_datetime_operator_2 to 2023-12-31T00:00:00+00:00, run_after=2024-01-01T00:00:00+00:00
[2024-01-01T16:10:27.301+0100] {logging_mixin.py:188} INFO - [2024-01-01T16:10:27.301+0100] {dag.py:3820} INFO - Setting next_dagrun for example_branch_datetime_operator_3 to 2023-12-31T00:00:00+00:00, run_after=2024-01-01T00:00:00+00:00
[2024-01-01T16:10:27.314+0100] {processor.py:183} INFO - Processing /home/ubuntu/.local/lib/python3.10/site-packages/airflow/example_dags/example_branch_datetime_operator.py took 0.095 seconds
[2024-01-01T16:11:24.642+0100] {processor.py:161} INFO - Started process (PID=4525) to work on /home/ubuntu/.local/lib/python3.10/site-packages/airflow/example_dags/example_branch_datetime_operator.py
[2024-01-01T16:11:24.653+0100] {processor.py:830} INFO - Processing file /home/ubuntu/.local/lib/python3.10/site-packages/airflow/example_dags/example_branch_datetime_operator.py for tasks to queue
[2024-01-01T16:11:24.655+0100] {logging_mixin.py:188} INFO - [2024-01-01T16:11:24.655+0100] {dagbag.py:538} INFO - Filling up the DagBag from /home/ubuntu/.local/lib/python3.10/site-packages/airflow/example_dags/example_branch_datetime_operator.py
[2024-01-01T16:11:24.680+0100] {processor.py:840} INFO - DAG(s) 'example_branch_datetime_operator_3', 'example_branch_datetime_operator_2', 'example_branch_datetime_operator' retrieved from /home/ubuntu/.local/lib/python3.10/site-packages/airflow/example_dags/example_branch_datetime_operator.py
[2024-01-01T16:11:24.701+0100] {logging_mixin.py:188} INFO - [2024-01-01T16:11:24.701+0100] {dag.py:3033} INFO - Sync 3 DAGs
[2024-01-01T16:11:24.715+0100] {logging_mixin.py:188} INFO - [2024-01-01T16:11:24.715+0100] {dag.py:3820} INFO - Setting next_dagrun for example_branch_datetime_operator to 2023-12-31T00:00:00+00:00, run_after=2024-01-01T00:00:00+00:00
[2024-01-01T16:11:24.718+0100] {logging_mixin.py:188} INFO - [2024-01-01T16:11:24.718+0100] {dag.py:3820} INFO - Setting next_dagrun for example_branch_datetime_operator_2 to 2023-12-31T00:00:00+00:00, run_after=2024-01-01T00:00:00+00:00
[2024-01-01T16:11:24.719+0100] {logging_mixin.py:188} INFO - [2024-01-01T16:11:24.719+0100] {dag.py:3820} INFO - Setting next_dagrun for example_branch_datetime_operator_3 to 2023-12-31T00:00:00+00:00, run_after=2024-01-01T00:00:00+00:00
[2024-01-01T16:11:24.733+0100] {processor.py:183} INFO - Processing /home/ubuntu/.local/lib/python3.10/site-packages/airflow/example_dags/example_branch_datetime_operator.py took 0.095 seconds
[2024-01-01T16:12:15.789+0100] {processor.py:161} INFO - Started process (PID=4713) to work on /home/ubuntu/.local/lib/python3.10/site-packages/airflow/example_dags/example_branch_datetime_operator.py
[2024-01-01T16:12:15.801+0100] {processor.py:830} INFO - Processing file /home/ubuntu/.local/lib/python3.10/site-packages/airflow/example_dags/example_branch_datetime_operator.py for tasks to queue
[2024-01-01T16:12:15.804+0100] {logging_mixin.py:188} INFO - [2024-01-01T16:12:15.803+0100] {dagbag.py:538} INFO - Filling up the DagBag from /home/ubuntu/.local/lib/python3.10/site-packages/airflow/example_dags/example_branch_datetime_operator.py
[2024-01-01T16:12:15.827+0100] {processor.py:840} INFO - DAG(s) 'example_branch_datetime_operator_2', 'example_branch_datetime_operator', 'example_branch_datetime_operator_3' retrieved from /home/ubuntu/.local/lib/python3.10/site-packages/airflow/example_dags/example_branch_datetime_operator.py
[2024-01-01T16:12:15.848+0100] {logging_mixin.py:188} INFO - [2024-01-01T16:12:15.848+0100] {dag.py:3033} INFO - Sync 3 DAGs
[2024-01-01T16:12:15.863+0100] {logging_mixin.py:188} INFO - [2024-01-01T16:12:15.862+0100] {dag.py:3820} INFO - Setting next_dagrun for example_branch_datetime_operator to 2023-12-31T00:00:00+00:00, run_after=2024-01-01T00:00:00+00:00
[2024-01-01T16:12:15.866+0100] {logging_mixin.py:188} INFO - [2024-01-01T16:12:15.865+0100] {dag.py:3820} INFO - Setting next_dagrun for example_branch_datetime_operator_2 to 2023-12-31T00:00:00+00:00, run_after=2024-01-01T00:00:00+00:00
[2024-01-01T16:12:15.867+0100] {logging_mixin.py:188} INFO - [2024-01-01T16:12:15.867+0100] {dag.py:3820} INFO - Setting next_dagrun for example_branch_datetime_operator_3 to 2023-12-31T00:00:00+00:00, run_after=2024-01-01T00:00:00+00:00
[2024-01-01T16:12:15.882+0100] {processor.py:183} INFO - Processing /home/ubuntu/.local/lib/python3.10/site-packages/airflow/example_dags/example_branch_datetime_operator.py took 0.100 seconds
[2024-01-01T16:13:11.843+0100] {processor.py:161} INFO - Started process (PID=4807) to work on /home/ubuntu/.local/lib/python3.10/site-packages/airflow/example_dags/example_branch_datetime_operator.py
[2024-01-01T16:13:11.854+0100] {processor.py:830} INFO - Processing file /home/ubuntu/.local/lib/python3.10/site-packages/airflow/example_dags/example_branch_datetime_operator.py for tasks to queue
[2024-01-01T16:13:11.856+0100] {logging_mixin.py:188} INFO - [2024-01-01T16:13:11.855+0100] {dagbag.py:538} INFO - Filling up the DagBag from /home/ubuntu/.local/lib/python3.10/site-packages/airflow/example_dags/example_branch_datetime_operator.py
[2024-01-01T16:13:11.875+0100] {processor.py:840} INFO - DAG(s) 'example_branch_datetime_operator_2', 'example_branch_datetime_operator_3', 'example_branch_datetime_operator' retrieved from /home/ubuntu/.local/lib/python3.10/site-packages/airflow/example_dags/example_branch_datetime_operator.py
[2024-01-01T16:13:11.896+0100] {logging_mixin.py:188} INFO - [2024-01-01T16:13:11.896+0100] {dag.py:3033} INFO - Sync 3 DAGs
[2024-01-01T16:13:11.911+0100] {logging_mixin.py:188} INFO - [2024-01-01T16:13:11.910+0100] {dag.py:3820} INFO - Setting next_dagrun for example_branch_datetime_operator to 2023-12-31T00:00:00+00:00, run_after=2024-01-01T00:00:00+00:00
[2024-01-01T16:13:11.913+0100] {logging_mixin.py:188} INFO - [2024-01-01T16:13:11.913+0100] {dag.py:3820} INFO - Setting next_dagrun for example_branch_datetime_operator_2 to 2023-12-31T00:00:00+00:00, run_after=2024-01-01T00:00:00+00:00
[2024-01-01T16:13:11.914+0100] {logging_mixin.py:188} INFO - [2024-01-01T16:13:11.914+0100] {dag.py:3820} INFO - Setting next_dagrun for example_branch_datetime_operator_3 to 2023-12-31T00:00:00+00:00, run_after=2024-01-01T00:00:00+00:00
[2024-01-01T16:13:11.933+0100] {processor.py:183} INFO - Processing /home/ubuntu/.local/lib/python3.10/site-packages/airflow/example_dags/example_branch_datetime_operator.py took 0.095 seconds
[2024-01-01T16:14:08.336+0100] {processor.py:161} INFO - Started process (PID=4886) to work on /home/ubuntu/.local/lib/python3.10/site-packages/airflow/example_dags/example_branch_datetime_operator.py
[2024-01-01T16:14:08.337+0100] {processor.py:830} INFO - Processing file /home/ubuntu/.local/lib/python3.10/site-packages/airflow/example_dags/example_branch_datetime_operator.py for tasks to queue
[2024-01-01T16:14:08.337+0100] {logging_mixin.py:188} INFO - [2024-01-01T16:14:08.337+0100] {dagbag.py:538} INFO - Filling up the DagBag from /home/ubuntu/.local/lib/python3.10/site-packages/airflow/example_dags/example_branch_datetime_operator.py
[2024-01-01T16:14:08.345+0100] {processor.py:840} INFO - DAG(s) 'example_branch_datetime_operator', 'example_branch_datetime_operator_2', 'example_branch_datetime_operator_3' retrieved from /home/ubuntu/.local/lib/python3.10/site-packages/airflow/example_dags/example_branch_datetime_operator.py
[2024-01-01T16:14:08.359+0100] {logging_mixin.py:188} INFO - [2024-01-01T16:14:08.359+0100] {dag.py:3033} INFO - Sync 3 DAGs
[2024-01-01T16:14:08.375+0100] {logging_mixin.py:188} INFO - [2024-01-01T16:14:08.374+0100] {dag.py:3820} INFO - Setting next_dagrun for example_branch_datetime_operator to 2023-12-31T00:00:00+00:00, run_after=2024-01-01T00:00:00+00:00
[2024-01-01T16:14:08.378+0100] {logging_mixin.py:188} INFO - [2024-01-01T16:14:08.377+0100] {dag.py:3820} INFO - Setting next_dagrun for example_branch_datetime_operator_2 to 2023-12-31T00:00:00+00:00, run_after=2024-01-01T00:00:00+00:00
[2024-01-01T16:14:08.380+0100] {logging_mixin.py:188} INFO - [2024-01-01T16:14:08.380+0100] {dag.py:3820} INFO - Setting next_dagrun for example_branch_datetime_operator_3 to 2023-12-31T00:00:00+00:00, run_after=2024-01-01T00:00:00+00:00
[2024-01-01T16:14:08.405+0100] {processor.py:183} INFO - Processing /home/ubuntu/.local/lib/python3.10/site-packages/airflow/example_dags/example_branch_datetime_operator.py took 0.071 seconds
[2024-01-01T16:15:01.585+0100] {processor.py:161} INFO - Started process (PID=5006) to work on /home/ubuntu/.local/lib/python3.10/site-packages/airflow/example_dags/example_branch_datetime_operator.py
[2024-01-01T16:15:01.588+0100] {processor.py:830} INFO - Processing file /home/ubuntu/.local/lib/python3.10/site-packages/airflow/example_dags/example_branch_datetime_operator.py for tasks to queue
[2024-01-01T16:15:01.590+0100] {logging_mixin.py:188} INFO - [2024-01-01T16:15:01.589+0100] {dagbag.py:538} INFO - Filling up the DagBag from /home/ubuntu/.local/lib/python3.10/site-packages/airflow/example_dags/example_branch_datetime_operator.py
[2024-01-01T16:15:01.610+0100] {processor.py:840} INFO - DAG(s) 'example_branch_datetime_operator_3', 'example_branch_datetime_operator', 'example_branch_datetime_operator_2' retrieved from /home/ubuntu/.local/lib/python3.10/site-packages/airflow/example_dags/example_branch_datetime_operator.py
[2024-01-01T16:15:01.630+0100] {logging_mixin.py:188} INFO - [2024-01-01T16:15:01.630+0100] {dag.py:3033} INFO - Sync 3 DAGs
[2024-01-01T16:15:01.643+0100] {logging_mixin.py:188} INFO - [2024-01-01T16:15:01.643+0100] {dag.py:3820} INFO - Setting next_dagrun for example_branch_datetime_operator to 2023-12-31T00:00:00+00:00, run_after=2024-01-01T00:00:00+00:00
[2024-01-01T16:15:01.646+0100] {logging_mixin.py:188} INFO - [2024-01-01T16:15:01.646+0100] {dag.py:3820} INFO - Setting next_dagrun for example_branch_datetime_operator_2 to 2023-12-31T00:00:00+00:00, run_after=2024-01-01T00:00:00+00:00
[2024-01-01T16:15:01.647+0100] {logging_mixin.py:188} INFO - [2024-01-01T16:15:01.647+0100] {dag.py:3820} INFO - Setting next_dagrun for example_branch_datetime_operator_3 to 2023-12-31T00:00:00+00:00, run_after=2024-01-01T00:00:00+00:00
[2024-01-01T16:15:01.669+0100] {processor.py:183} INFO - Processing /home/ubuntu/.local/lib/python3.10/site-packages/airflow/example_dags/example_branch_datetime_operator.py took 0.092 seconds
[2024-01-01T16:15:51.565+0100] {processor.py:161} INFO - Started process (PID=5140) to work on /home/ubuntu/.local/lib/python3.10/site-packages/airflow/example_dags/example_branch_datetime_operator.py
[2024-01-01T16:15:51.576+0100] {processor.py:830} INFO - Processing file /home/ubuntu/.local/lib/python3.10/site-packages/airflow/example_dags/example_branch_datetime_operator.py for tasks to queue
[2024-01-01T16:15:51.578+0100] {logging_mixin.py:188} INFO - [2024-01-01T16:15:51.577+0100] {dagbag.py:538} INFO - Filling up the DagBag from /home/ubuntu/.local/lib/python3.10/site-packages/airflow/example_dags/example_branch_datetime_operator.py
[2024-01-01T16:15:51.607+0100] {processor.py:840} INFO - DAG(s) 'example_branch_datetime_operator_2', 'example_branch_datetime_operator', 'example_branch_datetime_operator_3' retrieved from /home/ubuntu/.local/lib/python3.10/site-packages/airflow/example_dags/example_branch_datetime_operator.py
[2024-01-01T16:15:51.635+0100] {logging_mixin.py:188} INFO - [2024-01-01T16:15:51.635+0100] {dag.py:3033} INFO - Sync 3 DAGs
[2024-01-01T16:15:51.658+0100] {logging_mixin.py:188} INFO - [2024-01-01T16:15:51.657+0100] {dag.py:3820} INFO - Setting next_dagrun for example_branch_datetime_operator to 2023-12-31T00:00:00+00:00, run_after=2024-01-01T00:00:00+00:00
[2024-01-01T16:15:51.660+0100] {logging_mixin.py:188} INFO - [2024-01-01T16:15:51.660+0100] {dag.py:3820} INFO - Setting next_dagrun for example_branch_datetime_operator_2 to 2023-12-31T00:00:00+00:00, run_after=2024-01-01T00:00:00+00:00
[2024-01-01T16:15:51.662+0100] {logging_mixin.py:188} INFO - [2024-01-01T16:15:51.662+0100] {dag.py:3820} INFO - Setting next_dagrun for example_branch_datetime_operator_3 to 2023-12-31T00:00:00+00:00, run_after=2024-01-01T00:00:00+00:00
[2024-01-01T16:15:51.678+0100] {processor.py:183} INFO - Processing /home/ubuntu/.local/lib/python3.10/site-packages/airflow/example_dags/example_branch_datetime_operator.py took 0.118 seconds
[2024-01-01T16:16:49.539+0100] {processor.py:161} INFO - Started process (PID=5226) to work on /home/ubuntu/.local/lib/python3.10/site-packages/airflow/example_dags/example_branch_datetime_operator.py
[2024-01-01T16:16:49.549+0100] {processor.py:830} INFO - Processing file /home/ubuntu/.local/lib/python3.10/site-packages/airflow/example_dags/example_branch_datetime_operator.py for tasks to queue
[2024-01-01T16:16:49.550+0100] {logging_mixin.py:188} INFO - [2024-01-01T16:16:49.550+0100] {dagbag.py:538} INFO - Filling up the DagBag from /home/ubuntu/.local/lib/python3.10/site-packages/airflow/example_dags/example_branch_datetime_operator.py
[2024-01-01T16:16:49.557+0100] {processor.py:840} INFO - DAG(s) 'example_branch_datetime_operator_2', 'example_branch_datetime_operator', 'example_branch_datetime_operator_3' retrieved from /home/ubuntu/.local/lib/python3.10/site-packages/airflow/example_dags/example_branch_datetime_operator.py
[2024-01-01T16:16:49.569+0100] {logging_mixin.py:188} INFO - [2024-01-01T16:16:49.569+0100] {dag.py:3033} INFO - Sync 3 DAGs
[2024-01-01T16:16:49.582+0100] {logging_mixin.py:188} INFO - [2024-01-01T16:16:49.581+0100] {dag.py:3820} INFO - Setting next_dagrun for example_branch_datetime_operator to 2023-12-31T00:00:00+00:00, run_after=2024-01-01T00:00:00+00:00
[2024-01-01T16:16:49.584+0100] {logging_mixin.py:188} INFO - [2024-01-01T16:16:49.584+0100] {dag.py:3820} INFO - Setting next_dagrun for example_branch_datetime_operator_2 to 2023-12-31T00:00:00+00:00, run_after=2024-01-01T00:00:00+00:00
[2024-01-01T16:16:49.585+0100] {logging_mixin.py:188} INFO - [2024-01-01T16:16:49.585+0100] {dag.py:3820} INFO - Setting next_dagrun for example_branch_datetime_operator_3 to 2023-12-31T00:00:00+00:00, run_after=2024-01-01T00:00:00+00:00
[2024-01-01T16:16:49.607+0100] {processor.py:183} INFO - Processing /home/ubuntu/.local/lib/python3.10/site-packages/airflow/example_dags/example_branch_datetime_operator.py took 0.070 seconds
[2024-01-01T16:17:43.848+0100] {processor.py:161} INFO - Started process (PID=5300) to work on /home/ubuntu/.local/lib/python3.10/site-packages/airflow/example_dags/example_branch_datetime_operator.py
[2024-01-01T16:17:43.858+0100] {processor.py:830} INFO - Processing file /home/ubuntu/.local/lib/python3.10/site-packages/airflow/example_dags/example_branch_datetime_operator.py for tasks to queue
[2024-01-01T16:17:43.858+0100] {logging_mixin.py:188} INFO - [2024-01-01T16:17:43.858+0100] {dagbag.py:538} INFO - Filling up the DagBag from /home/ubuntu/.local/lib/python3.10/site-packages/airflow/example_dags/example_branch_datetime_operator.py
[2024-01-01T16:17:43.864+0100] {processor.py:840} INFO - DAG(s) 'example_branch_datetime_operator_2', 'example_branch_datetime_operator', 'example_branch_datetime_operator_3' retrieved from /home/ubuntu/.local/lib/python3.10/site-packages/airflow/example_dags/example_branch_datetime_operator.py
[2024-01-01T16:17:43.877+0100] {logging_mixin.py:188} INFO - [2024-01-01T16:17:43.877+0100] {dag.py:3033} INFO - Sync 3 DAGs
[2024-01-01T16:17:43.889+0100] {logging_mixin.py:188} INFO - [2024-01-01T16:17:43.889+0100] {dag.py:3820} INFO - Setting next_dagrun for example_branch_datetime_operator to 2023-12-31T00:00:00+00:00, run_after=2024-01-01T00:00:00+00:00
[2024-01-01T16:17:43.892+0100] {logging_mixin.py:188} INFO - [2024-01-01T16:17:43.892+0100] {dag.py:3820} INFO - Setting next_dagrun for example_branch_datetime_operator_2 to 2023-12-31T00:00:00+00:00, run_after=2024-01-01T00:00:00+00:00
[2024-01-01T16:17:43.893+0100] {logging_mixin.py:188} INFO - [2024-01-01T16:17:43.893+0100] {dag.py:3820} INFO - Setting next_dagrun for example_branch_datetime_operator_3 to 2023-12-31T00:00:00+00:00, run_after=2024-01-01T00:00:00+00:00
[2024-01-01T16:17:43.907+0100] {processor.py:183} INFO - Processing /home/ubuntu/.local/lib/python3.10/site-packages/airflow/example_dags/example_branch_datetime_operator.py took 0.060 seconds
[2024-01-01T16:18:36.041+0100] {processor.py:161} INFO - Started process (PID=5365) to work on /home/ubuntu/.local/lib/python3.10/site-packages/airflow/example_dags/example_branch_datetime_operator.py
[2024-01-01T16:18:36.053+0100] {processor.py:830} INFO - Processing file /home/ubuntu/.local/lib/python3.10/site-packages/airflow/example_dags/example_branch_datetime_operator.py for tasks to queue
[2024-01-01T16:18:36.055+0100] {logging_mixin.py:188} INFO - [2024-01-01T16:18:36.054+0100] {dagbag.py:538} INFO - Filling up the DagBag from /home/ubuntu/.local/lib/python3.10/site-packages/airflow/example_dags/example_branch_datetime_operator.py
[2024-01-01T16:18:36.078+0100] {processor.py:840} INFO - DAG(s) 'example_branch_datetime_operator_3', 'example_branch_datetime_operator', 'example_branch_datetime_operator_2' retrieved from /home/ubuntu/.local/lib/python3.10/site-packages/airflow/example_dags/example_branch_datetime_operator.py
[2024-01-01T16:18:36.100+0100] {logging_mixin.py:188} INFO - [2024-01-01T16:18:36.100+0100] {dag.py:3033} INFO - Sync 3 DAGs
[2024-01-01T16:18:36.114+0100] {logging_mixin.py:188} INFO - [2024-01-01T16:18:36.114+0100] {dag.py:3820} INFO - Setting next_dagrun for example_branch_datetime_operator to 2023-12-31T00:00:00+00:00, run_after=2024-01-01T00:00:00+00:00
[2024-01-01T16:18:36.117+0100] {logging_mixin.py:188} INFO - [2024-01-01T16:18:36.117+0100] {dag.py:3820} INFO - Setting next_dagrun for example_branch_datetime_operator_2 to 2023-12-31T00:00:00+00:00, run_after=2024-01-01T00:00:00+00:00
[2024-01-01T16:18:36.118+0100] {logging_mixin.py:188} INFO - [2024-01-01T16:18:36.118+0100] {dag.py:3820} INFO - Setting next_dagrun for example_branch_datetime_operator_3 to 2023-12-31T00:00:00+00:00, run_after=2024-01-01T00:00:00+00:00
[2024-01-01T16:18:36.134+0100] {processor.py:183} INFO - Processing /home/ubuntu/.local/lib/python3.10/site-packages/airflow/example_dags/example_branch_datetime_operator.py took 0.099 seconds
[2024-01-01T16:20:22.278+0100] {processor.py:161} INFO - Started process (PID=5642) to work on /home/ubuntu/.local/lib/python3.10/site-packages/airflow/example_dags/example_branch_datetime_operator.py
[2024-01-01T16:20:22.279+0100] {processor.py:830} INFO - Processing file /home/ubuntu/.local/lib/python3.10/site-packages/airflow/example_dags/example_branch_datetime_operator.py for tasks to queue
[2024-01-01T16:20:22.280+0100] {logging_mixin.py:188} INFO - [2024-01-01T16:20:22.279+0100] {dagbag.py:538} INFO - Filling up the DagBag from /home/ubuntu/.local/lib/python3.10/site-packages/airflow/example_dags/example_branch_datetime_operator.py
[2024-01-01T16:20:22.288+0100] {processor.py:840} INFO - DAG(s) 'example_branch_datetime_operator_2', 'example_branch_datetime_operator', 'example_branch_datetime_operator_3' retrieved from /home/ubuntu/.local/lib/python3.10/site-packages/airflow/example_dags/example_branch_datetime_operator.py
[2024-01-01T16:20:22.373+0100] {logging_mixin.py:188} INFO - [2024-01-01T16:20:22.372+0100] {dag.py:3033} INFO - Sync 3 DAGs
[2024-01-01T16:20:22.386+0100] {logging_mixin.py:188} INFO - [2024-01-01T16:20:22.385+0100] {dag.py:3820} INFO - Setting next_dagrun for example_branch_datetime_operator to 2023-12-31T00:00:00+00:00, run_after=2024-01-01T00:00:00+00:00
[2024-01-01T16:20:22.388+0100] {logging_mixin.py:188} INFO - [2024-01-01T16:20:22.388+0100] {dag.py:3820} INFO - Setting next_dagrun for example_branch_datetime_operator_2 to 2023-12-31T00:00:00+00:00, run_after=2024-01-01T00:00:00+00:00
[2024-01-01T16:20:22.390+0100] {logging_mixin.py:188} INFO - [2024-01-01T16:20:22.390+0100] {dag.py:3820} INFO - Setting next_dagrun for example_branch_datetime_operator_3 to 2023-12-31T00:00:00+00:00, run_after=2024-01-01T00:00:00+00:00
[2024-01-01T16:20:22.409+0100] {processor.py:183} INFO - Processing /home/ubuntu/.local/lib/python3.10/site-packages/airflow/example_dags/example_branch_datetime_operator.py took 0.134 seconds
[2024-01-01T16:21:14.955+0100] {processor.py:161} INFO - Started process (PID=5831) to work on /home/ubuntu/.local/lib/python3.10/site-packages/airflow/example_dags/example_branch_datetime_operator.py
[2024-01-01T16:21:14.965+0100] {processor.py:830} INFO - Processing file /home/ubuntu/.local/lib/python3.10/site-packages/airflow/example_dags/example_branch_datetime_operator.py for tasks to queue
[2024-01-01T16:21:14.966+0100] {logging_mixin.py:188} INFO - [2024-01-01T16:21:14.965+0100] {dagbag.py:538} INFO - Filling up the DagBag from /home/ubuntu/.local/lib/python3.10/site-packages/airflow/example_dags/example_branch_datetime_operator.py
[2024-01-01T16:21:14.972+0100] {processor.py:840} INFO - DAG(s) 'example_branch_datetime_operator_2', 'example_branch_datetime_operator', 'example_branch_datetime_operator_3' retrieved from /home/ubuntu/.local/lib/python3.10/site-packages/airflow/example_dags/example_branch_datetime_operator.py
[2024-01-01T16:21:14.985+0100] {logging_mixin.py:188} INFO - [2024-01-01T16:21:14.985+0100] {dag.py:3033} INFO - Sync 3 DAGs
[2024-01-01T16:21:14.998+0100] {logging_mixin.py:188} INFO - [2024-01-01T16:21:14.998+0100] {dag.py:3820} INFO - Setting next_dagrun for example_branch_datetime_operator to 2023-12-31T00:00:00+00:00, run_after=2024-01-01T00:00:00+00:00
[2024-01-01T16:21:15.001+0100] {logging_mixin.py:188} INFO - [2024-01-01T16:21:15.001+0100] {dag.py:3820} INFO - Setting next_dagrun for example_branch_datetime_operator_2 to 2023-12-31T00:00:00+00:00, run_after=2024-01-01T00:00:00+00:00
[2024-01-01T16:21:15.003+0100] {logging_mixin.py:188} INFO - [2024-01-01T16:21:15.003+0100] {dag.py:3820} INFO - Setting next_dagrun for example_branch_datetime_operator_3 to 2023-12-31T00:00:00+00:00, run_after=2024-01-01T00:00:00+00:00
[2024-01-01T16:21:15.016+0100] {processor.py:183} INFO - Processing /home/ubuntu/.local/lib/python3.10/site-packages/airflow/example_dags/example_branch_datetime_operator.py took 0.062 seconds
[2024-01-01T16:23:37.947+0100] {processor.py:161} INFO - Started process (PID=5982) to work on /home/ubuntu/.local/lib/python3.10/site-packages/airflow/example_dags/example_branch_datetime_operator.py
[2024-01-01T16:23:37.948+0100] {processor.py:830} INFO - Processing file /home/ubuntu/.local/lib/python3.10/site-packages/airflow/example_dags/example_branch_datetime_operator.py for tasks to queue
[2024-01-01T16:23:37.949+0100] {logging_mixin.py:188} INFO - [2024-01-01T16:23:37.949+0100] {dagbag.py:538} INFO - Filling up the DagBag from /home/ubuntu/.local/lib/python3.10/site-packages/airflow/example_dags/example_branch_datetime_operator.py
[2024-01-01T16:23:37.958+0100] {processor.py:840} INFO - DAG(s) 'example_branch_datetime_operator', 'example_branch_datetime_operator_2', 'example_branch_datetime_operator_3' retrieved from /home/ubuntu/.local/lib/python3.10/site-packages/airflow/example_dags/example_branch_datetime_operator.py
[2024-01-01T16:23:38.040+0100] {logging_mixin.py:188} INFO - [2024-01-01T16:23:38.040+0100] {dag.py:3033} INFO - Sync 3 DAGs
[2024-01-01T16:23:38.054+0100] {logging_mixin.py:188} INFO - [2024-01-01T16:23:38.054+0100] {dag.py:3820} INFO - Setting next_dagrun for example_branch_datetime_operator to 2023-12-31T00:00:00+00:00, run_after=2024-01-01T00:00:00+00:00
[2024-01-01T16:23:38.059+0100] {logging_mixin.py:188} INFO - [2024-01-01T16:23:38.059+0100] {dag.py:3820} INFO - Setting next_dagrun for example_branch_datetime_operator_2 to 2023-12-31T00:00:00+00:00, run_after=2024-01-01T00:00:00+00:00
[2024-01-01T16:23:38.061+0100] {logging_mixin.py:188} INFO - [2024-01-01T16:23:38.061+0100] {dag.py:3820} INFO - Setting next_dagrun for example_branch_datetime_operator_3 to 2023-12-31T00:00:00+00:00, run_after=2024-01-01T00:00:00+00:00
[2024-01-01T16:23:38.078+0100] {processor.py:183} INFO - Processing /home/ubuntu/.local/lib/python3.10/site-packages/airflow/example_dags/example_branch_datetime_operator.py took 0.135 seconds
[2024-01-01T16:24:35.856+0100] {processor.py:161} INFO - Started process (PID=6051) to work on /home/ubuntu/.local/lib/python3.10/site-packages/airflow/example_dags/example_branch_datetime_operator.py
[2024-01-01T16:24:35.866+0100] {processor.py:830} INFO - Processing file /home/ubuntu/.local/lib/python3.10/site-packages/airflow/example_dags/example_branch_datetime_operator.py for tasks to queue
[2024-01-01T16:24:35.867+0100] {logging_mixin.py:188} INFO - [2024-01-01T16:24:35.867+0100] {dagbag.py:538} INFO - Filling up the DagBag from /home/ubuntu/.local/lib/python3.10/site-packages/airflow/example_dags/example_branch_datetime_operator.py
[2024-01-01T16:24:35.875+0100] {processor.py:840} INFO - DAG(s) 'example_branch_datetime_operator_2', 'example_branch_datetime_operator_3', 'example_branch_datetime_operator' retrieved from /home/ubuntu/.local/lib/python3.10/site-packages/airflow/example_dags/example_branch_datetime_operator.py
[2024-01-01T16:24:35.890+0100] {logging_mixin.py:188} INFO - [2024-01-01T16:24:35.890+0100] {dag.py:3033} INFO - Sync 3 DAGs
[2024-01-01T16:24:35.904+0100] {logging_mixin.py:188} INFO - [2024-01-01T16:24:35.903+0100] {dag.py:3820} INFO - Setting next_dagrun for example_branch_datetime_operator to 2023-12-31T00:00:00+00:00, run_after=2024-01-01T00:00:00+00:00
[2024-01-01T16:24:35.906+0100] {logging_mixin.py:188} INFO - [2024-01-01T16:24:35.906+0100] {dag.py:3820} INFO - Setting next_dagrun for example_branch_datetime_operator_2 to 2023-12-31T00:00:00+00:00, run_after=2024-01-01T00:00:00+00:00
[2024-01-01T16:24:35.907+0100] {logging_mixin.py:188} INFO - [2024-01-01T16:24:35.907+0100] {dag.py:3820} INFO - Setting next_dagrun for example_branch_datetime_operator_3 to 2023-12-31T00:00:00+00:00, run_after=2024-01-01T00:00:00+00:00
[2024-01-01T16:24:35.920+0100] {processor.py:183} INFO - Processing /home/ubuntu/.local/lib/python3.10/site-packages/airflow/example_dags/example_branch_datetime_operator.py took 0.067 seconds
[2024-01-01T16:25:26.748+0100] {processor.py:161} INFO - Started process (PID=6243) to work on /home/ubuntu/.local/lib/python3.10/site-packages/airflow/example_dags/example_branch_datetime_operator.py
[2024-01-01T16:25:26.761+0100] {processor.py:830} INFO - Processing file /home/ubuntu/.local/lib/python3.10/site-packages/airflow/example_dags/example_branch_datetime_operator.py for tasks to queue
[2024-01-01T16:25:26.763+0100] {logging_mixin.py:188} INFO - [2024-01-01T16:25:26.762+0100] {dagbag.py:538} INFO - Filling up the DagBag from /home/ubuntu/.local/lib/python3.10/site-packages/airflow/example_dags/example_branch_datetime_operator.py
[2024-01-01T16:25:26.785+0100] {processor.py:840} INFO - DAG(s) 'example_branch_datetime_operator_3', 'example_branch_datetime_operator', 'example_branch_datetime_operator_2' retrieved from /home/ubuntu/.local/lib/python3.10/site-packages/airflow/example_dags/example_branch_datetime_operator.py
[2024-01-01T16:25:26.807+0100] {logging_mixin.py:188} INFO - [2024-01-01T16:25:26.807+0100] {dag.py:3033} INFO - Sync 3 DAGs
[2024-01-01T16:25:26.826+0100] {logging_mixin.py:188} INFO - [2024-01-01T16:25:26.826+0100] {dag.py:3820} INFO - Setting next_dagrun for example_branch_datetime_operator to 2023-12-31T00:00:00+00:00, run_after=2024-01-01T00:00:00+00:00
[2024-01-01T16:25:26.829+0100] {logging_mixin.py:188} INFO - [2024-01-01T16:25:26.829+0100] {dag.py:3820} INFO - Setting next_dagrun for example_branch_datetime_operator_2 to 2023-12-31T00:00:00+00:00, run_after=2024-01-01T00:00:00+00:00
[2024-01-01T16:25:26.831+0100] {logging_mixin.py:188} INFO - [2024-01-01T16:25:26.831+0100] {dag.py:3820} INFO - Setting next_dagrun for example_branch_datetime_operator_3 to 2023-12-31T00:00:00+00:00, run_after=2024-01-01T00:00:00+00:00
[2024-01-01T16:25:26.846+0100] {processor.py:183} INFO - Processing /home/ubuntu/.local/lib/python3.10/site-packages/airflow/example_dags/example_branch_datetime_operator.py took 0.106 seconds
[2024-01-01T16:26:24.265+0100] {processor.py:161} INFO - Started process (PID=6371) to work on /home/ubuntu/.local/lib/python3.10/site-packages/airflow/example_dags/example_branch_datetime_operator.py
[2024-01-01T16:26:24.276+0100] {processor.py:830} INFO - Processing file /home/ubuntu/.local/lib/python3.10/site-packages/airflow/example_dags/example_branch_datetime_operator.py for tasks to queue
[2024-01-01T16:26:24.277+0100] {logging_mixin.py:188} INFO - [2024-01-01T16:26:24.277+0100] {dagbag.py:538} INFO - Filling up the DagBag from /home/ubuntu/.local/lib/python3.10/site-packages/airflow/example_dags/example_branch_datetime_operator.py
[2024-01-01T16:26:24.290+0100] {processor.py:840} INFO - DAG(s) 'example_branch_datetime_operator_3', 'example_branch_datetime_operator_2', 'example_branch_datetime_operator' retrieved from /home/ubuntu/.local/lib/python3.10/site-packages/airflow/example_dags/example_branch_datetime_operator.py
[2024-01-01T16:26:24.309+0100] {logging_mixin.py:188} INFO - [2024-01-01T16:26:24.308+0100] {dag.py:3033} INFO - Sync 3 DAGs
[2024-01-01T16:26:24.321+0100] {logging_mixin.py:188} INFO - [2024-01-01T16:26:24.321+0100] {dag.py:3820} INFO - Setting next_dagrun for example_branch_datetime_operator to 2023-12-31T00:00:00+00:00, run_after=2024-01-01T00:00:00+00:00
[2024-01-01T16:26:24.324+0100] {logging_mixin.py:188} INFO - [2024-01-01T16:26:24.324+0100] {dag.py:3820} INFO - Setting next_dagrun for example_branch_datetime_operator_2 to 2023-12-31T00:00:00+00:00, run_after=2024-01-01T00:00:00+00:00
[2024-01-01T16:26:24.325+0100] {logging_mixin.py:188} INFO - [2024-01-01T16:26:24.325+0100] {dag.py:3820} INFO - Setting next_dagrun for example_branch_datetime_operator_3 to 2023-12-31T00:00:00+00:00, run_after=2024-01-01T00:00:00+00:00
[2024-01-01T16:26:24.348+0100] {processor.py:183} INFO - Processing /home/ubuntu/.local/lib/python3.10/site-packages/airflow/example_dags/example_branch_datetime_operator.py took 0.088 seconds
[2024-01-01T16:27:10.168+0100] {processor.py:161} INFO - Started process (PID=6540) to work on /home/ubuntu/.local/lib/python3.10/site-packages/airflow/example_dags/example_branch_datetime_operator.py
[2024-01-01T16:27:10.177+0100] {processor.py:830} INFO - Processing file /home/ubuntu/.local/lib/python3.10/site-packages/airflow/example_dags/example_branch_datetime_operator.py for tasks to queue
[2024-01-01T16:27:10.178+0100] {logging_mixin.py:188} INFO - [2024-01-01T16:27:10.178+0100] {dagbag.py:538} INFO - Filling up the DagBag from /home/ubuntu/.local/lib/python3.10/site-packages/airflow/example_dags/example_branch_datetime_operator.py
[2024-01-01T16:27:10.184+0100] {processor.py:840} INFO - DAG(s) 'example_branch_datetime_operator_2', 'example_branch_datetime_operator_3', 'example_branch_datetime_operator' retrieved from /home/ubuntu/.local/lib/python3.10/site-packages/airflow/example_dags/example_branch_datetime_operator.py
[2024-01-01T16:27:10.200+0100] {logging_mixin.py:188} INFO - [2024-01-01T16:27:10.200+0100] {dag.py:3033} INFO - Sync 3 DAGs
[2024-01-01T16:27:10.213+0100] {logging_mixin.py:188} INFO - [2024-01-01T16:27:10.212+0100] {dag.py:3820} INFO - Setting next_dagrun for example_branch_datetime_operator to 2023-12-31T00:00:00+00:00, run_after=2024-01-01T00:00:00+00:00
[2024-01-01T16:27:10.215+0100] {logging_mixin.py:188} INFO - [2024-01-01T16:27:10.215+0100] {dag.py:3820} INFO - Setting next_dagrun for example_branch_datetime_operator_2 to 2023-12-31T00:00:00+00:00, run_after=2024-01-01T00:00:00+00:00
[2024-01-01T16:27:10.216+0100] {logging_mixin.py:188} INFO - [2024-01-01T16:27:10.216+0100] {dag.py:3820} INFO - Setting next_dagrun for example_branch_datetime_operator_3 to 2023-12-31T00:00:00+00:00, run_after=2024-01-01T00:00:00+00:00
[2024-01-01T16:27:10.230+0100] {processor.py:183} INFO - Processing /home/ubuntu/.local/lib/python3.10/site-packages/airflow/example_dags/example_branch_datetime_operator.py took 0.066 seconds
[2024-01-01T16:27:58.991+0100] {processor.py:161} INFO - Started process (PID=6632) to work on /home/ubuntu/.local/lib/python3.10/site-packages/airflow/example_dags/example_branch_datetime_operator.py
[2024-01-01T16:27:58.993+0100] {processor.py:830} INFO - Processing file /home/ubuntu/.local/lib/python3.10/site-packages/airflow/example_dags/example_branch_datetime_operator.py for tasks to queue
[2024-01-01T16:27:58.995+0100] {logging_mixin.py:188} INFO - [2024-01-01T16:27:58.994+0100] {dagbag.py:538} INFO - Filling up the DagBag from /home/ubuntu/.local/lib/python3.10/site-packages/airflow/example_dags/example_branch_datetime_operator.py
[2024-01-01T16:27:59.012+0100] {processor.py:840} INFO - DAG(s) 'example_branch_datetime_operator_2', 'example_branch_datetime_operator', 'example_branch_datetime_operator_3' retrieved from /home/ubuntu/.local/lib/python3.10/site-packages/airflow/example_dags/example_branch_datetime_operator.py
[2024-01-01T16:27:59.031+0100] {logging_mixin.py:188} INFO - [2024-01-01T16:27:59.031+0100] {dag.py:3033} INFO - Sync 3 DAGs
[2024-01-01T16:27:59.044+0100] {logging_mixin.py:188} INFO - [2024-01-01T16:27:59.044+0100] {dag.py:3820} INFO - Setting next_dagrun for example_branch_datetime_operator to 2023-12-31T00:00:00+00:00, run_after=2024-01-01T00:00:00+00:00
[2024-01-01T16:27:59.047+0100] {logging_mixin.py:188} INFO - [2024-01-01T16:27:59.047+0100] {dag.py:3820} INFO - Setting next_dagrun for example_branch_datetime_operator_2 to 2023-12-31T00:00:00+00:00, run_after=2024-01-01T00:00:00+00:00
[2024-01-01T16:27:59.048+0100] {logging_mixin.py:188} INFO - [2024-01-01T16:27:59.048+0100] {dag.py:3820} INFO - Setting next_dagrun for example_branch_datetime_operator_3 to 2023-12-31T00:00:00+00:00, run_after=2024-01-01T00:00:00+00:00
[2024-01-01T16:27:59.073+0100] {processor.py:183} INFO - Processing /home/ubuntu/.local/lib/python3.10/site-packages/airflow/example_dags/example_branch_datetime_operator.py took 0.089 seconds
[2024-01-01T16:28:52.788+0100] {processor.py:161} INFO - Started process (PID=6792) to work on /home/ubuntu/.local/lib/python3.10/site-packages/airflow/example_dags/example_branch_datetime_operator.py
[2024-01-01T16:28:52.799+0100] {processor.py:830} INFO - Processing file /home/ubuntu/.local/lib/python3.10/site-packages/airflow/example_dags/example_branch_datetime_operator.py for tasks to queue
[2024-01-01T16:28:52.801+0100] {logging_mixin.py:188} INFO - [2024-01-01T16:28:52.800+0100] {dagbag.py:538} INFO - Filling up the DagBag from /home/ubuntu/.local/lib/python3.10/site-packages/airflow/example_dags/example_branch_datetime_operator.py
[2024-01-01T16:28:52.823+0100] {processor.py:840} INFO - DAG(s) 'example_branch_datetime_operator_2', 'example_branch_datetime_operator', 'example_branch_datetime_operator_3' retrieved from /home/ubuntu/.local/lib/python3.10/site-packages/airflow/example_dags/example_branch_datetime_operator.py
[2024-01-01T16:28:52.847+0100] {logging_mixin.py:188} INFO - [2024-01-01T16:28:52.847+0100] {dag.py:3033} INFO - Sync 3 DAGs
[2024-01-01T16:28:52.864+0100] {logging_mixin.py:188} INFO - [2024-01-01T16:28:52.864+0100] {dag.py:3820} INFO - Setting next_dagrun for example_branch_datetime_operator to 2023-12-31T00:00:00+00:00, run_after=2024-01-01T00:00:00+00:00
[2024-01-01T16:28:52.867+0100] {logging_mixin.py:188} INFO - [2024-01-01T16:28:52.867+0100] {dag.py:3820} INFO - Setting next_dagrun for example_branch_datetime_operator_2 to 2023-12-31T00:00:00+00:00, run_after=2024-01-01T00:00:00+00:00
[2024-01-01T16:28:52.868+0100] {logging_mixin.py:188} INFO - [2024-01-01T16:28:52.868+0100] {dag.py:3820} INFO - Setting next_dagrun for example_branch_datetime_operator_3 to 2023-12-31T00:00:00+00:00, run_after=2024-01-01T00:00:00+00:00
[2024-01-01T16:28:52.885+0100] {processor.py:183} INFO - Processing /home/ubuntu/.local/lib/python3.10/site-packages/airflow/example_dags/example_branch_datetime_operator.py took 0.101 seconds
[2024-01-01T16:29:46.960+0100] {processor.py:161} INFO - Started process (PID=6899) to work on /home/ubuntu/.local/lib/python3.10/site-packages/airflow/example_dags/example_branch_datetime_operator.py
[2024-01-01T16:29:46.972+0100] {processor.py:830} INFO - Processing file /home/ubuntu/.local/lib/python3.10/site-packages/airflow/example_dags/example_branch_datetime_operator.py for tasks to queue
[2024-01-01T16:29:46.975+0100] {logging_mixin.py:188} INFO - [2024-01-01T16:29:46.974+0100] {dagbag.py:538} INFO - Filling up the DagBag from /home/ubuntu/.local/lib/python3.10/site-packages/airflow/example_dags/example_branch_datetime_operator.py
[2024-01-01T16:29:46.996+0100] {processor.py:840} INFO - DAG(s) 'example_branch_datetime_operator_3', 'example_branch_datetime_operator_2', 'example_branch_datetime_operator' retrieved from /home/ubuntu/.local/lib/python3.10/site-packages/airflow/example_dags/example_branch_datetime_operator.py
[2024-01-01T16:29:47.017+0100] {logging_mixin.py:188} INFO - [2024-01-01T16:29:47.016+0100] {dag.py:3033} INFO - Sync 3 DAGs
[2024-01-01T16:29:47.030+0100] {logging_mixin.py:188} INFO - [2024-01-01T16:29:47.030+0100] {dag.py:3820} INFO - Setting next_dagrun for example_branch_datetime_operator to 2023-12-31T00:00:00+00:00, run_after=2024-01-01T00:00:00+00:00
[2024-01-01T16:29:47.033+0100] {logging_mixin.py:188} INFO - [2024-01-01T16:29:47.033+0100] {dag.py:3820} INFO - Setting next_dagrun for example_branch_datetime_operator_2 to 2023-12-31T00:00:00+00:00, run_after=2024-01-01T00:00:00+00:00
[2024-01-01T16:29:47.034+0100] {logging_mixin.py:188} INFO - [2024-01-01T16:29:47.034+0100] {dag.py:3820} INFO - Setting next_dagrun for example_branch_datetime_operator_3 to 2023-12-31T00:00:00+00:00, run_after=2024-01-01T00:00:00+00:00
[2024-01-01T16:29:47.051+0100] {processor.py:183} INFO - Processing /home/ubuntu/.local/lib/python3.10/site-packages/airflow/example_dags/example_branch_datetime_operator.py took 0.099 seconds
[2024-01-01T16:30:38.762+0100] {processor.py:161} INFO - Started process (PID=7013) to work on /home/ubuntu/.local/lib/python3.10/site-packages/airflow/example_dags/example_branch_datetime_operator.py
[2024-01-01T16:30:38.763+0100] {processor.py:830} INFO - Processing file /home/ubuntu/.local/lib/python3.10/site-packages/airflow/example_dags/example_branch_datetime_operator.py for tasks to queue
[2024-01-01T16:30:38.764+0100] {logging_mixin.py:188} INFO - [2024-01-01T16:30:38.763+0100] {dagbag.py:538} INFO - Filling up the DagBag from /home/ubuntu/.local/lib/python3.10/site-packages/airflow/example_dags/example_branch_datetime_operator.py
[2024-01-01T16:30:38.770+0100] {processor.py:840} INFO - DAG(s) 'example_branch_datetime_operator_3', 'example_branch_datetime_operator_2', 'example_branch_datetime_operator' retrieved from /home/ubuntu/.local/lib/python3.10/site-packages/airflow/example_dags/example_branch_datetime_operator.py
[2024-01-01T16:30:38.785+0100] {logging_mixin.py:188} INFO - [2024-01-01T16:30:38.785+0100] {dag.py:3033} INFO - Sync 3 DAGs
[2024-01-01T16:30:38.800+0100] {logging_mixin.py:188} INFO - [2024-01-01T16:30:38.799+0100] {dag.py:3820} INFO - Setting next_dagrun for example_branch_datetime_operator to 2023-12-31T00:00:00+00:00, run_after=2024-01-01T00:00:00+00:00
[2024-01-01T16:30:38.802+0100] {logging_mixin.py:188} INFO - [2024-01-01T16:30:38.802+0100] {dag.py:3820} INFO - Setting next_dagrun for example_branch_datetime_operator_2 to 2023-12-31T00:00:00+00:00, run_after=2024-01-01T00:00:00+00:00
[2024-01-01T16:30:38.803+0100] {logging_mixin.py:188} INFO - [2024-01-01T16:30:38.803+0100] {dag.py:3820} INFO - Setting next_dagrun for example_branch_datetime_operator_3 to 2023-12-31T00:00:00+00:00, run_after=2024-01-01T00:00:00+00:00
[2024-01-01T16:30:38.829+0100] {processor.py:183} INFO - Processing /home/ubuntu/.local/lib/python3.10/site-packages/airflow/example_dags/example_branch_datetime_operator.py took 0.068 seconds
[2024-01-01T16:31:33.422+0100] {processor.py:161} INFO - Started process (PID=7102) to work on /home/ubuntu/.local/lib/python3.10/site-packages/airflow/example_dags/example_branch_datetime_operator.py
[2024-01-01T16:31:33.423+0100] {processor.py:830} INFO - Processing file /home/ubuntu/.local/lib/python3.10/site-packages/airflow/example_dags/example_branch_datetime_operator.py for tasks to queue
[2024-01-01T16:31:33.425+0100] {logging_mixin.py:188} INFO - [2024-01-01T16:31:33.424+0100] {dagbag.py:538} INFO - Filling up the DagBag from /home/ubuntu/.local/lib/python3.10/site-packages/airflow/example_dags/example_branch_datetime_operator.py
[2024-01-01T16:31:33.440+0100] {processor.py:840} INFO - DAG(s) 'example_branch_datetime_operator_3', 'example_branch_datetime_operator', 'example_branch_datetime_operator_2' retrieved from /home/ubuntu/.local/lib/python3.10/site-packages/airflow/example_dags/example_branch_datetime_operator.py
[2024-01-01T16:31:33.459+0100] {logging_mixin.py:188} INFO - [2024-01-01T16:31:33.459+0100] {dag.py:3033} INFO - Sync 3 DAGs
[2024-01-01T16:31:33.473+0100] {logging_mixin.py:188} INFO - [2024-01-01T16:31:33.473+0100] {dag.py:3820} INFO - Setting next_dagrun for example_branch_datetime_operator to 2023-12-31T00:00:00+00:00, run_after=2024-01-01T00:00:00+00:00
[2024-01-01T16:31:33.476+0100] {logging_mixin.py:188} INFO - [2024-01-01T16:31:33.476+0100] {dag.py:3820} INFO - Setting next_dagrun for example_branch_datetime_operator_2 to 2023-12-31T00:00:00+00:00, run_after=2024-01-01T00:00:00+00:00
[2024-01-01T16:31:33.477+0100] {logging_mixin.py:188} INFO - [2024-01-01T16:31:33.477+0100] {dag.py:3820} INFO - Setting next_dagrun for example_branch_datetime_operator_3 to 2023-12-31T00:00:00+00:00, run_after=2024-01-01T00:00:00+00:00
[2024-01-01T16:31:33.507+0100] {processor.py:183} INFO - Processing /home/ubuntu/.local/lib/python3.10/site-packages/airflow/example_dags/example_branch_datetime_operator.py took 0.090 seconds
[2024-01-01T16:32:26.606+0100] {processor.py:161} INFO - Started process (PID=7232) to work on /home/ubuntu/.local/lib/python3.10/site-packages/airflow/example_dags/example_branch_datetime_operator.py
[2024-01-01T16:32:26.617+0100] {processor.py:830} INFO - Processing file /home/ubuntu/.local/lib/python3.10/site-packages/airflow/example_dags/example_branch_datetime_operator.py for tasks to queue
[2024-01-01T16:32:26.620+0100] {logging_mixin.py:188} INFO - [2024-01-01T16:32:26.619+0100] {dagbag.py:538} INFO - Filling up the DagBag from /home/ubuntu/.local/lib/python3.10/site-packages/airflow/example_dags/example_branch_datetime_operator.py
[2024-01-01T16:32:26.640+0100] {processor.py:840} INFO - DAG(s) 'example_branch_datetime_operator_2', 'example_branch_datetime_operator', 'example_branch_datetime_operator_3' retrieved from /home/ubuntu/.local/lib/python3.10/site-packages/airflow/example_dags/example_branch_datetime_operator.py
[2024-01-01T16:32:26.661+0100] {logging_mixin.py:188} INFO - [2024-01-01T16:32:26.661+0100] {dag.py:3033} INFO - Sync 3 DAGs
[2024-01-01T16:32:26.684+0100] {logging_mixin.py:188} INFO - [2024-01-01T16:32:26.684+0100] {dag.py:3820} INFO - Setting next_dagrun for example_branch_datetime_operator to 2023-12-31T00:00:00+00:00, run_after=2024-01-01T00:00:00+00:00
[2024-01-01T16:32:26.688+0100] {logging_mixin.py:188} INFO - [2024-01-01T16:32:26.688+0100] {dag.py:3820} INFO - Setting next_dagrun for example_branch_datetime_operator_2 to 2023-12-31T00:00:00+00:00, run_after=2024-01-01T00:00:00+00:00
[2024-01-01T16:32:26.690+0100] {logging_mixin.py:188} INFO - [2024-01-01T16:32:26.690+0100] {dag.py:3820} INFO - Setting next_dagrun for example_branch_datetime_operator_3 to 2023-12-31T00:00:00+00:00, run_after=2024-01-01T00:00:00+00:00
[2024-01-01T16:32:26.712+0100] {processor.py:183} INFO - Processing /home/ubuntu/.local/lib/python3.10/site-packages/airflow/example_dags/example_branch_datetime_operator.py took 0.109 seconds
[2024-01-01T16:33:28.810+0100] {processor.py:161} INFO - Started process (PID=7444) to work on /home/ubuntu/.local/lib/python3.10/site-packages/airflow/example_dags/example_branch_datetime_operator.py
[2024-01-01T16:33:28.822+0100] {processor.py:830} INFO - Processing file /home/ubuntu/.local/lib/python3.10/site-packages/airflow/example_dags/example_branch_datetime_operator.py for tasks to queue
[2024-01-01T16:33:28.824+0100] {logging_mixin.py:188} INFO - [2024-01-01T16:33:28.823+0100] {dagbag.py:538} INFO - Filling up the DagBag from /home/ubuntu/.local/lib/python3.10/site-packages/airflow/example_dags/example_branch_datetime_operator.py
[2024-01-01T16:33:28.848+0100] {processor.py:840} INFO - DAG(s) 'example_branch_datetime_operator_3', 'example_branch_datetime_operator', 'example_branch_datetime_operator_2' retrieved from /home/ubuntu/.local/lib/python3.10/site-packages/airflow/example_dags/example_branch_datetime_operator.py
[2024-01-01T16:33:28.884+0100] {logging_mixin.py:188} INFO - [2024-01-01T16:33:28.884+0100] {dag.py:3033} INFO - Sync 3 DAGs
[2024-01-01T16:33:28.903+0100] {logging_mixin.py:188} INFO - [2024-01-01T16:33:28.903+0100] {dag.py:3820} INFO - Setting next_dagrun for example_branch_datetime_operator to 2023-12-31T00:00:00+00:00, run_after=2024-01-01T00:00:00+00:00
[2024-01-01T16:33:28.907+0100] {logging_mixin.py:188} INFO - [2024-01-01T16:33:28.907+0100] {dag.py:3820} INFO - Setting next_dagrun for example_branch_datetime_operator_2 to 2023-12-31T00:00:00+00:00, run_after=2024-01-01T00:00:00+00:00
[2024-01-01T16:33:28.909+0100] {logging_mixin.py:188} INFO - [2024-01-01T16:33:28.909+0100] {dag.py:3820} INFO - Setting next_dagrun for example_branch_datetime_operator_3 to 2023-12-31T00:00:00+00:00, run_after=2024-01-01T00:00:00+00:00
[2024-01-01T16:33:28.925+0100] {processor.py:183} INFO - Processing /home/ubuntu/.local/lib/python3.10/site-packages/airflow/example_dags/example_branch_datetime_operator.py took 0.122 seconds
[2024-01-01T16:34:29.915+0100] {processor.py:161} INFO - Started process (PID=7632) to work on /home/ubuntu/.local/lib/python3.10/site-packages/airflow/example_dags/example_branch_datetime_operator.py
[2024-01-01T16:34:29.927+0100] {processor.py:830} INFO - Processing file /home/ubuntu/.local/lib/python3.10/site-packages/airflow/example_dags/example_branch_datetime_operator.py for tasks to queue
[2024-01-01T16:34:29.929+0100] {logging_mixin.py:188} INFO - [2024-01-01T16:34:29.928+0100] {dagbag.py:538} INFO - Filling up the DagBag from /home/ubuntu/.local/lib/python3.10/site-packages/airflow/example_dags/example_branch_datetime_operator.py
[2024-01-01T16:34:29.965+0100] {processor.py:840} INFO - DAG(s) 'example_branch_datetime_operator', 'example_branch_datetime_operator_2', 'example_branch_datetime_operator_3' retrieved from /home/ubuntu/.local/lib/python3.10/site-packages/airflow/example_dags/example_branch_datetime_operator.py
[2024-01-01T16:34:29.983+0100] {logging_mixin.py:188} INFO - [2024-01-01T16:34:29.983+0100] {dag.py:3033} INFO - Sync 3 DAGs
[2024-01-01T16:34:30.000+0100] {logging_mixin.py:188} INFO - [2024-01-01T16:34:30.000+0100] {dag.py:3820} INFO - Setting next_dagrun for example_branch_datetime_operator to 2023-12-31T00:00:00+00:00, run_after=2024-01-01T00:00:00+00:00
[2024-01-01T16:34:30.003+0100] {logging_mixin.py:188} INFO - [2024-01-01T16:34:30.003+0100] {dag.py:3820} INFO - Setting next_dagrun for example_branch_datetime_operator_2 to 2023-12-31T00:00:00+00:00, run_after=2024-01-01T00:00:00+00:00
[2024-01-01T16:34:30.004+0100] {logging_mixin.py:188} INFO - [2024-01-01T16:34:30.004+0100] {dag.py:3820} INFO - Setting next_dagrun for example_branch_datetime_operator_3 to 2023-12-31T00:00:00+00:00, run_after=2024-01-01T00:00:00+00:00
[2024-01-01T16:34:30.020+0100] {processor.py:183} INFO - Processing /home/ubuntu/.local/lib/python3.10/site-packages/airflow/example_dags/example_branch_datetime_operator.py took 0.112 seconds
