[2024-01-01T15:43:00.196+0100] {processor.py:161} INFO - Started process (PID=8007) to work on /home/ubuntu/.local/lib/python3.10/site-packages/airflow/example_dags/example_latest_only_with_trigger.py
[2024-01-01T15:43:00.197+0100] {processor.py:830} INFO - Processing file /home/ubuntu/.local/lib/python3.10/site-packages/airflow/example_dags/example_latest_only_with_trigger.py for tasks to queue
[2024-01-01T15:43:00.197+0100] {logging_mixin.py:188} INFO - [2024-01-01T15:43:00.197+0100] {dagbag.py:538} INFO - Filling up the DagBag from /home/ubuntu/.local/lib/python3.10/site-packages/airflow/example_dags/example_latest_only_with_trigger.py
[2024-01-01T15:43:00.202+0100] {processor.py:840} INFO - DAG(s) 'latest_only_with_trigger' retrieved from /home/ubuntu/.local/lib/python3.10/site-packages/airflow/example_dags/example_latest_only_with_trigger.py
[2024-01-01T15:43:00.255+0100] {logging_mixin.py:188} INFO - [2024-01-01T15:43:00.255+0100] {dag.py:3033} INFO - Sync 1 DAGs
[2024-01-01T15:43:00.266+0100] {logging_mixin.py:188} INFO - [2024-01-01T15:43:00.266+0100] {dag.py:3820} INFO - Setting next_dagrun for latest_only_with_trigger to 2024-01-01T08:00:00+00:00, run_after=2024-01-01T12:00:00+00:00
[2024-01-01T15:43:00.280+0100] {processor.py:183} INFO - Processing /home/ubuntu/.local/lib/python3.10/site-packages/airflow/example_dags/example_latest_only_with_trigger.py took 0.086 seconds
[2024-01-01T15:43:55.527+0100] {processor.py:161} INFO - Started process (PID=8100) to work on /home/ubuntu/.local/lib/python3.10/site-packages/airflow/example_dags/example_latest_only_with_trigger.py
[2024-01-01T15:43:55.529+0100] {processor.py:830} INFO - Processing file /home/ubuntu/.local/lib/python3.10/site-packages/airflow/example_dags/example_latest_only_with_trigger.py for tasks to queue
[2024-01-01T15:43:55.529+0100] {logging_mixin.py:188} INFO - [2024-01-01T15:43:55.529+0100] {dagbag.py:538} INFO - Filling up the DagBag from /home/ubuntu/.local/lib/python3.10/site-packages/airflow/example_dags/example_latest_only_with_trigger.py
[2024-01-01T15:43:55.533+0100] {processor.py:840} INFO - DAG(s) 'latest_only_with_trigger' retrieved from /home/ubuntu/.local/lib/python3.10/site-packages/airflow/example_dags/example_latest_only_with_trigger.py
[2024-01-01T15:43:55.543+0100] {logging_mixin.py:188} INFO - [2024-01-01T15:43:55.543+0100] {dag.py:3033} INFO - Sync 1 DAGs
[2024-01-01T15:43:55.555+0100] {logging_mixin.py:188} INFO - [2024-01-01T15:43:55.555+0100] {dag.py:3820} INFO - Setting next_dagrun for latest_only_with_trigger to 2024-01-01T08:00:00+00:00, run_after=2024-01-01T12:00:00+00:00
[2024-01-01T15:43:55.580+0100] {processor.py:183} INFO - Processing /home/ubuntu/.local/lib/python3.10/site-packages/airflow/example_dags/example_latest_only_with_trigger.py took 0.055 seconds
[2024-01-01T15:44:51.143+0100] {processor.py:161} INFO - Started process (PID=8317) to work on /home/ubuntu/.local/lib/python3.10/site-packages/airflow/example_dags/example_latest_only_with_trigger.py
[2024-01-01T15:44:51.145+0100] {processor.py:830} INFO - Processing file /home/ubuntu/.local/lib/python3.10/site-packages/airflow/example_dags/example_latest_only_with_trigger.py for tasks to queue
[2024-01-01T15:44:51.146+0100] {logging_mixin.py:188} INFO - [2024-01-01T15:44:51.146+0100] {dagbag.py:538} INFO - Filling up the DagBag from /home/ubuntu/.local/lib/python3.10/site-packages/airflow/example_dags/example_latest_only_with_trigger.py
[2024-01-01T15:44:51.153+0100] {processor.py:840} INFO - DAG(s) 'latest_only_with_trigger' retrieved from /home/ubuntu/.local/lib/python3.10/site-packages/airflow/example_dags/example_latest_only_with_trigger.py
[2024-01-01T15:44:51.170+0100] {logging_mixin.py:188} INFO - [2024-01-01T15:44:51.170+0100] {dag.py:3033} INFO - Sync 1 DAGs
[2024-01-01T15:44:51.209+0100] {logging_mixin.py:188} INFO - [2024-01-01T15:44:51.209+0100] {dag.py:3820} INFO - Setting next_dagrun for latest_only_with_trigger to 2024-01-01T08:00:00+00:00, run_after=2024-01-01T12:00:00+00:00
[2024-01-01T15:44:51.233+0100] {processor.py:183} INFO - Processing /home/ubuntu/.local/lib/python3.10/site-packages/airflow/example_dags/example_latest_only_with_trigger.py took 0.092 seconds
[2024-01-01T15:46:30.119+0100] {processor.py:161} INFO - Started process (PID=8734) to work on /home/ubuntu/.local/lib/python3.10/site-packages/airflow/example_dags/example_latest_only_with_trigger.py
[2024-01-01T15:46:30.122+0100] {processor.py:830} INFO - Processing file /home/ubuntu/.local/lib/python3.10/site-packages/airflow/example_dags/example_latest_only_with_trigger.py for tasks to queue
[2024-01-01T15:46:30.126+0100] {logging_mixin.py:188} INFO - [2024-01-01T15:46:30.122+0100] {dagbag.py:538} INFO - Filling up the DagBag from /home/ubuntu/.local/lib/python3.10/site-packages/airflow/example_dags/example_latest_only_with_trigger.py
[2024-01-01T15:46:30.141+0100] {processor.py:840} INFO - DAG(s) 'latest_only_with_trigger' retrieved from /home/ubuntu/.local/lib/python3.10/site-packages/airflow/example_dags/example_latest_only_with_trigger.py
[2024-01-01T15:46:30.198+0100] {logging_mixin.py:188} INFO - [2024-01-01T15:46:30.196+0100] {dag.py:3033} INFO - Sync 1 DAGs
[2024-01-01T15:46:30.282+0100] {logging_mixin.py:188} INFO - [2024-01-01T15:46:30.270+0100] {dag.py:3820} INFO - Setting next_dagrun for latest_only_with_trigger to 2024-01-01T08:00:00+00:00, run_after=2024-01-01T12:00:00+00:00
[2024-01-01T15:46:30.369+0100] {processor.py:183} INFO - Processing /home/ubuntu/.local/lib/python3.10/site-packages/airflow/example_dags/example_latest_only_with_trigger.py took 0.252 seconds
[2024-01-01T16:09:36.275+0100] {processor.py:161} INFO - Started process (PID=4175) to work on /home/ubuntu/.local/lib/python3.10/site-packages/airflow/example_dags/example_latest_only_with_trigger.py
[2024-01-01T16:09:36.276+0100] {processor.py:830} INFO - Processing file /home/ubuntu/.local/lib/python3.10/site-packages/airflow/example_dags/example_latest_only_with_trigger.py for tasks to queue
[2024-01-01T16:09:36.277+0100] {logging_mixin.py:188} INFO - [2024-01-01T16:09:36.277+0100] {dagbag.py:538} INFO - Filling up the DagBag from /home/ubuntu/.local/lib/python3.10/site-packages/airflow/example_dags/example_latest_only_with_trigger.py
[2024-01-01T16:09:36.281+0100] {processor.py:840} INFO - DAG(s) 'latest_only_with_trigger' retrieved from /home/ubuntu/.local/lib/python3.10/site-packages/airflow/example_dags/example_latest_only_with_trigger.py
[2024-01-01T16:09:36.344+0100] {logging_mixin.py:188} INFO - [2024-01-01T16:09:36.344+0100] {dag.py:3033} INFO - Sync 1 DAGs
[2024-01-01T16:09:36.355+0100] {logging_mixin.py:188} INFO - [2024-01-01T16:09:36.355+0100] {dag.py:3820} INFO - Setting next_dagrun for latest_only_with_trigger to 2024-01-01T08:00:00+00:00, run_after=2024-01-01T12:00:00+00:00
[2024-01-01T16:09:36.369+0100] {processor.py:183} INFO - Processing /home/ubuntu/.local/lib/python3.10/site-packages/airflow/example_dags/example_latest_only_with_trigger.py took 0.096 seconds
[2024-01-01T16:10:28.496+0100] {processor.py:161} INFO - Started process (PID=4444) to work on /home/ubuntu/.local/lib/python3.10/site-packages/airflow/example_dags/example_latest_only_with_trigger.py
[2024-01-01T16:10:28.507+0100] {processor.py:830} INFO - Processing file /home/ubuntu/.local/lib/python3.10/site-packages/airflow/example_dags/example_latest_only_with_trigger.py for tasks to queue
[2024-01-01T16:10:28.509+0100] {logging_mixin.py:188} INFO - [2024-01-01T16:10:28.508+0100] {dagbag.py:538} INFO - Filling up the DagBag from /home/ubuntu/.local/lib/python3.10/site-packages/airflow/example_dags/example_latest_only_with_trigger.py
[2024-01-01T16:10:28.528+0100] {processor.py:840} INFO - DAG(s) 'latest_only_with_trigger' retrieved from /home/ubuntu/.local/lib/python3.10/site-packages/airflow/example_dags/example_latest_only_with_trigger.py
[2024-01-01T16:10:28.565+0100] {logging_mixin.py:188} INFO - [2024-01-01T16:10:28.565+0100] {dag.py:3033} INFO - Sync 1 DAGs
[2024-01-01T16:10:28.581+0100] {logging_mixin.py:188} INFO - [2024-01-01T16:10:28.581+0100] {dag.py:3820} INFO - Setting next_dagrun for latest_only_with_trigger to 2024-01-01T08:00:00+00:00, run_after=2024-01-01T12:00:00+00:00
[2024-01-01T16:10:28.594+0100] {processor.py:183} INFO - Processing /home/ubuntu/.local/lib/python3.10/site-packages/airflow/example_dags/example_latest_only_with_trigger.py took 0.101 seconds
[2024-01-01T16:11:25.793+0100] {processor.py:161} INFO - Started process (PID=4526) to work on /home/ubuntu/.local/lib/python3.10/site-packages/airflow/example_dags/example_latest_only_with_trigger.py
[2024-01-01T16:11:25.805+0100] {processor.py:830} INFO - Processing file /home/ubuntu/.local/lib/python3.10/site-packages/airflow/example_dags/example_latest_only_with_trigger.py for tasks to queue
[2024-01-01T16:11:25.808+0100] {logging_mixin.py:188} INFO - [2024-01-01T16:11:25.807+0100] {dagbag.py:538} INFO - Filling up the DagBag from /home/ubuntu/.local/lib/python3.10/site-packages/airflow/example_dags/example_latest_only_with_trigger.py
[2024-01-01T16:11:25.824+0100] {processor.py:840} INFO - DAG(s) 'latest_only_with_trigger' retrieved from /home/ubuntu/.local/lib/python3.10/site-packages/airflow/example_dags/example_latest_only_with_trigger.py
[2024-01-01T16:11:25.841+0100] {logging_mixin.py:188} INFO - [2024-01-01T16:11:25.841+0100] {dag.py:3033} INFO - Sync 1 DAGs
[2024-01-01T16:11:25.853+0100] {logging_mixin.py:188} INFO - [2024-01-01T16:11:25.853+0100] {dag.py:3820} INFO - Setting next_dagrun for latest_only_with_trigger to 2024-01-01T08:00:00+00:00, run_after=2024-01-01T12:00:00+00:00
[2024-01-01T16:11:25.868+0100] {processor.py:183} INFO - Processing /home/ubuntu/.local/lib/python3.10/site-packages/airflow/example_dags/example_latest_only_with_trigger.py took 0.083 seconds
[2024-01-01T16:12:17.068+0100] {processor.py:161} INFO - Started process (PID=4714) to work on /home/ubuntu/.local/lib/python3.10/site-packages/airflow/example_dags/example_latest_only_with_trigger.py
[2024-01-01T16:12:17.080+0100] {processor.py:830} INFO - Processing file /home/ubuntu/.local/lib/python3.10/site-packages/airflow/example_dags/example_latest_only_with_trigger.py for tasks to queue
[2024-01-01T16:12:17.082+0100] {logging_mixin.py:188} INFO - [2024-01-01T16:12:17.081+0100] {dagbag.py:538} INFO - Filling up the DagBag from /home/ubuntu/.local/lib/python3.10/site-packages/airflow/example_dags/example_latest_only_with_trigger.py
[2024-01-01T16:12:17.098+0100] {processor.py:840} INFO - DAG(s) 'latest_only_with_trigger' retrieved from /home/ubuntu/.local/lib/python3.10/site-packages/airflow/example_dags/example_latest_only_with_trigger.py
[2024-01-01T16:12:17.117+0100] {logging_mixin.py:188} INFO - [2024-01-01T16:12:17.117+0100] {dag.py:3033} INFO - Sync 1 DAGs
[2024-01-01T16:12:17.132+0100] {logging_mixin.py:188} INFO - [2024-01-01T16:12:17.132+0100] {dag.py:3820} INFO - Setting next_dagrun for latest_only_with_trigger to 2024-01-01T08:00:00+00:00, run_after=2024-01-01T12:00:00+00:00
[2024-01-01T16:12:17.148+0100] {processor.py:183} INFO - Processing /home/ubuntu/.local/lib/python3.10/site-packages/airflow/example_dags/example_latest_only_with_trigger.py took 0.087 seconds
[2024-01-01T16:13:13.127+0100] {processor.py:161} INFO - Started process (PID=4808) to work on /home/ubuntu/.local/lib/python3.10/site-packages/airflow/example_dags/example_latest_only_with_trigger.py
[2024-01-01T16:13:13.139+0100] {processor.py:830} INFO - Processing file /home/ubuntu/.local/lib/python3.10/site-packages/airflow/example_dags/example_latest_only_with_trigger.py for tasks to queue
[2024-01-01T16:13:13.141+0100] {logging_mixin.py:188} INFO - [2024-01-01T16:13:13.140+0100] {dagbag.py:538} INFO - Filling up the DagBag from /home/ubuntu/.local/lib/python3.10/site-packages/airflow/example_dags/example_latest_only_with_trigger.py
[2024-01-01T16:13:13.156+0100] {processor.py:840} INFO - DAG(s) 'latest_only_with_trigger' retrieved from /home/ubuntu/.local/lib/python3.10/site-packages/airflow/example_dags/example_latest_only_with_trigger.py
[2024-01-01T16:13:13.173+0100] {logging_mixin.py:188} INFO - [2024-01-01T16:13:13.173+0100] {dag.py:3033} INFO - Sync 1 DAGs
[2024-01-01T16:13:13.186+0100] {logging_mixin.py:188} INFO - [2024-01-01T16:13:13.186+0100] {dag.py:3820} INFO - Setting next_dagrun for latest_only_with_trigger to 2024-01-01T08:00:00+00:00, run_after=2024-01-01T12:00:00+00:00
[2024-01-01T16:13:13.210+0100] {processor.py:183} INFO - Processing /home/ubuntu/.local/lib/python3.10/site-packages/airflow/example_dags/example_latest_only_with_trigger.py took 0.090 seconds
[2024-01-01T16:14:09.495+0100] {processor.py:161} INFO - Started process (PID=4887) to work on /home/ubuntu/.local/lib/python3.10/site-packages/airflow/example_dags/example_latest_only_with_trigger.py
[2024-01-01T16:14:09.498+0100] {processor.py:830} INFO - Processing file /home/ubuntu/.local/lib/python3.10/site-packages/airflow/example_dags/example_latest_only_with_trigger.py for tasks to queue
[2024-01-01T16:14:09.500+0100] {logging_mixin.py:188} INFO - [2024-01-01T16:14:09.499+0100] {dagbag.py:538} INFO - Filling up the DagBag from /home/ubuntu/.local/lib/python3.10/site-packages/airflow/example_dags/example_latest_only_with_trigger.py
[2024-01-01T16:14:09.516+0100] {processor.py:840} INFO - DAG(s) 'latest_only_with_trigger' retrieved from /home/ubuntu/.local/lib/python3.10/site-packages/airflow/example_dags/example_latest_only_with_trigger.py
[2024-01-01T16:14:09.534+0100] {logging_mixin.py:188} INFO - [2024-01-01T16:14:09.533+0100] {dag.py:3033} INFO - Sync 1 DAGs
[2024-01-01T16:14:09.552+0100] {logging_mixin.py:188} INFO - [2024-01-01T16:14:09.552+0100] {dag.py:3820} INFO - Setting next_dagrun for latest_only_with_trigger to 2024-01-01T08:00:00+00:00, run_after=2024-01-01T12:00:00+00:00
[2024-01-01T16:14:09.577+0100] {processor.py:183} INFO - Processing /home/ubuntu/.local/lib/python3.10/site-packages/airflow/example_dags/example_latest_only_with_trigger.py took 0.089 seconds
[2024-01-01T16:15:02.736+0100] {processor.py:161} INFO - Started process (PID=5007) to work on /home/ubuntu/.local/lib/python3.10/site-packages/airflow/example_dags/example_latest_only_with_trigger.py
[2024-01-01T16:15:02.737+0100] {processor.py:830} INFO - Processing file /home/ubuntu/.local/lib/python3.10/site-packages/airflow/example_dags/example_latest_only_with_trigger.py for tasks to queue
[2024-01-01T16:15:02.737+0100] {logging_mixin.py:188} INFO - [2024-01-01T16:15:02.737+0100] {dagbag.py:538} INFO - Filling up the DagBag from /home/ubuntu/.local/lib/python3.10/site-packages/airflow/example_dags/example_latest_only_with_trigger.py
[2024-01-01T16:15:02.742+0100] {processor.py:840} INFO - DAG(s) 'latest_only_with_trigger' retrieved from /home/ubuntu/.local/lib/python3.10/site-packages/airflow/example_dags/example_latest_only_with_trigger.py
[2024-01-01T16:15:02.753+0100] {logging_mixin.py:188} INFO - [2024-01-01T16:15:02.753+0100] {dag.py:3033} INFO - Sync 1 DAGs
[2024-01-01T16:15:02.764+0100] {logging_mixin.py:188} INFO - [2024-01-01T16:15:02.764+0100] {dag.py:3820} INFO - Setting next_dagrun for latest_only_with_trigger to 2024-01-01T08:00:00+00:00, run_after=2024-01-01T12:00:00+00:00
[2024-01-01T16:15:02.778+0100] {processor.py:183} INFO - Processing /home/ubuntu/.local/lib/python3.10/site-packages/airflow/example_dags/example_latest_only_with_trigger.py took 0.044 seconds
[2024-01-01T16:15:52.444+0100] {processor.py:161} INFO - Started process (PID=5142) to work on /home/ubuntu/.local/lib/python3.10/site-packages/airflow/example_dags/example_latest_only_with_trigger.py
[2024-01-01T16:15:52.453+0100] {processor.py:830} INFO - Processing file /home/ubuntu/.local/lib/python3.10/site-packages/airflow/example_dags/example_latest_only_with_trigger.py for tasks to queue
[2024-01-01T16:15:52.454+0100] {logging_mixin.py:188} INFO - [2024-01-01T16:15:52.454+0100] {dagbag.py:538} INFO - Filling up the DagBag from /home/ubuntu/.local/lib/python3.10/site-packages/airflow/example_dags/example_latest_only_with_trigger.py
[2024-01-01T16:15:52.460+0100] {processor.py:840} INFO - DAG(s) 'latest_only_with_trigger' retrieved from /home/ubuntu/.local/lib/python3.10/site-packages/airflow/example_dags/example_latest_only_with_trigger.py
[2024-01-01T16:15:52.471+0100] {logging_mixin.py:188} INFO - [2024-01-01T16:15:52.471+0100] {dag.py:3033} INFO - Sync 1 DAGs
[2024-01-01T16:15:52.483+0100] {logging_mixin.py:188} INFO - [2024-01-01T16:15:52.483+0100] {dag.py:3820} INFO - Setting next_dagrun for latest_only_with_trigger to 2024-01-01T08:00:00+00:00, run_after=2024-01-01T12:00:00+00:00
[2024-01-01T16:15:52.507+0100] {processor.py:183} INFO - Processing /home/ubuntu/.local/lib/python3.10/site-packages/airflow/example_dags/example_latest_only_with_trigger.py took 0.065 seconds
[2024-01-01T16:16:50.694+0100] {processor.py:161} INFO - Started process (PID=5227) to work on /home/ubuntu/.local/lib/python3.10/site-packages/airflow/example_dags/example_latest_only_with_trigger.py
[2024-01-01T16:16:50.705+0100] {processor.py:830} INFO - Processing file /home/ubuntu/.local/lib/python3.10/site-packages/airflow/example_dags/example_latest_only_with_trigger.py for tasks to queue
[2024-01-01T16:16:50.706+0100] {logging_mixin.py:188} INFO - [2024-01-01T16:16:50.705+0100] {dagbag.py:538} INFO - Filling up the DagBag from /home/ubuntu/.local/lib/python3.10/site-packages/airflow/example_dags/example_latest_only_with_trigger.py
[2024-01-01T16:16:50.714+0100] {processor.py:840} INFO - DAG(s) 'latest_only_with_trigger' retrieved from /home/ubuntu/.local/lib/python3.10/site-packages/airflow/example_dags/example_latest_only_with_trigger.py
[2024-01-01T16:16:50.728+0100] {logging_mixin.py:188} INFO - [2024-01-01T16:16:50.728+0100] {dag.py:3033} INFO - Sync 1 DAGs
[2024-01-01T16:16:50.742+0100] {logging_mixin.py:188} INFO - [2024-01-01T16:16:50.741+0100] {dag.py:3820} INFO - Setting next_dagrun for latest_only_with_trigger to 2024-01-01T08:00:00+00:00, run_after=2024-01-01T12:00:00+00:00
[2024-01-01T16:16:50.757+0100] {processor.py:183} INFO - Processing /home/ubuntu/.local/lib/python3.10/site-packages/airflow/example_dags/example_latest_only_with_trigger.py took 0.069 seconds
[2024-01-01T16:17:44.160+0100] {processor.py:161} INFO - Started process (PID=5301) to work on /home/ubuntu/.local/lib/python3.10/site-packages/airflow/example_dags/example_latest_only_with_trigger.py
[2024-01-01T16:17:44.170+0100] {processor.py:830} INFO - Processing file /home/ubuntu/.local/lib/python3.10/site-packages/airflow/example_dags/example_latest_only_with_trigger.py for tasks to queue
[2024-01-01T16:17:44.171+0100] {logging_mixin.py:188} INFO - [2024-01-01T16:17:44.170+0100] {dagbag.py:538} INFO - Filling up the DagBag from /home/ubuntu/.local/lib/python3.10/site-packages/airflow/example_dags/example_latest_only_with_trigger.py
[2024-01-01T16:17:44.175+0100] {processor.py:840} INFO - DAG(s) 'latest_only_with_trigger' retrieved from /home/ubuntu/.local/lib/python3.10/site-packages/airflow/example_dags/example_latest_only_with_trigger.py
[2024-01-01T16:17:44.184+0100] {logging_mixin.py:188} INFO - [2024-01-01T16:17:44.184+0100] {dag.py:3033} INFO - Sync 1 DAGs
[2024-01-01T16:17:44.195+0100] {logging_mixin.py:188} INFO - [2024-01-01T16:17:44.195+0100] {dag.py:3820} INFO - Setting next_dagrun for latest_only_with_trigger to 2024-01-01T08:00:00+00:00, run_after=2024-01-01T12:00:00+00:00
[2024-01-01T16:17:44.208+0100] {processor.py:183} INFO - Processing /home/ubuntu/.local/lib/python3.10/site-packages/airflow/example_dags/example_latest_only_with_trigger.py took 0.055 seconds
[2024-01-01T16:18:37.317+0100] {processor.py:161} INFO - Started process (PID=5366) to work on /home/ubuntu/.local/lib/python3.10/site-packages/airflow/example_dags/example_latest_only_with_trigger.py
[2024-01-01T16:18:37.328+0100] {processor.py:830} INFO - Processing file /home/ubuntu/.local/lib/python3.10/site-packages/airflow/example_dags/example_latest_only_with_trigger.py for tasks to queue
[2024-01-01T16:18:37.330+0100] {logging_mixin.py:188} INFO - [2024-01-01T16:18:37.329+0100] {dagbag.py:538} INFO - Filling up the DagBag from /home/ubuntu/.local/lib/python3.10/site-packages/airflow/example_dags/example_latest_only_with_trigger.py
[2024-01-01T16:18:37.345+0100] {processor.py:840} INFO - DAG(s) 'latest_only_with_trigger' retrieved from /home/ubuntu/.local/lib/python3.10/site-packages/airflow/example_dags/example_latest_only_with_trigger.py
[2024-01-01T16:18:37.369+0100] {logging_mixin.py:188} INFO - [2024-01-01T16:18:37.369+0100] {dag.py:3033} INFO - Sync 1 DAGs
[2024-01-01T16:18:37.385+0100] {logging_mixin.py:188} INFO - [2024-01-01T16:18:37.384+0100] {dag.py:3820} INFO - Setting next_dagrun for latest_only_with_trigger to 2024-01-01T08:00:00+00:00, run_after=2024-01-01T12:00:00+00:00
[2024-01-01T16:18:37.400+0100] {processor.py:183} INFO - Processing /home/ubuntu/.local/lib/python3.10/site-packages/airflow/example_dags/example_latest_only_with_trigger.py took 0.087 seconds
[2024-01-01T16:20:23.539+0100] {processor.py:161} INFO - Started process (PID=5659) to work on /home/ubuntu/.local/lib/python3.10/site-packages/airflow/example_dags/example_latest_only_with_trigger.py
[2024-01-01T16:20:23.541+0100] {processor.py:830} INFO - Processing file /home/ubuntu/.local/lib/python3.10/site-packages/airflow/example_dags/example_latest_only_with_trigger.py for tasks to queue
[2024-01-01T16:20:23.541+0100] {logging_mixin.py:188} INFO - [2024-01-01T16:20:23.541+0100] {dagbag.py:538} INFO - Filling up the DagBag from /home/ubuntu/.local/lib/python3.10/site-packages/airflow/example_dags/example_latest_only_with_trigger.py
[2024-01-01T16:20:23.545+0100] {processor.py:840} INFO - DAG(s) 'latest_only_with_trigger' retrieved from /home/ubuntu/.local/lib/python3.10/site-packages/airflow/example_dags/example_latest_only_with_trigger.py
[2024-01-01T16:20:23.600+0100] {logging_mixin.py:188} INFO - [2024-01-01T16:20:23.600+0100] {dag.py:3033} INFO - Sync 1 DAGs
[2024-01-01T16:20:23.612+0100] {logging_mixin.py:188} INFO - [2024-01-01T16:20:23.612+0100] {dag.py:3820} INFO - Setting next_dagrun for latest_only_with_trigger to 2024-01-01T08:00:00+00:00, run_after=2024-01-01T12:00:00+00:00
[2024-01-01T16:20:23.630+0100] {processor.py:183} INFO - Processing /home/ubuntu/.local/lib/python3.10/site-packages/airflow/example_dags/example_latest_only_with_trigger.py took 0.092 seconds
[2024-01-01T16:21:15.145+0100] {processor.py:161} INFO - Started process (PID=5832) to work on /home/ubuntu/.local/lib/python3.10/site-packages/airflow/example_dags/example_latest_only_with_trigger.py
[2024-01-01T16:21:15.157+0100] {processor.py:830} INFO - Processing file /home/ubuntu/.local/lib/python3.10/site-packages/airflow/example_dags/example_latest_only_with_trigger.py for tasks to queue
[2024-01-01T16:21:15.158+0100] {logging_mixin.py:188} INFO - [2024-01-01T16:21:15.157+0100] {dagbag.py:538} INFO - Filling up the DagBag from /home/ubuntu/.local/lib/python3.10/site-packages/airflow/example_dags/example_latest_only_with_trigger.py
[2024-01-01T16:21:15.165+0100] {processor.py:840} INFO - DAG(s) 'latest_only_with_trigger' retrieved from /home/ubuntu/.local/lib/python3.10/site-packages/airflow/example_dags/example_latest_only_with_trigger.py
[2024-01-01T16:21:15.176+0100] {logging_mixin.py:188} INFO - [2024-01-01T16:21:15.176+0100] {dag.py:3033} INFO - Sync 1 DAGs
[2024-01-01T16:21:15.188+0100] {logging_mixin.py:188} INFO - [2024-01-01T16:21:15.188+0100] {dag.py:3820} INFO - Setting next_dagrun for latest_only_with_trigger to 2024-01-01T08:00:00+00:00, run_after=2024-01-01T12:00:00+00:00
[2024-01-01T16:21:15.203+0100] {processor.py:183} INFO - Processing /home/ubuntu/.local/lib/python3.10/site-packages/airflow/example_dags/example_latest_only_with_trigger.py took 0.062 seconds
[2024-01-01T16:23:38.726+0100] {processor.py:161} INFO - Started process (PID=5983) to work on /home/ubuntu/.local/lib/python3.10/site-packages/airflow/example_dags/example_latest_only_with_trigger.py
[2024-01-01T16:23:38.730+0100] {processor.py:830} INFO - Processing file /home/ubuntu/.local/lib/python3.10/site-packages/airflow/example_dags/example_latest_only_with_trigger.py for tasks to queue
[2024-01-01T16:23:38.732+0100] {logging_mixin.py:188} INFO - [2024-01-01T16:23:38.731+0100] {dagbag.py:538} INFO - Filling up the DagBag from /home/ubuntu/.local/lib/python3.10/site-packages/airflow/example_dags/example_latest_only_with_trigger.py
[2024-01-01T16:23:38.745+0100] {processor.py:840} INFO - DAG(s) 'latest_only_with_trigger' retrieved from /home/ubuntu/.local/lib/python3.10/site-packages/airflow/example_dags/example_latest_only_with_trigger.py
[2024-01-01T16:23:38.826+0100] {logging_mixin.py:188} INFO - [2024-01-01T16:23:38.825+0100] {dag.py:3033} INFO - Sync 1 DAGs
[2024-01-01T16:23:38.836+0100] {logging_mixin.py:188} INFO - [2024-01-01T16:23:38.836+0100] {dag.py:3820} INFO - Setting next_dagrun for latest_only_with_trigger to 2024-01-01T08:00:00+00:00, run_after=2024-01-01T12:00:00+00:00
[2024-01-01T16:23:38.854+0100] {processor.py:183} INFO - Processing /home/ubuntu/.local/lib/python3.10/site-packages/airflow/example_dags/example_latest_only_with_trigger.py took 0.136 seconds
[2024-01-01T16:24:37.028+0100] {processor.py:161} INFO - Started process (PID=6062) to work on /home/ubuntu/.local/lib/python3.10/site-packages/airflow/example_dags/example_latest_only_with_trigger.py
[2024-01-01T16:24:37.029+0100] {processor.py:830} INFO - Processing file /home/ubuntu/.local/lib/python3.10/site-packages/airflow/example_dags/example_latest_only_with_trigger.py for tasks to queue
[2024-01-01T16:24:37.030+0100] {logging_mixin.py:188} INFO - [2024-01-01T16:24:37.030+0100] {dagbag.py:538} INFO - Filling up the DagBag from /home/ubuntu/.local/lib/python3.10/site-packages/airflow/example_dags/example_latest_only_with_trigger.py
[2024-01-01T16:24:37.035+0100] {processor.py:840} INFO - DAG(s) 'latest_only_with_trigger' retrieved from /home/ubuntu/.local/lib/python3.10/site-packages/airflow/example_dags/example_latest_only_with_trigger.py
[2024-01-01T16:24:37.048+0100] {logging_mixin.py:188} INFO - [2024-01-01T16:24:37.048+0100] {dag.py:3033} INFO - Sync 1 DAGs
[2024-01-01T16:24:37.062+0100] {logging_mixin.py:188} INFO - [2024-01-01T16:24:37.062+0100] {dag.py:3820} INFO - Setting next_dagrun for latest_only_with_trigger to 2024-01-01T08:00:00+00:00, run_after=2024-01-01T12:00:00+00:00
[2024-01-01T16:24:37.092+0100] {processor.py:183} INFO - Processing /home/ubuntu/.local/lib/python3.10/site-packages/airflow/example_dags/example_latest_only_with_trigger.py took 0.067 seconds
[2024-01-01T16:25:27.994+0100] {processor.py:161} INFO - Started process (PID=6245) to work on /home/ubuntu/.local/lib/python3.10/site-packages/airflow/example_dags/example_latest_only_with_trigger.py
[2024-01-01T16:25:27.995+0100] {processor.py:830} INFO - Processing file /home/ubuntu/.local/lib/python3.10/site-packages/airflow/example_dags/example_latest_only_with_trigger.py for tasks to queue
[2024-01-01T16:25:27.995+0100] {logging_mixin.py:188} INFO - [2024-01-01T16:25:27.995+0100] {dagbag.py:538} INFO - Filling up the DagBag from /home/ubuntu/.local/lib/python3.10/site-packages/airflow/example_dags/example_latest_only_with_trigger.py
[2024-01-01T16:25:27.999+0100] {processor.py:840} INFO - DAG(s) 'latest_only_with_trigger' retrieved from /home/ubuntu/.local/lib/python3.10/site-packages/airflow/example_dags/example_latest_only_with_trigger.py
[2024-01-01T16:25:28.010+0100] {logging_mixin.py:188} INFO - [2024-01-01T16:25:28.009+0100] {dag.py:3033} INFO - Sync 1 DAGs
[2024-01-01T16:25:28.023+0100] {logging_mixin.py:188} INFO - [2024-01-01T16:25:28.022+0100] {dag.py:3820} INFO - Setting next_dagrun for latest_only_with_trigger to 2024-01-01T08:00:00+00:00, run_after=2024-01-01T12:00:00+00:00
[2024-01-01T16:25:28.041+0100] {processor.py:183} INFO - Processing /home/ubuntu/.local/lib/python3.10/site-packages/airflow/example_dags/example_latest_only_with_trigger.py took 0.048 seconds
[2024-01-01T16:26:25.415+0100] {processor.py:161} INFO - Started process (PID=6372) to work on /home/ubuntu/.local/lib/python3.10/site-packages/airflow/example_dags/example_latest_only_with_trigger.py
[2024-01-01T16:26:25.417+0100] {processor.py:830} INFO - Processing file /home/ubuntu/.local/lib/python3.10/site-packages/airflow/example_dags/example_latest_only_with_trigger.py for tasks to queue
[2024-01-01T16:26:25.419+0100] {logging_mixin.py:188} INFO - [2024-01-01T16:26:25.419+0100] {dagbag.py:538} INFO - Filling up the DagBag from /home/ubuntu/.local/lib/python3.10/site-packages/airflow/example_dags/example_latest_only_with_trigger.py
[2024-01-01T16:26:25.433+0100] {processor.py:840} INFO - DAG(s) 'latest_only_with_trigger' retrieved from /home/ubuntu/.local/lib/python3.10/site-packages/airflow/example_dags/example_latest_only_with_trigger.py
[2024-01-01T16:26:25.452+0100] {logging_mixin.py:188} INFO - [2024-01-01T16:26:25.452+0100] {dag.py:3033} INFO - Sync 1 DAGs
[2024-01-01T16:26:25.467+0100] {logging_mixin.py:188} INFO - [2024-01-01T16:26:25.467+0100] {dag.py:3820} INFO - Setting next_dagrun for latest_only_with_trigger to 2024-01-01T08:00:00+00:00, run_after=2024-01-01T12:00:00+00:00
[2024-01-01T16:26:25.508+0100] {processor.py:183} INFO - Processing /home/ubuntu/.local/lib/python3.10/site-packages/airflow/example_dags/example_latest_only_with_trigger.py took 0.100 seconds
[2024-01-01T16:27:18.663+0100] {processor.py:161} INFO - Started process (PID=6554) to work on /home/ubuntu/.local/lib/python3.10/site-packages/airflow/example_dags/example_latest_only_with_trigger.py
[2024-01-01T16:27:18.675+0100] {processor.py:830} INFO - Processing file /home/ubuntu/.local/lib/python3.10/site-packages/airflow/example_dags/example_latest_only_with_trigger.py for tasks to queue
[2024-01-01T16:27:18.677+0100] {logging_mixin.py:188} INFO - [2024-01-01T16:27:18.676+0100] {dagbag.py:538} INFO - Filling up the DagBag from /home/ubuntu/.local/lib/python3.10/site-packages/airflow/example_dags/example_latest_only_with_trigger.py
[2024-01-01T16:27:18.691+0100] {processor.py:840} INFO - DAG(s) 'latest_only_with_trigger' retrieved from /home/ubuntu/.local/lib/python3.10/site-packages/airflow/example_dags/example_latest_only_with_trigger.py
[2024-01-01T16:27:18.710+0100] {logging_mixin.py:188} INFO - [2024-01-01T16:27:18.710+0100] {dag.py:3033} INFO - Sync 1 DAGs
[2024-01-01T16:27:18.725+0100] {logging_mixin.py:188} INFO - [2024-01-01T16:27:18.724+0100] {dag.py:3820} INFO - Setting next_dagrun for latest_only_with_trigger to 2024-01-01T08:00:00+00:00, run_after=2024-01-01T12:00:00+00:00
[2024-01-01T16:27:18.740+0100] {processor.py:183} INFO - Processing /home/ubuntu/.local/lib/python3.10/site-packages/airflow/example_dags/example_latest_only_with_trigger.py took 0.083 seconds
[2024-01-01T16:28:07.396+0100] {processor.py:161} INFO - Started process (PID=6716) to work on /home/ubuntu/.local/lib/python3.10/site-packages/airflow/example_dags/example_latest_only_with_trigger.py
[2024-01-01T16:28:07.407+0100] {processor.py:830} INFO - Processing file /home/ubuntu/.local/lib/python3.10/site-packages/airflow/example_dags/example_latest_only_with_trigger.py for tasks to queue
[2024-01-01T16:28:07.410+0100] {logging_mixin.py:188} INFO - [2024-01-01T16:28:07.409+0100] {dagbag.py:538} INFO - Filling up the DagBag from /home/ubuntu/.local/lib/python3.10/site-packages/airflow/example_dags/example_latest_only_with_trigger.py
[2024-01-01T16:28:07.426+0100] {processor.py:840} INFO - DAG(s) 'latest_only_with_trigger' retrieved from /home/ubuntu/.local/lib/python3.10/site-packages/airflow/example_dags/example_latest_only_with_trigger.py
[2024-01-01T16:28:07.445+0100] {logging_mixin.py:188} INFO - [2024-01-01T16:28:07.445+0100] {dag.py:3033} INFO - Sync 1 DAGs
[2024-01-01T16:28:07.460+0100] {logging_mixin.py:188} INFO - [2024-01-01T16:28:07.460+0100] {dag.py:3820} INFO - Setting next_dagrun for latest_only_with_trigger to 2024-01-01T08:00:00+00:00, run_after=2024-01-01T12:00:00+00:00
[2024-01-01T16:28:07.486+0100] {processor.py:183} INFO - Processing /home/ubuntu/.local/lib/python3.10/site-packages/airflow/example_dags/example_latest_only_with_trigger.py took 0.098 seconds
[2024-01-01T16:29:02.602+0100] {processor.py:161} INFO - Started process (PID=6810) to work on /home/ubuntu/.local/lib/python3.10/site-packages/airflow/example_dags/example_latest_only_with_trigger.py
[2024-01-01T16:29:02.613+0100] {processor.py:830} INFO - Processing file /home/ubuntu/.local/lib/python3.10/site-packages/airflow/example_dags/example_latest_only_with_trigger.py for tasks to queue
[2024-01-01T16:29:02.615+0100] {logging_mixin.py:188} INFO - [2024-01-01T16:29:02.615+0100] {dagbag.py:538} INFO - Filling up the DagBag from /home/ubuntu/.local/lib/python3.10/site-packages/airflow/example_dags/example_latest_only_with_trigger.py
[2024-01-01T16:29:02.630+0100] {processor.py:840} INFO - DAG(s) 'latest_only_with_trigger' retrieved from /home/ubuntu/.local/lib/python3.10/site-packages/airflow/example_dags/example_latest_only_with_trigger.py
[2024-01-01T16:29:02.651+0100] {logging_mixin.py:188} INFO - [2024-01-01T16:29:02.651+0100] {dag.py:3033} INFO - Sync 1 DAGs
[2024-01-01T16:29:02.666+0100] {logging_mixin.py:188} INFO - [2024-01-01T16:29:02.666+0100] {dag.py:3820} INFO - Setting next_dagrun for latest_only_with_trigger to 2024-01-01T08:00:00+00:00, run_after=2024-01-01T12:00:00+00:00
[2024-01-01T16:29:02.689+0100] {processor.py:183} INFO - Processing /home/ubuntu/.local/lib/python3.10/site-packages/airflow/example_dags/example_latest_only_with_trigger.py took 0.094 seconds
[2024-01-01T16:29:57.507+0100] {processor.py:161} INFO - Started process (PID=6914) to work on /home/ubuntu/.local/lib/python3.10/site-packages/airflow/example_dags/example_latest_only_with_trigger.py
[2024-01-01T16:29:57.518+0100] {processor.py:830} INFO - Processing file /home/ubuntu/.local/lib/python3.10/site-packages/airflow/example_dags/example_latest_only_with_trigger.py for tasks to queue
[2024-01-01T16:29:57.519+0100] {logging_mixin.py:188} INFO - [2024-01-01T16:29:57.518+0100] {dagbag.py:538} INFO - Filling up the DagBag from /home/ubuntu/.local/lib/python3.10/site-packages/airflow/example_dags/example_latest_only_with_trigger.py
[2024-01-01T16:29:57.526+0100] {processor.py:840} INFO - DAG(s) 'latest_only_with_trigger' retrieved from /home/ubuntu/.local/lib/python3.10/site-packages/airflow/example_dags/example_latest_only_with_trigger.py
[2024-01-01T16:29:57.539+0100] {logging_mixin.py:188} INFO - [2024-01-01T16:29:57.539+0100] {dag.py:3033} INFO - Sync 1 DAGs
[2024-01-01T16:29:57.551+0100] {logging_mixin.py:188} INFO - [2024-01-01T16:29:57.551+0100] {dag.py:3820} INFO - Setting next_dagrun for latest_only_with_trigger to 2024-01-01T08:00:00+00:00, run_after=2024-01-01T12:00:00+00:00
[2024-01-01T16:29:57.567+0100] {processor.py:183} INFO - Processing /home/ubuntu/.local/lib/python3.10/site-packages/airflow/example_dags/example_latest_only_with_trigger.py took 0.064 seconds
[2024-01-01T16:30:50.067+0100] {processor.py:161} INFO - Started process (PID=7030) to work on /home/ubuntu/.local/lib/python3.10/site-packages/airflow/example_dags/example_latest_only_with_trigger.py
[2024-01-01T16:30:50.070+0100] {processor.py:830} INFO - Processing file /home/ubuntu/.local/lib/python3.10/site-packages/airflow/example_dags/example_latest_only_with_trigger.py for tasks to queue
[2024-01-01T16:30:50.071+0100] {logging_mixin.py:188} INFO - [2024-01-01T16:30:50.071+0100] {dagbag.py:538} INFO - Filling up the DagBag from /home/ubuntu/.local/lib/python3.10/site-packages/airflow/example_dags/example_latest_only_with_trigger.py
[2024-01-01T16:30:50.078+0100] {processor.py:840} INFO - DAG(s) 'latest_only_with_trigger' retrieved from /home/ubuntu/.local/lib/python3.10/site-packages/airflow/example_dags/example_latest_only_with_trigger.py
[2024-01-01T16:30:50.095+0100] {logging_mixin.py:188} INFO - [2024-01-01T16:30:50.094+0100] {dag.py:3033} INFO - Sync 1 DAGs
[2024-01-01T16:30:50.115+0100] {logging_mixin.py:188} INFO - [2024-01-01T16:30:50.114+0100] {dag.py:3820} INFO - Setting next_dagrun for latest_only_with_trigger to 2024-01-01T08:00:00+00:00, run_after=2024-01-01T12:00:00+00:00
[2024-01-01T16:30:50.141+0100] {processor.py:183} INFO - Processing /home/ubuntu/.local/lib/python3.10/site-packages/airflow/example_dags/example_latest_only_with_trigger.py took 0.076 seconds
[2024-01-01T16:31:42.333+0100] {processor.py:161} INFO - Started process (PID=7112) to work on /home/ubuntu/.local/lib/python3.10/site-packages/airflow/example_dags/example_latest_only_with_trigger.py
[2024-01-01T16:31:42.336+0100] {processor.py:830} INFO - Processing file /home/ubuntu/.local/lib/python3.10/site-packages/airflow/example_dags/example_latest_only_with_trigger.py for tasks to queue
[2024-01-01T16:31:42.338+0100] {logging_mixin.py:188} INFO - [2024-01-01T16:31:42.337+0100] {dagbag.py:538} INFO - Filling up the DagBag from /home/ubuntu/.local/lib/python3.10/site-packages/airflow/example_dags/example_latest_only_with_trigger.py
[2024-01-01T16:31:42.348+0100] {processor.py:840} INFO - DAG(s) 'latest_only_with_trigger' retrieved from /home/ubuntu/.local/lib/python3.10/site-packages/airflow/example_dags/example_latest_only_with_trigger.py
[2024-01-01T16:31:42.363+0100] {logging_mixin.py:188} INFO - [2024-01-01T16:31:42.363+0100] {dag.py:3033} INFO - Sync 1 DAGs
[2024-01-01T16:31:42.377+0100] {logging_mixin.py:188} INFO - [2024-01-01T16:31:42.377+0100] {dag.py:3820} INFO - Setting next_dagrun for latest_only_with_trigger to 2024-01-01T08:00:00+00:00, run_after=2024-01-01T12:00:00+00:00
[2024-01-01T16:31:42.409+0100] {processor.py:183} INFO - Processing /home/ubuntu/.local/lib/python3.10/site-packages/airflow/example_dags/example_latest_only_with_trigger.py took 0.084 seconds
[2024-01-01T16:32:38.102+0100] {processor.py:161} INFO - Started process (PID=7248) to work on /home/ubuntu/.local/lib/python3.10/site-packages/airflow/example_dags/example_latest_only_with_trigger.py
[2024-01-01T16:32:38.112+0100] {processor.py:830} INFO - Processing file /home/ubuntu/.local/lib/python3.10/site-packages/airflow/example_dags/example_latest_only_with_trigger.py for tasks to queue
[2024-01-01T16:32:38.113+0100] {logging_mixin.py:188} INFO - [2024-01-01T16:32:38.113+0100] {dagbag.py:538} INFO - Filling up the DagBag from /home/ubuntu/.local/lib/python3.10/site-packages/airflow/example_dags/example_latest_only_with_trigger.py
[2024-01-01T16:32:38.119+0100] {processor.py:840} INFO - DAG(s) 'latest_only_with_trigger' retrieved from /home/ubuntu/.local/lib/python3.10/site-packages/airflow/example_dags/example_latest_only_with_trigger.py
[2024-01-01T16:32:38.135+0100] {logging_mixin.py:188} INFO - [2024-01-01T16:32:38.135+0100] {dag.py:3033} INFO - Sync 1 DAGs
[2024-01-01T16:32:38.152+0100] {logging_mixin.py:188} INFO - [2024-01-01T16:32:38.152+0100] {dag.py:3820} INFO - Setting next_dagrun for latest_only_with_trigger to 2024-01-01T08:00:00+00:00, run_after=2024-01-01T12:00:00+00:00
[2024-01-01T16:32:38.186+0100] {processor.py:183} INFO - Processing /home/ubuntu/.local/lib/python3.10/site-packages/airflow/example_dags/example_latest_only_with_trigger.py took 0.086 seconds
[2024-01-01T16:33:30.102+0100] {processor.py:161} INFO - Started process (PID=7446) to work on /home/ubuntu/.local/lib/python3.10/site-packages/airflow/example_dags/example_latest_only_with_trigger.py
[2024-01-01T16:33:30.114+0100] {processor.py:830} INFO - Processing file /home/ubuntu/.local/lib/python3.10/site-packages/airflow/example_dags/example_latest_only_with_trigger.py for tasks to queue
[2024-01-01T16:33:30.115+0100] {logging_mixin.py:188} INFO - [2024-01-01T16:33:30.115+0100] {dagbag.py:538} INFO - Filling up the DagBag from /home/ubuntu/.local/lib/python3.10/site-packages/airflow/example_dags/example_latest_only_with_trigger.py
[2024-01-01T16:33:30.127+0100] {processor.py:840} INFO - DAG(s) 'latest_only_with_trigger' retrieved from /home/ubuntu/.local/lib/python3.10/site-packages/airflow/example_dags/example_latest_only_with_trigger.py
[2024-01-01T16:33:30.147+0100] {logging_mixin.py:188} INFO - [2024-01-01T16:33:30.147+0100] {dag.py:3033} INFO - Sync 1 DAGs
[2024-01-01T16:33:30.163+0100] {logging_mixin.py:188} INFO - [2024-01-01T16:33:30.163+0100] {dag.py:3820} INFO - Setting next_dagrun for latest_only_with_trigger to 2024-01-01T08:00:00+00:00, run_after=2024-01-01T12:00:00+00:00
[2024-01-01T16:33:30.184+0100] {processor.py:183} INFO - Processing /home/ubuntu/.local/lib/python3.10/site-packages/airflow/example_dags/example_latest_only_with_trigger.py took 0.087 seconds
[2024-01-01T16:34:31.148+0100] {processor.py:161} INFO - Started process (PID=7645) to work on /home/ubuntu/.local/lib/python3.10/site-packages/airflow/example_dags/example_latest_only_with_trigger.py
[2024-01-01T16:34:31.149+0100] {processor.py:830} INFO - Processing file /home/ubuntu/.local/lib/python3.10/site-packages/airflow/example_dags/example_latest_only_with_trigger.py for tasks to queue
[2024-01-01T16:34:31.149+0100] {logging_mixin.py:188} INFO - [2024-01-01T16:34:31.149+0100] {dagbag.py:538} INFO - Filling up the DagBag from /home/ubuntu/.local/lib/python3.10/site-packages/airflow/example_dags/example_latest_only_with_trigger.py
[2024-01-01T16:34:31.157+0100] {processor.py:840} INFO - DAG(s) 'latest_only_with_trigger' retrieved from /home/ubuntu/.local/lib/python3.10/site-packages/airflow/example_dags/example_latest_only_with_trigger.py
[2024-01-01T16:34:31.173+0100] {logging_mixin.py:188} INFO - [2024-01-01T16:34:31.173+0100] {dag.py:3033} INFO - Sync 1 DAGs
[2024-01-01T16:34:31.196+0100] {logging_mixin.py:188} INFO - [2024-01-01T16:34:31.195+0100] {dag.py:3820} INFO - Setting next_dagrun for latest_only_with_trigger to 2024-01-01T08:00:00+00:00, run_after=2024-01-01T12:00:00+00:00
[2024-01-01T16:34:31.215+0100] {processor.py:183} INFO - Processing /home/ubuntu/.local/lib/python3.10/site-packages/airflow/example_dags/example_latest_only_with_trigger.py took 0.071 seconds
