[2024-01-01T15:43:01.101+0100] {processor.py:161} INFO - Started process (PID=8008) to work on /home/ubuntu/.local/lib/python3.10/site-packages/airflow/example_dags/example_dynamic_task_mapping_with_no_taskflow_operators.py
[2024-01-01T15:43:01.103+0100] {processor.py:830} INFO - Processing file /home/ubuntu/.local/lib/python3.10/site-packages/airflow/example_dags/example_dynamic_task_mapping_with_no_taskflow_operators.py for tasks to queue
[2024-01-01T15:43:01.106+0100] {logging_mixin.py:188} INFO - [2024-01-01T15:43:01.104+0100] {dagbag.py:538} INFO - Filling up the DagBag from /home/ubuntu/.local/lib/python3.10/site-packages/airflow/example_dags/example_dynamic_task_mapping_with_no_taskflow_operators.py
[2024-01-01T15:43:01.122+0100] {processor.py:840} INFO - DAG(s) 'example_dynamic_task_mapping_with_no_taskflow_operators' retrieved from /home/ubuntu/.local/lib/python3.10/site-packages/airflow/example_dags/example_dynamic_task_mapping_with_no_taskflow_operators.py
[2024-01-01T15:43:01.185+0100] {logging_mixin.py:188} INFO - [2024-01-01T15:43:01.185+0100] {dag.py:3033} INFO - Sync 1 DAGs
[2024-01-01T15:43:01.197+0100] {logging_mixin.py:188} INFO - [2024-01-01T15:43:01.197+0100] {dag.py:3820} INFO - Setting next_dagrun for example_dynamic_task_mapping_with_no_taskflow_operators to 2023-12-31T00:00:00+00:00, run_after=2024-01-01T00:00:00+00:00
[2024-01-01T15:43:01.211+0100] {processor.py:183} INFO - Processing /home/ubuntu/.local/lib/python3.10/site-packages/airflow/example_dags/example_dynamic_task_mapping_with_no_taskflow_operators.py took 0.118 seconds
[2024-01-01T15:43:56.695+0100] {processor.py:161} INFO - Started process (PID=8101) to work on /home/ubuntu/.local/lib/python3.10/site-packages/airflow/example_dags/example_dynamic_task_mapping_with_no_taskflow_operators.py
[2024-01-01T15:43:56.699+0100] {processor.py:830} INFO - Processing file /home/ubuntu/.local/lib/python3.10/site-packages/airflow/example_dags/example_dynamic_task_mapping_with_no_taskflow_operators.py for tasks to queue
[2024-01-01T15:43:56.700+0100] {logging_mixin.py:188} INFO - [2024-01-01T15:43:56.699+0100] {dagbag.py:538} INFO - Filling up the DagBag from /home/ubuntu/.local/lib/python3.10/site-packages/airflow/example_dags/example_dynamic_task_mapping_with_no_taskflow_operators.py
[2024-01-01T15:43:56.712+0100] {processor.py:840} INFO - DAG(s) 'example_dynamic_task_mapping_with_no_taskflow_operators' retrieved from /home/ubuntu/.local/lib/python3.10/site-packages/airflow/example_dags/example_dynamic_task_mapping_with_no_taskflow_operators.py
[2024-01-01T15:43:56.726+0100] {logging_mixin.py:188} INFO - [2024-01-01T15:43:56.726+0100] {dag.py:3033} INFO - Sync 1 DAGs
[2024-01-01T15:43:56.742+0100] {logging_mixin.py:188} INFO - [2024-01-01T15:43:56.742+0100] {dag.py:3820} INFO - Setting next_dagrun for example_dynamic_task_mapping_with_no_taskflow_operators to 2023-12-31T00:00:00+00:00, run_after=2024-01-01T00:00:00+00:00
[2024-01-01T15:43:56.763+0100] {processor.py:183} INFO - Processing /home/ubuntu/.local/lib/python3.10/site-packages/airflow/example_dags/example_dynamic_task_mapping_with_no_taskflow_operators.py took 0.076 seconds
[2024-01-01T15:44:52.246+0100] {processor.py:161} INFO - Started process (PID=8334) to work on /home/ubuntu/.local/lib/python3.10/site-packages/airflow/example_dags/example_dynamic_task_mapping_with_no_taskflow_operators.py
[2024-01-01T15:44:52.248+0100] {processor.py:830} INFO - Processing file /home/ubuntu/.local/lib/python3.10/site-packages/airflow/example_dags/example_dynamic_task_mapping_with_no_taskflow_operators.py for tasks to queue
[2024-01-01T15:44:52.249+0100] {logging_mixin.py:188} INFO - [2024-01-01T15:44:52.248+0100] {dagbag.py:538} INFO - Filling up the DagBag from /home/ubuntu/.local/lib/python3.10/site-packages/airflow/example_dags/example_dynamic_task_mapping_with_no_taskflow_operators.py
[2024-01-01T15:44:52.260+0100] {processor.py:840} INFO - DAG(s) 'example_dynamic_task_mapping_with_no_taskflow_operators' retrieved from /home/ubuntu/.local/lib/python3.10/site-packages/airflow/example_dags/example_dynamic_task_mapping_with_no_taskflow_operators.py
[2024-01-01T15:44:52.291+0100] {logging_mixin.py:188} INFO - [2024-01-01T15:44:52.291+0100] {dag.py:3033} INFO - Sync 1 DAGs
[2024-01-01T15:44:52.303+0100] {logging_mixin.py:188} INFO - [2024-01-01T15:44:52.303+0100] {dag.py:3820} INFO - Setting next_dagrun for example_dynamic_task_mapping_with_no_taskflow_operators to 2023-12-31T00:00:00+00:00, run_after=2024-01-01T00:00:00+00:00
[2024-01-01T15:44:52.318+0100] {processor.py:183} INFO - Processing /home/ubuntu/.local/lib/python3.10/site-packages/airflow/example_dags/example_dynamic_task_mapping_with_no_taskflow_operators.py took 0.076 seconds
[2024-01-01T15:46:31.523+0100] {processor.py:161} INFO - Started process (PID=8735) to work on /home/ubuntu/.local/lib/python3.10/site-packages/airflow/example_dags/example_dynamic_task_mapping_with_no_taskflow_operators.py
[2024-01-01T15:46:31.525+0100] {processor.py:830} INFO - Processing file /home/ubuntu/.local/lib/python3.10/site-packages/airflow/example_dags/example_dynamic_task_mapping_with_no_taskflow_operators.py for tasks to queue
[2024-01-01T15:46:31.542+0100] {logging_mixin.py:188} INFO - [2024-01-01T15:46:31.526+0100] {dagbag.py:538} INFO - Filling up the DagBag from /home/ubuntu/.local/lib/python3.10/site-packages/airflow/example_dags/example_dynamic_task_mapping_with_no_taskflow_operators.py
[2024-01-01T15:46:31.568+0100] {processor.py:840} INFO - DAG(s) 'example_dynamic_task_mapping_with_no_taskflow_operators' retrieved from /home/ubuntu/.local/lib/python3.10/site-packages/airflow/example_dags/example_dynamic_task_mapping_with_no_taskflow_operators.py
[2024-01-01T15:46:31.702+0100] {logging_mixin.py:188} INFO - [2024-01-01T15:46:31.692+0100] {dag.py:3033} INFO - Sync 1 DAGs
[2024-01-01T15:46:31.769+0100] {logging_mixin.py:188} INFO - [2024-01-01T15:46:31.768+0100] {dag.py:3820} INFO - Setting next_dagrun for example_dynamic_task_mapping_with_no_taskflow_operators to 2023-12-31T00:00:00+00:00, run_after=2024-01-01T00:00:00+00:00
[2024-01-01T15:46:31.843+0100] {processor.py:183} INFO - Processing /home/ubuntu/.local/lib/python3.10/site-packages/airflow/example_dags/example_dynamic_task_mapping_with_no_taskflow_operators.py took 0.324 seconds
[2024-01-01T16:09:37.036+0100] {processor.py:161} INFO - Started process (PID=4176) to work on /home/ubuntu/.local/lib/python3.10/site-packages/airflow/example_dags/example_dynamic_task_mapping_with_no_taskflow_operators.py
[2024-01-01T16:09:37.046+0100] {processor.py:830} INFO - Processing file /home/ubuntu/.local/lib/python3.10/site-packages/airflow/example_dags/example_dynamic_task_mapping_with_no_taskflow_operators.py for tasks to queue
[2024-01-01T16:09:37.047+0100] {logging_mixin.py:188} INFO - [2024-01-01T16:09:37.047+0100] {dagbag.py:538} INFO - Filling up the DagBag from /home/ubuntu/.local/lib/python3.10/site-packages/airflow/example_dags/example_dynamic_task_mapping_with_no_taskflow_operators.py
[2024-01-01T16:09:37.054+0100] {processor.py:840} INFO - DAG(s) 'example_dynamic_task_mapping_with_no_taskflow_operators' retrieved from /home/ubuntu/.local/lib/python3.10/site-packages/airflow/example_dags/example_dynamic_task_mapping_with_no_taskflow_operators.py
[2024-01-01T16:09:37.112+0100] {logging_mixin.py:188} INFO - [2024-01-01T16:09:37.112+0100] {dag.py:3033} INFO - Sync 1 DAGs
[2024-01-01T16:09:37.130+0100] {logging_mixin.py:188} INFO - [2024-01-01T16:09:37.130+0100] {dag.py:3820} INFO - Setting next_dagrun for example_dynamic_task_mapping_with_no_taskflow_operators to 2023-12-31T00:00:00+00:00, run_after=2024-01-01T00:00:00+00:00
[2024-01-01T16:09:37.153+0100] {processor.py:183} INFO - Processing /home/ubuntu/.local/lib/python3.10/site-packages/airflow/example_dags/example_dynamic_task_mapping_with_no_taskflow_operators.py took 0.119 seconds
[2024-01-01T16:10:29.393+0100] {processor.py:161} INFO - Started process (PID=4446) to work on /home/ubuntu/.local/lib/python3.10/site-packages/airflow/example_dags/example_dynamic_task_mapping_with_no_taskflow_operators.py
[2024-01-01T16:10:29.397+0100] {processor.py:830} INFO - Processing file /home/ubuntu/.local/lib/python3.10/site-packages/airflow/example_dags/example_dynamic_task_mapping_with_no_taskflow_operators.py for tasks to queue
[2024-01-01T16:10:29.398+0100] {logging_mixin.py:188} INFO - [2024-01-01T16:10:29.397+0100] {dagbag.py:538} INFO - Filling up the DagBag from /home/ubuntu/.local/lib/python3.10/site-packages/airflow/example_dags/example_dynamic_task_mapping_with_no_taskflow_operators.py
[2024-01-01T16:10:29.407+0100] {processor.py:840} INFO - DAG(s) 'example_dynamic_task_mapping_with_no_taskflow_operators' retrieved from /home/ubuntu/.local/lib/python3.10/site-packages/airflow/example_dags/example_dynamic_task_mapping_with_no_taskflow_operators.py
[2024-01-01T16:10:29.423+0100] {logging_mixin.py:188} INFO - [2024-01-01T16:10:29.423+0100] {dag.py:3033} INFO - Sync 1 DAGs
[2024-01-01T16:10:29.440+0100] {logging_mixin.py:188} INFO - [2024-01-01T16:10:29.440+0100] {dag.py:3820} INFO - Setting next_dagrun for example_dynamic_task_mapping_with_no_taskflow_operators to 2023-12-31T00:00:00+00:00, run_after=2024-01-01T00:00:00+00:00
[2024-01-01T16:10:29.454+0100] {processor.py:183} INFO - Processing /home/ubuntu/.local/lib/python3.10/site-packages/airflow/example_dags/example_dynamic_task_mapping_with_no_taskflow_operators.py took 0.064 seconds
[2024-01-01T16:11:26.198+0100] {processor.py:161} INFO - Started process (PID=4527) to work on /home/ubuntu/.local/lib/python3.10/site-packages/airflow/example_dags/example_dynamic_task_mapping_with_no_taskflow_operators.py
[2024-01-01T16:11:26.208+0100] {processor.py:830} INFO - Processing file /home/ubuntu/.local/lib/python3.10/site-packages/airflow/example_dags/example_dynamic_task_mapping_with_no_taskflow_operators.py for tasks to queue
[2024-01-01T16:11:26.208+0100] {logging_mixin.py:188} INFO - [2024-01-01T16:11:26.208+0100] {dagbag.py:538} INFO - Filling up the DagBag from /home/ubuntu/.local/lib/python3.10/site-packages/airflow/example_dags/example_dynamic_task_mapping_with_no_taskflow_operators.py
[2024-01-01T16:11:26.214+0100] {processor.py:840} INFO - DAG(s) 'example_dynamic_task_mapping_with_no_taskflow_operators' retrieved from /home/ubuntu/.local/lib/python3.10/site-packages/airflow/example_dags/example_dynamic_task_mapping_with_no_taskflow_operators.py
[2024-01-01T16:11:26.225+0100] {logging_mixin.py:188} INFO - [2024-01-01T16:11:26.225+0100] {dag.py:3033} INFO - Sync 1 DAGs
[2024-01-01T16:11:26.239+0100] {logging_mixin.py:188} INFO - [2024-01-01T16:11:26.239+0100] {dag.py:3820} INFO - Setting next_dagrun for example_dynamic_task_mapping_with_no_taskflow_operators to 2023-12-31T00:00:00+00:00, run_after=2024-01-01T00:00:00+00:00
[2024-01-01T16:11:26.261+0100] {processor.py:183} INFO - Processing /home/ubuntu/.local/lib/python3.10/site-packages/airflow/example_dags/example_dynamic_task_mapping_with_no_taskflow_operators.py took 0.065 seconds
[2024-01-01T16:12:17.949+0100] {processor.py:161} INFO - Started process (PID=4715) to work on /home/ubuntu/.local/lib/python3.10/site-packages/airflow/example_dags/example_dynamic_task_mapping_with_no_taskflow_operators.py
[2024-01-01T16:12:17.960+0100] {processor.py:830} INFO - Processing file /home/ubuntu/.local/lib/python3.10/site-packages/airflow/example_dags/example_dynamic_task_mapping_with_no_taskflow_operators.py for tasks to queue
[2024-01-01T16:12:17.963+0100] {logging_mixin.py:188} INFO - [2024-01-01T16:12:17.962+0100] {dagbag.py:538} INFO - Filling up the DagBag from /home/ubuntu/.local/lib/python3.10/site-packages/airflow/example_dags/example_dynamic_task_mapping_with_no_taskflow_operators.py
[2024-01-01T16:12:17.980+0100] {processor.py:840} INFO - DAG(s) 'example_dynamic_task_mapping_with_no_taskflow_operators' retrieved from /home/ubuntu/.local/lib/python3.10/site-packages/airflow/example_dags/example_dynamic_task_mapping_with_no_taskflow_operators.py
[2024-01-01T16:12:18.002+0100] {logging_mixin.py:188} INFO - [2024-01-01T16:12:18.002+0100] {dag.py:3033} INFO - Sync 1 DAGs
[2024-01-01T16:12:18.022+0100] {logging_mixin.py:188} INFO - [2024-01-01T16:12:18.021+0100] {dag.py:3820} INFO - Setting next_dagrun for example_dynamic_task_mapping_with_no_taskflow_operators to 2023-12-31T00:00:00+00:00, run_after=2024-01-01T00:00:00+00:00
[2024-01-01T16:12:18.040+0100] {processor.py:183} INFO - Processing /home/ubuntu/.local/lib/python3.10/site-packages/airflow/example_dags/example_dynamic_task_mapping_with_no_taskflow_operators.py took 0.099 seconds
[2024-01-01T16:13:14.085+0100] {processor.py:161} INFO - Started process (PID=4809) to work on /home/ubuntu/.local/lib/python3.10/site-packages/airflow/example_dags/example_dynamic_task_mapping_with_no_taskflow_operators.py
[2024-01-01T16:13:14.095+0100] {processor.py:830} INFO - Processing file /home/ubuntu/.local/lib/python3.10/site-packages/airflow/example_dags/example_dynamic_task_mapping_with_no_taskflow_operators.py for tasks to queue
[2024-01-01T16:13:14.096+0100] {logging_mixin.py:188} INFO - [2024-01-01T16:13:14.096+0100] {dagbag.py:538} INFO - Filling up the DagBag from /home/ubuntu/.local/lib/python3.10/site-packages/airflow/example_dags/example_dynamic_task_mapping_with_no_taskflow_operators.py
[2024-01-01T16:13:14.107+0100] {processor.py:840} INFO - DAG(s) 'example_dynamic_task_mapping_with_no_taskflow_operators' retrieved from /home/ubuntu/.local/lib/python3.10/site-packages/airflow/example_dags/example_dynamic_task_mapping_with_no_taskflow_operators.py
[2024-01-01T16:13:14.122+0100] {logging_mixin.py:188} INFO - [2024-01-01T16:13:14.122+0100] {dag.py:3033} INFO - Sync 1 DAGs
[2024-01-01T16:13:14.136+0100] {logging_mixin.py:188} INFO - [2024-01-01T16:13:14.136+0100] {dag.py:3820} INFO - Setting next_dagrun for example_dynamic_task_mapping_with_no_taskflow_operators to 2023-12-31T00:00:00+00:00, run_after=2024-01-01T00:00:00+00:00
[2024-01-01T16:13:14.153+0100] {processor.py:183} INFO - Processing /home/ubuntu/.local/lib/python3.10/site-packages/airflow/example_dags/example_dynamic_task_mapping_with_no_taskflow_operators.py took 0.076 seconds
[2024-01-01T16:14:10.571+0100] {processor.py:161} INFO - Started process (PID=4888) to work on /home/ubuntu/.local/lib/python3.10/site-packages/airflow/example_dags/example_dynamic_task_mapping_with_no_taskflow_operators.py
[2024-01-01T16:14:10.582+0100] {processor.py:830} INFO - Processing file /home/ubuntu/.local/lib/python3.10/site-packages/airflow/example_dags/example_dynamic_task_mapping_with_no_taskflow_operators.py for tasks to queue
[2024-01-01T16:14:10.582+0100] {logging_mixin.py:188} INFO - [2024-01-01T16:14:10.582+0100] {dagbag.py:538} INFO - Filling up the DagBag from /home/ubuntu/.local/lib/python3.10/site-packages/airflow/example_dags/example_dynamic_task_mapping_with_no_taskflow_operators.py
[2024-01-01T16:14:10.587+0100] {processor.py:840} INFO - DAG(s) 'example_dynamic_task_mapping_with_no_taskflow_operators' retrieved from /home/ubuntu/.local/lib/python3.10/site-packages/airflow/example_dags/example_dynamic_task_mapping_with_no_taskflow_operators.py
[2024-01-01T16:14:10.595+0100] {logging_mixin.py:188} INFO - [2024-01-01T16:14:10.595+0100] {dag.py:3033} INFO - Sync 1 DAGs
[2024-01-01T16:14:10.607+0100] {logging_mixin.py:188} INFO - [2024-01-01T16:14:10.607+0100] {dag.py:3820} INFO - Setting next_dagrun for example_dynamic_task_mapping_with_no_taskflow_operators to 2023-12-31T00:00:00+00:00, run_after=2024-01-01T00:00:00+00:00
[2024-01-01T16:14:10.623+0100] {processor.py:183} INFO - Processing /home/ubuntu/.local/lib/python3.10/site-packages/airflow/example_dags/example_dynamic_task_mapping_with_no_taskflow_operators.py took 0.055 seconds
[2024-01-01T16:15:03.907+0100] {processor.py:161} INFO - Started process (PID=5008) to work on /home/ubuntu/.local/lib/python3.10/site-packages/airflow/example_dags/example_dynamic_task_mapping_with_no_taskflow_operators.py
[2024-01-01T16:15:03.910+0100] {processor.py:830} INFO - Processing file /home/ubuntu/.local/lib/python3.10/site-packages/airflow/example_dags/example_dynamic_task_mapping_with_no_taskflow_operators.py for tasks to queue
[2024-01-01T16:15:03.913+0100] {logging_mixin.py:188} INFO - [2024-01-01T16:15:03.912+0100] {dagbag.py:538} INFO - Filling up the DagBag from /home/ubuntu/.local/lib/python3.10/site-packages/airflow/example_dags/example_dynamic_task_mapping_with_no_taskflow_operators.py
[2024-01-01T16:15:03.929+0100] {processor.py:840} INFO - DAG(s) 'example_dynamic_task_mapping_with_no_taskflow_operators' retrieved from /home/ubuntu/.local/lib/python3.10/site-packages/airflow/example_dags/example_dynamic_task_mapping_with_no_taskflow_operators.py
[2024-01-01T16:15:03.944+0100] {logging_mixin.py:188} INFO - [2024-01-01T16:15:03.944+0100] {dag.py:3033} INFO - Sync 1 DAGs
[2024-01-01T16:15:03.958+0100] {logging_mixin.py:188} INFO - [2024-01-01T16:15:03.958+0100] {dag.py:3820} INFO - Setting next_dagrun for example_dynamic_task_mapping_with_no_taskflow_operators to 2023-12-31T00:00:00+00:00, run_after=2024-01-01T00:00:00+00:00
[2024-01-01T16:15:03.972+0100] {processor.py:183} INFO - Processing /home/ubuntu/.local/lib/python3.10/site-packages/airflow/example_dags/example_dynamic_task_mapping_with_no_taskflow_operators.py took 0.073 seconds
[2024-01-01T16:15:53.576+0100] {processor.py:161} INFO - Started process (PID=5143) to work on /home/ubuntu/.local/lib/python3.10/site-packages/airflow/example_dags/example_dynamic_task_mapping_with_no_taskflow_operators.py
[2024-01-01T16:15:53.586+0100] {processor.py:830} INFO - Processing file /home/ubuntu/.local/lib/python3.10/site-packages/airflow/example_dags/example_dynamic_task_mapping_with_no_taskflow_operators.py for tasks to queue
[2024-01-01T16:15:53.587+0100] {logging_mixin.py:188} INFO - [2024-01-01T16:15:53.587+0100] {dagbag.py:538} INFO - Filling up the DagBag from /home/ubuntu/.local/lib/python3.10/site-packages/airflow/example_dags/example_dynamic_task_mapping_with_no_taskflow_operators.py
[2024-01-01T16:15:53.601+0100] {processor.py:840} INFO - DAG(s) 'example_dynamic_task_mapping_with_no_taskflow_operators' retrieved from /home/ubuntu/.local/lib/python3.10/site-packages/airflow/example_dags/example_dynamic_task_mapping_with_no_taskflow_operators.py
[2024-01-01T16:15:53.611+0100] {logging_mixin.py:188} INFO - [2024-01-01T16:15:53.611+0100] {dag.py:3033} INFO - Sync 1 DAGs
[2024-01-01T16:15:53.623+0100] {logging_mixin.py:188} INFO - [2024-01-01T16:15:53.623+0100] {dag.py:3820} INFO - Setting next_dagrun for example_dynamic_task_mapping_with_no_taskflow_operators to 2023-12-31T00:00:00+00:00, run_after=2024-01-01T00:00:00+00:00
[2024-01-01T16:15:53.638+0100] {processor.py:183} INFO - Processing /home/ubuntu/.local/lib/python3.10/site-packages/airflow/example_dags/example_dynamic_task_mapping_with_no_taskflow_operators.py took 0.065 seconds
[2024-01-01T16:16:51.833+0100] {processor.py:161} INFO - Started process (PID=5228) to work on /home/ubuntu/.local/lib/python3.10/site-packages/airflow/example_dags/example_dynamic_task_mapping_with_no_taskflow_operators.py
[2024-01-01T16:16:51.843+0100] {processor.py:830} INFO - Processing file /home/ubuntu/.local/lib/python3.10/site-packages/airflow/example_dags/example_dynamic_task_mapping_with_no_taskflow_operators.py for tasks to queue
[2024-01-01T16:16:51.844+0100] {logging_mixin.py:188} INFO - [2024-01-01T16:16:51.844+0100] {dagbag.py:538} INFO - Filling up the DagBag from /home/ubuntu/.local/lib/python3.10/site-packages/airflow/example_dags/example_dynamic_task_mapping_with_no_taskflow_operators.py
[2024-01-01T16:16:51.848+0100] {processor.py:840} INFO - DAG(s) 'example_dynamic_task_mapping_with_no_taskflow_operators' retrieved from /home/ubuntu/.local/lib/python3.10/site-packages/airflow/example_dags/example_dynamic_task_mapping_with_no_taskflow_operators.py
[2024-01-01T16:16:51.857+0100] {logging_mixin.py:188} INFO - [2024-01-01T16:16:51.857+0100] {dag.py:3033} INFO - Sync 1 DAGs
[2024-01-01T16:16:51.868+0100] {logging_mixin.py:188} INFO - [2024-01-01T16:16:51.868+0100] {dag.py:3820} INFO - Setting next_dagrun for example_dynamic_task_mapping_with_no_taskflow_operators to 2023-12-31T00:00:00+00:00, run_after=2024-01-01T00:00:00+00:00
[2024-01-01T16:16:51.884+0100] {processor.py:183} INFO - Processing /home/ubuntu/.local/lib/python3.10/site-packages/airflow/example_dags/example_dynamic_task_mapping_with_no_taskflow_operators.py took 0.053 seconds
[2024-01-01T16:17:45.347+0100] {processor.py:161} INFO - Started process (PID=5302) to work on /home/ubuntu/.local/lib/python3.10/site-packages/airflow/example_dags/example_dynamic_task_mapping_with_no_taskflow_operators.py
[2024-01-01T16:17:45.357+0100] {processor.py:830} INFO - Processing file /home/ubuntu/.local/lib/python3.10/site-packages/airflow/example_dags/example_dynamic_task_mapping_with_no_taskflow_operators.py for tasks to queue
[2024-01-01T16:17:45.358+0100] {logging_mixin.py:188} INFO - [2024-01-01T16:17:45.358+0100] {dagbag.py:538} INFO - Filling up the DagBag from /home/ubuntu/.local/lib/python3.10/site-packages/airflow/example_dags/example_dynamic_task_mapping_with_no_taskflow_operators.py
[2024-01-01T16:17:45.362+0100] {processor.py:840} INFO - DAG(s) 'example_dynamic_task_mapping_with_no_taskflow_operators' retrieved from /home/ubuntu/.local/lib/python3.10/site-packages/airflow/example_dags/example_dynamic_task_mapping_with_no_taskflow_operators.py
[2024-01-01T16:17:45.370+0100] {logging_mixin.py:188} INFO - [2024-01-01T16:17:45.370+0100] {dag.py:3033} INFO - Sync 1 DAGs
[2024-01-01T16:17:45.386+0100] {logging_mixin.py:188} INFO - [2024-01-01T16:17:45.386+0100] {dag.py:3820} INFO - Setting next_dagrun for example_dynamic_task_mapping_with_no_taskflow_operators to 2023-12-31T00:00:00+00:00, run_after=2024-01-01T00:00:00+00:00
[2024-01-01T16:17:45.402+0100] {processor.py:183} INFO - Processing /home/ubuntu/.local/lib/python3.10/site-packages/airflow/example_dags/example_dynamic_task_mapping_with_no_taskflow_operators.py took 0.056 seconds
[2024-01-01T16:18:38.460+0100] {processor.py:161} INFO - Started process (PID=5367) to work on /home/ubuntu/.local/lib/python3.10/site-packages/airflow/example_dags/example_dynamic_task_mapping_with_no_taskflow_operators.py
[2024-01-01T16:18:38.470+0100] {processor.py:830} INFO - Processing file /home/ubuntu/.local/lib/python3.10/site-packages/airflow/example_dags/example_dynamic_task_mapping_with_no_taskflow_operators.py for tasks to queue
[2024-01-01T16:18:38.471+0100] {logging_mixin.py:188} INFO - [2024-01-01T16:18:38.471+0100] {dagbag.py:538} INFO - Filling up the DagBag from /home/ubuntu/.local/lib/python3.10/site-packages/airflow/example_dags/example_dynamic_task_mapping_with_no_taskflow_operators.py
[2024-01-01T16:18:38.475+0100] {processor.py:840} INFO - DAG(s) 'example_dynamic_task_mapping_with_no_taskflow_operators' retrieved from /home/ubuntu/.local/lib/python3.10/site-packages/airflow/example_dags/example_dynamic_task_mapping_with_no_taskflow_operators.py
[2024-01-01T16:18:38.484+0100] {logging_mixin.py:188} INFO - [2024-01-01T16:18:38.484+0100] {dag.py:3033} INFO - Sync 1 DAGs
[2024-01-01T16:18:38.495+0100] {logging_mixin.py:188} INFO - [2024-01-01T16:18:38.495+0100] {dag.py:3820} INFO - Setting next_dagrun for example_dynamic_task_mapping_with_no_taskflow_operators to 2023-12-31T00:00:00+00:00, run_after=2024-01-01T00:00:00+00:00
[2024-01-01T16:18:38.509+0100] {processor.py:183} INFO - Processing /home/ubuntu/.local/lib/python3.10/site-packages/airflow/example_dags/example_dynamic_task_mapping_with_no_taskflow_operators.py took 0.050 seconds
[2024-01-01T16:20:23.913+0100] {processor.py:161} INFO - Started process (PID=5660) to work on /home/ubuntu/.local/lib/python3.10/site-packages/airflow/example_dags/example_dynamic_task_mapping_with_no_taskflow_operators.py
[2024-01-01T16:20:23.915+0100] {processor.py:830} INFO - Processing file /home/ubuntu/.local/lib/python3.10/site-packages/airflow/example_dags/example_dynamic_task_mapping_with_no_taskflow_operators.py for tasks to queue
[2024-01-01T16:20:23.915+0100] {logging_mixin.py:188} INFO - [2024-01-01T16:20:23.915+0100] {dagbag.py:538} INFO - Filling up the DagBag from /home/ubuntu/.local/lib/python3.10/site-packages/airflow/example_dags/example_dynamic_task_mapping_with_no_taskflow_operators.py
[2024-01-01T16:20:23.923+0100] {processor.py:840} INFO - DAG(s) 'example_dynamic_task_mapping_with_no_taskflow_operators' retrieved from /home/ubuntu/.local/lib/python3.10/site-packages/airflow/example_dags/example_dynamic_task_mapping_with_no_taskflow_operators.py
[2024-01-01T16:20:23.986+0100] {logging_mixin.py:188} INFO - [2024-01-01T16:20:23.986+0100] {dag.py:3033} INFO - Sync 1 DAGs
[2024-01-01T16:20:23.999+0100] {logging_mixin.py:188} INFO - [2024-01-01T16:20:23.999+0100] {dag.py:3820} INFO - Setting next_dagrun for example_dynamic_task_mapping_with_no_taskflow_operators to 2023-12-31T00:00:00+00:00, run_after=2024-01-01T00:00:00+00:00
[2024-01-01T16:20:24.014+0100] {processor.py:183} INFO - Processing /home/ubuntu/.local/lib/python3.10/site-packages/airflow/example_dags/example_dynamic_task_mapping_with_no_taskflow_operators.py took 0.102 seconds
[2024-01-01T16:21:16.273+0100] {processor.py:161} INFO - Started process (PID=5833) to work on /home/ubuntu/.local/lib/python3.10/site-packages/airflow/example_dags/example_dynamic_task_mapping_with_no_taskflow_operators.py
[2024-01-01T16:21:16.283+0100] {processor.py:830} INFO - Processing file /home/ubuntu/.local/lib/python3.10/site-packages/airflow/example_dags/example_dynamic_task_mapping_with_no_taskflow_operators.py for tasks to queue
[2024-01-01T16:21:16.284+0100] {logging_mixin.py:188} INFO - [2024-01-01T16:21:16.284+0100] {dagbag.py:538} INFO - Filling up the DagBag from /home/ubuntu/.local/lib/python3.10/site-packages/airflow/example_dags/example_dynamic_task_mapping_with_no_taskflow_operators.py
[2024-01-01T16:21:16.289+0100] {processor.py:840} INFO - DAG(s) 'example_dynamic_task_mapping_with_no_taskflow_operators' retrieved from /home/ubuntu/.local/lib/python3.10/site-packages/airflow/example_dags/example_dynamic_task_mapping_with_no_taskflow_operators.py
[2024-01-01T16:21:16.298+0100] {logging_mixin.py:188} INFO - [2024-01-01T16:21:16.298+0100] {dag.py:3033} INFO - Sync 1 DAGs
[2024-01-01T16:21:16.311+0100] {logging_mixin.py:188} INFO - [2024-01-01T16:21:16.311+0100] {dag.py:3820} INFO - Setting next_dagrun for example_dynamic_task_mapping_with_no_taskflow_operators to 2023-12-31T00:00:00+00:00, run_after=2024-01-01T00:00:00+00:00
[2024-01-01T16:21:16.326+0100] {processor.py:183} INFO - Processing /home/ubuntu/.local/lib/python3.10/site-packages/airflow/example_dags/example_dynamic_task_mapping_with_no_taskflow_operators.py took 0.054 seconds
[2024-01-01T16:23:39.535+0100] {processor.py:161} INFO - Started process (PID=5986) to work on /home/ubuntu/.local/lib/python3.10/site-packages/airflow/example_dags/example_dynamic_task_mapping_with_no_taskflow_operators.py
[2024-01-01T16:23:39.537+0100] {processor.py:830} INFO - Processing file /home/ubuntu/.local/lib/python3.10/site-packages/airflow/example_dags/example_dynamic_task_mapping_with_no_taskflow_operators.py for tasks to queue
[2024-01-01T16:23:39.537+0100] {logging_mixin.py:188} INFO - [2024-01-01T16:23:39.537+0100] {dagbag.py:538} INFO - Filling up the DagBag from /home/ubuntu/.local/lib/python3.10/site-packages/airflow/example_dags/example_dynamic_task_mapping_with_no_taskflow_operators.py
[2024-01-01T16:23:39.547+0100] {processor.py:840} INFO - DAG(s) 'example_dynamic_task_mapping_with_no_taskflow_operators' retrieved from /home/ubuntu/.local/lib/python3.10/site-packages/airflow/example_dags/example_dynamic_task_mapping_with_no_taskflow_operators.py
[2024-01-01T16:23:39.615+0100] {logging_mixin.py:188} INFO - [2024-01-01T16:23:39.614+0100] {dag.py:3033} INFO - Sync 1 DAGs
[2024-01-01T16:23:39.625+0100] {logging_mixin.py:188} INFO - [2024-01-01T16:23:39.625+0100] {dag.py:3820} INFO - Setting next_dagrun for example_dynamic_task_mapping_with_no_taskflow_operators to 2023-12-31T00:00:00+00:00, run_after=2024-01-01T00:00:00+00:00
[2024-01-01T16:23:39.639+0100] {processor.py:183} INFO - Processing /home/ubuntu/.local/lib/python3.10/site-packages/airflow/example_dags/example_dynamic_task_mapping_with_no_taskflow_operators.py took 0.107 seconds
[2024-01-01T16:24:38.172+0100] {processor.py:161} INFO - Started process (PID=6063) to work on /home/ubuntu/.local/lib/python3.10/site-packages/airflow/example_dags/example_dynamic_task_mapping_with_no_taskflow_operators.py
[2024-01-01T16:24:38.173+0100] {processor.py:830} INFO - Processing file /home/ubuntu/.local/lib/python3.10/site-packages/airflow/example_dags/example_dynamic_task_mapping_with_no_taskflow_operators.py for tasks to queue
[2024-01-01T16:24:38.174+0100] {logging_mixin.py:188} INFO - [2024-01-01T16:24:38.173+0100] {dagbag.py:538} INFO - Filling up the DagBag from /home/ubuntu/.local/lib/python3.10/site-packages/airflow/example_dags/example_dynamic_task_mapping_with_no_taskflow_operators.py
[2024-01-01T16:24:38.179+0100] {processor.py:840} INFO - DAG(s) 'example_dynamic_task_mapping_with_no_taskflow_operators' retrieved from /home/ubuntu/.local/lib/python3.10/site-packages/airflow/example_dags/example_dynamic_task_mapping_with_no_taskflow_operators.py
[2024-01-01T16:24:38.190+0100] {logging_mixin.py:188} INFO - [2024-01-01T16:24:38.190+0100] {dag.py:3033} INFO - Sync 1 DAGs
[2024-01-01T16:24:38.201+0100] {logging_mixin.py:188} INFO - [2024-01-01T16:24:38.201+0100] {dag.py:3820} INFO - Setting next_dagrun for example_dynamic_task_mapping_with_no_taskflow_operators to 2023-12-31T00:00:00+00:00, run_after=2024-01-01T00:00:00+00:00
[2024-01-01T16:24:38.218+0100] {processor.py:183} INFO - Processing /home/ubuntu/.local/lib/python3.10/site-packages/airflow/example_dags/example_dynamic_task_mapping_with_no_taskflow_operators.py took 0.048 seconds
[2024-01-01T16:25:29.150+0100] {processor.py:161} INFO - Started process (PID=6261) to work on /home/ubuntu/.local/lib/python3.10/site-packages/airflow/example_dags/example_dynamic_task_mapping_with_no_taskflow_operators.py
[2024-01-01T16:25:29.168+0100] {processor.py:830} INFO - Processing file /home/ubuntu/.local/lib/python3.10/site-packages/airflow/example_dags/example_dynamic_task_mapping_with_no_taskflow_operators.py for tasks to queue
[2024-01-01T16:25:29.169+0100] {logging_mixin.py:188} INFO - [2024-01-01T16:25:29.168+0100] {dagbag.py:538} INFO - Filling up the DagBag from /home/ubuntu/.local/lib/python3.10/site-packages/airflow/example_dags/example_dynamic_task_mapping_with_no_taskflow_operators.py
[2024-01-01T16:25:29.174+0100] {processor.py:840} INFO - DAG(s) 'example_dynamic_task_mapping_with_no_taskflow_operators' retrieved from /home/ubuntu/.local/lib/python3.10/site-packages/airflow/example_dags/example_dynamic_task_mapping_with_no_taskflow_operators.py
[2024-01-01T16:25:29.184+0100] {logging_mixin.py:188} INFO - [2024-01-01T16:25:29.184+0100] {dag.py:3033} INFO - Sync 1 DAGs
[2024-01-01T16:25:29.195+0100] {logging_mixin.py:188} INFO - [2024-01-01T16:25:29.195+0100] {dag.py:3820} INFO - Setting next_dagrun for example_dynamic_task_mapping_with_no_taskflow_operators to 2023-12-31T00:00:00+00:00, run_after=2024-01-01T00:00:00+00:00
[2024-01-01T16:25:29.221+0100] {processor.py:183} INFO - Processing /home/ubuntu/.local/lib/python3.10/site-packages/airflow/example_dags/example_dynamic_task_mapping_with_no_taskflow_operators.py took 0.076 seconds
[2024-01-01T16:26:26.689+0100] {processor.py:161} INFO - Started process (PID=6373) to work on /home/ubuntu/.local/lib/python3.10/site-packages/airflow/example_dags/example_dynamic_task_mapping_with_no_taskflow_operators.py
[2024-01-01T16:26:26.699+0100] {processor.py:830} INFO - Processing file /home/ubuntu/.local/lib/python3.10/site-packages/airflow/example_dags/example_dynamic_task_mapping_with_no_taskflow_operators.py for tasks to queue
[2024-01-01T16:26:26.699+0100] {logging_mixin.py:188} INFO - [2024-01-01T16:26:26.699+0100] {dagbag.py:538} INFO - Filling up the DagBag from /home/ubuntu/.local/lib/python3.10/site-packages/airflow/example_dags/example_dynamic_task_mapping_with_no_taskflow_operators.py
[2024-01-01T16:26:26.704+0100] {processor.py:840} INFO - DAG(s) 'example_dynamic_task_mapping_with_no_taskflow_operators' retrieved from /home/ubuntu/.local/lib/python3.10/site-packages/airflow/example_dags/example_dynamic_task_mapping_with_no_taskflow_operators.py
[2024-01-01T16:26:26.712+0100] {logging_mixin.py:188} INFO - [2024-01-01T16:26:26.711+0100] {dag.py:3033} INFO - Sync 1 DAGs
[2024-01-01T16:26:26.723+0100] {logging_mixin.py:188} INFO - [2024-01-01T16:26:26.722+0100] {dag.py:3820} INFO - Setting next_dagrun for example_dynamic_task_mapping_with_no_taskflow_operators to 2023-12-31T00:00:00+00:00, run_after=2024-01-01T00:00:00+00:00
[2024-01-01T16:26:26.738+0100] {processor.py:183} INFO - Processing /home/ubuntu/.local/lib/python3.10/site-packages/airflow/example_dags/example_dynamic_task_mapping_with_no_taskflow_operators.py took 0.050 seconds
[2024-01-01T16:27:19.327+0100] {processor.py:161} INFO - Started process (PID=6555) to work on /home/ubuntu/.local/lib/python3.10/site-packages/airflow/example_dags/example_dynamic_task_mapping_with_no_taskflow_operators.py
[2024-01-01T16:27:19.338+0100] {processor.py:830} INFO - Processing file /home/ubuntu/.local/lib/python3.10/site-packages/airflow/example_dags/example_dynamic_task_mapping_with_no_taskflow_operators.py for tasks to queue
[2024-01-01T16:27:19.338+0100] {logging_mixin.py:188} INFO - [2024-01-01T16:27:19.338+0100] {dagbag.py:538} INFO - Filling up the DagBag from /home/ubuntu/.local/lib/python3.10/site-packages/airflow/example_dags/example_dynamic_task_mapping_with_no_taskflow_operators.py
[2024-01-01T16:27:19.348+0100] {processor.py:840} INFO - DAG(s) 'example_dynamic_task_mapping_with_no_taskflow_operators' retrieved from /home/ubuntu/.local/lib/python3.10/site-packages/airflow/example_dags/example_dynamic_task_mapping_with_no_taskflow_operators.py
[2024-01-01T16:27:19.359+0100] {logging_mixin.py:188} INFO - [2024-01-01T16:27:19.359+0100] {dag.py:3033} INFO - Sync 1 DAGs
[2024-01-01T16:27:19.374+0100] {logging_mixin.py:188} INFO - [2024-01-01T16:27:19.374+0100] {dag.py:3820} INFO - Setting next_dagrun for example_dynamic_task_mapping_with_no_taskflow_operators to 2023-12-31T00:00:00+00:00, run_after=2024-01-01T00:00:00+00:00
[2024-01-01T16:27:19.389+0100] {processor.py:183} INFO - Processing /home/ubuntu/.local/lib/python3.10/site-packages/airflow/example_dags/example_dynamic_task_mapping_with_no_taskflow_operators.py took 0.063 seconds
[2024-01-01T16:28:08.642+0100] {processor.py:161} INFO - Started process (PID=6717) to work on /home/ubuntu/.local/lib/python3.10/site-packages/airflow/example_dags/example_dynamic_task_mapping_with_no_taskflow_operators.py
[2024-01-01T16:28:08.654+0100] {processor.py:830} INFO - Processing file /home/ubuntu/.local/lib/python3.10/site-packages/airflow/example_dags/example_dynamic_task_mapping_with_no_taskflow_operators.py for tasks to queue
[2024-01-01T16:28:08.656+0100] {logging_mixin.py:188} INFO - [2024-01-01T16:28:08.655+0100] {dagbag.py:538} INFO - Filling up the DagBag from /home/ubuntu/.local/lib/python3.10/site-packages/airflow/example_dags/example_dynamic_task_mapping_with_no_taskflow_operators.py
[2024-01-01T16:28:08.673+0100] {processor.py:840} INFO - DAG(s) 'example_dynamic_task_mapping_with_no_taskflow_operators' retrieved from /home/ubuntu/.local/lib/python3.10/site-packages/airflow/example_dags/example_dynamic_task_mapping_with_no_taskflow_operators.py
[2024-01-01T16:28:08.688+0100] {logging_mixin.py:188} INFO - [2024-01-01T16:28:08.688+0100] {dag.py:3033} INFO - Sync 1 DAGs
[2024-01-01T16:28:08.704+0100] {logging_mixin.py:188} INFO - [2024-01-01T16:28:08.703+0100] {dag.py:3820} INFO - Setting next_dagrun for example_dynamic_task_mapping_with_no_taskflow_operators to 2023-12-31T00:00:00+00:00, run_after=2024-01-01T00:00:00+00:00
[2024-01-01T16:28:08.718+0100] {processor.py:183} INFO - Processing /home/ubuntu/.local/lib/python3.10/site-packages/airflow/example_dags/example_dynamic_task_mapping_with_no_taskflow_operators.py took 0.084 seconds
[2024-01-01T16:29:03.222+0100] {processor.py:161} INFO - Started process (PID=6811) to work on /home/ubuntu/.local/lib/python3.10/site-packages/airflow/example_dags/example_dynamic_task_mapping_with_no_taskflow_operators.py
[2024-01-01T16:29:03.232+0100] {processor.py:830} INFO - Processing file /home/ubuntu/.local/lib/python3.10/site-packages/airflow/example_dags/example_dynamic_task_mapping_with_no_taskflow_operators.py for tasks to queue
[2024-01-01T16:29:03.233+0100] {logging_mixin.py:188} INFO - [2024-01-01T16:29:03.232+0100] {dagbag.py:538} INFO - Filling up the DagBag from /home/ubuntu/.local/lib/python3.10/site-packages/airflow/example_dags/example_dynamic_task_mapping_with_no_taskflow_operators.py
[2024-01-01T16:29:03.238+0100] {processor.py:840} INFO - DAG(s) 'example_dynamic_task_mapping_with_no_taskflow_operators' retrieved from /home/ubuntu/.local/lib/python3.10/site-packages/airflow/example_dags/example_dynamic_task_mapping_with_no_taskflow_operators.py
[2024-01-01T16:29:03.247+0100] {logging_mixin.py:188} INFO - [2024-01-01T16:29:03.247+0100] {dag.py:3033} INFO - Sync 1 DAGs
[2024-01-01T16:29:03.260+0100] {logging_mixin.py:188} INFO - [2024-01-01T16:29:03.260+0100] {dag.py:3820} INFO - Setting next_dagrun for example_dynamic_task_mapping_with_no_taskflow_operators to 2023-12-31T00:00:00+00:00, run_after=2024-01-01T00:00:00+00:00
[2024-01-01T16:29:03.279+0100] {processor.py:183} INFO - Processing /home/ubuntu/.local/lib/python3.10/site-packages/airflow/example_dags/example_dynamic_task_mapping_with_no_taskflow_operators.py took 0.058 seconds
[2024-01-01T16:29:57.698+0100] {processor.py:161} INFO - Started process (PID=6915) to work on /home/ubuntu/.local/lib/python3.10/site-packages/airflow/example_dags/example_dynamic_task_mapping_with_no_taskflow_operators.py
[2024-01-01T16:29:57.699+0100] {processor.py:830} INFO - Processing file /home/ubuntu/.local/lib/python3.10/site-packages/airflow/example_dags/example_dynamic_task_mapping_with_no_taskflow_operators.py for tasks to queue
[2024-01-01T16:29:57.700+0100] {logging_mixin.py:188} INFO - [2024-01-01T16:29:57.700+0100] {dagbag.py:538} INFO - Filling up the DagBag from /home/ubuntu/.local/lib/python3.10/site-packages/airflow/example_dags/example_dynamic_task_mapping_with_no_taskflow_operators.py
[2024-01-01T16:29:57.708+0100] {processor.py:840} INFO - DAG(s) 'example_dynamic_task_mapping_with_no_taskflow_operators' retrieved from /home/ubuntu/.local/lib/python3.10/site-packages/airflow/example_dags/example_dynamic_task_mapping_with_no_taskflow_operators.py
[2024-01-01T16:29:57.723+0100] {logging_mixin.py:188} INFO - [2024-01-01T16:29:57.723+0100] {dag.py:3033} INFO - Sync 1 DAGs
[2024-01-01T16:29:57.739+0100] {logging_mixin.py:188} INFO - [2024-01-01T16:29:57.739+0100] {dag.py:3820} INFO - Setting next_dagrun for example_dynamic_task_mapping_with_no_taskflow_operators to 2023-12-31T00:00:00+00:00, run_after=2024-01-01T00:00:00+00:00
[2024-01-01T16:29:57.753+0100] {processor.py:183} INFO - Processing /home/ubuntu/.local/lib/python3.10/site-packages/airflow/example_dags/example_dynamic_task_mapping_with_no_taskflow_operators.py took 0.058 seconds
[2024-01-01T16:30:51.222+0100] {processor.py:161} INFO - Started process (PID=7035) to work on /home/ubuntu/.local/lib/python3.10/site-packages/airflow/example_dags/example_dynamic_task_mapping_with_no_taskflow_operators.py
[2024-01-01T16:30:51.223+0100] {processor.py:830} INFO - Processing file /home/ubuntu/.local/lib/python3.10/site-packages/airflow/example_dags/example_dynamic_task_mapping_with_no_taskflow_operators.py for tasks to queue
[2024-01-01T16:30:51.224+0100] {logging_mixin.py:188} INFO - [2024-01-01T16:30:51.223+0100] {dagbag.py:538} INFO - Filling up the DagBag from /home/ubuntu/.local/lib/python3.10/site-packages/airflow/example_dags/example_dynamic_task_mapping_with_no_taskflow_operators.py
[2024-01-01T16:30:51.231+0100] {processor.py:840} INFO - DAG(s) 'example_dynamic_task_mapping_with_no_taskflow_operators' retrieved from /home/ubuntu/.local/lib/python3.10/site-packages/airflow/example_dags/example_dynamic_task_mapping_with_no_taskflow_operators.py
[2024-01-01T16:30:51.242+0100] {logging_mixin.py:188} INFO - [2024-01-01T16:30:51.242+0100] {dag.py:3033} INFO - Sync 1 DAGs
[2024-01-01T16:30:51.258+0100] {logging_mixin.py:188} INFO - [2024-01-01T16:30:51.258+0100] {dag.py:3820} INFO - Setting next_dagrun for example_dynamic_task_mapping_with_no_taskflow_operators to 2023-12-31T00:00:00+00:00, run_after=2024-01-01T00:00:00+00:00
[2024-01-01T16:30:51.285+0100] {processor.py:183} INFO - Processing /home/ubuntu/.local/lib/python3.10/site-packages/airflow/example_dags/example_dynamic_task_mapping_with_no_taskflow_operators.py took 0.068 seconds
[2024-01-01T16:31:43.486+0100] {processor.py:161} INFO - Started process (PID=7113) to work on /home/ubuntu/.local/lib/python3.10/site-packages/airflow/example_dags/example_dynamic_task_mapping_with_no_taskflow_operators.py
[2024-01-01T16:31:43.489+0100] {processor.py:830} INFO - Processing file /home/ubuntu/.local/lib/python3.10/site-packages/airflow/example_dags/example_dynamic_task_mapping_with_no_taskflow_operators.py for tasks to queue
[2024-01-01T16:31:43.491+0100] {logging_mixin.py:188} INFO - [2024-01-01T16:31:43.490+0100] {dagbag.py:538} INFO - Filling up the DagBag from /home/ubuntu/.local/lib/python3.10/site-packages/airflow/example_dags/example_dynamic_task_mapping_with_no_taskflow_operators.py
[2024-01-01T16:31:43.507+0100] {processor.py:840} INFO - DAG(s) 'example_dynamic_task_mapping_with_no_taskflow_operators' retrieved from /home/ubuntu/.local/lib/python3.10/site-packages/airflow/example_dags/example_dynamic_task_mapping_with_no_taskflow_operators.py
[2024-01-01T16:31:43.522+0100] {logging_mixin.py:188} INFO - [2024-01-01T16:31:43.522+0100] {dag.py:3033} INFO - Sync 1 DAGs
[2024-01-01T16:31:43.537+0100] {logging_mixin.py:188} INFO - [2024-01-01T16:31:43.537+0100] {dag.py:3820} INFO - Setting next_dagrun for example_dynamic_task_mapping_with_no_taskflow_operators to 2023-12-31T00:00:00+00:00, run_after=2024-01-01T00:00:00+00:00
[2024-01-01T16:31:43.569+0100] {processor.py:183} INFO - Processing /home/ubuntu/.local/lib/python3.10/site-packages/airflow/example_dags/example_dynamic_task_mapping_with_no_taskflow_operators.py took 0.090 seconds
[2024-01-01T16:32:39.263+0100] {processor.py:161} INFO - Started process (PID=7249) to work on /home/ubuntu/.local/lib/python3.10/site-packages/airflow/example_dags/example_dynamic_task_mapping_with_no_taskflow_operators.py
[2024-01-01T16:32:39.274+0100] {processor.py:830} INFO - Processing file /home/ubuntu/.local/lib/python3.10/site-packages/airflow/example_dags/example_dynamic_task_mapping_with_no_taskflow_operators.py for tasks to queue
[2024-01-01T16:32:39.276+0100] {logging_mixin.py:188} INFO - [2024-01-01T16:32:39.276+0100] {dagbag.py:538} INFO - Filling up the DagBag from /home/ubuntu/.local/lib/python3.10/site-packages/airflow/example_dags/example_dynamic_task_mapping_with_no_taskflow_operators.py
[2024-01-01T16:32:39.293+0100] {processor.py:840} INFO - DAG(s) 'example_dynamic_task_mapping_with_no_taskflow_operators' retrieved from /home/ubuntu/.local/lib/python3.10/site-packages/airflow/example_dags/example_dynamic_task_mapping_with_no_taskflow_operators.py
[2024-01-01T16:32:39.311+0100] {logging_mixin.py:188} INFO - [2024-01-01T16:32:39.311+0100] {dag.py:3033} INFO - Sync 1 DAGs
[2024-01-01T16:32:39.326+0100] {logging_mixin.py:188} INFO - [2024-01-01T16:32:39.326+0100] {dag.py:3820} INFO - Setting next_dagrun for example_dynamic_task_mapping_with_no_taskflow_operators to 2023-12-31T00:00:00+00:00, run_after=2024-01-01T00:00:00+00:00
[2024-01-01T16:32:39.342+0100] {processor.py:183} INFO - Processing /home/ubuntu/.local/lib/python3.10/site-packages/airflow/example_dags/example_dynamic_task_mapping_with_no_taskflow_operators.py took 0.087 seconds
[2024-01-01T16:33:31.068+0100] {processor.py:161} INFO - Started process (PID=7447) to work on /home/ubuntu/.local/lib/python3.10/site-packages/airflow/example_dags/example_dynamic_task_mapping_with_no_taskflow_operators.py
[2024-01-01T16:33:31.081+0100] {processor.py:830} INFO - Processing file /home/ubuntu/.local/lib/python3.10/site-packages/airflow/example_dags/example_dynamic_task_mapping_with_no_taskflow_operators.py for tasks to queue
[2024-01-01T16:33:31.083+0100] {logging_mixin.py:188} INFO - [2024-01-01T16:33:31.082+0100] {dagbag.py:538} INFO - Filling up the DagBag from /home/ubuntu/.local/lib/python3.10/site-packages/airflow/example_dags/example_dynamic_task_mapping_with_no_taskflow_operators.py
[2024-01-01T16:33:31.101+0100] {processor.py:840} INFO - DAG(s) 'example_dynamic_task_mapping_with_no_taskflow_operators' retrieved from /home/ubuntu/.local/lib/python3.10/site-packages/airflow/example_dags/example_dynamic_task_mapping_with_no_taskflow_operators.py
[2024-01-01T16:33:31.119+0100] {logging_mixin.py:188} INFO - [2024-01-01T16:33:31.119+0100] {dag.py:3033} INFO - Sync 1 DAGs
[2024-01-01T16:33:31.136+0100] {logging_mixin.py:188} INFO - [2024-01-01T16:33:31.136+0100] {dag.py:3820} INFO - Setting next_dagrun for example_dynamic_task_mapping_with_no_taskflow_operators to 2023-12-31T00:00:00+00:00, run_after=2024-01-01T00:00:00+00:00
[2024-01-01T16:33:31.151+0100] {processor.py:183} INFO - Processing /home/ubuntu/.local/lib/python3.10/site-packages/airflow/example_dags/example_dynamic_task_mapping_with_no_taskflow_operators.py took 0.090 seconds
[2024-01-01T16:34:31.528+0100] {processor.py:161} INFO - Started process (PID=7653) to work on /home/ubuntu/.local/lib/python3.10/site-packages/airflow/example_dags/example_dynamic_task_mapping_with_no_taskflow_operators.py
[2024-01-01T16:34:31.530+0100] {processor.py:830} INFO - Processing file /home/ubuntu/.local/lib/python3.10/site-packages/airflow/example_dags/example_dynamic_task_mapping_with_no_taskflow_operators.py for tasks to queue
[2024-01-01T16:34:31.532+0100] {logging_mixin.py:188} INFO - [2024-01-01T16:34:31.532+0100] {dagbag.py:538} INFO - Filling up the DagBag from /home/ubuntu/.local/lib/python3.10/site-packages/airflow/example_dags/example_dynamic_task_mapping_with_no_taskflow_operators.py
[2024-01-01T16:34:31.548+0100] {processor.py:840} INFO - DAG(s) 'example_dynamic_task_mapping_with_no_taskflow_operators' retrieved from /home/ubuntu/.local/lib/python3.10/site-packages/airflow/example_dags/example_dynamic_task_mapping_with_no_taskflow_operators.py
[2024-01-01T16:34:31.563+0100] {logging_mixin.py:188} INFO - [2024-01-01T16:34:31.563+0100] {dag.py:3033} INFO - Sync 1 DAGs
[2024-01-01T16:34:31.577+0100] {logging_mixin.py:188} INFO - [2024-01-01T16:34:31.577+0100] {dag.py:3820} INFO - Setting next_dagrun for example_dynamic_task_mapping_with_no_taskflow_operators to 2023-12-31T00:00:00+00:00, run_after=2024-01-01T00:00:00+00:00
[2024-01-01T16:34:31.595+0100] {processor.py:183} INFO - Processing /home/ubuntu/.local/lib/python3.10/site-packages/airflow/example_dags/example_dynamic_task_mapping_with_no_taskflow_operators.py took 0.075 seconds
