[2024-01-01T15:42:40.671+0100] {processor.py:161} INFO - Started process (PID=7973) to work on /home/ubuntu/.local/lib/python3.10/site-packages/airflow/example_dags/example_branch_day_of_week_operator.py
[2024-01-01T15:42:40.672+0100] {processor.py:830} INFO - Processing file /home/ubuntu/.local/lib/python3.10/site-packages/airflow/example_dags/example_branch_day_of_week_operator.py for tasks to queue
[2024-01-01T15:42:40.672+0100] {logging_mixin.py:188} INFO - [2024-01-01T15:42:40.672+0100] {dagbag.py:538} INFO - Filling up the DagBag from /home/ubuntu/.local/lib/python3.10/site-packages/airflow/example_dags/example_branch_day_of_week_operator.py
[2024-01-01T15:42:40.682+0100] {processor.py:840} INFO - DAG(s) 'example_weekday_branch_operator' retrieved from /home/ubuntu/.local/lib/python3.10/site-packages/airflow/example_dags/example_branch_day_of_week_operator.py
[2024-01-01T15:42:40.691+0100] {logging_mixin.py:188} INFO - [2024-01-01T15:42:40.690+0100] {dag.py:3033} INFO - Sync 1 DAGs
[2024-01-01T15:42:40.723+0100] {logging_mixin.py:188} INFO - [2024-01-01T15:42:40.723+0100] {dag.py:3820} INFO - Setting next_dagrun for example_weekday_branch_operator to 2023-12-31T00:00:00+00:00, run_after=2024-01-01T00:00:00+00:00
[2024-01-01T15:42:40.747+0100] {processor.py:183} INFO - Processing /home/ubuntu/.local/lib/python3.10/site-packages/airflow/example_dags/example_branch_day_of_week_operator.py took 0.079 seconds
[2024-01-01T15:43:28.441+0100] {processor.py:161} INFO - Started process (PID=8057) to work on /home/ubuntu/.local/lib/python3.10/site-packages/airflow/example_dags/example_branch_day_of_week_operator.py
[2024-01-01T15:43:28.444+0100] {processor.py:830} INFO - Processing file /home/ubuntu/.local/lib/python3.10/site-packages/airflow/example_dags/example_branch_day_of_week_operator.py for tasks to queue
[2024-01-01T15:43:28.446+0100] {logging_mixin.py:188} INFO - [2024-01-01T15:43:28.445+0100] {dagbag.py:538} INFO - Filling up the DagBag from /home/ubuntu/.local/lib/python3.10/site-packages/airflow/example_dags/example_branch_day_of_week_operator.py
[2024-01-01T15:43:28.462+0100] {processor.py:840} INFO - DAG(s) 'example_weekday_branch_operator' retrieved from /home/ubuntu/.local/lib/python3.10/site-packages/airflow/example_dags/example_branch_day_of_week_operator.py
[2024-01-01T15:43:28.525+0100] {logging_mixin.py:188} INFO - [2024-01-01T15:43:28.525+0100] {dag.py:3033} INFO - Sync 1 DAGs
[2024-01-01T15:43:28.535+0100] {logging_mixin.py:188} INFO - [2024-01-01T15:43:28.535+0100] {dag.py:3820} INFO - Setting next_dagrun for example_weekday_branch_operator to 2023-12-31T00:00:00+00:00, run_after=2024-01-01T00:00:00+00:00
[2024-01-01T15:43:28.549+0100] {processor.py:183} INFO - Processing /home/ubuntu/.local/lib/python3.10/site-packages/airflow/example_dags/example_branch_day_of_week_operator.py took 0.114 seconds
[2024-01-01T15:44:18.358+0100] {processor.py:161} INFO - Started process (PID=8255) to work on /home/ubuntu/.local/lib/python3.10/site-packages/airflow/example_dags/example_branch_day_of_week_operator.py
[2024-01-01T15:44:18.361+0100] {processor.py:830} INFO - Processing file /home/ubuntu/.local/lib/python3.10/site-packages/airflow/example_dags/example_branch_day_of_week_operator.py for tasks to queue
[2024-01-01T15:44:18.363+0100] {logging_mixin.py:188} INFO - [2024-01-01T15:44:18.362+0100] {dagbag.py:538} INFO - Filling up the DagBag from /home/ubuntu/.local/lib/python3.10/site-packages/airflow/example_dags/example_branch_day_of_week_operator.py
[2024-01-01T15:44:18.378+0100] {processor.py:840} INFO - DAG(s) 'example_weekday_branch_operator' retrieved from /home/ubuntu/.local/lib/python3.10/site-packages/airflow/example_dags/example_branch_day_of_week_operator.py
[2024-01-01T15:44:18.396+0100] {logging_mixin.py:188} INFO - [2024-01-01T15:44:18.396+0100] {dag.py:3033} INFO - Sync 1 DAGs
[2024-01-01T15:44:18.411+0100] {logging_mixin.py:188} INFO - [2024-01-01T15:44:18.411+0100] {dag.py:3820} INFO - Setting next_dagrun for example_weekday_branch_operator to 2023-12-31T00:00:00+00:00, run_after=2024-01-01T00:00:00+00:00
[2024-01-01T15:44:18.436+0100] {processor.py:183} INFO - Processing /home/ubuntu/.local/lib/python3.10/site-packages/airflow/example_dags/example_branch_day_of_week_operator.py took 0.086 seconds
[2024-01-01T15:45:31.340+0100] {processor.py:161} INFO - Started process (PID=8689) to work on /home/ubuntu/.local/lib/python3.10/site-packages/airflow/example_dags/example_branch_day_of_week_operator.py
[2024-01-01T15:45:31.341+0100] {processor.py:830} INFO - Processing file /home/ubuntu/.local/lib/python3.10/site-packages/airflow/example_dags/example_branch_day_of_week_operator.py for tasks to queue
[2024-01-01T15:45:31.345+0100] {logging_mixin.py:188} INFO - [2024-01-01T15:45:31.342+0100] {dagbag.py:538} INFO - Filling up the DagBag from /home/ubuntu/.local/lib/python3.10/site-packages/airflow/example_dags/example_branch_day_of_week_operator.py
[2024-01-01T15:45:31.369+0100] {processor.py:840} INFO - DAG(s) 'example_weekday_branch_operator' retrieved from /home/ubuntu/.local/lib/python3.10/site-packages/airflow/example_dags/example_branch_day_of_week_operator.py
[2024-01-01T15:45:31.405+0100] {logging_mixin.py:188} INFO - [2024-01-01T15:45:31.405+0100] {dag.py:3033} INFO - Sync 1 DAGs
[2024-01-01T15:45:31.444+0100] {logging_mixin.py:188} INFO - [2024-01-01T15:45:31.443+0100] {dag.py:3820} INFO - Setting next_dagrun for example_weekday_branch_operator to 2023-12-31T00:00:00+00:00, run_after=2024-01-01T00:00:00+00:00
[2024-01-01T15:45:31.464+0100] {processor.py:183} INFO - Processing /home/ubuntu/.local/lib/python3.10/site-packages/airflow/example_dags/example_branch_day_of_week_operator.py took 0.128 seconds
[2024-01-01T16:09:16.408+0100] {processor.py:161} INFO - Started process (PID=4139) to work on /home/ubuntu/.local/lib/python3.10/site-packages/airflow/example_dags/example_branch_day_of_week_operator.py
[2024-01-01T16:09:16.409+0100] {processor.py:830} INFO - Processing file /home/ubuntu/.local/lib/python3.10/site-packages/airflow/example_dags/example_branch_day_of_week_operator.py for tasks to queue
[2024-01-01T16:09:16.414+0100] {logging_mixin.py:188} INFO - [2024-01-01T16:09:16.413+0100] {dagbag.py:538} INFO - Filling up the DagBag from /home/ubuntu/.local/lib/python3.10/site-packages/airflow/example_dags/example_branch_day_of_week_operator.py
[2024-01-01T16:09:16.422+0100] {processor.py:840} INFO - DAG(s) 'example_weekday_branch_operator' retrieved from /home/ubuntu/.local/lib/python3.10/site-packages/airflow/example_dags/example_branch_day_of_week_operator.py
[2024-01-01T16:09:16.430+0100] {logging_mixin.py:188} INFO - [2024-01-01T16:09:16.430+0100] {dag.py:3033} INFO - Sync 1 DAGs
[2024-01-01T16:09:16.449+0100] {logging_mixin.py:188} INFO - [2024-01-01T16:09:16.449+0100] {dag.py:3820} INFO - Setting next_dagrun for example_weekday_branch_operator to 2023-12-31T00:00:00+00:00, run_after=2024-01-01T00:00:00+00:00
[2024-01-01T16:09:16.469+0100] {processor.py:183} INFO - Processing /home/ubuntu/.local/lib/python3.10/site-packages/airflow/example_dags/example_branch_day_of_week_operator.py took 0.066 seconds
[2024-01-01T16:10:08.487+0100] {processor.py:161} INFO - Started process (PID=4398) to work on /home/ubuntu/.local/lib/python3.10/site-packages/airflow/example_dags/example_branch_day_of_week_operator.py
[2024-01-01T16:10:08.497+0100] {processor.py:830} INFO - Processing file /home/ubuntu/.local/lib/python3.10/site-packages/airflow/example_dags/example_branch_day_of_week_operator.py for tasks to queue
[2024-01-01T16:10:08.498+0100] {logging_mixin.py:188} INFO - [2024-01-01T16:10:08.498+0100] {dagbag.py:538} INFO - Filling up the DagBag from /home/ubuntu/.local/lib/python3.10/site-packages/airflow/example_dags/example_branch_day_of_week_operator.py
[2024-01-01T16:10:08.507+0100] {processor.py:840} INFO - DAG(s) 'example_weekday_branch_operator' retrieved from /home/ubuntu/.local/lib/python3.10/site-packages/airflow/example_dags/example_branch_day_of_week_operator.py
[2024-01-01T16:10:08.578+0100] {logging_mixin.py:188} INFO - [2024-01-01T16:10:08.577+0100] {dag.py:3033} INFO - Sync 1 DAGs
[2024-01-01T16:10:08.591+0100] {logging_mixin.py:188} INFO - [2024-01-01T16:10:08.591+0100] {dag.py:3820} INFO - Setting next_dagrun for example_weekday_branch_operator to 2023-12-31T00:00:00+00:00, run_after=2024-01-01T00:00:00+00:00
[2024-01-01T16:10:08.605+0100] {processor.py:183} INFO - Processing /home/ubuntu/.local/lib/python3.10/site-packages/airflow/example_dags/example_branch_day_of_week_operator.py took 0.122 seconds
[2024-01-01T16:10:57.666+0100] {processor.py:161} INFO - Started process (PID=4494) to work on /home/ubuntu/.local/lib/python3.10/site-packages/airflow/example_dags/example_branch_day_of_week_operator.py
[2024-01-01T16:10:57.677+0100] {processor.py:830} INFO - Processing file /home/ubuntu/.local/lib/python3.10/site-packages/airflow/example_dags/example_branch_day_of_week_operator.py for tasks to queue
[2024-01-01T16:10:57.678+0100] {logging_mixin.py:188} INFO - [2024-01-01T16:10:57.677+0100] {dagbag.py:538} INFO - Filling up the DagBag from /home/ubuntu/.local/lib/python3.10/site-packages/airflow/example_dags/example_branch_day_of_week_operator.py
[2024-01-01T16:10:57.684+0100] {processor.py:840} INFO - DAG(s) 'example_weekday_branch_operator' retrieved from /home/ubuntu/.local/lib/python3.10/site-packages/airflow/example_dags/example_branch_day_of_week_operator.py
[2024-01-01T16:10:57.696+0100] {logging_mixin.py:188} INFO - [2024-01-01T16:10:57.696+0100] {dag.py:3033} INFO - Sync 1 DAGs
[2024-01-01T16:10:57.710+0100] {logging_mixin.py:188} INFO - [2024-01-01T16:10:57.710+0100] {dag.py:3820} INFO - Setting next_dagrun for example_weekday_branch_operator to 2023-12-31T00:00:00+00:00, run_after=2024-01-01T00:00:00+00:00
[2024-01-01T16:10:57.726+0100] {processor.py:183} INFO - Processing /home/ubuntu/.local/lib/python3.10/site-packages/airflow/example_dags/example_branch_day_of_week_operator.py took 0.063 seconds
[2024-01-01T16:11:48.539+0100] {processor.py:161} INFO - Started process (PID=4560) to work on /home/ubuntu/.local/lib/python3.10/site-packages/airflow/example_dags/example_branch_day_of_week_operator.py
[2024-01-01T16:11:48.542+0100] {processor.py:830} INFO - Processing file /home/ubuntu/.local/lib/python3.10/site-packages/airflow/example_dags/example_branch_day_of_week_operator.py for tasks to queue
[2024-01-01T16:11:48.544+0100] {logging_mixin.py:188} INFO - [2024-01-01T16:11:48.543+0100] {dagbag.py:538} INFO - Filling up the DagBag from /home/ubuntu/.local/lib/python3.10/site-packages/airflow/example_dags/example_branch_day_of_week_operator.py
[2024-01-01T16:11:48.560+0100] {processor.py:840} INFO - DAG(s) 'example_weekday_branch_operator' retrieved from /home/ubuntu/.local/lib/python3.10/site-packages/airflow/example_dags/example_branch_day_of_week_operator.py
[2024-01-01T16:11:48.578+0100] {logging_mixin.py:188} INFO - [2024-01-01T16:11:48.578+0100] {dag.py:3033} INFO - Sync 1 DAGs
[2024-01-01T16:11:48.592+0100] {logging_mixin.py:188} INFO - [2024-01-01T16:11:48.592+0100] {dag.py:3820} INFO - Setting next_dagrun for example_weekday_branch_operator to 2023-12-31T00:00:00+00:00, run_after=2024-01-01T00:00:00+00:00
[2024-01-01T16:11:48.626+0100] {processor.py:183} INFO - Processing /home/ubuntu/.local/lib/python3.10/site-packages/airflow/example_dags/example_branch_day_of_week_operator.py took 0.094 seconds
[2024-01-01T16:12:29.084+0100] {processor.py:161} INFO - Started process (PID=4740) to work on /home/ubuntu/.local/lib/python3.10/site-packages/airflow/example_dags/example_branch_day_of_week_operator.py
[2024-01-01T16:12:29.086+0100] {processor.py:830} INFO - Processing file /home/ubuntu/.local/lib/python3.10/site-packages/airflow/example_dags/example_branch_day_of_week_operator.py for tasks to queue
[2024-01-01T16:12:29.088+0100] {logging_mixin.py:188} INFO - [2024-01-01T16:12:29.087+0100] {dagbag.py:538} INFO - Filling up the DagBag from /home/ubuntu/.local/lib/python3.10/site-packages/airflow/example_dags/example_branch_day_of_week_operator.py
[2024-01-01T16:12:29.102+0100] {processor.py:840} INFO - DAG(s) 'example_weekday_branch_operator' retrieved from /home/ubuntu/.local/lib/python3.10/site-packages/airflow/example_dags/example_branch_day_of_week_operator.py
[2024-01-01T16:12:29.118+0100] {logging_mixin.py:188} INFO - [2024-01-01T16:12:29.118+0100] {dag.py:3033} INFO - Sync 1 DAGs
[2024-01-01T16:12:29.132+0100] {logging_mixin.py:188} INFO - [2024-01-01T16:12:29.132+0100] {dag.py:3820} INFO - Setting next_dagrun for example_weekday_branch_operator to 2023-12-31T00:00:00+00:00, run_after=2024-01-01T00:00:00+00:00
[2024-01-01T16:12:29.156+0100] {processor.py:183} INFO - Processing /home/ubuntu/.local/lib/python3.10/site-packages/airflow/example_dags/example_branch_day_of_week_operator.py took 0.079 seconds
[2024-01-01T16:13:26.054+0100] {processor.py:161} INFO - Started process (PID=4826) to work on /home/ubuntu/.local/lib/python3.10/site-packages/airflow/example_dags/example_branch_day_of_week_operator.py
[2024-01-01T16:13:26.065+0100] {processor.py:830} INFO - Processing file /home/ubuntu/.local/lib/python3.10/site-packages/airflow/example_dags/example_branch_day_of_week_operator.py for tasks to queue
[2024-01-01T16:13:26.068+0100] {logging_mixin.py:188} INFO - [2024-01-01T16:13:26.067+0100] {dagbag.py:538} INFO - Filling up the DagBag from /home/ubuntu/.local/lib/python3.10/site-packages/airflow/example_dags/example_branch_day_of_week_operator.py
[2024-01-01T16:13:26.086+0100] {processor.py:840} INFO - DAG(s) 'example_weekday_branch_operator' retrieved from /home/ubuntu/.local/lib/python3.10/site-packages/airflow/example_dags/example_branch_day_of_week_operator.py
[2024-01-01T16:13:26.106+0100] {logging_mixin.py:188} INFO - [2024-01-01T16:13:26.106+0100] {dag.py:3033} INFO - Sync 1 DAGs
[2024-01-01T16:13:26.121+0100] {logging_mixin.py:188} INFO - [2024-01-01T16:13:26.121+0100] {dag.py:3820} INFO - Setting next_dagrun for example_weekday_branch_operator to 2023-12-31T00:00:00+00:00, run_after=2024-01-01T00:00:00+00:00
[2024-01-01T16:13:26.150+0100] {processor.py:183} INFO - Processing /home/ubuntu/.local/lib/python3.10/site-packages/airflow/example_dags/example_branch_day_of_week_operator.py took 0.104 seconds
[2024-01-01T16:14:19.910+0100] {processor.py:161} INFO - Started process (PID=4909) to work on /home/ubuntu/.local/lib/python3.10/site-packages/airflow/example_dags/example_branch_day_of_week_operator.py
[2024-01-01T16:14:19.911+0100] {processor.py:830} INFO - Processing file /home/ubuntu/.local/lib/python3.10/site-packages/airflow/example_dags/example_branch_day_of_week_operator.py for tasks to queue
[2024-01-01T16:14:19.912+0100] {logging_mixin.py:188} INFO - [2024-01-01T16:14:19.912+0100] {dagbag.py:538} INFO - Filling up the DagBag from /home/ubuntu/.local/lib/python3.10/site-packages/airflow/example_dags/example_branch_day_of_week_operator.py
[2024-01-01T16:14:19.919+0100] {processor.py:840} INFO - DAG(s) 'example_weekday_branch_operator' retrieved from /home/ubuntu/.local/lib/python3.10/site-packages/airflow/example_dags/example_branch_day_of_week_operator.py
[2024-01-01T16:14:19.932+0100] {logging_mixin.py:188} INFO - [2024-01-01T16:14:19.931+0100] {dag.py:3033} INFO - Sync 1 DAGs
[2024-01-01T16:14:19.945+0100] {logging_mixin.py:188} INFO - [2024-01-01T16:14:19.945+0100] {dag.py:3820} INFO - Setting next_dagrun for example_weekday_branch_operator to 2023-12-31T00:00:00+00:00, run_after=2024-01-01T00:00:00+00:00
[2024-01-01T16:14:19.981+0100] {processor.py:183} INFO - Processing /home/ubuntu/.local/lib/python3.10/site-packages/airflow/example_dags/example_branch_day_of_week_operator.py took 0.075 seconds
[2024-01-01T16:15:14.188+0100] {processor.py:161} INFO - Started process (PID=5021) to work on /home/ubuntu/.local/lib/python3.10/site-packages/airflow/example_dags/example_branch_day_of_week_operator.py
[2024-01-01T16:15:14.189+0100] {processor.py:830} INFO - Processing file /home/ubuntu/.local/lib/python3.10/site-packages/airflow/example_dags/example_branch_day_of_week_operator.py for tasks to queue
[2024-01-01T16:15:14.190+0100] {logging_mixin.py:188} INFO - [2024-01-01T16:15:14.190+0100] {dagbag.py:538} INFO - Filling up the DagBag from /home/ubuntu/.local/lib/python3.10/site-packages/airflow/example_dags/example_branch_day_of_week_operator.py
[2024-01-01T16:15:14.198+0100] {processor.py:840} INFO - DAG(s) 'example_weekday_branch_operator' retrieved from /home/ubuntu/.local/lib/python3.10/site-packages/airflow/example_dags/example_branch_day_of_week_operator.py
[2024-01-01T16:15:14.209+0100] {logging_mixin.py:188} INFO - [2024-01-01T16:15:14.209+0100] {dag.py:3033} INFO - Sync 1 DAGs
[2024-01-01T16:15:14.221+0100] {logging_mixin.py:188} INFO - [2024-01-01T16:15:14.221+0100] {dag.py:3820} INFO - Setting next_dagrun for example_weekday_branch_operator to 2023-12-31T00:00:00+00:00, run_after=2024-01-01T00:00:00+00:00
[2024-01-01T16:15:14.236+0100] {processor.py:183} INFO - Processing /home/ubuntu/.local/lib/python3.10/site-packages/airflow/example_dags/example_branch_day_of_week_operator.py took 0.050 seconds
[2024-01-01T16:16:05.845+0100] {processor.py:161} INFO - Started process (PID=5158) to work on /home/ubuntu/.local/lib/python3.10/site-packages/airflow/example_dags/example_branch_day_of_week_operator.py
[2024-01-01T16:16:05.846+0100] {processor.py:830} INFO - Processing file /home/ubuntu/.local/lib/python3.10/site-packages/airflow/example_dags/example_branch_day_of_week_operator.py for tasks to queue
[2024-01-01T16:16:05.847+0100] {logging_mixin.py:188} INFO - [2024-01-01T16:16:05.847+0100] {dagbag.py:538} INFO - Filling up the DagBag from /home/ubuntu/.local/lib/python3.10/site-packages/airflow/example_dags/example_branch_day_of_week_operator.py
[2024-01-01T16:16:05.852+0100] {processor.py:840} INFO - DAG(s) 'example_weekday_branch_operator' retrieved from /home/ubuntu/.local/lib/python3.10/site-packages/airflow/example_dags/example_branch_day_of_week_operator.py
[2024-01-01T16:16:05.862+0100] {logging_mixin.py:188} INFO - [2024-01-01T16:16:05.862+0100] {dag.py:3033} INFO - Sync 1 DAGs
[2024-01-01T16:16:05.874+0100] {logging_mixin.py:188} INFO - [2024-01-01T16:16:05.874+0100] {dag.py:3820} INFO - Setting next_dagrun for example_weekday_branch_operator to 2023-12-31T00:00:00+00:00, run_after=2024-01-01T00:00:00+00:00
[2024-01-01T16:16:05.887+0100] {processor.py:183} INFO - Processing /home/ubuntu/.local/lib/python3.10/site-packages/airflow/example_dags/example_branch_day_of_week_operator.py took 0.044 seconds
[2024-01-01T16:17:01.682+0100] {processor.py:161} INFO - Started process (PID=5244) to work on /home/ubuntu/.local/lib/python3.10/site-packages/airflow/example_dags/example_branch_day_of_week_operator.py
[2024-01-01T16:17:01.691+0100] {processor.py:830} INFO - Processing file /home/ubuntu/.local/lib/python3.10/site-packages/airflow/example_dags/example_branch_day_of_week_operator.py for tasks to queue
[2024-01-01T16:17:01.692+0100] {logging_mixin.py:188} INFO - [2024-01-01T16:17:01.692+0100] {dagbag.py:538} INFO - Filling up the DagBag from /home/ubuntu/.local/lib/python3.10/site-packages/airflow/example_dags/example_branch_day_of_week_operator.py
[2024-01-01T16:17:01.696+0100] {processor.py:840} INFO - DAG(s) 'example_weekday_branch_operator' retrieved from /home/ubuntu/.local/lib/python3.10/site-packages/airflow/example_dags/example_branch_day_of_week_operator.py
[2024-01-01T16:17:01.706+0100] {logging_mixin.py:188} INFO - [2024-01-01T16:17:01.706+0100] {dag.py:3033} INFO - Sync 1 DAGs
[2024-01-01T16:17:01.718+0100] {logging_mixin.py:188} INFO - [2024-01-01T16:17:01.718+0100] {dag.py:3820} INFO - Setting next_dagrun for example_weekday_branch_operator to 2023-12-31T00:00:00+00:00, run_after=2024-01-01T00:00:00+00:00
[2024-01-01T16:17:01.734+0100] {processor.py:183} INFO - Processing /home/ubuntu/.local/lib/python3.10/site-packages/airflow/example_dags/example_branch_day_of_week_operator.py took 0.054 seconds
[2024-01-01T16:17:55.718+0100] {processor.py:161} INFO - Started process (PID=5313) to work on /home/ubuntu/.local/lib/python3.10/site-packages/airflow/example_dags/example_branch_day_of_week_operator.py
[2024-01-01T16:17:55.729+0100] {processor.py:830} INFO - Processing file /home/ubuntu/.local/lib/python3.10/site-packages/airflow/example_dags/example_branch_day_of_week_operator.py for tasks to queue
[2024-01-01T16:17:55.732+0100] {logging_mixin.py:188} INFO - [2024-01-01T16:17:55.731+0100] {dagbag.py:538} INFO - Filling up the DagBag from /home/ubuntu/.local/lib/python3.10/site-packages/airflow/example_dags/example_branch_day_of_week_operator.py
[2024-01-01T16:17:55.749+0100] {processor.py:840} INFO - DAG(s) 'example_weekday_branch_operator' retrieved from /home/ubuntu/.local/lib/python3.10/site-packages/airflow/example_dags/example_branch_day_of_week_operator.py
[2024-01-01T16:17:55.770+0100] {logging_mixin.py:188} INFO - [2024-01-01T16:17:55.770+0100] {dag.py:3033} INFO - Sync 1 DAGs
[2024-01-01T16:17:55.785+0100] {logging_mixin.py:188} INFO - [2024-01-01T16:17:55.785+0100] {dag.py:3820} INFO - Setting next_dagrun for example_weekday_branch_operator to 2023-12-31T00:00:00+00:00, run_after=2024-01-01T00:00:00+00:00
[2024-01-01T16:17:55.802+0100] {processor.py:183} INFO - Processing /home/ubuntu/.local/lib/python3.10/site-packages/airflow/example_dags/example_branch_day_of_week_operator.py took 0.090 seconds
[2024-01-01T16:18:51.192+0100] {processor.py:161} INFO - Started process (PID=5384) to work on /home/ubuntu/.local/lib/python3.10/site-packages/airflow/example_dags/example_branch_day_of_week_operator.py
[2024-01-01T16:18:51.202+0100] {processor.py:830} INFO - Processing file /home/ubuntu/.local/lib/python3.10/site-packages/airflow/example_dags/example_branch_day_of_week_operator.py for tasks to queue
[2024-01-01T16:18:51.202+0100] {logging_mixin.py:188} INFO - [2024-01-01T16:18:51.202+0100] {dagbag.py:538} INFO - Filling up the DagBag from /home/ubuntu/.local/lib/python3.10/site-packages/airflow/example_dags/example_branch_day_of_week_operator.py
[2024-01-01T16:18:51.208+0100] {processor.py:840} INFO - DAG(s) 'example_weekday_branch_operator' retrieved from /home/ubuntu/.local/lib/python3.10/site-packages/airflow/example_dags/example_branch_day_of_week_operator.py
[2024-01-01T16:18:51.219+0100] {logging_mixin.py:188} INFO - [2024-01-01T16:18:51.219+0100] {dag.py:3033} INFO - Sync 1 DAGs
[2024-01-01T16:18:51.232+0100] {logging_mixin.py:188} INFO - [2024-01-01T16:18:51.232+0100] {dag.py:3820} INFO - Setting next_dagrun for example_weekday_branch_operator to 2023-12-31T00:00:00+00:00, run_after=2024-01-01T00:00:00+00:00
[2024-01-01T16:18:51.246+0100] {processor.py:183} INFO - Processing /home/ubuntu/.local/lib/python3.10/site-packages/airflow/example_dags/example_branch_day_of_week_operator.py took 0.056 seconds
[2024-01-01T16:20:04.143+0100] {processor.py:161} INFO - Started process (PID=5573) to work on /home/ubuntu/.local/lib/python3.10/site-packages/airflow/example_dags/example_branch_day_of_week_operator.py
[2024-01-01T16:20:04.145+0100] {processor.py:830} INFO - Processing file /home/ubuntu/.local/lib/python3.10/site-packages/airflow/example_dags/example_branch_day_of_week_operator.py for tasks to queue
[2024-01-01T16:20:04.146+0100] {logging_mixin.py:188} INFO - [2024-01-01T16:20:04.146+0100] {dagbag.py:538} INFO - Filling up the DagBag from /home/ubuntu/.local/lib/python3.10/site-packages/airflow/example_dags/example_branch_day_of_week_operator.py
[2024-01-01T16:20:04.155+0100] {processor.py:840} INFO - DAG(s) 'example_weekday_branch_operator' retrieved from /home/ubuntu/.local/lib/python3.10/site-packages/airflow/example_dags/example_branch_day_of_week_operator.py
[2024-01-01T16:20:04.168+0100] {logging_mixin.py:188} INFO - [2024-01-01T16:20:04.168+0100] {dag.py:3033} INFO - Sync 1 DAGs
[2024-01-01T16:20:04.186+0100] {logging_mixin.py:188} INFO - [2024-01-01T16:20:04.185+0100] {dag.py:3820} INFO - Setting next_dagrun for example_weekday_branch_operator to 2023-12-31T00:00:00+00:00, run_after=2024-01-01T00:00:00+00:00
[2024-01-01T16:20:04.208+0100] {processor.py:183} INFO - Processing /home/ubuntu/.local/lib/python3.10/site-packages/airflow/example_dags/example_branch_day_of_week_operator.py took 0.068 seconds
[2024-01-01T16:20:55.969+0100] {processor.py:161} INFO - Started process (PID=5760) to work on /home/ubuntu/.local/lib/python3.10/site-packages/airflow/example_dags/example_branch_day_of_week_operator.py
[2024-01-01T16:20:55.971+0100] {processor.py:830} INFO - Processing file /home/ubuntu/.local/lib/python3.10/site-packages/airflow/example_dags/example_branch_day_of_week_operator.py for tasks to queue
[2024-01-01T16:20:55.971+0100] {logging_mixin.py:188} INFO - [2024-01-01T16:20:55.971+0100] {dagbag.py:538} INFO - Filling up the DagBag from /home/ubuntu/.local/lib/python3.10/site-packages/airflow/example_dags/example_branch_day_of_week_operator.py
[2024-01-01T16:20:55.976+0100] {processor.py:840} INFO - DAG(s) 'example_weekday_branch_operator' retrieved from /home/ubuntu/.local/lib/python3.10/site-packages/airflow/example_dags/example_branch_day_of_week_operator.py
[2024-01-01T16:20:56.037+0100] {logging_mixin.py:188} INFO - [2024-01-01T16:20:56.037+0100] {dag.py:3033} INFO - Sync 1 DAGs
[2024-01-01T16:20:56.049+0100] {logging_mixin.py:188} INFO - [2024-01-01T16:20:56.048+0100] {dag.py:3820} INFO - Setting next_dagrun for example_weekday_branch_operator to 2023-12-31T00:00:00+00:00, run_after=2024-01-01T00:00:00+00:00
[2024-01-01T16:20:56.066+0100] {processor.py:183} INFO - Processing /home/ubuntu/.local/lib/python3.10/site-packages/airflow/example_dags/example_branch_day_of_week_operator.py took 0.099 seconds
[2024-01-01T16:21:44.868+0100] {processor.py:161} INFO - Started process (PID=5869) to work on /home/ubuntu/.local/lib/python3.10/site-packages/airflow/example_dags/example_branch_day_of_week_operator.py
[2024-01-01T16:21:44.879+0100] {processor.py:830} INFO - Processing file /home/ubuntu/.local/lib/python3.10/site-packages/airflow/example_dags/example_branch_day_of_week_operator.py for tasks to queue
[2024-01-01T16:21:44.880+0100] {logging_mixin.py:188} INFO - [2024-01-01T16:21:44.879+0100] {dagbag.py:538} INFO - Filling up the DagBag from /home/ubuntu/.local/lib/python3.10/site-packages/airflow/example_dags/example_branch_day_of_week_operator.py
[2024-01-01T16:21:44.894+0100] {processor.py:840} INFO - DAG(s) 'example_weekday_branch_operator' retrieved from /home/ubuntu/.local/lib/python3.10/site-packages/airflow/example_dags/example_branch_day_of_week_operator.py
[2024-01-01T16:21:44.914+0100] {logging_mixin.py:188} INFO - [2024-01-01T16:21:44.913+0100] {dag.py:3033} INFO - Sync 1 DAGs
[2024-01-01T16:21:44.929+0100] {logging_mixin.py:188} INFO - [2024-01-01T16:21:44.929+0100] {dag.py:3820} INFO - Setting next_dagrun for example_weekday_branch_operator to 2023-12-31T00:00:00+00:00, run_after=2024-01-01T00:00:00+00:00
[2024-01-01T16:21:44.944+0100] {processor.py:183} INFO - Processing /home/ubuntu/.local/lib/python3.10/site-packages/airflow/example_dags/example_branch_day_of_week_operator.py took 0.081 seconds
[2024-01-01T16:23:18.278+0100] {processor.py:161} INFO - Started process (PID=5956) to work on /home/ubuntu/.local/lib/python3.10/site-packages/airflow/example_dags/example_branch_day_of_week_operator.py
[2024-01-01T16:23:18.288+0100] {processor.py:830} INFO - Processing file /home/ubuntu/.local/lib/python3.10/site-packages/airflow/example_dags/example_branch_day_of_week_operator.py for tasks to queue
[2024-01-01T16:23:18.288+0100] {logging_mixin.py:188} INFO - [2024-01-01T16:23:18.288+0100] {dagbag.py:538} INFO - Filling up the DagBag from /home/ubuntu/.local/lib/python3.10/site-packages/airflow/example_dags/example_branch_day_of_week_operator.py
[2024-01-01T16:23:18.293+0100] {processor.py:840} INFO - DAG(s) 'example_weekday_branch_operator' retrieved from /home/ubuntu/.local/lib/python3.10/site-packages/airflow/example_dags/example_branch_day_of_week_operator.py
[2024-01-01T16:23:18.297+0100] {logging_mixin.py:188} INFO - [2024-01-01T16:23:18.297+0100] {dag.py:3033} INFO - Sync 1 DAGs
[2024-01-01T16:23:18.310+0100] {logging_mixin.py:188} INFO - [2024-01-01T16:23:18.310+0100] {dag.py:3820} INFO - Setting next_dagrun for example_weekday_branch_operator to 2023-12-31T00:00:00+00:00, run_after=2024-01-01T00:00:00+00:00
[2024-01-01T16:23:18.325+0100] {processor.py:183} INFO - Processing /home/ubuntu/.local/lib/python3.10/site-packages/airflow/example_dags/example_branch_day_of_week_operator.py took 0.048 seconds
[2024-01-01T16:24:17.829+0100] {processor.py:161} INFO - Started process (PID=6031) to work on /home/ubuntu/.local/lib/python3.10/site-packages/airflow/example_dags/example_branch_day_of_week_operator.py
[2024-01-01T16:24:17.840+0100] {processor.py:830} INFO - Processing file /home/ubuntu/.local/lib/python3.10/site-packages/airflow/example_dags/example_branch_day_of_week_operator.py for tasks to queue
[2024-01-01T16:24:17.842+0100] {logging_mixin.py:188} INFO - [2024-01-01T16:24:17.841+0100] {dagbag.py:538} INFO - Filling up the DagBag from /home/ubuntu/.local/lib/python3.10/site-packages/airflow/example_dags/example_branch_day_of_week_operator.py
[2024-01-01T16:24:17.853+0100] {processor.py:840} INFO - DAG(s) 'example_weekday_branch_operator' retrieved from /home/ubuntu/.local/lib/python3.10/site-packages/airflow/example_dags/example_branch_day_of_week_operator.py
[2024-01-01T16:24:17.916+0100] {logging_mixin.py:188} INFO - [2024-01-01T16:24:17.916+0100] {dag.py:3033} INFO - Sync 1 DAGs
[2024-01-01T16:24:17.927+0100] {logging_mixin.py:188} INFO - [2024-01-01T16:24:17.927+0100] {dag.py:3820} INFO - Setting next_dagrun for example_weekday_branch_operator to 2023-12-31T00:00:00+00:00, run_after=2024-01-01T00:00:00+00:00
[2024-01-01T16:24:17.940+0100] {processor.py:183} INFO - Processing /home/ubuntu/.local/lib/python3.10/site-packages/airflow/example_dags/example_branch_day_of_week_operator.py took 0.117 seconds
[2024-01-01T16:25:04.830+0100] {processor.py:161} INFO - Started process (PID=6218) to work on /home/ubuntu/.local/lib/python3.10/site-packages/airflow/example_dags/example_branch_day_of_week_operator.py
[2024-01-01T16:25:04.840+0100] {processor.py:830} INFO - Processing file /home/ubuntu/.local/lib/python3.10/site-packages/airflow/example_dags/example_branch_day_of_week_operator.py for tasks to queue
[2024-01-01T16:25:04.841+0100] {logging_mixin.py:188} INFO - [2024-01-01T16:25:04.841+0100] {dagbag.py:538} INFO - Filling up the DagBag from /home/ubuntu/.local/lib/python3.10/site-packages/airflow/example_dags/example_branch_day_of_week_operator.py
[2024-01-01T16:25:04.851+0100] {processor.py:840} INFO - DAG(s) 'example_weekday_branch_operator' retrieved from /home/ubuntu/.local/lib/python3.10/site-packages/airflow/example_dags/example_branch_day_of_week_operator.py
[2024-01-01T16:25:04.875+0100] {logging_mixin.py:188} INFO - [2024-01-01T16:25:04.874+0100] {dag.py:3033} INFO - Sync 1 DAGs
[2024-01-01T16:25:04.889+0100] {logging_mixin.py:188} INFO - [2024-01-01T16:25:04.888+0100] {dag.py:3820} INFO - Setting next_dagrun for example_weekday_branch_operator to 2023-12-31T00:00:00+00:00, run_after=2024-01-01T00:00:00+00:00
[2024-01-01T16:25:04.903+0100] {processor.py:183} INFO - Processing /home/ubuntu/.local/lib/python3.10/site-packages/airflow/example_dags/example_branch_day_of_week_operator.py took 0.077 seconds
[2024-01-01T16:25:52.885+0100] {processor.py:161} INFO - Started process (PID=6333) to work on /home/ubuntu/.local/lib/python3.10/site-packages/airflow/example_dags/example_branch_day_of_week_operator.py
[2024-01-01T16:25:52.886+0100] {processor.py:830} INFO - Processing file /home/ubuntu/.local/lib/python3.10/site-packages/airflow/example_dags/example_branch_day_of_week_operator.py for tasks to queue
[2024-01-01T16:25:52.886+0100] {logging_mixin.py:188} INFO - [2024-01-01T16:25:52.886+0100] {dagbag.py:538} INFO - Filling up the DagBag from /home/ubuntu/.local/lib/python3.10/site-packages/airflow/example_dags/example_branch_day_of_week_operator.py
[2024-01-01T16:25:52.891+0100] {processor.py:840} INFO - DAG(s) 'example_weekday_branch_operator' retrieved from /home/ubuntu/.local/lib/python3.10/site-packages/airflow/example_dags/example_branch_day_of_week_operator.py
[2024-01-01T16:25:52.906+0100] {logging_mixin.py:188} INFO - [2024-01-01T16:25:52.906+0100] {dag.py:3033} INFO - Sync 1 DAGs
[2024-01-01T16:25:52.921+0100] {logging_mixin.py:188} INFO - [2024-01-01T16:25:52.921+0100] {dag.py:3820} INFO - Setting next_dagrun for example_weekday_branch_operator to 2023-12-31T00:00:00+00:00, run_after=2024-01-01T00:00:00+00:00
[2024-01-01T16:25:52.946+0100] {processor.py:183} INFO - Processing /home/ubuntu/.local/lib/python3.10/site-packages/airflow/example_dags/example_branch_day_of_week_operator.py took 0.063 seconds
[2024-01-01T16:26:45.692+0100] {processor.py:161} INFO - Started process (PID=6446) to work on /home/ubuntu/.local/lib/python3.10/site-packages/airflow/example_dags/example_branch_day_of_week_operator.py
[2024-01-01T16:26:45.705+0100] {processor.py:830} INFO - Processing file /home/ubuntu/.local/lib/python3.10/site-packages/airflow/example_dags/example_branch_day_of_week_operator.py for tasks to queue
[2024-01-01T16:26:45.707+0100] {logging_mixin.py:188} INFO - [2024-01-01T16:26:45.706+0100] {dagbag.py:538} INFO - Filling up the DagBag from /home/ubuntu/.local/lib/python3.10/site-packages/airflow/example_dags/example_branch_day_of_week_operator.py
[2024-01-01T16:26:45.725+0100] {processor.py:840} INFO - DAG(s) 'example_weekday_branch_operator' retrieved from /home/ubuntu/.local/lib/python3.10/site-packages/airflow/example_dags/example_branch_day_of_week_operator.py
[2024-01-01T16:26:45.744+0100] {logging_mixin.py:188} INFO - [2024-01-01T16:26:45.744+0100] {dag.py:3033} INFO - Sync 1 DAGs
[2024-01-01T16:26:45.767+0100] {logging_mixin.py:188} INFO - [2024-01-01T16:26:45.767+0100] {dag.py:3820} INFO - Setting next_dagrun for example_weekday_branch_operator to 2023-12-31T00:00:00+00:00, run_after=2024-01-01T00:00:00+00:00
[2024-01-01T16:26:45.783+0100] {processor.py:183} INFO - Processing /home/ubuntu/.local/lib/python3.10/site-packages/airflow/example_dags/example_branch_day_of_week_operator.py took 0.099 seconds
[2024-01-01T16:27:34.827+0100] {processor.py:161} INFO - Started process (PID=6600) to work on /home/ubuntu/.local/lib/python3.10/site-packages/airflow/example_dags/example_branch_day_of_week_operator.py
[2024-01-01T16:27:34.837+0100] {processor.py:830} INFO - Processing file /home/ubuntu/.local/lib/python3.10/site-packages/airflow/example_dags/example_branch_day_of_week_operator.py for tasks to queue
[2024-01-01T16:27:34.838+0100] {logging_mixin.py:188} INFO - [2024-01-01T16:27:34.838+0100] {dagbag.py:538} INFO - Filling up the DagBag from /home/ubuntu/.local/lib/python3.10/site-packages/airflow/example_dags/example_branch_day_of_week_operator.py
[2024-01-01T16:27:34.843+0100] {processor.py:840} INFO - DAG(s) 'example_weekday_branch_operator' retrieved from /home/ubuntu/.local/lib/python3.10/site-packages/airflow/example_dags/example_branch_day_of_week_operator.py
[2024-01-01T16:27:34.857+0100] {logging_mixin.py:188} INFO - [2024-01-01T16:27:34.857+0100] {dag.py:3033} INFO - Sync 1 DAGs
[2024-01-01T16:27:34.873+0100] {logging_mixin.py:188} INFO - [2024-01-01T16:27:34.873+0100] {dag.py:3820} INFO - Setting next_dagrun for example_weekday_branch_operator to 2023-12-31T00:00:00+00:00, run_after=2024-01-01T00:00:00+00:00
[2024-01-01T16:27:34.890+0100] {processor.py:183} INFO - Processing /home/ubuntu/.local/lib/python3.10/site-packages/airflow/example_dags/example_branch_day_of_week_operator.py took 0.067 seconds
[2024-01-01T16:28:25.397+0100] {processor.py:161} INFO - Started process (PID=6758) to work on /home/ubuntu/.local/lib/python3.10/site-packages/airflow/example_dags/example_branch_day_of_week_operator.py
[2024-01-01T16:28:25.402+0100] {processor.py:830} INFO - Processing file /home/ubuntu/.local/lib/python3.10/site-packages/airflow/example_dags/example_branch_day_of_week_operator.py for tasks to queue
[2024-01-01T16:28:25.403+0100] {logging_mixin.py:188} INFO - [2024-01-01T16:28:25.403+0100] {dagbag.py:538} INFO - Filling up the DagBag from /home/ubuntu/.local/lib/python3.10/site-packages/airflow/example_dags/example_branch_day_of_week_operator.py
[2024-01-01T16:28:25.413+0100] {processor.py:840} INFO - DAG(s) 'example_weekday_branch_operator' retrieved from /home/ubuntu/.local/lib/python3.10/site-packages/airflow/example_dags/example_branch_day_of_week_operator.py
[2024-01-01T16:28:25.431+0100] {logging_mixin.py:188} INFO - [2024-01-01T16:28:25.431+0100] {dag.py:3033} INFO - Sync 1 DAGs
[2024-01-01T16:28:25.447+0100] {logging_mixin.py:188} INFO - [2024-01-01T16:28:25.446+0100] {dag.py:3820} INFO - Setting next_dagrun for example_weekday_branch_operator to 2023-12-31T00:00:00+00:00, run_after=2024-01-01T00:00:00+00:00
[2024-01-01T16:28:25.460+0100] {processor.py:183} INFO - Processing /home/ubuntu/.local/lib/python3.10/site-packages/airflow/example_dags/example_branch_day_of_week_operator.py took 0.066 seconds
[2024-01-01T16:29:19.730+0100] {processor.py:161} INFO - Started process (PID=6830) to work on /home/ubuntu/.local/lib/python3.10/site-packages/airflow/example_dags/example_branch_day_of_week_operator.py
[2024-01-01T16:29:19.740+0100] {processor.py:830} INFO - Processing file /home/ubuntu/.local/lib/python3.10/site-packages/airflow/example_dags/example_branch_day_of_week_operator.py for tasks to queue
[2024-01-01T16:29:19.740+0100] {logging_mixin.py:188} INFO - [2024-01-01T16:29:19.740+0100] {dagbag.py:538} INFO - Filling up the DagBag from /home/ubuntu/.local/lib/python3.10/site-packages/airflow/example_dags/example_branch_day_of_week_operator.py
[2024-01-01T16:29:19.745+0100] {processor.py:840} INFO - DAG(s) 'example_weekday_branch_operator' retrieved from /home/ubuntu/.local/lib/python3.10/site-packages/airflow/example_dags/example_branch_day_of_week_operator.py
[2024-01-01T16:29:19.757+0100] {logging_mixin.py:188} INFO - [2024-01-01T16:29:19.757+0100] {dag.py:3033} INFO - Sync 1 DAGs
[2024-01-01T16:29:19.773+0100] {logging_mixin.py:188} INFO - [2024-01-01T16:29:19.772+0100] {dag.py:3820} INFO - Setting next_dagrun for example_weekday_branch_operator to 2023-12-31T00:00:00+00:00, run_after=2024-01-01T00:00:00+00:00
[2024-01-01T16:29:19.790+0100] {processor.py:183} INFO - Processing /home/ubuntu/.local/lib/python3.10/site-packages/airflow/example_dags/example_branch_day_of_week_operator.py took 0.062 seconds
[2024-01-01T16:30:12.848+0100] {processor.py:161} INFO - Started process (PID=6944) to work on /home/ubuntu/.local/lib/python3.10/site-packages/airflow/example_dags/example_branch_day_of_week_operator.py
[2024-01-01T16:30:12.849+0100] {processor.py:830} INFO - Processing file /home/ubuntu/.local/lib/python3.10/site-packages/airflow/example_dags/example_branch_day_of_week_operator.py for tasks to queue
[2024-01-01T16:30:12.851+0100] {logging_mixin.py:188} INFO - [2024-01-01T16:30:12.850+0100] {dagbag.py:538} INFO - Filling up the DagBag from /home/ubuntu/.local/lib/python3.10/site-packages/airflow/example_dags/example_branch_day_of_week_operator.py
[2024-01-01T16:30:12.862+0100] {processor.py:840} INFO - DAG(s) 'example_weekday_branch_operator' retrieved from /home/ubuntu/.local/lib/python3.10/site-packages/airflow/example_dags/example_branch_day_of_week_operator.py
[2024-01-01T16:30:12.883+0100] {logging_mixin.py:188} INFO - [2024-01-01T16:30:12.882+0100] {dag.py:3033} INFO - Sync 1 DAGs
[2024-01-01T16:30:12.898+0100] {logging_mixin.py:188} INFO - [2024-01-01T16:30:12.898+0100] {dag.py:3820} INFO - Setting next_dagrun for example_weekday_branch_operator to 2023-12-31T00:00:00+00:00, run_after=2024-01-01T00:00:00+00:00
[2024-01-01T16:30:12.923+0100] {processor.py:183} INFO - Processing /home/ubuntu/.local/lib/python3.10/site-packages/airflow/example_dags/example_branch_day_of_week_operator.py took 0.080 seconds
[2024-01-01T16:31:08.741+0100] {processor.py:161} INFO - Started process (PID=7069) to work on /home/ubuntu/.local/lib/python3.10/site-packages/airflow/example_dags/example_branch_day_of_week_operator.py
[2024-01-01T16:31:08.742+0100] {processor.py:830} INFO - Processing file /home/ubuntu/.local/lib/python3.10/site-packages/airflow/example_dags/example_branch_day_of_week_operator.py for tasks to queue
[2024-01-01T16:31:08.743+0100] {logging_mixin.py:188} INFO - [2024-01-01T16:31:08.743+0100] {dagbag.py:538} INFO - Filling up the DagBag from /home/ubuntu/.local/lib/python3.10/site-packages/airflow/example_dags/example_branch_day_of_week_operator.py
[2024-01-01T16:31:08.750+0100] {processor.py:840} INFO - DAG(s) 'example_weekday_branch_operator' retrieved from /home/ubuntu/.local/lib/python3.10/site-packages/airflow/example_dags/example_branch_day_of_week_operator.py
[2024-01-01T16:31:08.769+0100] {logging_mixin.py:188} INFO - [2024-01-01T16:31:08.768+0100] {dag.py:3033} INFO - Sync 1 DAGs
[2024-01-01T16:31:08.791+0100] {logging_mixin.py:188} INFO - [2024-01-01T16:31:08.791+0100] {dag.py:3820} INFO - Setting next_dagrun for example_weekday_branch_operator to 2023-12-31T00:00:00+00:00, run_after=2024-01-01T00:00:00+00:00
[2024-01-01T16:31:08.813+0100] {processor.py:183} INFO - Processing /home/ubuntu/.local/lib/python3.10/site-packages/airflow/example_dags/example_branch_day_of_week_operator.py took 0.075 seconds
[2024-01-01T16:31:59.869+0100] {processor.py:161} INFO - Started process (PID=7164) to work on /home/ubuntu/.local/lib/python3.10/site-packages/airflow/example_dags/example_branch_day_of_week_operator.py
[2024-01-01T16:31:59.878+0100] {processor.py:830} INFO - Processing file /home/ubuntu/.local/lib/python3.10/site-packages/airflow/example_dags/example_branch_day_of_week_operator.py for tasks to queue
[2024-01-01T16:31:59.879+0100] {logging_mixin.py:188} INFO - [2024-01-01T16:31:59.879+0100] {dagbag.py:538} INFO - Filling up the DagBag from /home/ubuntu/.local/lib/python3.10/site-packages/airflow/example_dags/example_branch_day_of_week_operator.py
[2024-01-01T16:31:59.885+0100] {processor.py:840} INFO - DAG(s) 'example_weekday_branch_operator' retrieved from /home/ubuntu/.local/lib/python3.10/site-packages/airflow/example_dags/example_branch_day_of_week_operator.py
[2024-01-01T16:31:59.898+0100] {logging_mixin.py:188} INFO - [2024-01-01T16:31:59.898+0100] {dag.py:3033} INFO - Sync 1 DAGs
[2024-01-01T16:31:59.915+0100] {logging_mixin.py:188} INFO - [2024-01-01T16:31:59.915+0100] {dag.py:3820} INFO - Setting next_dagrun for example_weekday_branch_operator to 2023-12-31T00:00:00+00:00, run_after=2024-01-01T00:00:00+00:00
[2024-01-01T16:31:59.933+0100] {processor.py:183} INFO - Processing /home/ubuntu/.local/lib/python3.10/site-packages/airflow/example_dags/example_branch_day_of_week_operator.py took 0.067 seconds
[2024-01-01T16:33:00.010+0100] {processor.py:161} INFO - Started process (PID=7370) to work on /home/ubuntu/.local/lib/python3.10/site-packages/airflow/example_dags/example_branch_day_of_week_operator.py
[2024-01-01T16:33:00.012+0100] {processor.py:830} INFO - Processing file /home/ubuntu/.local/lib/python3.10/site-packages/airflow/example_dags/example_branch_day_of_week_operator.py for tasks to queue
[2024-01-01T16:33:00.012+0100] {logging_mixin.py:188} INFO - [2024-01-01T16:33:00.012+0100] {dagbag.py:538} INFO - Filling up the DagBag from /home/ubuntu/.local/lib/python3.10/site-packages/airflow/example_dags/example_branch_day_of_week_operator.py
[2024-01-01T16:33:00.021+0100] {processor.py:840} INFO - DAG(s) 'example_weekday_branch_operator' retrieved from /home/ubuntu/.local/lib/python3.10/site-packages/airflow/example_dags/example_branch_day_of_week_operator.py
[2024-01-01T16:33:00.035+0100] {logging_mixin.py:188} INFO - [2024-01-01T16:33:00.035+0100] {dag.py:3033} INFO - Sync 1 DAGs
[2024-01-01T16:33:00.056+0100] {logging_mixin.py:188} INFO - [2024-01-01T16:33:00.055+0100] {dag.py:3820} INFO - Setting next_dagrun for example_weekday_branch_operator to 2023-12-31T00:00:00+00:00, run_after=2024-01-01T00:00:00+00:00
[2024-01-01T16:33:00.085+0100] {processor.py:183} INFO - Processing /home/ubuntu/.local/lib/python3.10/site-packages/airflow/example_dags/example_branch_day_of_week_operator.py took 0.078 seconds
[2024-01-01T16:33:43.380+0100] {processor.py:161} INFO - Started process (PID=7471) to work on /home/ubuntu/.local/lib/python3.10/site-packages/airflow/example_dags/example_branch_day_of_week_operator.py
[2024-01-01T16:33:43.382+0100] {processor.py:830} INFO - Processing file /home/ubuntu/.local/lib/python3.10/site-packages/airflow/example_dags/example_branch_day_of_week_operator.py for tasks to queue
[2024-01-01T16:33:43.384+0100] {logging_mixin.py:188} INFO - [2024-01-01T16:33:43.383+0100] {dagbag.py:538} INFO - Filling up the DagBag from /home/ubuntu/.local/lib/python3.10/site-packages/airflow/example_dags/example_branch_day_of_week_operator.py
[2024-01-01T16:33:43.400+0100] {processor.py:840} INFO - DAG(s) 'example_weekday_branch_operator' retrieved from /home/ubuntu/.local/lib/python3.10/site-packages/airflow/example_dags/example_branch_day_of_week_operator.py
[2024-01-01T16:33:43.417+0100] {logging_mixin.py:188} INFO - [2024-01-01T16:33:43.417+0100] {dag.py:3033} INFO - Sync 1 DAGs
[2024-01-01T16:33:43.434+0100] {logging_mixin.py:188} INFO - [2024-01-01T16:33:43.434+0100] {dag.py:3820} INFO - Setting next_dagrun for example_weekday_branch_operator to 2023-12-31T00:00:00+00:00, run_after=2024-01-01T00:00:00+00:00
[2024-01-01T16:33:43.449+0100] {processor.py:183} INFO - Processing /home/ubuntu/.local/lib/python3.10/site-packages/airflow/example_dags/example_branch_day_of_week_operator.py took 0.077 seconds
[2024-01-01T16:34:24.139+0100] {processor.py:161} INFO - Started process (PID=7619) to work on /home/ubuntu/.local/lib/python3.10/site-packages/airflow/example_dags/example_branch_day_of_week_operator.py
[2024-01-01T16:34:24.151+0100] {processor.py:830} INFO - Processing file /home/ubuntu/.local/lib/python3.10/site-packages/airflow/example_dags/example_branch_day_of_week_operator.py for tasks to queue
[2024-01-01T16:34:24.153+0100] {logging_mixin.py:188} INFO - [2024-01-01T16:34:24.152+0100] {dagbag.py:538} INFO - Filling up the DagBag from /home/ubuntu/.local/lib/python3.10/site-packages/airflow/example_dags/example_branch_day_of_week_operator.py
[2024-01-01T16:34:24.171+0100] {processor.py:840} INFO - DAG(s) 'example_weekday_branch_operator' retrieved from /home/ubuntu/.local/lib/python3.10/site-packages/airflow/example_dags/example_branch_day_of_week_operator.py
[2024-01-01T16:34:24.188+0100] {logging_mixin.py:188} INFO - [2024-01-01T16:34:24.188+0100] {dag.py:3033} INFO - Sync 1 DAGs
[2024-01-01T16:34:24.203+0100] {logging_mixin.py:188} INFO - [2024-01-01T16:34:24.203+0100] {dag.py:3820} INFO - Setting next_dagrun for example_weekday_branch_operator to 2023-12-31T00:00:00+00:00, run_after=2024-01-01T00:00:00+00:00
[2024-01-01T16:34:24.219+0100] {processor.py:183} INFO - Processing /home/ubuntu/.local/lib/python3.10/site-packages/airflow/example_dags/example_branch_day_of_week_operator.py took 0.087 seconds
