[2024-01-01T15:42:44.387+0100] {processor.py:161} INFO - Started process (PID=7992) to work on /home/ubuntu/.local/lib/python3.10/site-packages/airflow/example_dags/example_params_trigger_ui.py
[2024-01-01T15:42:44.388+0100] {processor.py:830} INFO - Processing file /home/ubuntu/.local/lib/python3.10/site-packages/airflow/example_dags/example_params_trigger_ui.py for tasks to queue
[2024-01-01T15:42:44.389+0100] {logging_mixin.py:188} INFO - [2024-01-01T15:42:44.388+0100] {dagbag.py:538} INFO - Filling up the DagBag from /home/ubuntu/.local/lib/python3.10/site-packages/airflow/example_dags/example_params_trigger_ui.py
[2024-01-01T15:42:44.400+0100] {processor.py:840} INFO - DAG(s) 'example_params_trigger_ui' retrieved from /home/ubuntu/.local/lib/python3.10/site-packages/airflow/example_dags/example_params_trigger_ui.py
[2024-01-01T15:42:44.407+0100] {logging_mixin.py:188} INFO - [2024-01-01T15:42:44.406+0100] {dag.py:3033} INFO - Sync 1 DAGs
[2024-01-01T15:42:44.417+0100] {logging_mixin.py:188} INFO - [2024-01-01T15:42:44.416+0100] {dag.py:3820} INFO - Setting next_dagrun for example_params_trigger_ui to None, run_after=None
[2024-01-01T15:42:44.431+0100] {processor.py:183} INFO - Processing /home/ubuntu/.local/lib/python3.10/site-packages/airflow/example_dags/example_params_trigger_ui.py took 0.047 seconds
[2024-01-01T15:43:32.940+0100] {processor.py:161} INFO - Started process (PID=8061) to work on /home/ubuntu/.local/lib/python3.10/site-packages/airflow/example_dags/example_params_trigger_ui.py
[2024-01-01T15:43:32.950+0100] {processor.py:830} INFO - Processing file /home/ubuntu/.local/lib/python3.10/site-packages/airflow/example_dags/example_params_trigger_ui.py for tasks to queue
[2024-01-01T15:43:32.951+0100] {logging_mixin.py:188} INFO - [2024-01-01T15:43:32.950+0100] {dagbag.py:538} INFO - Filling up the DagBag from /home/ubuntu/.local/lib/python3.10/site-packages/airflow/example_dags/example_params_trigger_ui.py
[2024-01-01T15:43:32.958+0100] {processor.py:840} INFO - DAG(s) 'example_params_trigger_ui' retrieved from /home/ubuntu/.local/lib/python3.10/site-packages/airflow/example_dags/example_params_trigger_ui.py
[2024-01-01T15:43:33.025+0100] {logging_mixin.py:188} INFO - [2024-01-01T15:43:33.025+0100] {dag.py:3033} INFO - Sync 1 DAGs
[2024-01-01T15:43:33.031+0100] {logging_mixin.py:188} INFO - [2024-01-01T15:43:33.031+0100] {dag.py:3820} INFO - Setting next_dagrun for example_params_trigger_ui to None, run_after=None
[2024-01-01T15:43:33.046+0100] {processor.py:183} INFO - Processing /home/ubuntu/.local/lib/python3.10/site-packages/airflow/example_dags/example_params_trigger_ui.py took 0.107 seconds
[2024-01-01T15:44:20.787+0100] {processor.py:161} INFO - Started process (PID=8259) to work on /home/ubuntu/.local/lib/python3.10/site-packages/airflow/example_dags/example_params_trigger_ui.py
[2024-01-01T15:44:20.790+0100] {processor.py:830} INFO - Processing file /home/ubuntu/.local/lib/python3.10/site-packages/airflow/example_dags/example_params_trigger_ui.py for tasks to queue
[2024-01-01T15:44:20.792+0100] {logging_mixin.py:188} INFO - [2024-01-01T15:44:20.791+0100] {dagbag.py:538} INFO - Filling up the DagBag from /home/ubuntu/.local/lib/python3.10/site-packages/airflow/example_dags/example_params_trigger_ui.py
[2024-01-01T15:44:20.817+0100] {processor.py:840} INFO - DAG(s) 'example_params_trigger_ui' retrieved from /home/ubuntu/.local/lib/python3.10/site-packages/airflow/example_dags/example_params_trigger_ui.py
[2024-01-01T15:44:20.850+0100] {logging_mixin.py:188} INFO - [2024-01-01T15:44:20.850+0100] {dag.py:3033} INFO - Sync 1 DAGs
[2024-01-01T15:44:20.856+0100] {logging_mixin.py:188} INFO - [2024-01-01T15:44:20.856+0100] {dag.py:3820} INFO - Setting next_dagrun for example_params_trigger_ui to None, run_after=None
[2024-01-01T15:44:20.871+0100] {processor.py:183} INFO - Processing /home/ubuntu/.local/lib/python3.10/site-packages/airflow/example_dags/example_params_trigger_ui.py took 0.092 seconds
[2024-01-01T15:45:36.369+0100] {processor.py:161} INFO - Started process (PID=8693) to work on /home/ubuntu/.local/lib/python3.10/site-packages/airflow/example_dags/example_params_trigger_ui.py
[2024-01-01T15:45:36.371+0100] {processor.py:830} INFO - Processing file /home/ubuntu/.local/lib/python3.10/site-packages/airflow/example_dags/example_params_trigger_ui.py for tasks to queue
[2024-01-01T15:45:36.376+0100] {logging_mixin.py:188} INFO - [2024-01-01T15:45:36.372+0100] {dagbag.py:538} INFO - Filling up the DagBag from /home/ubuntu/.local/lib/python3.10/site-packages/airflow/example_dags/example_params_trigger_ui.py
[2024-01-01T15:45:36.442+0100] {processor.py:840} INFO - DAG(s) 'example_params_trigger_ui' retrieved from /home/ubuntu/.local/lib/python3.10/site-packages/airflow/example_dags/example_params_trigger_ui.py
[2024-01-01T15:45:36.510+0100] {logging_mixin.py:188} INFO - [2024-01-01T15:45:36.507+0100] {dag.py:3033} INFO - Sync 1 DAGs
[2024-01-01T15:45:36.526+0100] {logging_mixin.py:188} INFO - [2024-01-01T15:45:36.526+0100] {dag.py:3820} INFO - Setting next_dagrun for example_params_trigger_ui to None, run_after=None
[2024-01-01T15:45:36.556+0100] {processor.py:183} INFO - Processing /home/ubuntu/.local/lib/python3.10/site-packages/airflow/example_dags/example_params_trigger_ui.py took 0.189 seconds
[2024-01-01T16:09:21.154+0100] {processor.py:161} INFO - Started process (PID=4150) to work on /home/ubuntu/.local/lib/python3.10/site-packages/airflow/example_dags/example_params_trigger_ui.py
[2024-01-01T16:09:21.166+0100] {processor.py:830} INFO - Processing file /home/ubuntu/.local/lib/python3.10/site-packages/airflow/example_dags/example_params_trigger_ui.py for tasks to queue
[2024-01-01T16:09:21.168+0100] {logging_mixin.py:188} INFO - [2024-01-01T16:09:21.167+0100] {dagbag.py:538} INFO - Filling up the DagBag from /home/ubuntu/.local/lib/python3.10/site-packages/airflow/example_dags/example_params_trigger_ui.py
[2024-01-01T16:09:21.181+0100] {processor.py:840} INFO - DAG(s) 'example_params_trigger_ui' retrieved from /home/ubuntu/.local/lib/python3.10/site-packages/airflow/example_dags/example_params_trigger_ui.py
[2024-01-01T16:09:21.186+0100] {logging_mixin.py:188} INFO - [2024-01-01T16:09:21.186+0100] {dag.py:3033} INFO - Sync 1 DAGs
[2024-01-01T16:09:21.193+0100] {logging_mixin.py:188} INFO - [2024-01-01T16:09:21.193+0100] {dag.py:3820} INFO - Setting next_dagrun for example_params_trigger_ui to None, run_after=None
[2024-01-01T16:09:21.219+0100] {processor.py:183} INFO - Processing /home/ubuntu/.local/lib/python3.10/site-packages/airflow/example_dags/example_params_trigger_ui.py took 0.071 seconds
[2024-01-01T16:10:13.199+0100] {processor.py:161} INFO - Started process (PID=4410) to work on /home/ubuntu/.local/lib/python3.10/site-packages/airflow/example_dags/example_params_trigger_ui.py
[2024-01-01T16:10:13.199+0100] {processor.py:830} INFO - Processing file /home/ubuntu/.local/lib/python3.10/site-packages/airflow/example_dags/example_params_trigger_ui.py for tasks to queue
[2024-01-01T16:10:13.200+0100] {logging_mixin.py:188} INFO - [2024-01-01T16:10:13.200+0100] {dagbag.py:538} INFO - Filling up the DagBag from /home/ubuntu/.local/lib/python3.10/site-packages/airflow/example_dags/example_params_trigger_ui.py
[2024-01-01T16:10:13.208+0100] {processor.py:840} INFO - DAG(s) 'example_params_trigger_ui' retrieved from /home/ubuntu/.local/lib/python3.10/site-packages/airflow/example_dags/example_params_trigger_ui.py
[2024-01-01T16:10:13.285+0100] {logging_mixin.py:188} INFO - [2024-01-01T16:10:13.284+0100] {dag.py:3033} INFO - Sync 1 DAGs
[2024-01-01T16:10:13.290+0100] {logging_mixin.py:188} INFO - [2024-01-01T16:10:13.290+0100] {dag.py:3820} INFO - Setting next_dagrun for example_params_trigger_ui to None, run_after=None
[2024-01-01T16:10:13.304+0100] {processor.py:183} INFO - Processing /home/ubuntu/.local/lib/python3.10/site-packages/airflow/example_dags/example_params_trigger_ui.py took 0.107 seconds
[2024-01-01T16:11:00.312+0100] {processor.py:161} INFO - Started process (PID=4500) to work on /home/ubuntu/.local/lib/python3.10/site-packages/airflow/example_dags/example_params_trigger_ui.py
[2024-01-01T16:11:00.323+0100] {processor.py:830} INFO - Processing file /home/ubuntu/.local/lib/python3.10/site-packages/airflow/example_dags/example_params_trigger_ui.py for tasks to queue
[2024-01-01T16:11:00.325+0100] {logging_mixin.py:188} INFO - [2024-01-01T16:11:00.325+0100] {dagbag.py:538} INFO - Filling up the DagBag from /home/ubuntu/.local/lib/python3.10/site-packages/airflow/example_dags/example_params_trigger_ui.py
[2024-01-01T16:11:00.352+0100] {processor.py:840} INFO - DAG(s) 'example_params_trigger_ui' retrieved from /home/ubuntu/.local/lib/python3.10/site-packages/airflow/example_dags/example_params_trigger_ui.py
[2024-01-01T16:11:00.387+0100] {logging_mixin.py:188} INFO - [2024-01-01T16:11:00.387+0100] {dag.py:3033} INFO - Sync 1 DAGs
[2024-01-01T16:11:00.394+0100] {logging_mixin.py:188} INFO - [2024-01-01T16:11:00.394+0100] {dag.py:3820} INFO - Setting next_dagrun for example_params_trigger_ui to None, run_after=None
[2024-01-01T16:11:00.408+0100] {processor.py:183} INFO - Processing /home/ubuntu/.local/lib/python3.10/site-packages/airflow/example_dags/example_params_trigger_ui.py took 0.102 seconds
[2024-01-01T16:11:53.288+0100] {processor.py:161} INFO - Started process (PID=4564) to work on /home/ubuntu/.local/lib/python3.10/site-packages/airflow/example_dags/example_params_trigger_ui.py
[2024-01-01T16:11:53.298+0100] {processor.py:830} INFO - Processing file /home/ubuntu/.local/lib/python3.10/site-packages/airflow/example_dags/example_params_trigger_ui.py for tasks to queue
[2024-01-01T16:11:53.299+0100] {logging_mixin.py:188} INFO - [2024-01-01T16:11:53.298+0100] {dagbag.py:538} INFO - Filling up the DagBag from /home/ubuntu/.local/lib/python3.10/site-packages/airflow/example_dags/example_params_trigger_ui.py
[2024-01-01T16:11:53.313+0100] {processor.py:840} INFO - DAG(s) 'example_params_trigger_ui' retrieved from /home/ubuntu/.local/lib/python3.10/site-packages/airflow/example_dags/example_params_trigger_ui.py
[2024-01-01T16:11:53.342+0100] {logging_mixin.py:188} INFO - [2024-01-01T16:11:53.342+0100] {dag.py:3033} INFO - Sync 1 DAGs
[2024-01-01T16:11:53.349+0100] {logging_mixin.py:188} INFO - [2024-01-01T16:11:53.349+0100] {dag.py:3820} INFO - Setting next_dagrun for example_params_trigger_ui to None, run_after=None
[2024-01-01T16:11:53.364+0100] {processor.py:183} INFO - Processing /home/ubuntu/.local/lib/python3.10/site-packages/airflow/example_dags/example_params_trigger_ui.py took 0.078 seconds
[2024-01-01T16:12:48.927+0100] {processor.py:161} INFO - Started process (PID=4776) to work on /home/ubuntu/.local/lib/python3.10/site-packages/airflow/example_dags/example_params_trigger_ui.py
[2024-01-01T16:12:48.928+0100] {processor.py:830} INFO - Processing file /home/ubuntu/.local/lib/python3.10/site-packages/airflow/example_dags/example_params_trigger_ui.py for tasks to queue
[2024-01-01T16:12:48.929+0100] {logging_mixin.py:188} INFO - [2024-01-01T16:12:48.928+0100] {dagbag.py:538} INFO - Filling up the DagBag from /home/ubuntu/.local/lib/python3.10/site-packages/airflow/example_dags/example_params_trigger_ui.py
[2024-01-01T16:12:48.945+0100] {processor.py:840} INFO - DAG(s) 'example_params_trigger_ui' retrieved from /home/ubuntu/.local/lib/python3.10/site-packages/airflow/example_dags/example_params_trigger_ui.py
[2024-01-01T16:12:48.975+0100] {logging_mixin.py:188} INFO - [2024-01-01T16:12:48.975+0100] {dag.py:3033} INFO - Sync 1 DAGs
[2024-01-01T16:12:48.982+0100] {logging_mixin.py:188} INFO - [2024-01-01T16:12:48.982+0100] {dag.py:3820} INFO - Setting next_dagrun for example_params_trigger_ui to None, run_after=None
[2024-01-01T16:12:49.010+0100] {processor.py:183} INFO - Processing /home/ubuntu/.local/lib/python3.10/site-packages/airflow/example_dags/example_params_trigger_ui.py took 0.085 seconds
[2024-01-01T16:13:45.422+0100] {processor.py:161} INFO - Started process (PID=4847) to work on /home/ubuntu/.local/lib/python3.10/site-packages/airflow/example_dags/example_params_trigger_ui.py
[2024-01-01T16:13:45.422+0100] {processor.py:830} INFO - Processing file /home/ubuntu/.local/lib/python3.10/site-packages/airflow/example_dags/example_params_trigger_ui.py for tasks to queue
[2024-01-01T16:13:45.423+0100] {logging_mixin.py:188} INFO - [2024-01-01T16:13:45.423+0100] {dagbag.py:538} INFO - Filling up the DagBag from /home/ubuntu/.local/lib/python3.10/site-packages/airflow/example_dags/example_params_trigger_ui.py
[2024-01-01T16:13:45.431+0100] {processor.py:840} INFO - DAG(s) 'example_params_trigger_ui' retrieved from /home/ubuntu/.local/lib/python3.10/site-packages/airflow/example_dags/example_params_trigger_ui.py
[2024-01-01T16:13:45.456+0100] {logging_mixin.py:188} INFO - [2024-01-01T16:13:45.456+0100] {dag.py:3033} INFO - Sync 1 DAGs
[2024-01-01T16:13:45.463+0100] {logging_mixin.py:188} INFO - [2024-01-01T16:13:45.463+0100] {dag.py:3820} INFO - Setting next_dagrun for example_params_trigger_ui to None, run_after=None
[2024-01-01T16:13:45.488+0100] {processor.py:183} INFO - Processing /home/ubuntu/.local/lib/python3.10/site-packages/airflow/example_dags/example_params_trigger_ui.py took 0.068 seconds
[2024-01-01T16:14:38.341+0100] {processor.py:161} INFO - Started process (PID=4964) to work on /home/ubuntu/.local/lib/python3.10/site-packages/airflow/example_dags/example_params_trigger_ui.py
[2024-01-01T16:14:38.351+0100] {processor.py:830} INFO - Processing file /home/ubuntu/.local/lib/python3.10/site-packages/airflow/example_dags/example_params_trigger_ui.py for tasks to queue
[2024-01-01T16:14:38.352+0100] {logging_mixin.py:188} INFO - [2024-01-01T16:14:38.352+0100] {dagbag.py:538} INFO - Filling up the DagBag from /home/ubuntu/.local/lib/python3.10/site-packages/airflow/example_dags/example_params_trigger_ui.py
[2024-01-01T16:14:38.374+0100] {processor.py:840} INFO - DAG(s) 'example_params_trigger_ui' retrieved from /home/ubuntu/.local/lib/python3.10/site-packages/airflow/example_dags/example_params_trigger_ui.py
[2024-01-01T16:14:38.408+0100] {logging_mixin.py:188} INFO - [2024-01-01T16:14:38.408+0100] {dag.py:3033} INFO - Sync 1 DAGs
[2024-01-01T16:14:38.417+0100] {logging_mixin.py:188} INFO - [2024-01-01T16:14:38.416+0100] {dag.py:3820} INFO - Setting next_dagrun for example_params_trigger_ui to None, run_after=None
[2024-01-01T16:14:38.430+0100] {processor.py:183} INFO - Processing /home/ubuntu/.local/lib/python3.10/site-packages/airflow/example_dags/example_params_trigger_ui.py took 0.094 seconds
[2024-01-01T16:15:29.642+0100] {processor.py:161} INFO - Started process (PID=5049) to work on /home/ubuntu/.local/lib/python3.10/site-packages/airflow/example_dags/example_params_trigger_ui.py
[2024-01-01T16:15:29.643+0100] {processor.py:830} INFO - Processing file /home/ubuntu/.local/lib/python3.10/site-packages/airflow/example_dags/example_params_trigger_ui.py for tasks to queue
[2024-01-01T16:15:29.643+0100] {logging_mixin.py:188} INFO - [2024-01-01T16:15:29.643+0100] {dagbag.py:538} INFO - Filling up the DagBag from /home/ubuntu/.local/lib/python3.10/site-packages/airflow/example_dags/example_params_trigger_ui.py
[2024-01-01T16:15:29.652+0100] {processor.py:840} INFO - DAG(s) 'example_params_trigger_ui' retrieved from /home/ubuntu/.local/lib/python3.10/site-packages/airflow/example_dags/example_params_trigger_ui.py
[2024-01-01T16:15:29.686+0100] {logging_mixin.py:188} INFO - [2024-01-01T16:15:29.685+0100] {dag.py:3033} INFO - Sync 1 DAGs
[2024-01-01T16:15:29.693+0100] {logging_mixin.py:188} INFO - [2024-01-01T16:15:29.693+0100] {dag.py:3820} INFO - Setting next_dagrun for example_params_trigger_ui to None, run_after=None
[2024-01-01T16:15:29.711+0100] {processor.py:183} INFO - Processing /home/ubuntu/.local/lib/python3.10/site-packages/airflow/example_dags/example_params_trigger_ui.py took 0.071 seconds
[2024-01-01T16:16:25.169+0100] {processor.py:161} INFO - Started process (PID=5199) to work on /home/ubuntu/.local/lib/python3.10/site-packages/airflow/example_dags/example_params_trigger_ui.py
[2024-01-01T16:16:25.179+0100] {processor.py:830} INFO - Processing file /home/ubuntu/.local/lib/python3.10/site-packages/airflow/example_dags/example_params_trigger_ui.py for tasks to queue
[2024-01-01T16:16:25.180+0100] {logging_mixin.py:188} INFO - [2024-01-01T16:16:25.180+0100] {dagbag.py:538} INFO - Filling up the DagBag from /home/ubuntu/.local/lib/python3.10/site-packages/airflow/example_dags/example_params_trigger_ui.py
[2024-01-01T16:16:25.190+0100] {processor.py:840} INFO - DAG(s) 'example_params_trigger_ui' retrieved from /home/ubuntu/.local/lib/python3.10/site-packages/airflow/example_dags/example_params_trigger_ui.py
[2024-01-01T16:16:25.218+0100] {logging_mixin.py:188} INFO - [2024-01-01T16:16:25.218+0100] {dag.py:3033} INFO - Sync 1 DAGs
[2024-01-01T16:16:25.225+0100] {logging_mixin.py:188} INFO - [2024-01-01T16:16:25.225+0100] {dag.py:3820} INFO - Setting next_dagrun for example_params_trigger_ui to None, run_after=None
[2024-01-01T16:16:25.239+0100] {processor.py:183} INFO - Processing /home/ubuntu/.local/lib/python3.10/site-packages/airflow/example_dags/example_params_trigger_ui.py took 0.072 seconds
[2024-01-01T16:17:20.579+0100] {processor.py:161} INFO - Started process (PID=5268) to work on /home/ubuntu/.local/lib/python3.10/site-packages/airflow/example_dags/example_params_trigger_ui.py
[2024-01-01T16:17:20.589+0100] {processor.py:830} INFO - Processing file /home/ubuntu/.local/lib/python3.10/site-packages/airflow/example_dags/example_params_trigger_ui.py for tasks to queue
[2024-01-01T16:17:20.590+0100] {logging_mixin.py:188} INFO - [2024-01-01T16:17:20.590+0100] {dagbag.py:538} INFO - Filling up the DagBag from /home/ubuntu/.local/lib/python3.10/site-packages/airflow/example_dags/example_params_trigger_ui.py
[2024-01-01T16:17:20.598+0100] {processor.py:840} INFO - DAG(s) 'example_params_trigger_ui' retrieved from /home/ubuntu/.local/lib/python3.10/site-packages/airflow/example_dags/example_params_trigger_ui.py
[2024-01-01T16:17:20.623+0100] {logging_mixin.py:188} INFO - [2024-01-01T16:17:20.623+0100] {dag.py:3033} INFO - Sync 1 DAGs
[2024-01-01T16:17:20.630+0100] {logging_mixin.py:188} INFO - [2024-01-01T16:17:20.630+0100] {dag.py:3820} INFO - Setting next_dagrun for example_params_trigger_ui to None, run_after=None
[2024-01-01T16:17:20.652+0100] {processor.py:183} INFO - Processing /home/ubuntu/.local/lib/python3.10/site-packages/airflow/example_dags/example_params_trigger_ui.py took 0.075 seconds
[2024-01-01T16:18:13.626+0100] {processor.py:161} INFO - Started process (PID=5333) to work on /home/ubuntu/.local/lib/python3.10/site-packages/airflow/example_dags/example_params_trigger_ui.py
[2024-01-01T16:18:13.626+0100] {processor.py:830} INFO - Processing file /home/ubuntu/.local/lib/python3.10/site-packages/airflow/example_dags/example_params_trigger_ui.py for tasks to queue
[2024-01-01T16:18:13.627+0100] {logging_mixin.py:188} INFO - [2024-01-01T16:18:13.627+0100] {dagbag.py:538} INFO - Filling up the DagBag from /home/ubuntu/.local/lib/python3.10/site-packages/airflow/example_dags/example_params_trigger_ui.py
[2024-01-01T16:18:13.635+0100] {processor.py:840} INFO - DAG(s) 'example_params_trigger_ui' retrieved from /home/ubuntu/.local/lib/python3.10/site-packages/airflow/example_dags/example_params_trigger_ui.py
[2024-01-01T16:18:13.660+0100] {logging_mixin.py:188} INFO - [2024-01-01T16:18:13.660+0100] {dag.py:3033} INFO - Sync 1 DAGs
[2024-01-01T16:18:13.667+0100] {logging_mixin.py:188} INFO - [2024-01-01T16:18:13.667+0100] {dag.py:3820} INFO - Setting next_dagrun for example_params_trigger_ui to None, run_after=None
[2024-01-01T16:18:13.708+0100] {processor.py:183} INFO - Processing /home/ubuntu/.local/lib/python3.10/site-packages/airflow/example_dags/example_params_trigger_ui.py took 0.084 seconds
[2024-01-01T16:19:06.490+0100] {processor.py:161} INFO - Started process (PID=5443) to work on /home/ubuntu/.local/lib/python3.10/site-packages/airflow/example_dags/example_params_trigger_ui.py
[2024-01-01T16:19:06.492+0100] {processor.py:830} INFO - Processing file /home/ubuntu/.local/lib/python3.10/site-packages/airflow/example_dags/example_params_trigger_ui.py for tasks to queue
[2024-01-01T16:19:06.494+0100] {logging_mixin.py:188} INFO - [2024-01-01T16:19:06.493+0100] {dagbag.py:538} INFO - Filling up the DagBag from /home/ubuntu/.local/lib/python3.10/site-packages/airflow/example_dags/example_params_trigger_ui.py
[2024-01-01T16:19:06.525+0100] {processor.py:840} INFO - DAG(s) 'example_params_trigger_ui' retrieved from /home/ubuntu/.local/lib/python3.10/site-packages/airflow/example_dags/example_params_trigger_ui.py
[2024-01-01T16:19:06.558+0100] {logging_mixin.py:188} INFO - [2024-01-01T16:19:06.558+0100] {dag.py:3033} INFO - Sync 1 DAGs
[2024-01-01T16:19:06.565+0100] {logging_mixin.py:188} INFO - [2024-01-01T16:19:06.565+0100] {dag.py:3820} INFO - Setting next_dagrun for example_params_trigger_ui to None, run_after=None
[2024-01-01T16:19:06.595+0100] {processor.py:183} INFO - Processing /home/ubuntu/.local/lib/python3.10/site-packages/airflow/example_dags/example_params_trigger_ui.py took 0.110 seconds
[2024-01-01T16:20:08.784+0100] {processor.py:161} INFO - Started process (PID=5577) to work on /home/ubuntu/.local/lib/python3.10/site-packages/airflow/example_dags/example_params_trigger_ui.py
[2024-01-01T16:20:08.785+0100] {processor.py:830} INFO - Processing file /home/ubuntu/.local/lib/python3.10/site-packages/airflow/example_dags/example_params_trigger_ui.py for tasks to queue
[2024-01-01T16:20:08.786+0100] {logging_mixin.py:188} INFO - [2024-01-01T16:20:08.785+0100] {dagbag.py:538} INFO - Filling up the DagBag from /home/ubuntu/.local/lib/python3.10/site-packages/airflow/example_dags/example_params_trigger_ui.py
[2024-01-01T16:20:08.799+0100] {processor.py:840} INFO - DAG(s) 'example_params_trigger_ui' retrieved from /home/ubuntu/.local/lib/python3.10/site-packages/airflow/example_dags/example_params_trigger_ui.py
[2024-01-01T16:20:08.804+0100] {logging_mixin.py:188} INFO - [2024-01-01T16:20:08.804+0100] {dag.py:3033} INFO - Sync 1 DAGs
[2024-01-01T16:20:08.812+0100] {logging_mixin.py:188} INFO - [2024-01-01T16:20:08.812+0100] {dag.py:3820} INFO - Setting next_dagrun for example_params_trigger_ui to None, run_after=None
[2024-01-01T16:20:08.835+0100] {processor.py:183} INFO - Processing /home/ubuntu/.local/lib/python3.10/site-packages/airflow/example_dags/example_params_trigger_ui.py took 0.054 seconds
[2024-01-01T16:21:00.965+0100] {processor.py:161} INFO - Started process (PID=5787) to work on /home/ubuntu/.local/lib/python3.10/site-packages/airflow/example_dags/example_params_trigger_ui.py
[2024-01-01T16:21:00.976+0100] {processor.py:830} INFO - Processing file /home/ubuntu/.local/lib/python3.10/site-packages/airflow/example_dags/example_params_trigger_ui.py for tasks to queue
[2024-01-01T16:21:00.976+0100] {logging_mixin.py:188} INFO - [2024-01-01T16:21:00.976+0100] {dagbag.py:538} INFO - Filling up the DagBag from /home/ubuntu/.local/lib/python3.10/site-packages/airflow/example_dags/example_params_trigger_ui.py
[2024-01-01T16:21:00.985+0100] {processor.py:840} INFO - DAG(s) 'example_params_trigger_ui' retrieved from /home/ubuntu/.local/lib/python3.10/site-packages/airflow/example_dags/example_params_trigger_ui.py
[2024-01-01T16:21:01.066+0100] {logging_mixin.py:188} INFO - [2024-01-01T16:21:01.066+0100] {dag.py:3033} INFO - Sync 1 DAGs
[2024-01-01T16:21:01.072+0100] {logging_mixin.py:188} INFO - [2024-01-01T16:21:01.072+0100] {dag.py:3820} INFO - Setting next_dagrun for example_params_trigger_ui to None, run_after=None
[2024-01-01T16:21:01.086+0100] {processor.py:183} INFO - Processing /home/ubuntu/.local/lib/python3.10/site-packages/airflow/example_dags/example_params_trigger_ui.py took 0.124 seconds
[2024-01-01T16:21:47.630+0100] {processor.py:161} INFO - Started process (PID=5873) to work on /home/ubuntu/.local/lib/python3.10/site-packages/airflow/example_dags/example_params_trigger_ui.py
[2024-01-01T16:21:47.640+0100] {processor.py:830} INFO - Processing file /home/ubuntu/.local/lib/python3.10/site-packages/airflow/example_dags/example_params_trigger_ui.py for tasks to queue
[2024-01-01T16:21:47.641+0100] {logging_mixin.py:188} INFO - [2024-01-01T16:21:47.641+0100] {dagbag.py:538} INFO - Filling up the DagBag from /home/ubuntu/.local/lib/python3.10/site-packages/airflow/example_dags/example_params_trigger_ui.py
[2024-01-01T16:21:47.650+0100] {processor.py:840} INFO - DAG(s) 'example_params_trigger_ui' retrieved from /home/ubuntu/.local/lib/python3.10/site-packages/airflow/example_dags/example_params_trigger_ui.py
[2024-01-01T16:21:47.676+0100] {logging_mixin.py:188} INFO - [2024-01-01T16:21:47.676+0100] {dag.py:3033} INFO - Sync 1 DAGs
[2024-01-01T16:21:47.684+0100] {logging_mixin.py:188} INFO - [2024-01-01T16:21:47.683+0100] {dag.py:3820} INFO - Setting next_dagrun for example_params_trigger_ui to None, run_after=None
[2024-01-01T16:21:47.700+0100] {processor.py:183} INFO - Processing /home/ubuntu/.local/lib/python3.10/site-packages/airflow/example_dags/example_params_trigger_ui.py took 0.072 seconds
[2024-01-01T16:23:22.297+0100] {processor.py:161} INFO - Started process (PID=5964) to work on /home/ubuntu/.local/lib/python3.10/site-packages/airflow/example_dags/example_params_trigger_ui.py
[2024-01-01T16:23:22.298+0100] {processor.py:830} INFO - Processing file /home/ubuntu/.local/lib/python3.10/site-packages/airflow/example_dags/example_params_trigger_ui.py for tasks to queue
[2024-01-01T16:23:22.299+0100] {logging_mixin.py:188} INFO - [2024-01-01T16:23:22.299+0100] {dagbag.py:538} INFO - Filling up the DagBag from /home/ubuntu/.local/lib/python3.10/site-packages/airflow/example_dags/example_params_trigger_ui.py
[2024-01-01T16:23:22.308+0100] {processor.py:840} INFO - DAG(s) 'example_params_trigger_ui' retrieved from /home/ubuntu/.local/lib/python3.10/site-packages/airflow/example_dags/example_params_trigger_ui.py
[2024-01-01T16:23:22.312+0100] {logging_mixin.py:188} INFO - [2024-01-01T16:23:22.312+0100] {dag.py:3033} INFO - Sync 1 DAGs
[2024-01-01T16:23:22.320+0100] {logging_mixin.py:188} INFO - [2024-01-01T16:23:22.319+0100] {dag.py:3820} INFO - Setting next_dagrun for example_params_trigger_ui to None, run_after=None
[2024-01-01T16:23:22.334+0100] {processor.py:183} INFO - Processing /home/ubuntu/.local/lib/python3.10/site-packages/airflow/example_dags/example_params_trigger_ui.py took 0.039 seconds
[2024-01-01T16:24:21.866+0100] {processor.py:161} INFO - Started process (PID=6037) to work on /home/ubuntu/.local/lib/python3.10/site-packages/airflow/example_dags/example_params_trigger_ui.py
[2024-01-01T16:24:21.878+0100] {processor.py:830} INFO - Processing file /home/ubuntu/.local/lib/python3.10/site-packages/airflow/example_dags/example_params_trigger_ui.py for tasks to queue
[2024-01-01T16:24:21.879+0100] {logging_mixin.py:188} INFO - [2024-01-01T16:24:21.879+0100] {dagbag.py:538} INFO - Filling up the DagBag from /home/ubuntu/.local/lib/python3.10/site-packages/airflow/example_dags/example_params_trigger_ui.py
[2024-01-01T16:24:21.895+0100] {processor.py:840} INFO - DAG(s) 'example_params_trigger_ui' retrieved from /home/ubuntu/.local/lib/python3.10/site-packages/airflow/example_dags/example_params_trigger_ui.py
[2024-01-01T16:24:21.968+0100] {logging_mixin.py:188} INFO - [2024-01-01T16:24:21.968+0100] {dag.py:3033} INFO - Sync 1 DAGs
[2024-01-01T16:24:21.974+0100] {logging_mixin.py:188} INFO - [2024-01-01T16:24:21.973+0100] {dag.py:3820} INFO - Setting next_dagrun for example_params_trigger_ui to None, run_after=None
[2024-01-01T16:24:21.988+0100] {processor.py:183} INFO - Processing /home/ubuntu/.local/lib/python3.10/site-packages/airflow/example_dags/example_params_trigger_ui.py took 0.129 seconds
[2024-01-01T16:25:08.468+0100] {processor.py:161} INFO - Started process (PID=6223) to work on /home/ubuntu/.local/lib/python3.10/site-packages/airflow/example_dags/example_params_trigger_ui.py
[2024-01-01T16:25:08.478+0100] {processor.py:830} INFO - Processing file /home/ubuntu/.local/lib/python3.10/site-packages/airflow/example_dags/example_params_trigger_ui.py for tasks to queue
[2024-01-01T16:25:08.479+0100] {logging_mixin.py:188} INFO - [2024-01-01T16:25:08.479+0100] {dagbag.py:538} INFO - Filling up the DagBag from /home/ubuntu/.local/lib/python3.10/site-packages/airflow/example_dags/example_params_trigger_ui.py
[2024-01-01T16:25:08.488+0100] {processor.py:840} INFO - DAG(s) 'example_params_trigger_ui' retrieved from /home/ubuntu/.local/lib/python3.10/site-packages/airflow/example_dags/example_params_trigger_ui.py
[2024-01-01T16:25:08.520+0100] {logging_mixin.py:188} INFO - [2024-01-01T16:25:08.519+0100] {dag.py:3033} INFO - Sync 1 DAGs
[2024-01-01T16:25:08.530+0100] {logging_mixin.py:188} INFO - [2024-01-01T16:25:08.530+0100] {dag.py:3820} INFO - Setting next_dagrun for example_params_trigger_ui to None, run_after=None
[2024-01-01T16:25:08.551+0100] {processor.py:183} INFO - Processing /home/ubuntu/.local/lib/python3.10/site-packages/airflow/example_dags/example_params_trigger_ui.py took 0.086 seconds
[2024-01-01T16:26:00.988+0100] {processor.py:161} INFO - Started process (PID=6346) to work on /home/ubuntu/.local/lib/python3.10/site-packages/airflow/example_dags/example_params_trigger_ui.py
[2024-01-01T16:26:00.998+0100] {processor.py:830} INFO - Processing file /home/ubuntu/.local/lib/python3.10/site-packages/airflow/example_dags/example_params_trigger_ui.py for tasks to queue
[2024-01-01T16:26:01.000+0100] {logging_mixin.py:188} INFO - [2024-01-01T16:26:00.999+0100] {dagbag.py:538} INFO - Filling up the DagBag from /home/ubuntu/.local/lib/python3.10/site-packages/airflow/example_dags/example_params_trigger_ui.py
[2024-01-01T16:26:01.020+0100] {processor.py:840} INFO - DAG(s) 'example_params_trigger_ui' retrieved from /home/ubuntu/.local/lib/python3.10/site-packages/airflow/example_dags/example_params_trigger_ui.py
[2024-01-01T16:26:01.054+0100] {logging_mixin.py:188} INFO - [2024-01-01T16:26:01.054+0100] {dag.py:3033} INFO - Sync 1 DAGs
[2024-01-01T16:26:01.061+0100] {logging_mixin.py:188} INFO - [2024-01-01T16:26:01.061+0100] {dag.py:3820} INFO - Setting next_dagrun for example_params_trigger_ui to None, run_after=None
[2024-01-01T16:26:01.077+0100] {processor.py:183} INFO - Processing /home/ubuntu/.local/lib/python3.10/site-packages/airflow/example_dags/example_params_trigger_ui.py took 0.093 seconds
[2024-01-01T16:26:49.429+0100] {processor.py:161} INFO - Started process (PID=6453) to work on /home/ubuntu/.local/lib/python3.10/site-packages/airflow/example_dags/example_params_trigger_ui.py
[2024-01-01T16:26:49.430+0100] {processor.py:830} INFO - Processing file /home/ubuntu/.local/lib/python3.10/site-packages/airflow/example_dags/example_params_trigger_ui.py for tasks to queue
[2024-01-01T16:26:49.431+0100] {logging_mixin.py:188} INFO - [2024-01-01T16:26:49.430+0100] {dagbag.py:538} INFO - Filling up the DagBag from /home/ubuntu/.local/lib/python3.10/site-packages/airflow/example_dags/example_params_trigger_ui.py
[2024-01-01T16:26:49.440+0100] {processor.py:840} INFO - DAG(s) 'example_params_trigger_ui' retrieved from /home/ubuntu/.local/lib/python3.10/site-packages/airflow/example_dags/example_params_trigger_ui.py
[2024-01-01T16:26:49.474+0100] {logging_mixin.py:188} INFO - [2024-01-01T16:26:49.474+0100] {dag.py:3033} INFO - Sync 1 DAGs
[2024-01-01T16:26:49.486+0100] {logging_mixin.py:188} INFO - [2024-01-01T16:26:49.486+0100] {dag.py:3820} INFO - Setting next_dagrun for example_params_trigger_ui to None, run_after=None
[2024-01-01T16:26:49.508+0100] {processor.py:183} INFO - Processing /home/ubuntu/.local/lib/python3.10/site-packages/airflow/example_dags/example_params_trigger_ui.py took 0.081 seconds
[2024-01-01T16:27:38.731+0100] {processor.py:161} INFO - Started process (PID=6604) to work on /home/ubuntu/.local/lib/python3.10/site-packages/airflow/example_dags/example_params_trigger_ui.py
[2024-01-01T16:27:38.741+0100] {processor.py:830} INFO - Processing file /home/ubuntu/.local/lib/python3.10/site-packages/airflow/example_dags/example_params_trigger_ui.py for tasks to queue
[2024-01-01T16:27:38.741+0100] {logging_mixin.py:188} INFO - [2024-01-01T16:27:38.741+0100] {dagbag.py:538} INFO - Filling up the DagBag from /home/ubuntu/.local/lib/python3.10/site-packages/airflow/example_dags/example_params_trigger_ui.py
[2024-01-01T16:27:38.749+0100] {processor.py:840} INFO - DAG(s) 'example_params_trigger_ui' retrieved from /home/ubuntu/.local/lib/python3.10/site-packages/airflow/example_dags/example_params_trigger_ui.py
[2024-01-01T16:27:38.774+0100] {logging_mixin.py:188} INFO - [2024-01-01T16:27:38.774+0100] {dag.py:3033} INFO - Sync 1 DAGs
[2024-01-01T16:27:38.780+0100] {logging_mixin.py:188} INFO - [2024-01-01T16:27:38.780+0100] {dag.py:3820} INFO - Setting next_dagrun for example_params_trigger_ui to None, run_after=None
[2024-01-01T16:27:38.804+0100] {processor.py:183} INFO - Processing /home/ubuntu/.local/lib/python3.10/site-packages/airflow/example_dags/example_params_trigger_ui.py took 0.075 seconds
[2024-01-01T16:28:29.423+0100] {processor.py:161} INFO - Started process (PID=6762) to work on /home/ubuntu/.local/lib/python3.10/site-packages/airflow/example_dags/example_params_trigger_ui.py
[2024-01-01T16:28:29.435+0100] {processor.py:830} INFO - Processing file /home/ubuntu/.local/lib/python3.10/site-packages/airflow/example_dags/example_params_trigger_ui.py for tasks to queue
[2024-01-01T16:28:29.437+0100] {logging_mixin.py:188} INFO - [2024-01-01T16:28:29.436+0100] {dagbag.py:538} INFO - Filling up the DagBag from /home/ubuntu/.local/lib/python3.10/site-packages/airflow/example_dags/example_params_trigger_ui.py
[2024-01-01T16:28:29.447+0100] {processor.py:840} INFO - DAG(s) 'example_params_trigger_ui' retrieved from /home/ubuntu/.local/lib/python3.10/site-packages/airflow/example_dags/example_params_trigger_ui.py
[2024-01-01T16:28:29.472+0100] {logging_mixin.py:188} INFO - [2024-01-01T16:28:29.472+0100] {dag.py:3033} INFO - Sync 1 DAGs
[2024-01-01T16:28:29.480+0100] {logging_mixin.py:188} INFO - [2024-01-01T16:28:29.480+0100] {dag.py:3820} INFO - Setting next_dagrun for example_params_trigger_ui to None, run_after=None
[2024-01-01T16:28:29.494+0100] {processor.py:183} INFO - Processing /home/ubuntu/.local/lib/python3.10/site-packages/airflow/example_dags/example_params_trigger_ui.py took 0.078 seconds
[2024-01-01T16:29:23.751+0100] {processor.py:161} INFO - Started process (PID=6842) to work on /home/ubuntu/.local/lib/python3.10/site-packages/airflow/example_dags/example_params_trigger_ui.py
[2024-01-01T16:29:23.753+0100] {processor.py:830} INFO - Processing file /home/ubuntu/.local/lib/python3.10/site-packages/airflow/example_dags/example_params_trigger_ui.py for tasks to queue
[2024-01-01T16:29:23.755+0100] {logging_mixin.py:188} INFO - [2024-01-01T16:29:23.755+0100] {dagbag.py:538} INFO - Filling up the DagBag from /home/ubuntu/.local/lib/python3.10/site-packages/airflow/example_dags/example_params_trigger_ui.py
[2024-01-01T16:29:23.778+0100] {processor.py:840} INFO - DAG(s) 'example_params_trigger_ui' retrieved from /home/ubuntu/.local/lib/python3.10/site-packages/airflow/example_dags/example_params_trigger_ui.py
[2024-01-01T16:29:23.810+0100] {logging_mixin.py:188} INFO - [2024-01-01T16:29:23.809+0100] {dag.py:3033} INFO - Sync 1 DAGs
[2024-01-01T16:29:23.817+0100] {logging_mixin.py:188} INFO - [2024-01-01T16:29:23.817+0100] {dag.py:3820} INFO - Setting next_dagrun for example_params_trigger_ui to None, run_after=None
[2024-01-01T16:29:23.834+0100] {processor.py:183} INFO - Processing /home/ubuntu/.local/lib/python3.10/site-packages/airflow/example_dags/example_params_trigger_ui.py took 0.092 seconds
[2024-01-01T16:30:16.885+0100] {processor.py:161} INFO - Started process (PID=6960) to work on /home/ubuntu/.local/lib/python3.10/site-packages/airflow/example_dags/example_params_trigger_ui.py
[2024-01-01T16:30:16.886+0100] {processor.py:830} INFO - Processing file /home/ubuntu/.local/lib/python3.10/site-packages/airflow/example_dags/example_params_trigger_ui.py for tasks to queue
[2024-01-01T16:30:16.887+0100] {logging_mixin.py:188} INFO - [2024-01-01T16:30:16.886+0100] {dagbag.py:538} INFO - Filling up the DagBag from /home/ubuntu/.local/lib/python3.10/site-packages/airflow/example_dags/example_params_trigger_ui.py
[2024-01-01T16:30:16.900+0100] {processor.py:840} INFO - DAG(s) 'example_params_trigger_ui' retrieved from /home/ubuntu/.local/lib/python3.10/site-packages/airflow/example_dags/example_params_trigger_ui.py
[2024-01-01T16:30:16.929+0100] {logging_mixin.py:188} INFO - [2024-01-01T16:30:16.929+0100] {dag.py:3033} INFO - Sync 1 DAGs
[2024-01-01T16:30:16.938+0100] {logging_mixin.py:188} INFO - [2024-01-01T16:30:16.938+0100] {dag.py:3820} INFO - Setting next_dagrun for example_params_trigger_ui to None, run_after=None
[2024-01-01T16:30:16.962+0100] {processor.py:183} INFO - Processing /home/ubuntu/.local/lib/python3.10/site-packages/airflow/example_dags/example_params_trigger_ui.py took 0.081 seconds
[2024-01-01T16:31:12.007+0100] {processor.py:161} INFO - Started process (PID=7073) to work on /home/ubuntu/.local/lib/python3.10/site-packages/airflow/example_dags/example_params_trigger_ui.py
[2024-01-01T16:31:12.010+0100] {processor.py:830} INFO - Processing file /home/ubuntu/.local/lib/python3.10/site-packages/airflow/example_dags/example_params_trigger_ui.py for tasks to queue
[2024-01-01T16:31:12.011+0100] {logging_mixin.py:188} INFO - [2024-01-01T16:31:12.011+0100] {dagbag.py:538} INFO - Filling up the DagBag from /home/ubuntu/.local/lib/python3.10/site-packages/airflow/example_dags/example_params_trigger_ui.py
[2024-01-01T16:31:12.025+0100] {processor.py:840} INFO - DAG(s) 'example_params_trigger_ui' retrieved from /home/ubuntu/.local/lib/python3.10/site-packages/airflow/example_dags/example_params_trigger_ui.py
[2024-01-01T16:31:12.066+0100] {logging_mixin.py:188} INFO - [2024-01-01T16:31:12.066+0100] {dag.py:3033} INFO - Sync 1 DAGs
[2024-01-01T16:31:12.078+0100] {logging_mixin.py:188} INFO - [2024-01-01T16:31:12.078+0100] {dag.py:3820} INFO - Setting next_dagrun for example_params_trigger_ui to None, run_after=None
[2024-01-01T16:31:12.111+0100] {processor.py:183} INFO - Processing /home/ubuntu/.local/lib/python3.10/site-packages/airflow/example_dags/example_params_trigger_ui.py took 0.107 seconds
[2024-01-01T16:32:04.411+0100] {processor.py:161} INFO - Started process (PID=7168) to work on /home/ubuntu/.local/lib/python3.10/site-packages/airflow/example_dags/example_params_trigger_ui.py
[2024-01-01T16:32:04.421+0100] {processor.py:830} INFO - Processing file /home/ubuntu/.local/lib/python3.10/site-packages/airflow/example_dags/example_params_trigger_ui.py for tasks to queue
[2024-01-01T16:32:04.422+0100] {logging_mixin.py:188} INFO - [2024-01-01T16:32:04.422+0100] {dagbag.py:538} INFO - Filling up the DagBag from /home/ubuntu/.local/lib/python3.10/site-packages/airflow/example_dags/example_params_trigger_ui.py
[2024-01-01T16:32:04.439+0100] {processor.py:840} INFO - DAG(s) 'example_params_trigger_ui' retrieved from /home/ubuntu/.local/lib/python3.10/site-packages/airflow/example_dags/example_params_trigger_ui.py
[2024-01-01T16:32:04.476+0100] {logging_mixin.py:188} INFO - [2024-01-01T16:32:04.476+0100] {dag.py:3033} INFO - Sync 1 DAGs
[2024-01-01T16:32:04.485+0100] {logging_mixin.py:188} INFO - [2024-01-01T16:32:04.485+0100] {dag.py:3820} INFO - Setting next_dagrun for example_params_trigger_ui to None, run_after=None
[2024-01-01T16:32:04.503+0100] {processor.py:183} INFO - Processing /home/ubuntu/.local/lib/python3.10/site-packages/airflow/example_dags/example_params_trigger_ui.py took 0.097 seconds
[2024-01-01T16:33:04.048+0100] {processor.py:161} INFO - Started process (PID=7377) to work on /home/ubuntu/.local/lib/python3.10/site-packages/airflow/example_dags/example_params_trigger_ui.py
[2024-01-01T16:33:04.062+0100] {processor.py:830} INFO - Processing file /home/ubuntu/.local/lib/python3.10/site-packages/airflow/example_dags/example_params_trigger_ui.py for tasks to queue
[2024-01-01T16:33:04.064+0100] {logging_mixin.py:188} INFO - [2024-01-01T16:33:04.063+0100] {dagbag.py:538} INFO - Filling up the DagBag from /home/ubuntu/.local/lib/python3.10/site-packages/airflow/example_dags/example_params_trigger_ui.py
[2024-01-01T16:33:04.091+0100] {processor.py:840} INFO - DAG(s) 'example_params_trigger_ui' retrieved from /home/ubuntu/.local/lib/python3.10/site-packages/airflow/example_dags/example_params_trigger_ui.py
[2024-01-01T16:33:04.127+0100] {logging_mixin.py:188} INFO - [2024-01-01T16:33:04.127+0100] {dag.py:3033} INFO - Sync 1 DAGs
[2024-01-01T16:33:04.136+0100] {logging_mixin.py:188} INFO - [2024-01-01T16:33:04.136+0100] {dag.py:3820} INFO - Setting next_dagrun for example_params_trigger_ui to None, run_after=None
[2024-01-01T16:33:04.156+0100] {processor.py:183} INFO - Processing /home/ubuntu/.local/lib/python3.10/site-packages/airflow/example_dags/example_params_trigger_ui.py took 0.115 seconds
[2024-01-01T16:34:03.776+0100] {processor.py:161} INFO - Started process (PID=7509) to work on /home/ubuntu/.local/lib/python3.10/site-packages/airflow/example_dags/example_params_trigger_ui.py
[2024-01-01T16:34:03.777+0100] {processor.py:830} INFO - Processing file /home/ubuntu/.local/lib/python3.10/site-packages/airflow/example_dags/example_params_trigger_ui.py for tasks to queue
[2024-01-01T16:34:03.778+0100] {logging_mixin.py:188} INFO - [2024-01-01T16:34:03.778+0100] {dagbag.py:538} INFO - Filling up the DagBag from /home/ubuntu/.local/lib/python3.10/site-packages/airflow/example_dags/example_params_trigger_ui.py
[2024-01-01T16:34:03.793+0100] {processor.py:840} INFO - DAG(s) 'example_params_trigger_ui' retrieved from /home/ubuntu/.local/lib/python3.10/site-packages/airflow/example_dags/example_params_trigger_ui.py
[2024-01-01T16:34:03.837+0100] {logging_mixin.py:188} INFO - [2024-01-01T16:34:03.836+0100] {dag.py:3033} INFO - Sync 1 DAGs
[2024-01-01T16:34:03.847+0100] {logging_mixin.py:188} INFO - [2024-01-01T16:34:03.847+0100] {dag.py:3820} INFO - Setting next_dagrun for example_params_trigger_ui to None, run_after=None
[2024-01-01T16:34:03.885+0100] {processor.py:183} INFO - Processing /home/ubuntu/.local/lib/python3.10/site-packages/airflow/example_dags/example_params_trigger_ui.py took 0.112 seconds
