[2024-01-01T15:42:50.821+0100] {processor.py:161} INFO - Started process (PID=7998) to work on /home/ubuntu/.local/lib/python3.10/site-packages/airflow/example_dags/example_bash_operator.py
[2024-01-01T15:42:50.822+0100] {processor.py:830} INFO - Processing file /home/ubuntu/.local/lib/python3.10/site-packages/airflow/example_dags/example_bash_operator.py for tasks to queue
[2024-01-01T15:42:50.823+0100] {logging_mixin.py:188} INFO - [2024-01-01T15:42:50.822+0100] {dagbag.py:538} INFO - Filling up the DagBag from /home/ubuntu/.local/lib/python3.10/site-packages/airflow/example_dags/example_bash_operator.py
[2024-01-01T15:42:50.833+0100] {processor.py:840} INFO - DAG(s) 'example_bash_operator' retrieved from /home/ubuntu/.local/lib/python3.10/site-packages/airflow/example_dags/example_bash_operator.py
[2024-01-01T15:42:50.894+0100] {logging_mixin.py:188} INFO - [2024-01-01T15:42:50.894+0100] {dag.py:3033} INFO - Sync 1 DAGs
[2024-01-01T15:42:50.904+0100] {logging_mixin.py:188} INFO - [2024-01-01T15:42:50.904+0100] {dag.py:3820} INFO - Setting next_dagrun for example_bash_operator to 2023-12-31T00:00:00+00:00, run_after=2024-01-01T00:00:00+00:00
[2024-01-01T15:42:50.927+0100] {processor.py:183} INFO - Processing /home/ubuntu/.local/lib/python3.10/site-packages/airflow/example_dags/example_bash_operator.py took 0.108 seconds
[2024-01-01T15:43:38.877+0100] {processor.py:161} INFO - Started process (PID=8069) to work on /home/ubuntu/.local/lib/python3.10/site-packages/airflow/example_dags/example_bash_operator.py
[2024-01-01T15:43:38.877+0100] {processor.py:830} INFO - Processing file /home/ubuntu/.local/lib/python3.10/site-packages/airflow/example_dags/example_bash_operator.py for tasks to queue
[2024-01-01T15:43:38.878+0100] {logging_mixin.py:188} INFO - [2024-01-01T15:43:38.878+0100] {dagbag.py:538} INFO - Filling up the DagBag from /home/ubuntu/.local/lib/python3.10/site-packages/airflow/example_dags/example_bash_operator.py
[2024-01-01T15:43:38.885+0100] {processor.py:840} INFO - DAG(s) 'example_bash_operator' retrieved from /home/ubuntu/.local/lib/python3.10/site-packages/airflow/example_dags/example_bash_operator.py
[2024-01-01T15:43:38.899+0100] {logging_mixin.py:188} INFO - [2024-01-01T15:43:38.899+0100] {dag.py:3033} INFO - Sync 1 DAGs
[2024-01-01T15:43:38.911+0100] {logging_mixin.py:188} INFO - [2024-01-01T15:43:38.911+0100] {dag.py:3820} INFO - Setting next_dagrun for example_bash_operator to 2023-12-31T00:00:00+00:00, run_after=2024-01-01T00:00:00+00:00
[2024-01-01T15:43:38.926+0100] {processor.py:183} INFO - Processing /home/ubuntu/.local/lib/python3.10/site-packages/airflow/example_dags/example_bash_operator.py took 0.051 seconds
[2024-01-01T15:44:35.303+0100] {processor.py:161} INFO - Started process (PID=8279) to work on /home/ubuntu/.local/lib/python3.10/site-packages/airflow/example_dags/example_bash_operator.py
[2024-01-01T15:44:35.304+0100] {processor.py:830} INFO - Processing file /home/ubuntu/.local/lib/python3.10/site-packages/airflow/example_dags/example_bash_operator.py for tasks to queue
[2024-01-01T15:44:35.305+0100] {logging_mixin.py:188} INFO - [2024-01-01T15:44:35.305+0100] {dagbag.py:538} INFO - Filling up the DagBag from /home/ubuntu/.local/lib/python3.10/site-packages/airflow/example_dags/example_bash_operator.py
[2024-01-01T15:44:35.314+0100] {processor.py:840} INFO - DAG(s) 'example_bash_operator' retrieved from /home/ubuntu/.local/lib/python3.10/site-packages/airflow/example_dags/example_bash_operator.py
[2024-01-01T15:44:35.328+0100] {logging_mixin.py:188} INFO - [2024-01-01T15:44:35.328+0100] {dag.py:3033} INFO - Sync 1 DAGs
[2024-01-01T15:44:35.341+0100] {logging_mixin.py:188} INFO - [2024-01-01T15:44:35.341+0100] {dag.py:3820} INFO - Setting next_dagrun for example_bash_operator to 2023-12-31T00:00:00+00:00, run_after=2024-01-01T00:00:00+00:00
[2024-01-01T15:44:35.356+0100] {processor.py:183} INFO - Processing /home/ubuntu/.local/lib/python3.10/site-packages/airflow/example_dags/example_bash_operator.py took 0.055 seconds
[2024-01-01T15:46:12.101+0100] {processor.py:161} INFO - Started process (PID=8718) to work on /home/ubuntu/.local/lib/python3.10/site-packages/airflow/example_dags/example_bash_operator.py
[2024-01-01T15:46:12.106+0100] {processor.py:830} INFO - Processing file /home/ubuntu/.local/lib/python3.10/site-packages/airflow/example_dags/example_bash_operator.py for tasks to queue
[2024-01-01T15:46:12.118+0100] {logging_mixin.py:188} INFO - [2024-01-01T15:46:12.110+0100] {dagbag.py:538} INFO - Filling up the DagBag from /home/ubuntu/.local/lib/python3.10/site-packages/airflow/example_dags/example_bash_operator.py
[2024-01-01T15:46:12.266+0100] {processor.py:840} INFO - DAG(s) 'example_bash_operator' retrieved from /home/ubuntu/.local/lib/python3.10/site-packages/airflow/example_dags/example_bash_operator.py
[2024-01-01T15:46:12.423+0100] {logging_mixin.py:188} INFO - [2024-01-01T15:46:12.414+0100] {dag.py:3033} INFO - Sync 1 DAGs
[2024-01-01T15:46:12.607+0100] {logging_mixin.py:188} INFO - [2024-01-01T15:46:12.597+0100] {dag.py:3820} INFO - Setting next_dagrun for example_bash_operator to 2023-12-31T00:00:00+00:00, run_after=2024-01-01T00:00:00+00:00
[2024-01-01T15:46:12.680+0100] {processor.py:183} INFO - Processing /home/ubuntu/.local/lib/python3.10/site-packages/airflow/example_dags/example_bash_operator.py took 0.594 seconds
[2024-01-01T16:09:26.379+0100] {processor.py:161} INFO - Started process (PID=4156) to work on /home/ubuntu/.local/lib/python3.10/site-packages/airflow/example_dags/example_bash_operator.py
[2024-01-01T16:09:26.389+0100] {processor.py:830} INFO - Processing file /home/ubuntu/.local/lib/python3.10/site-packages/airflow/example_dags/example_bash_operator.py for tasks to queue
[2024-01-01T16:09:26.391+0100] {logging_mixin.py:188} INFO - [2024-01-01T16:09:26.390+0100] {dagbag.py:538} INFO - Filling up the DagBag from /home/ubuntu/.local/lib/python3.10/site-packages/airflow/example_dags/example_bash_operator.py
[2024-01-01T16:09:26.404+0100] {processor.py:840} INFO - DAG(s) 'example_bash_operator' retrieved from /home/ubuntu/.local/lib/python3.10/site-packages/airflow/example_dags/example_bash_operator.py
[2024-01-01T16:09:26.503+0100] {logging_mixin.py:188} INFO - [2024-01-01T16:09:26.503+0100] {dag.py:3033} INFO - Sync 1 DAGs
[2024-01-01T16:09:26.513+0100] {logging_mixin.py:188} INFO - [2024-01-01T16:09:26.513+0100] {dag.py:3820} INFO - Setting next_dagrun for example_bash_operator to 2023-12-31T00:00:00+00:00, run_after=2024-01-01T00:00:00+00:00
[2024-01-01T16:09:26.551+0100] {processor.py:183} INFO - Processing /home/ubuntu/.local/lib/python3.10/site-packages/airflow/example_dags/example_bash_operator.py took 0.176 seconds
[2024-01-01T16:10:19.001+0100] {processor.py:161} INFO - Started process (PID=4433) to work on /home/ubuntu/.local/lib/python3.10/site-packages/airflow/example_dags/example_bash_operator.py
[2024-01-01T16:10:19.014+0100] {processor.py:830} INFO - Processing file /home/ubuntu/.local/lib/python3.10/site-packages/airflow/example_dags/example_bash_operator.py for tasks to queue
[2024-01-01T16:10:19.016+0100] {logging_mixin.py:188} INFO - [2024-01-01T16:10:19.015+0100] {dagbag.py:538} INFO - Filling up the DagBag from /home/ubuntu/.local/lib/python3.10/site-packages/airflow/example_dags/example_bash_operator.py
[2024-01-01T16:10:19.045+0100] {processor.py:840} INFO - DAG(s) 'example_bash_operator' retrieved from /home/ubuntu/.local/lib/python3.10/site-packages/airflow/example_dags/example_bash_operator.py
[2024-01-01T16:10:19.065+0100] {logging_mixin.py:188} INFO - [2024-01-01T16:10:19.065+0100] {dag.py:3033} INFO - Sync 1 DAGs
[2024-01-01T16:10:19.078+0100] {logging_mixin.py:188} INFO - [2024-01-01T16:10:19.078+0100] {dag.py:3820} INFO - Setting next_dagrun for example_bash_operator to 2023-12-31T00:00:00+00:00, run_after=2024-01-01T00:00:00+00:00
[2024-01-01T16:10:19.100+0100] {processor.py:183} INFO - Processing /home/ubuntu/.local/lib/python3.10/site-packages/airflow/example_dags/example_bash_operator.py took 0.105 seconds
[2024-01-01T16:11:06.744+0100] {processor.py:161} INFO - Started process (PID=4506) to work on /home/ubuntu/.local/lib/python3.10/site-packages/airflow/example_dags/example_bash_operator.py
[2024-01-01T16:11:06.755+0100] {processor.py:830} INFO - Processing file /home/ubuntu/.local/lib/python3.10/site-packages/airflow/example_dags/example_bash_operator.py for tasks to queue
[2024-01-01T16:11:06.756+0100] {logging_mixin.py:188} INFO - [2024-01-01T16:11:06.755+0100] {dagbag.py:538} INFO - Filling up the DagBag from /home/ubuntu/.local/lib/python3.10/site-packages/airflow/example_dags/example_bash_operator.py
[2024-01-01T16:11:06.772+0100] {processor.py:840} INFO - DAG(s) 'example_bash_operator' retrieved from /home/ubuntu/.local/lib/python3.10/site-packages/airflow/example_dags/example_bash_operator.py
[2024-01-01T16:11:06.797+0100] {logging_mixin.py:188} INFO - [2024-01-01T16:11:06.797+0100] {dag.py:3033} INFO - Sync 1 DAGs
[2024-01-01T16:11:06.814+0100] {logging_mixin.py:188} INFO - [2024-01-01T16:11:06.814+0100] {dag.py:3820} INFO - Setting next_dagrun for example_bash_operator to 2023-12-31T00:00:00+00:00, run_after=2024-01-01T00:00:00+00:00
[2024-01-01T16:11:06.830+0100] {processor.py:183} INFO - Processing /home/ubuntu/.local/lib/python3.10/site-packages/airflow/example_dags/example_bash_operator.py took 0.090 seconds
[2024-01-01T16:11:58.677+0100] {processor.py:161} INFO - Started process (PID=4577) to work on /home/ubuntu/.local/lib/python3.10/site-packages/airflow/example_dags/example_bash_operator.py
[2024-01-01T16:11:58.679+0100] {processor.py:830} INFO - Processing file /home/ubuntu/.local/lib/python3.10/site-packages/airflow/example_dags/example_bash_operator.py for tasks to queue
[2024-01-01T16:11:58.680+0100] {logging_mixin.py:188} INFO - [2024-01-01T16:11:58.680+0100] {dagbag.py:538} INFO - Filling up the DagBag from /home/ubuntu/.local/lib/python3.10/site-packages/airflow/example_dags/example_bash_operator.py
[2024-01-01T16:11:58.707+0100] {processor.py:840} INFO - DAG(s) 'example_bash_operator' retrieved from /home/ubuntu/.local/lib/python3.10/site-packages/airflow/example_dags/example_bash_operator.py
[2024-01-01T16:11:58.726+0100] {logging_mixin.py:188} INFO - [2024-01-01T16:11:58.726+0100] {dag.py:3033} INFO - Sync 1 DAGs
[2024-01-01T16:11:58.738+0100] {logging_mixin.py:188} INFO - [2024-01-01T16:11:58.738+0100] {dag.py:3820} INFO - Setting next_dagrun for example_bash_operator to 2023-12-31T00:00:00+00:00, run_after=2024-01-01T00:00:00+00:00
[2024-01-01T16:11:58.763+0100] {processor.py:183} INFO - Processing /home/ubuntu/.local/lib/python3.10/site-packages/airflow/example_dags/example_bash_operator.py took 0.091 seconds
[2024-01-01T16:12:55.270+0100] {processor.py:161} INFO - Started process (PID=4783) to work on /home/ubuntu/.local/lib/python3.10/site-packages/airflow/example_dags/example_bash_operator.py
[2024-01-01T16:12:55.271+0100] {processor.py:830} INFO - Processing file /home/ubuntu/.local/lib/python3.10/site-packages/airflow/example_dags/example_bash_operator.py for tasks to queue
[2024-01-01T16:12:55.272+0100] {logging_mixin.py:188} INFO - [2024-01-01T16:12:55.271+0100] {dagbag.py:538} INFO - Filling up the DagBag from /home/ubuntu/.local/lib/python3.10/site-packages/airflow/example_dags/example_bash_operator.py
[2024-01-01T16:12:55.282+0100] {processor.py:840} INFO - DAG(s) 'example_bash_operator' retrieved from /home/ubuntu/.local/lib/python3.10/site-packages/airflow/example_dags/example_bash_operator.py
[2024-01-01T16:12:55.301+0100] {logging_mixin.py:188} INFO - [2024-01-01T16:12:55.301+0100] {dag.py:3033} INFO - Sync 1 DAGs
[2024-01-01T16:12:55.315+0100] {logging_mixin.py:188} INFO - [2024-01-01T16:12:55.314+0100] {dag.py:3820} INFO - Setting next_dagrun for example_bash_operator to 2023-12-31T00:00:00+00:00, run_after=2024-01-01T00:00:00+00:00
[2024-01-01T16:12:55.342+0100] {processor.py:183} INFO - Processing /home/ubuntu/.local/lib/python3.10/site-packages/airflow/example_dags/example_bash_operator.py took 0.075 seconds
[2024-01-01T16:13:51.743+0100] {processor.py:161} INFO - Started process (PID=4853) to work on /home/ubuntu/.local/lib/python3.10/site-packages/airflow/example_dags/example_bash_operator.py
[2024-01-01T16:13:51.744+0100] {processor.py:830} INFO - Processing file /home/ubuntu/.local/lib/python3.10/site-packages/airflow/example_dags/example_bash_operator.py for tasks to queue
[2024-01-01T16:13:51.745+0100] {logging_mixin.py:188} INFO - [2024-01-01T16:13:51.745+0100] {dagbag.py:538} INFO - Filling up the DagBag from /home/ubuntu/.local/lib/python3.10/site-packages/airflow/example_dags/example_bash_operator.py
[2024-01-01T16:13:51.754+0100] {processor.py:840} INFO - DAG(s) 'example_bash_operator' retrieved from /home/ubuntu/.local/lib/python3.10/site-packages/airflow/example_dags/example_bash_operator.py
[2024-01-01T16:13:51.771+0100] {logging_mixin.py:188} INFO - [2024-01-01T16:13:51.770+0100] {dag.py:3033} INFO - Sync 1 DAGs
[2024-01-01T16:13:51.783+0100] {logging_mixin.py:188} INFO - [2024-01-01T16:13:51.783+0100] {dag.py:3820} INFO - Setting next_dagrun for example_bash_operator to 2023-12-31T00:00:00+00:00, run_after=2024-01-01T00:00:00+00:00
[2024-01-01T16:13:51.824+0100] {processor.py:183} INFO - Processing /home/ubuntu/.local/lib/python3.10/site-packages/airflow/example_dags/example_bash_operator.py took 0.083 seconds
[2024-01-01T16:14:44.831+0100] {processor.py:161} INFO - Started process (PID=4975) to work on /home/ubuntu/.local/lib/python3.10/site-packages/airflow/example_dags/example_bash_operator.py
[2024-01-01T16:14:44.843+0100] {processor.py:830} INFO - Processing file /home/ubuntu/.local/lib/python3.10/site-packages/airflow/example_dags/example_bash_operator.py for tasks to queue
[2024-01-01T16:14:44.845+0100] {logging_mixin.py:188} INFO - [2024-01-01T16:14:44.844+0100] {dagbag.py:538} INFO - Filling up the DagBag from /home/ubuntu/.local/lib/python3.10/site-packages/airflow/example_dags/example_bash_operator.py
[2024-01-01T16:14:44.868+0100] {processor.py:840} INFO - DAG(s) 'example_bash_operator' retrieved from /home/ubuntu/.local/lib/python3.10/site-packages/airflow/example_dags/example_bash_operator.py
[2024-01-01T16:14:44.890+0100] {logging_mixin.py:188} INFO - [2024-01-01T16:14:44.890+0100] {dag.py:3033} INFO - Sync 1 DAGs
[2024-01-01T16:14:44.903+0100] {logging_mixin.py:188} INFO - [2024-01-01T16:14:44.903+0100] {dag.py:3820} INFO - Setting next_dagrun for example_bash_operator to 2023-12-31T00:00:00+00:00, run_after=2024-01-01T00:00:00+00:00
[2024-01-01T16:14:44.916+0100] {processor.py:183} INFO - Processing /home/ubuntu/.local/lib/python3.10/site-packages/airflow/example_dags/example_bash_operator.py took 0.093 seconds
[2024-01-01T16:15:35.973+0100] {processor.py:161} INFO - Started process (PID=5055) to work on /home/ubuntu/.local/lib/python3.10/site-packages/airflow/example_dags/example_bash_operator.py
[2024-01-01T16:15:35.974+0100] {processor.py:830} INFO - Processing file /home/ubuntu/.local/lib/python3.10/site-packages/airflow/example_dags/example_bash_operator.py for tasks to queue
[2024-01-01T16:15:35.975+0100] {logging_mixin.py:188} INFO - [2024-01-01T16:15:35.975+0100] {dagbag.py:538} INFO - Filling up the DagBag from /home/ubuntu/.local/lib/python3.10/site-packages/airflow/example_dags/example_bash_operator.py
[2024-01-01T16:15:35.984+0100] {processor.py:840} INFO - DAG(s) 'example_bash_operator' retrieved from /home/ubuntu/.local/lib/python3.10/site-packages/airflow/example_dags/example_bash_operator.py
[2024-01-01T16:15:36.001+0100] {logging_mixin.py:188} INFO - [2024-01-01T16:15:36.001+0100] {dag.py:3033} INFO - Sync 1 DAGs
[2024-01-01T16:15:36.020+0100] {logging_mixin.py:188} INFO - [2024-01-01T16:15:36.020+0100] {dag.py:3820} INFO - Setting next_dagrun for example_bash_operator to 2023-12-31T00:00:00+00:00, run_after=2024-01-01T00:00:00+00:00
[2024-01-01T16:15:36.035+0100] {processor.py:183} INFO - Processing /home/ubuntu/.local/lib/python3.10/site-packages/airflow/example_dags/example_bash_operator.py took 0.064 seconds
[2024-01-01T16:16:31.364+0100] {processor.py:161} INFO - Started process (PID=5205) to work on /home/ubuntu/.local/lib/python3.10/site-packages/airflow/example_dags/example_bash_operator.py
[2024-01-01T16:16:31.374+0100] {processor.py:830} INFO - Processing file /home/ubuntu/.local/lib/python3.10/site-packages/airflow/example_dags/example_bash_operator.py for tasks to queue
[2024-01-01T16:16:31.375+0100] {logging_mixin.py:188} INFO - [2024-01-01T16:16:31.375+0100] {dagbag.py:538} INFO - Filling up the DagBag from /home/ubuntu/.local/lib/python3.10/site-packages/airflow/example_dags/example_bash_operator.py
[2024-01-01T16:16:31.385+0100] {processor.py:840} INFO - DAG(s) 'example_bash_operator' retrieved from /home/ubuntu/.local/lib/python3.10/site-packages/airflow/example_dags/example_bash_operator.py
[2024-01-01T16:16:31.402+0100] {logging_mixin.py:188} INFO - [2024-01-01T16:16:31.402+0100] {dag.py:3033} INFO - Sync 1 DAGs
[2024-01-01T16:16:31.418+0100] {logging_mixin.py:188} INFO - [2024-01-01T16:16:31.418+0100] {dag.py:3820} INFO - Setting next_dagrun for example_bash_operator to 2023-12-31T00:00:00+00:00, run_after=2024-01-01T00:00:00+00:00
[2024-01-01T16:16:31.436+0100] {processor.py:183} INFO - Processing /home/ubuntu/.local/lib/python3.10/site-packages/airflow/example_dags/example_bash_operator.py took 0.076 seconds
[2024-01-01T16:17:26.200+0100] {processor.py:161} INFO - Started process (PID=5275) to work on /home/ubuntu/.local/lib/python3.10/site-packages/airflow/example_dags/example_bash_operator.py
[2024-01-01T16:17:26.201+0100] {processor.py:830} INFO - Processing file /home/ubuntu/.local/lib/python3.10/site-packages/airflow/example_dags/example_bash_operator.py for tasks to queue
[2024-01-01T16:17:26.201+0100] {logging_mixin.py:188} INFO - [2024-01-01T16:17:26.201+0100] {dagbag.py:538} INFO - Filling up the DagBag from /home/ubuntu/.local/lib/python3.10/site-packages/airflow/example_dags/example_bash_operator.py
[2024-01-01T16:17:26.208+0100] {processor.py:840} INFO - DAG(s) 'example_bash_operator' retrieved from /home/ubuntu/.local/lib/python3.10/site-packages/airflow/example_dags/example_bash_operator.py
[2024-01-01T16:17:26.222+0100] {logging_mixin.py:188} INFO - [2024-01-01T16:17:26.222+0100] {dag.py:3033} INFO - Sync 1 DAGs
[2024-01-01T16:17:26.234+0100] {logging_mixin.py:188} INFO - [2024-01-01T16:17:26.234+0100] {dag.py:3820} INFO - Setting next_dagrun for example_bash_operator to 2023-12-31T00:00:00+00:00, run_after=2024-01-01T00:00:00+00:00
[2024-01-01T16:17:26.269+0100] {processor.py:183} INFO - Processing /home/ubuntu/.local/lib/python3.10/site-packages/airflow/example_dags/example_bash_operator.py took 0.071 seconds
[2024-01-01T16:18:19.761+0100] {processor.py:161} INFO - Started process (PID=5343) to work on /home/ubuntu/.local/lib/python3.10/site-packages/airflow/example_dags/example_bash_operator.py
[2024-01-01T16:18:19.763+0100] {processor.py:830} INFO - Processing file /home/ubuntu/.local/lib/python3.10/site-packages/airflow/example_dags/example_bash_operator.py for tasks to queue
[2024-01-01T16:18:19.765+0100] {logging_mixin.py:188} INFO - [2024-01-01T16:18:19.764+0100] {dagbag.py:538} INFO - Filling up the DagBag from /home/ubuntu/.local/lib/python3.10/site-packages/airflow/example_dags/example_bash_operator.py
[2024-01-01T16:18:19.788+0100] {processor.py:840} INFO - DAG(s) 'example_bash_operator' retrieved from /home/ubuntu/.local/lib/python3.10/site-packages/airflow/example_dags/example_bash_operator.py
[2024-01-01T16:18:19.809+0100] {logging_mixin.py:188} INFO - [2024-01-01T16:18:19.809+0100] {dag.py:3033} INFO - Sync 1 DAGs
[2024-01-01T16:18:19.822+0100] {logging_mixin.py:188} INFO - [2024-01-01T16:18:19.822+0100] {dag.py:3820} INFO - Setting next_dagrun for example_bash_operator to 2023-12-31T00:00:00+00:00, run_after=2024-01-01T00:00:00+00:00
[2024-01-01T16:18:19.858+0100] {processor.py:183} INFO - Processing /home/ubuntu/.local/lib/python3.10/site-packages/airflow/example_dags/example_bash_operator.py took 0.103 seconds
[2024-01-01T16:19:12.248+0100] {processor.py:161} INFO - Started process (PID=5454) to work on /home/ubuntu/.local/lib/python3.10/site-packages/airflow/example_dags/example_bash_operator.py
[2024-01-01T16:19:12.250+0100] {processor.py:830} INFO - Processing file /home/ubuntu/.local/lib/python3.10/site-packages/airflow/example_dags/example_bash_operator.py for tasks to queue
[2024-01-01T16:19:12.251+0100] {logging_mixin.py:188} INFO - [2024-01-01T16:19:12.250+0100] {dagbag.py:538} INFO - Filling up the DagBag from /home/ubuntu/.local/lib/python3.10/site-packages/airflow/example_dags/example_bash_operator.py
[2024-01-01T16:19:12.271+0100] {processor.py:840} INFO - DAG(s) 'example_bash_operator' retrieved from /home/ubuntu/.local/lib/python3.10/site-packages/airflow/example_dags/example_bash_operator.py
[2024-01-01T16:19:12.293+0100] {logging_mixin.py:188} INFO - [2024-01-01T16:19:12.292+0100] {dag.py:3033} INFO - Sync 1 DAGs
[2024-01-01T16:19:12.306+0100] {logging_mixin.py:188} INFO - [2024-01-01T16:19:12.306+0100] {dag.py:3820} INFO - Setting next_dagrun for example_bash_operator to 2023-12-31T00:00:00+00:00, run_after=2024-01-01T00:00:00+00:00
[2024-01-01T16:19:12.333+0100] {processor.py:183} INFO - Processing /home/ubuntu/.local/lib/python3.10/site-packages/airflow/example_dags/example_bash_operator.py took 0.090 seconds
[2024-01-01T16:20:14.129+0100] {processor.py:161} INFO - Started process (PID=5583) to work on /home/ubuntu/.local/lib/python3.10/site-packages/airflow/example_dags/example_bash_operator.py
[2024-01-01T16:20:14.130+0100] {processor.py:830} INFO - Processing file /home/ubuntu/.local/lib/python3.10/site-packages/airflow/example_dags/example_bash_operator.py for tasks to queue
[2024-01-01T16:20:14.131+0100] {logging_mixin.py:188} INFO - [2024-01-01T16:20:14.131+0100] {dagbag.py:538} INFO - Filling up the DagBag from /home/ubuntu/.local/lib/python3.10/site-packages/airflow/example_dags/example_bash_operator.py
[2024-01-01T16:20:14.142+0100] {processor.py:840} INFO - DAG(s) 'example_bash_operator' retrieved from /home/ubuntu/.local/lib/python3.10/site-packages/airflow/example_dags/example_bash_operator.py
[2024-01-01T16:20:14.207+0100] {logging_mixin.py:188} INFO - [2024-01-01T16:20:14.207+0100] {dag.py:3033} INFO - Sync 1 DAGs
[2024-01-01T16:20:14.217+0100] {logging_mixin.py:188} INFO - [2024-01-01T16:20:14.217+0100] {dag.py:3820} INFO - Setting next_dagrun for example_bash_operator to 2023-12-31T00:00:00+00:00, run_after=2024-01-01T00:00:00+00:00
[2024-01-01T16:20:14.242+0100] {processor.py:183} INFO - Processing /home/ubuntu/.local/lib/python3.10/site-packages/airflow/example_dags/example_bash_operator.py took 0.115 seconds
[2024-01-01T16:21:06.504+0100] {processor.py:161} INFO - Started process (PID=5823) to work on /home/ubuntu/.local/lib/python3.10/site-packages/airflow/example_dags/example_bash_operator.py
[2024-01-01T16:21:06.514+0100] {processor.py:830} INFO - Processing file /home/ubuntu/.local/lib/python3.10/site-packages/airflow/example_dags/example_bash_operator.py for tasks to queue
[2024-01-01T16:21:06.515+0100] {logging_mixin.py:188} INFO - [2024-01-01T16:21:06.514+0100] {dagbag.py:538} INFO - Filling up the DagBag from /home/ubuntu/.local/lib/python3.10/site-packages/airflow/example_dags/example_bash_operator.py
[2024-01-01T16:21:06.523+0100] {processor.py:840} INFO - DAG(s) 'example_bash_operator' retrieved from /home/ubuntu/.local/lib/python3.10/site-packages/airflow/example_dags/example_bash_operator.py
[2024-01-01T16:21:06.541+0100] {logging_mixin.py:188} INFO - [2024-01-01T16:21:06.541+0100] {dag.py:3033} INFO - Sync 1 DAGs
[2024-01-01T16:21:06.554+0100] {logging_mixin.py:188} INFO - [2024-01-01T16:21:06.554+0100] {dag.py:3820} INFO - Setting next_dagrun for example_bash_operator to 2023-12-31T00:00:00+00:00, run_after=2024-01-01T00:00:00+00:00
[2024-01-01T16:21:06.570+0100] {processor.py:183} INFO - Processing /home/ubuntu/.local/lib/python3.10/site-packages/airflow/example_dags/example_bash_operator.py took 0.068 seconds
[2024-01-01T16:23:28.452+0100] {processor.py:161} INFO - Started process (PID=5974) to work on /home/ubuntu/.local/lib/python3.10/site-packages/airflow/example_dags/example_bash_operator.py
[2024-01-01T16:23:28.455+0100] {processor.py:830} INFO - Processing file /home/ubuntu/.local/lib/python3.10/site-packages/airflow/example_dags/example_bash_operator.py for tasks to queue
[2024-01-01T16:23:28.457+0100] {logging_mixin.py:188} INFO - [2024-01-01T16:23:28.456+0100] {dagbag.py:538} INFO - Filling up the DagBag from /home/ubuntu/.local/lib/python3.10/site-packages/airflow/example_dags/example_bash_operator.py
[2024-01-01T16:23:28.481+0100] {processor.py:840} INFO - DAG(s) 'example_bash_operator' retrieved from /home/ubuntu/.local/lib/python3.10/site-packages/airflow/example_dags/example_bash_operator.py
[2024-01-01T16:23:28.555+0100] {logging_mixin.py:188} INFO - [2024-01-01T16:23:28.555+0100] {dag.py:3033} INFO - Sync 1 DAGs
[2024-01-01T16:23:28.566+0100] {logging_mixin.py:188} INFO - [2024-01-01T16:23:28.566+0100] {dag.py:3820} INFO - Setting next_dagrun for example_bash_operator to 2023-12-31T00:00:00+00:00, run_after=2024-01-01T00:00:00+00:00
[2024-01-01T16:23:28.583+0100] {processor.py:183} INFO - Processing /home/ubuntu/.local/lib/python3.10/site-packages/airflow/example_dags/example_bash_operator.py took 0.140 seconds
[2024-01-01T16:24:28.407+0100] {processor.py:161} INFO - Started process (PID=6043) to work on /home/ubuntu/.local/lib/python3.10/site-packages/airflow/example_dags/example_bash_operator.py
[2024-01-01T16:24:28.419+0100] {processor.py:830} INFO - Processing file /home/ubuntu/.local/lib/python3.10/site-packages/airflow/example_dags/example_bash_operator.py for tasks to queue
[2024-01-01T16:24:28.421+0100] {logging_mixin.py:188} INFO - [2024-01-01T16:24:28.421+0100] {dagbag.py:538} INFO - Filling up the DagBag from /home/ubuntu/.local/lib/python3.10/site-packages/airflow/example_dags/example_bash_operator.py
[2024-01-01T16:24:28.444+0100] {processor.py:840} INFO - DAG(s) 'example_bash_operator' retrieved from /home/ubuntu/.local/lib/python3.10/site-packages/airflow/example_dags/example_bash_operator.py
[2024-01-01T16:24:28.465+0100] {logging_mixin.py:188} INFO - [2024-01-01T16:24:28.465+0100] {dag.py:3033} INFO - Sync 1 DAGs
[2024-01-01T16:24:28.478+0100] {logging_mixin.py:188} INFO - [2024-01-01T16:24:28.478+0100] {dag.py:3820} INFO - Setting next_dagrun for example_bash_operator to 2023-12-31T00:00:00+00:00, run_after=2024-01-01T00:00:00+00:00
[2024-01-01T16:24:28.493+0100] {processor.py:183} INFO - Processing /home/ubuntu/.local/lib/python3.10/site-packages/airflow/example_dags/example_bash_operator.py took 0.094 seconds
[2024-01-01T16:25:14.047+0100] {processor.py:161} INFO - Started process (PID=6229) to work on /home/ubuntu/.local/lib/python3.10/site-packages/airflow/example_dags/example_bash_operator.py
[2024-01-01T16:25:14.059+0100] {processor.py:830} INFO - Processing file /home/ubuntu/.local/lib/python3.10/site-packages/airflow/example_dags/example_bash_operator.py for tasks to queue
[2024-01-01T16:25:14.061+0100] {logging_mixin.py:188} INFO - [2024-01-01T16:25:14.060+0100] {dagbag.py:538} INFO - Filling up the DagBag from /home/ubuntu/.local/lib/python3.10/site-packages/airflow/example_dags/example_bash_operator.py
[2024-01-01T16:25:14.083+0100] {processor.py:840} INFO - DAG(s) 'example_bash_operator' retrieved from /home/ubuntu/.local/lib/python3.10/site-packages/airflow/example_dags/example_bash_operator.py
[2024-01-01T16:25:14.104+0100] {logging_mixin.py:188} INFO - [2024-01-01T16:25:14.104+0100] {dag.py:3033} INFO - Sync 1 DAGs
[2024-01-01T16:25:14.117+0100] {logging_mixin.py:188} INFO - [2024-01-01T16:25:14.117+0100] {dag.py:3820} INFO - Setting next_dagrun for example_bash_operator to 2023-12-31T00:00:00+00:00, run_after=2024-01-01T00:00:00+00:00
[2024-01-01T16:25:14.131+0100] {processor.py:183} INFO - Processing /home/ubuntu/.local/lib/python3.10/site-packages/airflow/example_dags/example_bash_operator.py took 0.092 seconds
[2024-01-01T16:26:07.312+0100] {processor.py:161} INFO - Started process (PID=6352) to work on /home/ubuntu/.local/lib/python3.10/site-packages/airflow/example_dags/example_bash_operator.py
[2024-01-01T16:26:07.322+0100] {processor.py:830} INFO - Processing file /home/ubuntu/.local/lib/python3.10/site-packages/airflow/example_dags/example_bash_operator.py for tasks to queue
[2024-01-01T16:26:07.323+0100] {logging_mixin.py:188} INFO - [2024-01-01T16:26:07.323+0100] {dagbag.py:538} INFO - Filling up the DagBag from /home/ubuntu/.local/lib/python3.10/site-packages/airflow/example_dags/example_bash_operator.py
[2024-01-01T16:26:07.331+0100] {processor.py:840} INFO - DAG(s) 'example_bash_operator' retrieved from /home/ubuntu/.local/lib/python3.10/site-packages/airflow/example_dags/example_bash_operator.py
[2024-01-01T16:26:07.344+0100] {logging_mixin.py:188} INFO - [2024-01-01T16:26:07.344+0100] {dag.py:3033} INFO - Sync 1 DAGs
[2024-01-01T16:26:07.361+0100] {logging_mixin.py:188} INFO - [2024-01-01T16:26:07.360+0100] {dag.py:3820} INFO - Setting next_dagrun for example_bash_operator to 2023-12-31T00:00:00+00:00, run_after=2024-01-01T00:00:00+00:00
[2024-01-01T16:26:07.403+0100] {processor.py:183} INFO - Processing /home/ubuntu/.local/lib/python3.10/site-packages/airflow/example_dags/example_bash_operator.py took 0.093 seconds
[2024-01-01T16:27:03.444+0100] {processor.py:161} INFO - Started process (PID=6532) to work on /home/ubuntu/.local/lib/python3.10/site-packages/airflow/example_dags/example_bash_operator.py
[2024-01-01T16:27:03.454+0100] {processor.py:830} INFO - Processing file /home/ubuntu/.local/lib/python3.10/site-packages/airflow/example_dags/example_bash_operator.py for tasks to queue
[2024-01-01T16:27:03.456+0100] {logging_mixin.py:188} INFO - [2024-01-01T16:27:03.455+0100] {dagbag.py:538} INFO - Filling up the DagBag from /home/ubuntu/.local/lib/python3.10/site-packages/airflow/example_dags/example_bash_operator.py
[2024-01-01T16:27:03.466+0100] {processor.py:840} INFO - DAG(s) 'example_bash_operator' retrieved from /home/ubuntu/.local/lib/python3.10/site-packages/airflow/example_dags/example_bash_operator.py
[2024-01-01T16:27:03.483+0100] {logging_mixin.py:188} INFO - [2024-01-01T16:27:03.483+0100] {dag.py:3033} INFO - Sync 1 DAGs
[2024-01-01T16:27:03.495+0100] {logging_mixin.py:188} INFO - [2024-01-01T16:27:03.495+0100] {dag.py:3820} INFO - Setting next_dagrun for example_bash_operator to 2023-12-31T00:00:00+00:00, run_after=2024-01-01T00:00:00+00:00
[2024-01-01T16:27:03.517+0100] {processor.py:183} INFO - Processing /home/ubuntu/.local/lib/python3.10/site-packages/airflow/example_dags/example_bash_operator.py took 0.079 seconds
[2024-01-01T16:27:51.625+0100] {processor.py:161} INFO - Started process (PID=6620) to work on /home/ubuntu/.local/lib/python3.10/site-packages/airflow/example_dags/example_bash_operator.py
[2024-01-01T16:27:51.627+0100] {processor.py:830} INFO - Processing file /home/ubuntu/.local/lib/python3.10/site-packages/airflow/example_dags/example_bash_operator.py for tasks to queue
[2024-01-01T16:27:51.629+0100] {logging_mixin.py:188} INFO - [2024-01-01T16:27:51.629+0100] {dagbag.py:538} INFO - Filling up the DagBag from /home/ubuntu/.local/lib/python3.10/site-packages/airflow/example_dags/example_bash_operator.py
[2024-01-01T16:27:51.651+0100] {processor.py:840} INFO - DAG(s) 'example_bash_operator' retrieved from /home/ubuntu/.local/lib/python3.10/site-packages/airflow/example_dags/example_bash_operator.py
[2024-01-01T16:27:51.672+0100] {logging_mixin.py:188} INFO - [2024-01-01T16:27:51.672+0100] {dag.py:3033} INFO - Sync 1 DAGs
[2024-01-01T16:27:51.685+0100] {logging_mixin.py:188} INFO - [2024-01-01T16:27:51.685+0100] {dag.py:3820} INFO - Setting next_dagrun for example_bash_operator to 2023-12-31T00:00:00+00:00, run_after=2024-01-01T00:00:00+00:00
[2024-01-01T16:27:51.714+0100] {processor.py:183} INFO - Processing /home/ubuntu/.local/lib/python3.10/site-packages/airflow/example_dags/example_bash_operator.py took 0.096 seconds
[2024-01-01T16:28:44.941+0100] {processor.py:161} INFO - Started process (PID=6783) to work on /home/ubuntu/.local/lib/python3.10/site-packages/airflow/example_dags/example_bash_operator.py
[2024-01-01T16:28:44.944+0100] {processor.py:830} INFO - Processing file /home/ubuntu/.local/lib/python3.10/site-packages/airflow/example_dags/example_bash_operator.py for tasks to queue
[2024-01-01T16:28:44.946+0100] {logging_mixin.py:188} INFO - [2024-01-01T16:28:44.945+0100] {dagbag.py:538} INFO - Filling up the DagBag from /home/ubuntu/.local/lib/python3.10/site-packages/airflow/example_dags/example_bash_operator.py
[2024-01-01T16:28:44.973+0100] {processor.py:840} INFO - DAG(s) 'example_bash_operator' retrieved from /home/ubuntu/.local/lib/python3.10/site-packages/airflow/example_dags/example_bash_operator.py
[2024-01-01T16:28:44.996+0100] {logging_mixin.py:188} INFO - [2024-01-01T16:28:44.996+0100] {dag.py:3033} INFO - Sync 1 DAGs
[2024-01-01T16:28:45.008+0100] {logging_mixin.py:188} INFO - [2024-01-01T16:28:45.008+0100] {dag.py:3820} INFO - Setting next_dagrun for example_bash_operator to 2023-12-31T00:00:00+00:00, run_after=2024-01-01T00:00:00+00:00
[2024-01-01T16:28:45.035+0100] {processor.py:183} INFO - Processing /home/ubuntu/.local/lib/python3.10/site-packages/airflow/example_dags/example_bash_operator.py took 0.101 seconds
[2024-01-01T16:29:38.559+0100] {processor.py:161} INFO - Started process (PID=6887) to work on /home/ubuntu/.local/lib/python3.10/site-packages/airflow/example_dags/example_bash_operator.py
[2024-01-01T16:29:38.569+0100] {processor.py:830} INFO - Processing file /home/ubuntu/.local/lib/python3.10/site-packages/airflow/example_dags/example_bash_operator.py for tasks to queue
[2024-01-01T16:29:38.570+0100] {logging_mixin.py:188} INFO - [2024-01-01T16:29:38.570+0100] {dagbag.py:538} INFO - Filling up the DagBag from /home/ubuntu/.local/lib/python3.10/site-packages/airflow/example_dags/example_bash_operator.py
[2024-01-01T16:29:38.584+0100] {processor.py:840} INFO - DAG(s) 'example_bash_operator' retrieved from /home/ubuntu/.local/lib/python3.10/site-packages/airflow/example_dags/example_bash_operator.py
[2024-01-01T16:29:38.607+0100] {logging_mixin.py:188} INFO - [2024-01-01T16:29:38.607+0100] {dag.py:3033} INFO - Sync 1 DAGs
[2024-01-01T16:29:38.621+0100] {logging_mixin.py:188} INFO - [2024-01-01T16:29:38.621+0100] {dag.py:3820} INFO - Setting next_dagrun for example_bash_operator to 2023-12-31T00:00:00+00:00, run_after=2024-01-01T00:00:00+00:00
[2024-01-01T16:29:38.637+0100] {processor.py:183} INFO - Processing /home/ubuntu/.local/lib/python3.10/site-packages/airflow/example_dags/example_bash_operator.py took 0.081 seconds
[2024-01-01T16:30:30.914+0100] {processor.py:161} INFO - Started process (PID=7005) to work on /home/ubuntu/.local/lib/python3.10/site-packages/airflow/example_dags/example_bash_operator.py
[2024-01-01T16:30:30.915+0100] {processor.py:830} INFO - Processing file /home/ubuntu/.local/lib/python3.10/site-packages/airflow/example_dags/example_bash_operator.py for tasks to queue
[2024-01-01T16:30:30.916+0100] {logging_mixin.py:188} INFO - [2024-01-01T16:30:30.915+0100] {dagbag.py:538} INFO - Filling up the DagBag from /home/ubuntu/.local/lib/python3.10/site-packages/airflow/example_dags/example_bash_operator.py
[2024-01-01T16:30:30.925+0100] {processor.py:840} INFO - DAG(s) 'example_bash_operator' retrieved from /home/ubuntu/.local/lib/python3.10/site-packages/airflow/example_dags/example_bash_operator.py
[2024-01-01T16:30:30.945+0100] {logging_mixin.py:188} INFO - [2024-01-01T16:30:30.945+0100] {dag.py:3033} INFO - Sync 1 DAGs
[2024-01-01T16:30:30.961+0100] {logging_mixin.py:188} INFO - [2024-01-01T16:30:30.961+0100] {dag.py:3820} INFO - Setting next_dagrun for example_bash_operator to 2023-12-31T00:00:00+00:00, run_after=2024-01-01T00:00:00+00:00
[2024-01-01T16:30:30.989+0100] {processor.py:183} INFO - Processing /home/ubuntu/.local/lib/python3.10/site-packages/airflow/example_dags/example_bash_operator.py took 0.076 seconds
[2024-01-01T16:31:25.388+0100] {processor.py:161} INFO - Started process (PID=7094) to work on /home/ubuntu/.local/lib/python3.10/site-packages/airflow/example_dags/example_bash_operator.py
[2024-01-01T16:31:25.389+0100] {processor.py:830} INFO - Processing file /home/ubuntu/.local/lib/python3.10/site-packages/airflow/example_dags/example_bash_operator.py for tasks to queue
[2024-01-01T16:31:25.390+0100] {logging_mixin.py:188} INFO - [2024-01-01T16:31:25.390+0100] {dagbag.py:538} INFO - Filling up the DagBag from /home/ubuntu/.local/lib/python3.10/site-packages/airflow/example_dags/example_bash_operator.py
[2024-01-01T16:31:25.403+0100] {processor.py:840} INFO - DAG(s) 'example_bash_operator' retrieved from /home/ubuntu/.local/lib/python3.10/site-packages/airflow/example_dags/example_bash_operator.py
[2024-01-01T16:31:25.438+0100] {logging_mixin.py:188} INFO - [2024-01-01T16:31:25.438+0100] {dag.py:3033} INFO - Sync 1 DAGs
[2024-01-01T16:31:25.454+0100] {logging_mixin.py:188} INFO - [2024-01-01T16:31:25.453+0100] {dag.py:3820} INFO - Setting next_dagrun for example_bash_operator to 2023-12-31T00:00:00+00:00, run_after=2024-01-01T00:00:00+00:00
[2024-01-01T16:31:25.491+0100] {processor.py:183} INFO - Processing /home/ubuntu/.local/lib/python3.10/site-packages/airflow/example_dags/example_bash_operator.py took 0.106 seconds
[2024-01-01T16:32:18.388+0100] {processor.py:161} INFO - Started process (PID=7224) to work on /home/ubuntu/.local/lib/python3.10/site-packages/airflow/example_dags/example_bash_operator.py
[2024-01-01T16:32:18.398+0100] {processor.py:830} INFO - Processing file /home/ubuntu/.local/lib/python3.10/site-packages/airflow/example_dags/example_bash_operator.py for tasks to queue
[2024-01-01T16:32:18.399+0100] {logging_mixin.py:188} INFO - [2024-01-01T16:32:18.399+0100] {dagbag.py:538} INFO - Filling up the DagBag from /home/ubuntu/.local/lib/python3.10/site-packages/airflow/example_dags/example_bash_operator.py
[2024-01-01T16:32:18.420+0100] {processor.py:840} INFO - DAG(s) 'example_bash_operator' retrieved from /home/ubuntu/.local/lib/python3.10/site-packages/airflow/example_dags/example_bash_operator.py
[2024-01-01T16:32:18.448+0100] {logging_mixin.py:188} INFO - [2024-01-01T16:32:18.447+0100] {dag.py:3033} INFO - Sync 1 DAGs
[2024-01-01T16:32:18.469+0100] {logging_mixin.py:188} INFO - [2024-01-01T16:32:18.469+0100] {dag.py:3820} INFO - Setting next_dagrun for example_bash_operator to 2023-12-31T00:00:00+00:00, run_after=2024-01-01T00:00:00+00:00
[2024-01-01T16:32:18.492+0100] {processor.py:183} INFO - Processing /home/ubuntu/.local/lib/python3.10/site-packages/airflow/example_dags/example_bash_operator.py took 0.107 seconds
[2024-01-01T16:33:20.789+0100] {processor.py:161} INFO - Started process (PID=7436) to work on /home/ubuntu/.local/lib/python3.10/site-packages/airflow/example_dags/example_bash_operator.py
[2024-01-01T16:33:20.801+0100] {processor.py:830} INFO - Processing file /home/ubuntu/.local/lib/python3.10/site-packages/airflow/example_dags/example_bash_operator.py for tasks to queue
[2024-01-01T16:33:20.803+0100] {logging_mixin.py:188} INFO - [2024-01-01T16:33:20.802+0100] {dagbag.py:538} INFO - Filling up the DagBag from /home/ubuntu/.local/lib/python3.10/site-packages/airflow/example_dags/example_bash_operator.py
[2024-01-01T16:33:20.828+0100] {processor.py:840} INFO - DAG(s) 'example_bash_operator' retrieved from /home/ubuntu/.local/lib/python3.10/site-packages/airflow/example_dags/example_bash_operator.py
[2024-01-01T16:33:20.850+0100] {logging_mixin.py:188} INFO - [2024-01-01T16:33:20.849+0100] {dag.py:3033} INFO - Sync 1 DAGs
[2024-01-01T16:33:20.864+0100] {logging_mixin.py:188} INFO - [2024-01-01T16:33:20.864+0100] {dag.py:3820} INFO - Setting next_dagrun for example_bash_operator to 2023-12-31T00:00:00+00:00, run_after=2024-01-01T00:00:00+00:00
[2024-01-01T16:33:20.882+0100] {processor.py:183} INFO - Processing /home/ubuntu/.local/lib/python3.10/site-packages/airflow/example_dags/example_bash_operator.py took 0.100 seconds
[2024-01-01T16:34:10.046+0100] {processor.py:161} INFO - Started process (PID=7527) to work on /home/ubuntu/.local/lib/python3.10/site-packages/airflow/example_dags/example_bash_operator.py
[2024-01-01T16:34:10.048+0100] {processor.py:830} INFO - Processing file /home/ubuntu/.local/lib/python3.10/site-packages/airflow/example_dags/example_bash_operator.py for tasks to queue
[2024-01-01T16:34:10.049+0100] {logging_mixin.py:188} INFO - [2024-01-01T16:34:10.048+0100] {dagbag.py:538} INFO - Filling up the DagBag from /home/ubuntu/.local/lib/python3.10/site-packages/airflow/example_dags/example_bash_operator.py
[2024-01-01T16:34:10.062+0100] {processor.py:840} INFO - DAG(s) 'example_bash_operator' retrieved from /home/ubuntu/.local/lib/python3.10/site-packages/airflow/example_dags/example_bash_operator.py
[2024-01-01T16:34:10.084+0100] {logging_mixin.py:188} INFO - [2024-01-01T16:34:10.084+0100] {dag.py:3033} INFO - Sync 1 DAGs
[2024-01-01T16:34:10.100+0100] {logging_mixin.py:188} INFO - [2024-01-01T16:34:10.100+0100] {dag.py:3820} INFO - Setting next_dagrun for example_bash_operator to 2023-12-31T00:00:00+00:00, run_after=2024-01-01T00:00:00+00:00
[2024-01-01T16:34:10.133+0100] {processor.py:183} INFO - Processing /home/ubuntu/.local/lib/python3.10/site-packages/airflow/example_dags/example_bash_operator.py took 0.091 seconds
