[2024-01-01T15:42:21.741+0100] {processor.py:161} INFO - Started process (PID=7926) to work on /home/ubuntu/.local/lib/python3.10/site-packages/airflow/example_dags/tutorial.py
[2024-01-01T15:42:21.742+0100] {processor.py:830} INFO - Processing file /home/ubuntu/.local/lib/python3.10/site-packages/airflow/example_dags/tutorial.py for tasks to queue
[2024-01-01T15:42:21.743+0100] {logging_mixin.py:188} INFO - [2024-01-01T15:42:21.742+0100] {dagbag.py:538} INFO - Filling up the DagBag from /home/ubuntu/.local/lib/python3.10/site-packages/airflow/example_dags/tutorial.py
[2024-01-01T15:42:21.750+0100] {processor.py:840} INFO - DAG(s) 'tutorial' retrieved from /home/ubuntu/.local/lib/python3.10/site-packages/airflow/example_dags/tutorial.py
[2024-01-01T15:42:21.756+0100] {logging_mixin.py:188} INFO - [2024-01-01T15:42:21.756+0100] {dag.py:3033} INFO - Sync 1 DAGs
[2024-01-01T15:42:21.774+0100] {logging_mixin.py:188} INFO - [2024-01-01T15:42:21.774+0100] {dag.py:3820} INFO - Setting next_dagrun for tutorial to 2023-12-31T00:00:00+00:00, run_after=2024-01-01T00:00:00+00:00
[2024-01-01T15:42:21.793+0100] {processor.py:183} INFO - Processing /home/ubuntu/.local/lib/python3.10/site-packages/airflow/example_dags/tutorial.py took 0.054 seconds
[2024-01-01T15:43:10.732+0100] {processor.py:161} INFO - Started process (PID=8029) to work on /home/ubuntu/.local/lib/python3.10/site-packages/airflow/example_dags/tutorial.py
[2024-01-01T15:43:10.734+0100] {processor.py:830} INFO - Processing file /home/ubuntu/.local/lib/python3.10/site-packages/airflow/example_dags/tutorial.py for tasks to queue
[2024-01-01T15:43:10.735+0100] {logging_mixin.py:188} INFO - [2024-01-01T15:43:10.734+0100] {dagbag.py:538} INFO - Filling up the DagBag from /home/ubuntu/.local/lib/python3.10/site-packages/airflow/example_dags/tutorial.py
[2024-01-01T15:43:10.743+0100] {processor.py:840} INFO - DAG(s) 'tutorial' retrieved from /home/ubuntu/.local/lib/python3.10/site-packages/airflow/example_dags/tutorial.py
[2024-01-01T15:43:10.802+0100] {logging_mixin.py:188} INFO - [2024-01-01T15:43:10.802+0100] {dag.py:3033} INFO - Sync 1 DAGs
[2024-01-01T15:43:10.813+0100] {logging_mixin.py:188} INFO - [2024-01-01T15:43:10.812+0100] {dag.py:3820} INFO - Setting next_dagrun for tutorial to 2023-12-31T00:00:00+00:00, run_after=2024-01-01T00:00:00+00:00
[2024-01-01T15:43:10.826+0100] {processor.py:183} INFO - Processing /home/ubuntu/.local/lib/python3.10/site-packages/airflow/example_dags/tutorial.py took 0.097 seconds
[2024-01-01T15:43:48.774+0100] {processor.py:161} INFO - Started process (PID=8080) to work on /home/ubuntu/.local/lib/python3.10/site-packages/airflow/example_dags/tutorial.py
[2024-01-01T15:43:48.777+0100] {processor.py:830} INFO - Processing file /home/ubuntu/.local/lib/python3.10/site-packages/airflow/example_dags/tutorial.py for tasks to queue
[2024-01-01T15:43:48.779+0100] {logging_mixin.py:188} INFO - [2024-01-01T15:43:48.778+0100] {dagbag.py:538} INFO - Filling up the DagBag from /home/ubuntu/.local/lib/python3.10/site-packages/airflow/example_dags/tutorial.py
[2024-01-01T15:43:48.793+0100] {processor.py:840} INFO - DAG(s) 'tutorial' retrieved from /home/ubuntu/.local/lib/python3.10/site-packages/airflow/example_dags/tutorial.py
[2024-01-01T15:43:48.809+0100] {logging_mixin.py:188} INFO - [2024-01-01T15:43:48.809+0100] {dag.py:3033} INFO - Sync 1 DAGs
[2024-01-01T15:43:48.823+0100] {logging_mixin.py:188} INFO - [2024-01-01T15:43:48.823+0100] {dag.py:3820} INFO - Setting next_dagrun for tutorial to 2023-12-31T00:00:00+00:00, run_after=2024-01-01T00:00:00+00:00
[2024-01-01T15:43:48.839+0100] {processor.py:183} INFO - Processing /home/ubuntu/.local/lib/python3.10/site-packages/airflow/example_dags/tutorial.py took 0.073 seconds
[2024-01-01T15:44:23.901+0100] {processor.py:161} INFO - Started process (PID=8268) to work on /home/ubuntu/.local/lib/python3.10/site-packages/airflow/example_dags/tutorial.py
[2024-01-01T15:44:23.904+0100] {processor.py:830} INFO - Processing file /home/ubuntu/.local/lib/python3.10/site-packages/airflow/example_dags/tutorial.py for tasks to queue
[2024-01-01T15:44:23.906+0100] {logging_mixin.py:188} INFO - [2024-01-01T15:44:23.905+0100] {dagbag.py:538} INFO - Filling up the DagBag from /home/ubuntu/.local/lib/python3.10/site-packages/airflow/example_dags/tutorial.py
[2024-01-01T15:44:23.919+0100] {processor.py:840} INFO - DAG(s) 'tutorial' retrieved from /home/ubuntu/.local/lib/python3.10/site-packages/airflow/example_dags/tutorial.py
[2024-01-01T15:44:23.937+0100] {logging_mixin.py:188} INFO - [2024-01-01T15:44:23.936+0100] {dag.py:3033} INFO - Sync 1 DAGs
[2024-01-01T15:44:23.957+0100] {logging_mixin.py:188} INFO - [2024-01-01T15:44:23.957+0100] {dag.py:3820} INFO - Setting next_dagrun for tutorial to 2023-12-31T00:00:00+00:00, run_after=2024-01-01T00:00:00+00:00
[2024-01-01T15:44:23.976+0100] {processor.py:183} INFO - Processing /home/ubuntu/.local/lib/python3.10/site-packages/airflow/example_dags/tutorial.py took 0.082 seconds
[2024-01-01T15:45:01.433+0100] {processor.py:161} INFO - Started process (PID=8373) to work on /home/ubuntu/.local/lib/python3.10/site-packages/airflow/example_dags/tutorial.py
[2024-01-01T15:45:01.435+0100] {processor.py:830} INFO - Processing file /home/ubuntu/.local/lib/python3.10/site-packages/airflow/example_dags/tutorial.py for tasks to queue
[2024-01-01T15:45:01.435+0100] {logging_mixin.py:188} INFO - [2024-01-01T15:45:01.435+0100] {dagbag.py:538} INFO - Filling up the DagBag from /home/ubuntu/.local/lib/python3.10/site-packages/airflow/example_dags/tutorial.py
[2024-01-01T15:45:01.441+0100] {processor.py:840} INFO - DAG(s) 'tutorial' retrieved from /home/ubuntu/.local/lib/python3.10/site-packages/airflow/example_dags/tutorial.py
[2024-01-01T15:45:01.452+0100] {logging_mixin.py:188} INFO - [2024-01-01T15:45:01.452+0100] {dag.py:3033} INFO - Sync 1 DAGs
[2024-01-01T15:45:01.466+0100] {logging_mixin.py:188} INFO - [2024-01-01T15:45:01.466+0100] {dag.py:3820} INFO - Setting next_dagrun for tutorial to 2023-12-31T00:00:00+00:00, run_after=2024-01-01T00:00:00+00:00
[2024-01-01T15:45:01.485+0100] {processor.py:183} INFO - Processing /home/ubuntu/.local/lib/python3.10/site-packages/airflow/example_dags/tutorial.py took 0.056 seconds
[2024-01-01T15:45:41.433+0100] {processor.py:161} INFO - Started process (PID=8697) to work on /home/ubuntu/.local/lib/python3.10/site-packages/airflow/example_dags/tutorial.py
[2024-01-01T15:45:41.436+0100] {processor.py:830} INFO - Processing file /home/ubuntu/.local/lib/python3.10/site-packages/airflow/example_dags/tutorial.py for tasks to queue
[2024-01-01T15:45:41.441+0100] {logging_mixin.py:188} INFO - [2024-01-01T15:45:41.436+0100] {dagbag.py:538} INFO - Filling up the DagBag from /home/ubuntu/.local/lib/python3.10/site-packages/airflow/example_dags/tutorial.py
[2024-01-01T15:45:41.474+0100] {processor.py:840} INFO - DAG(s) 'tutorial' retrieved from /home/ubuntu/.local/lib/python3.10/site-packages/airflow/example_dags/tutorial.py
[2024-01-01T15:45:41.493+0100] {logging_mixin.py:188} INFO - [2024-01-01T15:45:41.493+0100] {dag.py:3033} INFO - Sync 1 DAGs
[2024-01-01T15:45:41.520+0100] {logging_mixin.py:188} INFO - [2024-01-01T15:45:41.519+0100] {dag.py:3820} INFO - Setting next_dagrun for tutorial to 2023-12-31T00:00:00+00:00, run_after=2024-01-01T00:00:00+00:00
[2024-01-01T15:45:41.554+0100] {processor.py:183} INFO - Processing /home/ubuntu/.local/lib/python3.10/site-packages/airflow/example_dags/tutorial.py took 0.125 seconds
[2024-01-01T15:46:51.199+0100] {processor.py:161} INFO - Started process (PID=8774) to work on /home/ubuntu/.local/lib/python3.10/site-packages/airflow/example_dags/tutorial.py
[2024-01-01T15:46:51.222+0100] {processor.py:830} INFO - Processing file /home/ubuntu/.local/lib/python3.10/site-packages/airflow/example_dags/tutorial.py for tasks to queue
[2024-01-01T15:46:51.269+0100] {logging_mixin.py:188} INFO - [2024-01-01T15:46:51.246+0100] {dagbag.py:538} INFO - Filling up the DagBag from /home/ubuntu/.local/lib/python3.10/site-packages/airflow/example_dags/tutorial.py
[2024-01-01T15:46:51.610+0100] {processor.py:840} INFO - DAG(s) 'tutorial' retrieved from /home/ubuntu/.local/lib/python3.10/site-packages/airflow/example_dags/tutorial.py
[2024-01-01T15:46:52.034+0100] {logging_mixin.py:188} INFO - [2024-01-01T15:46:52.011+0100] {dag.py:3033} INFO - Sync 1 DAGs
[2024-01-01T15:46:52.506+0100] {logging_mixin.py:188} INFO - [2024-01-01T15:46:52.486+0100] {dag.py:3820} INFO - Setting next_dagrun for tutorial to 2023-12-31T00:00:00+00:00, run_after=2024-01-01T00:00:00+00:00
[2024-01-01T15:46:52.829+0100] {processor.py:183} INFO - Processing /home/ubuntu/.local/lib/python3.10/site-packages/airflow/example_dags/tutorial.py took 1.676 seconds
[2024-01-01T16:08:57.174+0100] {processor.py:161} INFO - Started process (PID=4091) to work on /home/ubuntu/.local/lib/python3.10/site-packages/airflow/example_dags/tutorial.py
[2024-01-01T16:08:57.183+0100] {processor.py:830} INFO - Processing file /home/ubuntu/.local/lib/python3.10/site-packages/airflow/example_dags/tutorial.py for tasks to queue
[2024-01-01T16:08:57.184+0100] {logging_mixin.py:188} INFO - [2024-01-01T16:08:57.184+0100] {dagbag.py:538} INFO - Filling up the DagBag from /home/ubuntu/.local/lib/python3.10/site-packages/airflow/example_dags/tutorial.py
[2024-01-01T16:08:57.189+0100] {processor.py:840} INFO - DAG(s) 'tutorial' retrieved from /home/ubuntu/.local/lib/python3.10/site-packages/airflow/example_dags/tutorial.py
[2024-01-01T16:08:57.194+0100] {logging_mixin.py:188} INFO - [2024-01-01T16:08:57.193+0100] {dag.py:3033} INFO - Sync 1 DAGs
[2024-01-01T16:08:57.205+0100] {logging_mixin.py:188} INFO - [2024-01-01T16:08:57.205+0100] {dag.py:3820} INFO - Setting next_dagrun for tutorial to 2023-12-31T00:00:00+00:00, run_after=2024-01-01T00:00:00+00:00
[2024-01-01T16:08:57.222+0100] {processor.py:183} INFO - Processing /home/ubuntu/.local/lib/python3.10/site-packages/airflow/example_dags/tutorial.py took 0.051 seconds
[2024-01-01T16:09:46.440+0100] {processor.py:161} INFO - Started process (PID=4271) to work on /home/ubuntu/.local/lib/python3.10/site-packages/airflow/example_dags/tutorial.py
[2024-01-01T16:09:46.443+0100] {processor.py:830} INFO - Processing file /home/ubuntu/.local/lib/python3.10/site-packages/airflow/example_dags/tutorial.py for tasks to queue
[2024-01-01T16:09:46.444+0100] {logging_mixin.py:188} INFO - [2024-01-01T16:09:46.444+0100] {dagbag.py:538} INFO - Filling up the DagBag from /home/ubuntu/.local/lib/python3.10/site-packages/airflow/example_dags/tutorial.py
[2024-01-01T16:09:46.459+0100] {processor.py:840} INFO - DAG(s) 'tutorial' retrieved from /home/ubuntu/.local/lib/python3.10/site-packages/airflow/example_dags/tutorial.py
[2024-01-01T16:09:46.522+0100] {logging_mixin.py:188} INFO - [2024-01-01T16:09:46.522+0100] {dag.py:3033} INFO - Sync 1 DAGs
[2024-01-01T16:09:46.533+0100] {logging_mixin.py:188} INFO - [2024-01-01T16:09:46.532+0100] {dag.py:3820} INFO - Setting next_dagrun for tutorial to 2023-12-31T00:00:00+00:00, run_after=2024-01-01T00:00:00+00:00
[2024-01-01T16:09:46.550+0100] {processor.py:183} INFO - Processing /home/ubuntu/.local/lib/python3.10/site-packages/airflow/example_dags/tutorial.py took 0.116 seconds
[2024-01-01T16:10:31.686+0100] {processor.py:161} INFO - Started process (PID=4450) to work on /home/ubuntu/.local/lib/python3.10/site-packages/airflow/example_dags/tutorial.py
[2024-01-01T16:10:31.687+0100] {processor.py:830} INFO - Processing file /home/ubuntu/.local/lib/python3.10/site-packages/airflow/example_dags/tutorial.py for tasks to queue
[2024-01-01T16:10:31.688+0100] {logging_mixin.py:188} INFO - [2024-01-01T16:10:31.687+0100] {dagbag.py:538} INFO - Filling up the DagBag from /home/ubuntu/.local/lib/python3.10/site-packages/airflow/example_dags/tutorial.py
[2024-01-01T16:10:31.691+0100] {processor.py:840} INFO - DAG(s) 'tutorial' retrieved from /home/ubuntu/.local/lib/python3.10/site-packages/airflow/example_dags/tutorial.py
[2024-01-01T16:10:31.700+0100] {logging_mixin.py:188} INFO - [2024-01-01T16:10:31.699+0100] {dag.py:3033} INFO - Sync 1 DAGs
[2024-01-01T16:10:31.710+0100] {logging_mixin.py:188} INFO - [2024-01-01T16:10:31.710+0100] {dag.py:3820} INFO - Setting next_dagrun for tutorial to 2023-12-31T00:00:00+00:00, run_after=2024-01-01T00:00:00+00:00
[2024-01-01T16:10:31.734+0100] {processor.py:183} INFO - Processing /home/ubuntu/.local/lib/python3.10/site-packages/airflow/example_dags/tutorial.py took 0.049 seconds
[2024-01-01T16:11:10.190+0100] {processor.py:161} INFO - Started process (PID=4509) to work on /home/ubuntu/.local/lib/python3.10/site-packages/airflow/example_dags/tutorial.py
[2024-01-01T16:11:10.200+0100] {processor.py:830} INFO - Processing file /home/ubuntu/.local/lib/python3.10/site-packages/airflow/example_dags/tutorial.py for tasks to queue
[2024-01-01T16:11:10.201+0100] {logging_mixin.py:188} INFO - [2024-01-01T16:11:10.201+0100] {dagbag.py:538} INFO - Filling up the DagBag from /home/ubuntu/.local/lib/python3.10/site-packages/airflow/example_dags/tutorial.py
[2024-01-01T16:11:10.205+0100] {processor.py:840} INFO - DAG(s) 'tutorial' retrieved from /home/ubuntu/.local/lib/python3.10/site-packages/airflow/example_dags/tutorial.py
[2024-01-01T16:11:10.213+0100] {logging_mixin.py:188} INFO - [2024-01-01T16:11:10.213+0100] {dag.py:3033} INFO - Sync 1 DAGs
[2024-01-01T16:11:10.224+0100] {logging_mixin.py:188} INFO - [2024-01-01T16:11:10.224+0100] {dag.py:3820} INFO - Setting next_dagrun for tutorial to 2023-12-31T00:00:00+00:00, run_after=2024-01-01T00:00:00+00:00
[2024-01-01T16:11:10.239+0100] {processor.py:183} INFO - Processing /home/ubuntu/.local/lib/python3.10/site-packages/airflow/example_dags/tutorial.py took 0.050 seconds
[2024-01-01T16:11:44.264+0100] {processor.py:161} INFO - Started process (PID=4555) to work on /home/ubuntu/.local/lib/python3.10/site-packages/airflow/example_dags/tutorial.py
[2024-01-01T16:11:44.266+0100] {processor.py:830} INFO - Processing file /home/ubuntu/.local/lib/python3.10/site-packages/airflow/example_dags/tutorial.py for tasks to queue
[2024-01-01T16:11:44.268+0100] {logging_mixin.py:188} INFO - [2024-01-01T16:11:44.267+0100] {dagbag.py:538} INFO - Filling up the DagBag from /home/ubuntu/.local/lib/python3.10/site-packages/airflow/example_dags/tutorial.py
[2024-01-01T16:11:44.278+0100] {processor.py:840} INFO - DAG(s) 'tutorial' retrieved from /home/ubuntu/.local/lib/python3.10/site-packages/airflow/example_dags/tutorial.py
[2024-01-01T16:11:44.301+0100] {logging_mixin.py:188} INFO - [2024-01-01T16:11:44.301+0100] {dag.py:3033} INFO - Sync 1 DAGs
[2024-01-01T16:11:44.320+0100] {logging_mixin.py:188} INFO - [2024-01-01T16:11:44.319+0100] {dag.py:3820} INFO - Setting next_dagrun for tutorial to 2023-12-31T00:00:00+00:00, run_after=2024-01-01T00:00:00+00:00
[2024-01-01T16:11:44.344+0100] {processor.py:183} INFO - Processing /home/ubuntu/.local/lib/python3.10/site-packages/airflow/example_dags/tutorial.py took 0.084 seconds
[2024-01-01T16:12:20.083+0100] {processor.py:161} INFO - Started process (PID=4723) to work on /home/ubuntu/.local/lib/python3.10/site-packages/airflow/example_dags/tutorial.py
[2024-01-01T16:12:20.093+0100] {processor.py:830} INFO - Processing file /home/ubuntu/.local/lib/python3.10/site-packages/airflow/example_dags/tutorial.py for tasks to queue
[2024-01-01T16:12:20.094+0100] {logging_mixin.py:188} INFO - [2024-01-01T16:12:20.094+0100] {dagbag.py:538} INFO - Filling up the DagBag from /home/ubuntu/.local/lib/python3.10/site-packages/airflow/example_dags/tutorial.py
[2024-01-01T16:12:20.103+0100] {processor.py:840} INFO - DAG(s) 'tutorial' retrieved from /home/ubuntu/.local/lib/python3.10/site-packages/airflow/example_dags/tutorial.py
[2024-01-01T16:12:20.115+0100] {logging_mixin.py:188} INFO - [2024-01-01T16:12:20.115+0100] {dag.py:3033} INFO - Sync 1 DAGs
[2024-01-01T16:12:20.128+0100] {logging_mixin.py:188} INFO - [2024-01-01T16:12:20.127+0100] {dag.py:3820} INFO - Setting next_dagrun for tutorial to 2023-12-31T00:00:00+00:00, run_after=2024-01-01T00:00:00+00:00
[2024-01-01T16:12:20.152+0100] {processor.py:183} INFO - Processing /home/ubuntu/.local/lib/python3.10/site-packages/airflow/example_dags/tutorial.py took 0.074 seconds
[2024-01-01T16:12:57.857+0100] {processor.py:161} INFO - Started process (PID=4786) to work on /home/ubuntu/.local/lib/python3.10/site-packages/airflow/example_dags/tutorial.py
[2024-01-01T16:12:57.868+0100] {processor.py:830} INFO - Processing file /home/ubuntu/.local/lib/python3.10/site-packages/airflow/example_dags/tutorial.py for tasks to queue
[2024-01-01T16:12:57.869+0100] {logging_mixin.py:188} INFO - [2024-01-01T16:12:57.869+0100] {dagbag.py:538} INFO - Filling up the DagBag from /home/ubuntu/.local/lib/python3.10/site-packages/airflow/example_dags/tutorial.py
[2024-01-01T16:12:57.875+0100] {processor.py:840} INFO - DAG(s) 'tutorial' retrieved from /home/ubuntu/.local/lib/python3.10/site-packages/airflow/example_dags/tutorial.py
[2024-01-01T16:12:57.887+0100] {logging_mixin.py:188} INFO - [2024-01-01T16:12:57.886+0100] {dag.py:3033} INFO - Sync 1 DAGs
[2024-01-01T16:12:57.899+0100] {logging_mixin.py:188} INFO - [2024-01-01T16:12:57.899+0100] {dag.py:3820} INFO - Setting next_dagrun for tutorial to 2023-12-31T00:00:00+00:00, run_after=2024-01-01T00:00:00+00:00
[2024-01-01T16:12:57.920+0100] {processor.py:183} INFO - Processing /home/ubuntu/.local/lib/python3.10/site-packages/airflow/example_dags/tutorial.py took 0.067 seconds
[2024-01-01T16:13:35.085+0100] {processor.py:161} INFO - Started process (PID=4835) to work on /home/ubuntu/.local/lib/python3.10/site-packages/airflow/example_dags/tutorial.py
[2024-01-01T16:13:35.091+0100] {processor.py:830} INFO - Processing file /home/ubuntu/.local/lib/python3.10/site-packages/airflow/example_dags/tutorial.py for tasks to queue
[2024-01-01T16:13:35.092+0100] {logging_mixin.py:188} INFO - [2024-01-01T16:13:35.091+0100] {dagbag.py:538} INFO - Filling up the DagBag from /home/ubuntu/.local/lib/python3.10/site-packages/airflow/example_dags/tutorial.py
[2024-01-01T16:13:35.099+0100] {processor.py:840} INFO - DAG(s) 'tutorial' retrieved from /home/ubuntu/.local/lib/python3.10/site-packages/airflow/example_dags/tutorial.py
[2024-01-01T16:13:35.112+0100] {logging_mixin.py:188} INFO - [2024-01-01T16:13:35.112+0100] {dag.py:3033} INFO - Sync 1 DAGs
[2024-01-01T16:13:35.124+0100] {logging_mixin.py:188} INFO - [2024-01-01T16:13:35.124+0100] {dag.py:3820} INFO - Setting next_dagrun for tutorial to 2023-12-31T00:00:00+00:00, run_after=2024-01-01T00:00:00+00:00
[2024-01-01T16:13:35.142+0100] {processor.py:183} INFO - Processing /home/ubuntu/.local/lib/python3.10/site-packages/airflow/example_dags/tutorial.py took 0.062 seconds
[2024-01-01T16:14:12.465+0100] {processor.py:161} INFO - Started process (PID=4894) to work on /home/ubuntu/.local/lib/python3.10/site-packages/airflow/example_dags/tutorial.py
[2024-01-01T16:14:12.466+0100] {processor.py:830} INFO - Processing file /home/ubuntu/.local/lib/python3.10/site-packages/airflow/example_dags/tutorial.py for tasks to queue
[2024-01-01T16:14:12.466+0100] {logging_mixin.py:188} INFO - [2024-01-01T16:14:12.466+0100] {dagbag.py:538} INFO - Filling up the DagBag from /home/ubuntu/.local/lib/python3.10/site-packages/airflow/example_dags/tutorial.py
[2024-01-01T16:14:12.473+0100] {processor.py:840} INFO - DAG(s) 'tutorial' retrieved from /home/ubuntu/.local/lib/python3.10/site-packages/airflow/example_dags/tutorial.py
[2024-01-01T16:14:12.486+0100] {logging_mixin.py:188} INFO - [2024-01-01T16:14:12.485+0100] {dag.py:3033} INFO - Sync 1 DAGs
[2024-01-01T16:14:12.501+0100] {logging_mixin.py:188} INFO - [2024-01-01T16:14:12.501+0100] {dag.py:3820} INFO - Setting next_dagrun for tutorial to 2023-12-31T00:00:00+00:00, run_after=2024-01-01T00:00:00+00:00
[2024-01-01T16:14:12.517+0100] {processor.py:183} INFO - Processing /home/ubuntu/.local/lib/python3.10/site-packages/airflow/example_dags/tutorial.py took 0.055 seconds
[2024-01-01T16:14:47.543+0100] {processor.py:161} INFO - Started process (PID=4980) to work on /home/ubuntu/.local/lib/python3.10/site-packages/airflow/example_dags/tutorial.py
[2024-01-01T16:14:47.544+0100] {processor.py:830} INFO - Processing file /home/ubuntu/.local/lib/python3.10/site-packages/airflow/example_dags/tutorial.py for tasks to queue
[2024-01-01T16:14:47.545+0100] {logging_mixin.py:188} INFO - [2024-01-01T16:14:47.544+0100] {dagbag.py:538} INFO - Filling up the DagBag from /home/ubuntu/.local/lib/python3.10/site-packages/airflow/example_dags/tutorial.py
[2024-01-01T16:14:47.553+0100] {processor.py:840} INFO - DAG(s) 'tutorial' retrieved from /home/ubuntu/.local/lib/python3.10/site-packages/airflow/example_dags/tutorial.py
[2024-01-01T16:14:47.604+0100] {logging_mixin.py:188} INFO - [2024-01-01T16:14:47.603+0100] {dag.py:3033} INFO - Sync 1 DAGs
[2024-01-01T16:14:47.622+0100] {logging_mixin.py:188} INFO - [2024-01-01T16:14:47.622+0100] {dag.py:3820} INFO - Setting next_dagrun for tutorial to 2023-12-31T00:00:00+00:00, run_after=2024-01-01T00:00:00+00:00
[2024-01-01T16:14:47.638+0100] {processor.py:183} INFO - Processing /home/ubuntu/.local/lib/python3.10/site-packages/airflow/example_dags/tutorial.py took 0.096 seconds
[2024-01-01T16:15:21.837+0100] {processor.py:161} INFO - Started process (PID=5037) to work on /home/ubuntu/.local/lib/python3.10/site-packages/airflow/example_dags/tutorial.py
[2024-01-01T16:15:21.838+0100] {processor.py:830} INFO - Processing file /home/ubuntu/.local/lib/python3.10/site-packages/airflow/example_dags/tutorial.py for tasks to queue
[2024-01-01T16:15:21.838+0100] {logging_mixin.py:188} INFO - [2024-01-01T16:15:21.838+0100] {dagbag.py:538} INFO - Filling up the DagBag from /home/ubuntu/.local/lib/python3.10/site-packages/airflow/example_dags/tutorial.py
[2024-01-01T16:15:21.842+0100] {processor.py:840} INFO - DAG(s) 'tutorial' retrieved from /home/ubuntu/.local/lib/python3.10/site-packages/airflow/example_dags/tutorial.py
[2024-01-01T16:15:21.860+0100] {logging_mixin.py:188} INFO - [2024-01-01T16:15:21.860+0100] {dag.py:3033} INFO - Sync 1 DAGs
[2024-01-01T16:15:21.890+0100] {logging_mixin.py:188} INFO - [2024-01-01T16:15:21.889+0100] {dag.py:3820} INFO - Setting next_dagrun for tutorial to 2023-12-31T00:00:00+00:00, run_after=2024-01-01T00:00:00+00:00
[2024-01-01T16:15:21.904+0100] {processor.py:183} INFO - Processing /home/ubuntu/.local/lib/python3.10/site-packages/airflow/example_dags/tutorial.py took 0.069 seconds
[2024-01-01T16:15:55.570+0100] {processor.py:161} INFO - Started process (PID=5145) to work on /home/ubuntu/.local/lib/python3.10/site-packages/airflow/example_dags/tutorial.py
[2024-01-01T16:15:55.580+0100] {processor.py:830} INFO - Processing file /home/ubuntu/.local/lib/python3.10/site-packages/airflow/example_dags/tutorial.py for tasks to queue
[2024-01-01T16:15:55.581+0100] {logging_mixin.py:188} INFO - [2024-01-01T16:15:55.580+0100] {dagbag.py:538} INFO - Filling up the DagBag from /home/ubuntu/.local/lib/python3.10/site-packages/airflow/example_dags/tutorial.py
[2024-01-01T16:15:55.586+0100] {processor.py:840} INFO - DAG(s) 'tutorial' retrieved from /home/ubuntu/.local/lib/python3.10/site-packages/airflow/example_dags/tutorial.py
[2024-01-01T16:15:55.596+0100] {logging_mixin.py:188} INFO - [2024-01-01T16:15:55.595+0100] {dag.py:3033} INFO - Sync 1 DAGs
[2024-01-01T16:15:55.622+0100] {logging_mixin.py:188} INFO - [2024-01-01T16:15:55.622+0100] {dag.py:3820} INFO - Setting next_dagrun for tutorial to 2023-12-31T00:00:00+00:00, run_after=2024-01-01T00:00:00+00:00
[2024-01-01T16:15:55.640+0100] {processor.py:183} INFO - Processing /home/ubuntu/.local/lib/python3.10/site-packages/airflow/example_dags/tutorial.py took 0.075 seconds
[2024-01-01T16:16:33.023+0100] {processor.py:161} INFO - Started process (PID=5208) to work on /home/ubuntu/.local/lib/python3.10/site-packages/airflow/example_dags/tutorial.py
[2024-01-01T16:16:33.025+0100] {processor.py:830} INFO - Processing file /home/ubuntu/.local/lib/python3.10/site-packages/airflow/example_dags/tutorial.py for tasks to queue
[2024-01-01T16:16:33.026+0100] {logging_mixin.py:188} INFO - [2024-01-01T16:16:33.026+0100] {dagbag.py:538} INFO - Filling up the DagBag from /home/ubuntu/.local/lib/python3.10/site-packages/airflow/example_dags/tutorial.py
[2024-01-01T16:16:33.037+0100] {processor.py:840} INFO - DAG(s) 'tutorial' retrieved from /home/ubuntu/.local/lib/python3.10/site-packages/airflow/example_dags/tutorial.py
[2024-01-01T16:16:33.057+0100] {logging_mixin.py:188} INFO - [2024-01-01T16:16:33.057+0100] {dag.py:3033} INFO - Sync 1 DAGs
[2024-01-01T16:16:33.074+0100] {logging_mixin.py:188} INFO - [2024-01-01T16:16:33.074+0100] {dag.py:3820} INFO - Setting next_dagrun for tutorial to 2023-12-31T00:00:00+00:00, run_after=2024-01-01T00:00:00+00:00
[2024-01-01T16:16:33.094+0100] {processor.py:183} INFO - Processing /home/ubuntu/.local/lib/python3.10/site-packages/airflow/example_dags/tutorial.py took 0.076 seconds
[2024-01-01T16:17:11.372+0100] {processor.py:161} INFO - Started process (PID=5256) to work on /home/ubuntu/.local/lib/python3.10/site-packages/airflow/example_dags/tutorial.py
[2024-01-01T16:17:11.373+0100] {processor.py:830} INFO - Processing file /home/ubuntu/.local/lib/python3.10/site-packages/airflow/example_dags/tutorial.py for tasks to queue
[2024-01-01T16:17:11.373+0100] {logging_mixin.py:188} INFO - [2024-01-01T16:17:11.373+0100] {dagbag.py:538} INFO - Filling up the DagBag from /home/ubuntu/.local/lib/python3.10/site-packages/airflow/example_dags/tutorial.py
[2024-01-01T16:17:11.378+0100] {processor.py:840} INFO - DAG(s) 'tutorial' retrieved from /home/ubuntu/.local/lib/python3.10/site-packages/airflow/example_dags/tutorial.py
[2024-01-01T16:17:11.389+0100] {logging_mixin.py:188} INFO - [2024-01-01T16:17:11.388+0100] {dag.py:3033} INFO - Sync 1 DAGs
[2024-01-01T16:17:11.401+0100] {logging_mixin.py:188} INFO - [2024-01-01T16:17:11.401+0100] {dag.py:3820} INFO - Setting next_dagrun for tutorial to 2023-12-31T00:00:00+00:00, run_after=2024-01-01T00:00:00+00:00
[2024-01-01T16:17:11.437+0100] {processor.py:183} INFO - Processing /home/ubuntu/.local/lib/python3.10/site-packages/airflow/example_dags/tutorial.py took 0.067 seconds
[2024-01-01T16:17:47.124+0100] {processor.py:161} INFO - Started process (PID=5304) to work on /home/ubuntu/.local/lib/python3.10/site-packages/airflow/example_dags/tutorial.py
[2024-01-01T16:17:47.125+0100] {processor.py:830} INFO - Processing file /home/ubuntu/.local/lib/python3.10/site-packages/airflow/example_dags/tutorial.py for tasks to queue
[2024-01-01T16:17:47.125+0100] {logging_mixin.py:188} INFO - [2024-01-01T16:17:47.125+0100] {dagbag.py:538} INFO - Filling up the DagBag from /home/ubuntu/.local/lib/python3.10/site-packages/airflow/example_dags/tutorial.py
[2024-01-01T16:17:47.130+0100] {processor.py:840} INFO - DAG(s) 'tutorial' retrieved from /home/ubuntu/.local/lib/python3.10/site-packages/airflow/example_dags/tutorial.py
[2024-01-01T16:17:47.138+0100] {logging_mixin.py:188} INFO - [2024-01-01T16:17:47.138+0100] {dag.py:3033} INFO - Sync 1 DAGs
[2024-01-01T16:17:47.149+0100] {logging_mixin.py:188} INFO - [2024-01-01T16:17:47.149+0100] {dag.py:3820} INFO - Setting next_dagrun for tutorial to 2023-12-31T00:00:00+00:00, run_after=2024-01-01T00:00:00+00:00
[2024-01-01T16:17:47.177+0100] {processor.py:183} INFO - Processing /home/ubuntu/.local/lib/python3.10/site-packages/airflow/example_dags/tutorial.py took 0.055 seconds
[2024-01-01T16:18:22.826+0100] {processor.py:161} INFO - Started process (PID=5348) to work on /home/ubuntu/.local/lib/python3.10/site-packages/airflow/example_dags/tutorial.py
[2024-01-01T16:18:22.827+0100] {processor.py:830} INFO - Processing file /home/ubuntu/.local/lib/python3.10/site-packages/airflow/example_dags/tutorial.py for tasks to queue
[2024-01-01T16:18:22.828+0100] {logging_mixin.py:188} INFO - [2024-01-01T16:18:22.828+0100] {dagbag.py:538} INFO - Filling up the DagBag from /home/ubuntu/.local/lib/python3.10/site-packages/airflow/example_dags/tutorial.py
[2024-01-01T16:18:22.836+0100] {processor.py:840} INFO - DAG(s) 'tutorial' retrieved from /home/ubuntu/.local/lib/python3.10/site-packages/airflow/example_dags/tutorial.py
[2024-01-01T16:18:22.849+0100] {logging_mixin.py:188} INFO - [2024-01-01T16:18:22.848+0100] {dag.py:3033} INFO - Sync 1 DAGs
[2024-01-01T16:18:22.864+0100] {logging_mixin.py:188} INFO - [2024-01-01T16:18:22.864+0100] {dag.py:3820} INFO - Setting next_dagrun for tutorial to 2023-12-31T00:00:00+00:00, run_after=2024-01-01T00:00:00+00:00
[2024-01-01T16:18:22.900+0100] {processor.py:183} INFO - Processing /home/ubuntu/.local/lib/python3.10/site-packages/airflow/example_dags/tutorial.py took 0.080 seconds
[2024-01-01T16:18:57.974+0100] {processor.py:161} INFO - Started process (PID=5399) to work on /home/ubuntu/.local/lib/python3.10/site-packages/airflow/example_dags/tutorial.py
[2024-01-01T16:18:57.985+0100] {processor.py:830} INFO - Processing file /home/ubuntu/.local/lib/python3.10/site-packages/airflow/example_dags/tutorial.py for tasks to queue
[2024-01-01T16:18:57.987+0100] {logging_mixin.py:188} INFO - [2024-01-01T16:18:57.986+0100] {dagbag.py:538} INFO - Filling up the DagBag from /home/ubuntu/.local/lib/python3.10/site-packages/airflow/example_dags/tutorial.py
[2024-01-01T16:18:58.001+0100] {processor.py:840} INFO - DAG(s) 'tutorial' retrieved from /home/ubuntu/.local/lib/python3.10/site-packages/airflow/example_dags/tutorial.py
[2024-01-01T16:18:58.024+0100] {logging_mixin.py:188} INFO - [2024-01-01T16:18:58.024+0100] {dag.py:3033} INFO - Sync 1 DAGs
[2024-01-01T16:18:58.041+0100] {logging_mixin.py:188} INFO - [2024-01-01T16:18:58.041+0100] {dag.py:3820} INFO - Setting next_dagrun for tutorial to 2023-12-31T00:00:00+00:00, run_after=2024-01-01T00:00:00+00:00
[2024-01-01T16:18:58.057+0100] {processor.py:183} INFO - Processing /home/ubuntu/.local/lib/python3.10/site-packages/airflow/example_dags/tutorial.py took 0.087 seconds
[2024-01-01T16:19:44.635+0100] {processor.py:161} INFO - Started process (PID=5496) to work on /home/ubuntu/.local/lib/python3.10/site-packages/airflow/example_dags/tutorial.py
[2024-01-01T16:19:44.645+0100] {processor.py:830} INFO - Processing file /home/ubuntu/.local/lib/python3.10/site-packages/airflow/example_dags/tutorial.py for tasks to queue
[2024-01-01T16:19:44.646+0100] {logging_mixin.py:188} INFO - [2024-01-01T16:19:44.645+0100] {dagbag.py:538} INFO - Filling up the DagBag from /home/ubuntu/.local/lib/python3.10/site-packages/airflow/example_dags/tutorial.py
[2024-01-01T16:19:44.651+0100] {processor.py:840} INFO - DAG(s) 'tutorial' retrieved from /home/ubuntu/.local/lib/python3.10/site-packages/airflow/example_dags/tutorial.py
[2024-01-01T16:19:44.655+0100] {logging_mixin.py:188} INFO - [2024-01-01T16:19:44.655+0100] {dag.py:3033} INFO - Sync 1 DAGs
[2024-01-01T16:19:44.666+0100] {logging_mixin.py:188} INFO - [2024-01-01T16:19:44.666+0100] {dag.py:3820} INFO - Setting next_dagrun for tutorial to 2023-12-31T00:00:00+00:00, run_after=2024-01-01T00:00:00+00:00
[2024-01-01T16:19:44.689+0100] {processor.py:183} INFO - Processing /home/ubuntu/.local/lib/python3.10/site-packages/airflow/example_dags/tutorial.py took 0.055 seconds
[2024-01-01T16:20:34.170+0100] {processor.py:161} INFO - Started process (PID=5669) to work on /home/ubuntu/.local/lib/python3.10/site-packages/airflow/example_dags/tutorial.py
[2024-01-01T16:20:34.171+0100] {processor.py:830} INFO - Processing file /home/ubuntu/.local/lib/python3.10/site-packages/airflow/example_dags/tutorial.py for tasks to queue
[2024-01-01T16:20:34.171+0100] {logging_mixin.py:188} INFO - [2024-01-01T16:20:34.171+0100] {dagbag.py:538} INFO - Filling up the DagBag from /home/ubuntu/.local/lib/python3.10/site-packages/airflow/example_dags/tutorial.py
[2024-01-01T16:20:34.176+0100] {processor.py:840} INFO - DAG(s) 'tutorial' retrieved from /home/ubuntu/.local/lib/python3.10/site-packages/airflow/example_dags/tutorial.py
[2024-01-01T16:20:34.232+0100] {logging_mixin.py:188} INFO - [2024-01-01T16:20:34.232+0100] {dag.py:3033} INFO - Sync 1 DAGs
[2024-01-01T16:20:34.248+0100] {logging_mixin.py:188} INFO - [2024-01-01T16:20:34.248+0100] {dag.py:3820} INFO - Setting next_dagrun for tutorial to 2023-12-31T00:00:00+00:00, run_after=2024-01-01T00:00:00+00:00
[2024-01-01T16:20:34.268+0100] {processor.py:183} INFO - Processing /home/ubuntu/.local/lib/python3.10/site-packages/airflow/example_dags/tutorial.py took 0.100 seconds
[2024-01-01T16:21:17.915+0100] {processor.py:161} INFO - Started process (PID=5835) to work on /home/ubuntu/.local/lib/python3.10/site-packages/airflow/example_dags/tutorial.py
[2024-01-01T16:21:17.926+0100] {processor.py:830} INFO - Processing file /home/ubuntu/.local/lib/python3.10/site-packages/airflow/example_dags/tutorial.py for tasks to queue
[2024-01-01T16:21:17.927+0100] {logging_mixin.py:188} INFO - [2024-01-01T16:21:17.926+0100] {dagbag.py:538} INFO - Filling up the DagBag from /home/ubuntu/.local/lib/python3.10/site-packages/airflow/example_dags/tutorial.py
[2024-01-01T16:21:17.933+0100] {processor.py:840} INFO - DAG(s) 'tutorial' retrieved from /home/ubuntu/.local/lib/python3.10/site-packages/airflow/example_dags/tutorial.py
[2024-01-01T16:21:17.945+0100] {logging_mixin.py:188} INFO - [2024-01-01T16:21:17.945+0100] {dag.py:3033} INFO - Sync 1 DAGs
[2024-01-01T16:21:17.960+0100] {logging_mixin.py:188} INFO - [2024-01-01T16:21:17.960+0100] {dag.py:3820} INFO - Setting next_dagrun for tutorial to 2023-12-31T00:00:00+00:00, run_after=2024-01-01T00:00:00+00:00
[2024-01-01T16:21:17.975+0100] {processor.py:183} INFO - Processing /home/ubuntu/.local/lib/python3.10/site-packages/airflow/example_dags/tutorial.py took 0.062 seconds
[2024-01-01T16:22:59.398+0100] {processor.py:161} INFO - Started process (PID=5919) to work on /home/ubuntu/.local/lib/python3.10/site-packages/airflow/example_dags/tutorial.py
[2024-01-01T16:22:59.408+0100] {processor.py:830} INFO - Processing file /home/ubuntu/.local/lib/python3.10/site-packages/airflow/example_dags/tutorial.py for tasks to queue
[2024-01-01T16:22:59.408+0100] {logging_mixin.py:188} INFO - [2024-01-01T16:22:59.408+0100] {dagbag.py:538} INFO - Filling up the DagBag from /home/ubuntu/.local/lib/python3.10/site-packages/airflow/example_dags/tutorial.py
[2024-01-01T16:22:59.414+0100] {processor.py:840} INFO - DAG(s) 'tutorial' retrieved from /home/ubuntu/.local/lib/python3.10/site-packages/airflow/example_dags/tutorial.py
[2024-01-01T16:22:59.418+0100] {logging_mixin.py:188} INFO - [2024-01-01T16:22:59.417+0100] {dag.py:3033} INFO - Sync 1 DAGs
[2024-01-01T16:22:59.429+0100] {logging_mixin.py:188} INFO - [2024-01-01T16:22:59.429+0100] {dag.py:3820} INFO - Setting next_dagrun for tutorial to 2023-12-31T00:00:00+00:00, run_after=2024-01-01T00:00:00+00:00
[2024-01-01T16:22:59.445+0100] {processor.py:183} INFO - Processing /home/ubuntu/.local/lib/python3.10/site-packages/airflow/example_dags/tutorial.py took 0.048 seconds
[2024-01-01T16:23:58.216+0100] {processor.py:161} INFO - Started process (PID=6004) to work on /home/ubuntu/.local/lib/python3.10/site-packages/airflow/example_dags/tutorial.py
[2024-01-01T16:23:58.227+0100] {processor.py:830} INFO - Processing file /home/ubuntu/.local/lib/python3.10/site-packages/airflow/example_dags/tutorial.py for tasks to queue
[2024-01-01T16:23:58.227+0100] {logging_mixin.py:188} INFO - [2024-01-01T16:23:58.227+0100] {dagbag.py:538} INFO - Filling up the DagBag from /home/ubuntu/.local/lib/python3.10/site-packages/airflow/example_dags/tutorial.py
[2024-01-01T16:23:58.232+0100] {processor.py:840} INFO - DAG(s) 'tutorial' retrieved from /home/ubuntu/.local/lib/python3.10/site-packages/airflow/example_dags/tutorial.py
[2024-01-01T16:23:58.291+0100] {logging_mixin.py:188} INFO - [2024-01-01T16:23:58.291+0100] {dag.py:3033} INFO - Sync 1 DAGs
[2024-01-01T16:23:58.302+0100] {logging_mixin.py:188} INFO - [2024-01-01T16:23:58.302+0100] {dag.py:3820} INFO - Setting next_dagrun for tutorial to 2023-12-31T00:00:00+00:00, run_after=2024-01-01T00:00:00+00:00
[2024-01-01T16:23:58.316+0100] {processor.py:183} INFO - Processing /home/ubuntu/.local/lib/python3.10/site-packages/airflow/example_dags/tutorial.py took 0.101 seconds
[2024-01-01T16:24:47.348+0100] {processor.py:161} INFO - Started process (PID=6175) to work on /home/ubuntu/.local/lib/python3.10/site-packages/airflow/example_dags/tutorial.py
[2024-01-01T16:24:47.358+0100] {processor.py:830} INFO - Processing file /home/ubuntu/.local/lib/python3.10/site-packages/airflow/example_dags/tutorial.py for tasks to queue
[2024-01-01T16:24:47.359+0100] {logging_mixin.py:188} INFO - [2024-01-01T16:24:47.359+0100] {dagbag.py:538} INFO - Filling up the DagBag from /home/ubuntu/.local/lib/python3.10/site-packages/airflow/example_dags/tutorial.py
[2024-01-01T16:24:47.366+0100] {processor.py:840} INFO - DAG(s) 'tutorial' retrieved from /home/ubuntu/.local/lib/python3.10/site-packages/airflow/example_dags/tutorial.py
[2024-01-01T16:24:47.379+0100] {logging_mixin.py:188} INFO - [2024-01-01T16:24:47.379+0100] {dag.py:3033} INFO - Sync 1 DAGs
[2024-01-01T16:24:47.396+0100] {logging_mixin.py:188} INFO - [2024-01-01T16:24:47.396+0100] {dag.py:3820} INFO - Setting next_dagrun for tutorial to 2023-12-31T00:00:00+00:00, run_after=2024-01-01T00:00:00+00:00
[2024-01-01T16:24:47.418+0100] {processor.py:183} INFO - Processing /home/ubuntu/.local/lib/python3.10/site-packages/airflow/example_dags/tutorial.py took 0.075 seconds
[2024-01-01T16:25:20.339+0100] {processor.py:161} INFO - Started process (PID=6237) to work on /home/ubuntu/.local/lib/python3.10/site-packages/airflow/example_dags/tutorial.py
[2024-01-01T16:25:20.340+0100] {processor.py:830} INFO - Processing file /home/ubuntu/.local/lib/python3.10/site-packages/airflow/example_dags/tutorial.py for tasks to queue
[2024-01-01T16:25:20.342+0100] {logging_mixin.py:188} INFO - [2024-01-01T16:25:20.341+0100] {dagbag.py:538} INFO - Filling up the DagBag from /home/ubuntu/.local/lib/python3.10/site-packages/airflow/example_dags/tutorial.py
[2024-01-01T16:25:20.354+0100] {processor.py:840} INFO - DAG(s) 'tutorial' retrieved from /home/ubuntu/.local/lib/python3.10/site-packages/airflow/example_dags/tutorial.py
[2024-01-01T16:25:20.372+0100] {logging_mixin.py:188} INFO - [2024-01-01T16:25:20.372+0100] {dag.py:3033} INFO - Sync 1 DAGs
[2024-01-01T16:25:20.388+0100] {logging_mixin.py:188} INFO - [2024-01-01T16:25:20.388+0100] {dag.py:3820} INFO - Setting next_dagrun for tutorial to 2023-12-31T00:00:00+00:00, run_after=2024-01-01T00:00:00+00:00
[2024-01-01T16:25:20.404+0100] {processor.py:183} INFO - Processing /home/ubuntu/.local/lib/python3.10/site-packages/airflow/example_dags/tutorial.py took 0.070 seconds
[2024-01-01T16:25:57.036+0100] {processor.py:161} INFO - Started process (PID=6337) to work on /home/ubuntu/.local/lib/python3.10/site-packages/airflow/example_dags/tutorial.py
[2024-01-01T16:25:57.048+0100] {processor.py:830} INFO - Processing file /home/ubuntu/.local/lib/python3.10/site-packages/airflow/example_dags/tutorial.py for tasks to queue
[2024-01-01T16:25:57.051+0100] {logging_mixin.py:188} INFO - [2024-01-01T16:25:57.050+0100] {dagbag.py:538} INFO - Filling up the DagBag from /home/ubuntu/.local/lib/python3.10/site-packages/airflow/example_dags/tutorial.py
[2024-01-01T16:25:57.065+0100] {processor.py:840} INFO - DAG(s) 'tutorial' retrieved from /home/ubuntu/.local/lib/python3.10/site-packages/airflow/example_dags/tutorial.py
[2024-01-01T16:25:57.082+0100] {logging_mixin.py:188} INFO - [2024-01-01T16:25:57.082+0100] {dag.py:3033} INFO - Sync 1 DAGs
[2024-01-01T16:25:57.097+0100] {logging_mixin.py:188} INFO - [2024-01-01T16:25:57.097+0100] {dag.py:3820} INFO - Setting next_dagrun for tutorial to 2023-12-31T00:00:00+00:00, run_after=2024-01-01T00:00:00+00:00
[2024-01-01T16:25:57.112+0100] {processor.py:183} INFO - Processing /home/ubuntu/.local/lib/python3.10/site-packages/airflow/example_dags/tutorial.py took 0.083 seconds
[2024-01-01T16:26:36.659+0100] {processor.py:161} INFO - Started process (PID=6410) to work on /home/ubuntu/.local/lib/python3.10/site-packages/airflow/example_dags/tutorial.py
[2024-01-01T16:26:36.660+0100] {processor.py:830} INFO - Processing file /home/ubuntu/.local/lib/python3.10/site-packages/airflow/example_dags/tutorial.py for tasks to queue
[2024-01-01T16:26:36.660+0100] {logging_mixin.py:188} INFO - [2024-01-01T16:26:36.660+0100] {dagbag.py:538} INFO - Filling up the DagBag from /home/ubuntu/.local/lib/python3.10/site-packages/airflow/example_dags/tutorial.py
[2024-01-01T16:26:36.665+0100] {processor.py:840} INFO - DAG(s) 'tutorial' retrieved from /home/ubuntu/.local/lib/python3.10/site-packages/airflow/example_dags/tutorial.py
[2024-01-01T16:26:36.675+0100] {logging_mixin.py:188} INFO - [2024-01-01T16:26:36.675+0100] {dag.py:3033} INFO - Sync 1 DAGs
[2024-01-01T16:26:36.696+0100] {logging_mixin.py:188} INFO - [2024-01-01T16:26:36.696+0100] {dag.py:3820} INFO - Setting next_dagrun for tutorial to 2023-12-31T00:00:00+00:00, run_after=2024-01-01T00:00:00+00:00
[2024-01-01T16:26:36.712+0100] {processor.py:183} INFO - Processing /home/ubuntu/.local/lib/python3.10/site-packages/airflow/example_dags/tutorial.py took 0.055 seconds
[2024-01-01T16:27:12.452+0100] {processor.py:161} INFO - Started process (PID=6544) to work on /home/ubuntu/.local/lib/python3.10/site-packages/airflow/example_dags/tutorial.py
[2024-01-01T16:27:12.463+0100] {processor.py:830} INFO - Processing file /home/ubuntu/.local/lib/python3.10/site-packages/airflow/example_dags/tutorial.py for tasks to queue
[2024-01-01T16:27:12.463+0100] {logging_mixin.py:188} INFO - [2024-01-01T16:27:12.463+0100] {dagbag.py:538} INFO - Filling up the DagBag from /home/ubuntu/.local/lib/python3.10/site-packages/airflow/example_dags/tutorial.py
[2024-01-01T16:27:12.469+0100] {processor.py:840} INFO - DAG(s) 'tutorial' retrieved from /home/ubuntu/.local/lib/python3.10/site-packages/airflow/example_dags/tutorial.py
[2024-01-01T16:27:12.481+0100] {logging_mixin.py:188} INFO - [2024-01-01T16:27:12.480+0100] {dag.py:3033} INFO - Sync 1 DAGs
[2024-01-01T16:27:12.496+0100] {logging_mixin.py:188} INFO - [2024-01-01T16:27:12.496+0100] {dag.py:3820} INFO - Setting next_dagrun for tutorial to 2023-12-31T00:00:00+00:00, run_after=2024-01-01T00:00:00+00:00
[2024-01-01T16:27:12.513+0100] {processor.py:183} INFO - Processing /home/ubuntu/.local/lib/python3.10/site-packages/airflow/example_dags/tutorial.py took 0.066 seconds
[2024-01-01T16:27:44.716+0100] {processor.py:161} INFO - Started process (PID=6612) to work on /home/ubuntu/.local/lib/python3.10/site-packages/airflow/example_dags/tutorial.py
[2024-01-01T16:27:44.718+0100] {processor.py:830} INFO - Processing file /home/ubuntu/.local/lib/python3.10/site-packages/airflow/example_dags/tutorial.py for tasks to queue
[2024-01-01T16:27:44.719+0100] {logging_mixin.py:188} INFO - [2024-01-01T16:27:44.719+0100] {dagbag.py:538} INFO - Filling up the DagBag from /home/ubuntu/.local/lib/python3.10/site-packages/airflow/example_dags/tutorial.py
[2024-01-01T16:27:44.730+0100] {processor.py:840} INFO - DAG(s) 'tutorial' retrieved from /home/ubuntu/.local/lib/python3.10/site-packages/airflow/example_dags/tutorial.py
[2024-01-01T16:27:44.749+0100] {logging_mixin.py:188} INFO - [2024-01-01T16:27:44.749+0100] {dag.py:3033} INFO - Sync 1 DAGs
[2024-01-01T16:27:44.764+0100] {logging_mixin.py:188} INFO - [2024-01-01T16:27:44.764+0100] {dag.py:3820} INFO - Setting next_dagrun for tutorial to 2023-12-31T00:00:00+00:00, run_after=2024-01-01T00:00:00+00:00
[2024-01-01T16:27:44.792+0100] {processor.py:183} INFO - Processing /home/ubuntu/.local/lib/python3.10/site-packages/airflow/example_dags/tutorial.py took 0.080 seconds
[2024-01-01T16:28:17.919+0100] {processor.py:161} INFO - Started process (PID=6743) to work on /home/ubuntu/.local/lib/python3.10/site-packages/airflow/example_dags/tutorial.py
[2024-01-01T16:28:17.920+0100] {processor.py:830} INFO - Processing file /home/ubuntu/.local/lib/python3.10/site-packages/airflow/example_dags/tutorial.py for tasks to queue
[2024-01-01T16:28:17.921+0100] {logging_mixin.py:188} INFO - [2024-01-01T16:28:17.920+0100] {dagbag.py:538} INFO - Filling up the DagBag from /home/ubuntu/.local/lib/python3.10/site-packages/airflow/example_dags/tutorial.py
[2024-01-01T16:28:17.925+0100] {processor.py:840} INFO - DAG(s) 'tutorial' retrieved from /home/ubuntu/.local/lib/python3.10/site-packages/airflow/example_dags/tutorial.py
[2024-01-01T16:28:17.937+0100] {logging_mixin.py:188} INFO - [2024-01-01T16:28:17.936+0100] {dag.py:3033} INFO - Sync 1 DAGs
[2024-01-01T16:28:17.949+0100] {logging_mixin.py:188} INFO - [2024-01-01T16:28:17.949+0100] {dag.py:3820} INFO - Setting next_dagrun for tutorial to 2023-12-31T00:00:00+00:00, run_after=2024-01-01T00:00:00+00:00
[2024-01-01T16:28:17.974+0100] {processor.py:183} INFO - Processing /home/ubuntu/.local/lib/python3.10/site-packages/airflow/example_dags/tutorial.py took 0.056 seconds
[2024-01-01T16:28:54.672+0100] {processor.py:161} INFO - Started process (PID=6794) to work on /home/ubuntu/.local/lib/python3.10/site-packages/airflow/example_dags/tutorial.py
[2024-01-01T16:28:54.673+0100] {processor.py:830} INFO - Processing file /home/ubuntu/.local/lib/python3.10/site-packages/airflow/example_dags/tutorial.py for tasks to queue
[2024-01-01T16:28:54.673+0100] {logging_mixin.py:188} INFO - [2024-01-01T16:28:54.673+0100] {dagbag.py:538} INFO - Filling up the DagBag from /home/ubuntu/.local/lib/python3.10/site-packages/airflow/example_dags/tutorial.py
[2024-01-01T16:28:54.678+0100] {processor.py:840} INFO - DAG(s) 'tutorial' retrieved from /home/ubuntu/.local/lib/python3.10/site-packages/airflow/example_dags/tutorial.py
[2024-01-01T16:28:54.686+0100] {logging_mixin.py:188} INFO - [2024-01-01T16:28:54.686+0100] {dag.py:3033} INFO - Sync 1 DAGs
[2024-01-01T16:28:54.698+0100] {logging_mixin.py:188} INFO - [2024-01-01T16:28:54.697+0100] {dag.py:3820} INFO - Setting next_dagrun for tutorial to 2023-12-31T00:00:00+00:00, run_after=2024-01-01T00:00:00+00:00
[2024-01-01T16:28:54.735+0100] {processor.py:183} INFO - Processing /home/ubuntu/.local/lib/python3.10/site-packages/airflow/example_dags/tutorial.py took 0.064 seconds
[2024-01-01T16:29:30.191+0100] {processor.py:161} INFO - Started process (PID=6875) to work on /home/ubuntu/.local/lib/python3.10/site-packages/airflow/example_dags/tutorial.py
[2024-01-01T16:29:30.201+0100] {processor.py:830} INFO - Processing file /home/ubuntu/.local/lib/python3.10/site-packages/airflow/example_dags/tutorial.py for tasks to queue
[2024-01-01T16:29:30.202+0100] {logging_mixin.py:188} INFO - [2024-01-01T16:29:30.202+0100] {dagbag.py:538} INFO - Filling up the DagBag from /home/ubuntu/.local/lib/python3.10/site-packages/airflow/example_dags/tutorial.py
[2024-01-01T16:29:30.207+0100] {processor.py:840} INFO - DAG(s) 'tutorial' retrieved from /home/ubuntu/.local/lib/python3.10/site-packages/airflow/example_dags/tutorial.py
[2024-01-01T16:29:30.217+0100] {logging_mixin.py:188} INFO - [2024-01-01T16:29:30.216+0100] {dag.py:3033} INFO - Sync 1 DAGs
[2024-01-01T16:29:30.229+0100] {logging_mixin.py:188} INFO - [2024-01-01T16:29:30.229+0100] {dag.py:3820} INFO - Setting next_dagrun for tutorial to 2023-12-31T00:00:00+00:00, run_after=2024-01-01T00:00:00+00:00
[2024-01-01T16:29:30.244+0100] {processor.py:183} INFO - Processing /home/ubuntu/.local/lib/python3.10/site-packages/airflow/example_dags/tutorial.py took 0.055 seconds
[2024-01-01T16:30:06.550+0100] {processor.py:161} INFO - Started process (PID=6937) to work on /home/ubuntu/.local/lib/python3.10/site-packages/airflow/example_dags/tutorial.py
[2024-01-01T16:30:06.550+0100] {processor.py:830} INFO - Processing file /home/ubuntu/.local/lib/python3.10/site-packages/airflow/example_dags/tutorial.py for tasks to queue
[2024-01-01T16:30:06.551+0100] {logging_mixin.py:188} INFO - [2024-01-01T16:30:06.551+0100] {dagbag.py:538} INFO - Filling up the DagBag from /home/ubuntu/.local/lib/python3.10/site-packages/airflow/example_dags/tutorial.py
[2024-01-01T16:30:06.555+0100] {processor.py:840} INFO - DAG(s) 'tutorial' retrieved from /home/ubuntu/.local/lib/python3.10/site-packages/airflow/example_dags/tutorial.py
[2024-01-01T16:30:06.563+0100] {logging_mixin.py:188} INFO - [2024-01-01T16:30:06.563+0100] {dag.py:3033} INFO - Sync 1 DAGs
[2024-01-01T16:30:06.574+0100] {logging_mixin.py:188} INFO - [2024-01-01T16:30:06.574+0100] {dag.py:3820} INFO - Setting next_dagrun for tutorial to 2023-12-31T00:00:00+00:00, run_after=2024-01-01T00:00:00+00:00
[2024-01-01T16:30:06.600+0100] {processor.py:183} INFO - Processing /home/ubuntu/.local/lib/python3.10/site-packages/airflow/example_dags/tutorial.py took 0.052 seconds
[2024-01-01T16:30:40.552+0100] {processor.py:161} INFO - Started process (PID=7018) to work on /home/ubuntu/.local/lib/python3.10/site-packages/airflow/example_dags/tutorial.py
[2024-01-01T16:30:40.553+0100] {processor.py:830} INFO - Processing file /home/ubuntu/.local/lib/python3.10/site-packages/airflow/example_dags/tutorial.py for tasks to queue
[2024-01-01T16:30:40.554+0100] {logging_mixin.py:188} INFO - [2024-01-01T16:30:40.553+0100] {dagbag.py:538} INFO - Filling up the DagBag from /home/ubuntu/.local/lib/python3.10/site-packages/airflow/example_dags/tutorial.py
[2024-01-01T16:30:40.561+0100] {processor.py:840} INFO - DAG(s) 'tutorial' retrieved from /home/ubuntu/.local/lib/python3.10/site-packages/airflow/example_dags/tutorial.py
[2024-01-01T16:30:40.576+0100] {logging_mixin.py:188} INFO - [2024-01-01T16:30:40.576+0100] {dag.py:3033} INFO - Sync 1 DAGs
[2024-01-01T16:30:40.598+0100] {logging_mixin.py:188} INFO - [2024-01-01T16:30:40.597+0100] {dag.py:3820} INFO - Setting next_dagrun for tutorial to 2023-12-31T00:00:00+00:00, run_after=2024-01-01T00:00:00+00:00
[2024-01-01T16:30:40.626+0100] {processor.py:183} INFO - Processing /home/ubuntu/.local/lib/python3.10/site-packages/airflow/example_dags/tutorial.py took 0.076 seconds
[2024-01-01T16:31:17.916+0100] {processor.py:161} INFO - Started process (PID=7083) to work on /home/ubuntu/.local/lib/python3.10/site-packages/airflow/example_dags/tutorial.py
[2024-01-01T16:31:17.918+0100] {processor.py:830} INFO - Processing file /home/ubuntu/.local/lib/python3.10/site-packages/airflow/example_dags/tutorial.py for tasks to queue
[2024-01-01T16:31:17.919+0100] {logging_mixin.py:188} INFO - [2024-01-01T16:31:17.919+0100] {dagbag.py:538} INFO - Filling up the DagBag from /home/ubuntu/.local/lib/python3.10/site-packages/airflow/example_dags/tutorial.py
[2024-01-01T16:31:17.928+0100] {processor.py:840} INFO - DAG(s) 'tutorial' retrieved from /home/ubuntu/.local/lib/python3.10/site-packages/airflow/example_dags/tutorial.py
[2024-01-01T16:31:17.942+0100] {logging_mixin.py:188} INFO - [2024-01-01T16:31:17.942+0100] {dag.py:3033} INFO - Sync 1 DAGs
[2024-01-01T16:31:17.956+0100] {logging_mixin.py:188} INFO - [2024-01-01T16:31:17.956+0100] {dag.py:3820} INFO - Setting next_dagrun for tutorial to 2023-12-31T00:00:00+00:00, run_after=2024-01-01T00:00:00+00:00
[2024-01-01T16:31:17.975+0100] {processor.py:183} INFO - Processing /home/ubuntu/.local/lib/python3.10/site-packages/airflow/example_dags/tutorial.py took 0.066 seconds
[2024-01-01T16:31:52.052+0100] {processor.py:161} INFO - Started process (PID=7132) to work on /home/ubuntu/.local/lib/python3.10/site-packages/airflow/example_dags/tutorial.py
[2024-01-01T16:31:52.054+0100] {processor.py:830} INFO - Processing file /home/ubuntu/.local/lib/python3.10/site-packages/airflow/example_dags/tutorial.py for tasks to queue
[2024-01-01T16:31:52.056+0100] {logging_mixin.py:188} INFO - [2024-01-01T16:31:52.055+0100] {dagbag.py:538} INFO - Filling up the DagBag from /home/ubuntu/.local/lib/python3.10/site-packages/airflow/example_dags/tutorial.py
[2024-01-01T16:31:52.071+0100] {processor.py:840} INFO - DAG(s) 'tutorial' retrieved from /home/ubuntu/.local/lib/python3.10/site-packages/airflow/example_dags/tutorial.py
[2024-01-01T16:31:52.087+0100] {logging_mixin.py:188} INFO - [2024-01-01T16:31:52.086+0100] {dag.py:3033} INFO - Sync 1 DAGs
[2024-01-01T16:31:52.102+0100] {logging_mixin.py:188} INFO - [2024-01-01T16:31:52.101+0100] {dag.py:3820} INFO - Setting next_dagrun for tutorial to 2023-12-31T00:00:00+00:00, run_after=2024-01-01T00:00:00+00:00
[2024-01-01T16:31:52.129+0100] {processor.py:183} INFO - Processing /home/ubuntu/.local/lib/python3.10/site-packages/airflow/example_dags/tutorial.py took 0.085 seconds
[2024-01-01T16:32:28.984+0100] {processor.py:161} INFO - Started process (PID=7234) to work on /home/ubuntu/.local/lib/python3.10/site-packages/airflow/example_dags/tutorial.py
[2024-01-01T16:32:28.994+0100] {processor.py:830} INFO - Processing file /home/ubuntu/.local/lib/python3.10/site-packages/airflow/example_dags/tutorial.py for tasks to queue
[2024-01-01T16:32:28.995+0100] {logging_mixin.py:188} INFO - [2024-01-01T16:32:28.995+0100] {dagbag.py:538} INFO - Filling up the DagBag from /home/ubuntu/.local/lib/python3.10/site-packages/airflow/example_dags/tutorial.py
[2024-01-01T16:32:29.001+0100] {processor.py:840} INFO - DAG(s) 'tutorial' retrieved from /home/ubuntu/.local/lib/python3.10/site-packages/airflow/example_dags/tutorial.py
[2024-01-01T16:32:29.019+0100] {logging_mixin.py:188} INFO - [2024-01-01T16:32:29.018+0100] {dag.py:3033} INFO - Sync 1 DAGs
[2024-01-01T16:32:29.036+0100] {logging_mixin.py:188} INFO - [2024-01-01T16:32:29.036+0100] {dag.py:3820} INFO - Setting next_dagrun for tutorial to 2023-12-31T00:00:00+00:00, run_after=2024-01-01T00:00:00+00:00
[2024-01-01T16:32:29.053+0100] {processor.py:183} INFO - Processing /home/ubuntu/.local/lib/python3.10/site-packages/airflow/example_dags/tutorial.py took 0.072 seconds
[2024-01-01T16:33:11.763+0100] {processor.py:161} INFO - Started process (PID=7389) to work on /home/ubuntu/.local/lib/python3.10/site-packages/airflow/example_dags/tutorial.py
[2024-01-01T16:33:11.764+0100] {processor.py:830} INFO - Processing file /home/ubuntu/.local/lib/python3.10/site-packages/airflow/example_dags/tutorial.py for tasks to queue
[2024-01-01T16:33:11.765+0100] {logging_mixin.py:188} INFO - [2024-01-01T16:33:11.765+0100] {dagbag.py:538} INFO - Filling up the DagBag from /home/ubuntu/.local/lib/python3.10/site-packages/airflow/example_dags/tutorial.py
[2024-01-01T16:33:11.772+0100] {processor.py:840} INFO - DAG(s) 'tutorial' retrieved from /home/ubuntu/.local/lib/python3.10/site-packages/airflow/example_dags/tutorial.py
[2024-01-01T16:33:11.785+0100] {logging_mixin.py:188} INFO - [2024-01-01T16:33:11.785+0100] {dag.py:3033} INFO - Sync 1 DAGs
[2024-01-01T16:33:11.799+0100] {logging_mixin.py:188} INFO - [2024-01-01T16:33:11.799+0100] {dag.py:3820} INFO - Setting next_dagrun for tutorial to 2023-12-31T00:00:00+00:00, run_after=2024-01-01T00:00:00+00:00
[2024-01-01T16:33:11.816+0100] {processor.py:183} INFO - Processing /home/ubuntu/.local/lib/python3.10/site-packages/airflow/example_dags/tutorial.py took 0.055 seconds
[2024-01-01T16:33:55.063+0100] {processor.py:161} INFO - Started process (PID=7500) to work on /home/ubuntu/.local/lib/python3.10/site-packages/airflow/example_dags/tutorial.py
[2024-01-01T16:33:55.064+0100] {processor.py:830} INFO - Processing file /home/ubuntu/.local/lib/python3.10/site-packages/airflow/example_dags/tutorial.py for tasks to queue
[2024-01-01T16:33:55.065+0100] {logging_mixin.py:188} INFO - [2024-01-01T16:33:55.065+0100] {dagbag.py:538} INFO - Filling up the DagBag from /home/ubuntu/.local/lib/python3.10/site-packages/airflow/example_dags/tutorial.py
[2024-01-01T16:33:55.071+0100] {processor.py:840} INFO - DAG(s) 'tutorial' retrieved from /home/ubuntu/.local/lib/python3.10/site-packages/airflow/example_dags/tutorial.py
[2024-01-01T16:33:55.084+0100] {logging_mixin.py:188} INFO - [2024-01-01T16:33:55.084+0100] {dag.py:3033} INFO - Sync 1 DAGs
[2024-01-01T16:33:55.107+0100] {logging_mixin.py:188} INFO - [2024-01-01T16:33:55.107+0100] {dag.py:3820} INFO - Setting next_dagrun for tutorial to 2023-12-31T00:00:00+00:00, run_after=2024-01-01T00:00:00+00:00
[2024-01-01T16:33:55.139+0100] {processor.py:183} INFO - Processing /home/ubuntu/.local/lib/python3.10/site-packages/airflow/example_dags/tutorial.py took 0.079 seconds
