[2024-01-01T15:42:26.650+0100] {processor.py:161} INFO - Started process (PID=7939) to work on /home/ubuntu/.local/lib/python3.10/site-packages/airflow/example_dags/tutorial_taskflow_api.py
[2024-01-01T15:42:26.651+0100] {processor.py:830} INFO - Processing file /home/ubuntu/.local/lib/python3.10/site-packages/airflow/example_dags/tutorial_taskflow_api.py for tasks to queue
[2024-01-01T15:42:26.651+0100] {logging_mixin.py:188} INFO - [2024-01-01T15:42:26.651+0100] {dagbag.py:538} INFO - Filling up the DagBag from /home/ubuntu/.local/lib/python3.10/site-packages/airflow/example_dags/tutorial_taskflow_api.py
[2024-01-01T15:42:26.657+0100] {processor.py:840} INFO - DAG(s) 'tutorial_taskflow_api' retrieved from /home/ubuntu/.local/lib/python3.10/site-packages/airflow/example_dags/tutorial_taskflow_api.py
[2024-01-01T15:42:26.662+0100] {logging_mixin.py:188} INFO - [2024-01-01T15:42:26.662+0100] {dag.py:3033} INFO - Sync 1 DAGs
[2024-01-01T15:42:26.676+0100] {logging_mixin.py:188} INFO - [2024-01-01T15:42:26.676+0100] {dag.py:3820} INFO - Setting next_dagrun for tutorial_taskflow_api to None, run_after=None
[2024-01-01T15:42:26.704+0100] {processor.py:183} INFO - Processing /home/ubuntu/.local/lib/python3.10/site-packages/airflow/example_dags/tutorial_taskflow_api.py took 0.056 seconds
[2024-01-01T15:43:15.930+0100] {processor.py:161} INFO - Started process (PID=8036) to work on /home/ubuntu/.local/lib/python3.10/site-packages/airflow/example_dags/tutorial_taskflow_api.py
[2024-01-01T15:43:15.940+0100] {processor.py:830} INFO - Processing file /home/ubuntu/.local/lib/python3.10/site-packages/airflow/example_dags/tutorial_taskflow_api.py for tasks to queue
[2024-01-01T15:43:15.941+0100] {logging_mixin.py:188} INFO - [2024-01-01T15:43:15.940+0100] {dagbag.py:538} INFO - Filling up the DagBag from /home/ubuntu/.local/lib/python3.10/site-packages/airflow/example_dags/tutorial_taskflow_api.py
[2024-01-01T15:43:15.945+0100] {processor.py:840} INFO - DAG(s) 'tutorial_taskflow_api' retrieved from /home/ubuntu/.local/lib/python3.10/site-packages/airflow/example_dags/tutorial_taskflow_api.py
[2024-01-01T15:43:16.011+0100] {logging_mixin.py:188} INFO - [2024-01-01T15:43:16.011+0100] {dag.py:3033} INFO - Sync 1 DAGs
[2024-01-01T15:43:16.019+0100] {logging_mixin.py:188} INFO - [2024-01-01T15:43:16.019+0100] {dag.py:3820} INFO - Setting next_dagrun for tutorial_taskflow_api to None, run_after=None
[2024-01-01T15:43:16.035+0100] {processor.py:183} INFO - Processing /home/ubuntu/.local/lib/python3.10/site-packages/airflow/example_dags/tutorial_taskflow_api.py took 0.108 seconds
[2024-01-01T15:43:52.096+0100] {processor.py:161} INFO - Started process (PID=8092) to work on /home/ubuntu/.local/lib/python3.10/site-packages/airflow/example_dags/tutorial_taskflow_api.py
[2024-01-01T15:43:52.097+0100] {processor.py:830} INFO - Processing file /home/ubuntu/.local/lib/python3.10/site-packages/airflow/example_dags/tutorial_taskflow_api.py for tasks to queue
[2024-01-01T15:43:52.098+0100] {logging_mixin.py:188} INFO - [2024-01-01T15:43:52.097+0100] {dagbag.py:538} INFO - Filling up the DagBag from /home/ubuntu/.local/lib/python3.10/site-packages/airflow/example_dags/tutorial_taskflow_api.py
[2024-01-01T15:43:52.103+0100] {processor.py:840} INFO - DAG(s) 'tutorial_taskflow_api' retrieved from /home/ubuntu/.local/lib/python3.10/site-packages/airflow/example_dags/tutorial_taskflow_api.py
[2024-01-01T15:43:52.114+0100] {logging_mixin.py:188} INFO - [2024-01-01T15:43:52.114+0100] {dag.py:3033} INFO - Sync 1 DAGs
[2024-01-01T15:43:52.122+0100] {logging_mixin.py:188} INFO - [2024-01-01T15:43:52.121+0100] {dag.py:3820} INFO - Setting next_dagrun for tutorial_taskflow_api to None, run_after=None
[2024-01-01T15:43:52.139+0100] {processor.py:183} INFO - Processing /home/ubuntu/.local/lib/python3.10/site-packages/airflow/example_dags/tutorial_taskflow_api.py took 0.046 seconds
[2024-01-01T15:44:29.772+0100] {processor.py:161} INFO - Started process (PID=8274) to work on /home/ubuntu/.local/lib/python3.10/site-packages/airflow/example_dags/tutorial_taskflow_api.py
[2024-01-01T15:44:29.774+0100] {processor.py:830} INFO - Processing file /home/ubuntu/.local/lib/python3.10/site-packages/airflow/example_dags/tutorial_taskflow_api.py for tasks to queue
[2024-01-01T15:44:29.775+0100] {logging_mixin.py:188} INFO - [2024-01-01T15:44:29.774+0100] {dagbag.py:538} INFO - Filling up the DagBag from /home/ubuntu/.local/lib/python3.10/site-packages/airflow/example_dags/tutorial_taskflow_api.py
[2024-01-01T15:44:29.781+0100] {processor.py:840} INFO - DAG(s) 'tutorial_taskflow_api' retrieved from /home/ubuntu/.local/lib/python3.10/site-packages/airflow/example_dags/tutorial_taskflow_api.py
[2024-01-01T15:44:29.792+0100] {logging_mixin.py:188} INFO - [2024-01-01T15:44:29.792+0100] {dag.py:3033} INFO - Sync 1 DAGs
[2024-01-01T15:44:29.801+0100] {logging_mixin.py:188} INFO - [2024-01-01T15:44:29.801+0100] {dag.py:3820} INFO - Setting next_dagrun for tutorial_taskflow_api to None, run_after=None
[2024-01-01T15:44:29.832+0100] {processor.py:183} INFO - Processing /home/ubuntu/.local/lib/python3.10/site-packages/airflow/example_dags/tutorial_taskflow_api.py took 0.062 seconds
[2024-01-01T15:45:06.582+0100] {processor.py:161} INFO - Started process (PID=8540) to work on /home/ubuntu/.local/lib/python3.10/site-packages/airflow/example_dags/tutorial_taskflow_api.py
[2024-01-01T15:45:06.584+0100] {processor.py:830} INFO - Processing file /home/ubuntu/.local/lib/python3.10/site-packages/airflow/example_dags/tutorial_taskflow_api.py for tasks to queue
[2024-01-01T15:45:06.584+0100] {logging_mixin.py:188} INFO - [2024-01-01T15:45:06.584+0100] {dagbag.py:538} INFO - Filling up the DagBag from /home/ubuntu/.local/lib/python3.10/site-packages/airflow/example_dags/tutorial_taskflow_api.py
[2024-01-01T15:45:06.592+0100] {processor.py:840} INFO - DAG(s) 'tutorial_taskflow_api' retrieved from /home/ubuntu/.local/lib/python3.10/site-packages/airflow/example_dags/tutorial_taskflow_api.py
[2024-01-01T15:45:06.614+0100] {logging_mixin.py:188} INFO - [2024-01-01T15:45:06.613+0100] {dag.py:3033} INFO - Sync 1 DAGs
[2024-01-01T15:45:06.622+0100] {logging_mixin.py:188} INFO - [2024-01-01T15:45:06.622+0100] {dag.py:3820} INFO - Setting next_dagrun for tutorial_taskflow_api to None, run_after=None
[2024-01-01T15:45:06.651+0100] {processor.py:183} INFO - Processing /home/ubuntu/.local/lib/python3.10/site-packages/airflow/example_dags/tutorial_taskflow_api.py took 0.071 seconds
[2024-01-01T15:45:47.965+0100] {processor.py:161} INFO - Started process (PID=8704) to work on /home/ubuntu/.local/lib/python3.10/site-packages/airflow/example_dags/tutorial_taskflow_api.py
[2024-01-01T15:45:47.968+0100] {processor.py:830} INFO - Processing file /home/ubuntu/.local/lib/python3.10/site-packages/airflow/example_dags/tutorial_taskflow_api.py for tasks to queue
[2024-01-01T15:45:47.971+0100] {logging_mixin.py:188} INFO - [2024-01-01T15:45:47.968+0100] {dagbag.py:538} INFO - Filling up the DagBag from /home/ubuntu/.local/lib/python3.10/site-packages/airflow/example_dags/tutorial_taskflow_api.py
[2024-01-01T15:45:47.983+0100] {processor.py:840} INFO - DAG(s) 'tutorial_taskflow_api' retrieved from /home/ubuntu/.local/lib/python3.10/site-packages/airflow/example_dags/tutorial_taskflow_api.py
[2024-01-01T15:45:48.001+0100] {logging_mixin.py:188} INFO - [2024-01-01T15:45:48.001+0100] {dag.py:3033} INFO - Sync 1 DAGs
[2024-01-01T15:45:48.013+0100] {logging_mixin.py:188} INFO - [2024-01-01T15:45:48.013+0100] {dag.py:3820} INFO - Setting next_dagrun for tutorial_taskflow_api to None, run_after=None
[2024-01-01T15:45:48.185+0100] {processor.py:183} INFO - Processing /home/ubuntu/.local/lib/python3.10/site-packages/airflow/example_dags/tutorial_taskflow_api.py took 0.220 seconds
[2024-01-01T15:47:02.489+0100] {processor.py:161} INFO - Started process (PID=8783) to work on /home/ubuntu/.local/lib/python3.10/site-packages/airflow/example_dags/tutorial_taskflow_api.py
[2024-01-01T15:47:02.497+0100] {processor.py:830} INFO - Processing file /home/ubuntu/.local/lib/python3.10/site-packages/airflow/example_dags/tutorial_taskflow_api.py for tasks to queue
[2024-01-01T15:47:02.510+0100] {logging_mixin.py:188} INFO - [2024-01-01T15:47:02.501+0100] {dagbag.py:538} INFO - Filling up the DagBag from /home/ubuntu/.local/lib/python3.10/site-packages/airflow/example_dags/tutorial_taskflow_api.py
[2024-01-01T15:47:02.645+0100] {processor.py:840} INFO - DAG(s) 'tutorial_taskflow_api' retrieved from /home/ubuntu/.local/lib/python3.10/site-packages/airflow/example_dags/tutorial_taskflow_api.py
[2024-01-01T15:47:02.908+0100] {logging_mixin.py:188} INFO - [2024-01-01T15:47:02.901+0100] {dag.py:3033} INFO - Sync 1 DAGs
[2024-01-01T15:47:03.050+0100] {logging_mixin.py:188} INFO - [2024-01-01T15:47:03.031+0100] {dag.py:3820} INFO - Setting next_dagrun for tutorial_taskflow_api to None, run_after=None
[2024-01-01T15:47:03.154+0100] {processor.py:183} INFO - Processing /home/ubuntu/.local/lib/python3.10/site-packages/airflow/example_dags/tutorial_taskflow_api.py took 0.675 seconds
[2024-01-01T16:09:02.176+0100] {processor.py:161} INFO - Started process (PID=4106) to work on /home/ubuntu/.local/lib/python3.10/site-packages/airflow/example_dags/tutorial_taskflow_api.py
[2024-01-01T16:09:02.186+0100] {processor.py:830} INFO - Processing file /home/ubuntu/.local/lib/python3.10/site-packages/airflow/example_dags/tutorial_taskflow_api.py for tasks to queue
[2024-01-01T16:09:02.187+0100] {logging_mixin.py:188} INFO - [2024-01-01T16:09:02.187+0100] {dagbag.py:538} INFO - Filling up the DagBag from /home/ubuntu/.local/lib/python3.10/site-packages/airflow/example_dags/tutorial_taskflow_api.py
[2024-01-01T16:09:02.192+0100] {processor.py:840} INFO - DAG(s) 'tutorial_taskflow_api' retrieved from /home/ubuntu/.local/lib/python3.10/site-packages/airflow/example_dags/tutorial_taskflow_api.py
[2024-01-01T16:09:02.196+0100] {logging_mixin.py:188} INFO - [2024-01-01T16:09:02.196+0100] {dag.py:3033} INFO - Sync 1 DAGs
[2024-01-01T16:09:02.204+0100] {logging_mixin.py:188} INFO - [2024-01-01T16:09:02.204+0100] {dag.py:3820} INFO - Setting next_dagrun for tutorial_taskflow_api to None, run_after=None
[2024-01-01T16:09:02.218+0100] {processor.py:183} INFO - Processing /home/ubuntu/.local/lib/python3.10/site-packages/airflow/example_dags/tutorial_taskflow_api.py took 0.050 seconds
[2024-01-01T16:09:52.670+0100] {processor.py:161} INFO - Started process (PID=4286) to work on /home/ubuntu/.local/lib/python3.10/site-packages/airflow/example_dags/tutorial_taskflow_api.py
[2024-01-01T16:09:52.673+0100] {processor.py:830} INFO - Processing file /home/ubuntu/.local/lib/python3.10/site-packages/airflow/example_dags/tutorial_taskflow_api.py for tasks to queue
[2024-01-01T16:09:52.675+0100] {logging_mixin.py:188} INFO - [2024-01-01T16:09:52.675+0100] {dagbag.py:538} INFO - Filling up the DagBag from /home/ubuntu/.local/lib/python3.10/site-packages/airflow/example_dags/tutorial_taskflow_api.py
[2024-01-01T16:09:52.691+0100] {processor.py:840} INFO - DAG(s) 'tutorial_taskflow_api' retrieved from /home/ubuntu/.local/lib/python3.10/site-packages/airflow/example_dags/tutorial_taskflow_api.py
[2024-01-01T16:09:52.761+0100] {logging_mixin.py:188} INFO - [2024-01-01T16:09:52.761+0100] {dag.py:3033} INFO - Sync 1 DAGs
[2024-01-01T16:09:52.767+0100] {logging_mixin.py:188} INFO - [2024-01-01T16:09:52.767+0100] {dag.py:3820} INFO - Setting next_dagrun for tutorial_taskflow_api to None, run_after=None
[2024-01-01T16:09:52.783+0100] {processor.py:183} INFO - Processing /home/ubuntu/.local/lib/python3.10/site-packages/airflow/example_dags/tutorial_taskflow_api.py took 0.119 seconds
[2024-01-01T16:10:36.827+0100] {processor.py:161} INFO - Started process (PID=4465) to work on /home/ubuntu/.local/lib/python3.10/site-packages/airflow/example_dags/tutorial_taskflow_api.py
[2024-01-01T16:10:36.837+0100] {processor.py:830} INFO - Processing file /home/ubuntu/.local/lib/python3.10/site-packages/airflow/example_dags/tutorial_taskflow_api.py for tasks to queue
[2024-01-01T16:10:36.838+0100] {logging_mixin.py:188} INFO - [2024-01-01T16:10:36.838+0100] {dagbag.py:538} INFO - Filling up the DagBag from /home/ubuntu/.local/lib/python3.10/site-packages/airflow/example_dags/tutorial_taskflow_api.py
[2024-01-01T16:10:36.843+0100] {processor.py:840} INFO - DAG(s) 'tutorial_taskflow_api' retrieved from /home/ubuntu/.local/lib/python3.10/site-packages/airflow/example_dags/tutorial_taskflow_api.py
[2024-01-01T16:10:36.854+0100] {logging_mixin.py:188} INFO - [2024-01-01T16:10:36.854+0100] {dag.py:3033} INFO - Sync 1 DAGs
[2024-01-01T16:10:36.861+0100] {logging_mixin.py:188} INFO - [2024-01-01T16:10:36.861+0100] {dag.py:3820} INFO - Setting next_dagrun for tutorial_taskflow_api to None, run_after=None
[2024-01-01T16:10:36.878+0100] {processor.py:183} INFO - Processing /home/ubuntu/.local/lib/python3.10/site-packages/airflow/example_dags/tutorial_taskflow_api.py took 0.052 seconds
[2024-01-01T16:11:15.093+0100] {processor.py:161} INFO - Started process (PID=4514) to work on /home/ubuntu/.local/lib/python3.10/site-packages/airflow/example_dags/tutorial_taskflow_api.py
[2024-01-01T16:11:15.104+0100] {processor.py:830} INFO - Processing file /home/ubuntu/.local/lib/python3.10/site-packages/airflow/example_dags/tutorial_taskflow_api.py for tasks to queue
[2024-01-01T16:11:15.105+0100] {logging_mixin.py:188} INFO - [2024-01-01T16:11:15.104+0100] {dagbag.py:538} INFO - Filling up the DagBag from /home/ubuntu/.local/lib/python3.10/site-packages/airflow/example_dags/tutorial_taskflow_api.py
[2024-01-01T16:11:15.112+0100] {processor.py:840} INFO - DAG(s) 'tutorial_taskflow_api' retrieved from /home/ubuntu/.local/lib/python3.10/site-packages/airflow/example_dags/tutorial_taskflow_api.py
[2024-01-01T16:11:15.129+0100] {logging_mixin.py:188} INFO - [2024-01-01T16:11:15.129+0100] {dag.py:3033} INFO - Sync 1 DAGs
[2024-01-01T16:11:15.138+0100] {logging_mixin.py:188} INFO - [2024-01-01T16:11:15.138+0100] {dag.py:3820} INFO - Setting next_dagrun for tutorial_taskflow_api to None, run_after=None
[2024-01-01T16:11:15.155+0100] {processor.py:183} INFO - Processing /home/ubuntu/.local/lib/python3.10/site-packages/airflow/example_dags/tutorial_taskflow_api.py took 0.066 seconds
[2024-01-01T16:12:02.099+0100] {processor.py:161} INFO - Started process (PID=4638) to work on /home/ubuntu/.local/lib/python3.10/site-packages/airflow/example_dags/tutorial_taskflow_api.py
[2024-01-01T16:12:02.109+0100] {processor.py:830} INFO - Processing file /home/ubuntu/.local/lib/python3.10/site-packages/airflow/example_dags/tutorial_taskflow_api.py for tasks to queue
[2024-01-01T16:12:02.110+0100] {logging_mixin.py:188} INFO - [2024-01-01T16:12:02.110+0100] {dagbag.py:538} INFO - Filling up the DagBag from /home/ubuntu/.local/lib/python3.10/site-packages/airflow/example_dags/tutorial_taskflow_api.py
[2024-01-01T16:12:02.118+0100] {processor.py:840} INFO - DAG(s) 'tutorial_taskflow_api' retrieved from /home/ubuntu/.local/lib/python3.10/site-packages/airflow/example_dags/tutorial_taskflow_api.py
[2024-01-01T16:12:02.135+0100] {logging_mixin.py:188} INFO - [2024-01-01T16:12:02.134+0100] {dag.py:3033} INFO - Sync 1 DAGs
[2024-01-01T16:12:02.143+0100] {logging_mixin.py:188} INFO - [2024-01-01T16:12:02.143+0100] {dag.py:3820} INFO - Setting next_dagrun for tutorial_taskflow_api to None, run_after=None
[2024-01-01T16:12:02.160+0100] {processor.py:183} INFO - Processing /home/ubuntu/.local/lib/python3.10/site-packages/airflow/example_dags/tutorial_taskflow_api.py took 0.064 seconds
[2024-01-01T16:12:38.767+0100] {processor.py:161} INFO - Started process (PID=4759) to work on /home/ubuntu/.local/lib/python3.10/site-packages/airflow/example_dags/tutorial_taskflow_api.py
[2024-01-01T16:12:38.779+0100] {processor.py:830} INFO - Processing file /home/ubuntu/.local/lib/python3.10/site-packages/airflow/example_dags/tutorial_taskflow_api.py for tasks to queue
[2024-01-01T16:12:38.781+0100] {logging_mixin.py:188} INFO - [2024-01-01T16:12:38.780+0100] {dagbag.py:538} INFO - Filling up the DagBag from /home/ubuntu/.local/lib/python3.10/site-packages/airflow/example_dags/tutorial_taskflow_api.py
[2024-01-01T16:12:38.796+0100] {processor.py:840} INFO - DAG(s) 'tutorial_taskflow_api' retrieved from /home/ubuntu/.local/lib/python3.10/site-packages/airflow/example_dags/tutorial_taskflow_api.py
[2024-01-01T16:12:38.814+0100] {logging_mixin.py:188} INFO - [2024-01-01T16:12:38.814+0100] {dag.py:3033} INFO - Sync 1 DAGs
[2024-01-01T16:12:38.823+0100] {logging_mixin.py:188} INFO - [2024-01-01T16:12:38.823+0100] {dag.py:3820} INFO - Setting next_dagrun for tutorial_taskflow_api to None, run_after=None
[2024-01-01T16:12:38.839+0100] {processor.py:183} INFO - Processing /home/ubuntu/.local/lib/python3.10/site-packages/airflow/example_dags/tutorial_taskflow_api.py took 0.080 seconds
[2024-01-01T16:13:15.832+0100] {processor.py:161} INFO - Started process (PID=4813) to work on /home/ubuntu/.local/lib/python3.10/site-packages/airflow/example_dags/tutorial_taskflow_api.py
[2024-01-01T16:13:15.843+0100] {processor.py:830} INFO - Processing file /home/ubuntu/.local/lib/python3.10/site-packages/airflow/example_dags/tutorial_taskflow_api.py for tasks to queue
[2024-01-01T16:13:15.845+0100] {logging_mixin.py:188} INFO - [2024-01-01T16:13:15.844+0100] {dagbag.py:538} INFO - Filling up the DagBag from /home/ubuntu/.local/lib/python3.10/site-packages/airflow/example_dags/tutorial_taskflow_api.py
[2024-01-01T16:13:15.862+0100] {processor.py:840} INFO - DAG(s) 'tutorial_taskflow_api' retrieved from /home/ubuntu/.local/lib/python3.10/site-packages/airflow/example_dags/tutorial_taskflow_api.py
[2024-01-01T16:13:15.889+0100] {logging_mixin.py:188} INFO - [2024-01-01T16:13:15.889+0100] {dag.py:3033} INFO - Sync 1 DAGs
[2024-01-01T16:13:15.900+0100] {logging_mixin.py:188} INFO - [2024-01-01T16:13:15.899+0100] {dag.py:3820} INFO - Setting next_dagrun for tutorial_taskflow_api to None, run_after=None
[2024-01-01T16:13:15.917+0100] {processor.py:183} INFO - Processing /home/ubuntu/.local/lib/python3.10/site-packages/airflow/example_dags/tutorial_taskflow_api.py took 0.087 seconds
[2024-01-01T16:13:55.319+0100] {processor.py:161} INFO - Started process (PID=4857) to work on /home/ubuntu/.local/lib/python3.10/site-packages/airflow/example_dags/tutorial_taskflow_api.py
[2024-01-01T16:13:55.321+0100] {processor.py:830} INFO - Processing file /home/ubuntu/.local/lib/python3.10/site-packages/airflow/example_dags/tutorial_taskflow_api.py for tasks to queue
[2024-01-01T16:13:55.323+0100] {logging_mixin.py:188} INFO - [2024-01-01T16:13:55.322+0100] {dagbag.py:538} INFO - Filling up the DagBag from /home/ubuntu/.local/lib/python3.10/site-packages/airflow/example_dags/tutorial_taskflow_api.py
[2024-01-01T16:13:55.339+0100] {processor.py:840} INFO - DAG(s) 'tutorial_taskflow_api' retrieved from /home/ubuntu/.local/lib/python3.10/site-packages/airflow/example_dags/tutorial_taskflow_api.py
[2024-01-01T16:13:55.357+0100] {logging_mixin.py:188} INFO - [2024-01-01T16:13:55.357+0100] {dag.py:3033} INFO - Sync 1 DAGs
[2024-01-01T16:13:55.366+0100] {logging_mixin.py:188} INFO - [2024-01-01T16:13:55.366+0100] {dag.py:3820} INFO - Setting next_dagrun for tutorial_taskflow_api to None, run_after=None
[2024-01-01T16:13:55.392+0100] {processor.py:183} INFO - Processing /home/ubuntu/.local/lib/python3.10/site-packages/airflow/example_dags/tutorial_taskflow_api.py took 0.080 seconds
[2024-01-01T16:14:29.281+0100] {processor.py:161} INFO - Started process (PID=4949) to work on /home/ubuntu/.local/lib/python3.10/site-packages/airflow/example_dags/tutorial_taskflow_api.py
[2024-01-01T16:14:29.293+0100] {processor.py:830} INFO - Processing file /home/ubuntu/.local/lib/python3.10/site-packages/airflow/example_dags/tutorial_taskflow_api.py for tasks to queue
[2024-01-01T16:14:29.295+0100] {logging_mixin.py:188} INFO - [2024-01-01T16:14:29.294+0100] {dagbag.py:538} INFO - Filling up the DagBag from /home/ubuntu/.local/lib/python3.10/site-packages/airflow/example_dags/tutorial_taskflow_api.py
[2024-01-01T16:14:29.314+0100] {processor.py:840} INFO - DAG(s) 'tutorial_taskflow_api' retrieved from /home/ubuntu/.local/lib/python3.10/site-packages/airflow/example_dags/tutorial_taskflow_api.py
[2024-01-01T16:14:29.335+0100] {logging_mixin.py:188} INFO - [2024-01-01T16:14:29.334+0100] {dag.py:3033} INFO - Sync 1 DAGs
[2024-01-01T16:14:29.344+0100] {logging_mixin.py:188} INFO - [2024-01-01T16:14:29.344+0100] {dag.py:3820} INFO - Setting next_dagrun for tutorial_taskflow_api to None, run_after=None
[2024-01-01T16:14:29.390+0100] {processor.py:183} INFO - Processing /home/ubuntu/.local/lib/python3.10/site-packages/airflow/example_dags/tutorial_taskflow_api.py took 0.117 seconds
[2024-01-01T16:15:06.170+0100] {processor.py:161} INFO - Started process (PID=5011) to work on /home/ubuntu/.local/lib/python3.10/site-packages/airflow/example_dags/tutorial_taskflow_api.py
[2024-01-01T16:15:06.179+0100] {processor.py:830} INFO - Processing file /home/ubuntu/.local/lib/python3.10/site-packages/airflow/example_dags/tutorial_taskflow_api.py for tasks to queue
[2024-01-01T16:15:06.180+0100] {logging_mixin.py:188} INFO - [2024-01-01T16:15:06.180+0100] {dagbag.py:538} INFO - Filling up the DagBag from /home/ubuntu/.local/lib/python3.10/site-packages/airflow/example_dags/tutorial_taskflow_api.py
[2024-01-01T16:15:06.186+0100] {processor.py:840} INFO - DAG(s) 'tutorial_taskflow_api' retrieved from /home/ubuntu/.local/lib/python3.10/site-packages/airflow/example_dags/tutorial_taskflow_api.py
[2024-01-01T16:15:06.199+0100] {logging_mixin.py:188} INFO - [2024-01-01T16:15:06.199+0100] {dag.py:3033} INFO - Sync 1 DAGs
[2024-01-01T16:15:06.209+0100] {logging_mixin.py:188} INFO - [2024-01-01T16:15:06.209+0100] {dag.py:3820} INFO - Setting next_dagrun for tutorial_taskflow_api to None, run_after=None
[2024-01-01T16:15:06.227+0100] {processor.py:183} INFO - Processing /home/ubuntu/.local/lib/python3.10/site-packages/airflow/example_dags/tutorial_taskflow_api.py took 0.060 seconds
[2024-01-01T16:15:39.431+0100] {processor.py:161} INFO - Started process (PID=5060) to work on /home/ubuntu/.local/lib/python3.10/site-packages/airflow/example_dags/tutorial_taskflow_api.py
[2024-01-01T16:15:39.433+0100] {processor.py:830} INFO - Processing file /home/ubuntu/.local/lib/python3.10/site-packages/airflow/example_dags/tutorial_taskflow_api.py for tasks to queue
[2024-01-01T16:15:39.435+0100] {logging_mixin.py:188} INFO - [2024-01-01T16:15:39.434+0100] {dagbag.py:538} INFO - Filling up the DagBag from /home/ubuntu/.local/lib/python3.10/site-packages/airflow/example_dags/tutorial_taskflow_api.py
[2024-01-01T16:15:39.444+0100] {processor.py:840} INFO - DAG(s) 'tutorial_taskflow_api' retrieved from /home/ubuntu/.local/lib/python3.10/site-packages/airflow/example_dags/tutorial_taskflow_api.py
[2024-01-01T16:15:39.462+0100] {logging_mixin.py:188} INFO - [2024-01-01T16:15:39.461+0100] {dag.py:3033} INFO - Sync 1 DAGs
[2024-01-01T16:15:39.470+0100] {logging_mixin.py:188} INFO - [2024-01-01T16:15:39.470+0100] {dag.py:3820} INFO - Setting next_dagrun for tutorial_taskflow_api to None, run_after=None
[2024-01-01T16:15:39.495+0100] {processor.py:183} INFO - Processing /home/ubuntu/.local/lib/python3.10/site-packages/airflow/example_dags/tutorial_taskflow_api.py took 0.072 seconds
[2024-01-01T16:16:15.048+0100] {processor.py:161} INFO - Started process (PID=5167) to work on /home/ubuntu/.local/lib/python3.10/site-packages/airflow/example_dags/tutorial_taskflow_api.py
[2024-01-01T16:16:15.058+0100] {processor.py:830} INFO - Processing file /home/ubuntu/.local/lib/python3.10/site-packages/airflow/example_dags/tutorial_taskflow_api.py for tasks to queue
[2024-01-01T16:16:15.059+0100] {logging_mixin.py:188} INFO - [2024-01-01T16:16:15.059+0100] {dagbag.py:538} INFO - Filling up the DagBag from /home/ubuntu/.local/lib/python3.10/site-packages/airflow/example_dags/tutorial_taskflow_api.py
[2024-01-01T16:16:15.067+0100] {processor.py:840} INFO - DAG(s) 'tutorial_taskflow_api' retrieved from /home/ubuntu/.local/lib/python3.10/site-packages/airflow/example_dags/tutorial_taskflow_api.py
[2024-01-01T16:16:15.083+0100] {logging_mixin.py:188} INFO - [2024-01-01T16:16:15.083+0100] {dag.py:3033} INFO - Sync 1 DAGs
[2024-01-01T16:16:15.093+0100] {logging_mixin.py:188} INFO - [2024-01-01T16:16:15.092+0100] {dag.py:3820} INFO - Setting next_dagrun for tutorial_taskflow_api to None, run_after=None
[2024-01-01T16:16:15.108+0100] {processor.py:183} INFO - Processing /home/ubuntu/.local/lib/python3.10/site-packages/airflow/example_dags/tutorial_taskflow_api.py took 0.064 seconds
[2024-01-01T16:16:53.325+0100] {processor.py:161} INFO - Started process (PID=5230) to work on /home/ubuntu/.local/lib/python3.10/site-packages/airflow/example_dags/tutorial_taskflow_api.py
[2024-01-01T16:16:53.327+0100] {processor.py:830} INFO - Processing file /home/ubuntu/.local/lib/python3.10/site-packages/airflow/example_dags/tutorial_taskflow_api.py for tasks to queue
[2024-01-01T16:16:53.329+0100] {logging_mixin.py:188} INFO - [2024-01-01T16:16:53.328+0100] {dagbag.py:538} INFO - Filling up the DagBag from /home/ubuntu/.local/lib/python3.10/site-packages/airflow/example_dags/tutorial_taskflow_api.py
[2024-01-01T16:16:53.343+0100] {processor.py:840} INFO - DAG(s) 'tutorial_taskflow_api' retrieved from /home/ubuntu/.local/lib/python3.10/site-packages/airflow/example_dags/tutorial_taskflow_api.py
[2024-01-01T16:16:53.361+0100] {logging_mixin.py:188} INFO - [2024-01-01T16:16:53.360+0100] {dag.py:3033} INFO - Sync 1 DAGs
[2024-01-01T16:16:53.370+0100] {logging_mixin.py:188} INFO - [2024-01-01T16:16:53.370+0100] {dag.py:3820} INFO - Setting next_dagrun for tutorial_taskflow_api to None, run_after=None
[2024-01-01T16:16:53.397+0100] {processor.py:183} INFO - Processing /home/ubuntu/.local/lib/python3.10/site-packages/airflow/example_dags/tutorial_taskflow_api.py took 0.079 seconds
[2024-01-01T16:17:28.694+0100] {processor.py:161} INFO - Started process (PID=5280) to work on /home/ubuntu/.local/lib/python3.10/site-packages/airflow/example_dags/tutorial_taskflow_api.py
[2024-01-01T16:17:28.705+0100] {processor.py:830} INFO - Processing file /home/ubuntu/.local/lib/python3.10/site-packages/airflow/example_dags/tutorial_taskflow_api.py for tasks to queue
[2024-01-01T16:17:28.708+0100] {logging_mixin.py:188} INFO - [2024-01-01T16:17:28.707+0100] {dagbag.py:538} INFO - Filling up the DagBag from /home/ubuntu/.local/lib/python3.10/site-packages/airflow/example_dags/tutorial_taskflow_api.py
[2024-01-01T16:17:28.723+0100] {processor.py:840} INFO - DAG(s) 'tutorial_taskflow_api' retrieved from /home/ubuntu/.local/lib/python3.10/site-packages/airflow/example_dags/tutorial_taskflow_api.py
[2024-01-01T16:17:28.744+0100] {logging_mixin.py:188} INFO - [2024-01-01T16:17:28.744+0100] {dag.py:3033} INFO - Sync 1 DAGs
[2024-01-01T16:17:28.754+0100] {logging_mixin.py:188} INFO - [2024-01-01T16:17:28.754+0100] {dag.py:3820} INFO - Setting next_dagrun for tutorial_taskflow_api to None, run_after=None
[2024-01-01T16:17:28.782+0100] {processor.py:183} INFO - Processing /home/ubuntu/.local/lib/python3.10/site-packages/airflow/example_dags/tutorial_taskflow_api.py took 0.096 seconds
[2024-01-01T16:18:04.500+0100] {processor.py:161} INFO - Started process (PID=5324) to work on /home/ubuntu/.local/lib/python3.10/site-packages/airflow/example_dags/tutorial_taskflow_api.py
[2024-01-01T16:18:04.502+0100] {processor.py:830} INFO - Processing file /home/ubuntu/.local/lib/python3.10/site-packages/airflow/example_dags/tutorial_taskflow_api.py for tasks to queue
[2024-01-01T16:18:04.504+0100] {logging_mixin.py:188} INFO - [2024-01-01T16:18:04.503+0100] {dagbag.py:538} INFO - Filling up the DagBag from /home/ubuntu/.local/lib/python3.10/site-packages/airflow/example_dags/tutorial_taskflow_api.py
[2024-01-01T16:18:04.518+0100] {processor.py:840} INFO - DAG(s) 'tutorial_taskflow_api' retrieved from /home/ubuntu/.local/lib/python3.10/site-packages/airflow/example_dags/tutorial_taskflow_api.py
[2024-01-01T16:18:04.535+0100] {logging_mixin.py:188} INFO - [2024-01-01T16:18:04.535+0100] {dag.py:3033} INFO - Sync 1 DAGs
[2024-01-01T16:18:04.544+0100] {logging_mixin.py:188} INFO - [2024-01-01T16:18:04.544+0100] {dag.py:3820} INFO - Setting next_dagrun for tutorial_taskflow_api to None, run_after=None
[2024-01-01T16:18:04.569+0100] {processor.py:183} INFO - Processing /home/ubuntu/.local/lib/python3.10/site-packages/airflow/example_dags/tutorial_taskflow_api.py took 0.076 seconds
[2024-01-01T16:18:40.762+0100] {processor.py:161} INFO - Started process (PID=5371) to work on /home/ubuntu/.local/lib/python3.10/site-packages/airflow/example_dags/tutorial_taskflow_api.py
[2024-01-01T16:18:40.762+0100] {processor.py:830} INFO - Processing file /home/ubuntu/.local/lib/python3.10/site-packages/airflow/example_dags/tutorial_taskflow_api.py for tasks to queue
[2024-01-01T16:18:40.763+0100] {logging_mixin.py:188} INFO - [2024-01-01T16:18:40.763+0100] {dagbag.py:538} INFO - Filling up the DagBag from /home/ubuntu/.local/lib/python3.10/site-packages/airflow/example_dags/tutorial_taskflow_api.py
[2024-01-01T16:18:40.767+0100] {processor.py:840} INFO - DAG(s) 'tutorial_taskflow_api' retrieved from /home/ubuntu/.local/lib/python3.10/site-packages/airflow/example_dags/tutorial_taskflow_api.py
[2024-01-01T16:18:40.776+0100] {logging_mixin.py:188} INFO - [2024-01-01T16:18:40.776+0100] {dag.py:3033} INFO - Sync 1 DAGs
[2024-01-01T16:18:40.783+0100] {logging_mixin.py:188} INFO - [2024-01-01T16:18:40.783+0100] {dag.py:3820} INFO - Setting next_dagrun for tutorial_taskflow_api to None, run_after=None
[2024-01-01T16:18:40.823+0100] {processor.py:183} INFO - Processing /home/ubuntu/.local/lib/python3.10/site-packages/airflow/example_dags/tutorial_taskflow_api.py took 0.063 seconds
[2024-01-01T16:19:15.468+0100] {processor.py:161} INFO - Started process (PID=5457) to work on /home/ubuntu/.local/lib/python3.10/site-packages/airflow/example_dags/tutorial_taskflow_api.py
[2024-01-01T16:19:15.469+0100] {processor.py:830} INFO - Processing file /home/ubuntu/.local/lib/python3.10/site-packages/airflow/example_dags/tutorial_taskflow_api.py for tasks to queue
[2024-01-01T16:19:15.470+0100] {logging_mixin.py:188} INFO - [2024-01-01T16:19:15.469+0100] {dagbag.py:538} INFO - Filling up the DagBag from /home/ubuntu/.local/lib/python3.10/site-packages/airflow/example_dags/tutorial_taskflow_api.py
[2024-01-01T16:19:15.476+0100] {processor.py:840} INFO - DAG(s) 'tutorial_taskflow_api' retrieved from /home/ubuntu/.local/lib/python3.10/site-packages/airflow/example_dags/tutorial_taskflow_api.py
[2024-01-01T16:19:15.488+0100] {logging_mixin.py:188} INFO - [2024-01-01T16:19:15.488+0100] {dag.py:3033} INFO - Sync 1 DAGs
[2024-01-01T16:19:15.494+0100] {logging_mixin.py:188} INFO - [2024-01-01T16:19:15.494+0100] {dag.py:3820} INFO - Setting next_dagrun for tutorial_taskflow_api to None, run_after=None
[2024-01-01T16:19:15.519+0100] {processor.py:183} INFO - Processing /home/ubuntu/.local/lib/python3.10/site-packages/airflow/example_dags/tutorial_taskflow_api.py took 0.054 seconds
[2024-01-01T16:19:49.574+0100] {processor.py:161} INFO - Started process (PID=5509) to work on /home/ubuntu/.local/lib/python3.10/site-packages/airflow/example_dags/tutorial_taskflow_api.py
[2024-01-01T16:19:49.575+0100] {processor.py:830} INFO - Processing file /home/ubuntu/.local/lib/python3.10/site-packages/airflow/example_dags/tutorial_taskflow_api.py for tasks to queue
[2024-01-01T16:19:49.576+0100] {logging_mixin.py:188} INFO - [2024-01-01T16:19:49.575+0100] {dagbag.py:538} INFO - Filling up the DagBag from /home/ubuntu/.local/lib/python3.10/site-packages/airflow/example_dags/tutorial_taskflow_api.py
[2024-01-01T16:19:49.584+0100] {processor.py:840} INFO - DAG(s) 'tutorial_taskflow_api' retrieved from /home/ubuntu/.local/lib/python3.10/site-packages/airflow/example_dags/tutorial_taskflow_api.py
[2024-01-01T16:19:49.590+0100] {logging_mixin.py:188} INFO - [2024-01-01T16:19:49.590+0100] {dag.py:3033} INFO - Sync 1 DAGs
[2024-01-01T16:19:49.605+0100] {logging_mixin.py:188} INFO - [2024-01-01T16:19:49.605+0100] {dag.py:3820} INFO - Setting next_dagrun for tutorial_taskflow_api to None, run_after=None
[2024-01-01T16:19:49.636+0100] {processor.py:183} INFO - Processing /home/ubuntu/.local/lib/python3.10/site-packages/airflow/example_dags/tutorial_taskflow_api.py took 0.066 seconds
[2024-01-01T16:20:40.512+0100] {processor.py:161} INFO - Started process (PID=5704) to work on /home/ubuntu/.local/lib/python3.10/site-packages/airflow/example_dags/tutorial_taskflow_api.py
[2024-01-01T16:20:40.514+0100] {processor.py:830} INFO - Processing file /home/ubuntu/.local/lib/python3.10/site-packages/airflow/example_dags/tutorial_taskflow_api.py for tasks to queue
[2024-01-01T16:20:40.516+0100] {logging_mixin.py:188} INFO - [2024-01-01T16:20:40.515+0100] {dagbag.py:538} INFO - Filling up the DagBag from /home/ubuntu/.local/lib/python3.10/site-packages/airflow/example_dags/tutorial_taskflow_api.py
[2024-01-01T16:20:40.524+0100] {processor.py:840} INFO - DAG(s) 'tutorial_taskflow_api' retrieved from /home/ubuntu/.local/lib/python3.10/site-packages/airflow/example_dags/tutorial_taskflow_api.py
[2024-01-01T16:20:40.596+0100] {logging_mixin.py:188} INFO - [2024-01-01T16:20:40.596+0100] {dag.py:3033} INFO - Sync 1 DAGs
[2024-01-01T16:20:40.603+0100] {logging_mixin.py:188} INFO - [2024-01-01T16:20:40.603+0100] {dag.py:3820} INFO - Setting next_dagrun for tutorial_taskflow_api to None, run_after=None
[2024-01-01T16:20:40.617+0100] {processor.py:183} INFO - Processing /home/ubuntu/.local/lib/python3.10/site-packages/airflow/example_dags/tutorial_taskflow_api.py took 0.109 seconds
[2024-01-01T16:21:23.077+0100] {processor.py:161} INFO - Started process (PID=5842) to work on /home/ubuntu/.local/lib/python3.10/site-packages/airflow/example_dags/tutorial_taskflow_api.py
[2024-01-01T16:21:23.087+0100] {processor.py:830} INFO - Processing file /home/ubuntu/.local/lib/python3.10/site-packages/airflow/example_dags/tutorial_taskflow_api.py for tasks to queue
[2024-01-01T16:21:23.089+0100] {logging_mixin.py:188} INFO - [2024-01-01T16:21:23.088+0100] {dagbag.py:538} INFO - Filling up the DagBag from /home/ubuntu/.local/lib/python3.10/site-packages/airflow/example_dags/tutorial_taskflow_api.py
[2024-01-01T16:21:23.107+0100] {processor.py:840} INFO - DAG(s) 'tutorial_taskflow_api' retrieved from /home/ubuntu/.local/lib/python3.10/site-packages/airflow/example_dags/tutorial_taskflow_api.py
[2024-01-01T16:21:23.130+0100] {logging_mixin.py:188} INFO - [2024-01-01T16:21:23.130+0100] {dag.py:3033} INFO - Sync 1 DAGs
[2024-01-01T16:21:23.140+0100] {logging_mixin.py:188} INFO - [2024-01-01T16:21:23.140+0100] {dag.py:3820} INFO - Setting next_dagrun for tutorial_taskflow_api to None, run_after=None
[2024-01-01T16:21:23.164+0100] {processor.py:183} INFO - Processing /home/ubuntu/.local/lib/python3.10/site-packages/airflow/example_dags/tutorial_taskflow_api.py took 0.088 seconds
[2024-01-01T16:23:04.426+0100] {processor.py:161} INFO - Started process (PID=5934) to work on /home/ubuntu/.local/lib/python3.10/site-packages/airflow/example_dags/tutorial_taskflow_api.py
[2024-01-01T16:23:04.436+0100] {processor.py:830} INFO - Processing file /home/ubuntu/.local/lib/python3.10/site-packages/airflow/example_dags/tutorial_taskflow_api.py for tasks to queue
[2024-01-01T16:23:04.436+0100] {logging_mixin.py:188} INFO - [2024-01-01T16:23:04.436+0100] {dagbag.py:538} INFO - Filling up the DagBag from /home/ubuntu/.local/lib/python3.10/site-packages/airflow/example_dags/tutorial_taskflow_api.py
[2024-01-01T16:23:04.442+0100] {processor.py:840} INFO - DAG(s) 'tutorial_taskflow_api' retrieved from /home/ubuntu/.local/lib/python3.10/site-packages/airflow/example_dags/tutorial_taskflow_api.py
[2024-01-01T16:23:04.446+0100] {logging_mixin.py:188} INFO - [2024-01-01T16:23:04.446+0100] {dag.py:3033} INFO - Sync 1 DAGs
[2024-01-01T16:23:04.453+0100] {logging_mixin.py:188} INFO - [2024-01-01T16:23:04.453+0100] {dag.py:3820} INFO - Setting next_dagrun for tutorial_taskflow_api to None, run_after=None
[2024-01-01T16:23:04.468+0100] {processor.py:183} INFO - Processing /home/ubuntu/.local/lib/python3.10/site-packages/airflow/example_dags/tutorial_taskflow_api.py took 0.044 seconds
[2024-01-01T16:24:03.177+0100] {processor.py:161} INFO - Started process (PID=6011) to work on /home/ubuntu/.local/lib/python3.10/site-packages/airflow/example_dags/tutorial_taskflow_api.py
[2024-01-01T16:24:03.189+0100] {processor.py:830} INFO - Processing file /home/ubuntu/.local/lib/python3.10/site-packages/airflow/example_dags/tutorial_taskflow_api.py for tasks to queue
[2024-01-01T16:24:03.191+0100] {logging_mixin.py:188} INFO - [2024-01-01T16:24:03.190+0100] {dagbag.py:538} INFO - Filling up the DagBag from /home/ubuntu/.local/lib/python3.10/site-packages/airflow/example_dags/tutorial_taskflow_api.py
[2024-01-01T16:24:03.196+0100] {processor.py:840} INFO - DAG(s) 'tutorial_taskflow_api' retrieved from /home/ubuntu/.local/lib/python3.10/site-packages/airflow/example_dags/tutorial_taskflow_api.py
[2024-01-01T16:24:03.248+0100] {logging_mixin.py:188} INFO - [2024-01-01T16:24:03.248+0100] {dag.py:3033} INFO - Sync 1 DAGs
[2024-01-01T16:24:03.254+0100] {logging_mixin.py:188} INFO - [2024-01-01T16:24:03.254+0100] {dag.py:3820} INFO - Setting next_dagrun for tutorial_taskflow_api to None, run_after=None
[2024-01-01T16:24:03.269+0100] {processor.py:183} INFO - Processing /home/ubuntu/.local/lib/python3.10/site-packages/airflow/example_dags/tutorial_taskflow_api.py took 0.093 seconds
[2024-01-01T16:24:52.173+0100] {processor.py:161} INFO - Started process (PID=6198) to work on /home/ubuntu/.local/lib/python3.10/site-packages/airflow/example_dags/tutorial_taskflow_api.py
[2024-01-01T16:24:52.182+0100] {processor.py:830} INFO - Processing file /home/ubuntu/.local/lib/python3.10/site-packages/airflow/example_dags/tutorial_taskflow_api.py for tasks to queue
[2024-01-01T16:24:52.183+0100] {logging_mixin.py:188} INFO - [2024-01-01T16:24:52.183+0100] {dagbag.py:538} INFO - Filling up the DagBag from /home/ubuntu/.local/lib/python3.10/site-packages/airflow/example_dags/tutorial_taskflow_api.py
[2024-01-01T16:24:52.187+0100] {processor.py:840} INFO - DAG(s) 'tutorial_taskflow_api' retrieved from /home/ubuntu/.local/lib/python3.10/site-packages/airflow/example_dags/tutorial_taskflow_api.py
[2024-01-01T16:24:52.196+0100] {logging_mixin.py:188} INFO - [2024-01-01T16:24:52.196+0100] {dag.py:3033} INFO - Sync 1 DAGs
[2024-01-01T16:24:52.203+0100] {logging_mixin.py:188} INFO - [2024-01-01T16:24:52.203+0100] {dag.py:3820} INFO - Setting next_dagrun for tutorial_taskflow_api to None, run_after=None
[2024-01-01T16:24:52.219+0100] {processor.py:183} INFO - Processing /home/ubuntu/.local/lib/python3.10/site-packages/airflow/example_dags/tutorial_taskflow_api.py took 0.048 seconds
[2024-01-01T16:25:38.886+0100] {processor.py:161} INFO - Started process (PID=6311) to work on /home/ubuntu/.local/lib/python3.10/site-packages/airflow/example_dags/tutorial_taskflow_api.py
[2024-01-01T16:25:38.896+0100] {processor.py:830} INFO - Processing file /home/ubuntu/.local/lib/python3.10/site-packages/airflow/example_dags/tutorial_taskflow_api.py for tasks to queue
[2024-01-01T16:25:38.896+0100] {logging_mixin.py:188} INFO - [2024-01-01T16:25:38.896+0100] {dagbag.py:538} INFO - Filling up the DagBag from /home/ubuntu/.local/lib/python3.10/site-packages/airflow/example_dags/tutorial_taskflow_api.py
[2024-01-01T16:25:38.901+0100] {processor.py:840} INFO - DAG(s) 'tutorial_taskflow_api' retrieved from /home/ubuntu/.local/lib/python3.10/site-packages/airflow/example_dags/tutorial_taskflow_api.py
[2024-01-01T16:25:38.912+0100] {logging_mixin.py:188} INFO - [2024-01-01T16:25:38.912+0100] {dag.py:3033} INFO - Sync 1 DAGs
[2024-01-01T16:25:38.920+0100] {logging_mixin.py:188} INFO - [2024-01-01T16:25:38.920+0100] {dag.py:3820} INFO - Setting next_dagrun for tutorial_taskflow_api to None, run_after=None
[2024-01-01T16:25:38.936+0100] {processor.py:183} INFO - Processing /home/ubuntu/.local/lib/python3.10/site-packages/airflow/example_dags/tutorial_taskflow_api.py took 0.052 seconds
[2024-01-01T16:26:17.534+0100] {processor.py:161} INFO - Started process (PID=6362) to work on /home/ubuntu/.local/lib/python3.10/site-packages/airflow/example_dags/tutorial_taskflow_api.py
[2024-01-01T16:26:17.545+0100] {processor.py:830} INFO - Processing file /home/ubuntu/.local/lib/python3.10/site-packages/airflow/example_dags/tutorial_taskflow_api.py for tasks to queue
[2024-01-01T16:26:17.547+0100] {logging_mixin.py:188} INFO - [2024-01-01T16:26:17.546+0100] {dagbag.py:538} INFO - Filling up the DagBag from /home/ubuntu/.local/lib/python3.10/site-packages/airflow/example_dags/tutorial_taskflow_api.py
[2024-01-01T16:26:17.563+0100] {processor.py:840} INFO - DAG(s) 'tutorial_taskflow_api' retrieved from /home/ubuntu/.local/lib/python3.10/site-packages/airflow/example_dags/tutorial_taskflow_api.py
[2024-01-01T16:26:17.593+0100] {logging_mixin.py:188} INFO - [2024-01-01T16:26:17.592+0100] {dag.py:3033} INFO - Sync 1 DAGs
[2024-01-01T16:26:17.604+0100] {logging_mixin.py:188} INFO - [2024-01-01T16:26:17.604+0100] {dag.py:3820} INFO - Setting next_dagrun for tutorial_taskflow_api to None, run_after=None
[2024-01-01T16:26:17.622+0100] {processor.py:183} INFO - Processing /home/ubuntu/.local/lib/python3.10/site-packages/airflow/example_dags/tutorial_taskflow_api.py took 0.089 seconds
[2024-01-01T16:26:56.889+0100] {processor.py:161} INFO - Started process (PID=6521) to work on /home/ubuntu/.local/lib/python3.10/site-packages/airflow/example_dags/tutorial_taskflow_api.py
[2024-01-01T16:26:56.900+0100] {processor.py:830} INFO - Processing file /home/ubuntu/.local/lib/python3.10/site-packages/airflow/example_dags/tutorial_taskflow_api.py for tasks to queue
[2024-01-01T16:26:56.902+0100] {logging_mixin.py:188} INFO - [2024-01-01T16:26:56.901+0100] {dagbag.py:538} INFO - Filling up the DagBag from /home/ubuntu/.local/lib/python3.10/site-packages/airflow/example_dags/tutorial_taskflow_api.py
[2024-01-01T16:26:56.918+0100] {processor.py:840} INFO - DAG(s) 'tutorial_taskflow_api' retrieved from /home/ubuntu/.local/lib/python3.10/site-packages/airflow/example_dags/tutorial_taskflow_api.py
[2024-01-01T16:26:56.940+0100] {logging_mixin.py:188} INFO - [2024-01-01T16:26:56.939+0100] {dag.py:3033} INFO - Sync 1 DAGs
[2024-01-01T16:26:56.949+0100] {logging_mixin.py:188} INFO - [2024-01-01T16:26:56.949+0100] {dag.py:3820} INFO - Setting next_dagrun for tutorial_taskflow_api to None, run_after=None
[2024-01-01T16:26:56.964+0100] {processor.py:183} INFO - Processing /home/ubuntu/.local/lib/python3.10/site-packages/airflow/example_dags/tutorial_taskflow_api.py took 0.083 seconds
[2024-01-01T16:27:29.687+0100] {processor.py:161} INFO - Started process (PID=6594) to work on /home/ubuntu/.local/lib/python3.10/site-packages/airflow/example_dags/tutorial_taskflow_api.py
[2024-01-01T16:27:29.689+0100] {processor.py:830} INFO - Processing file /home/ubuntu/.local/lib/python3.10/site-packages/airflow/example_dags/tutorial_taskflow_api.py for tasks to queue
[2024-01-01T16:27:29.690+0100] {logging_mixin.py:188} INFO - [2024-01-01T16:27:29.690+0100] {dagbag.py:538} INFO - Filling up the DagBag from /home/ubuntu/.local/lib/python3.10/site-packages/airflow/example_dags/tutorial_taskflow_api.py
[2024-01-01T16:27:29.698+0100] {processor.py:840} INFO - DAG(s) 'tutorial_taskflow_api' retrieved from /home/ubuntu/.local/lib/python3.10/site-packages/airflow/example_dags/tutorial_taskflow_api.py
[2024-01-01T16:27:29.712+0100] {logging_mixin.py:188} INFO - [2024-01-01T16:27:29.711+0100] {dag.py:3033} INFO - Sync 1 DAGs
[2024-01-01T16:27:29.720+0100] {logging_mixin.py:188} INFO - [2024-01-01T16:27:29.719+0100] {dag.py:3820} INFO - Setting next_dagrun for tutorial_taskflow_api to None, run_after=None
[2024-01-01T16:27:29.745+0100] {processor.py:183} INFO - Processing /home/ubuntu/.local/lib/python3.10/site-packages/airflow/example_dags/tutorial_taskflow_api.py took 0.064 seconds
[2024-01-01T16:28:04.223+0100] {processor.py:161} INFO - Started process (PID=6640) to work on /home/ubuntu/.local/lib/python3.10/site-packages/airflow/example_dags/tutorial_taskflow_api.py
[2024-01-01T16:28:04.235+0100] {processor.py:830} INFO - Processing file /home/ubuntu/.local/lib/python3.10/site-packages/airflow/example_dags/tutorial_taskflow_api.py for tasks to queue
[2024-01-01T16:28:04.235+0100] {logging_mixin.py:188} INFO - [2024-01-01T16:28:04.235+0100] {dagbag.py:538} INFO - Filling up the DagBag from /home/ubuntu/.local/lib/python3.10/site-packages/airflow/example_dags/tutorial_taskflow_api.py
[2024-01-01T16:28:04.240+0100] {processor.py:840} INFO - DAG(s) 'tutorial_taskflow_api' retrieved from /home/ubuntu/.local/lib/python3.10/site-packages/airflow/example_dags/tutorial_taskflow_api.py
[2024-01-01T16:28:04.250+0100] {logging_mixin.py:188} INFO - [2024-01-01T16:28:04.250+0100] {dag.py:3033} INFO - Sync 1 DAGs
[2024-01-01T16:28:04.261+0100] {logging_mixin.py:188} INFO - [2024-01-01T16:28:04.260+0100] {dag.py:3820} INFO - Setting next_dagrun for tutorial_taskflow_api to None, run_after=None
[2024-01-01T16:28:04.284+0100] {processor.py:183} INFO - Processing /home/ubuntu/.local/lib/python3.10/site-packages/airflow/example_dags/tutorial_taskflow_api.py took 0.063 seconds
[2024-01-01T16:28:38.639+0100] {processor.py:161} INFO - Started process (PID=6773) to work on /home/ubuntu/.local/lib/python3.10/site-packages/airflow/example_dags/tutorial_taskflow_api.py
[2024-01-01T16:28:38.649+0100] {processor.py:830} INFO - Processing file /home/ubuntu/.local/lib/python3.10/site-packages/airflow/example_dags/tutorial_taskflow_api.py for tasks to queue
[2024-01-01T16:28:38.649+0100] {logging_mixin.py:188} INFO - [2024-01-01T16:28:38.649+0100] {dagbag.py:538} INFO - Filling up the DagBag from /home/ubuntu/.local/lib/python3.10/site-packages/airflow/example_dags/tutorial_taskflow_api.py
[2024-01-01T16:28:38.654+0100] {processor.py:840} INFO - DAG(s) 'tutorial_taskflow_api' retrieved from /home/ubuntu/.local/lib/python3.10/site-packages/airflow/example_dags/tutorial_taskflow_api.py
[2024-01-01T16:28:38.667+0100] {logging_mixin.py:188} INFO - [2024-01-01T16:28:38.667+0100] {dag.py:3033} INFO - Sync 1 DAGs
[2024-01-01T16:28:38.675+0100] {logging_mixin.py:188} INFO - [2024-01-01T16:28:38.675+0100] {dag.py:3820} INFO - Setting next_dagrun for tutorial_taskflow_api to None, run_after=None
[2024-01-01T16:28:38.698+0100] {processor.py:183} INFO - Processing /home/ubuntu/.local/lib/python3.10/site-packages/airflow/example_dags/tutorial_taskflow_api.py took 0.062 seconds
[2024-01-01T16:29:15.709+0100] {processor.py:161} INFO - Started process (PID=6823) to work on /home/ubuntu/.local/lib/python3.10/site-packages/airflow/example_dags/tutorial_taskflow_api.py
[2024-01-01T16:29:15.710+0100] {processor.py:830} INFO - Processing file /home/ubuntu/.local/lib/python3.10/site-packages/airflow/example_dags/tutorial_taskflow_api.py for tasks to queue
[2024-01-01T16:29:15.710+0100] {logging_mixin.py:188} INFO - [2024-01-01T16:29:15.710+0100] {dagbag.py:538} INFO - Filling up the DagBag from /home/ubuntu/.local/lib/python3.10/site-packages/airflow/example_dags/tutorial_taskflow_api.py
[2024-01-01T16:29:15.714+0100] {processor.py:840} INFO - DAG(s) 'tutorial_taskflow_api' retrieved from /home/ubuntu/.local/lib/python3.10/site-packages/airflow/example_dags/tutorial_taskflow_api.py
[2024-01-01T16:29:15.723+0100] {logging_mixin.py:188} INFO - [2024-01-01T16:29:15.723+0100] {dag.py:3033} INFO - Sync 1 DAGs
[2024-01-01T16:29:15.730+0100] {logging_mixin.py:188} INFO - [2024-01-01T16:29:15.730+0100] {dag.py:3820} INFO - Setting next_dagrun for tutorial_taskflow_api to None, run_after=None
[2024-01-01T16:29:15.756+0100] {processor.py:183} INFO - Processing /home/ubuntu/.local/lib/python3.10/site-packages/airflow/example_dags/tutorial_taskflow_api.py took 0.049 seconds
[2024-01-01T16:29:51.987+0100] {processor.py:161} INFO - Started process (PID=6904) to work on /home/ubuntu/.local/lib/python3.10/site-packages/airflow/example_dags/tutorial_taskflow_api.py
[2024-01-01T16:29:51.989+0100] {processor.py:830} INFO - Processing file /home/ubuntu/.local/lib/python3.10/site-packages/airflow/example_dags/tutorial_taskflow_api.py for tasks to queue
[2024-01-01T16:29:51.990+0100] {logging_mixin.py:188} INFO - [2024-01-01T16:29:51.989+0100] {dagbag.py:538} INFO - Filling up the DagBag from /home/ubuntu/.local/lib/python3.10/site-packages/airflow/example_dags/tutorial_taskflow_api.py
[2024-01-01T16:29:52.000+0100] {processor.py:840} INFO - DAG(s) 'tutorial_taskflow_api' retrieved from /home/ubuntu/.local/lib/python3.10/site-packages/airflow/example_dags/tutorial_taskflow_api.py
[2024-01-01T16:29:52.016+0100] {logging_mixin.py:188} INFO - [2024-01-01T16:29:52.016+0100] {dag.py:3033} INFO - Sync 1 DAGs
[2024-01-01T16:29:52.025+0100] {logging_mixin.py:188} INFO - [2024-01-01T16:29:52.025+0100] {dag.py:3820} INFO - Setting next_dagrun for tutorial_taskflow_api to None, run_after=None
[2024-01-01T16:29:52.063+0100] {processor.py:183} INFO - Processing /home/ubuntu/.local/lib/python3.10/site-packages/airflow/example_dags/tutorial_taskflow_api.py took 0.080 seconds
[2024-01-01T16:30:26.178+0100] {processor.py:161} INFO - Started process (PID=6997) to work on /home/ubuntu/.local/lib/python3.10/site-packages/airflow/example_dags/tutorial_taskflow_api.py
[2024-01-01T16:30:26.179+0100] {processor.py:830} INFO - Processing file /home/ubuntu/.local/lib/python3.10/site-packages/airflow/example_dags/tutorial_taskflow_api.py for tasks to queue
[2024-01-01T16:30:26.179+0100] {logging_mixin.py:188} INFO - [2024-01-01T16:30:26.179+0100] {dagbag.py:538} INFO - Filling up the DagBag from /home/ubuntu/.local/lib/python3.10/site-packages/airflow/example_dags/tutorial_taskflow_api.py
[2024-01-01T16:30:26.183+0100] {processor.py:840} INFO - DAG(s) 'tutorial_taskflow_api' retrieved from /home/ubuntu/.local/lib/python3.10/site-packages/airflow/example_dags/tutorial_taskflow_api.py
[2024-01-01T16:30:26.192+0100] {logging_mixin.py:188} INFO - [2024-01-01T16:30:26.192+0100] {dag.py:3033} INFO - Sync 1 DAGs
[2024-01-01T16:30:26.199+0100] {logging_mixin.py:188} INFO - [2024-01-01T16:30:26.199+0100] {dag.py:3820} INFO - Setting next_dagrun for tutorial_taskflow_api to None, run_after=None
[2024-01-01T16:30:26.222+0100] {processor.py:183} INFO - Processing /home/ubuntu/.local/lib/python3.10/site-packages/airflow/example_dags/tutorial_taskflow_api.py took 0.046 seconds
[2024-01-01T16:31:02.329+0100] {processor.py:161} INFO - Started process (PID=7048) to work on /home/ubuntu/.local/lib/python3.10/site-packages/airflow/example_dags/tutorial_taskflow_api.py
[2024-01-01T16:31:02.340+0100] {processor.py:830} INFO - Processing file /home/ubuntu/.local/lib/python3.10/site-packages/airflow/example_dags/tutorial_taskflow_api.py for tasks to queue
[2024-01-01T16:31:02.343+0100] {logging_mixin.py:188} INFO - [2024-01-01T16:31:02.342+0100] {dagbag.py:538} INFO - Filling up the DagBag from /home/ubuntu/.local/lib/python3.10/site-packages/airflow/example_dags/tutorial_taskflow_api.py
[2024-01-01T16:31:02.359+0100] {processor.py:840} INFO - DAG(s) 'tutorial_taskflow_api' retrieved from /home/ubuntu/.local/lib/python3.10/site-packages/airflow/example_dags/tutorial_taskflow_api.py
[2024-01-01T16:31:02.378+0100] {logging_mixin.py:188} INFO - [2024-01-01T16:31:02.378+0100] {dag.py:3033} INFO - Sync 1 DAGs
[2024-01-01T16:31:02.387+0100] {logging_mixin.py:188} INFO - [2024-01-01T16:31:02.387+0100] {dag.py:3820} INFO - Setting next_dagrun for tutorial_taskflow_api to None, run_after=None
[2024-01-01T16:31:02.406+0100] {processor.py:183} INFO - Processing /home/ubuntu/.local/lib/python3.10/site-packages/airflow/example_dags/tutorial_taskflow_api.py took 0.085 seconds
[2024-01-01T16:31:38.574+0100] {processor.py:161} INFO - Started process (PID=7108) to work on /home/ubuntu/.local/lib/python3.10/site-packages/airflow/example_dags/tutorial_taskflow_api.py
[2024-01-01T16:31:38.576+0100] {processor.py:830} INFO - Processing file /home/ubuntu/.local/lib/python3.10/site-packages/airflow/example_dags/tutorial_taskflow_api.py for tasks to queue
[2024-01-01T16:31:38.577+0100] {logging_mixin.py:188} INFO - [2024-01-01T16:31:38.577+0100] {dagbag.py:538} INFO - Filling up the DagBag from /home/ubuntu/.local/lib/python3.10/site-packages/airflow/example_dags/tutorial_taskflow_api.py
[2024-01-01T16:31:38.583+0100] {processor.py:840} INFO - DAG(s) 'tutorial_taskflow_api' retrieved from /home/ubuntu/.local/lib/python3.10/site-packages/airflow/example_dags/tutorial_taskflow_api.py
[2024-01-01T16:31:38.598+0100] {logging_mixin.py:188} INFO - [2024-01-01T16:31:38.598+0100] {dag.py:3033} INFO - Sync 1 DAGs
[2024-01-01T16:31:38.609+0100] {logging_mixin.py:188} INFO - [2024-01-01T16:31:38.609+0100] {dag.py:3820} INFO - Setting next_dagrun for tutorial_taskflow_api to None, run_after=None
[2024-01-01T16:31:38.643+0100] {processor.py:183} INFO - Processing /home/ubuntu/.local/lib/python3.10/site-packages/airflow/example_dags/tutorial_taskflow_api.py took 0.072 seconds
[2024-01-01T16:32:12.610+0100] {processor.py:161} INFO - Started process (PID=7199) to work on /home/ubuntu/.local/lib/python3.10/site-packages/airflow/example_dags/tutorial_taskflow_api.py
[2024-01-01T16:32:12.612+0100] {processor.py:830} INFO - Processing file /home/ubuntu/.local/lib/python3.10/site-packages/airflow/example_dags/tutorial_taskflow_api.py for tasks to queue
[2024-01-01T16:32:12.613+0100] {logging_mixin.py:188} INFO - [2024-01-01T16:32:12.612+0100] {dagbag.py:538} INFO - Filling up the DagBag from /home/ubuntu/.local/lib/python3.10/site-packages/airflow/example_dags/tutorial_taskflow_api.py
[2024-01-01T16:32:12.644+0100] {processor.py:840} INFO - DAG(s) 'tutorial_taskflow_api' retrieved from /home/ubuntu/.local/lib/python3.10/site-packages/airflow/example_dags/tutorial_taskflow_api.py
[2024-01-01T16:32:12.693+0100] {logging_mixin.py:188} INFO - [2024-01-01T16:32:12.693+0100] {dag.py:3033} INFO - Sync 1 DAGs
[2024-01-01T16:32:12.714+0100] {logging_mixin.py:188} INFO - [2024-01-01T16:32:12.713+0100] {dag.py:3820} INFO - Setting next_dagrun for tutorial_taskflow_api to None, run_after=None
[2024-01-01T16:32:12.755+0100] {processor.py:183} INFO - Processing /home/ubuntu/.local/lib/python3.10/site-packages/airflow/example_dags/tutorial_taskflow_api.py took 0.149 seconds
[2024-01-01T16:32:51.876+0100] {processor.py:161} INFO - Started process (PID=7306) to work on /home/ubuntu/.local/lib/python3.10/site-packages/airflow/example_dags/tutorial_taskflow_api.py
[2024-01-01T16:32:51.877+0100] {processor.py:830} INFO - Processing file /home/ubuntu/.local/lib/python3.10/site-packages/airflow/example_dags/tutorial_taskflow_api.py for tasks to queue
[2024-01-01T16:32:51.878+0100] {logging_mixin.py:188} INFO - [2024-01-01T16:32:51.878+0100] {dagbag.py:538} INFO - Filling up the DagBag from /home/ubuntu/.local/lib/python3.10/site-packages/airflow/example_dags/tutorial_taskflow_api.py
[2024-01-01T16:32:51.888+0100] {processor.py:840} INFO - DAG(s) 'tutorial_taskflow_api' retrieved from /home/ubuntu/.local/lib/python3.10/site-packages/airflow/example_dags/tutorial_taskflow_api.py
[2024-01-01T16:32:51.928+0100] {logging_mixin.py:188} INFO - [2024-01-01T16:32:51.928+0100] {dag.py:3033} INFO - Sync 1 DAGs
[2024-01-01T16:32:51.945+0100] {logging_mixin.py:188} INFO - [2024-01-01T16:32:51.945+0100] {dag.py:3820} INFO - Setting next_dagrun for tutorial_taskflow_api to None, run_after=None
[2024-01-01T16:32:51.966+0100] {processor.py:183} INFO - Processing /home/ubuntu/.local/lib/python3.10/site-packages/airflow/example_dags/tutorial_taskflow_api.py took 0.093 seconds
[2024-01-01T16:33:37.543+0100] {processor.py:161} INFO - Started process (PID=7453) to work on /home/ubuntu/.local/lib/python3.10/site-packages/airflow/example_dags/tutorial_taskflow_api.py
[2024-01-01T16:33:37.553+0100] {processor.py:830} INFO - Processing file /home/ubuntu/.local/lib/python3.10/site-packages/airflow/example_dags/tutorial_taskflow_api.py for tasks to queue
[2024-01-01T16:33:37.554+0100] {logging_mixin.py:188} INFO - [2024-01-01T16:33:37.553+0100] {dagbag.py:538} INFO - Filling up the DagBag from /home/ubuntu/.local/lib/python3.10/site-packages/airflow/example_dags/tutorial_taskflow_api.py
[2024-01-01T16:33:37.560+0100] {processor.py:840} INFO - DAG(s) 'tutorial_taskflow_api' retrieved from /home/ubuntu/.local/lib/python3.10/site-packages/airflow/example_dags/tutorial_taskflow_api.py
[2024-01-01T16:33:37.577+0100] {logging_mixin.py:188} INFO - [2024-01-01T16:33:37.577+0100] {dag.py:3033} INFO - Sync 1 DAGs
[2024-01-01T16:33:37.589+0100] {logging_mixin.py:188} INFO - [2024-01-01T16:33:37.589+0100] {dag.py:3820} INFO - Setting next_dagrun for tutorial_taskflow_api to None, run_after=None
[2024-01-01T16:33:37.630+0100] {processor.py:183} INFO - Processing /home/ubuntu/.local/lib/python3.10/site-packages/airflow/example_dags/tutorial_taskflow_api.py took 0.091 seconds
[2024-01-01T16:34:17.945+0100] {processor.py:161} INFO - Started process (PID=7540) to work on /home/ubuntu/.local/lib/python3.10/site-packages/airflow/example_dags/tutorial_taskflow_api.py
[2024-01-01T16:34:17.955+0100] {processor.py:830} INFO - Processing file /home/ubuntu/.local/lib/python3.10/site-packages/airflow/example_dags/tutorial_taskflow_api.py for tasks to queue
[2024-01-01T16:34:17.956+0100] {logging_mixin.py:188} INFO - [2024-01-01T16:34:17.956+0100] {dagbag.py:538} INFO - Filling up the DagBag from /home/ubuntu/.local/lib/python3.10/site-packages/airflow/example_dags/tutorial_taskflow_api.py
[2024-01-01T16:34:17.961+0100] {processor.py:840} INFO - DAG(s) 'tutorial_taskflow_api' retrieved from /home/ubuntu/.local/lib/python3.10/site-packages/airflow/example_dags/tutorial_taskflow_api.py
[2024-01-01T16:34:17.976+0100] {logging_mixin.py:188} INFO - [2024-01-01T16:34:17.975+0100] {dag.py:3033} INFO - Sync 1 DAGs
[2024-01-01T16:34:17.984+0100] {logging_mixin.py:188} INFO - [2024-01-01T16:34:17.984+0100] {dag.py:3820} INFO - Setting next_dagrun for tutorial_taskflow_api to None, run_after=None
[2024-01-01T16:34:18.007+0100] {processor.py:183} INFO - Processing /home/ubuntu/.local/lib/python3.10/site-packages/airflow/example_dags/tutorial_taskflow_api.py took 0.065 seconds
