[2024-01-01T15:42:34.156+0100] {processor.py:161} INFO - Started process (PID=7958) to work on /home/ubuntu/.local/lib/python3.10/site-packages/airflow/example_dags/tutorial_objectstorage.py
[2024-01-01T15:42:34.157+0100] {processor.py:830} INFO - Processing file /home/ubuntu/.local/lib/python3.10/site-packages/airflow/example_dags/tutorial_objectstorage.py for tasks to queue
[2024-01-01T15:42:34.157+0100] {logging_mixin.py:188} INFO - [2024-01-01T15:42:34.157+0100] {dagbag.py:538} INFO - Filling up the DagBag from /home/ubuntu/.local/lib/python3.10/site-packages/airflow/example_dags/tutorial_objectstorage.py
[2024-01-01T15:42:34.161+0100] {processor.py:840} INFO - DAG(s) 'tutorial_objectstorage' retrieved from /home/ubuntu/.local/lib/python3.10/site-packages/airflow/example_dags/tutorial_objectstorage.py
[2024-01-01T15:42:34.165+0100] {logging_mixin.py:188} INFO - [2024-01-01T15:42:34.165+0100] {dag.py:3033} INFO - Sync 1 DAGs
[2024-01-01T15:42:34.175+0100] {logging_mixin.py:188} INFO - [2024-01-01T15:42:34.175+0100] {dag.py:3820} INFO - Setting next_dagrun for tutorial_objectstorage to None, run_after=None
[2024-01-01T15:42:34.191+0100] {processor.py:183} INFO - Processing /home/ubuntu/.local/lib/python3.10/site-packages/airflow/example_dags/tutorial_objectstorage.py took 0.037 seconds
[2024-01-01T15:43:21.565+0100] {processor.py:161} INFO - Started process (PID=8046) to work on /home/ubuntu/.local/lib/python3.10/site-packages/airflow/example_dags/tutorial_objectstorage.py
[2024-01-01T15:43:21.566+0100] {processor.py:830} INFO - Processing file /home/ubuntu/.local/lib/python3.10/site-packages/airflow/example_dags/tutorial_objectstorage.py for tasks to queue
[2024-01-01T15:43:21.567+0100] {logging_mixin.py:188} INFO - [2024-01-01T15:43:21.567+0100] {dagbag.py:538} INFO - Filling up the DagBag from /home/ubuntu/.local/lib/python3.10/site-packages/airflow/example_dags/tutorial_objectstorage.py
[2024-01-01T15:43:21.572+0100] {processor.py:840} INFO - DAG(s) 'tutorial_objectstorage' retrieved from /home/ubuntu/.local/lib/python3.10/site-packages/airflow/example_dags/tutorial_objectstorage.py
[2024-01-01T15:43:21.627+0100] {logging_mixin.py:188} INFO - [2024-01-01T15:43:21.626+0100] {dag.py:3033} INFO - Sync 1 DAGs
[2024-01-01T15:43:21.632+0100] {logging_mixin.py:188} INFO - [2024-01-01T15:43:21.632+0100] {dag.py:3820} INFO - Setting next_dagrun for tutorial_objectstorage to None, run_after=None
[2024-01-01T15:43:21.646+0100] {processor.py:183} INFO - Processing /home/ubuntu/.local/lib/python3.10/site-packages/airflow/example_dags/tutorial_objectstorage.py took 0.082 seconds
[2024-01-01T15:44:09.740+0100] {processor.py:161} INFO - Started process (PID=8242) to work on /home/ubuntu/.local/lib/python3.10/site-packages/airflow/example_dags/tutorial_objectstorage.py
[2024-01-01T15:44:09.741+0100] {processor.py:830} INFO - Processing file /home/ubuntu/.local/lib/python3.10/site-packages/airflow/example_dags/tutorial_objectstorage.py for tasks to queue
[2024-01-01T15:44:09.743+0100] {logging_mixin.py:188} INFO - [2024-01-01T15:44:09.742+0100] {dagbag.py:538} INFO - Filling up the DagBag from /home/ubuntu/.local/lib/python3.10/site-packages/airflow/example_dags/tutorial_objectstorage.py
[2024-01-01T15:44:09.757+0100] {processor.py:840} INFO - DAG(s) 'tutorial_objectstorage' retrieved from /home/ubuntu/.local/lib/python3.10/site-packages/airflow/example_dags/tutorial_objectstorage.py
[2024-01-01T15:44:09.770+0100] {logging_mixin.py:188} INFO - [2024-01-01T15:44:09.769+0100] {dag.py:3033} INFO - Sync 1 DAGs
[2024-01-01T15:44:09.781+0100] {logging_mixin.py:188} INFO - [2024-01-01T15:44:09.780+0100] {dag.py:3820} INFO - Setting next_dagrun for tutorial_objectstorage to None, run_after=None
[2024-01-01T15:44:09.798+0100] {processor.py:183} INFO - Processing /home/ubuntu/.local/lib/python3.10/site-packages/airflow/example_dags/tutorial_objectstorage.py took 0.063 seconds
[2024-01-01T15:44:48.302+0100] {processor.py:161} INFO - Started process (PID=8300) to work on /home/ubuntu/.local/lib/python3.10/site-packages/airflow/example_dags/tutorial_objectstorage.py
[2024-01-01T15:44:48.313+0100] {processor.py:830} INFO - Processing file /home/ubuntu/.local/lib/python3.10/site-packages/airflow/example_dags/tutorial_objectstorage.py for tasks to queue
[2024-01-01T15:44:48.314+0100] {logging_mixin.py:188} INFO - [2024-01-01T15:44:48.313+0100] {dagbag.py:538} INFO - Filling up the DagBag from /home/ubuntu/.local/lib/python3.10/site-packages/airflow/example_dags/tutorial_objectstorage.py
[2024-01-01T15:44:48.320+0100] {processor.py:840} INFO - DAG(s) 'tutorial_objectstorage' retrieved from /home/ubuntu/.local/lib/python3.10/site-packages/airflow/example_dags/tutorial_objectstorage.py
[2024-01-01T15:44:48.329+0100] {logging_mixin.py:188} INFO - [2024-01-01T15:44:48.329+0100] {dag.py:3033} INFO - Sync 1 DAGs
[2024-01-01T15:44:48.337+0100] {logging_mixin.py:188} INFO - [2024-01-01T15:44:48.337+0100] {dag.py:3820} INFO - Setting next_dagrun for tutorial_objectstorage to None, run_after=None
[2024-01-01T15:44:48.358+0100] {processor.py:183} INFO - Processing /home/ubuntu/.local/lib/python3.10/site-packages/airflow/example_dags/tutorial_objectstorage.py took 0.058 seconds
[2024-01-01T15:45:55.845+0100] {processor.py:161} INFO - Started process (PID=8711) to work on /home/ubuntu/.local/lib/python3.10/site-packages/airflow/example_dags/tutorial_objectstorage.py
[2024-01-01T15:45:55.848+0100] {processor.py:830} INFO - Processing file /home/ubuntu/.local/lib/python3.10/site-packages/airflow/example_dags/tutorial_objectstorage.py for tasks to queue
[2024-01-01T15:45:55.852+0100] {logging_mixin.py:188} INFO - [2024-01-01T15:45:55.848+0100] {dagbag.py:538} INFO - Filling up the DagBag from /home/ubuntu/.local/lib/python3.10/site-packages/airflow/example_dags/tutorial_objectstorage.py
[2024-01-01T15:45:55.873+0100] {processor.py:840} INFO - DAG(s) 'tutorial_objectstorage' retrieved from /home/ubuntu/.local/lib/python3.10/site-packages/airflow/example_dags/tutorial_objectstorage.py
[2024-01-01T15:45:55.899+0100] {logging_mixin.py:188} INFO - [2024-01-01T15:45:55.899+0100] {dag.py:3033} INFO - Sync 1 DAGs
[2024-01-01T15:45:55.921+0100] {logging_mixin.py:188} INFO - [2024-01-01T15:45:55.920+0100] {dag.py:3820} INFO - Setting next_dagrun for tutorial_objectstorage to None, run_after=None
[2024-01-01T15:45:55.944+0100] {processor.py:183} INFO - Processing /home/ubuntu/.local/lib/python3.10/site-packages/airflow/example_dags/tutorial_objectstorage.py took 0.101 seconds
[2024-01-01T15:47:11.494+0100] {processor.py:161} INFO - Started process (PID=8792) to work on /home/ubuntu/.local/lib/python3.10/site-packages/airflow/example_dags/tutorial_objectstorage.py
[2024-01-01T15:47:11.497+0100] {processor.py:830} INFO - Processing file /home/ubuntu/.local/lib/python3.10/site-packages/airflow/example_dags/tutorial_objectstorage.py for tasks to queue
[2024-01-01T15:47:11.551+0100] {logging_mixin.py:188} INFO - [2024-01-01T15:47:11.498+0100] {dagbag.py:538} INFO - Filling up the DagBag from /home/ubuntu/.local/lib/python3.10/site-packages/airflow/example_dags/tutorial_objectstorage.py
[2024-01-01T15:47:11.605+0100] {processor.py:840} INFO - DAG(s) 'tutorial_objectstorage' retrieved from /home/ubuntu/.local/lib/python3.10/site-packages/airflow/example_dags/tutorial_objectstorage.py
[2024-01-01T15:47:11.642+0100] {logging_mixin.py:188} INFO - [2024-01-01T15:47:11.639+0100] {dag.py:3033} INFO - Sync 1 DAGs
[2024-01-01T15:47:11.660+0100] {logging_mixin.py:188} INFO - [2024-01-01T15:47:11.659+0100] {dag.py:3820} INFO - Setting next_dagrun for tutorial_objectstorage to None, run_after=None
[2024-01-01T15:47:11.697+0100] {processor.py:183} INFO - Processing /home/ubuntu/.local/lib/python3.10/site-packages/airflow/example_dags/tutorial_objectstorage.py took 0.217 seconds
[2024-01-01T16:09:08.618+0100] {processor.py:161} INFO - Started process (PID=4116) to work on /home/ubuntu/.local/lib/python3.10/site-packages/airflow/example_dags/tutorial_objectstorage.py
[2024-01-01T16:09:08.619+0100] {processor.py:830} INFO - Processing file /home/ubuntu/.local/lib/python3.10/site-packages/airflow/example_dags/tutorial_objectstorage.py for tasks to queue
[2024-01-01T16:09:08.619+0100] {logging_mixin.py:188} INFO - [2024-01-01T16:09:08.619+0100] {dagbag.py:538} INFO - Filling up the DagBag from /home/ubuntu/.local/lib/python3.10/site-packages/airflow/example_dags/tutorial_objectstorage.py
[2024-01-01T16:09:08.623+0100] {processor.py:840} INFO - DAG(s) 'tutorial_objectstorage' retrieved from /home/ubuntu/.local/lib/python3.10/site-packages/airflow/example_dags/tutorial_objectstorage.py
[2024-01-01T16:09:08.627+0100] {logging_mixin.py:188} INFO - [2024-01-01T16:09:08.627+0100] {dag.py:3033} INFO - Sync 1 DAGs
[2024-01-01T16:09:08.635+0100] {logging_mixin.py:188} INFO - [2024-01-01T16:09:08.635+0100] {dag.py:3820} INFO - Setting next_dagrun for tutorial_objectstorage to None, run_after=None
[2024-01-01T16:09:08.651+0100] {processor.py:183} INFO - Processing /home/ubuntu/.local/lib/python3.10/site-packages/airflow/example_dags/tutorial_objectstorage.py took 0.035 seconds
[2024-01-01T16:10:00.517+0100] {processor.py:161} INFO - Started process (PID=4297) to work on /home/ubuntu/.local/lib/python3.10/site-packages/airflow/example_dags/tutorial_objectstorage.py
[2024-01-01T16:10:00.518+0100] {processor.py:830} INFO - Processing file /home/ubuntu/.local/lib/python3.10/site-packages/airflow/example_dags/tutorial_objectstorage.py for tasks to queue
[2024-01-01T16:10:00.518+0100] {logging_mixin.py:188} INFO - [2024-01-01T16:10:00.518+0100] {dagbag.py:538} INFO - Filling up the DagBag from /home/ubuntu/.local/lib/python3.10/site-packages/airflow/example_dags/tutorial_objectstorage.py
[2024-01-01T16:10:00.522+0100] {processor.py:840} INFO - DAG(s) 'tutorial_objectstorage' retrieved from /home/ubuntu/.local/lib/python3.10/site-packages/airflow/example_dags/tutorial_objectstorage.py
[2024-01-01T16:10:00.577+0100] {logging_mixin.py:188} INFO - [2024-01-01T16:10:00.577+0100] {dag.py:3033} INFO - Sync 1 DAGs
[2024-01-01T16:10:00.583+0100] {logging_mixin.py:188} INFO - [2024-01-01T16:10:00.583+0100] {dag.py:3820} INFO - Setting next_dagrun for tutorial_objectstorage to None, run_after=None
[2024-01-01T16:10:00.598+0100] {processor.py:183} INFO - Processing /home/ubuntu/.local/lib/python3.10/site-packages/airflow/example_dags/tutorial_objectstorage.py took 0.083 seconds
[2024-01-01T16:10:51.240+0100] {processor.py:161} INFO - Started process (PID=4483) to work on /home/ubuntu/.local/lib/python3.10/site-packages/airflow/example_dags/tutorial_objectstorage.py
[2024-01-01T16:10:51.252+0100] {processor.py:830} INFO - Processing file /home/ubuntu/.local/lib/python3.10/site-packages/airflow/example_dags/tutorial_objectstorage.py for tasks to queue
[2024-01-01T16:10:51.254+0100] {logging_mixin.py:188} INFO - [2024-01-01T16:10:51.253+0100] {dagbag.py:538} INFO - Filling up the DagBag from /home/ubuntu/.local/lib/python3.10/site-packages/airflow/example_dags/tutorial_objectstorage.py
[2024-01-01T16:10:51.272+0100] {processor.py:840} INFO - DAG(s) 'tutorial_objectstorage' retrieved from /home/ubuntu/.local/lib/python3.10/site-packages/airflow/example_dags/tutorial_objectstorage.py
[2024-01-01T16:10:51.293+0100] {logging_mixin.py:188} INFO - [2024-01-01T16:10:51.293+0100] {dag.py:3033} INFO - Sync 1 DAGs
[2024-01-01T16:10:51.302+0100] {logging_mixin.py:188} INFO - [2024-01-01T16:10:51.302+0100] {dag.py:3820} INFO - Setting next_dagrun for tutorial_objectstorage to None, run_after=None
[2024-01-01T16:10:51.318+0100] {processor.py:183} INFO - Processing /home/ubuntu/.local/lib/python3.10/site-packages/airflow/example_dags/tutorial_objectstorage.py took 0.084 seconds
[2024-01-01T16:11:30.503+0100] {processor.py:161} INFO - Started process (PID=4532) to work on /home/ubuntu/.local/lib/python3.10/site-packages/airflow/example_dags/tutorial_objectstorage.py
[2024-01-01T16:11:30.504+0100] {processor.py:830} INFO - Processing file /home/ubuntu/.local/lib/python3.10/site-packages/airflow/example_dags/tutorial_objectstorage.py for tasks to queue
[2024-01-01T16:11:30.504+0100] {logging_mixin.py:188} INFO - [2024-01-01T16:11:30.504+0100] {dagbag.py:538} INFO - Filling up the DagBag from /home/ubuntu/.local/lib/python3.10/site-packages/airflow/example_dags/tutorial_objectstorage.py
[2024-01-01T16:11:30.508+0100] {processor.py:840} INFO - DAG(s) 'tutorial_objectstorage' retrieved from /home/ubuntu/.local/lib/python3.10/site-packages/airflow/example_dags/tutorial_objectstorage.py
[2024-01-01T16:11:30.517+0100] {logging_mixin.py:188} INFO - [2024-01-01T16:11:30.517+0100] {dag.py:3033} INFO - Sync 1 DAGs
[2024-01-01T16:11:30.523+0100] {logging_mixin.py:188} INFO - [2024-01-01T16:11:30.523+0100] {dag.py:3820} INFO - Setting next_dagrun for tutorial_objectstorage to None, run_after=None
[2024-01-01T16:11:30.548+0100] {processor.py:183} INFO - Processing /home/ubuntu/.local/lib/python3.10/site-packages/airflow/example_dags/tutorial_objectstorage.py took 0.046 seconds
[2024-01-01T16:12:08.772+0100] {processor.py:161} INFO - Started process (PID=4645) to work on /home/ubuntu/.local/lib/python3.10/site-packages/airflow/example_dags/tutorial_objectstorage.py
[2024-01-01T16:12:08.783+0100] {processor.py:830} INFO - Processing file /home/ubuntu/.local/lib/python3.10/site-packages/airflow/example_dags/tutorial_objectstorage.py for tasks to queue
[2024-01-01T16:12:08.784+0100] {logging_mixin.py:188} INFO - [2024-01-01T16:12:08.784+0100] {dagbag.py:538} INFO - Filling up the DagBag from /home/ubuntu/.local/lib/python3.10/site-packages/airflow/example_dags/tutorial_objectstorage.py
[2024-01-01T16:12:08.796+0100] {processor.py:840} INFO - DAG(s) 'tutorial_objectstorage' retrieved from /home/ubuntu/.local/lib/python3.10/site-packages/airflow/example_dags/tutorial_objectstorage.py
[2024-01-01T16:12:08.815+0100] {logging_mixin.py:188} INFO - [2024-01-01T16:12:08.815+0100] {dag.py:3033} INFO - Sync 1 DAGs
[2024-01-01T16:12:08.825+0100] {logging_mixin.py:188} INFO - [2024-01-01T16:12:08.825+0100] {dag.py:3820} INFO - Setting next_dagrun for tutorial_objectstorage to None, run_after=None
[2024-01-01T16:12:08.840+0100] {processor.py:183} INFO - Processing /home/ubuntu/.local/lib/python3.10/site-packages/airflow/example_dags/tutorial_objectstorage.py took 0.074 seconds
[2024-01-01T16:13:01.712+0100] {processor.py:161} INFO - Started process (PID=4792) to work on /home/ubuntu/.local/lib/python3.10/site-packages/airflow/example_dags/tutorial_objectstorage.py
[2024-01-01T16:13:01.722+0100] {processor.py:830} INFO - Processing file /home/ubuntu/.local/lib/python3.10/site-packages/airflow/example_dags/tutorial_objectstorage.py for tasks to queue
[2024-01-01T16:13:01.722+0100] {logging_mixin.py:188} INFO - [2024-01-01T16:13:01.722+0100] {dagbag.py:538} INFO - Filling up the DagBag from /home/ubuntu/.local/lib/python3.10/site-packages/airflow/example_dags/tutorial_objectstorage.py
[2024-01-01T16:13:01.727+0100] {processor.py:840} INFO - DAG(s) 'tutorial_objectstorage' retrieved from /home/ubuntu/.local/lib/python3.10/site-packages/airflow/example_dags/tutorial_objectstorage.py
[2024-01-01T16:13:01.736+0100] {logging_mixin.py:188} INFO - [2024-01-01T16:13:01.736+0100] {dag.py:3033} INFO - Sync 1 DAGs
[2024-01-01T16:13:01.743+0100] {logging_mixin.py:188} INFO - [2024-01-01T16:13:01.743+0100] {dag.py:3820} INFO - Setting next_dagrun for tutorial_objectstorage to None, run_after=None
[2024-01-01T16:13:01.763+0100] {processor.py:183} INFO - Processing /home/ubuntu/.local/lib/python3.10/site-packages/airflow/example_dags/tutorial_objectstorage.py took 0.053 seconds
[2024-01-01T16:13:40.272+0100] {processor.py:161} INFO - Started process (PID=4842) to work on /home/ubuntu/.local/lib/python3.10/site-packages/airflow/example_dags/tutorial_objectstorage.py
[2024-01-01T16:13:40.273+0100] {processor.py:830} INFO - Processing file /home/ubuntu/.local/lib/python3.10/site-packages/airflow/example_dags/tutorial_objectstorage.py for tasks to queue
[2024-01-01T16:13:40.273+0100] {logging_mixin.py:188} INFO - [2024-01-01T16:13:40.273+0100] {dagbag.py:538} INFO - Filling up the DagBag from /home/ubuntu/.local/lib/python3.10/site-packages/airflow/example_dags/tutorial_objectstorage.py
[2024-01-01T16:13:40.277+0100] {processor.py:840} INFO - DAG(s) 'tutorial_objectstorage' retrieved from /home/ubuntu/.local/lib/python3.10/site-packages/airflow/example_dags/tutorial_objectstorage.py
[2024-01-01T16:13:40.285+0100] {logging_mixin.py:188} INFO - [2024-01-01T16:13:40.285+0100] {dag.py:3033} INFO - Sync 1 DAGs
[2024-01-01T16:13:40.292+0100] {logging_mixin.py:188} INFO - [2024-01-01T16:13:40.292+0100] {dag.py:3820} INFO - Setting next_dagrun for tutorial_objectstorage to None, run_after=None
[2024-01-01T16:13:40.317+0100] {processor.py:183} INFO - Processing /home/ubuntu/.local/lib/python3.10/site-packages/airflow/example_dags/tutorial_objectstorage.py took 0.047 seconds
[2024-01-01T16:14:16.476+0100] {processor.py:161} INFO - Started process (PID=4904) to work on /home/ubuntu/.local/lib/python3.10/site-packages/airflow/example_dags/tutorial_objectstorage.py
[2024-01-01T16:14:16.486+0100] {processor.py:830} INFO - Processing file /home/ubuntu/.local/lib/python3.10/site-packages/airflow/example_dags/tutorial_objectstorage.py for tasks to queue
[2024-01-01T16:14:16.487+0100] {logging_mixin.py:188} INFO - [2024-01-01T16:14:16.486+0100] {dagbag.py:538} INFO - Filling up the DagBag from /home/ubuntu/.local/lib/python3.10/site-packages/airflow/example_dags/tutorial_objectstorage.py
[2024-01-01T16:14:16.491+0100] {processor.py:840} INFO - DAG(s) 'tutorial_objectstorage' retrieved from /home/ubuntu/.local/lib/python3.10/site-packages/airflow/example_dags/tutorial_objectstorage.py
[2024-01-01T16:14:16.502+0100] {logging_mixin.py:188} INFO - [2024-01-01T16:14:16.502+0100] {dag.py:3033} INFO - Sync 1 DAGs
[2024-01-01T16:14:16.511+0100] {logging_mixin.py:188} INFO - [2024-01-01T16:14:16.511+0100] {dag.py:3820} INFO - Setting next_dagrun for tutorial_objectstorage to None, run_after=None
[2024-01-01T16:14:16.538+0100] {processor.py:183} INFO - Processing /home/ubuntu/.local/lib/python3.10/site-packages/airflow/example_dags/tutorial_objectstorage.py took 0.066 seconds
[2024-01-01T16:15:11.338+0100] {processor.py:161} INFO - Started process (PID=5017) to work on /home/ubuntu/.local/lib/python3.10/site-packages/airflow/example_dags/tutorial_objectstorage.py
[2024-01-01T16:15:11.339+0100] {processor.py:830} INFO - Processing file /home/ubuntu/.local/lib/python3.10/site-packages/airflow/example_dags/tutorial_objectstorage.py for tasks to queue
[2024-01-01T16:15:11.340+0100] {logging_mixin.py:188} INFO - [2024-01-01T16:15:11.340+0100] {dagbag.py:538} INFO - Filling up the DagBag from /home/ubuntu/.local/lib/python3.10/site-packages/airflow/example_dags/tutorial_objectstorage.py
[2024-01-01T16:15:11.346+0100] {processor.py:840} INFO - DAG(s) 'tutorial_objectstorage' retrieved from /home/ubuntu/.local/lib/python3.10/site-packages/airflow/example_dags/tutorial_objectstorage.py
[2024-01-01T16:15:11.359+0100] {logging_mixin.py:188} INFO - [2024-01-01T16:15:11.359+0100] {dag.py:3033} INFO - Sync 1 DAGs
[2024-01-01T16:15:11.369+0100] {logging_mixin.py:188} INFO - [2024-01-01T16:15:11.369+0100] {dag.py:3820} INFO - Setting next_dagrun for tutorial_objectstorage to None, run_after=None
[2024-01-01T16:15:11.387+0100] {processor.py:183} INFO - Processing /home/ubuntu/.local/lib/python3.10/site-packages/airflow/example_dags/tutorial_objectstorage.py took 0.052 seconds
[2024-01-01T16:16:02.159+0100] {processor.py:161} INFO - Started process (PID=5154) to work on /home/ubuntu/.local/lib/python3.10/site-packages/airflow/example_dags/tutorial_objectstorage.py
[2024-01-01T16:16:02.170+0100] {processor.py:830} INFO - Processing file /home/ubuntu/.local/lib/python3.10/site-packages/airflow/example_dags/tutorial_objectstorage.py for tasks to queue
[2024-01-01T16:16:02.171+0100] {logging_mixin.py:188} INFO - [2024-01-01T16:16:02.171+0100] {dagbag.py:538} INFO - Filling up the DagBag from /home/ubuntu/.local/lib/python3.10/site-packages/airflow/example_dags/tutorial_objectstorage.py
[2024-01-01T16:16:02.176+0100] {processor.py:840} INFO - DAG(s) 'tutorial_objectstorage' retrieved from /home/ubuntu/.local/lib/python3.10/site-packages/airflow/example_dags/tutorial_objectstorage.py
[2024-01-01T16:16:02.185+0100] {logging_mixin.py:188} INFO - [2024-01-01T16:16:02.185+0100] {dag.py:3033} INFO - Sync 1 DAGs
[2024-01-01T16:16:02.192+0100] {logging_mixin.py:188} INFO - [2024-01-01T16:16:02.192+0100] {dag.py:3820} INFO - Setting next_dagrun for tutorial_objectstorage to None, run_after=None
[2024-01-01T16:16:02.222+0100] {processor.py:183} INFO - Processing /home/ubuntu/.local/lib/python3.10/site-packages/airflow/example_dags/tutorial_objectstorage.py took 0.070 seconds
[2024-01-01T16:16:40.321+0100] {processor.py:161} INFO - Started process (PID=5217) to work on /home/ubuntu/.local/lib/python3.10/site-packages/airflow/example_dags/tutorial_objectstorage.py
[2024-01-01T16:16:40.331+0100] {processor.py:830} INFO - Processing file /home/ubuntu/.local/lib/python3.10/site-packages/airflow/example_dags/tutorial_objectstorage.py for tasks to queue
[2024-01-01T16:16:40.332+0100] {logging_mixin.py:188} INFO - [2024-01-01T16:16:40.331+0100] {dagbag.py:538} INFO - Filling up the DagBag from /home/ubuntu/.local/lib/python3.10/site-packages/airflow/example_dags/tutorial_objectstorage.py
[2024-01-01T16:16:40.336+0100] {processor.py:840} INFO - DAG(s) 'tutorial_objectstorage' retrieved from /home/ubuntu/.local/lib/python3.10/site-packages/airflow/example_dags/tutorial_objectstorage.py
[2024-01-01T16:16:40.346+0100] {logging_mixin.py:188} INFO - [2024-01-01T16:16:40.346+0100] {dag.py:3033} INFO - Sync 1 DAGs
[2024-01-01T16:16:40.353+0100] {logging_mixin.py:188} INFO - [2024-01-01T16:16:40.353+0100] {dag.py:3820} INFO - Setting next_dagrun for tutorial_objectstorage to None, run_after=None
[2024-01-01T16:16:40.380+0100] {processor.py:183} INFO - Processing /home/ubuntu/.local/lib/python3.10/site-packages/airflow/example_dags/tutorial_objectstorage.py took 0.061 seconds
[2024-01-01T16:17:33.111+0100] {processor.py:161} INFO - Started process (PID=5284) to work on /home/ubuntu/.local/lib/python3.10/site-packages/airflow/example_dags/tutorial_objectstorage.py
[2024-01-01T16:17:33.112+0100] {processor.py:830} INFO - Processing file /home/ubuntu/.local/lib/python3.10/site-packages/airflow/example_dags/tutorial_objectstorage.py for tasks to queue
[2024-01-01T16:17:33.112+0100] {logging_mixin.py:188} INFO - [2024-01-01T16:17:33.112+0100] {dagbag.py:538} INFO - Filling up the DagBag from /home/ubuntu/.local/lib/python3.10/site-packages/airflow/example_dags/tutorial_objectstorage.py
[2024-01-01T16:17:33.117+0100] {processor.py:840} INFO - DAG(s) 'tutorial_objectstorage' retrieved from /home/ubuntu/.local/lib/python3.10/site-packages/airflow/example_dags/tutorial_objectstorage.py
[2024-01-01T16:17:33.126+0100] {logging_mixin.py:188} INFO - [2024-01-01T16:17:33.126+0100] {dag.py:3033} INFO - Sync 1 DAGs
[2024-01-01T16:17:33.133+0100] {logging_mixin.py:188} INFO - [2024-01-01T16:17:33.133+0100] {dag.py:3820} INFO - Setting next_dagrun for tutorial_objectstorage to None, run_after=None
[2024-01-01T16:17:33.170+0100] {processor.py:183} INFO - Processing /home/ubuntu/.local/lib/python3.10/site-packages/airflow/example_dags/tutorial_objectstorage.py took 0.061 seconds
[2024-01-01T16:18:09.477+0100] {processor.py:161} INFO - Started process (PID=5329) to work on /home/ubuntu/.local/lib/python3.10/site-packages/airflow/example_dags/tutorial_objectstorage.py
[2024-01-01T16:18:09.478+0100] {processor.py:830} INFO - Processing file /home/ubuntu/.local/lib/python3.10/site-packages/airflow/example_dags/tutorial_objectstorage.py for tasks to queue
[2024-01-01T16:18:09.479+0100] {logging_mixin.py:188} INFO - [2024-01-01T16:18:09.479+0100] {dagbag.py:538} INFO - Filling up the DagBag from /home/ubuntu/.local/lib/python3.10/site-packages/airflow/example_dags/tutorial_objectstorage.py
[2024-01-01T16:18:09.484+0100] {processor.py:840} INFO - DAG(s) 'tutorial_objectstorage' retrieved from /home/ubuntu/.local/lib/python3.10/site-packages/airflow/example_dags/tutorial_objectstorage.py
[2024-01-01T16:18:09.495+0100] {logging_mixin.py:188} INFO - [2024-01-01T16:18:09.495+0100] {dag.py:3033} INFO - Sync 1 DAGs
[2024-01-01T16:18:09.504+0100] {logging_mixin.py:188} INFO - [2024-01-01T16:18:09.504+0100] {dag.py:3820} INFO - Setting next_dagrun for tutorial_objectstorage to None, run_after=None
[2024-01-01T16:18:09.534+0100] {processor.py:183} INFO - Processing /home/ubuntu/.local/lib/python3.10/site-packages/airflow/example_dags/tutorial_objectstorage.py took 0.059 seconds
[2024-01-01T16:18:47.503+0100] {processor.py:161} INFO - Started process (PID=5378) to work on /home/ubuntu/.local/lib/python3.10/site-packages/airflow/example_dags/tutorial_objectstorage.py
[2024-01-01T16:18:47.513+0100] {processor.py:830} INFO - Processing file /home/ubuntu/.local/lib/python3.10/site-packages/airflow/example_dags/tutorial_objectstorage.py for tasks to queue
[2024-01-01T16:18:47.514+0100] {logging_mixin.py:188} INFO - [2024-01-01T16:18:47.514+0100] {dagbag.py:538} INFO - Filling up the DagBag from /home/ubuntu/.local/lib/python3.10/site-packages/airflow/example_dags/tutorial_objectstorage.py
[2024-01-01T16:18:47.519+0100] {processor.py:840} INFO - DAG(s) 'tutorial_objectstorage' retrieved from /home/ubuntu/.local/lib/python3.10/site-packages/airflow/example_dags/tutorial_objectstorage.py
[2024-01-01T16:18:47.530+0100] {logging_mixin.py:188} INFO - [2024-01-01T16:18:47.529+0100] {dag.py:3033} INFO - Sync 1 DAGs
[2024-01-01T16:18:47.538+0100] {logging_mixin.py:188} INFO - [2024-01-01T16:18:47.538+0100] {dag.py:3820} INFO - Setting next_dagrun for tutorial_objectstorage to None, run_after=None
[2024-01-01T16:18:47.553+0100] {processor.py:183} INFO - Processing /home/ubuntu/.local/lib/python3.10/site-packages/airflow/example_dags/tutorial_objectstorage.py took 0.052 seconds
[2024-01-01T16:19:56.003+0100] {processor.py:161} INFO - Started process (PID=5560) to work on /home/ubuntu/.local/lib/python3.10/site-packages/airflow/example_dags/tutorial_objectstorage.py
[2024-01-01T16:19:56.004+0100] {processor.py:830} INFO - Processing file /home/ubuntu/.local/lib/python3.10/site-packages/airflow/example_dags/tutorial_objectstorage.py for tasks to queue
[2024-01-01T16:19:56.005+0100] {logging_mixin.py:188} INFO - [2024-01-01T16:19:56.004+0100] {dagbag.py:538} INFO - Filling up the DagBag from /home/ubuntu/.local/lib/python3.10/site-packages/airflow/example_dags/tutorial_objectstorage.py
[2024-01-01T16:19:56.009+0100] {processor.py:840} INFO - DAG(s) 'tutorial_objectstorage' retrieved from /home/ubuntu/.local/lib/python3.10/site-packages/airflow/example_dags/tutorial_objectstorage.py
[2024-01-01T16:19:56.013+0100] {logging_mixin.py:188} INFO - [2024-01-01T16:19:56.013+0100] {dag.py:3033} INFO - Sync 1 DAGs
[2024-01-01T16:19:56.022+0100] {logging_mixin.py:188} INFO - [2024-01-01T16:19:56.022+0100] {dag.py:3820} INFO - Setting next_dagrun for tutorial_objectstorage to None, run_after=None
[2024-01-01T16:19:56.040+0100] {processor.py:183} INFO - Processing /home/ubuntu/.local/lib/python3.10/site-packages/airflow/example_dags/tutorial_objectstorage.py took 0.039 seconds
[2024-01-01T16:20:48.201+0100] {processor.py:161} INFO - Started process (PID=5736) to work on /home/ubuntu/.local/lib/python3.10/site-packages/airflow/example_dags/tutorial_objectstorage.py
[2024-01-01T16:20:48.211+0100] {processor.py:830} INFO - Processing file /home/ubuntu/.local/lib/python3.10/site-packages/airflow/example_dags/tutorial_objectstorage.py for tasks to queue
[2024-01-01T16:20:48.212+0100] {logging_mixin.py:188} INFO - [2024-01-01T16:20:48.212+0100] {dagbag.py:538} INFO - Filling up the DagBag from /home/ubuntu/.local/lib/python3.10/site-packages/airflow/example_dags/tutorial_objectstorage.py
[2024-01-01T16:20:48.216+0100] {processor.py:840} INFO - DAG(s) 'tutorial_objectstorage' retrieved from /home/ubuntu/.local/lib/python3.10/site-packages/airflow/example_dags/tutorial_objectstorage.py
[2024-01-01T16:20:48.272+0100] {logging_mixin.py:188} INFO - [2024-01-01T16:20:48.272+0100] {dag.py:3033} INFO - Sync 1 DAGs
[2024-01-01T16:20:48.278+0100] {logging_mixin.py:188} INFO - [2024-01-01T16:20:48.278+0100] {dag.py:3820} INFO - Setting next_dagrun for tutorial_objectstorage to None, run_after=None
[2024-01-01T16:20:48.291+0100] {processor.py:183} INFO - Processing /home/ubuntu/.local/lib/python3.10/site-packages/airflow/example_dags/tutorial_objectstorage.py took 0.092 seconds
[2024-01-01T16:21:37.369+0100] {processor.py:161} INFO - Started process (PID=5856) to work on /home/ubuntu/.local/lib/python3.10/site-packages/airflow/example_dags/tutorial_objectstorage.py
[2024-01-01T16:21:37.370+0100] {processor.py:830} INFO - Processing file /home/ubuntu/.local/lib/python3.10/site-packages/airflow/example_dags/tutorial_objectstorage.py for tasks to queue
[2024-01-01T16:21:37.371+0100] {logging_mixin.py:188} INFO - [2024-01-01T16:21:37.370+0100] {dagbag.py:538} INFO - Filling up the DagBag from /home/ubuntu/.local/lib/python3.10/site-packages/airflow/example_dags/tutorial_objectstorage.py
[2024-01-01T16:21:37.376+0100] {processor.py:840} INFO - DAG(s) 'tutorial_objectstorage' retrieved from /home/ubuntu/.local/lib/python3.10/site-packages/airflow/example_dags/tutorial_objectstorage.py
[2024-01-01T16:21:37.385+0100] {logging_mixin.py:188} INFO - [2024-01-01T16:21:37.385+0100] {dag.py:3033} INFO - Sync 1 DAGs
[2024-01-01T16:21:37.395+0100] {logging_mixin.py:188} INFO - [2024-01-01T16:21:37.395+0100] {dag.py:3820} INFO - Setting next_dagrun for tutorial_objectstorage to None, run_after=None
[2024-01-01T16:21:37.410+0100] {processor.py:183} INFO - Processing /home/ubuntu/.local/lib/python3.10/site-packages/airflow/example_dags/tutorial_objectstorage.py took 0.043 seconds
[2024-01-01T16:23:10.837+0100] {processor.py:161} INFO - Started process (PID=5941) to work on /home/ubuntu/.local/lib/python3.10/site-packages/airflow/example_dags/tutorial_objectstorage.py
[2024-01-01T16:23:10.846+0100] {processor.py:830} INFO - Processing file /home/ubuntu/.local/lib/python3.10/site-packages/airflow/example_dags/tutorial_objectstorage.py for tasks to queue
[2024-01-01T16:23:10.847+0100] {logging_mixin.py:188} INFO - [2024-01-01T16:23:10.847+0100] {dagbag.py:538} INFO - Filling up the DagBag from /home/ubuntu/.local/lib/python3.10/site-packages/airflow/example_dags/tutorial_objectstorage.py
[2024-01-01T16:23:10.850+0100] {processor.py:840} INFO - DAG(s) 'tutorial_objectstorage' retrieved from /home/ubuntu/.local/lib/python3.10/site-packages/airflow/example_dags/tutorial_objectstorage.py
[2024-01-01T16:23:10.855+0100] {logging_mixin.py:188} INFO - [2024-01-01T16:23:10.854+0100] {dag.py:3033} INFO - Sync 1 DAGs
[2024-01-01T16:23:10.862+0100] {logging_mixin.py:188} INFO - [2024-01-01T16:23:10.862+0100] {dag.py:3820} INFO - Setting next_dagrun for tutorial_objectstorage to None, run_after=None
[2024-01-01T16:23:10.877+0100] {processor.py:183} INFO - Processing /home/ubuntu/.local/lib/python3.10/site-packages/airflow/example_dags/tutorial_objectstorage.py took 0.042 seconds
[2024-01-01T16:24:10.767+0100] {processor.py:161} INFO - Started process (PID=6020) to work on /home/ubuntu/.local/lib/python3.10/site-packages/airflow/example_dags/tutorial_objectstorage.py
[2024-01-01T16:24:10.779+0100] {processor.py:830} INFO - Processing file /home/ubuntu/.local/lib/python3.10/site-packages/airflow/example_dags/tutorial_objectstorage.py for tasks to queue
[2024-01-01T16:24:10.781+0100] {logging_mixin.py:188} INFO - [2024-01-01T16:24:10.781+0100] {dagbag.py:538} INFO - Filling up the DagBag from /home/ubuntu/.local/lib/python3.10/site-packages/airflow/example_dags/tutorial_objectstorage.py
[2024-01-01T16:24:10.796+0100] {processor.py:840} INFO - DAG(s) 'tutorial_objectstorage' retrieved from /home/ubuntu/.local/lib/python3.10/site-packages/airflow/example_dags/tutorial_objectstorage.py
[2024-01-01T16:24:10.864+0100] {logging_mixin.py:188} INFO - [2024-01-01T16:24:10.864+0100] {dag.py:3033} INFO - Sync 1 DAGs
[2024-01-01T16:24:10.870+0100] {logging_mixin.py:188} INFO - [2024-01-01T16:24:10.870+0100] {dag.py:3820} INFO - Setting next_dagrun for tutorial_objectstorage to None, run_after=None
[2024-01-01T16:24:10.884+0100] {processor.py:183} INFO - Processing /home/ubuntu/.local/lib/python3.10/site-packages/airflow/example_dags/tutorial_objectstorage.py took 0.123 seconds
[2024-01-01T16:24:58.224+0100] {processor.py:161} INFO - Started process (PID=6205) to work on /home/ubuntu/.local/lib/python3.10/site-packages/airflow/example_dags/tutorial_objectstorage.py
[2024-01-01T16:24:58.234+0100] {processor.py:830} INFO - Processing file /home/ubuntu/.local/lib/python3.10/site-packages/airflow/example_dags/tutorial_objectstorage.py for tasks to queue
[2024-01-01T16:24:58.235+0100] {logging_mixin.py:188} INFO - [2024-01-01T16:24:58.235+0100] {dagbag.py:538} INFO - Filling up the DagBag from /home/ubuntu/.local/lib/python3.10/site-packages/airflow/example_dags/tutorial_objectstorage.py
[2024-01-01T16:24:58.241+0100] {processor.py:840} INFO - DAG(s) 'tutorial_objectstorage' retrieved from /home/ubuntu/.local/lib/python3.10/site-packages/airflow/example_dags/tutorial_objectstorage.py
[2024-01-01T16:24:58.254+0100] {logging_mixin.py:188} INFO - [2024-01-01T16:24:58.254+0100] {dag.py:3033} INFO - Sync 1 DAGs
[2024-01-01T16:24:58.266+0100] {logging_mixin.py:188} INFO - [2024-01-01T16:24:58.266+0100] {dag.py:3820} INFO - Setting next_dagrun for tutorial_objectstorage to None, run_after=None
[2024-01-01T16:24:58.291+0100] {processor.py:183} INFO - Processing /home/ubuntu/.local/lib/python3.10/site-packages/airflow/example_dags/tutorial_objectstorage.py took 0.070 seconds
[2024-01-01T16:25:45.781+0100] {processor.py:161} INFO - Started process (PID=6321) to work on /home/ubuntu/.local/lib/python3.10/site-packages/airflow/example_dags/tutorial_objectstorage.py
[2024-01-01T16:25:45.782+0100] {processor.py:830} INFO - Processing file /home/ubuntu/.local/lib/python3.10/site-packages/airflow/example_dags/tutorial_objectstorage.py for tasks to queue
[2024-01-01T16:25:45.782+0100] {logging_mixin.py:188} INFO - [2024-01-01T16:25:45.782+0100] {dagbag.py:538} INFO - Filling up the DagBag from /home/ubuntu/.local/lib/python3.10/site-packages/airflow/example_dags/tutorial_objectstorage.py
[2024-01-01T16:25:45.786+0100] {processor.py:840} INFO - DAG(s) 'tutorial_objectstorage' retrieved from /home/ubuntu/.local/lib/python3.10/site-packages/airflow/example_dags/tutorial_objectstorage.py
[2024-01-01T16:25:45.794+0100] {logging_mixin.py:188} INFO - [2024-01-01T16:25:45.794+0100] {dag.py:3033} INFO - Sync 1 DAGs
[2024-01-01T16:25:45.801+0100] {logging_mixin.py:188} INFO - [2024-01-01T16:25:45.801+0100] {dag.py:3820} INFO - Setting next_dagrun for tutorial_objectstorage to None, run_after=None
[2024-01-01T16:25:45.841+0100] {processor.py:183} INFO - Processing /home/ubuntu/.local/lib/python3.10/site-packages/airflow/example_dags/tutorial_objectstorage.py took 0.061 seconds
[2024-01-01T16:26:38.324+0100] {processor.py:161} INFO - Started process (PID=6433) to work on /home/ubuntu/.local/lib/python3.10/site-packages/airflow/example_dags/tutorial_objectstorage.py
[2024-01-01T16:26:38.327+0100] {processor.py:830} INFO - Processing file /home/ubuntu/.local/lib/python3.10/site-packages/airflow/example_dags/tutorial_objectstorage.py for tasks to queue
[2024-01-01T16:26:38.328+0100] {logging_mixin.py:188} INFO - [2024-01-01T16:26:38.327+0100] {dagbag.py:538} INFO - Filling up the DagBag from /home/ubuntu/.local/lib/python3.10/site-packages/airflow/example_dags/tutorial_objectstorage.py
[2024-01-01T16:26:38.333+0100] {processor.py:840} INFO - DAG(s) 'tutorial_objectstorage' retrieved from /home/ubuntu/.local/lib/python3.10/site-packages/airflow/example_dags/tutorial_objectstorage.py
[2024-01-01T16:26:38.344+0100] {logging_mixin.py:188} INFO - [2024-01-01T16:26:38.343+0100] {dag.py:3033} INFO - Sync 1 DAGs
[2024-01-01T16:26:38.351+0100] {logging_mixin.py:188} INFO - [2024-01-01T16:26:38.351+0100] {dag.py:3820} INFO - Setting next_dagrun for tutorial_objectstorage to None, run_after=None
[2024-01-01T16:26:38.374+0100] {processor.py:183} INFO - Processing /home/ubuntu/.local/lib/python3.10/site-packages/airflow/example_dags/tutorial_objectstorage.py took 0.052 seconds
[2024-01-01T16:27:14.895+0100] {processor.py:161} INFO - Started process (PID=6547) to work on /home/ubuntu/.local/lib/python3.10/site-packages/airflow/example_dags/tutorial_objectstorage.py
[2024-01-01T16:27:14.906+0100] {processor.py:830} INFO - Processing file /home/ubuntu/.local/lib/python3.10/site-packages/airflow/example_dags/tutorial_objectstorage.py for tasks to queue
[2024-01-01T16:27:14.908+0100] {logging_mixin.py:188} INFO - [2024-01-01T16:27:14.907+0100] {dagbag.py:538} INFO - Filling up the DagBag from /home/ubuntu/.local/lib/python3.10/site-packages/airflow/example_dags/tutorial_objectstorage.py
[2024-01-01T16:27:14.923+0100] {processor.py:840} INFO - DAG(s) 'tutorial_objectstorage' retrieved from /home/ubuntu/.local/lib/python3.10/site-packages/airflow/example_dags/tutorial_objectstorage.py
[2024-01-01T16:27:14.946+0100] {logging_mixin.py:188} INFO - [2024-01-01T16:27:14.946+0100] {dag.py:3033} INFO - Sync 1 DAGs
[2024-01-01T16:27:14.956+0100] {logging_mixin.py:188} INFO - [2024-01-01T16:27:14.956+0100] {dag.py:3820} INFO - Setting next_dagrun for tutorial_objectstorage to None, run_after=None
[2024-01-01T16:27:14.973+0100] {processor.py:183} INFO - Processing /home/ubuntu/.local/lib/python3.10/site-packages/airflow/example_dags/tutorial_objectstorage.py took 0.080 seconds
[2024-01-01T16:28:05.352+0100] {processor.py:161} INFO - Started process (PID=6691) to work on /home/ubuntu/.local/lib/python3.10/site-packages/airflow/example_dags/tutorial_objectstorage.py
[2024-01-01T16:28:05.353+0100] {processor.py:830} INFO - Processing file /home/ubuntu/.local/lib/python3.10/site-packages/airflow/example_dags/tutorial_objectstorage.py for tasks to queue
[2024-01-01T16:28:05.354+0100] {logging_mixin.py:188} INFO - [2024-01-01T16:28:05.353+0100] {dagbag.py:538} INFO - Filling up the DagBag from /home/ubuntu/.local/lib/python3.10/site-packages/airflow/example_dags/tutorial_objectstorage.py
[2024-01-01T16:28:05.358+0100] {processor.py:840} INFO - DAG(s) 'tutorial_objectstorage' retrieved from /home/ubuntu/.local/lib/python3.10/site-packages/airflow/example_dags/tutorial_objectstorage.py
[2024-01-01T16:28:05.369+0100] {logging_mixin.py:188} INFO - [2024-01-01T16:28:05.369+0100] {dag.py:3033} INFO - Sync 1 DAGs
[2024-01-01T16:28:05.377+0100] {logging_mixin.py:188} INFO - [2024-01-01T16:28:05.377+0100] {dag.py:3820} INFO - Setting next_dagrun for tutorial_objectstorage to None, run_after=None
[2024-01-01T16:28:05.394+0100] {processor.py:183} INFO - Processing /home/ubuntu/.local/lib/python3.10/site-packages/airflow/example_dags/tutorial_objectstorage.py took 0.044 seconds
[2024-01-01T16:28:57.776+0100] {processor.py:161} INFO - Started process (PID=6797) to work on /home/ubuntu/.local/lib/python3.10/site-packages/airflow/example_dags/tutorial_objectstorage.py
[2024-01-01T16:28:57.777+0100] {processor.py:830} INFO - Processing file /home/ubuntu/.local/lib/python3.10/site-packages/airflow/example_dags/tutorial_objectstorage.py for tasks to queue
[2024-01-01T16:28:57.777+0100] {logging_mixin.py:188} INFO - [2024-01-01T16:28:57.777+0100] {dagbag.py:538} INFO - Filling up the DagBag from /home/ubuntu/.local/lib/python3.10/site-packages/airflow/example_dags/tutorial_objectstorage.py
[2024-01-01T16:28:57.781+0100] {processor.py:840} INFO - DAG(s) 'tutorial_objectstorage' retrieved from /home/ubuntu/.local/lib/python3.10/site-packages/airflow/example_dags/tutorial_objectstorage.py
[2024-01-01T16:28:57.790+0100] {logging_mixin.py:188} INFO - [2024-01-01T16:28:57.790+0100] {dag.py:3033} INFO - Sync 1 DAGs
[2024-01-01T16:28:57.796+0100] {logging_mixin.py:188} INFO - [2024-01-01T16:28:57.796+0100] {dag.py:3820} INFO - Setting next_dagrun for tutorial_objectstorage to None, run_after=None
[2024-01-01T16:28:57.823+0100] {processor.py:183} INFO - Processing /home/ubuntu/.local/lib/python3.10/site-packages/airflow/example_dags/tutorial_objectstorage.py took 0.049 seconds
[2024-01-01T16:29:34.191+0100] {processor.py:161} INFO - Started process (PID=6879) to work on /home/ubuntu/.local/lib/python3.10/site-packages/airflow/example_dags/tutorial_objectstorage.py
[2024-01-01T16:29:34.192+0100] {processor.py:830} INFO - Processing file /home/ubuntu/.local/lib/python3.10/site-packages/airflow/example_dags/tutorial_objectstorage.py for tasks to queue
[2024-01-01T16:29:34.193+0100] {logging_mixin.py:188} INFO - [2024-01-01T16:29:34.192+0100] {dagbag.py:538} INFO - Filling up the DagBag from /home/ubuntu/.local/lib/python3.10/site-packages/airflow/example_dags/tutorial_objectstorage.py
[2024-01-01T16:29:34.197+0100] {processor.py:840} INFO - DAG(s) 'tutorial_objectstorage' retrieved from /home/ubuntu/.local/lib/python3.10/site-packages/airflow/example_dags/tutorial_objectstorage.py
[2024-01-01T16:29:34.207+0100] {logging_mixin.py:188} INFO - [2024-01-01T16:29:34.207+0100] {dag.py:3033} INFO - Sync 1 DAGs
[2024-01-01T16:29:34.217+0100] {logging_mixin.py:188} INFO - [2024-01-01T16:29:34.217+0100] {dag.py:3820} INFO - Setting next_dagrun for tutorial_objectstorage to None, run_after=None
[2024-01-01T16:29:34.236+0100] {processor.py:183} INFO - Processing /home/ubuntu/.local/lib/python3.10/site-packages/airflow/example_dags/tutorial_objectstorage.py took 0.046 seconds
[2024-01-01T16:30:10.556+0100] {processor.py:161} INFO - Started process (PID=6942) to work on /home/ubuntu/.local/lib/python3.10/site-packages/airflow/example_dags/tutorial_objectstorage.py
[2024-01-01T16:30:10.558+0100] {processor.py:830} INFO - Processing file /home/ubuntu/.local/lib/python3.10/site-packages/airflow/example_dags/tutorial_objectstorage.py for tasks to queue
[2024-01-01T16:30:10.559+0100] {logging_mixin.py:188} INFO - [2024-01-01T16:30:10.558+0100] {dagbag.py:538} INFO - Filling up the DagBag from /home/ubuntu/.local/lib/python3.10/site-packages/airflow/example_dags/tutorial_objectstorage.py
[2024-01-01T16:30:10.566+0100] {processor.py:840} INFO - DAG(s) 'tutorial_objectstorage' retrieved from /home/ubuntu/.local/lib/python3.10/site-packages/airflow/example_dags/tutorial_objectstorage.py
[2024-01-01T16:30:10.578+0100] {logging_mixin.py:188} INFO - [2024-01-01T16:30:10.578+0100] {dag.py:3033} INFO - Sync 1 DAGs
[2024-01-01T16:30:10.586+0100] {logging_mixin.py:188} INFO - [2024-01-01T16:30:10.586+0100] {dag.py:3820} INFO - Setting next_dagrun for tutorial_objectstorage to None, run_after=None
[2024-01-01T16:30:10.612+0100] {processor.py:183} INFO - Processing /home/ubuntu/.local/lib/python3.10/site-packages/airflow/example_dags/tutorial_objectstorage.py took 0.060 seconds
[2024-01-01T16:31:04.617+0100] {processor.py:161} INFO - Started process (PID=7050) to work on /home/ubuntu/.local/lib/python3.10/site-packages/airflow/example_dags/tutorial_objectstorage.py
[2024-01-01T16:31:04.618+0100] {processor.py:830} INFO - Processing file /home/ubuntu/.local/lib/python3.10/site-packages/airflow/example_dags/tutorial_objectstorage.py for tasks to queue
[2024-01-01T16:31:04.619+0100] {logging_mixin.py:188} INFO - [2024-01-01T16:31:04.619+0100] {dagbag.py:538} INFO - Filling up the DagBag from /home/ubuntu/.local/lib/python3.10/site-packages/airflow/example_dags/tutorial_objectstorage.py
[2024-01-01T16:31:04.624+0100] {processor.py:840} INFO - DAG(s) 'tutorial_objectstorage' retrieved from /home/ubuntu/.local/lib/python3.10/site-packages/airflow/example_dags/tutorial_objectstorage.py
[2024-01-01T16:31:04.635+0100] {logging_mixin.py:188} INFO - [2024-01-01T16:31:04.635+0100] {dag.py:3033} INFO - Sync 1 DAGs
[2024-01-01T16:31:04.645+0100] {logging_mixin.py:188} INFO - [2024-01-01T16:31:04.645+0100] {dag.py:3820} INFO - Setting next_dagrun for tutorial_objectstorage to None, run_after=None
[2024-01-01T16:31:04.667+0100] {processor.py:183} INFO - Processing /home/ubuntu/.local/lib/python3.10/site-packages/airflow/example_dags/tutorial_objectstorage.py took 0.053 seconds
[2024-01-01T16:31:56.329+0100] {processor.py:161} INFO - Started process (PID=7152) to work on /home/ubuntu/.local/lib/python3.10/site-packages/airflow/example_dags/tutorial_objectstorage.py
[2024-01-01T16:31:56.339+0100] {processor.py:830} INFO - Processing file /home/ubuntu/.local/lib/python3.10/site-packages/airflow/example_dags/tutorial_objectstorage.py for tasks to queue
[2024-01-01T16:31:56.340+0100] {logging_mixin.py:188} INFO - [2024-01-01T16:31:56.339+0100] {dagbag.py:538} INFO - Filling up the DagBag from /home/ubuntu/.local/lib/python3.10/site-packages/airflow/example_dags/tutorial_objectstorage.py
[2024-01-01T16:31:56.345+0100] {processor.py:840} INFO - DAG(s) 'tutorial_objectstorage' retrieved from /home/ubuntu/.local/lib/python3.10/site-packages/airflow/example_dags/tutorial_objectstorage.py
[2024-01-01T16:31:56.357+0100] {logging_mixin.py:188} INFO - [2024-01-01T16:31:56.357+0100] {dag.py:3033} INFO - Sync 1 DAGs
[2024-01-01T16:31:56.366+0100] {logging_mixin.py:188} INFO - [2024-01-01T16:31:56.365+0100] {dag.py:3820} INFO - Setting next_dagrun for tutorial_objectstorage to None, run_after=None
[2024-01-01T16:31:56.385+0100] {processor.py:183} INFO - Processing /home/ubuntu/.local/lib/python3.10/site-packages/airflow/example_dags/tutorial_objectstorage.py took 0.060 seconds
[2024-01-01T16:32:34.187+0100] {processor.py:161} INFO - Started process (PID=7240) to work on /home/ubuntu/.local/lib/python3.10/site-packages/airflow/example_dags/tutorial_objectstorage.py
[2024-01-01T16:32:34.188+0100] {processor.py:830} INFO - Processing file /home/ubuntu/.local/lib/python3.10/site-packages/airflow/example_dags/tutorial_objectstorage.py for tasks to queue
[2024-01-01T16:32:34.189+0100] {logging_mixin.py:188} INFO - [2024-01-01T16:32:34.188+0100] {dagbag.py:538} INFO - Filling up the DagBag from /home/ubuntu/.local/lib/python3.10/site-packages/airflow/example_dags/tutorial_objectstorage.py
[2024-01-01T16:32:34.195+0100] {processor.py:840} INFO - DAG(s) 'tutorial_objectstorage' retrieved from /home/ubuntu/.local/lib/python3.10/site-packages/airflow/example_dags/tutorial_objectstorage.py
[2024-01-01T16:32:34.207+0100] {logging_mixin.py:188} INFO - [2024-01-01T16:32:34.206+0100] {dag.py:3033} INFO - Sync 1 DAGs
[2024-01-01T16:32:34.215+0100] {logging_mixin.py:188} INFO - [2024-01-01T16:32:34.215+0100] {dag.py:3820} INFO - Setting next_dagrun for tutorial_objectstorage to None, run_after=None
[2024-01-01T16:32:34.232+0100] {processor.py:183} INFO - Processing /home/ubuntu/.local/lib/python3.10/site-packages/airflow/example_dags/tutorial_objectstorage.py took 0.048 seconds
[2024-01-01T16:33:16.755+0100] {processor.py:161} INFO - Started process (PID=7402) to work on /home/ubuntu/.local/lib/python3.10/site-packages/airflow/example_dags/tutorial_objectstorage.py
[2024-01-01T16:33:16.766+0100] {processor.py:830} INFO - Processing file /home/ubuntu/.local/lib/python3.10/site-packages/airflow/example_dags/tutorial_objectstorage.py for tasks to queue
[2024-01-01T16:33:16.767+0100] {logging_mixin.py:188} INFO - [2024-01-01T16:33:16.767+0100] {dagbag.py:538} INFO - Filling up the DagBag from /home/ubuntu/.local/lib/python3.10/site-packages/airflow/example_dags/tutorial_objectstorage.py
[2024-01-01T16:33:16.774+0100] {processor.py:840} INFO - DAG(s) 'tutorial_objectstorage' retrieved from /home/ubuntu/.local/lib/python3.10/site-packages/airflow/example_dags/tutorial_objectstorage.py
[2024-01-01T16:33:16.788+0100] {logging_mixin.py:188} INFO - [2024-01-01T16:33:16.788+0100] {dag.py:3033} INFO - Sync 1 DAGs
[2024-01-01T16:33:16.800+0100] {logging_mixin.py:188} INFO - [2024-01-01T16:33:16.800+0100] {dag.py:3820} INFO - Setting next_dagrun for tutorial_objectstorage to None, run_after=None
[2024-01-01T16:33:16.826+0100] {processor.py:183} INFO - Processing /home/ubuntu/.local/lib/python3.10/site-packages/airflow/example_dags/tutorial_objectstorage.py took 0.074 seconds
[2024-01-01T16:34:00.149+0100] {processor.py:161} INFO - Started process (PID=7505) to work on /home/ubuntu/.local/lib/python3.10/site-packages/airflow/example_dags/tutorial_objectstorage.py
[2024-01-01T16:34:00.150+0100] {processor.py:830} INFO - Processing file /home/ubuntu/.local/lib/python3.10/site-packages/airflow/example_dags/tutorial_objectstorage.py for tasks to queue
[2024-01-01T16:34:00.151+0100] {logging_mixin.py:188} INFO - [2024-01-01T16:34:00.151+0100] {dagbag.py:538} INFO - Filling up the DagBag from /home/ubuntu/.local/lib/python3.10/site-packages/airflow/example_dags/tutorial_objectstorage.py
[2024-01-01T16:34:00.157+0100] {processor.py:840} INFO - DAG(s) 'tutorial_objectstorage' retrieved from /home/ubuntu/.local/lib/python3.10/site-packages/airflow/example_dags/tutorial_objectstorage.py
[2024-01-01T16:34:00.170+0100] {logging_mixin.py:188} INFO - [2024-01-01T16:34:00.170+0100] {dag.py:3033} INFO - Sync 1 DAGs
[2024-01-01T16:34:00.187+0100] {logging_mixin.py:188} INFO - [2024-01-01T16:34:00.186+0100] {dag.py:3820} INFO - Setting next_dagrun for tutorial_objectstorage to None, run_after=None
[2024-01-01T16:34:00.218+0100] {processor.py:183} INFO - Processing /home/ubuntu/.local/lib/python3.10/site-packages/airflow/example_dags/tutorial_objectstorage.py took 0.071 seconds
