[2024-01-01T15:42:30.528+0100] {processor.py:161} INFO - Started process (PID=7952) to work on /home/ubuntu/.local/lib/python3.10/site-packages/airflow/example_dags/tutorial_dag.py
[2024-01-01T15:42:30.531+0100] {processor.py:830} INFO - Processing file /home/ubuntu/.local/lib/python3.10/site-packages/airflow/example_dags/tutorial_dag.py for tasks to queue
[2024-01-01T15:42:30.533+0100] {logging_mixin.py:188} INFO - [2024-01-01T15:42:30.532+0100] {dagbag.py:538} INFO - Filling up the DagBag from /home/ubuntu/.local/lib/python3.10/site-packages/airflow/example_dags/tutorial_dag.py
[2024-01-01T15:42:30.546+0100] {processor.py:840} INFO - DAG(s) 'tutorial_dag' retrieved from /home/ubuntu/.local/lib/python3.10/site-packages/airflow/example_dags/tutorial_dag.py
[2024-01-01T15:42:30.556+0100] {logging_mixin.py:188} INFO - [2024-01-01T15:42:30.556+0100] {dag.py:3033} INFO - Sync 1 DAGs
[2024-01-01T15:42:30.569+0100] {logging_mixin.py:188} INFO - [2024-01-01T15:42:30.569+0100] {dag.py:3820} INFO - Setting next_dagrun for tutorial_dag to None, run_after=None
[2024-01-01T15:42:30.597+0100] {processor.py:183} INFO - Processing /home/ubuntu/.local/lib/python3.10/site-packages/airflow/example_dags/tutorial_dag.py took 0.076 seconds
[2024-01-01T15:43:20.009+0100] {processor.py:161} INFO - Started process (PID=8040) to work on /home/ubuntu/.local/lib/python3.10/site-packages/airflow/example_dags/tutorial_dag.py
[2024-01-01T15:43:20.019+0100] {processor.py:830} INFO - Processing file /home/ubuntu/.local/lib/python3.10/site-packages/airflow/example_dags/tutorial_dag.py for tasks to queue
[2024-01-01T15:43:20.019+0100] {logging_mixin.py:188} INFO - [2024-01-01T15:43:20.019+0100] {dagbag.py:538} INFO - Filling up the DagBag from /home/ubuntu/.local/lib/python3.10/site-packages/airflow/example_dags/tutorial_dag.py
[2024-01-01T15:43:20.023+0100] {processor.py:840} INFO - DAG(s) 'tutorial_dag' retrieved from /home/ubuntu/.local/lib/python3.10/site-packages/airflow/example_dags/tutorial_dag.py
[2024-01-01T15:43:20.079+0100] {logging_mixin.py:188} INFO - [2024-01-01T15:43:20.079+0100] {dag.py:3033} INFO - Sync 1 DAGs
[2024-01-01T15:43:20.085+0100] {logging_mixin.py:188} INFO - [2024-01-01T15:43:20.085+0100] {dag.py:3820} INFO - Setting next_dagrun for tutorial_dag to None, run_after=None
[2024-01-01T15:43:20.100+0100] {processor.py:183} INFO - Processing /home/ubuntu/.local/lib/python3.10/site-packages/airflow/example_dags/tutorial_dag.py took 0.093 seconds
[2024-01-01T15:44:06.863+0100] {processor.py:161} INFO - Started process (PID=8163) to work on /home/ubuntu/.local/lib/python3.10/site-packages/airflow/example_dags/tutorial_dag.py
[2024-01-01T15:44:06.864+0100] {processor.py:830} INFO - Processing file /home/ubuntu/.local/lib/python3.10/site-packages/airflow/example_dags/tutorial_dag.py for tasks to queue
[2024-01-01T15:44:06.865+0100] {logging_mixin.py:188} INFO - [2024-01-01T15:44:06.864+0100] {dagbag.py:538} INFO - Filling up the DagBag from /home/ubuntu/.local/lib/python3.10/site-packages/airflow/example_dags/tutorial_dag.py
[2024-01-01T15:44:06.868+0100] {processor.py:840} INFO - DAG(s) 'tutorial_dag' retrieved from /home/ubuntu/.local/lib/python3.10/site-packages/airflow/example_dags/tutorial_dag.py
[2024-01-01T15:44:06.879+0100] {logging_mixin.py:188} INFO - [2024-01-01T15:44:06.878+0100] {dag.py:3033} INFO - Sync 1 DAGs
[2024-01-01T15:44:06.887+0100] {logging_mixin.py:188} INFO - [2024-01-01T15:44:06.887+0100] {dag.py:3820} INFO - Setting next_dagrun for tutorial_dag to None, run_after=None
[2024-01-01T15:44:06.906+0100] {processor.py:183} INFO - Processing /home/ubuntu/.local/lib/python3.10/site-packages/airflow/example_dags/tutorial_dag.py took 0.044 seconds
[2024-01-01T15:44:45.436+0100] {processor.py:161} INFO - Started process (PID=8292) to work on /home/ubuntu/.local/lib/python3.10/site-packages/airflow/example_dags/tutorial_dag.py
[2024-01-01T15:44:45.439+0100] {processor.py:830} INFO - Processing file /home/ubuntu/.local/lib/python3.10/site-packages/airflow/example_dags/tutorial_dag.py for tasks to queue
[2024-01-01T15:44:45.441+0100] {logging_mixin.py:188} INFO - [2024-01-01T15:44:45.440+0100] {dagbag.py:538} INFO - Filling up the DagBag from /home/ubuntu/.local/lib/python3.10/site-packages/airflow/example_dags/tutorial_dag.py
[2024-01-01T15:44:45.452+0100] {processor.py:840} INFO - DAG(s) 'tutorial_dag' retrieved from /home/ubuntu/.local/lib/python3.10/site-packages/airflow/example_dags/tutorial_dag.py
[2024-01-01T15:44:45.471+0100] {logging_mixin.py:188} INFO - [2024-01-01T15:44:45.471+0100] {dag.py:3033} INFO - Sync 1 DAGs
[2024-01-01T15:44:45.480+0100] {logging_mixin.py:188} INFO - [2024-01-01T15:44:45.479+0100] {dag.py:3820} INFO - Setting next_dagrun for tutorial_dag to None, run_after=None
[2024-01-01T15:44:45.494+0100] {processor.py:183} INFO - Processing /home/ubuntu/.local/lib/python3.10/site-packages/airflow/example_dags/tutorial_dag.py took 0.066 seconds
[2024-01-01T15:45:53.768+0100] {processor.py:161} INFO - Started process (PID=8708) to work on /home/ubuntu/.local/lib/python3.10/site-packages/airflow/example_dags/tutorial_dag.py
[2024-01-01T15:45:53.771+0100] {processor.py:830} INFO - Processing file /home/ubuntu/.local/lib/python3.10/site-packages/airflow/example_dags/tutorial_dag.py for tasks to queue
[2024-01-01T15:45:53.776+0100] {logging_mixin.py:188} INFO - [2024-01-01T15:45:53.771+0100] {dagbag.py:538} INFO - Filling up the DagBag from /home/ubuntu/.local/lib/python3.10/site-packages/airflow/example_dags/tutorial_dag.py
[2024-01-01T15:45:53.795+0100] {processor.py:840} INFO - DAG(s) 'tutorial_dag' retrieved from /home/ubuntu/.local/lib/python3.10/site-packages/airflow/example_dags/tutorial_dag.py
[2024-01-01T15:45:53.865+0100] {logging_mixin.py:188} INFO - [2024-01-01T15:45:53.844+0100] {dag.py:3033} INFO - Sync 1 DAGs
[2024-01-01T15:45:53.894+0100] {logging_mixin.py:188} INFO - [2024-01-01T15:45:53.894+0100] {dag.py:3820} INFO - Setting next_dagrun for tutorial_dag to None, run_after=None
[2024-01-01T15:45:53.937+0100] {processor.py:183} INFO - Processing /home/ubuntu/.local/lib/python3.10/site-packages/airflow/example_dags/tutorial_dag.py took 0.173 seconds
[2024-01-01T15:47:07.666+0100] {processor.py:161} INFO - Started process (PID=8789) to work on /home/ubuntu/.local/lib/python3.10/site-packages/airflow/example_dags/tutorial_dag.py
[2024-01-01T15:47:07.669+0100] {processor.py:830} INFO - Processing file /home/ubuntu/.local/lib/python3.10/site-packages/airflow/example_dags/tutorial_dag.py for tasks to queue
[2024-01-01T15:47:07.673+0100] {logging_mixin.py:188} INFO - [2024-01-01T15:47:07.669+0100] {dagbag.py:538} INFO - Filling up the DagBag from /home/ubuntu/.local/lib/python3.10/site-packages/airflow/example_dags/tutorial_dag.py
[2024-01-01T15:47:07.728+0100] {processor.py:840} INFO - DAG(s) 'tutorial_dag' retrieved from /home/ubuntu/.local/lib/python3.10/site-packages/airflow/example_dags/tutorial_dag.py
[2024-01-01T15:47:07.777+0100] {logging_mixin.py:188} INFO - [2024-01-01T15:47:07.776+0100] {dag.py:3033} INFO - Sync 1 DAGs
[2024-01-01T15:47:07.827+0100] {logging_mixin.py:188} INFO - [2024-01-01T15:47:07.824+0100] {dag.py:3820} INFO - Setting next_dagrun for tutorial_dag to None, run_after=None
[2024-01-01T15:47:07.883+0100] {processor.py:183} INFO - Processing /home/ubuntu/.local/lib/python3.10/site-packages/airflow/example_dags/tutorial_dag.py took 0.221 seconds
[2024-01-01T16:09:05.981+0100] {processor.py:161} INFO - Started process (PID=4113) to work on /home/ubuntu/.local/lib/python3.10/site-packages/airflow/example_dags/tutorial_dag.py
[2024-01-01T16:09:05.991+0100] {processor.py:830} INFO - Processing file /home/ubuntu/.local/lib/python3.10/site-packages/airflow/example_dags/tutorial_dag.py for tasks to queue
[2024-01-01T16:09:05.993+0100] {logging_mixin.py:188} INFO - [2024-01-01T16:09:05.992+0100] {dagbag.py:538} INFO - Filling up the DagBag from /home/ubuntu/.local/lib/python3.10/site-packages/airflow/example_dags/tutorial_dag.py
[2024-01-01T16:09:06.000+0100] {processor.py:840} INFO - DAG(s) 'tutorial_dag' retrieved from /home/ubuntu/.local/lib/python3.10/site-packages/airflow/example_dags/tutorial_dag.py
[2024-01-01T16:09:06.008+0100] {logging_mixin.py:188} INFO - [2024-01-01T16:09:06.008+0100] {dag.py:3033} INFO - Sync 1 DAGs
[2024-01-01T16:09:06.020+0100] {logging_mixin.py:188} INFO - [2024-01-01T16:09:06.020+0100] {dag.py:3820} INFO - Setting next_dagrun for tutorial_dag to None, run_after=None
[2024-01-01T16:09:06.036+0100] {processor.py:183} INFO - Processing /home/ubuntu/.local/lib/python3.10/site-packages/airflow/example_dags/tutorial_dag.py took 0.060 seconds
[2024-01-01T16:09:56.719+0100] {processor.py:161} INFO - Started process (PID=4292) to work on /home/ubuntu/.local/lib/python3.10/site-packages/airflow/example_dags/tutorial_dag.py
[2024-01-01T16:09:56.722+0100] {processor.py:830} INFO - Processing file /home/ubuntu/.local/lib/python3.10/site-packages/airflow/example_dags/tutorial_dag.py for tasks to queue
[2024-01-01T16:09:56.724+0100] {logging_mixin.py:188} INFO - [2024-01-01T16:09:56.723+0100] {dagbag.py:538} INFO - Filling up the DagBag from /home/ubuntu/.local/lib/python3.10/site-packages/airflow/example_dags/tutorial_dag.py
[2024-01-01T16:09:56.736+0100] {processor.py:840} INFO - DAG(s) 'tutorial_dag' retrieved from /home/ubuntu/.local/lib/python3.10/site-packages/airflow/example_dags/tutorial_dag.py
[2024-01-01T16:09:56.802+0100] {logging_mixin.py:188} INFO - [2024-01-01T16:09:56.802+0100] {dag.py:3033} INFO - Sync 1 DAGs
[2024-01-01T16:09:56.808+0100] {logging_mixin.py:188} INFO - [2024-01-01T16:09:56.808+0100] {dag.py:3820} INFO - Setting next_dagrun for tutorial_dag to None, run_after=None
[2024-01-01T16:09:56.822+0100] {processor.py:183} INFO - Processing /home/ubuntu/.local/lib/python3.10/site-packages/airflow/example_dags/tutorial_dag.py took 0.113 seconds
[2024-01-01T16:10:40.868+0100] {processor.py:161} INFO - Started process (PID=4472) to work on /home/ubuntu/.local/lib/python3.10/site-packages/airflow/example_dags/tutorial_dag.py
[2024-01-01T16:10:40.882+0100] {processor.py:830} INFO - Processing file /home/ubuntu/.local/lib/python3.10/site-packages/airflow/example_dags/tutorial_dag.py for tasks to queue
[2024-01-01T16:10:40.885+0100] {logging_mixin.py:188} INFO - [2024-01-01T16:10:40.884+0100] {dagbag.py:538} INFO - Filling up the DagBag from /home/ubuntu/.local/lib/python3.10/site-packages/airflow/example_dags/tutorial_dag.py
[2024-01-01T16:10:40.907+0100] {processor.py:840} INFO - DAG(s) 'tutorial_dag' retrieved from /home/ubuntu/.local/lib/python3.10/site-packages/airflow/example_dags/tutorial_dag.py
[2024-01-01T16:10:40.928+0100] {logging_mixin.py:188} INFO - [2024-01-01T16:10:40.927+0100] {dag.py:3033} INFO - Sync 1 DAGs
[2024-01-01T16:10:40.937+0100] {logging_mixin.py:188} INFO - [2024-01-01T16:10:40.937+0100] {dag.py:3820} INFO - Setting next_dagrun for tutorial_dag to None, run_after=None
[2024-01-01T16:10:40.954+0100] {processor.py:183} INFO - Processing /home/ubuntu/.local/lib/python3.10/site-packages/airflow/example_dags/tutorial_dag.py took 0.089 seconds
[2024-01-01T16:11:27.968+0100] {processor.py:161} INFO - Started process (PID=4529) to work on /home/ubuntu/.local/lib/python3.10/site-packages/airflow/example_dags/tutorial_dag.py
[2024-01-01T16:11:27.971+0100] {processor.py:830} INFO - Processing file /home/ubuntu/.local/lib/python3.10/site-packages/airflow/example_dags/tutorial_dag.py for tasks to queue
[2024-01-01T16:11:27.972+0100] {logging_mixin.py:188} INFO - [2024-01-01T16:11:27.972+0100] {dagbag.py:538} INFO - Filling up the DagBag from /home/ubuntu/.local/lib/python3.10/site-packages/airflow/example_dags/tutorial_dag.py
[2024-01-01T16:11:27.984+0100] {processor.py:840} INFO - DAG(s) 'tutorial_dag' retrieved from /home/ubuntu/.local/lib/python3.10/site-packages/airflow/example_dags/tutorial_dag.py
[2024-01-01T16:11:28.001+0100] {logging_mixin.py:188} INFO - [2024-01-01T16:11:28.001+0100] {dag.py:3033} INFO - Sync 1 DAGs
[2024-01-01T16:11:28.010+0100] {logging_mixin.py:188} INFO - [2024-01-01T16:11:28.010+0100] {dag.py:3820} INFO - Setting next_dagrun for tutorial_dag to None, run_after=None
[2024-01-01T16:11:28.045+0100] {processor.py:183} INFO - Processing /home/ubuntu/.local/lib/python3.10/site-packages/airflow/example_dags/tutorial_dag.py took 0.084 seconds
[2024-01-01T16:12:05.910+0100] {processor.py:161} INFO - Started process (PID=4642) to work on /home/ubuntu/.local/lib/python3.10/site-packages/airflow/example_dags/tutorial_dag.py
[2024-01-01T16:12:05.922+0100] {processor.py:830} INFO - Processing file /home/ubuntu/.local/lib/python3.10/site-packages/airflow/example_dags/tutorial_dag.py for tasks to queue
[2024-01-01T16:12:05.924+0100] {logging_mixin.py:188} INFO - [2024-01-01T16:12:05.923+0100] {dagbag.py:538} INFO - Filling up the DagBag from /home/ubuntu/.local/lib/python3.10/site-packages/airflow/example_dags/tutorial_dag.py
[2024-01-01T16:12:05.942+0100] {processor.py:840} INFO - DAG(s) 'tutorial_dag' retrieved from /home/ubuntu/.local/lib/python3.10/site-packages/airflow/example_dags/tutorial_dag.py
[2024-01-01T16:12:05.964+0100] {logging_mixin.py:188} INFO - [2024-01-01T16:12:05.964+0100] {dag.py:3033} INFO - Sync 1 DAGs
[2024-01-01T16:12:05.974+0100] {logging_mixin.py:188} INFO - [2024-01-01T16:12:05.974+0100] {dag.py:3820} INFO - Setting next_dagrun for tutorial_dag to None, run_after=None
[2024-01-01T16:12:05.991+0100] {processor.py:183} INFO - Processing /home/ubuntu/.local/lib/python3.10/site-packages/airflow/example_dags/tutorial_dag.py took 0.088 seconds
[2024-01-01T16:12:42.695+0100] {processor.py:161} INFO - Started process (PID=4766) to work on /home/ubuntu/.local/lib/python3.10/site-packages/airflow/example_dags/tutorial_dag.py
[2024-01-01T16:12:42.698+0100] {processor.py:830} INFO - Processing file /home/ubuntu/.local/lib/python3.10/site-packages/airflow/example_dags/tutorial_dag.py for tasks to queue
[2024-01-01T16:12:42.701+0100] {logging_mixin.py:188} INFO - [2024-01-01T16:12:42.700+0100] {dagbag.py:538} INFO - Filling up the DagBag from /home/ubuntu/.local/lib/python3.10/site-packages/airflow/example_dags/tutorial_dag.py
[2024-01-01T16:12:42.713+0100] {processor.py:840} INFO - DAG(s) 'tutorial_dag' retrieved from /home/ubuntu/.local/lib/python3.10/site-packages/airflow/example_dags/tutorial_dag.py
[2024-01-01T16:12:42.731+0100] {logging_mixin.py:188} INFO - [2024-01-01T16:12:42.731+0100] {dag.py:3033} INFO - Sync 1 DAGs
[2024-01-01T16:12:42.740+0100] {logging_mixin.py:188} INFO - [2024-01-01T16:12:42.740+0100] {dag.py:3820} INFO - Setting next_dagrun for tutorial_dag to None, run_after=None
[2024-01-01T16:12:42.765+0100] {processor.py:183} INFO - Processing /home/ubuntu/.local/lib/python3.10/site-packages/airflow/example_dags/tutorial_dag.py took 0.078 seconds
[2024-01-01T16:13:19.693+0100] {processor.py:161} INFO - Started process (PID=4820) to work on /home/ubuntu/.local/lib/python3.10/site-packages/airflow/example_dags/tutorial_dag.py
[2024-01-01T16:13:19.694+0100] {processor.py:830} INFO - Processing file /home/ubuntu/.local/lib/python3.10/site-packages/airflow/example_dags/tutorial_dag.py for tasks to queue
[2024-01-01T16:13:19.695+0100] {logging_mixin.py:188} INFO - [2024-01-01T16:13:19.695+0100] {dagbag.py:538} INFO - Filling up the DagBag from /home/ubuntu/.local/lib/python3.10/site-packages/airflow/example_dags/tutorial_dag.py
[2024-01-01T16:13:19.703+0100] {processor.py:840} INFO - DAG(s) 'tutorial_dag' retrieved from /home/ubuntu/.local/lib/python3.10/site-packages/airflow/example_dags/tutorial_dag.py
[2024-01-01T16:13:19.722+0100] {logging_mixin.py:188} INFO - [2024-01-01T16:13:19.722+0100] {dag.py:3033} INFO - Sync 1 DAGs
[2024-01-01T16:13:19.732+0100] {logging_mixin.py:188} INFO - [2024-01-01T16:13:19.732+0100] {dag.py:3820} INFO - Setting next_dagrun for tutorial_dag to None, run_after=None
[2024-01-01T16:13:19.749+0100] {processor.py:183} INFO - Processing /home/ubuntu/.local/lib/python3.10/site-packages/airflow/example_dags/tutorial_dag.py took 0.060 seconds
[2024-01-01T16:13:57.988+0100] {processor.py:161} INFO - Started process (PID=4861) to work on /home/ubuntu/.local/lib/python3.10/site-packages/airflow/example_dags/tutorial_dag.py
[2024-01-01T16:13:57.995+0100] {processor.py:830} INFO - Processing file /home/ubuntu/.local/lib/python3.10/site-packages/airflow/example_dags/tutorial_dag.py for tasks to queue
[2024-01-01T16:13:57.996+0100] {logging_mixin.py:188} INFO - [2024-01-01T16:13:57.996+0100] {dagbag.py:538} INFO - Filling up the DagBag from /home/ubuntu/.local/lib/python3.10/site-packages/airflow/example_dags/tutorial_dag.py
[2024-01-01T16:13:58.002+0100] {processor.py:840} INFO - DAG(s) 'tutorial_dag' retrieved from /home/ubuntu/.local/lib/python3.10/site-packages/airflow/example_dags/tutorial_dag.py
[2024-01-01T16:13:58.020+0100] {logging_mixin.py:188} INFO - [2024-01-01T16:13:58.020+0100] {dag.py:3033} INFO - Sync 1 DAGs
[2024-01-01T16:13:58.030+0100] {logging_mixin.py:188} INFO - [2024-01-01T16:13:58.030+0100] {dag.py:3820} INFO - Setting next_dagrun for tutorial_dag to None, run_after=None
[2024-01-01T16:13:58.045+0100] {processor.py:183} INFO - Processing /home/ubuntu/.local/lib/python3.10/site-packages/airflow/example_dags/tutorial_dag.py took 0.061 seconds
[2024-01-01T16:14:33.174+0100] {processor.py:161} INFO - Started process (PID=4954) to work on /home/ubuntu/.local/lib/python3.10/site-packages/airflow/example_dags/tutorial_dag.py
[2024-01-01T16:14:33.183+0100] {processor.py:830} INFO - Processing file /home/ubuntu/.local/lib/python3.10/site-packages/airflow/example_dags/tutorial_dag.py for tasks to queue
[2024-01-01T16:14:33.184+0100] {logging_mixin.py:188} INFO - [2024-01-01T16:14:33.184+0100] {dagbag.py:538} INFO - Filling up the DagBag from /home/ubuntu/.local/lib/python3.10/site-packages/airflow/example_dags/tutorial_dag.py
[2024-01-01T16:14:33.187+0100] {processor.py:840} INFO - DAG(s) 'tutorial_dag' retrieved from /home/ubuntu/.local/lib/python3.10/site-packages/airflow/example_dags/tutorial_dag.py
[2024-01-01T16:14:33.196+0100] {logging_mixin.py:188} INFO - [2024-01-01T16:14:33.196+0100] {dag.py:3033} INFO - Sync 1 DAGs
[2024-01-01T16:14:33.203+0100] {logging_mixin.py:188} INFO - [2024-01-01T16:14:33.202+0100] {dag.py:3820} INFO - Setting next_dagrun for tutorial_dag to None, run_after=None
[2024-01-01T16:14:33.226+0100] {processor.py:183} INFO - Processing /home/ubuntu/.local/lib/python3.10/site-packages/airflow/example_dags/tutorial_dag.py took 0.055 seconds
[2024-01-01T16:15:10.206+0100] {processor.py:161} INFO - Started process (PID=5015) to work on /home/ubuntu/.local/lib/python3.10/site-packages/airflow/example_dags/tutorial_dag.py
[2024-01-01T16:15:10.217+0100] {processor.py:830} INFO - Processing file /home/ubuntu/.local/lib/python3.10/site-packages/airflow/example_dags/tutorial_dag.py for tasks to queue
[2024-01-01T16:15:10.219+0100] {logging_mixin.py:188} INFO - [2024-01-01T16:15:10.218+0100] {dagbag.py:538} INFO - Filling up the DagBag from /home/ubuntu/.local/lib/python3.10/site-packages/airflow/example_dags/tutorial_dag.py
[2024-01-01T16:15:10.231+0100] {processor.py:840} INFO - DAG(s) 'tutorial_dag' retrieved from /home/ubuntu/.local/lib/python3.10/site-packages/airflow/example_dags/tutorial_dag.py
[2024-01-01T16:15:10.250+0100] {logging_mixin.py:188} INFO - [2024-01-01T16:15:10.250+0100] {dag.py:3033} INFO - Sync 1 DAGs
[2024-01-01T16:15:10.260+0100] {logging_mixin.py:188} INFO - [2024-01-01T16:15:10.260+0100] {dag.py:3820} INFO - Setting next_dagrun for tutorial_dag to None, run_after=None
[2024-01-01T16:15:10.275+0100] {processor.py:183} INFO - Processing /home/ubuntu/.local/lib/python3.10/site-packages/airflow/example_dags/tutorial_dag.py took 0.075 seconds
[2024-01-01T16:16:01.008+0100] {processor.py:161} INFO - Started process (PID=5153) to work on /home/ubuntu/.local/lib/python3.10/site-packages/airflow/example_dags/tutorial_dag.py
[2024-01-01T16:16:01.032+0100] {processor.py:830} INFO - Processing file /home/ubuntu/.local/lib/python3.10/site-packages/airflow/example_dags/tutorial_dag.py for tasks to queue
[2024-01-01T16:16:01.033+0100] {logging_mixin.py:188} INFO - [2024-01-01T16:16:01.033+0100] {dagbag.py:538} INFO - Filling up the DagBag from /home/ubuntu/.local/lib/python3.10/site-packages/airflow/example_dags/tutorial_dag.py
[2024-01-01T16:16:01.040+0100] {processor.py:840} INFO - DAG(s) 'tutorial_dag' retrieved from /home/ubuntu/.local/lib/python3.10/site-packages/airflow/example_dags/tutorial_dag.py
[2024-01-01T16:16:01.054+0100] {logging_mixin.py:188} INFO - [2024-01-01T16:16:01.054+0100] {dag.py:3033} INFO - Sync 1 DAGs
[2024-01-01T16:16:01.062+0100] {logging_mixin.py:188} INFO - [2024-01-01T16:16:01.062+0100] {dag.py:3820} INFO - Setting next_dagrun for tutorial_dag to None, run_after=None
[2024-01-01T16:16:01.079+0100] {processor.py:183} INFO - Processing /home/ubuntu/.local/lib/python3.10/site-packages/airflow/example_dags/tutorial_dag.py took 0.078 seconds
[2024-01-01T16:16:39.190+0100] {processor.py:161} INFO - Started process (PID=5214) to work on /home/ubuntu/.local/lib/python3.10/site-packages/airflow/example_dags/tutorial_dag.py
[2024-01-01T16:16:39.200+0100] {processor.py:830} INFO - Processing file /home/ubuntu/.local/lib/python3.10/site-packages/airflow/example_dags/tutorial_dag.py for tasks to queue
[2024-01-01T16:16:39.200+0100] {logging_mixin.py:188} INFO - [2024-01-01T16:16:39.200+0100] {dagbag.py:538} INFO - Filling up the DagBag from /home/ubuntu/.local/lib/python3.10/site-packages/airflow/example_dags/tutorial_dag.py
[2024-01-01T16:16:39.204+0100] {processor.py:840} INFO - DAG(s) 'tutorial_dag' retrieved from /home/ubuntu/.local/lib/python3.10/site-packages/airflow/example_dags/tutorial_dag.py
[2024-01-01T16:16:39.214+0100] {logging_mixin.py:188} INFO - [2024-01-01T16:16:39.214+0100] {dag.py:3033} INFO - Sync 1 DAGs
[2024-01-01T16:16:39.221+0100] {logging_mixin.py:188} INFO - [2024-01-01T16:16:39.221+0100] {dag.py:3820} INFO - Setting next_dagrun for tutorial_dag to None, run_after=None
[2024-01-01T16:16:39.238+0100] {processor.py:183} INFO - Processing /home/ubuntu/.local/lib/python3.10/site-packages/airflow/example_dags/tutorial_dag.py took 0.050 seconds
[2024-01-01T16:17:16.834+0100] {processor.py:161} INFO - Started process (PID=5262) to work on /home/ubuntu/.local/lib/python3.10/site-packages/airflow/example_dags/tutorial_dag.py
[2024-01-01T16:17:16.844+0100] {processor.py:830} INFO - Processing file /home/ubuntu/.local/lib/python3.10/site-packages/airflow/example_dags/tutorial_dag.py for tasks to queue
[2024-01-01T16:17:16.845+0100] {logging_mixin.py:188} INFO - [2024-01-01T16:17:16.845+0100] {dagbag.py:538} INFO - Filling up the DagBag from /home/ubuntu/.local/lib/python3.10/site-packages/airflow/example_dags/tutorial_dag.py
[2024-01-01T16:17:16.848+0100] {processor.py:840} INFO - DAG(s) 'tutorial_dag' retrieved from /home/ubuntu/.local/lib/python3.10/site-packages/airflow/example_dags/tutorial_dag.py
[2024-01-01T16:17:16.858+0100] {logging_mixin.py:188} INFO - [2024-01-01T16:17:16.857+0100] {dag.py:3033} INFO - Sync 1 DAGs
[2024-01-01T16:17:16.864+0100] {logging_mixin.py:188} INFO - [2024-01-01T16:17:16.864+0100] {dag.py:3820} INFO - Setting next_dagrun for tutorial_dag to None, run_after=None
[2024-01-01T16:17:16.881+0100] {processor.py:183} INFO - Processing /home/ubuntu/.local/lib/python3.10/site-packages/airflow/example_dags/tutorial_dag.py took 0.048 seconds
[2024-01-01T16:18:06.064+0100] {processor.py:161} INFO - Started process (PID=5326) to work on /home/ubuntu/.local/lib/python3.10/site-packages/airflow/example_dags/tutorial_dag.py
[2024-01-01T16:18:06.065+0100] {processor.py:830} INFO - Processing file /home/ubuntu/.local/lib/python3.10/site-packages/airflow/example_dags/tutorial_dag.py for tasks to queue
[2024-01-01T16:18:06.066+0100] {logging_mixin.py:188} INFO - [2024-01-01T16:18:06.065+0100] {dagbag.py:538} INFO - Filling up the DagBag from /home/ubuntu/.local/lib/python3.10/site-packages/airflow/example_dags/tutorial_dag.py
[2024-01-01T16:18:06.069+0100] {processor.py:840} INFO - DAG(s) 'tutorial_dag' retrieved from /home/ubuntu/.local/lib/python3.10/site-packages/airflow/example_dags/tutorial_dag.py
[2024-01-01T16:18:06.078+0100] {logging_mixin.py:188} INFO - [2024-01-01T16:18:06.078+0100] {dag.py:3033} INFO - Sync 1 DAGs
[2024-01-01T16:18:06.084+0100] {logging_mixin.py:188} INFO - [2024-01-01T16:18:06.084+0100] {dag.py:3820} INFO - Setting next_dagrun for tutorial_dag to None, run_after=None
[2024-01-01T16:18:06.109+0100] {processor.py:183} INFO - Processing /home/ubuntu/.local/lib/python3.10/site-packages/airflow/example_dags/tutorial_dag.py took 0.046 seconds
[2024-01-01T16:18:44.769+0100] {processor.py:161} INFO - Started process (PID=5375) to work on /home/ubuntu/.local/lib/python3.10/site-packages/airflow/example_dags/tutorial_dag.py
[2024-01-01T16:18:44.780+0100] {processor.py:830} INFO - Processing file /home/ubuntu/.local/lib/python3.10/site-packages/airflow/example_dags/tutorial_dag.py for tasks to queue
[2024-01-01T16:18:44.781+0100] {logging_mixin.py:188} INFO - [2024-01-01T16:18:44.780+0100] {dagbag.py:538} INFO - Filling up the DagBag from /home/ubuntu/.local/lib/python3.10/site-packages/airflow/example_dags/tutorial_dag.py
[2024-01-01T16:18:44.784+0100] {processor.py:840} INFO - DAG(s) 'tutorial_dag' retrieved from /home/ubuntu/.local/lib/python3.10/site-packages/airflow/example_dags/tutorial_dag.py
[2024-01-01T16:18:44.794+0100] {logging_mixin.py:188} INFO - [2024-01-01T16:18:44.793+0100] {dag.py:3033} INFO - Sync 1 DAGs
[2024-01-01T16:18:44.800+0100] {logging_mixin.py:188} INFO - [2024-01-01T16:18:44.800+0100] {dag.py:3820} INFO - Setting next_dagrun for tutorial_dag to None, run_after=None
[2024-01-01T16:18:44.814+0100] {processor.py:183} INFO - Processing /home/ubuntu/.local/lib/python3.10/site-packages/airflow/example_dags/tutorial_dag.py took 0.047 seconds
[2024-01-01T16:19:53.403+0100] {processor.py:161} INFO - Started process (PID=5557) to work on /home/ubuntu/.local/lib/python3.10/site-packages/airflow/example_dags/tutorial_dag.py
[2024-01-01T16:19:53.404+0100] {processor.py:830} INFO - Processing file /home/ubuntu/.local/lib/python3.10/site-packages/airflow/example_dags/tutorial_dag.py for tasks to queue
[2024-01-01T16:19:53.405+0100] {logging_mixin.py:188} INFO - [2024-01-01T16:19:53.404+0100] {dagbag.py:538} INFO - Filling up the DagBag from /home/ubuntu/.local/lib/python3.10/site-packages/airflow/example_dags/tutorial_dag.py
[2024-01-01T16:19:53.408+0100] {processor.py:840} INFO - DAG(s) 'tutorial_dag' retrieved from /home/ubuntu/.local/lib/python3.10/site-packages/airflow/example_dags/tutorial_dag.py
[2024-01-01T16:19:53.414+0100] {logging_mixin.py:188} INFO - [2024-01-01T16:19:53.413+0100] {dag.py:3033} INFO - Sync 1 DAGs
[2024-01-01T16:19:53.426+0100] {logging_mixin.py:188} INFO - [2024-01-01T16:19:53.426+0100] {dag.py:3820} INFO - Setting next_dagrun for tutorial_dag to None, run_after=None
[2024-01-01T16:19:53.444+0100] {processor.py:183} INFO - Processing /home/ubuntu/.local/lib/python3.10/site-packages/airflow/example_dags/tutorial_dag.py took 0.043 seconds
[2024-01-01T16:20:44.449+0100] {processor.py:161} INFO - Started process (PID=5733) to work on /home/ubuntu/.local/lib/python3.10/site-packages/airflow/example_dags/tutorial_dag.py
[2024-01-01T16:20:44.459+0100] {processor.py:830} INFO - Processing file /home/ubuntu/.local/lib/python3.10/site-packages/airflow/example_dags/tutorial_dag.py for tasks to queue
[2024-01-01T16:20:44.460+0100] {logging_mixin.py:188} INFO - [2024-01-01T16:20:44.459+0100] {dagbag.py:538} INFO - Filling up the DagBag from /home/ubuntu/.local/lib/python3.10/site-packages/airflow/example_dags/tutorial_dag.py
[2024-01-01T16:20:44.465+0100] {processor.py:840} INFO - DAG(s) 'tutorial_dag' retrieved from /home/ubuntu/.local/lib/python3.10/site-packages/airflow/example_dags/tutorial_dag.py
[2024-01-01T16:20:44.529+0100] {logging_mixin.py:188} INFO - [2024-01-01T16:20:44.529+0100] {dag.py:3033} INFO - Sync 1 DAGs
[2024-01-01T16:20:44.535+0100] {logging_mixin.py:188} INFO - [2024-01-01T16:20:44.535+0100] {dag.py:3820} INFO - Setting next_dagrun for tutorial_dag to None, run_after=None
[2024-01-01T16:20:44.549+0100] {processor.py:183} INFO - Processing /home/ubuntu/.local/lib/python3.10/site-packages/airflow/example_dags/tutorial_dag.py took 0.103 seconds
[2024-01-01T16:21:27.087+0100] {processor.py:161} INFO - Started process (PID=5846) to work on /home/ubuntu/.local/lib/python3.10/site-packages/airflow/example_dags/tutorial_dag.py
[2024-01-01T16:21:27.092+0100] {processor.py:830} INFO - Processing file /home/ubuntu/.local/lib/python3.10/site-packages/airflow/example_dags/tutorial_dag.py for tasks to queue
[2024-01-01T16:21:27.094+0100] {logging_mixin.py:188} INFO - [2024-01-01T16:21:27.093+0100] {dagbag.py:538} INFO - Filling up the DagBag from /home/ubuntu/.local/lib/python3.10/site-packages/airflow/example_dags/tutorial_dag.py
[2024-01-01T16:21:27.107+0100] {processor.py:840} INFO - DAG(s) 'tutorial_dag' retrieved from /home/ubuntu/.local/lib/python3.10/site-packages/airflow/example_dags/tutorial_dag.py
[2024-01-01T16:21:27.133+0100] {logging_mixin.py:188} INFO - [2024-01-01T16:21:27.133+0100] {dag.py:3033} INFO - Sync 1 DAGs
[2024-01-01T16:21:27.143+0100] {logging_mixin.py:188} INFO - [2024-01-01T16:21:27.143+0100] {dag.py:3820} INFO - Setting next_dagrun for tutorial_dag to None, run_after=None
[2024-01-01T16:21:27.159+0100] {processor.py:183} INFO - Processing /home/ubuntu/.local/lib/python3.10/site-packages/airflow/example_dags/tutorial_dag.py took 0.074 seconds
[2024-01-01T16:23:08.232+0100] {processor.py:161} INFO - Started process (PID=5938) to work on /home/ubuntu/.local/lib/python3.10/site-packages/airflow/example_dags/tutorial_dag.py
[2024-01-01T16:23:08.242+0100] {processor.py:830} INFO - Processing file /home/ubuntu/.local/lib/python3.10/site-packages/airflow/example_dags/tutorial_dag.py for tasks to queue
[2024-01-01T16:23:08.243+0100] {logging_mixin.py:188} INFO - [2024-01-01T16:23:08.243+0100] {dagbag.py:538} INFO - Filling up the DagBag from /home/ubuntu/.local/lib/python3.10/site-packages/airflow/example_dags/tutorial_dag.py
[2024-01-01T16:23:08.246+0100] {processor.py:840} INFO - DAG(s) 'tutorial_dag' retrieved from /home/ubuntu/.local/lib/python3.10/site-packages/airflow/example_dags/tutorial_dag.py
[2024-01-01T16:23:08.250+0100] {logging_mixin.py:188} INFO - [2024-01-01T16:23:08.250+0100] {dag.py:3033} INFO - Sync 1 DAGs
[2024-01-01T16:23:08.257+0100] {logging_mixin.py:188} INFO - [2024-01-01T16:23:08.257+0100] {dag.py:3820} INFO - Setting next_dagrun for tutorial_dag to None, run_after=None
[2024-01-01T16:23:08.272+0100] {processor.py:183} INFO - Processing /home/ubuntu/.local/lib/python3.10/site-packages/airflow/example_dags/tutorial_dag.py took 0.041 seconds
[2024-01-01T16:24:07.178+0100] {processor.py:161} INFO - Started process (PID=6017) to work on /home/ubuntu/.local/lib/python3.10/site-packages/airflow/example_dags/tutorial_dag.py
[2024-01-01T16:24:07.180+0100] {processor.py:830} INFO - Processing file /home/ubuntu/.local/lib/python3.10/site-packages/airflow/example_dags/tutorial_dag.py for tasks to queue
[2024-01-01T16:24:07.181+0100] {logging_mixin.py:188} INFO - [2024-01-01T16:24:07.181+0100] {dagbag.py:538} INFO - Filling up the DagBag from /home/ubuntu/.local/lib/python3.10/site-packages/airflow/example_dags/tutorial_dag.py
[2024-01-01T16:24:07.184+0100] {processor.py:840} INFO - DAG(s) 'tutorial_dag' retrieved from /home/ubuntu/.local/lib/python3.10/site-packages/airflow/example_dags/tutorial_dag.py
[2024-01-01T16:24:07.239+0100] {logging_mixin.py:188} INFO - [2024-01-01T16:24:07.238+0100] {dag.py:3033} INFO - Sync 1 DAGs
[2024-01-01T16:24:07.244+0100] {logging_mixin.py:188} INFO - [2024-01-01T16:24:07.244+0100] {dag.py:3820} INFO - Setting next_dagrun for tutorial_dag to None, run_after=None
[2024-01-01T16:24:07.259+0100] {processor.py:183} INFO - Processing /home/ubuntu/.local/lib/python3.10/site-packages/airflow/example_dags/tutorial_dag.py took 0.082 seconds
[2024-01-01T16:24:55.350+0100] {processor.py:161} INFO - Started process (PID=6202) to work on /home/ubuntu/.local/lib/python3.10/site-packages/airflow/example_dags/tutorial_dag.py
[2024-01-01T16:24:55.361+0100] {processor.py:830} INFO - Processing file /home/ubuntu/.local/lib/python3.10/site-packages/airflow/example_dags/tutorial_dag.py for tasks to queue
[2024-01-01T16:24:55.363+0100] {logging_mixin.py:188} INFO - [2024-01-01T16:24:55.363+0100] {dagbag.py:538} INFO - Filling up the DagBag from /home/ubuntu/.local/lib/python3.10/site-packages/airflow/example_dags/tutorial_dag.py
[2024-01-01T16:24:55.375+0100] {processor.py:840} INFO - DAG(s) 'tutorial_dag' retrieved from /home/ubuntu/.local/lib/python3.10/site-packages/airflow/example_dags/tutorial_dag.py
[2024-01-01T16:24:55.395+0100] {logging_mixin.py:188} INFO - [2024-01-01T16:24:55.395+0100] {dag.py:3033} INFO - Sync 1 DAGs
[2024-01-01T16:24:55.404+0100] {logging_mixin.py:188} INFO - [2024-01-01T16:24:55.404+0100] {dag.py:3820} INFO - Setting next_dagrun for tutorial_dag to None, run_after=None
[2024-01-01T16:24:55.422+0100] {processor.py:183} INFO - Processing /home/ubuntu/.local/lib/python3.10/site-packages/airflow/example_dags/tutorial_dag.py took 0.080 seconds
[2024-01-01T16:25:42.692+0100] {processor.py:161} INFO - Started process (PID=6317) to work on /home/ubuntu/.local/lib/python3.10/site-packages/airflow/example_dags/tutorial_dag.py
[2024-01-01T16:25:42.702+0100] {processor.py:830} INFO - Processing file /home/ubuntu/.local/lib/python3.10/site-packages/airflow/example_dags/tutorial_dag.py for tasks to queue
[2024-01-01T16:25:42.703+0100] {logging_mixin.py:188} INFO - [2024-01-01T16:25:42.703+0100] {dagbag.py:538} INFO - Filling up the DagBag from /home/ubuntu/.local/lib/python3.10/site-packages/airflow/example_dags/tutorial_dag.py
[2024-01-01T16:25:42.707+0100] {processor.py:840} INFO - DAG(s) 'tutorial_dag' retrieved from /home/ubuntu/.local/lib/python3.10/site-packages/airflow/example_dags/tutorial_dag.py
[2024-01-01T16:25:42.716+0100] {logging_mixin.py:188} INFO - [2024-01-01T16:25:42.716+0100] {dag.py:3033} INFO - Sync 1 DAGs
[2024-01-01T16:25:42.722+0100] {logging_mixin.py:188} INFO - [2024-01-01T16:25:42.722+0100] {dag.py:3820} INFO - Setting next_dagrun for tutorial_dag to None, run_after=None
[2024-01-01T16:25:42.737+0100] {processor.py:183} INFO - Processing /home/ubuntu/.local/lib/python3.10/site-packages/airflow/example_dags/tutorial_dag.py took 0.046 seconds
[2024-01-01T16:26:22.115+0100] {processor.py:161} INFO - Started process (PID=6368) to work on /home/ubuntu/.local/lib/python3.10/site-packages/airflow/example_dags/tutorial_dag.py
[2024-01-01T16:26:22.117+0100] {processor.py:830} INFO - Processing file /home/ubuntu/.local/lib/python3.10/site-packages/airflow/example_dags/tutorial_dag.py for tasks to queue
[2024-01-01T16:26:22.119+0100] {logging_mixin.py:188} INFO - [2024-01-01T16:26:22.118+0100] {dagbag.py:538} INFO - Filling up the DagBag from /home/ubuntu/.local/lib/python3.10/site-packages/airflow/example_dags/tutorial_dag.py
[2024-01-01T16:26:22.132+0100] {processor.py:840} INFO - DAG(s) 'tutorial_dag' retrieved from /home/ubuntu/.local/lib/python3.10/site-packages/airflow/example_dags/tutorial_dag.py
[2024-01-01T16:26:22.151+0100] {logging_mixin.py:188} INFO - [2024-01-01T16:26:22.150+0100] {dag.py:3033} INFO - Sync 1 DAGs
[2024-01-01T16:26:22.160+0100] {logging_mixin.py:188} INFO - [2024-01-01T16:26:22.160+0100] {dag.py:3820} INFO - Setting next_dagrun for tutorial_dag to None, run_after=None
[2024-01-01T16:26:22.184+0100] {processor.py:183} INFO - Processing /home/ubuntu/.local/lib/python3.10/site-packages/airflow/example_dags/tutorial_dag.py took 0.076 seconds
[2024-01-01T16:26:58.814+0100] {processor.py:161} INFO - Started process (PID=6525) to work on /home/ubuntu/.local/lib/python3.10/site-packages/airflow/example_dags/tutorial_dag.py
[2024-01-01T16:26:58.824+0100] {processor.py:830} INFO - Processing file /home/ubuntu/.local/lib/python3.10/site-packages/airflow/example_dags/tutorial_dag.py for tasks to queue
[2024-01-01T16:26:58.826+0100] {logging_mixin.py:188} INFO - [2024-01-01T16:26:58.825+0100] {dagbag.py:538} INFO - Filling up the DagBag from /home/ubuntu/.local/lib/python3.10/site-packages/airflow/example_dags/tutorial_dag.py
[2024-01-01T16:26:58.835+0100] {processor.py:840} INFO - DAG(s) 'tutorial_dag' retrieved from /home/ubuntu/.local/lib/python3.10/site-packages/airflow/example_dags/tutorial_dag.py
[2024-01-01T16:26:58.856+0100] {logging_mixin.py:188} INFO - [2024-01-01T16:26:58.855+0100] {dag.py:3033} INFO - Sync 1 DAGs
[2024-01-01T16:26:58.865+0100] {logging_mixin.py:188} INFO - [2024-01-01T16:26:58.865+0100] {dag.py:3820} INFO - Setting next_dagrun for tutorial_dag to None, run_after=None
[2024-01-01T16:26:58.885+0100] {processor.py:183} INFO - Processing /home/ubuntu/.local/lib/python3.10/site-packages/airflow/example_dags/tutorial_dag.py took 0.077 seconds
[2024-01-01T16:27:47.833+0100] {processor.py:161} INFO - Started process (PID=6616) to work on /home/ubuntu/.local/lib/python3.10/site-packages/airflow/example_dags/tutorial_dag.py
[2024-01-01T16:27:47.834+0100] {processor.py:830} INFO - Processing file /home/ubuntu/.local/lib/python3.10/site-packages/airflow/example_dags/tutorial_dag.py for tasks to queue
[2024-01-01T16:27:47.835+0100] {logging_mixin.py:188} INFO - [2024-01-01T16:27:47.834+0100] {dagbag.py:538} INFO - Filling up the DagBag from /home/ubuntu/.local/lib/python3.10/site-packages/airflow/example_dags/tutorial_dag.py
[2024-01-01T16:27:47.838+0100] {processor.py:840} INFO - DAG(s) 'tutorial_dag' retrieved from /home/ubuntu/.local/lib/python3.10/site-packages/airflow/example_dags/tutorial_dag.py
[2024-01-01T16:27:47.851+0100] {logging_mixin.py:188} INFO - [2024-01-01T16:27:47.851+0100] {dag.py:3033} INFO - Sync 1 DAGs
[2024-01-01T16:27:47.861+0100] {logging_mixin.py:188} INFO - [2024-01-01T16:27:47.861+0100] {dag.py:3820} INFO - Setting next_dagrun for tutorial_dag to None, run_after=None
[2024-01-01T16:27:47.889+0100] {processor.py:183} INFO - Processing /home/ubuntu/.local/lib/python3.10/site-packages/airflow/example_dags/tutorial_dag.py took 0.058 seconds
[2024-01-01T16:28:40.681+0100] {processor.py:161} INFO - Started process (PID=6777) to work on /home/ubuntu/.local/lib/python3.10/site-packages/airflow/example_dags/tutorial_dag.py
[2024-01-01T16:28:40.691+0100] {processor.py:830} INFO - Processing file /home/ubuntu/.local/lib/python3.10/site-packages/airflow/example_dags/tutorial_dag.py for tasks to queue
[2024-01-01T16:28:40.692+0100] {logging_mixin.py:188} INFO - [2024-01-01T16:28:40.692+0100] {dagbag.py:538} INFO - Filling up the DagBag from /home/ubuntu/.local/lib/python3.10/site-packages/airflow/example_dags/tutorial_dag.py
[2024-01-01T16:28:40.698+0100] {processor.py:840} INFO - DAG(s) 'tutorial_dag' retrieved from /home/ubuntu/.local/lib/python3.10/site-packages/airflow/example_dags/tutorial_dag.py
[2024-01-01T16:28:40.715+0100] {logging_mixin.py:188} INFO - [2024-01-01T16:28:40.715+0100] {dag.py:3033} INFO - Sync 1 DAGs
[2024-01-01T16:28:40.723+0100] {logging_mixin.py:188} INFO - [2024-01-01T16:28:40.723+0100] {dag.py:3820} INFO - Setting next_dagrun for tutorial_dag to None, run_after=None
[2024-01-01T16:28:40.738+0100] {processor.py:183} INFO - Processing /home/ubuntu/.local/lib/python3.10/site-packages/airflow/example_dags/tutorial_dag.py took 0.061 seconds
[2024-01-01T16:29:17.136+0100] {processor.py:161} INFO - Started process (PID=6825) to work on /home/ubuntu/.local/lib/python3.10/site-packages/airflow/example_dags/tutorial_dag.py
[2024-01-01T16:29:17.139+0100] {processor.py:830} INFO - Processing file /home/ubuntu/.local/lib/python3.10/site-packages/airflow/example_dags/tutorial_dag.py for tasks to queue
[2024-01-01T16:29:17.140+0100] {logging_mixin.py:188} INFO - [2024-01-01T16:29:17.140+0100] {dagbag.py:538} INFO - Filling up the DagBag from /home/ubuntu/.local/lib/python3.10/site-packages/airflow/example_dags/tutorial_dag.py
[2024-01-01T16:29:17.152+0100] {processor.py:840} INFO - DAG(s) 'tutorial_dag' retrieved from /home/ubuntu/.local/lib/python3.10/site-packages/airflow/example_dags/tutorial_dag.py
[2024-01-01T16:29:17.170+0100] {logging_mixin.py:188} INFO - [2024-01-01T16:29:17.170+0100] {dag.py:3033} INFO - Sync 1 DAGs
[2024-01-01T16:29:17.178+0100] {logging_mixin.py:188} INFO - [2024-01-01T16:29:17.178+0100] {dag.py:3820} INFO - Setting next_dagrun for tutorial_dag to None, run_after=None
[2024-01-01T16:29:17.203+0100] {processor.py:183} INFO - Processing /home/ubuntu/.local/lib/python3.10/site-packages/airflow/example_dags/tutorial_dag.py took 0.074 seconds
[2024-01-01T16:29:54.285+0100] {processor.py:161} INFO - Started process (PID=6906) to work on /home/ubuntu/.local/lib/python3.10/site-packages/airflow/example_dags/tutorial_dag.py
[2024-01-01T16:29:54.287+0100] {processor.py:830} INFO - Processing file /home/ubuntu/.local/lib/python3.10/site-packages/airflow/example_dags/tutorial_dag.py for tasks to queue
[2024-01-01T16:29:54.288+0100] {logging_mixin.py:188} INFO - [2024-01-01T16:29:54.288+0100] {dagbag.py:538} INFO - Filling up the DagBag from /home/ubuntu/.local/lib/python3.10/site-packages/airflow/example_dags/tutorial_dag.py
[2024-01-01T16:29:54.294+0100] {processor.py:840} INFO - DAG(s) 'tutorial_dag' retrieved from /home/ubuntu/.local/lib/python3.10/site-packages/airflow/example_dags/tutorial_dag.py
[2024-01-01T16:29:54.308+0100] {logging_mixin.py:188} INFO - [2024-01-01T16:29:54.307+0100] {dag.py:3033} INFO - Sync 1 DAGs
[2024-01-01T16:29:54.316+0100] {logging_mixin.py:188} INFO - [2024-01-01T16:29:54.315+0100] {dag.py:3820} INFO - Setting next_dagrun for tutorial_dag to None, run_after=None
[2024-01-01T16:29:54.344+0100] {processor.py:183} INFO - Processing /home/ubuntu/.local/lib/python3.10/site-packages/airflow/example_dags/tutorial_dag.py took 0.063 seconds
[2024-01-01T16:30:45.098+0100] {processor.py:161} INFO - Started process (PID=7022) to work on /home/ubuntu/.local/lib/python3.10/site-packages/airflow/example_dags/tutorial_dag.py
[2024-01-01T16:30:45.108+0100] {processor.py:830} INFO - Processing file /home/ubuntu/.local/lib/python3.10/site-packages/airflow/example_dags/tutorial_dag.py for tasks to queue
[2024-01-01T16:30:45.109+0100] {logging_mixin.py:188} INFO - [2024-01-01T16:30:45.109+0100] {dagbag.py:538} INFO - Filling up the DagBag from /home/ubuntu/.local/lib/python3.10/site-packages/airflow/example_dags/tutorial_dag.py
[2024-01-01T16:30:45.114+0100] {processor.py:840} INFO - DAG(s) 'tutorial_dag' retrieved from /home/ubuntu/.local/lib/python3.10/site-packages/airflow/example_dags/tutorial_dag.py
[2024-01-01T16:30:45.129+0100] {logging_mixin.py:188} INFO - [2024-01-01T16:30:45.129+0100] {dag.py:3033} INFO - Sync 1 DAGs
[2024-01-01T16:30:45.141+0100] {logging_mixin.py:188} INFO - [2024-01-01T16:30:45.141+0100] {dag.py:3820} INFO - Setting next_dagrun for tutorial_dag to None, run_after=None
[2024-01-01T16:30:45.162+0100] {processor.py:183} INFO - Processing /home/ubuntu/.local/lib/python3.10/site-packages/airflow/example_dags/tutorial_dag.py took 0.067 seconds
[2024-01-01T16:31:21.615+0100] {processor.py:161} INFO - Started process (PID=7087) to work on /home/ubuntu/.local/lib/python3.10/site-packages/airflow/example_dags/tutorial_dag.py
[2024-01-01T16:31:21.616+0100] {processor.py:830} INFO - Processing file /home/ubuntu/.local/lib/python3.10/site-packages/airflow/example_dags/tutorial_dag.py for tasks to queue
[2024-01-01T16:31:21.617+0100] {logging_mixin.py:188} INFO - [2024-01-01T16:31:21.617+0100] {dagbag.py:538} INFO - Filling up the DagBag from /home/ubuntu/.local/lib/python3.10/site-packages/airflow/example_dags/tutorial_dag.py
[2024-01-01T16:31:21.622+0100] {processor.py:840} INFO - DAG(s) 'tutorial_dag' retrieved from /home/ubuntu/.local/lib/python3.10/site-packages/airflow/example_dags/tutorial_dag.py
[2024-01-01T16:31:21.637+0100] {logging_mixin.py:188} INFO - [2024-01-01T16:31:21.636+0100] {dag.py:3033} INFO - Sync 1 DAGs
[2024-01-01T16:31:21.649+0100] {logging_mixin.py:188} INFO - [2024-01-01T16:31:21.649+0100] {dag.py:3820} INFO - Setting next_dagrun for tutorial_dag to None, run_after=None
[2024-01-01T16:31:21.690+0100] {processor.py:183} INFO - Processing /home/ubuntu/.local/lib/python3.10/site-packages/airflow/example_dags/tutorial_dag.py took 0.078 seconds
[2024-01-01T16:32:13.841+0100] {processor.py:161} INFO - Started process (PID=7218) to work on /home/ubuntu/.local/lib/python3.10/site-packages/airflow/example_dags/tutorial_dag.py
[2024-01-01T16:32:13.842+0100] {processor.py:830} INFO - Processing file /home/ubuntu/.local/lib/python3.10/site-packages/airflow/example_dags/tutorial_dag.py for tasks to queue
[2024-01-01T16:32:13.849+0100] {logging_mixin.py:188} INFO - [2024-01-01T16:32:13.844+0100] {dagbag.py:538} INFO - Filling up the DagBag from /home/ubuntu/.local/lib/python3.10/site-packages/airflow/example_dags/tutorial_dag.py
[2024-01-01T16:32:13.860+0100] {processor.py:840} INFO - DAG(s) 'tutorial_dag' retrieved from /home/ubuntu/.local/lib/python3.10/site-packages/airflow/example_dags/tutorial_dag.py
[2024-01-01T16:32:13.883+0100] {logging_mixin.py:188} INFO - [2024-01-01T16:32:13.883+0100] {dag.py:3033} INFO - Sync 1 DAGs
[2024-01-01T16:32:13.902+0100] {logging_mixin.py:188} INFO - [2024-01-01T16:32:13.902+0100] {dag.py:3820} INFO - Setting next_dagrun for tutorial_dag to None, run_after=None
[2024-01-01T16:32:13.928+0100] {processor.py:183} INFO - Processing /home/ubuntu/.local/lib/python3.10/site-packages/airflow/example_dags/tutorial_dag.py took 0.090 seconds
[2024-01-01T16:32:53.023+0100] {processor.py:161} INFO - Started process (PID=7317) to work on /home/ubuntu/.local/lib/python3.10/site-packages/airflow/example_dags/tutorial_dag.py
[2024-01-01T16:32:53.024+0100] {processor.py:830} INFO - Processing file /home/ubuntu/.local/lib/python3.10/site-packages/airflow/example_dags/tutorial_dag.py for tasks to queue
[2024-01-01T16:32:53.026+0100] {logging_mixin.py:188} INFO - [2024-01-01T16:32:53.025+0100] {dagbag.py:538} INFO - Filling up the DagBag from /home/ubuntu/.local/lib/python3.10/site-packages/airflow/example_dags/tutorial_dag.py
[2024-01-01T16:32:53.040+0100] {processor.py:840} INFO - DAG(s) 'tutorial_dag' retrieved from /home/ubuntu/.local/lib/python3.10/site-packages/airflow/example_dags/tutorial_dag.py
[2024-01-01T16:32:53.058+0100] {logging_mixin.py:188} INFO - [2024-01-01T16:32:53.058+0100] {dag.py:3033} INFO - Sync 1 DAGs
[2024-01-01T16:32:53.087+0100] {logging_mixin.py:188} INFO - [2024-01-01T16:32:53.086+0100] {dag.py:3820} INFO - Setting next_dagrun for tutorial_dag to None, run_after=None
[2024-01-01T16:32:53.110+0100] {processor.py:183} INFO - Processing /home/ubuntu/.local/lib/python3.10/site-packages/airflow/example_dags/tutorial_dag.py took 0.089 seconds
[2024-01-01T16:33:38.676+0100] {processor.py:161} INFO - Started process (PID=7454) to work on /home/ubuntu/.local/lib/python3.10/site-packages/airflow/example_dags/tutorial_dag.py
[2024-01-01T16:33:38.686+0100] {processor.py:830} INFO - Processing file /home/ubuntu/.local/lib/python3.10/site-packages/airflow/example_dags/tutorial_dag.py for tasks to queue
[2024-01-01T16:33:38.687+0100] {logging_mixin.py:188} INFO - [2024-01-01T16:33:38.687+0100] {dagbag.py:538} INFO - Filling up the DagBag from /home/ubuntu/.local/lib/python3.10/site-packages/airflow/example_dags/tutorial_dag.py
[2024-01-01T16:33:38.691+0100] {processor.py:840} INFO - DAG(s) 'tutorial_dag' retrieved from /home/ubuntu/.local/lib/python3.10/site-packages/airflow/example_dags/tutorial_dag.py
[2024-01-01T16:33:38.703+0100] {logging_mixin.py:188} INFO - [2024-01-01T16:33:38.703+0100] {dag.py:3033} INFO - Sync 1 DAGs
[2024-01-01T16:33:38.712+0100] {logging_mixin.py:188} INFO - [2024-01-01T16:33:38.712+0100] {dag.py:3820} INFO - Setting next_dagrun for tutorial_dag to None, run_after=None
[2024-01-01T16:33:38.728+0100] {processor.py:183} INFO - Processing /home/ubuntu/.local/lib/python3.10/site-packages/airflow/example_dags/tutorial_dag.py took 0.054 seconds
[2024-01-01T16:34:19.082+0100] {processor.py:161} INFO - Started process (PID=7601) to work on /home/ubuntu/.local/lib/python3.10/site-packages/airflow/example_dags/tutorial_dag.py
[2024-01-01T16:34:19.083+0100] {processor.py:830} INFO - Processing file /home/ubuntu/.local/lib/python3.10/site-packages/airflow/example_dags/tutorial_dag.py for tasks to queue
[2024-01-01T16:34:19.084+0100] {logging_mixin.py:188} INFO - [2024-01-01T16:34:19.084+0100] {dagbag.py:538} INFO - Filling up the DagBag from /home/ubuntu/.local/lib/python3.10/site-packages/airflow/example_dags/tutorial_dag.py
[2024-01-01T16:34:19.091+0100] {processor.py:840} INFO - DAG(s) 'tutorial_dag' retrieved from /home/ubuntu/.local/lib/python3.10/site-packages/airflow/example_dags/tutorial_dag.py
[2024-01-01T16:34:19.106+0100] {logging_mixin.py:188} INFO - [2024-01-01T16:34:19.106+0100] {dag.py:3033} INFO - Sync 1 DAGs
[2024-01-01T16:34:19.119+0100] {logging_mixin.py:188} INFO - [2024-01-01T16:34:19.119+0100] {dag.py:3820} INFO - Setting next_dagrun for tutorial_dag to None, run_after=None
[2024-01-01T16:34:19.138+0100] {processor.py:183} INFO - Processing /home/ubuntu/.local/lib/python3.10/site-packages/airflow/example_dags/tutorial_dag.py took 0.060 seconds
