[2023-12-31T13:59:13.169+0100] {processor.py:161} INFO - Started process (PID=12413) to work on /home/ubuntu/.local/lib/python3.10/site-packages/airflow/example_dags/plugins/listener_plugin.py
[2023-12-31T13:59:13.170+0100] {processor.py:830} INFO - Processing file /home/ubuntu/.local/lib/python3.10/site-packages/airflow/example_dags/plugins/listener_plugin.py for tasks to queue
[2023-12-31T13:59:13.172+0100] {logging_mixin.py:188} INFO - [2023-12-31T13:59:13.171+0100] {dagbag.py:538} INFO - Filling up the DagBag from /home/ubuntu/.local/lib/python3.10/site-packages/airflow/example_dags/plugins/listener_plugin.py
[2023-12-31T13:59:13.187+0100] {processor.py:842} WARNING - No viable dags retrieved from /home/ubuntu/.local/lib/python3.10/site-packages/airflow/example_dags/plugins/listener_plugin.py
[2023-12-31T13:59:13.210+0100] {processor.py:183} INFO - Processing /home/ubuntu/.local/lib/python3.10/site-packages/airflow/example_dags/plugins/listener_plugin.py took 0.047 seconds
[2023-12-31T14:00:01.696+0100] {processor.py:161} INFO - Started process (PID=12808) to work on /home/ubuntu/.local/lib/python3.10/site-packages/airflow/example_dags/plugins/listener_plugin.py
[2023-12-31T14:00:01.698+0100] {processor.py:830} INFO - Processing file /home/ubuntu/.local/lib/python3.10/site-packages/airflow/example_dags/plugins/listener_plugin.py for tasks to queue
[2023-12-31T14:00:01.716+0100] {logging_mixin.py:188} INFO - [2023-12-31T14:00:01.706+0100] {dagbag.py:538} INFO - Filling up the DagBag from /home/ubuntu/.local/lib/python3.10/site-packages/airflow/example_dags/plugins/listener_plugin.py
[2023-12-31T14:00:01.749+0100] {processor.py:842} WARNING - No viable dags retrieved from /home/ubuntu/.local/lib/python3.10/site-packages/airflow/example_dags/plugins/listener_plugin.py
[2023-12-31T14:00:01.764+0100] {processor.py:183} INFO - Processing /home/ubuntu/.local/lib/python3.10/site-packages/airflow/example_dags/plugins/listener_plugin.py took 0.072 seconds
[2023-12-31T14:00:44.725+0100] {processor.py:161} INFO - Started process (PID=13332) to work on /home/ubuntu/.local/lib/python3.10/site-packages/airflow/example_dags/plugins/listener_plugin.py
[2023-12-31T14:00:44.727+0100] {processor.py:830} INFO - Processing file /home/ubuntu/.local/lib/python3.10/site-packages/airflow/example_dags/plugins/listener_plugin.py for tasks to queue
[2023-12-31T14:00:44.728+0100] {logging_mixin.py:188} INFO - [2023-12-31T14:00:44.727+0100] {dagbag.py:538} INFO - Filling up the DagBag from /home/ubuntu/.local/lib/python3.10/site-packages/airflow/example_dags/plugins/listener_plugin.py
[2023-12-31T14:00:44.731+0100] {processor.py:842} WARNING - No viable dags retrieved from /home/ubuntu/.local/lib/python3.10/site-packages/airflow/example_dags/plugins/listener_plugin.py
[2023-12-31T14:00:44.739+0100] {processor.py:183} INFO - Processing /home/ubuntu/.local/lib/python3.10/site-packages/airflow/example_dags/plugins/listener_plugin.py took 0.018 seconds
[2023-12-31T14:01:22.958+0100] {processor.py:161} INFO - Started process (PID=13571) to work on /home/ubuntu/.local/lib/python3.10/site-packages/airflow/example_dags/plugins/listener_plugin.py
[2023-12-31T14:01:22.963+0100] {processor.py:830} INFO - Processing file /home/ubuntu/.local/lib/python3.10/site-packages/airflow/example_dags/plugins/listener_plugin.py for tasks to queue
[2023-12-31T14:01:22.964+0100] {logging_mixin.py:188} INFO - [2023-12-31T14:01:22.964+0100] {dagbag.py:538} INFO - Filling up the DagBag from /home/ubuntu/.local/lib/python3.10/site-packages/airflow/example_dags/plugins/listener_plugin.py
[2023-12-31T14:01:22.967+0100] {processor.py:842} WARNING - No viable dags retrieved from /home/ubuntu/.local/lib/python3.10/site-packages/airflow/example_dags/plugins/listener_plugin.py
[2023-12-31T14:01:22.979+0100] {processor.py:183} INFO - Processing /home/ubuntu/.local/lib/python3.10/site-packages/airflow/example_dags/plugins/listener_plugin.py took 0.024 seconds
[2023-12-31T14:02:17.363+0100] {processor.py:161} INFO - Started process (PID=13820) to work on /home/ubuntu/.local/lib/python3.10/site-packages/airflow/example_dags/plugins/listener_plugin.py
[2023-12-31T14:02:17.364+0100] {processor.py:830} INFO - Processing file /home/ubuntu/.local/lib/python3.10/site-packages/airflow/example_dags/plugins/listener_plugin.py for tasks to queue
[2023-12-31T14:02:17.366+0100] {logging_mixin.py:188} INFO - [2023-12-31T14:02:17.365+0100] {dagbag.py:538} INFO - Filling up the DagBag from /home/ubuntu/.local/lib/python3.10/site-packages/airflow/example_dags/plugins/listener_plugin.py
[2023-12-31T14:02:17.368+0100] {processor.py:842} WARNING - No viable dags retrieved from /home/ubuntu/.local/lib/python3.10/site-packages/airflow/example_dags/plugins/listener_plugin.py
[2023-12-31T14:02:17.378+0100] {processor.py:183} INFO - Processing /home/ubuntu/.local/lib/python3.10/site-packages/airflow/example_dags/plugins/listener_plugin.py took 0.019 seconds
[2023-12-31T14:03:08.948+0100] {processor.py:161} INFO - Started process (PID=13977) to work on /home/ubuntu/.local/lib/python3.10/site-packages/airflow/example_dags/plugins/listener_plugin.py
[2023-12-31T14:03:08.950+0100] {processor.py:830} INFO - Processing file /home/ubuntu/.local/lib/python3.10/site-packages/airflow/example_dags/plugins/listener_plugin.py for tasks to queue
[2023-12-31T14:03:08.951+0100] {logging_mixin.py:188} INFO - [2023-12-31T14:03:08.950+0100] {dagbag.py:538} INFO - Filling up the DagBag from /home/ubuntu/.local/lib/python3.10/site-packages/airflow/example_dags/plugins/listener_plugin.py
[2023-12-31T14:03:08.954+0100] {processor.py:842} WARNING - No viable dags retrieved from /home/ubuntu/.local/lib/python3.10/site-packages/airflow/example_dags/plugins/listener_plugin.py
[2023-12-31T14:03:08.964+0100] {processor.py:183} INFO - Processing /home/ubuntu/.local/lib/python3.10/site-packages/airflow/example_dags/plugins/listener_plugin.py took 0.020 seconds
[2023-12-31T14:03:46.412+0100] {processor.py:161} INFO - Started process (PID=14325) to work on /home/ubuntu/.local/lib/python3.10/site-packages/airflow/example_dags/plugins/listener_plugin.py
[2023-12-31T14:03:46.421+0100] {processor.py:830} INFO - Processing file /home/ubuntu/.local/lib/python3.10/site-packages/airflow/example_dags/plugins/listener_plugin.py for tasks to queue
[2023-12-31T14:03:46.423+0100] {logging_mixin.py:188} INFO - [2023-12-31T14:03:46.422+0100] {dagbag.py:538} INFO - Filling up the DagBag from /home/ubuntu/.local/lib/python3.10/site-packages/airflow/example_dags/plugins/listener_plugin.py
[2023-12-31T14:03:46.427+0100] {processor.py:842} WARNING - No viable dags retrieved from /home/ubuntu/.local/lib/python3.10/site-packages/airflow/example_dags/plugins/listener_plugin.py
[2023-12-31T14:03:46.437+0100] {processor.py:183} INFO - Processing /home/ubuntu/.local/lib/python3.10/site-packages/airflow/example_dags/plugins/listener_plugin.py took 0.033 seconds
[2023-12-31T14:04:42.261+0100] {processor.py:161} INFO - Started process (PID=14573) to work on /home/ubuntu/.local/lib/python3.10/site-packages/airflow/example_dags/plugins/listener_plugin.py
[2023-12-31T14:04:42.263+0100] {processor.py:830} INFO - Processing file /home/ubuntu/.local/lib/python3.10/site-packages/airflow/example_dags/plugins/listener_plugin.py for tasks to queue
[2023-12-31T14:04:42.264+0100] {logging_mixin.py:188} INFO - [2023-12-31T14:04:42.263+0100] {dagbag.py:538} INFO - Filling up the DagBag from /home/ubuntu/.local/lib/python3.10/site-packages/airflow/example_dags/plugins/listener_plugin.py
[2023-12-31T14:04:42.271+0100] {processor.py:842} WARNING - No viable dags retrieved from /home/ubuntu/.local/lib/python3.10/site-packages/airflow/example_dags/plugins/listener_plugin.py
[2023-12-31T14:04:42.286+0100] {processor.py:183} INFO - Processing /home/ubuntu/.local/lib/python3.10/site-packages/airflow/example_dags/plugins/listener_plugin.py took 0.038 seconds
[2023-12-31T14:05:23.731+0100] {processor.py:161} INFO - Started process (PID=14710) to work on /home/ubuntu/.local/lib/python3.10/site-packages/airflow/example_dags/plugins/listener_plugin.py
[2023-12-31T14:05:23.743+0100] {processor.py:830} INFO - Processing file /home/ubuntu/.local/lib/python3.10/site-packages/airflow/example_dags/plugins/listener_plugin.py for tasks to queue
[2023-12-31T14:05:23.745+0100] {logging_mixin.py:188} INFO - [2023-12-31T14:05:23.744+0100] {dagbag.py:538} INFO - Filling up the DagBag from /home/ubuntu/.local/lib/python3.10/site-packages/airflow/example_dags/plugins/listener_plugin.py
[2023-12-31T14:05:23.751+0100] {processor.py:842} WARNING - No viable dags retrieved from /home/ubuntu/.local/lib/python3.10/site-packages/airflow/example_dags/plugins/listener_plugin.py
[2023-12-31T14:05:23.767+0100] {processor.py:183} INFO - Processing /home/ubuntu/.local/lib/python3.10/site-packages/airflow/example_dags/plugins/listener_plugin.py took 0.045 seconds
[2023-12-31T14:06:03.096+0100] {processor.py:161} INFO - Started process (PID=14897) to work on /home/ubuntu/.local/lib/python3.10/site-packages/airflow/example_dags/plugins/listener_plugin.py
[2023-12-31T14:06:03.099+0100] {processor.py:830} INFO - Processing file /home/ubuntu/.local/lib/python3.10/site-packages/airflow/example_dags/plugins/listener_plugin.py for tasks to queue
[2023-12-31T14:06:03.100+0100] {logging_mixin.py:188} INFO - [2023-12-31T14:06:03.099+0100] {dagbag.py:538} INFO - Filling up the DagBag from /home/ubuntu/.local/lib/python3.10/site-packages/airflow/example_dags/plugins/listener_plugin.py
[2023-12-31T14:06:03.103+0100] {processor.py:842} WARNING - No viable dags retrieved from /home/ubuntu/.local/lib/python3.10/site-packages/airflow/example_dags/plugins/listener_plugin.py
[2023-12-31T14:06:03.114+0100] {processor.py:183} INFO - Processing /home/ubuntu/.local/lib/python3.10/site-packages/airflow/example_dags/plugins/listener_plugin.py took 0.021 seconds
