[debug] > Exec(early(addDefaultCommands), None, None)
[debug] > Exec(addDefaultCommands, None, None)
[debug] > Exec(early(initialize), None, None)
[debug] > Exec(initialize, None, None)
[debug] > Exec(boot, None, None)
[debug] > Exec(writeSbtVersion, None, None)
[debug] > Exec(reload, None, None)
[debug] > Exec(sbtStashOnFailure, None, None)
[debug] > Exec(onFailure loadFailed, None, None)
[debug] > Exec(loadp, None, None)
[info] welcome to sbt 1.9.8 (Ubuntu Java 11.0.21)
[debug] Load.defaultLoad until apply took 400.058013ms
[debug]           Load.loadUnit: plugins took 474.929477ms
[debug]           Load.loadUnit: defsScala took 0.383754ms
[debug] [Loading] Scanning directory /home/ubuntu/Downloads/mnmcount/scala/project
[debug] [Loading] Found non-root projects 
[debug] [Loading] Done in /home/ubuntu/Downloads/mnmcount/scala/project, returning: ()
[debug] deducing auto plugins based on known facts Set(Atom(sbt.plugins.CorePlugin)) and clauses Clauses(Clause(Atom(sbt.plugins.JvmPlugin),Set(Atom(sbt.plugins.IvyPlugin)))
[debug] Clause(Atom(sbt.ScriptedPlugin),Set(Atom(sbt.plugins.JvmPlugin)))
[debug] Clause(Atom(sbt.plugins.SbtPlugin),Set(Atom(sbt.ScriptedPlugin)))
[debug] Clause(Atom(sbt.plugins.SemanticdbPlugin),Set(Atom(sbt.plugins.JvmPlugin)))
[debug] Clause(Atom(sbt.plugins.JUnitXmlReportPlugin),Set(Atom(sbt.plugins.JvmPlugin)))
[debug] Clause(Atom(sbt.plugins.MiniDependencyTreePlugin),Set(Atom(sbt.plugins.JvmPlugin)))
[debug] Clause(Atom(sbt.plugins.CorePlugin),Set(Atom(sbt.plugins.IvyPlugin)))
[debug] Clause(Atom(sbt.plugins.IvyPlugin),Set(Atom(sbt.plugins.JvmPlugin)))
[debug] Clause(Atom(sbt.plugins.JvmPlugin),Set(Atom(sbt.plugins.SemanticdbPlugin)))
[debug] Clause(Atom(sbt.plugins.JvmPlugin),Set(Atom(sbt.plugins.JUnitXmlReportPlugin)))
[debug] Clause(Atom(sbt.plugins.CorePlugin),Set(Atom(sbt.plugins.Giter8TemplatePlugin)))
[debug] Clause(Atom(sbt.plugins.JvmPlugin),Set(Atom(sbt.plugins.MiniDependencyTreePlugin))))
[debug]   :: deduced result: Matched(sbt.plugins.CorePlugin,sbt.plugins.Giter8TemplatePlugin,sbt.plugins.IvyPlugin,sbt.plugins.JvmPlugin,sbt.plugins.MiniDependencyTreePlugin,sbt.plugins.JUnitXmlReportPlugin,sbt.plugins.SemanticdbPlugin)
[debug] Plugins.deducer#function took 22.095647 ms
[debug]               Load.resolveProject(scala-build) took 106.872602ms
[debug]             Load.loadTransitive: finalizeProject(Project(id scala-build, base: /home/ubuntu/Downloads/mnmcount/scala/project, plugins: List(<none>))) took 170.031349ms
[debug] [Loading] Done in /home/ubuntu/Downloads/mnmcount/scala/project, returning: (scala-build)
[debug]           Load.loadUnit: loadedProjectsRaw took 224.600974ms
[debug]           Load.loadUnit: cleanEvalClasses took 12.476694ms
[debug]         Load.loadUnit(file:/home/ubuntu/Downloads/mnmcount/scala/project/, ...) took 727.451671ms
[debug]       Load.apply: load took 1508.500353ms
[debug]       Load.apply: resolveProjects took 9.347693ms
[debug]       Load.apply: finalTransforms took 115.900364ms
[debug]       Load.apply: config.delegates took 36.219537ms
[debug]       Load.apply: Def.make(settings)... took 710.683545ms
[debug]       Load.apply: structureIndex took 120.989334ms
[debug]       Load.apply: mkStreams took 1.222513ms
[info] loading project definition from /home/ubuntu/Downloads/mnmcount/scala/project
[debug] Running task... Cancel: Signal, check cycles: false, forcegc: true
[debug]     Load.loadUnit: plugins took 4192.170746ms
[debug]     Load.loadUnit: defsScala took 0.013601ms
[debug] [Loading] Scanning directory /home/ubuntu/Downloads/mnmcount/scala
[debug]       Load.loadUnit: mkEval took 12.249824ms
[debug] [Loading] Found non-root projects 
[debug] [Loading] Done in /home/ubuntu/Downloads/mnmcount/scala, returning: ()
[debug] deducing auto plugins based on known facts Set(Atom(sbt.plugins.CorePlugin)) and clauses Clauses(Clause(Atom(sbt.plugins.JvmPlugin),Set(Atom(sbt.plugins.IvyPlugin)))
[debug] Clause(Atom(sbt.ScriptedPlugin),Set(Atom(sbt.plugins.JvmPlugin)))
[debug] Clause(Atom(sbt.plugins.SbtPlugin),Set(Atom(sbt.ScriptedPlugin)))
[debug] Clause(Atom(sbt.plugins.SemanticdbPlugin),Set(Atom(sbt.plugins.JvmPlugin)))
[debug] Clause(Atom(sbt.plugins.JUnitXmlReportPlugin),Set(Atom(sbt.plugins.JvmPlugin)))
[debug] Clause(Atom(sbt.plugins.MiniDependencyTreePlugin),Set(Atom(sbt.plugins.JvmPlugin)))
[debug] Clause(Atom(sbt.plugins.CorePlugin),Set(Atom(sbt.plugins.IvyPlugin)))
[debug] Clause(Atom(sbt.plugins.IvyPlugin),Set(Atom(sbt.plugins.JvmPlugin)))
[debug] Clause(Atom(sbt.plugins.JvmPlugin),Set(Atom(sbt.plugins.SemanticdbPlugin)))
[debug] Clause(Atom(sbt.plugins.JvmPlugin),Set(Atom(sbt.plugins.JUnitXmlReportPlugin)))
[debug] Clause(Atom(sbt.plugins.CorePlugin),Set(Atom(sbt.plugins.Giter8TemplatePlugin)))
[debug] Clause(Atom(sbt.plugins.JvmPlugin),Set(Atom(sbt.plugins.MiniDependencyTreePlugin))))
[debug]   :: deduced result: Matched(sbt.plugins.CorePlugin,sbt.plugins.Giter8TemplatePlugin,sbt.plugins.IvyPlugin,sbt.plugins.JvmPlugin,sbt.plugins.MiniDependencyTreePlugin,sbt.plugins.JUnitXmlReportPlugin,sbt.plugins.SemanticdbPlugin)
[debug] Plugins.deducer#function took 2.477925 ms
[info] loading settings for project scala from build.sbt ...
[debug]         Load.resolveProject(scala) took 3.4753ms
[debug]       Load.loadTransitive: finalizeProject(Project(id scala, base: /home/ubuntu/Downloads/mnmcount/scala, plugins: List(<none>))) took 6.539571ms
[debug] [Loading] Done in /home/ubuntu/Downloads/mnmcount/scala, returning: (scala)
[debug]     Load.loadUnit: loadedProjectsRaw took 161.474411ms
[debug]     Load.loadUnit: cleanEvalClasses took 3.780828ms
[debug]   Load.loadUnit(file:/home/ubuntu/Downloads/mnmcount/scala/, ...) took 4373.72146ms
[debug] Load.apply: load took 4564.140521ms
[debug] Load.apply: resolveProjects took 0.121024ms
[debug] Load.apply: finalTransforms took 13.644501ms
[debug] Load.apply: config.delegates took 0.53079ms
[debug] Load.apply: Def.make(settings)... took 176.281095ms
[debug] Load.apply: structureIndex took 53.497452ms
[debug] Load.apply: mkStreams took 0.003656ms
[info] set current project to main/scala/mnmc (in build file:/home/ubuntu/Downloads/mnmcount/scala/)
[debug] > Exec(sbtPopOnFailure, None, None)
[debug] > Exec(resumeFromFailure, None, None)
[debug] > Exec(notifyUsersAboutShell, None, None)
[debug] > Exec(iflast shell, None, None)
[debug] > Exec(clean, None, None)
[debug] Evaluating tasks: clean
[debug] Running task... Cancel: Signal, check cycles: false, forcegc: true
[success] Total time: 0 s, completed Jan 21, 2024, 9:58:01 PM
[debug] > Exec(package, None, None)
[debug] Evaluating tasks: Compile / package
[debug] Running task... Cancel: Signal, check cycles: false, forcegc: true
[info] compiling 1 Scala source to /home/ubuntu/Downloads/mnmcount/scala/target/scala-2.12/classes ...
