[2023-12-30T13:34:09.543+0100] {processor.py:161} INFO - Started process (PID=4136) to work on /home/ubuntu/.local/lib/python3.10/site-packages/airflow/example_dags/example_kubernetes_executor.py
[2023-12-30T13:34:09.545+0100] {processor.py:830} INFO - Processing file /home/ubuntu/.local/lib/python3.10/site-packages/airflow/example_dags/example_kubernetes_executor.py for tasks to queue
[2023-12-30T13:34:09.547+0100] {logging_mixin.py:188} INFO - [2023-12-30T13:34:09.546+0100] {dagbag.py:538} INFO - Filling up the DagBag from /home/ubuntu/.local/lib/python3.10/site-packages/airflow/example_dags/example_kubernetes_executor.py
[2023-12-30T13:34:09.554+0100] {logging_mixin.py:188} INFO - [2023-12-30T13:34:09.554+0100] {example_kubernetes_executor.py:38} WARNING - The example_kubernetes_executor example DAG requires the kubernetes provider. Please install it with: pip install apache-airflow[cncf.kubernetes]
[2023-12-30T13:34:09.555+0100] {processor.py:842} WARNING - No viable dags retrieved from /home/ubuntu/.local/lib/python3.10/site-packages/airflow/example_dags/example_kubernetes_executor.py
[2023-12-30T13:34:09.569+0100] {processor.py:183} INFO - Processing /home/ubuntu/.local/lib/python3.10/site-packages/airflow/example_dags/example_kubernetes_executor.py took 0.033 seconds
[2023-12-30T13:35:02.759+0100] {processor.py:161} INFO - Started process (PID=4228) to work on /home/ubuntu/.local/lib/python3.10/site-packages/airflow/example_dags/example_kubernetes_executor.py
[2023-12-30T13:35:02.761+0100] {processor.py:830} INFO - Processing file /home/ubuntu/.local/lib/python3.10/site-packages/airflow/example_dags/example_kubernetes_executor.py for tasks to queue
[2023-12-30T13:35:02.762+0100] {logging_mixin.py:188} INFO - [2023-12-30T13:35:02.762+0100] {dagbag.py:538} INFO - Filling up the DagBag from /home/ubuntu/.local/lib/python3.10/site-packages/airflow/example_dags/example_kubernetes_executor.py
[2023-12-30T13:35:02.765+0100] {logging_mixin.py:188} INFO - [2023-12-30T13:35:02.765+0100] {example_kubernetes_executor.py:38} WARNING - The example_kubernetes_executor example DAG requires the kubernetes provider. Please install it with: pip install apache-airflow[cncf.kubernetes]
[2023-12-30T13:35:02.766+0100] {processor.py:842} WARNING - No viable dags retrieved from /home/ubuntu/.local/lib/python3.10/site-packages/airflow/example_dags/example_kubernetes_executor.py
[2023-12-30T13:35:02.775+0100] {processor.py:183} INFO - Processing /home/ubuntu/.local/lib/python3.10/site-packages/airflow/example_dags/example_kubernetes_executor.py took 0.020 seconds
[2023-12-30T13:35:55.636+0100] {processor.py:161} INFO - Started process (PID=4332) to work on /home/ubuntu/.local/lib/python3.10/site-packages/airflow/example_dags/example_kubernetes_executor.py
[2023-12-30T13:35:55.637+0100] {processor.py:830} INFO - Processing file /home/ubuntu/.local/lib/python3.10/site-packages/airflow/example_dags/example_kubernetes_executor.py for tasks to queue
[2023-12-30T13:35:55.637+0100] {logging_mixin.py:188} INFO - [2023-12-30T13:35:55.637+0100] {dagbag.py:538} INFO - Filling up the DagBag from /home/ubuntu/.local/lib/python3.10/site-packages/airflow/example_dags/example_kubernetes_executor.py
[2023-12-30T13:35:55.639+0100] {logging_mixin.py:188} INFO - [2023-12-30T13:35:55.639+0100] {example_kubernetes_executor.py:38} WARNING - The example_kubernetes_executor example DAG requires the kubernetes provider. Please install it with: pip install apache-airflow[cncf.kubernetes]
[2023-12-30T13:35:55.639+0100] {processor.py:842} WARNING - No viable dags retrieved from /home/ubuntu/.local/lib/python3.10/site-packages/airflow/example_dags/example_kubernetes_executor.py
[2023-12-30T13:35:55.645+0100] {processor.py:183} INFO - Processing /home/ubuntu/.local/lib/python3.10/site-packages/airflow/example_dags/example_kubernetes_executor.py took 0.010 seconds
[2023-12-30T13:36:50.619+0100] {processor.py:161} INFO - Started process (PID=5028) to work on /home/ubuntu/.local/lib/python3.10/site-packages/airflow/example_dags/example_kubernetes_executor.py
[2023-12-30T13:36:50.620+0100] {processor.py:830} INFO - Processing file /home/ubuntu/.local/lib/python3.10/site-packages/airflow/example_dags/example_kubernetes_executor.py for tasks to queue
[2023-12-30T13:36:50.621+0100] {logging_mixin.py:188} INFO - [2023-12-30T13:36:50.621+0100] {dagbag.py:538} INFO - Filling up the DagBag from /home/ubuntu/.local/lib/python3.10/site-packages/airflow/example_dags/example_kubernetes_executor.py
[2023-12-30T13:36:50.624+0100] {logging_mixin.py:188} INFO - [2023-12-30T13:36:50.624+0100] {example_kubernetes_executor.py:38} WARNING - The example_kubernetes_executor example DAG requires the kubernetes provider. Please install it with: pip install apache-airflow[cncf.kubernetes]
[2023-12-30T13:36:50.625+0100] {processor.py:842} WARNING - No viable dags retrieved from /home/ubuntu/.local/lib/python3.10/site-packages/airflow/example_dags/example_kubernetes_executor.py
[2023-12-30T13:36:50.634+0100] {processor.py:183} INFO - Processing /home/ubuntu/.local/lib/python3.10/site-packages/airflow/example_dags/example_kubernetes_executor.py took 0.018 seconds
[2023-12-30T13:37:48.232+0100] {processor.py:161} INFO - Started process (PID=5872) to work on /home/ubuntu/.local/lib/python3.10/site-packages/airflow/example_dags/example_kubernetes_executor.py
[2023-12-30T13:37:48.233+0100] {processor.py:830} INFO - Processing file /home/ubuntu/.local/lib/python3.10/site-packages/airflow/example_dags/example_kubernetes_executor.py for tasks to queue
[2023-12-30T13:37:48.233+0100] {logging_mixin.py:188} INFO - [2023-12-30T13:37:48.233+0100] {dagbag.py:538} INFO - Filling up the DagBag from /home/ubuntu/.local/lib/python3.10/site-packages/airflow/example_dags/example_kubernetes_executor.py
[2023-12-30T13:37:48.236+0100] {logging_mixin.py:188} INFO - [2023-12-30T13:37:48.236+0100] {example_kubernetes_executor.py:38} WARNING - The example_kubernetes_executor example DAG requires the kubernetes provider. Please install it with: pip install apache-airflow[cncf.kubernetes]
[2023-12-30T13:37:48.237+0100] {processor.py:842} WARNING - No viable dags retrieved from /home/ubuntu/.local/lib/python3.10/site-packages/airflow/example_dags/example_kubernetes_executor.py
[2023-12-30T13:37:48.245+0100] {processor.py:183} INFO - Processing /home/ubuntu/.local/lib/python3.10/site-packages/airflow/example_dags/example_kubernetes_executor.py took 0.017 seconds
[2023-12-30T13:38:42.673+0100] {processor.py:161} INFO - Started process (PID=5975) to work on /home/ubuntu/.local/lib/python3.10/site-packages/airflow/example_dags/example_kubernetes_executor.py
[2023-12-30T13:38:42.682+0100] {processor.py:830} INFO - Processing file /home/ubuntu/.local/lib/python3.10/site-packages/airflow/example_dags/example_kubernetes_executor.py for tasks to queue
[2023-12-30T13:38:42.683+0100] {logging_mixin.py:188} INFO - [2023-12-30T13:38:42.682+0100] {dagbag.py:538} INFO - Filling up the DagBag from /home/ubuntu/.local/lib/python3.10/site-packages/airflow/example_dags/example_kubernetes_executor.py
[2023-12-30T13:38:42.685+0100] {logging_mixin.py:188} INFO - [2023-12-30T13:38:42.684+0100] {example_kubernetes_executor.py:38} WARNING - The example_kubernetes_executor example DAG requires the kubernetes provider. Please install it with: pip install apache-airflow[cncf.kubernetes]
[2023-12-30T13:38:42.685+0100] {processor.py:842} WARNING - No viable dags retrieved from /home/ubuntu/.local/lib/python3.10/site-packages/airflow/example_dags/example_kubernetes_executor.py
[2023-12-30T13:38:42.690+0100] {processor.py:183} INFO - Processing /home/ubuntu/.local/lib/python3.10/site-packages/airflow/example_dags/example_kubernetes_executor.py took 0.019 seconds
[2023-12-30T13:39:33.648+0100] {processor.py:161} INFO - Started process (PID=6096) to work on /home/ubuntu/.local/lib/python3.10/site-packages/airflow/example_dags/example_kubernetes_executor.py
[2023-12-30T13:39:33.660+0100] {processor.py:830} INFO - Processing file /home/ubuntu/.local/lib/python3.10/site-packages/airflow/example_dags/example_kubernetes_executor.py for tasks to queue
[2023-12-30T13:39:33.661+0100] {logging_mixin.py:188} INFO - [2023-12-30T13:39:33.661+0100] {dagbag.py:538} INFO - Filling up the DagBag from /home/ubuntu/.local/lib/python3.10/site-packages/airflow/example_dags/example_kubernetes_executor.py
[2023-12-30T13:39:33.668+0100] {logging_mixin.py:188} INFO - [2023-12-30T13:39:33.668+0100] {example_kubernetes_executor.py:38} WARNING - The example_kubernetes_executor example DAG requires the kubernetes provider. Please install it with: pip install apache-airflow[cncf.kubernetes]
[2023-12-30T13:39:33.668+0100] {processor.py:842} WARNING - No viable dags retrieved from /home/ubuntu/.local/lib/python3.10/site-packages/airflow/example_dags/example_kubernetes_executor.py
[2023-12-30T13:39:33.685+0100] {processor.py:183} INFO - Processing /home/ubuntu/.local/lib/python3.10/site-packages/airflow/example_dags/example_kubernetes_executor.py took 0.043 seconds
[2023-12-30T13:40:28.840+0100] {processor.py:161} INFO - Started process (PID=6168) to work on /home/ubuntu/.local/lib/python3.10/site-packages/airflow/example_dags/example_kubernetes_executor.py
[2023-12-30T13:40:28.850+0100] {processor.py:830} INFO - Processing file /home/ubuntu/.local/lib/python3.10/site-packages/airflow/example_dags/example_kubernetes_executor.py for tasks to queue
[2023-12-30T13:40:28.851+0100] {logging_mixin.py:188} INFO - [2023-12-30T13:40:28.850+0100] {dagbag.py:538} INFO - Filling up the DagBag from /home/ubuntu/.local/lib/python3.10/site-packages/airflow/example_dags/example_kubernetes_executor.py
[2023-12-30T13:40:28.853+0100] {logging_mixin.py:188} INFO - [2023-12-30T13:40:28.852+0100] {example_kubernetes_executor.py:38} WARNING - The example_kubernetes_executor example DAG requires the kubernetes provider. Please install it with: pip install apache-airflow[cncf.kubernetes]
[2023-12-30T13:40:28.853+0100] {processor.py:842} WARNING - No viable dags retrieved from /home/ubuntu/.local/lib/python3.10/site-packages/airflow/example_dags/example_kubernetes_executor.py
[2023-12-30T13:40:28.858+0100] {processor.py:183} INFO - Processing /home/ubuntu/.local/lib/python3.10/site-packages/airflow/example_dags/example_kubernetes_executor.py took 0.022 seconds
[2023-12-30T13:41:21.381+0100] {processor.py:161} INFO - Started process (PID=6243) to work on /home/ubuntu/.local/lib/python3.10/site-packages/airflow/example_dags/example_kubernetes_executor.py
[2023-12-30T13:41:21.381+0100] {processor.py:830} INFO - Processing file /home/ubuntu/.local/lib/python3.10/site-packages/airflow/example_dags/example_kubernetes_executor.py for tasks to queue
[2023-12-30T13:41:21.382+0100] {logging_mixin.py:188} INFO - [2023-12-30T13:41:21.382+0100] {dagbag.py:538} INFO - Filling up the DagBag from /home/ubuntu/.local/lib/python3.10/site-packages/airflow/example_dags/example_kubernetes_executor.py
[2023-12-30T13:41:21.384+0100] {logging_mixin.py:188} INFO - [2023-12-30T13:41:21.384+0100] {example_kubernetes_executor.py:38} WARNING - The example_kubernetes_executor example DAG requires the kubernetes provider. Please install it with: pip install apache-airflow[cncf.kubernetes]
[2023-12-30T13:41:21.384+0100] {processor.py:842} WARNING - No viable dags retrieved from /home/ubuntu/.local/lib/python3.10/site-packages/airflow/example_dags/example_kubernetes_executor.py
[2023-12-30T13:41:21.390+0100] {processor.py:183} INFO - Processing /home/ubuntu/.local/lib/python3.10/site-packages/airflow/example_dags/example_kubernetes_executor.py took 0.011 seconds
[2023-12-30T13:42:13.334+0100] {processor.py:161} INFO - Started process (PID=6337) to work on /home/ubuntu/.local/lib/python3.10/site-packages/airflow/example_dags/example_kubernetes_executor.py
[2023-12-30T13:42:13.345+0100] {processor.py:830} INFO - Processing file /home/ubuntu/.local/lib/python3.10/site-packages/airflow/example_dags/example_kubernetes_executor.py for tasks to queue
[2023-12-30T13:42:13.346+0100] {logging_mixin.py:188} INFO - [2023-12-30T13:42:13.346+0100] {dagbag.py:538} INFO - Filling up the DagBag from /home/ubuntu/.local/lib/python3.10/site-packages/airflow/example_dags/example_kubernetes_executor.py
[2023-12-30T13:42:13.350+0100] {logging_mixin.py:188} INFO - [2023-12-30T13:42:13.350+0100] {example_kubernetes_executor.py:38} WARNING - The example_kubernetes_executor example DAG requires the kubernetes provider. Please install it with: pip install apache-airflow[cncf.kubernetes]
[2023-12-30T13:42:13.350+0100] {processor.py:842} WARNING - No viable dags retrieved from /home/ubuntu/.local/lib/python3.10/site-packages/airflow/example_dags/example_kubernetes_executor.py
[2023-12-30T13:42:13.362+0100] {processor.py:183} INFO - Processing /home/ubuntu/.local/lib/python3.10/site-packages/airflow/example_dags/example_kubernetes_executor.py took 0.031 seconds
[2023-12-30T13:43:13.045+0100] {processor.py:161} INFO - Started process (PID=6406) to work on /home/ubuntu/.local/lib/python3.10/site-packages/airflow/example_dags/example_kubernetes_executor.py
[2023-12-30T13:43:13.055+0100] {processor.py:830} INFO - Processing file /home/ubuntu/.local/lib/python3.10/site-packages/airflow/example_dags/example_kubernetes_executor.py for tasks to queue
[2023-12-30T13:43:13.056+0100] {logging_mixin.py:188} INFO - [2023-12-30T13:43:13.055+0100] {dagbag.py:538} INFO - Filling up the DagBag from /home/ubuntu/.local/lib/python3.10/site-packages/airflow/example_dags/example_kubernetes_executor.py
[2023-12-30T13:43:13.057+0100] {logging_mixin.py:188} INFO - [2023-12-30T13:43:13.057+0100] {example_kubernetes_executor.py:38} WARNING - The example_kubernetes_executor example DAG requires the kubernetes provider. Please install it with: pip install apache-airflow[cncf.kubernetes]
[2023-12-30T13:43:13.057+0100] {processor.py:842} WARNING - No viable dags retrieved from /home/ubuntu/.local/lib/python3.10/site-packages/airflow/example_dags/example_kubernetes_executor.py
[2023-12-30T13:43:13.063+0100] {processor.py:183} INFO - Processing /home/ubuntu/.local/lib/python3.10/site-packages/airflow/example_dags/example_kubernetes_executor.py took 0.020 seconds
[2023-12-30T13:44:06.971+0100] {processor.py:161} INFO - Started process (PID=6518) to work on /home/ubuntu/.local/lib/python3.10/site-packages/airflow/example_dags/example_kubernetes_executor.py
[2023-12-30T13:44:06.974+0100] {processor.py:830} INFO - Processing file /home/ubuntu/.local/lib/python3.10/site-packages/airflow/example_dags/example_kubernetes_executor.py for tasks to queue
[2023-12-30T13:44:06.976+0100] {logging_mixin.py:188} INFO - [2023-12-30T13:44:06.975+0100] {dagbag.py:538} INFO - Filling up the DagBag from /home/ubuntu/.local/lib/python3.10/site-packages/airflow/example_dags/example_kubernetes_executor.py
[2023-12-30T13:44:06.982+0100] {logging_mixin.py:188} INFO - [2023-12-30T13:44:06.981+0100] {example_kubernetes_executor.py:38} WARNING - The example_kubernetes_executor example DAG requires the kubernetes provider. Please install it with: pip install apache-airflow[cncf.kubernetes]
[2023-12-30T13:44:06.982+0100] {processor.py:842} WARNING - No viable dags retrieved from /home/ubuntu/.local/lib/python3.10/site-packages/airflow/example_dags/example_kubernetes_executor.py
[2023-12-30T13:44:06.995+0100] {processor.py:183} INFO - Processing /home/ubuntu/.local/lib/python3.10/site-packages/airflow/example_dags/example_kubernetes_executor.py took 0.031 seconds
[2023-12-30T13:45:00.837+0100] {processor.py:161} INFO - Started process (PID=6580) to work on /home/ubuntu/.local/lib/python3.10/site-packages/airflow/example_dags/example_kubernetes_executor.py
[2023-12-30T13:45:00.838+0100] {processor.py:830} INFO - Processing file /home/ubuntu/.local/lib/python3.10/site-packages/airflow/example_dags/example_kubernetes_executor.py for tasks to queue
[2023-12-30T13:45:00.838+0100] {logging_mixin.py:188} INFO - [2023-12-30T13:45:00.838+0100] {dagbag.py:538} INFO - Filling up the DagBag from /home/ubuntu/.local/lib/python3.10/site-packages/airflow/example_dags/example_kubernetes_executor.py
[2023-12-30T13:45:00.840+0100] {logging_mixin.py:188} INFO - [2023-12-30T13:45:00.840+0100] {example_kubernetes_executor.py:38} WARNING - The example_kubernetes_executor example DAG requires the kubernetes provider. Please install it with: pip install apache-airflow[cncf.kubernetes]
[2023-12-30T13:45:00.840+0100] {processor.py:842} WARNING - No viable dags retrieved from /home/ubuntu/.local/lib/python3.10/site-packages/airflow/example_dags/example_kubernetes_executor.py
[2023-12-30T13:45:00.846+0100] {processor.py:183} INFO - Processing /home/ubuntu/.local/lib/python3.10/site-packages/airflow/example_dags/example_kubernetes_executor.py took 0.010 seconds
[2023-12-30T13:45:55.086+0100] {processor.py:161} INFO - Started process (PID=6643) to work on /home/ubuntu/.local/lib/python3.10/site-packages/airflow/example_dags/example_kubernetes_executor.py
[2023-12-30T13:45:55.096+0100] {processor.py:830} INFO - Processing file /home/ubuntu/.local/lib/python3.10/site-packages/airflow/example_dags/example_kubernetes_executor.py for tasks to queue
[2023-12-30T13:45:55.097+0100] {logging_mixin.py:188} INFO - [2023-12-30T13:45:55.097+0100] {dagbag.py:538} INFO - Filling up the DagBag from /home/ubuntu/.local/lib/python3.10/site-packages/airflow/example_dags/example_kubernetes_executor.py
[2023-12-30T13:45:55.099+0100] {logging_mixin.py:188} INFO - [2023-12-30T13:45:55.099+0100] {example_kubernetes_executor.py:38} WARNING - The example_kubernetes_executor example DAG requires the kubernetes provider. Please install it with: pip install apache-airflow[cncf.kubernetes]
[2023-12-30T13:45:55.099+0100] {processor.py:842} WARNING - No viable dags retrieved from /home/ubuntu/.local/lib/python3.10/site-packages/airflow/example_dags/example_kubernetes_executor.py
[2023-12-30T13:45:55.104+0100] {processor.py:183} INFO - Processing /home/ubuntu/.local/lib/python3.10/site-packages/airflow/example_dags/example_kubernetes_executor.py took 0.020 seconds
[2023-12-30T13:46:50.114+0100] {processor.py:161} INFO - Started process (PID=6705) to work on /home/ubuntu/.local/lib/python3.10/site-packages/airflow/example_dags/example_kubernetes_executor.py
[2023-12-30T13:46:50.124+0100] {processor.py:830} INFO - Processing file /home/ubuntu/.local/lib/python3.10/site-packages/airflow/example_dags/example_kubernetes_executor.py for tasks to queue
[2023-12-30T13:46:50.125+0100] {logging_mixin.py:188} INFO - [2023-12-30T13:46:50.125+0100] {dagbag.py:538} INFO - Filling up the DagBag from /home/ubuntu/.local/lib/python3.10/site-packages/airflow/example_dags/example_kubernetes_executor.py
[2023-12-30T13:46:50.127+0100] {logging_mixin.py:188} INFO - [2023-12-30T13:46:50.127+0100] {example_kubernetes_executor.py:38} WARNING - The example_kubernetes_executor example DAG requires the kubernetes provider. Please install it with: pip install apache-airflow[cncf.kubernetes]
[2023-12-30T13:46:50.127+0100] {processor.py:842} WARNING - No viable dags retrieved from /home/ubuntu/.local/lib/python3.10/site-packages/airflow/example_dags/example_kubernetes_executor.py
[2023-12-30T13:46:50.132+0100] {processor.py:183} INFO - Processing /home/ubuntu/.local/lib/python3.10/site-packages/airflow/example_dags/example_kubernetes_executor.py took 0.020 seconds
[2023-12-30T13:47:43.885+0100] {processor.py:161} INFO - Started process (PID=6779) to work on /home/ubuntu/.local/lib/python3.10/site-packages/airflow/example_dags/example_kubernetes_executor.py
[2023-12-30T13:47:43.895+0100] {processor.py:830} INFO - Processing file /home/ubuntu/.local/lib/python3.10/site-packages/airflow/example_dags/example_kubernetes_executor.py for tasks to queue
[2023-12-30T13:47:43.896+0100] {logging_mixin.py:188} INFO - [2023-12-30T13:47:43.895+0100] {dagbag.py:538} INFO - Filling up the DagBag from /home/ubuntu/.local/lib/python3.10/site-packages/airflow/example_dags/example_kubernetes_executor.py
[2023-12-30T13:47:43.898+0100] {logging_mixin.py:188} INFO - [2023-12-30T13:47:43.898+0100] {example_kubernetes_executor.py:38} WARNING - The example_kubernetes_executor example DAG requires the kubernetes provider. Please install it with: pip install apache-airflow[cncf.kubernetes]
[2023-12-30T13:47:43.898+0100] {processor.py:842} WARNING - No viable dags retrieved from /home/ubuntu/.local/lib/python3.10/site-packages/airflow/example_dags/example_kubernetes_executor.py
[2023-12-30T13:47:43.904+0100] {processor.py:183} INFO - Processing /home/ubuntu/.local/lib/python3.10/site-packages/airflow/example_dags/example_kubernetes_executor.py took 0.021 seconds
[2023-12-30T13:48:34.774+0100] {processor.py:161} INFO - Started process (PID=6841) to work on /home/ubuntu/.local/lib/python3.10/site-packages/airflow/example_dags/example_kubernetes_executor.py
[2023-12-30T13:48:34.775+0100] {processor.py:830} INFO - Processing file /home/ubuntu/.local/lib/python3.10/site-packages/airflow/example_dags/example_kubernetes_executor.py for tasks to queue
[2023-12-30T13:48:34.775+0100] {logging_mixin.py:188} INFO - [2023-12-30T13:48:34.775+0100] {dagbag.py:538} INFO - Filling up the DagBag from /home/ubuntu/.local/lib/python3.10/site-packages/airflow/example_dags/example_kubernetes_executor.py
[2023-12-30T13:48:34.777+0100] {logging_mixin.py:188} INFO - [2023-12-30T13:48:34.777+0100] {example_kubernetes_executor.py:38} WARNING - The example_kubernetes_executor example DAG requires the kubernetes provider. Please install it with: pip install apache-airflow[cncf.kubernetes]
[2023-12-30T13:48:34.777+0100] {processor.py:842} WARNING - No viable dags retrieved from /home/ubuntu/.local/lib/python3.10/site-packages/airflow/example_dags/example_kubernetes_executor.py
[2023-12-30T13:48:34.783+0100] {processor.py:183} INFO - Processing /home/ubuntu/.local/lib/python3.10/site-packages/airflow/example_dags/example_kubernetes_executor.py took 0.011 seconds
[2023-12-30T13:49:30.186+0100] {processor.py:161} INFO - Started process (PID=6918) to work on /home/ubuntu/.local/lib/python3.10/site-packages/airflow/example_dags/example_kubernetes_executor.py
[2023-12-30T13:49:30.196+0100] {processor.py:830} INFO - Processing file /home/ubuntu/.local/lib/python3.10/site-packages/airflow/example_dags/example_kubernetes_executor.py for tasks to queue
[2023-12-30T13:49:30.197+0100] {logging_mixin.py:188} INFO - [2023-12-30T13:49:30.197+0100] {dagbag.py:538} INFO - Filling up the DagBag from /home/ubuntu/.local/lib/python3.10/site-packages/airflow/example_dags/example_kubernetes_executor.py
[2023-12-30T13:49:30.201+0100] {logging_mixin.py:188} INFO - [2023-12-30T13:49:30.201+0100] {example_kubernetes_executor.py:38} WARNING - The example_kubernetes_executor example DAG requires the kubernetes provider. Please install it with: pip install apache-airflow[cncf.kubernetes]
[2023-12-30T13:49:30.202+0100] {processor.py:842} WARNING - No viable dags retrieved from /home/ubuntu/.local/lib/python3.10/site-packages/airflow/example_dags/example_kubernetes_executor.py
[2023-12-30T13:49:30.215+0100] {processor.py:183} INFO - Processing /home/ubuntu/.local/lib/python3.10/site-packages/airflow/example_dags/example_kubernetes_executor.py took 0.032 seconds
[2023-12-30T13:50:23.437+0100] {processor.py:161} INFO - Started process (PID=6980) to work on /home/ubuntu/.local/lib/python3.10/site-packages/airflow/example_dags/example_kubernetes_executor.py
[2023-12-30T13:50:23.437+0100] {processor.py:830} INFO - Processing file /home/ubuntu/.local/lib/python3.10/site-packages/airflow/example_dags/example_kubernetes_executor.py for tasks to queue
[2023-12-30T13:50:23.438+0100] {logging_mixin.py:188} INFO - [2023-12-30T13:50:23.437+0100] {dagbag.py:538} INFO - Filling up the DagBag from /home/ubuntu/.local/lib/python3.10/site-packages/airflow/example_dags/example_kubernetes_executor.py
[2023-12-30T13:50:23.440+0100] {logging_mixin.py:188} INFO - [2023-12-30T13:50:23.440+0100] {example_kubernetes_executor.py:38} WARNING - The example_kubernetes_executor example DAG requires the kubernetes provider. Please install it with: pip install apache-airflow[cncf.kubernetes]
[2023-12-30T13:50:23.440+0100] {processor.py:842} WARNING - No viable dags retrieved from /home/ubuntu/.local/lib/python3.10/site-packages/airflow/example_dags/example_kubernetes_executor.py
[2023-12-30T13:50:23.446+0100] {processor.py:183} INFO - Processing /home/ubuntu/.local/lib/python3.10/site-packages/airflow/example_dags/example_kubernetes_executor.py took 0.011 seconds
[2023-12-30T13:51:19.376+0100] {processor.py:161} INFO - Started process (PID=7043) to work on /home/ubuntu/.local/lib/python3.10/site-packages/airflow/example_dags/example_kubernetes_executor.py
[2023-12-30T13:51:19.377+0100] {processor.py:830} INFO - Processing file /home/ubuntu/.local/lib/python3.10/site-packages/airflow/example_dags/example_kubernetes_executor.py for tasks to queue
[2023-12-30T13:51:19.377+0100] {logging_mixin.py:188} INFO - [2023-12-30T13:51:19.377+0100] {dagbag.py:538} INFO - Filling up the DagBag from /home/ubuntu/.local/lib/python3.10/site-packages/airflow/example_dags/example_kubernetes_executor.py
[2023-12-30T13:51:19.379+0100] {logging_mixin.py:188} INFO - [2023-12-30T13:51:19.379+0100] {example_kubernetes_executor.py:38} WARNING - The example_kubernetes_executor example DAG requires the kubernetes provider. Please install it with: pip install apache-airflow[cncf.kubernetes]
[2023-12-30T13:51:19.379+0100] {processor.py:842} WARNING - No viable dags retrieved from /home/ubuntu/.local/lib/python3.10/site-packages/airflow/example_dags/example_kubernetes_executor.py
[2023-12-30T13:51:19.385+0100] {processor.py:183} INFO - Processing /home/ubuntu/.local/lib/python3.10/site-packages/airflow/example_dags/example_kubernetes_executor.py took 0.011 seconds
[2023-12-30T13:52:12.855+0100] {processor.py:161} INFO - Started process (PID=7106) to work on /home/ubuntu/.local/lib/python3.10/site-packages/airflow/example_dags/example_kubernetes_executor.py
[2023-12-30T13:52:12.856+0100] {processor.py:830} INFO - Processing file /home/ubuntu/.local/lib/python3.10/site-packages/airflow/example_dags/example_kubernetes_executor.py for tasks to queue
[2023-12-30T13:52:12.856+0100] {logging_mixin.py:188} INFO - [2023-12-30T13:52:12.856+0100] {dagbag.py:538} INFO - Filling up the DagBag from /home/ubuntu/.local/lib/python3.10/site-packages/airflow/example_dags/example_kubernetes_executor.py
[2023-12-30T13:52:12.858+0100] {logging_mixin.py:188} INFO - [2023-12-30T13:52:12.858+0100] {example_kubernetes_executor.py:38} WARNING - The example_kubernetes_executor example DAG requires the kubernetes provider. Please install it with: pip install apache-airflow[cncf.kubernetes]
[2023-12-30T13:52:12.858+0100] {processor.py:842} WARNING - No viable dags retrieved from /home/ubuntu/.local/lib/python3.10/site-packages/airflow/example_dags/example_kubernetes_executor.py
[2023-12-30T13:52:12.864+0100] {processor.py:183} INFO - Processing /home/ubuntu/.local/lib/python3.10/site-packages/airflow/example_dags/example_kubernetes_executor.py took 0.010 seconds
[2023-12-30T13:53:08.504+0100] {processor.py:161} INFO - Started process (PID=7172) to work on /home/ubuntu/.local/lib/python3.10/site-packages/airflow/example_dags/example_kubernetes_executor.py
[2023-12-30T13:53:08.516+0100] {processor.py:830} INFO - Processing file /home/ubuntu/.local/lib/python3.10/site-packages/airflow/example_dags/example_kubernetes_executor.py for tasks to queue
[2023-12-30T13:53:08.517+0100] {logging_mixin.py:188} INFO - [2023-12-30T13:53:08.516+0100] {dagbag.py:538} INFO - Filling up the DagBag from /home/ubuntu/.local/lib/python3.10/site-packages/airflow/example_dags/example_kubernetes_executor.py
[2023-12-30T13:53:08.521+0100] {logging_mixin.py:188} INFO - [2023-12-30T13:53:08.521+0100] {example_kubernetes_executor.py:38} WARNING - The example_kubernetes_executor example DAG requires the kubernetes provider. Please install it with: pip install apache-airflow[cncf.kubernetes]
[2023-12-30T13:53:08.521+0100] {processor.py:842} WARNING - No viable dags retrieved from /home/ubuntu/.local/lib/python3.10/site-packages/airflow/example_dags/example_kubernetes_executor.py
[2023-12-30T13:53:08.533+0100] {processor.py:183} INFO - Processing /home/ubuntu/.local/lib/python3.10/site-packages/airflow/example_dags/example_kubernetes_executor.py took 0.034 seconds
[2023-12-30T13:53:58.282+0100] {processor.py:161} INFO - Started process (PID=7230) to work on /home/ubuntu/.local/lib/python3.10/site-packages/airflow/example_dags/example_kubernetes_executor.py
[2023-12-30T13:53:58.292+0100] {processor.py:830} INFO - Processing file /home/ubuntu/.local/lib/python3.10/site-packages/airflow/example_dags/example_kubernetes_executor.py for tasks to queue
[2023-12-30T13:53:58.293+0100] {logging_mixin.py:188} INFO - [2023-12-30T13:53:58.293+0100] {dagbag.py:538} INFO - Filling up the DagBag from /home/ubuntu/.local/lib/python3.10/site-packages/airflow/example_dags/example_kubernetes_executor.py
[2023-12-30T13:53:58.295+0100] {logging_mixin.py:188} INFO - [2023-12-30T13:53:58.295+0100] {example_kubernetes_executor.py:38} WARNING - The example_kubernetes_executor example DAG requires the kubernetes provider. Please install it with: pip install apache-airflow[cncf.kubernetes]
[2023-12-30T13:53:58.295+0100] {processor.py:842} WARNING - No viable dags retrieved from /home/ubuntu/.local/lib/python3.10/site-packages/airflow/example_dags/example_kubernetes_executor.py
[2023-12-30T13:53:58.301+0100] {processor.py:183} INFO - Processing /home/ubuntu/.local/lib/python3.10/site-packages/airflow/example_dags/example_kubernetes_executor.py took 0.021 seconds
[2023-12-30T13:54:54.949+0100] {processor.py:161} INFO - Started process (PID=7294) to work on /home/ubuntu/.local/lib/python3.10/site-packages/airflow/example_dags/example_kubernetes_executor.py
[2023-12-30T13:54:54.949+0100] {processor.py:830} INFO - Processing file /home/ubuntu/.local/lib/python3.10/site-packages/airflow/example_dags/example_kubernetes_executor.py for tasks to queue
[2023-12-30T13:54:54.950+0100] {logging_mixin.py:188} INFO - [2023-12-30T13:54:54.950+0100] {dagbag.py:538} INFO - Filling up the DagBag from /home/ubuntu/.local/lib/python3.10/site-packages/airflow/example_dags/example_kubernetes_executor.py
[2023-12-30T13:54:54.952+0100] {logging_mixin.py:188} INFO - [2023-12-30T13:54:54.952+0100] {example_kubernetes_executor.py:38} WARNING - The example_kubernetes_executor example DAG requires the kubernetes provider. Please install it with: pip install apache-airflow[cncf.kubernetes]
[2023-12-30T13:54:54.952+0100] {processor.py:842} WARNING - No viable dags retrieved from /home/ubuntu/.local/lib/python3.10/site-packages/airflow/example_dags/example_kubernetes_executor.py
[2023-12-30T13:54:54.957+0100] {processor.py:183} INFO - Processing /home/ubuntu/.local/lib/python3.10/site-packages/airflow/example_dags/example_kubernetes_executor.py took 0.011 seconds
[2023-12-30T13:55:48.325+0100] {processor.py:161} INFO - Started process (PID=7364) to work on /home/ubuntu/.local/lib/python3.10/site-packages/airflow/example_dags/example_kubernetes_executor.py
[2023-12-30T13:55:48.326+0100] {processor.py:830} INFO - Processing file /home/ubuntu/.local/lib/python3.10/site-packages/airflow/example_dags/example_kubernetes_executor.py for tasks to queue
[2023-12-30T13:55:48.326+0100] {logging_mixin.py:188} INFO - [2023-12-30T13:55:48.326+0100] {dagbag.py:538} INFO - Filling up the DagBag from /home/ubuntu/.local/lib/python3.10/site-packages/airflow/example_dags/example_kubernetes_executor.py
[2023-12-30T13:55:48.328+0100] {logging_mixin.py:188} INFO - [2023-12-30T13:55:48.328+0100] {example_kubernetes_executor.py:38} WARNING - The example_kubernetes_executor example DAG requires the kubernetes provider. Please install it with: pip install apache-airflow[cncf.kubernetes]
[2023-12-30T13:55:48.328+0100] {processor.py:842} WARNING - No viable dags retrieved from /home/ubuntu/.local/lib/python3.10/site-packages/airflow/example_dags/example_kubernetes_executor.py
[2023-12-30T13:55:48.334+0100] {processor.py:183} INFO - Processing /home/ubuntu/.local/lib/python3.10/site-packages/airflow/example_dags/example_kubernetes_executor.py took 0.011 seconds
[2023-12-30T13:56:43.858+0100] {processor.py:161} INFO - Started process (PID=7427) to work on /home/ubuntu/.local/lib/python3.10/site-packages/airflow/example_dags/example_kubernetes_executor.py
[2023-12-30T13:56:43.858+0100] {processor.py:830} INFO - Processing file /home/ubuntu/.local/lib/python3.10/site-packages/airflow/example_dags/example_kubernetes_executor.py for tasks to queue
[2023-12-30T13:56:43.859+0100] {logging_mixin.py:188} INFO - [2023-12-30T13:56:43.859+0100] {dagbag.py:538} INFO - Filling up the DagBag from /home/ubuntu/.local/lib/python3.10/site-packages/airflow/example_dags/example_kubernetes_executor.py
[2023-12-30T13:56:43.861+0100] {logging_mixin.py:188} INFO - [2023-12-30T13:56:43.860+0100] {example_kubernetes_executor.py:38} WARNING - The example_kubernetes_executor example DAG requires the kubernetes provider. Please install it with: pip install apache-airflow[cncf.kubernetes]
[2023-12-30T13:56:43.861+0100] {processor.py:842} WARNING - No viable dags retrieved from /home/ubuntu/.local/lib/python3.10/site-packages/airflow/example_dags/example_kubernetes_executor.py
[2023-12-30T13:56:43.866+0100] {processor.py:183} INFO - Processing /home/ubuntu/.local/lib/python3.10/site-packages/airflow/example_dags/example_kubernetes_executor.py took 0.010 seconds
[2023-12-30T13:57:38.497+0100] {processor.py:161} INFO - Started process (PID=7489) to work on /home/ubuntu/.local/lib/python3.10/site-packages/airflow/example_dags/example_kubernetes_executor.py
[2023-12-30T13:57:38.507+0100] {processor.py:830} INFO - Processing file /home/ubuntu/.local/lib/python3.10/site-packages/airflow/example_dags/example_kubernetes_executor.py for tasks to queue
[2023-12-30T13:57:38.508+0100] {logging_mixin.py:188} INFO - [2023-12-30T13:57:38.508+0100] {dagbag.py:538} INFO - Filling up the DagBag from /home/ubuntu/.local/lib/python3.10/site-packages/airflow/example_dags/example_kubernetes_executor.py
[2023-12-30T13:57:38.510+0100] {logging_mixin.py:188} INFO - [2023-12-30T13:57:38.510+0100] {example_kubernetes_executor.py:38} WARNING - The example_kubernetes_executor example DAG requires the kubernetes provider. Please install it with: pip install apache-airflow[cncf.kubernetes]
[2023-12-30T13:57:38.510+0100] {processor.py:842} WARNING - No viable dags retrieved from /home/ubuntu/.local/lib/python3.10/site-packages/airflow/example_dags/example_kubernetes_executor.py
[2023-12-30T13:57:38.516+0100] {processor.py:183} INFO - Processing /home/ubuntu/.local/lib/python3.10/site-packages/airflow/example_dags/example_kubernetes_executor.py took 0.020 seconds
[2023-12-30T13:58:33.630+0100] {processor.py:161} INFO - Started process (PID=7553) to work on /home/ubuntu/.local/lib/python3.10/site-packages/airflow/example_dags/example_kubernetes_executor.py
[2023-12-30T13:58:33.640+0100] {processor.py:830} INFO - Processing file /home/ubuntu/.local/lib/python3.10/site-packages/airflow/example_dags/example_kubernetes_executor.py for tasks to queue
[2023-12-30T13:58:33.641+0100] {logging_mixin.py:188} INFO - [2023-12-30T13:58:33.641+0100] {dagbag.py:538} INFO - Filling up the DagBag from /home/ubuntu/.local/lib/python3.10/site-packages/airflow/example_dags/example_kubernetes_executor.py
[2023-12-30T13:58:33.643+0100] {logging_mixin.py:188} INFO - [2023-12-30T13:58:33.643+0100] {example_kubernetes_executor.py:38} WARNING - The example_kubernetes_executor example DAG requires the kubernetes provider. Please install it with: pip install apache-airflow[cncf.kubernetes]
[2023-12-30T13:58:33.643+0100] {processor.py:842} WARNING - No viable dags retrieved from /home/ubuntu/.local/lib/python3.10/site-packages/airflow/example_dags/example_kubernetes_executor.py
[2023-12-30T13:58:33.649+0100] {processor.py:183} INFO - Processing /home/ubuntu/.local/lib/python3.10/site-packages/airflow/example_dags/example_kubernetes_executor.py took 0.020 seconds
[2023-12-30T13:59:26.582+0100] {processor.py:161} INFO - Started process (PID=7619) to work on /home/ubuntu/.local/lib/python3.10/site-packages/airflow/example_dags/example_kubernetes_executor.py
[2023-12-30T13:59:26.583+0100] {processor.py:830} INFO - Processing file /home/ubuntu/.local/lib/python3.10/site-packages/airflow/example_dags/example_kubernetes_executor.py for tasks to queue
[2023-12-30T13:59:26.583+0100] {logging_mixin.py:188} INFO - [2023-12-30T13:59:26.583+0100] {dagbag.py:538} INFO - Filling up the DagBag from /home/ubuntu/.local/lib/python3.10/site-packages/airflow/example_dags/example_kubernetes_executor.py
[2023-12-30T13:59:26.585+0100] {logging_mixin.py:188} INFO - [2023-12-30T13:59:26.585+0100] {example_kubernetes_executor.py:38} WARNING - The example_kubernetes_executor example DAG requires the kubernetes provider. Please install it with: pip install apache-airflow[cncf.kubernetes]
[2023-12-30T13:59:26.585+0100] {processor.py:842} WARNING - No viable dags retrieved from /home/ubuntu/.local/lib/python3.10/site-packages/airflow/example_dags/example_kubernetes_executor.py
[2023-12-30T13:59:26.592+0100] {processor.py:183} INFO - Processing /home/ubuntu/.local/lib/python3.10/site-packages/airflow/example_dags/example_kubernetes_executor.py took 0.011 seconds
[2023-12-30T14:00:12.722+0100] {processor.py:161} INFO - Started process (PID=7673) to work on /home/ubuntu/.local/lib/python3.10/site-packages/airflow/example_dags/example_kubernetes_executor.py
[2023-12-30T14:00:12.732+0100] {processor.py:830} INFO - Processing file /home/ubuntu/.local/lib/python3.10/site-packages/airflow/example_dags/example_kubernetes_executor.py for tasks to queue
[2023-12-30T14:00:12.733+0100] {logging_mixin.py:188} INFO - [2023-12-30T14:00:12.733+0100] {dagbag.py:538} INFO - Filling up the DagBag from /home/ubuntu/.local/lib/python3.10/site-packages/airflow/example_dags/example_kubernetes_executor.py
[2023-12-30T14:00:12.735+0100] {logging_mixin.py:188} INFO - [2023-12-30T14:00:12.735+0100] {example_kubernetes_executor.py:38} WARNING - The example_kubernetes_executor example DAG requires the kubernetes provider. Please install it with: pip install apache-airflow[cncf.kubernetes]
[2023-12-30T14:00:12.736+0100] {processor.py:842} WARNING - No viable dags retrieved from /home/ubuntu/.local/lib/python3.10/site-packages/airflow/example_dags/example_kubernetes_executor.py
[2023-12-30T14:00:12.742+0100] {processor.py:183} INFO - Processing /home/ubuntu/.local/lib/python3.10/site-packages/airflow/example_dags/example_kubernetes_executor.py took 0.022 seconds
[2023-12-30T14:01:04.089+0100] {processor.py:161} INFO - Started process (PID=7734) to work on /home/ubuntu/.local/lib/python3.10/site-packages/airflow/example_dags/example_kubernetes_executor.py
[2023-12-30T14:01:04.099+0100] {processor.py:830} INFO - Processing file /home/ubuntu/.local/lib/python3.10/site-packages/airflow/example_dags/example_kubernetes_executor.py for tasks to queue
[2023-12-30T14:01:04.100+0100] {logging_mixin.py:188} INFO - [2023-12-30T14:01:04.100+0100] {dagbag.py:538} INFO - Filling up the DagBag from /home/ubuntu/.local/lib/python3.10/site-packages/airflow/example_dags/example_kubernetes_executor.py
[2023-12-30T14:01:04.102+0100] {logging_mixin.py:188} INFO - [2023-12-30T14:01:04.102+0100] {example_kubernetes_executor.py:38} WARNING - The example_kubernetes_executor example DAG requires the kubernetes provider. Please install it with: pip install apache-airflow[cncf.kubernetes]
[2023-12-30T14:01:04.102+0100] {processor.py:842} WARNING - No viable dags retrieved from /home/ubuntu/.local/lib/python3.10/site-packages/airflow/example_dags/example_kubernetes_executor.py
[2023-12-30T14:01:04.108+0100] {processor.py:183} INFO - Processing /home/ubuntu/.local/lib/python3.10/site-packages/airflow/example_dags/example_kubernetes_executor.py took 0.020 seconds
[2023-12-30T14:01:56.888+0100] {processor.py:161} INFO - Started process (PID=7794) to work on /home/ubuntu/.local/lib/python3.10/site-packages/airflow/example_dags/example_kubernetes_executor.py
[2023-12-30T14:01:56.898+0100] {processor.py:830} INFO - Processing file /home/ubuntu/.local/lib/python3.10/site-packages/airflow/example_dags/example_kubernetes_executor.py for tasks to queue
[2023-12-30T14:01:56.898+0100] {logging_mixin.py:188} INFO - [2023-12-30T14:01:56.898+0100] {dagbag.py:538} INFO - Filling up the DagBag from /home/ubuntu/.local/lib/python3.10/site-packages/airflow/example_dags/example_kubernetes_executor.py
[2023-12-30T14:01:56.901+0100] {logging_mixin.py:188} INFO - [2023-12-30T14:01:56.900+0100] {example_kubernetes_executor.py:38} WARNING - The example_kubernetes_executor example DAG requires the kubernetes provider. Please install it with: pip install apache-airflow[cncf.kubernetes]
[2023-12-30T14:01:56.901+0100] {processor.py:842} WARNING - No viable dags retrieved from /home/ubuntu/.local/lib/python3.10/site-packages/airflow/example_dags/example_kubernetes_executor.py
[2023-12-30T14:01:56.907+0100] {processor.py:183} INFO - Processing /home/ubuntu/.local/lib/python3.10/site-packages/airflow/example_dags/example_kubernetes_executor.py took 0.021 seconds
[2023-12-30T14:02:48.350+0100] {processor.py:161} INFO - Started process (PID=7853) to work on /home/ubuntu/.local/lib/python3.10/site-packages/airflow/example_dags/example_kubernetes_executor.py
[2023-12-30T14:02:48.350+0100] {processor.py:830} INFO - Processing file /home/ubuntu/.local/lib/python3.10/site-packages/airflow/example_dags/example_kubernetes_executor.py for tasks to queue
[2023-12-30T14:02:48.351+0100] {logging_mixin.py:188} INFO - [2023-12-30T14:02:48.351+0100] {dagbag.py:538} INFO - Filling up the DagBag from /home/ubuntu/.local/lib/python3.10/site-packages/airflow/example_dags/example_kubernetes_executor.py
[2023-12-30T14:02:48.353+0100] {logging_mixin.py:188} INFO - [2023-12-30T14:02:48.353+0100] {example_kubernetes_executor.py:38} WARNING - The example_kubernetes_executor example DAG requires the kubernetes provider. Please install it with: pip install apache-airflow[cncf.kubernetes]
[2023-12-30T14:02:48.353+0100] {processor.py:842} WARNING - No viable dags retrieved from /home/ubuntu/.local/lib/python3.10/site-packages/airflow/example_dags/example_kubernetes_executor.py
[2023-12-30T14:02:48.359+0100] {processor.py:183} INFO - Processing /home/ubuntu/.local/lib/python3.10/site-packages/airflow/example_dags/example_kubernetes_executor.py took 0.011 seconds
[2023-12-30T14:03:44.997+0100] {processor.py:161} INFO - Started process (PID=7916) to work on /home/ubuntu/.local/lib/python3.10/site-packages/airflow/example_dags/example_kubernetes_executor.py
[2023-12-30T14:03:45.007+0100] {processor.py:830} INFO - Processing file /home/ubuntu/.local/lib/python3.10/site-packages/airflow/example_dags/example_kubernetes_executor.py for tasks to queue
[2023-12-30T14:03:45.010+0100] {logging_mixin.py:188} INFO - [2023-12-30T14:03:45.009+0100] {dagbag.py:538} INFO - Filling up the DagBag from /home/ubuntu/.local/lib/python3.10/site-packages/airflow/example_dags/example_kubernetes_executor.py
[2023-12-30T14:03:45.018+0100] {logging_mixin.py:188} INFO - [2023-12-30T14:03:45.018+0100] {example_kubernetes_executor.py:38} WARNING - The example_kubernetes_executor example DAG requires the kubernetes provider. Please install it with: pip install apache-airflow[cncf.kubernetes]
[2023-12-30T14:03:45.018+0100] {processor.py:842} WARNING - No viable dags retrieved from /home/ubuntu/.local/lib/python3.10/site-packages/airflow/example_dags/example_kubernetes_executor.py
[2023-12-30T14:03:45.040+0100] {processor.py:183} INFO - Processing /home/ubuntu/.local/lib/python3.10/site-packages/airflow/example_dags/example_kubernetes_executor.py took 0.044 seconds
[2023-12-30T14:04:37.611+0100] {processor.py:161} INFO - Started process (PID=8064) to work on /home/ubuntu/.local/lib/python3.10/site-packages/airflow/example_dags/example_kubernetes_executor.py
[2023-12-30T14:04:37.621+0100] {processor.py:830} INFO - Processing file /home/ubuntu/.local/lib/python3.10/site-packages/airflow/example_dags/example_kubernetes_executor.py for tasks to queue
[2023-12-30T14:04:37.622+0100] {logging_mixin.py:188} INFO - [2023-12-30T14:04:37.622+0100] {dagbag.py:538} INFO - Filling up the DagBag from /home/ubuntu/.local/lib/python3.10/site-packages/airflow/example_dags/example_kubernetes_executor.py
[2023-12-30T14:04:37.624+0100] {logging_mixin.py:188} INFO - [2023-12-30T14:04:37.624+0100] {example_kubernetes_executor.py:38} WARNING - The example_kubernetes_executor example DAG requires the kubernetes provider. Please install it with: pip install apache-airflow[cncf.kubernetes]
[2023-12-30T14:04:37.624+0100] {processor.py:842} WARNING - No viable dags retrieved from /home/ubuntu/.local/lib/python3.10/site-packages/airflow/example_dags/example_kubernetes_executor.py
[2023-12-30T14:04:37.632+0100] {processor.py:183} INFO - Processing /home/ubuntu/.local/lib/python3.10/site-packages/airflow/example_dags/example_kubernetes_executor.py took 0.023 seconds
[2023-12-30T14:05:30.304+0100] {processor.py:161} INFO - Started process (PID=8192) to work on /home/ubuntu/.local/lib/python3.10/site-packages/airflow/example_dags/example_kubernetes_executor.py
[2023-12-30T14:05:30.316+0100] {processor.py:830} INFO - Processing file /home/ubuntu/.local/lib/python3.10/site-packages/airflow/example_dags/example_kubernetes_executor.py for tasks to queue
[2023-12-30T14:05:30.320+0100] {logging_mixin.py:188} INFO - [2023-12-30T14:05:30.319+0100] {dagbag.py:538} INFO - Filling up the DagBag from /home/ubuntu/.local/lib/python3.10/site-packages/airflow/example_dags/example_kubernetes_executor.py
[2023-12-30T14:05:30.329+0100] {logging_mixin.py:188} INFO - [2023-12-30T14:05:30.328+0100] {example_kubernetes_executor.py:38} WARNING - The example_kubernetes_executor example DAG requires the kubernetes provider. Please install it with: pip install apache-airflow[cncf.kubernetes]
[2023-12-30T14:05:30.329+0100] {processor.py:842} WARNING - No viable dags retrieved from /home/ubuntu/.local/lib/python3.10/site-packages/airflow/example_dags/example_kubernetes_executor.py
[2023-12-30T14:05:30.344+0100] {processor.py:183} INFO - Processing /home/ubuntu/.local/lib/python3.10/site-packages/airflow/example_dags/example_kubernetes_executor.py took 0.049 seconds
[2023-12-30T14:06:24.486+0100] {processor.py:161} INFO - Started process (PID=8304) to work on /home/ubuntu/.local/lib/python3.10/site-packages/airflow/example_dags/example_kubernetes_executor.py
[2023-12-30T14:06:24.487+0100] {processor.py:830} INFO - Processing file /home/ubuntu/.local/lib/python3.10/site-packages/airflow/example_dags/example_kubernetes_executor.py for tasks to queue
[2023-12-30T14:06:24.487+0100] {logging_mixin.py:188} INFO - [2023-12-30T14:06:24.487+0100] {dagbag.py:538} INFO - Filling up the DagBag from /home/ubuntu/.local/lib/python3.10/site-packages/airflow/example_dags/example_kubernetes_executor.py
[2023-12-30T14:06:24.489+0100] {logging_mixin.py:188} INFO - [2023-12-30T14:06:24.489+0100] {example_kubernetes_executor.py:38} WARNING - The example_kubernetes_executor example DAG requires the kubernetes provider. Please install it with: pip install apache-airflow[cncf.kubernetes]
[2023-12-30T14:06:24.489+0100] {processor.py:842} WARNING - No viable dags retrieved from /home/ubuntu/.local/lib/python3.10/site-packages/airflow/example_dags/example_kubernetes_executor.py
[2023-12-30T14:06:24.495+0100] {processor.py:183} INFO - Processing /home/ubuntu/.local/lib/python3.10/site-packages/airflow/example_dags/example_kubernetes_executor.py took 0.011 seconds
[2023-12-30T14:07:18.802+0100] {processor.py:161} INFO - Started process (PID=8393) to work on /home/ubuntu/.local/lib/python3.10/site-packages/airflow/example_dags/example_kubernetes_executor.py
[2023-12-30T14:07:18.803+0100] {processor.py:830} INFO - Processing file /home/ubuntu/.local/lib/python3.10/site-packages/airflow/example_dags/example_kubernetes_executor.py for tasks to queue
[2023-12-30T14:07:18.803+0100] {logging_mixin.py:188} INFO - [2023-12-30T14:07:18.803+0100] {dagbag.py:538} INFO - Filling up the DagBag from /home/ubuntu/.local/lib/python3.10/site-packages/airflow/example_dags/example_kubernetes_executor.py
[2023-12-30T14:07:18.805+0100] {logging_mixin.py:188} INFO - [2023-12-30T14:07:18.805+0100] {example_kubernetes_executor.py:38} WARNING - The example_kubernetes_executor example DAG requires the kubernetes provider. Please install it with: pip install apache-airflow[cncf.kubernetes]
[2023-12-30T14:07:18.805+0100] {processor.py:842} WARNING - No viable dags retrieved from /home/ubuntu/.local/lib/python3.10/site-packages/airflow/example_dags/example_kubernetes_executor.py
[2023-12-30T14:07:18.812+0100] {processor.py:183} INFO - Processing /home/ubuntu/.local/lib/python3.10/site-packages/airflow/example_dags/example_kubernetes_executor.py took 0.012 seconds
[2023-12-30T14:08:11.554+0100] {processor.py:161} INFO - Started process (PID=8457) to work on /home/ubuntu/.local/lib/python3.10/site-packages/airflow/example_dags/example_kubernetes_executor.py
[2023-12-30T14:08:11.555+0100] {processor.py:830} INFO - Processing file /home/ubuntu/.local/lib/python3.10/site-packages/airflow/example_dags/example_kubernetes_executor.py for tasks to queue
[2023-12-30T14:08:11.556+0100] {logging_mixin.py:188} INFO - [2023-12-30T14:08:11.555+0100] {dagbag.py:538} INFO - Filling up the DagBag from /home/ubuntu/.local/lib/python3.10/site-packages/airflow/example_dags/example_kubernetes_executor.py
[2023-12-30T14:08:11.558+0100] {logging_mixin.py:188} INFO - [2023-12-30T14:08:11.558+0100] {example_kubernetes_executor.py:38} WARNING - The example_kubernetes_executor example DAG requires the kubernetes provider. Please install it with: pip install apache-airflow[cncf.kubernetes]
[2023-12-30T14:08:11.558+0100] {processor.py:842} WARNING - No viable dags retrieved from /home/ubuntu/.local/lib/python3.10/site-packages/airflow/example_dags/example_kubernetes_executor.py
[2023-12-30T14:08:11.566+0100] {processor.py:183} INFO - Processing /home/ubuntu/.local/lib/python3.10/site-packages/airflow/example_dags/example_kubernetes_executor.py took 0.014 seconds
[2023-12-30T14:09:03.042+0100] {processor.py:161} INFO - Started process (PID=8527) to work on /home/ubuntu/.local/lib/python3.10/site-packages/airflow/example_dags/example_kubernetes_executor.py
[2023-12-30T14:09:03.045+0100] {processor.py:830} INFO - Processing file /home/ubuntu/.local/lib/python3.10/site-packages/airflow/example_dags/example_kubernetes_executor.py for tasks to queue
[2023-12-30T14:09:03.046+0100] {logging_mixin.py:188} INFO - [2023-12-30T14:09:03.046+0100] {dagbag.py:538} INFO - Filling up the DagBag from /home/ubuntu/.local/lib/python3.10/site-packages/airflow/example_dags/example_kubernetes_executor.py
[2023-12-30T14:09:03.048+0100] {logging_mixin.py:188} INFO - [2023-12-30T14:09:03.048+0100] {example_kubernetes_executor.py:38} WARNING - The example_kubernetes_executor example DAG requires the kubernetes provider. Please install it with: pip install apache-airflow[cncf.kubernetes]
[2023-12-30T14:09:03.049+0100] {processor.py:842} WARNING - No viable dags retrieved from /home/ubuntu/.local/lib/python3.10/site-packages/airflow/example_dags/example_kubernetes_executor.py
[2023-12-30T14:09:03.066+0100] {processor.py:183} INFO - Processing /home/ubuntu/.local/lib/python3.10/site-packages/airflow/example_dags/example_kubernetes_executor.py took 0.027 seconds
[2023-12-30T14:09:56.346+0100] {processor.py:161} INFO - Started process (PID=8587) to work on /home/ubuntu/.local/lib/python3.10/site-packages/airflow/example_dags/example_kubernetes_executor.py
[2023-12-30T14:09:56.347+0100] {processor.py:830} INFO - Processing file /home/ubuntu/.local/lib/python3.10/site-packages/airflow/example_dags/example_kubernetes_executor.py for tasks to queue
[2023-12-30T14:09:56.348+0100] {logging_mixin.py:188} INFO - [2023-12-30T14:09:56.347+0100] {dagbag.py:538} INFO - Filling up the DagBag from /home/ubuntu/.local/lib/python3.10/site-packages/airflow/example_dags/example_kubernetes_executor.py
[2023-12-30T14:09:56.350+0100] {logging_mixin.py:188} INFO - [2023-12-30T14:09:56.350+0100] {example_kubernetes_executor.py:38} WARNING - The example_kubernetes_executor example DAG requires the kubernetes provider. Please install it with: pip install apache-airflow[cncf.kubernetes]
[2023-12-30T14:09:56.350+0100] {processor.py:842} WARNING - No viable dags retrieved from /home/ubuntu/.local/lib/python3.10/site-packages/airflow/example_dags/example_kubernetes_executor.py
[2023-12-30T14:09:56.356+0100] {processor.py:183} INFO - Processing /home/ubuntu/.local/lib/python3.10/site-packages/airflow/example_dags/example_kubernetes_executor.py took 0.012 seconds
[2023-12-30T14:10:50.232+0100] {processor.py:161} INFO - Started process (PID=8649) to work on /home/ubuntu/.local/lib/python3.10/site-packages/airflow/example_dags/example_kubernetes_executor.py
[2023-12-30T14:10:50.233+0100] {processor.py:830} INFO - Processing file /home/ubuntu/.local/lib/python3.10/site-packages/airflow/example_dags/example_kubernetes_executor.py for tasks to queue
[2023-12-30T14:10:50.234+0100] {logging_mixin.py:188} INFO - [2023-12-30T14:10:50.233+0100] {dagbag.py:538} INFO - Filling up the DagBag from /home/ubuntu/.local/lib/python3.10/site-packages/airflow/example_dags/example_kubernetes_executor.py
[2023-12-30T14:10:50.236+0100] {logging_mixin.py:188} INFO - [2023-12-30T14:10:50.235+0100] {example_kubernetes_executor.py:38} WARNING - The example_kubernetes_executor example DAG requires the kubernetes provider. Please install it with: pip install apache-airflow[cncf.kubernetes]
[2023-12-30T14:10:50.236+0100] {processor.py:842} WARNING - No viable dags retrieved from /home/ubuntu/.local/lib/python3.10/site-packages/airflow/example_dags/example_kubernetes_executor.py
[2023-12-30T14:10:50.242+0100] {processor.py:183} INFO - Processing /home/ubuntu/.local/lib/python3.10/site-packages/airflow/example_dags/example_kubernetes_executor.py took 0.011 seconds
[2023-12-30T14:11:44.265+0100] {processor.py:161} INFO - Started process (PID=8710) to work on /home/ubuntu/.local/lib/python3.10/site-packages/airflow/example_dags/example_kubernetes_executor.py
[2023-12-30T14:11:44.266+0100] {processor.py:830} INFO - Processing file /home/ubuntu/.local/lib/python3.10/site-packages/airflow/example_dags/example_kubernetes_executor.py for tasks to queue
[2023-12-30T14:11:44.267+0100] {logging_mixin.py:188} INFO - [2023-12-30T14:11:44.266+0100] {dagbag.py:538} INFO - Filling up the DagBag from /home/ubuntu/.local/lib/python3.10/site-packages/airflow/example_dags/example_kubernetes_executor.py
[2023-12-30T14:11:44.268+0100] {logging_mixin.py:188} INFO - [2023-12-30T14:11:44.268+0100] {example_kubernetes_executor.py:38} WARNING - The example_kubernetes_executor example DAG requires the kubernetes provider. Please install it with: pip install apache-airflow[cncf.kubernetes]
[2023-12-30T14:11:44.269+0100] {processor.py:842} WARNING - No viable dags retrieved from /home/ubuntu/.local/lib/python3.10/site-packages/airflow/example_dags/example_kubernetes_executor.py
[2023-12-30T14:11:44.274+0100] {processor.py:183} INFO - Processing /home/ubuntu/.local/lib/python3.10/site-packages/airflow/example_dags/example_kubernetes_executor.py took 0.011 seconds
[2023-12-30T14:12:43.136+0100] {processor.py:161} INFO - Started process (PID=8789) to work on /home/ubuntu/.local/lib/python3.10/site-packages/airflow/example_dags/example_kubernetes_executor.py
[2023-12-30T14:12:43.146+0100] {processor.py:830} INFO - Processing file /home/ubuntu/.local/lib/python3.10/site-packages/airflow/example_dags/example_kubernetes_executor.py for tasks to queue
[2023-12-30T14:12:43.147+0100] {logging_mixin.py:188} INFO - [2023-12-30T14:12:43.147+0100] {dagbag.py:538} INFO - Filling up the DagBag from /home/ubuntu/.local/lib/python3.10/site-packages/airflow/example_dags/example_kubernetes_executor.py
[2023-12-30T14:12:43.149+0100] {logging_mixin.py:188} INFO - [2023-12-30T14:12:43.149+0100] {example_kubernetes_executor.py:38} WARNING - The example_kubernetes_executor example DAG requires the kubernetes provider. Please install it with: pip install apache-airflow[cncf.kubernetes]
[2023-12-30T14:12:43.149+0100] {processor.py:842} WARNING - No viable dags retrieved from /home/ubuntu/.local/lib/python3.10/site-packages/airflow/example_dags/example_kubernetes_executor.py
[2023-12-30T14:12:43.156+0100] {processor.py:183} INFO - Processing /home/ubuntu/.local/lib/python3.10/site-packages/airflow/example_dags/example_kubernetes_executor.py took 0.021 seconds
[2023-12-30T14:13:34.767+0100] {processor.py:161} INFO - Started process (PID=8852) to work on /home/ubuntu/.local/lib/python3.10/site-packages/airflow/example_dags/example_kubernetes_executor.py
[2023-12-30T14:13:34.777+0100] {processor.py:830} INFO - Processing file /home/ubuntu/.local/lib/python3.10/site-packages/airflow/example_dags/example_kubernetes_executor.py for tasks to queue
[2023-12-30T14:13:34.778+0100] {logging_mixin.py:188} INFO - [2023-12-30T14:13:34.777+0100] {dagbag.py:538} INFO - Filling up the DagBag from /home/ubuntu/.local/lib/python3.10/site-packages/airflow/example_dags/example_kubernetes_executor.py
[2023-12-30T14:13:34.781+0100] {logging_mixin.py:188} INFO - [2023-12-30T14:13:34.780+0100] {example_kubernetes_executor.py:38} WARNING - The example_kubernetes_executor example DAG requires the kubernetes provider. Please install it with: pip install apache-airflow[cncf.kubernetes]
[2023-12-30T14:13:34.781+0100] {processor.py:842} WARNING - No viable dags retrieved from /home/ubuntu/.local/lib/python3.10/site-packages/airflow/example_dags/example_kubernetes_executor.py
[2023-12-30T14:13:34.789+0100] {processor.py:183} INFO - Processing /home/ubuntu/.local/lib/python3.10/site-packages/airflow/example_dags/example_kubernetes_executor.py took 0.024 seconds
[2023-12-30T14:14:24.831+0100] {processor.py:161} INFO - Started process (PID=8913) to work on /home/ubuntu/.local/lib/python3.10/site-packages/airflow/example_dags/example_kubernetes_executor.py
[2023-12-30T14:14:24.832+0100] {processor.py:830} INFO - Processing file /home/ubuntu/.local/lib/python3.10/site-packages/airflow/example_dags/example_kubernetes_executor.py for tasks to queue
[2023-12-30T14:14:24.833+0100] {logging_mixin.py:188} INFO - [2023-12-30T14:14:24.833+0100] {dagbag.py:538} INFO - Filling up the DagBag from /home/ubuntu/.local/lib/python3.10/site-packages/airflow/example_dags/example_kubernetes_executor.py
[2023-12-30T14:14:24.836+0100] {logging_mixin.py:188} INFO - [2023-12-30T14:14:24.836+0100] {example_kubernetes_executor.py:38} WARNING - The example_kubernetes_executor example DAG requires the kubernetes provider. Please install it with: pip install apache-airflow[cncf.kubernetes]
[2023-12-30T14:14:24.836+0100] {processor.py:842} WARNING - No viable dags retrieved from /home/ubuntu/.local/lib/python3.10/site-packages/airflow/example_dags/example_kubernetes_executor.py
[2023-12-30T14:14:24.846+0100] {processor.py:183} INFO - Processing /home/ubuntu/.local/lib/python3.10/site-packages/airflow/example_dags/example_kubernetes_executor.py took 0.018 seconds
[2023-12-30T14:15:21.202+0100] {processor.py:161} INFO - Started process (PID=8976) to work on /home/ubuntu/.local/lib/python3.10/site-packages/airflow/example_dags/example_kubernetes_executor.py
[2023-12-30T14:15:21.204+0100] {processor.py:830} INFO - Processing file /home/ubuntu/.local/lib/python3.10/site-packages/airflow/example_dags/example_kubernetes_executor.py for tasks to queue
[2023-12-30T14:15:21.205+0100] {logging_mixin.py:188} INFO - [2023-12-30T14:15:21.205+0100] {dagbag.py:538} INFO - Filling up the DagBag from /home/ubuntu/.local/lib/python3.10/site-packages/airflow/example_dags/example_kubernetes_executor.py
[2023-12-30T14:15:21.209+0100] {logging_mixin.py:188} INFO - [2023-12-30T14:15:21.209+0100] {example_kubernetes_executor.py:38} WARNING - The example_kubernetes_executor example DAG requires the kubernetes provider. Please install it with: pip install apache-airflow[cncf.kubernetes]
[2023-12-30T14:15:21.210+0100] {processor.py:842} WARNING - No viable dags retrieved from /home/ubuntu/.local/lib/python3.10/site-packages/airflow/example_dags/example_kubernetes_executor.py
[2023-12-30T14:15:21.220+0100] {processor.py:183} INFO - Processing /home/ubuntu/.local/lib/python3.10/site-packages/airflow/example_dags/example_kubernetes_executor.py took 0.023 seconds
[2023-12-30T14:16:17.779+0100] {processor.py:161} INFO - Started process (PID=9046) to work on /home/ubuntu/.local/lib/python3.10/site-packages/airflow/example_dags/example_kubernetes_executor.py
[2023-12-30T14:16:17.789+0100] {processor.py:830} INFO - Processing file /home/ubuntu/.local/lib/python3.10/site-packages/airflow/example_dags/example_kubernetes_executor.py for tasks to queue
[2023-12-30T14:16:17.790+0100] {logging_mixin.py:188} INFO - [2023-12-30T14:16:17.790+0100] {dagbag.py:538} INFO - Filling up the DagBag from /home/ubuntu/.local/lib/python3.10/site-packages/airflow/example_dags/example_kubernetes_executor.py
[2023-12-30T14:16:17.794+0100] {logging_mixin.py:188} INFO - [2023-12-30T14:16:17.794+0100] {example_kubernetes_executor.py:38} WARNING - The example_kubernetes_executor example DAG requires the kubernetes provider. Please install it with: pip install apache-airflow[cncf.kubernetes]
[2023-12-30T14:16:17.794+0100] {processor.py:842} WARNING - No viable dags retrieved from /home/ubuntu/.local/lib/python3.10/site-packages/airflow/example_dags/example_kubernetes_executor.py
[2023-12-30T14:16:17.802+0100] {processor.py:183} INFO - Processing /home/ubuntu/.local/lib/python3.10/site-packages/airflow/example_dags/example_kubernetes_executor.py took 0.025 seconds
[2023-12-30T14:17:12.221+0100] {processor.py:161} INFO - Started process (PID=9113) to work on /home/ubuntu/.local/lib/python3.10/site-packages/airflow/example_dags/example_kubernetes_executor.py
[2023-12-30T14:17:12.233+0100] {processor.py:830} INFO - Processing file /home/ubuntu/.local/lib/python3.10/site-packages/airflow/example_dags/example_kubernetes_executor.py for tasks to queue
[2023-12-30T14:17:12.236+0100] {logging_mixin.py:188} INFO - [2023-12-30T14:17:12.235+0100] {dagbag.py:538} INFO - Filling up the DagBag from /home/ubuntu/.local/lib/python3.10/site-packages/airflow/example_dags/example_kubernetes_executor.py
[2023-12-30T14:17:12.246+0100] {logging_mixin.py:188} INFO - [2023-12-30T14:17:12.245+0100] {example_kubernetes_executor.py:38} WARNING - The example_kubernetes_executor example DAG requires the kubernetes provider. Please install it with: pip install apache-airflow[cncf.kubernetes]
[2023-12-30T14:17:12.247+0100] {processor.py:842} WARNING - No viable dags retrieved from /home/ubuntu/.local/lib/python3.10/site-packages/airflow/example_dags/example_kubernetes_executor.py
[2023-12-30T14:17:12.263+0100] {processor.py:183} INFO - Processing /home/ubuntu/.local/lib/python3.10/site-packages/airflow/example_dags/example_kubernetes_executor.py took 0.052 seconds
[2023-12-30T14:17:58.714+0100] {processor.py:161} INFO - Started process (PID=9223) to work on /home/ubuntu/.local/lib/python3.10/site-packages/airflow/example_dags/example_kubernetes_executor.py
[2023-12-30T14:17:58.726+0100] {processor.py:830} INFO - Processing file /home/ubuntu/.local/lib/python3.10/site-packages/airflow/example_dags/example_kubernetes_executor.py for tasks to queue
[2023-12-30T14:17:58.729+0100] {logging_mixin.py:188} INFO - [2023-12-30T14:17:58.728+0100] {dagbag.py:538} INFO - Filling up the DagBag from /home/ubuntu/.local/lib/python3.10/site-packages/airflow/example_dags/example_kubernetes_executor.py
[2023-12-30T14:17:58.738+0100] {logging_mixin.py:188} INFO - [2023-12-30T14:17:58.737+0100] {example_kubernetes_executor.py:38} WARNING - The example_kubernetes_executor example DAG requires the kubernetes provider. Please install it with: pip install apache-airflow[cncf.kubernetes]
[2023-12-30T14:17:58.738+0100] {processor.py:842} WARNING - No viable dags retrieved from /home/ubuntu/.local/lib/python3.10/site-packages/airflow/example_dags/example_kubernetes_executor.py
[2023-12-30T14:17:58.753+0100] {processor.py:183} INFO - Processing /home/ubuntu/.local/lib/python3.10/site-packages/airflow/example_dags/example_kubernetes_executor.py took 0.047 seconds
[2023-12-30T14:18:57.350+0100] {processor.py:161} INFO - Started process (PID=9305) to work on /home/ubuntu/.local/lib/python3.10/site-packages/airflow/example_dags/example_kubernetes_executor.py
[2023-12-30T14:18:57.360+0100] {processor.py:830} INFO - Processing file /home/ubuntu/.local/lib/python3.10/site-packages/airflow/example_dags/example_kubernetes_executor.py for tasks to queue
[2023-12-30T14:18:57.360+0100] {logging_mixin.py:188} INFO - [2023-12-30T14:18:57.360+0100] {dagbag.py:538} INFO - Filling up the DagBag from /home/ubuntu/.local/lib/python3.10/site-packages/airflow/example_dags/example_kubernetes_executor.py
[2023-12-30T14:18:57.363+0100] {logging_mixin.py:188} INFO - [2023-12-30T14:18:57.363+0100] {example_kubernetes_executor.py:38} WARNING - The example_kubernetes_executor example DAG requires the kubernetes provider. Please install it with: pip install apache-airflow[cncf.kubernetes]
[2023-12-30T14:18:57.364+0100] {processor.py:842} WARNING - No viable dags retrieved from /home/ubuntu/.local/lib/python3.10/site-packages/airflow/example_dags/example_kubernetes_executor.py
[2023-12-30T14:18:57.372+0100] {processor.py:183} INFO - Processing /home/ubuntu/.local/lib/python3.10/site-packages/airflow/example_dags/example_kubernetes_executor.py took 0.025 seconds
[2023-12-30T14:19:56.683+0100] {processor.py:161} INFO - Started process (PID=9435) to work on /home/ubuntu/.local/lib/python3.10/site-packages/airflow/example_dags/example_kubernetes_executor.py
[2023-12-30T14:19:56.685+0100] {processor.py:830} INFO - Processing file /home/ubuntu/.local/lib/python3.10/site-packages/airflow/example_dags/example_kubernetes_executor.py for tasks to queue
[2023-12-30T14:19:56.685+0100] {logging_mixin.py:188} INFO - [2023-12-30T14:19:56.685+0100] {dagbag.py:538} INFO - Filling up the DagBag from /home/ubuntu/.local/lib/python3.10/site-packages/airflow/example_dags/example_kubernetes_executor.py
[2023-12-30T14:19:56.688+0100] {logging_mixin.py:188} INFO - [2023-12-30T14:19:56.688+0100] {example_kubernetes_executor.py:38} WARNING - The example_kubernetes_executor example DAG requires the kubernetes provider. Please install it with: pip install apache-airflow[cncf.kubernetes]
[2023-12-30T14:19:56.689+0100] {processor.py:842} WARNING - No viable dags retrieved from /home/ubuntu/.local/lib/python3.10/site-packages/airflow/example_dags/example_kubernetes_executor.py
[2023-12-30T14:19:56.696+0100] {processor.py:183} INFO - Processing /home/ubuntu/.local/lib/python3.10/site-packages/airflow/example_dags/example_kubernetes_executor.py took 0.016 seconds
[2023-12-30T14:20:57.534+0100] {processor.py:161} INFO - Started process (PID=9534) to work on /home/ubuntu/.local/lib/python3.10/site-packages/airflow/example_dags/example_kubernetes_executor.py
[2023-12-30T14:20:57.544+0100] {processor.py:830} INFO - Processing file /home/ubuntu/.local/lib/python3.10/site-packages/airflow/example_dags/example_kubernetes_executor.py for tasks to queue
[2023-12-30T14:20:57.545+0100] {logging_mixin.py:188} INFO - [2023-12-30T14:20:57.545+0100] {dagbag.py:538} INFO - Filling up the DagBag from /home/ubuntu/.local/lib/python3.10/site-packages/airflow/example_dags/example_kubernetes_executor.py
[2023-12-30T14:20:57.548+0100] {logging_mixin.py:188} INFO - [2023-12-30T14:20:57.548+0100] {example_kubernetes_executor.py:38} WARNING - The example_kubernetes_executor example DAG requires the kubernetes provider. Please install it with: pip install apache-airflow[cncf.kubernetes]
[2023-12-30T14:20:57.548+0100] {processor.py:842} WARNING - No viable dags retrieved from /home/ubuntu/.local/lib/python3.10/site-packages/airflow/example_dags/example_kubernetes_executor.py
[2023-12-30T14:20:57.556+0100] {processor.py:183} INFO - Processing /home/ubuntu/.local/lib/python3.10/site-packages/airflow/example_dags/example_kubernetes_executor.py took 0.026 seconds
[2023-12-30T14:21:50.504+0100] {processor.py:161} INFO - Started process (PID=9601) to work on /home/ubuntu/.local/lib/python3.10/site-packages/airflow/example_dags/example_kubernetes_executor.py
[2023-12-30T14:21:50.515+0100] {processor.py:830} INFO - Processing file /home/ubuntu/.local/lib/python3.10/site-packages/airflow/example_dags/example_kubernetes_executor.py for tasks to queue
[2023-12-30T14:21:50.518+0100] {logging_mixin.py:188} INFO - [2023-12-30T14:21:50.517+0100] {dagbag.py:538} INFO - Filling up the DagBag from /home/ubuntu/.local/lib/python3.10/site-packages/airflow/example_dags/example_kubernetes_executor.py
[2023-12-30T14:21:50.527+0100] {logging_mixin.py:188} INFO - [2023-12-30T14:21:50.527+0100] {example_kubernetes_executor.py:38} WARNING - The example_kubernetes_executor example DAG requires the kubernetes provider. Please install it with: pip install apache-airflow[cncf.kubernetes]
[2023-12-30T14:21:50.528+0100] {processor.py:842} WARNING - No viable dags retrieved from /home/ubuntu/.local/lib/python3.10/site-packages/airflow/example_dags/example_kubernetes_executor.py
[2023-12-30T14:21:50.546+0100] {processor.py:183} INFO - Processing /home/ubuntu/.local/lib/python3.10/site-packages/airflow/example_dags/example_kubernetes_executor.py took 0.045 seconds
[2023-12-30T14:22:49.702+0100] {processor.py:161} INFO - Started process (PID=9680) to work on /home/ubuntu/.local/lib/python3.10/site-packages/airflow/example_dags/example_kubernetes_executor.py
[2023-12-30T14:22:49.713+0100] {processor.py:830} INFO - Processing file /home/ubuntu/.local/lib/python3.10/site-packages/airflow/example_dags/example_kubernetes_executor.py for tasks to queue
[2023-12-30T14:22:49.713+0100] {logging_mixin.py:188} INFO - [2023-12-30T14:22:49.713+0100] {dagbag.py:538} INFO - Filling up the DagBag from /home/ubuntu/.local/lib/python3.10/site-packages/airflow/example_dags/example_kubernetes_executor.py
[2023-12-30T14:22:49.717+0100] {logging_mixin.py:188} INFO - [2023-12-30T14:22:49.716+0100] {example_kubernetes_executor.py:38} WARNING - The example_kubernetes_executor example DAG requires the kubernetes provider. Please install it with: pip install apache-airflow[cncf.kubernetes]
[2023-12-30T14:22:49.717+0100] {processor.py:842} WARNING - No viable dags retrieved from /home/ubuntu/.local/lib/python3.10/site-packages/airflow/example_dags/example_kubernetes_executor.py
[2023-12-30T14:22:49.725+0100] {processor.py:183} INFO - Processing /home/ubuntu/.local/lib/python3.10/site-packages/airflow/example_dags/example_kubernetes_executor.py took 0.026 seconds
[2023-12-30T14:23:53.368+0100] {processor.py:161} INFO - Started process (PID=9784) to work on /home/ubuntu/.local/lib/python3.10/site-packages/airflow/example_dags/example_kubernetes_executor.py
[2023-12-30T14:23:53.370+0100] {processor.py:830} INFO - Processing file /home/ubuntu/.local/lib/python3.10/site-packages/airflow/example_dags/example_kubernetes_executor.py for tasks to queue
[2023-12-30T14:23:53.371+0100] {logging_mixin.py:188} INFO - [2023-12-30T14:23:53.370+0100] {dagbag.py:538} INFO - Filling up the DagBag from /home/ubuntu/.local/lib/python3.10/site-packages/airflow/example_dags/example_kubernetes_executor.py
[2023-12-30T14:23:53.376+0100] {logging_mixin.py:188} INFO - [2023-12-30T14:23:53.376+0100] {example_kubernetes_executor.py:38} WARNING - The example_kubernetes_executor example DAG requires the kubernetes provider. Please install it with: pip install apache-airflow[cncf.kubernetes]
[2023-12-30T14:23:53.376+0100] {processor.py:842} WARNING - No viable dags retrieved from /home/ubuntu/.local/lib/python3.10/site-packages/airflow/example_dags/example_kubernetes_executor.py
[2023-12-30T14:23:53.389+0100] {processor.py:183} INFO - Processing /home/ubuntu/.local/lib/python3.10/site-packages/airflow/example_dags/example_kubernetes_executor.py took 0.025 seconds
[2023-12-30T14:24:58.775+0100] {processor.py:161} INFO - Started process (PID=10141) to work on /home/ubuntu/.local/lib/python3.10/site-packages/airflow/example_dags/example_kubernetes_executor.py
[2023-12-30T14:24:58.785+0100] {processor.py:830} INFO - Processing file /home/ubuntu/.local/lib/python3.10/site-packages/airflow/example_dags/example_kubernetes_executor.py for tasks to queue
[2023-12-30T14:24:58.786+0100] {logging_mixin.py:188} INFO - [2023-12-30T14:24:58.786+0100] {dagbag.py:538} INFO - Filling up the DagBag from /home/ubuntu/.local/lib/python3.10/site-packages/airflow/example_dags/example_kubernetes_executor.py
[2023-12-30T14:24:58.788+0100] {logging_mixin.py:188} INFO - [2023-12-30T14:24:58.788+0100] {example_kubernetes_executor.py:38} WARNING - The example_kubernetes_executor example DAG requires the kubernetes provider. Please install it with: pip install apache-airflow[cncf.kubernetes]
[2023-12-30T14:24:58.789+0100] {processor.py:842} WARNING - No viable dags retrieved from /home/ubuntu/.local/lib/python3.10/site-packages/airflow/example_dags/example_kubernetes_executor.py
[2023-12-30T14:24:58.795+0100] {processor.py:183} INFO - Processing /home/ubuntu/.local/lib/python3.10/site-packages/airflow/example_dags/example_kubernetes_executor.py took 0.022 seconds
[2023-12-30T14:25:53.392+0100] {processor.py:161} INFO - Started process (PID=10270) to work on /home/ubuntu/.local/lib/python3.10/site-packages/airflow/example_dags/example_kubernetes_executor.py
[2023-12-30T14:25:53.394+0100] {processor.py:830} INFO - Processing file /home/ubuntu/.local/lib/python3.10/site-packages/airflow/example_dags/example_kubernetes_executor.py for tasks to queue
[2023-12-30T14:25:53.396+0100] {logging_mixin.py:188} INFO - [2023-12-30T14:25:53.395+0100] {dagbag.py:538} INFO - Filling up the DagBag from /home/ubuntu/.local/lib/python3.10/site-packages/airflow/example_dags/example_kubernetes_executor.py
[2023-12-30T14:25:53.400+0100] {logging_mixin.py:188} INFO - [2023-12-30T14:25:53.400+0100] {example_kubernetes_executor.py:38} WARNING - The example_kubernetes_executor example DAG requires the kubernetes provider. Please install it with: pip install apache-airflow[cncf.kubernetes]
[2023-12-30T14:25:53.401+0100] {processor.py:842} WARNING - No viable dags retrieved from /home/ubuntu/.local/lib/python3.10/site-packages/airflow/example_dags/example_kubernetes_executor.py
[2023-12-30T14:25:53.414+0100] {processor.py:183} INFO - Processing /home/ubuntu/.local/lib/python3.10/site-packages/airflow/example_dags/example_kubernetes_executor.py took 0.026 seconds
[2023-12-30T14:26:44.543+0100] {processor.py:161} INFO - Started process (PID=10699) to work on /home/ubuntu/.local/lib/python3.10/site-packages/airflow/example_dags/example_kubernetes_executor.py
[2023-12-30T14:26:44.553+0100] {processor.py:830} INFO - Processing file /home/ubuntu/.local/lib/python3.10/site-packages/airflow/example_dags/example_kubernetes_executor.py for tasks to queue
[2023-12-30T14:26:44.554+0100] {logging_mixin.py:188} INFO - [2023-12-30T14:26:44.554+0100] {dagbag.py:538} INFO - Filling up the DagBag from /home/ubuntu/.local/lib/python3.10/site-packages/airflow/example_dags/example_kubernetes_executor.py
[2023-12-30T14:26:44.557+0100] {logging_mixin.py:188} INFO - [2023-12-30T14:26:44.557+0100] {example_kubernetes_executor.py:38} WARNING - The example_kubernetes_executor example DAG requires the kubernetes provider. Please install it with: pip install apache-airflow[cncf.kubernetes]
[2023-12-30T14:26:44.558+0100] {processor.py:842} WARNING - No viable dags retrieved from /home/ubuntu/.local/lib/python3.10/site-packages/airflow/example_dags/example_kubernetes_executor.py
[2023-12-30T14:26:44.566+0100] {processor.py:183} INFO - Processing /home/ubuntu/.local/lib/python3.10/site-packages/airflow/example_dags/example_kubernetes_executor.py took 0.025 seconds
[2023-12-30T14:27:46.108+0100] {processor.py:161} INFO - Started process (PID=10843) to work on /home/ubuntu/.local/lib/python3.10/site-packages/airflow/example_dags/example_kubernetes_executor.py
[2023-12-30T14:27:46.120+0100] {processor.py:830} INFO - Processing file /home/ubuntu/.local/lib/python3.10/site-packages/airflow/example_dags/example_kubernetes_executor.py for tasks to queue
[2023-12-30T14:27:46.122+0100] {logging_mixin.py:188} INFO - [2023-12-30T14:27:46.121+0100] {dagbag.py:538} INFO - Filling up the DagBag from /home/ubuntu/.local/lib/python3.10/site-packages/airflow/example_dags/example_kubernetes_executor.py
[2023-12-30T14:27:46.130+0100] {logging_mixin.py:188} INFO - [2023-12-30T14:27:46.129+0100] {example_kubernetes_executor.py:38} WARNING - The example_kubernetes_executor example DAG requires the kubernetes provider. Please install it with: pip install apache-airflow[cncf.kubernetes]
[2023-12-30T14:27:46.130+0100] {processor.py:842} WARNING - No viable dags retrieved from /home/ubuntu/.local/lib/python3.10/site-packages/airflow/example_dags/example_kubernetes_executor.py
[2023-12-30T14:27:46.148+0100] {processor.py:183} INFO - Processing /home/ubuntu/.local/lib/python3.10/site-packages/airflow/example_dags/example_kubernetes_executor.py took 0.048 seconds
[2023-12-30T14:28:47.939+0100] {processor.py:161} INFO - Started process (PID=10917) to work on /home/ubuntu/.local/lib/python3.10/site-packages/airflow/example_dags/example_kubernetes_executor.py
[2023-12-30T14:28:47.950+0100] {processor.py:830} INFO - Processing file /home/ubuntu/.local/lib/python3.10/site-packages/airflow/example_dags/example_kubernetes_executor.py for tasks to queue
[2023-12-30T14:28:47.950+0100] {logging_mixin.py:188} INFO - [2023-12-30T14:28:47.950+0100] {dagbag.py:538} INFO - Filling up the DagBag from /home/ubuntu/.local/lib/python3.10/site-packages/airflow/example_dags/example_kubernetes_executor.py
[2023-12-30T14:28:47.953+0100] {logging_mixin.py:188} INFO - [2023-12-30T14:28:47.953+0100] {example_kubernetes_executor.py:38} WARNING - The example_kubernetes_executor example DAG requires the kubernetes provider. Please install it with: pip install apache-airflow[cncf.kubernetes]
[2023-12-30T14:28:47.953+0100] {processor.py:842} WARNING - No viable dags retrieved from /home/ubuntu/.local/lib/python3.10/site-packages/airflow/example_dags/example_kubernetes_executor.py
[2023-12-30T14:28:47.960+0100] {processor.py:183} INFO - Processing /home/ubuntu/.local/lib/python3.10/site-packages/airflow/example_dags/example_kubernetes_executor.py took 0.023 seconds
[2023-12-30T14:29:56.161+0100] {processor.py:161} INFO - Started process (PID=10995) to work on /home/ubuntu/.local/lib/python3.10/site-packages/airflow/example_dags/example_kubernetes_executor.py
[2023-12-30T14:29:56.171+0100] {processor.py:830} INFO - Processing file /home/ubuntu/.local/lib/python3.10/site-packages/airflow/example_dags/example_kubernetes_executor.py for tasks to queue
[2023-12-30T14:29:56.172+0100] {logging_mixin.py:188} INFO - [2023-12-30T14:29:56.172+0100] {dagbag.py:538} INFO - Filling up the DagBag from /home/ubuntu/.local/lib/python3.10/site-packages/airflow/example_dags/example_kubernetes_executor.py
[2023-12-30T14:29:56.174+0100] {logging_mixin.py:188} INFO - [2023-12-30T14:29:56.174+0100] {example_kubernetes_executor.py:38} WARNING - The example_kubernetes_executor example DAG requires the kubernetes provider. Please install it with: pip install apache-airflow[cncf.kubernetes]
[2023-12-30T14:29:56.174+0100] {processor.py:842} WARNING - No viable dags retrieved from /home/ubuntu/.local/lib/python3.10/site-packages/airflow/example_dags/example_kubernetes_executor.py
[2023-12-30T14:29:56.181+0100] {processor.py:183} INFO - Processing /home/ubuntu/.local/lib/python3.10/site-packages/airflow/example_dags/example_kubernetes_executor.py took 0.021 seconds
[2023-12-30T14:30:49.618+0100] {processor.py:161} INFO - Started process (PID=11057) to work on /home/ubuntu/.local/lib/python3.10/site-packages/airflow/example_dags/example_kubernetes_executor.py
[2023-12-30T14:30:49.634+0100] {processor.py:830} INFO - Processing file /home/ubuntu/.local/lib/python3.10/site-packages/airflow/example_dags/example_kubernetes_executor.py for tasks to queue
[2023-12-30T14:30:49.634+0100] {logging_mixin.py:188} INFO - [2023-12-30T14:30:49.634+0100] {dagbag.py:538} INFO - Filling up the DagBag from /home/ubuntu/.local/lib/python3.10/site-packages/airflow/example_dags/example_kubernetes_executor.py
[2023-12-30T14:30:49.638+0100] {logging_mixin.py:188} INFO - [2023-12-30T14:30:49.638+0100] {example_kubernetes_executor.py:38} WARNING - The example_kubernetes_executor example DAG requires the kubernetes provider. Please install it with: pip install apache-airflow[cncf.kubernetes]
[2023-12-30T14:30:49.638+0100] {processor.py:842} WARNING - No viable dags retrieved from /home/ubuntu/.local/lib/python3.10/site-packages/airflow/example_dags/example_kubernetes_executor.py
[2023-12-30T14:30:49.648+0100] {processor.py:183} INFO - Processing /home/ubuntu/.local/lib/python3.10/site-packages/airflow/example_dags/example_kubernetes_executor.py took 0.035 seconds
[2023-12-30T14:31:43.898+0100] {processor.py:161} INFO - Started process (PID=11133) to work on /home/ubuntu/.local/lib/python3.10/site-packages/airflow/example_dags/example_kubernetes_executor.py
[2023-12-30T14:31:43.909+0100] {processor.py:830} INFO - Processing file /home/ubuntu/.local/lib/python3.10/site-packages/airflow/example_dags/example_kubernetes_executor.py for tasks to queue
[2023-12-30T14:31:43.911+0100] {logging_mixin.py:188} INFO - [2023-12-30T14:31:43.910+0100] {dagbag.py:538} INFO - Filling up the DagBag from /home/ubuntu/.local/lib/python3.10/site-packages/airflow/example_dags/example_kubernetes_executor.py
[2023-12-30T14:31:43.919+0100] {logging_mixin.py:188} INFO - [2023-12-30T14:31:43.919+0100] {example_kubernetes_executor.py:38} WARNING - The example_kubernetes_executor example DAG requires the kubernetes provider. Please install it with: pip install apache-airflow[cncf.kubernetes]
[2023-12-30T14:31:43.920+0100] {processor.py:842} WARNING - No viable dags retrieved from /home/ubuntu/.local/lib/python3.10/site-packages/airflow/example_dags/example_kubernetes_executor.py
[2023-12-30T14:31:43.941+0100] {processor.py:183} INFO - Processing /home/ubuntu/.local/lib/python3.10/site-packages/airflow/example_dags/example_kubernetes_executor.py took 0.046 seconds
[2023-12-30T14:32:39.971+0100] {processor.py:161} INFO - Started process (PID=11297) to work on /home/ubuntu/.local/lib/python3.10/site-packages/airflow/example_dags/example_kubernetes_executor.py
[2023-12-30T14:32:39.972+0100] {processor.py:830} INFO - Processing file /home/ubuntu/.local/lib/python3.10/site-packages/airflow/example_dags/example_kubernetes_executor.py for tasks to queue
[2023-12-30T14:32:39.973+0100] {logging_mixin.py:188} INFO - [2023-12-30T14:32:39.973+0100] {dagbag.py:538} INFO - Filling up the DagBag from /home/ubuntu/.local/lib/python3.10/site-packages/airflow/example_dags/example_kubernetes_executor.py
[2023-12-30T14:32:39.976+0100] {logging_mixin.py:188} INFO - [2023-12-30T14:32:39.976+0100] {example_kubernetes_executor.py:38} WARNING - The example_kubernetes_executor example DAG requires the kubernetes provider. Please install it with: pip install apache-airflow[cncf.kubernetes]
[2023-12-30T14:32:39.976+0100] {processor.py:842} WARNING - No viable dags retrieved from /home/ubuntu/.local/lib/python3.10/site-packages/airflow/example_dags/example_kubernetes_executor.py
[2023-12-30T14:32:39.986+0100] {processor.py:183} INFO - Processing /home/ubuntu/.local/lib/python3.10/site-packages/airflow/example_dags/example_kubernetes_executor.py took 0.018 seconds
[2023-12-30T14:33:33.300+0100] {processor.py:161} INFO - Started process (PID=11568) to work on /home/ubuntu/.local/lib/python3.10/site-packages/airflow/example_dags/example_kubernetes_executor.py
[2023-12-30T14:33:33.301+0100] {processor.py:830} INFO - Processing file /home/ubuntu/.local/lib/python3.10/site-packages/airflow/example_dags/example_kubernetes_executor.py for tasks to queue
[2023-12-30T14:33:33.303+0100] {logging_mixin.py:188} INFO - [2023-12-30T14:33:33.302+0100] {dagbag.py:538} INFO - Filling up the DagBag from /home/ubuntu/.local/lib/python3.10/site-packages/airflow/example_dags/example_kubernetes_executor.py
[2023-12-30T14:33:33.308+0100] {logging_mixin.py:188} INFO - [2023-12-30T14:33:33.308+0100] {example_kubernetes_executor.py:38} WARNING - The example_kubernetes_executor example DAG requires the kubernetes provider. Please install it with: pip install apache-airflow[cncf.kubernetes]
[2023-12-30T14:33:33.308+0100] {processor.py:842} WARNING - No viable dags retrieved from /home/ubuntu/.local/lib/python3.10/site-packages/airflow/example_dags/example_kubernetes_executor.py
[2023-12-30T14:33:33.325+0100] {processor.py:183} INFO - Processing /home/ubuntu/.local/lib/python3.10/site-packages/airflow/example_dags/example_kubernetes_executor.py took 0.030 seconds
[2023-12-30T14:34:34.648+0100] {processor.py:161} INFO - Started process (PID=12002) to work on /home/ubuntu/.local/lib/python3.10/site-packages/airflow/example_dags/example_kubernetes_executor.py
[2023-12-30T14:34:34.649+0100] {processor.py:830} INFO - Processing file /home/ubuntu/.local/lib/python3.10/site-packages/airflow/example_dags/example_kubernetes_executor.py for tasks to queue
[2023-12-30T14:34:34.650+0100] {logging_mixin.py:188} INFO - [2023-12-30T14:34:34.650+0100] {dagbag.py:538} INFO - Filling up the DagBag from /home/ubuntu/.local/lib/python3.10/site-packages/airflow/example_dags/example_kubernetes_executor.py
[2023-12-30T14:34:34.656+0100] {logging_mixin.py:188} INFO - [2023-12-30T14:34:34.656+0100] {example_kubernetes_executor.py:38} WARNING - The example_kubernetes_executor example DAG requires the kubernetes provider. Please install it with: pip install apache-airflow[cncf.kubernetes]
[2023-12-30T14:34:34.656+0100] {processor.py:842} WARNING - No viable dags retrieved from /home/ubuntu/.local/lib/python3.10/site-packages/airflow/example_dags/example_kubernetes_executor.py
[2023-12-30T14:34:34.667+0100] {processor.py:183} INFO - Processing /home/ubuntu/.local/lib/python3.10/site-packages/airflow/example_dags/example_kubernetes_executor.py took 0.023 seconds
