[2023-12-30T13:34:05.751+0100] {processor.py:161} INFO - Started process (PID=4119) to work on /home/ubuntu/.local/lib/python3.10/site-packages/airflow/example_dags/example_latest_only_with_trigger.py
[2023-12-30T13:34:05.752+0100] {processor.py:830} INFO - Processing file /home/ubuntu/.local/lib/python3.10/site-packages/airflow/example_dags/example_latest_only_with_trigger.py for tasks to queue
[2023-12-30T13:34:05.752+0100] {logging_mixin.py:188} INFO - [2023-12-30T13:34:05.752+0100] {dagbag.py:538} INFO - Filling up the DagBag from /home/ubuntu/.local/lib/python3.10/site-packages/airflow/example_dags/example_latest_only_with_trigger.py
[2023-12-30T13:34:05.759+0100] {processor.py:840} INFO - DAG(s) 'latest_only_with_trigger' retrieved from /home/ubuntu/.local/lib/python3.10/site-packages/airflow/example_dags/example_latest_only_with_trigger.py
[2023-12-30T13:34:05.836+0100] {logging_mixin.py:188} INFO - [2023-12-30T13:34:05.835+0100] {dag.py:3033} INFO - Sync 1 DAGs
[2023-12-30T13:34:05.850+0100] {logging_mixin.py:188} INFO - [2023-12-30T13:34:05.850+0100] {dag.py:3820} INFO - Setting next_dagrun for latest_only_with_trigger to 2023-12-30T08:00:00+00:00, run_after=2023-12-30T12:00:00+00:00
[2023-12-30T13:34:05.870+0100] {processor.py:183} INFO - Processing /home/ubuntu/.local/lib/python3.10/site-packages/airflow/example_dags/example_latest_only_with_trigger.py took 0.123 seconds
[2023-12-30T13:34:59.912+0100] {processor.py:161} INFO - Started process (PID=4220) to work on /home/ubuntu/.local/lib/python3.10/site-packages/airflow/example_dags/example_latest_only_with_trigger.py
[2023-12-30T13:34:59.914+0100] {processor.py:830} INFO - Processing file /home/ubuntu/.local/lib/python3.10/site-packages/airflow/example_dags/example_latest_only_with_trigger.py for tasks to queue
[2023-12-30T13:34:59.915+0100] {logging_mixin.py:188} INFO - [2023-12-30T13:34:59.914+0100] {dagbag.py:538} INFO - Filling up the DagBag from /home/ubuntu/.local/lib/python3.10/site-packages/airflow/example_dags/example_latest_only_with_trigger.py
[2023-12-30T13:34:59.923+0100] {processor.py:840} INFO - DAG(s) 'latest_only_with_trigger' retrieved from /home/ubuntu/.local/lib/python3.10/site-packages/airflow/example_dags/example_latest_only_with_trigger.py
[2023-12-30T13:34:59.940+0100] {logging_mixin.py:188} INFO - [2023-12-30T13:34:59.939+0100] {dag.py:3033} INFO - Sync 1 DAGs
[2023-12-30T13:34:59.953+0100] {logging_mixin.py:188} INFO - [2023-12-30T13:34:59.953+0100] {dag.py:3820} INFO - Setting next_dagrun for latest_only_with_trigger to 2023-12-30T08:00:00+00:00, run_after=2023-12-30T12:00:00+00:00
[2023-12-30T13:34:59.968+0100] {processor.py:183} INFO - Processing /home/ubuntu/.local/lib/python3.10/site-packages/airflow/example_dags/example_latest_only_with_trigger.py took 0.059 seconds
[2023-12-30T13:35:52.796+0100] {processor.py:161} INFO - Started process (PID=4329) to work on /home/ubuntu/.local/lib/python3.10/site-packages/airflow/example_dags/example_latest_only_with_trigger.py
[2023-12-30T13:35:52.799+0100] {processor.py:830} INFO - Processing file /home/ubuntu/.local/lib/python3.10/site-packages/airflow/example_dags/example_latest_only_with_trigger.py for tasks to queue
[2023-12-30T13:35:52.801+0100] {logging_mixin.py:188} INFO - [2023-12-30T13:35:52.800+0100] {dagbag.py:538} INFO - Filling up the DagBag from /home/ubuntu/.local/lib/python3.10/site-packages/airflow/example_dags/example_latest_only_with_trigger.py
[2023-12-30T13:35:52.815+0100] {processor.py:840} INFO - DAG(s) 'latest_only_with_trigger' retrieved from /home/ubuntu/.local/lib/python3.10/site-packages/airflow/example_dags/example_latest_only_with_trigger.py
[2023-12-30T13:35:52.833+0100] {logging_mixin.py:188} INFO - [2023-12-30T13:35:52.833+0100] {dag.py:3033} INFO - Sync 1 DAGs
[2023-12-30T13:35:52.852+0100] {logging_mixin.py:188} INFO - [2023-12-30T13:35:52.851+0100] {dag.py:3820} INFO - Setting next_dagrun for latest_only_with_trigger to 2023-12-30T08:00:00+00:00, run_after=2023-12-30T12:00:00+00:00
[2023-12-30T13:35:52.879+0100] {processor.py:183} INFO - Processing /home/ubuntu/.local/lib/python3.10/site-packages/airflow/example_dags/example_latest_only_with_trigger.py took 0.091 seconds
[2023-12-30T13:36:47.160+0100] {processor.py:161} INFO - Started process (PID=4705) to work on /home/ubuntu/.local/lib/python3.10/site-packages/airflow/example_dags/example_latest_only_with_trigger.py
[2023-12-30T13:36:47.163+0100] {processor.py:830} INFO - Processing file /home/ubuntu/.local/lib/python3.10/site-packages/airflow/example_dags/example_latest_only_with_trigger.py for tasks to queue
[2023-12-30T13:36:47.165+0100] {logging_mixin.py:188} INFO - [2023-12-30T13:36:47.164+0100] {dagbag.py:538} INFO - Filling up the DagBag from /home/ubuntu/.local/lib/python3.10/site-packages/airflow/example_dags/example_latest_only_with_trigger.py
[2023-12-30T13:36:47.178+0100] {processor.py:840} INFO - DAG(s) 'latest_only_with_trigger' retrieved from /home/ubuntu/.local/lib/python3.10/site-packages/airflow/example_dags/example_latest_only_with_trigger.py
[2023-12-30T13:36:47.197+0100] {logging_mixin.py:188} INFO - [2023-12-30T13:36:47.197+0100] {dag.py:3033} INFO - Sync 1 DAGs
[2023-12-30T13:36:47.211+0100] {logging_mixin.py:188} INFO - [2023-12-30T13:36:47.211+0100] {dag.py:3820} INFO - Setting next_dagrun for latest_only_with_trigger to 2023-12-30T08:00:00+00:00, run_after=2023-12-30T12:00:00+00:00
[2023-12-30T13:36:47.244+0100] {processor.py:183} INFO - Processing /home/ubuntu/.local/lib/python3.10/site-packages/airflow/example_dags/example_latest_only_with_trigger.py took 0.091 seconds
[2023-12-30T13:37:45.374+0100] {processor.py:161} INFO - Started process (PID=5838) to work on /home/ubuntu/.local/lib/python3.10/site-packages/airflow/example_dags/example_latest_only_with_trigger.py
[2023-12-30T13:37:45.375+0100] {processor.py:830} INFO - Processing file /home/ubuntu/.local/lib/python3.10/site-packages/airflow/example_dags/example_latest_only_with_trigger.py for tasks to queue
[2023-12-30T13:37:45.375+0100] {logging_mixin.py:188} INFO - [2023-12-30T13:37:45.375+0100] {dagbag.py:538} INFO - Filling up the DagBag from /home/ubuntu/.local/lib/python3.10/site-packages/airflow/example_dags/example_latest_only_with_trigger.py
[2023-12-30T13:37:45.380+0100] {processor.py:840} INFO - DAG(s) 'latest_only_with_trigger' retrieved from /home/ubuntu/.local/lib/python3.10/site-packages/airflow/example_dags/example_latest_only_with_trigger.py
[2023-12-30T13:37:45.395+0100] {logging_mixin.py:188} INFO - [2023-12-30T13:37:45.395+0100] {dag.py:3033} INFO - Sync 1 DAGs
[2023-12-30T13:37:45.413+0100] {logging_mixin.py:188} INFO - [2023-12-30T13:37:45.413+0100] {dag.py:3820} INFO - Setting next_dagrun for latest_only_with_trigger to 2023-12-30T08:00:00+00:00, run_after=2023-12-30T12:00:00+00:00
[2023-12-30T13:37:45.430+0100] {processor.py:183} INFO - Processing /home/ubuntu/.local/lib/python3.10/site-packages/airflow/example_dags/example_latest_only_with_trigger.py took 0.058 seconds
[2023-12-30T13:38:39.811+0100] {processor.py:161} INFO - Started process (PID=5958) to work on /home/ubuntu/.local/lib/python3.10/site-packages/airflow/example_dags/example_latest_only_with_trigger.py
[2023-12-30T13:38:39.821+0100] {processor.py:830} INFO - Processing file /home/ubuntu/.local/lib/python3.10/site-packages/airflow/example_dags/example_latest_only_with_trigger.py for tasks to queue
[2023-12-30T13:38:39.822+0100] {logging_mixin.py:188} INFO - [2023-12-30T13:38:39.822+0100] {dagbag.py:538} INFO - Filling up the DagBag from /home/ubuntu/.local/lib/python3.10/site-packages/airflow/example_dags/example_latest_only_with_trigger.py
[2023-12-30T13:38:39.831+0100] {processor.py:840} INFO - DAG(s) 'latest_only_with_trigger' retrieved from /home/ubuntu/.local/lib/python3.10/site-packages/airflow/example_dags/example_latest_only_with_trigger.py
[2023-12-30T13:38:39.848+0100] {logging_mixin.py:188} INFO - [2023-12-30T13:38:39.848+0100] {dag.py:3033} INFO - Sync 1 DAGs
[2023-12-30T13:38:39.862+0100] {logging_mixin.py:188} INFO - [2023-12-30T13:38:39.862+0100] {dag.py:3820} INFO - Setting next_dagrun for latest_only_with_trigger to 2023-12-30T08:00:00+00:00, run_after=2023-12-30T12:00:00+00:00
[2023-12-30T13:38:39.878+0100] {processor.py:183} INFO - Processing /home/ubuntu/.local/lib/python3.10/site-packages/airflow/example_dags/example_latest_only_with_trigger.py took 0.072 seconds
[2023-12-30T13:39:30.644+0100] {processor.py:161} INFO - Started process (PID=6090) to work on /home/ubuntu/.local/lib/python3.10/site-packages/airflow/example_dags/example_latest_only_with_trigger.py
[2023-12-30T13:39:30.656+0100] {processor.py:830} INFO - Processing file /home/ubuntu/.local/lib/python3.10/site-packages/airflow/example_dags/example_latest_only_with_trigger.py for tasks to queue
[2023-12-30T13:39:30.659+0100] {logging_mixin.py:188} INFO - [2023-12-30T13:39:30.658+0100] {dagbag.py:538} INFO - Filling up the DagBag from /home/ubuntu/.local/lib/python3.10/site-packages/airflow/example_dags/example_latest_only_with_trigger.py
[2023-12-30T13:39:30.673+0100] {processor.py:840} INFO - DAG(s) 'latest_only_with_trigger' retrieved from /home/ubuntu/.local/lib/python3.10/site-packages/airflow/example_dags/example_latest_only_with_trigger.py
[2023-12-30T13:39:30.698+0100] {logging_mixin.py:188} INFO - [2023-12-30T13:39:30.698+0100] {dag.py:3033} INFO - Sync 1 DAGs
[2023-12-30T13:39:30.713+0100] {logging_mixin.py:188} INFO - [2023-12-30T13:39:30.712+0100] {dag.py:3820} INFO - Setting next_dagrun for latest_only_with_trigger to 2023-12-30T08:00:00+00:00, run_after=2023-12-30T12:00:00+00:00
[2023-12-30T13:39:30.727+0100] {processor.py:183} INFO - Processing /home/ubuntu/.local/lib/python3.10/site-packages/airflow/example_dags/example_latest_only_with_trigger.py took 0.090 seconds
[2023-12-30T13:40:26.201+0100] {processor.py:161} INFO - Started process (PID=6165) to work on /home/ubuntu/.local/lib/python3.10/site-packages/airflow/example_dags/example_latest_only_with_trigger.py
[2023-12-30T13:40:26.211+0100] {processor.py:830} INFO - Processing file /home/ubuntu/.local/lib/python3.10/site-packages/airflow/example_dags/example_latest_only_with_trigger.py for tasks to queue
[2023-12-30T13:40:26.212+0100] {logging_mixin.py:188} INFO - [2023-12-30T13:40:26.212+0100] {dagbag.py:538} INFO - Filling up the DagBag from /home/ubuntu/.local/lib/python3.10/site-packages/airflow/example_dags/example_latest_only_with_trigger.py
[2023-12-30T13:40:26.216+0100] {processor.py:840} INFO - DAG(s) 'latest_only_with_trigger' retrieved from /home/ubuntu/.local/lib/python3.10/site-packages/airflow/example_dags/example_latest_only_with_trigger.py
[2023-12-30T13:40:26.226+0100] {logging_mixin.py:188} INFO - [2023-12-30T13:40:26.226+0100] {dag.py:3033} INFO - Sync 1 DAGs
[2023-12-30T13:40:26.240+0100] {logging_mixin.py:188} INFO - [2023-12-30T13:40:26.240+0100] {dag.py:3820} INFO - Setting next_dagrun for latest_only_with_trigger to 2023-12-30T08:00:00+00:00, run_after=2023-12-30T12:00:00+00:00
[2023-12-30T13:40:26.254+0100] {processor.py:183} INFO - Processing /home/ubuntu/.local/lib/python3.10/site-packages/airflow/example_dags/example_latest_only_with_trigger.py took 0.055 seconds
[2023-12-30T13:41:18.530+0100] {processor.py:161} INFO - Started process (PID=6231) to work on /home/ubuntu/.local/lib/python3.10/site-packages/airflow/example_dags/example_latest_only_with_trigger.py
[2023-12-30T13:41:18.540+0100] {processor.py:830} INFO - Processing file /home/ubuntu/.local/lib/python3.10/site-packages/airflow/example_dags/example_latest_only_with_trigger.py for tasks to queue
[2023-12-30T13:41:18.541+0100] {logging_mixin.py:188} INFO - [2023-12-30T13:41:18.541+0100] {dagbag.py:538} INFO - Filling up the DagBag from /home/ubuntu/.local/lib/python3.10/site-packages/airflow/example_dags/example_latest_only_with_trigger.py
[2023-12-30T13:41:18.545+0100] {processor.py:840} INFO - DAG(s) 'latest_only_with_trigger' retrieved from /home/ubuntu/.local/lib/python3.10/site-packages/airflow/example_dags/example_latest_only_with_trigger.py
[2023-12-30T13:41:18.557+0100] {logging_mixin.py:188} INFO - [2023-12-30T13:41:18.557+0100] {dag.py:3033} INFO - Sync 1 DAGs
[2023-12-30T13:41:18.571+0100] {logging_mixin.py:188} INFO - [2023-12-30T13:41:18.571+0100] {dag.py:3820} INFO - Setting next_dagrun for latest_only_with_trigger to 2023-12-30T08:00:00+00:00, run_after=2023-12-30T12:00:00+00:00
[2023-12-30T13:41:18.589+0100] {processor.py:183} INFO - Processing /home/ubuntu/.local/lib/python3.10/site-packages/airflow/example_dags/example_latest_only_with_trigger.py took 0.060 seconds
[2023-12-30T13:42:11.757+0100] {processor.py:161} INFO - Started process (PID=6334) to work on /home/ubuntu/.local/lib/python3.10/site-packages/airflow/example_dags/example_latest_only_with_trigger.py
[2023-12-30T13:42:11.767+0100] {processor.py:830} INFO - Processing file /home/ubuntu/.local/lib/python3.10/site-packages/airflow/example_dags/example_latest_only_with_trigger.py for tasks to queue
[2023-12-30T13:42:11.767+0100] {logging_mixin.py:188} INFO - [2023-12-30T13:42:11.767+0100] {dagbag.py:538} INFO - Filling up the DagBag from /home/ubuntu/.local/lib/python3.10/site-packages/airflow/example_dags/example_latest_only_with_trigger.py
[2023-12-30T13:42:11.771+0100] {processor.py:840} INFO - DAG(s) 'latest_only_with_trigger' retrieved from /home/ubuntu/.local/lib/python3.10/site-packages/airflow/example_dags/example_latest_only_with_trigger.py
[2023-12-30T13:42:11.782+0100] {logging_mixin.py:188} INFO - [2023-12-30T13:42:11.782+0100] {dag.py:3033} INFO - Sync 1 DAGs
[2023-12-30T13:42:11.795+0100] {logging_mixin.py:188} INFO - [2023-12-30T13:42:11.795+0100] {dag.py:3820} INFO - Setting next_dagrun for latest_only_with_trigger to 2023-12-30T08:00:00+00:00, run_after=2023-12-30T12:00:00+00:00
[2023-12-30T13:42:11.811+0100] {processor.py:183} INFO - Processing /home/ubuntu/.local/lib/python3.10/site-packages/airflow/example_dags/example_latest_only_with_trigger.py took 0.056 seconds
[2023-12-30T13:43:10.186+0100] {processor.py:161} INFO - Started process (PID=6402) to work on /home/ubuntu/.local/lib/python3.10/site-packages/airflow/example_dags/example_latest_only_with_trigger.py
[2023-12-30T13:43:10.196+0100] {processor.py:830} INFO - Processing file /home/ubuntu/.local/lib/python3.10/site-packages/airflow/example_dags/example_latest_only_with_trigger.py for tasks to queue
[2023-12-30T13:43:10.197+0100] {logging_mixin.py:188} INFO - [2023-12-30T13:43:10.197+0100] {dagbag.py:538} INFO - Filling up the DagBag from /home/ubuntu/.local/lib/python3.10/site-packages/airflow/example_dags/example_latest_only_with_trigger.py
[2023-12-30T13:43:10.202+0100] {processor.py:840} INFO - DAG(s) 'latest_only_with_trigger' retrieved from /home/ubuntu/.local/lib/python3.10/site-packages/airflow/example_dags/example_latest_only_with_trigger.py
[2023-12-30T13:43:10.213+0100] {logging_mixin.py:188} INFO - [2023-12-30T13:43:10.213+0100] {dag.py:3033} INFO - Sync 1 DAGs
[2023-12-30T13:43:10.227+0100] {logging_mixin.py:188} INFO - [2023-12-30T13:43:10.227+0100] {dag.py:3820} INFO - Setting next_dagrun for latest_only_with_trigger to 2023-12-30T08:00:00+00:00, run_after=2023-12-30T12:00:00+00:00
[2023-12-30T13:43:10.244+0100] {processor.py:183} INFO - Processing /home/ubuntu/.local/lib/python3.10/site-packages/airflow/example_dags/example_latest_only_with_trigger.py took 0.061 seconds
[2023-12-30T13:44:03.717+0100] {processor.py:161} INFO - Started process (PID=6515) to work on /home/ubuntu/.local/lib/python3.10/site-packages/airflow/example_dags/example_latest_only_with_trigger.py
[2023-12-30T13:44:03.727+0100] {processor.py:830} INFO - Processing file /home/ubuntu/.local/lib/python3.10/site-packages/airflow/example_dags/example_latest_only_with_trigger.py for tasks to queue
[2023-12-30T13:44:03.727+0100] {logging_mixin.py:188} INFO - [2023-12-30T13:44:03.727+0100] {dagbag.py:538} INFO - Filling up the DagBag from /home/ubuntu/.local/lib/python3.10/site-packages/airflow/example_dags/example_latest_only_with_trigger.py
[2023-12-30T13:44:03.732+0100] {processor.py:840} INFO - DAG(s) 'latest_only_with_trigger' retrieved from /home/ubuntu/.local/lib/python3.10/site-packages/airflow/example_dags/example_latest_only_with_trigger.py
[2023-12-30T13:44:03.743+0100] {logging_mixin.py:188} INFO - [2023-12-30T13:44:03.743+0100] {dag.py:3033} INFO - Sync 1 DAGs
[2023-12-30T13:44:03.757+0100] {logging_mixin.py:188} INFO - [2023-12-30T13:44:03.757+0100] {dag.py:3820} INFO - Setting next_dagrun for latest_only_with_trigger to 2023-12-30T08:00:00+00:00, run_after=2023-12-30T12:00:00+00:00
[2023-12-30T13:44:03.777+0100] {processor.py:183} INFO - Processing /home/ubuntu/.local/lib/python3.10/site-packages/airflow/example_dags/example_latest_only_with_trigger.py took 0.064 seconds
[2023-12-30T13:44:57.374+0100] {processor.py:161} INFO - Started process (PID=6577) to work on /home/ubuntu/.local/lib/python3.10/site-packages/airflow/example_dags/example_latest_only_with_trigger.py
[2023-12-30T13:44:57.375+0100] {processor.py:830} INFO - Processing file /home/ubuntu/.local/lib/python3.10/site-packages/airflow/example_dags/example_latest_only_with_trigger.py for tasks to queue
[2023-12-30T13:44:57.375+0100] {logging_mixin.py:188} INFO - [2023-12-30T13:44:57.375+0100] {dagbag.py:538} INFO - Filling up the DagBag from /home/ubuntu/.local/lib/python3.10/site-packages/airflow/example_dags/example_latest_only_with_trigger.py
[2023-12-30T13:44:57.379+0100] {processor.py:840} INFO - DAG(s) 'latest_only_with_trigger' retrieved from /home/ubuntu/.local/lib/python3.10/site-packages/airflow/example_dags/example_latest_only_with_trigger.py
[2023-12-30T13:44:57.388+0100] {logging_mixin.py:188} INFO - [2023-12-30T13:44:57.388+0100] {dag.py:3033} INFO - Sync 1 DAGs
[2023-12-30T13:44:57.399+0100] {logging_mixin.py:188} INFO - [2023-12-30T13:44:57.399+0100] {dag.py:3820} INFO - Setting next_dagrun for latest_only_with_trigger to 2023-12-30T08:00:00+00:00, run_after=2023-12-30T12:00:00+00:00
[2023-12-30T13:44:57.427+0100] {processor.py:183} INFO - Processing /home/ubuntu/.local/lib/python3.10/site-packages/airflow/example_dags/example_latest_only_with_trigger.py took 0.054 seconds
[2023-12-30T13:45:52.940+0100] {processor.py:161} INFO - Started process (PID=6640) to work on /home/ubuntu/.local/lib/python3.10/site-packages/airflow/example_dags/example_latest_only_with_trigger.py
[2023-12-30T13:45:52.950+0100] {processor.py:830} INFO - Processing file /home/ubuntu/.local/lib/python3.10/site-packages/airflow/example_dags/example_latest_only_with_trigger.py for tasks to queue
[2023-12-30T13:45:52.950+0100] {logging_mixin.py:188} INFO - [2023-12-30T13:45:52.950+0100] {dagbag.py:538} INFO - Filling up the DagBag from /home/ubuntu/.local/lib/python3.10/site-packages/airflow/example_dags/example_latest_only_with_trigger.py
[2023-12-30T13:45:52.954+0100] {processor.py:840} INFO - DAG(s) 'latest_only_with_trigger' retrieved from /home/ubuntu/.local/lib/python3.10/site-packages/airflow/example_dags/example_latest_only_with_trigger.py
[2023-12-30T13:45:52.964+0100] {logging_mixin.py:188} INFO - [2023-12-30T13:45:52.964+0100] {dag.py:3033} INFO - Sync 1 DAGs
[2023-12-30T13:45:52.974+0100] {logging_mixin.py:188} INFO - [2023-12-30T13:45:52.974+0100] {dag.py:3820} INFO - Setting next_dagrun for latest_only_with_trigger to 2023-12-30T08:00:00+00:00, run_after=2023-12-30T12:00:00+00:00
[2023-12-30T13:45:52.991+0100] {processor.py:183} INFO - Processing /home/ubuntu/.local/lib/python3.10/site-packages/airflow/example_dags/example_latest_only_with_trigger.py took 0.053 seconds
[2023-12-30T13:46:47.168+0100] {processor.py:161} INFO - Started process (PID=6702) to work on /home/ubuntu/.local/lib/python3.10/site-packages/airflow/example_dags/example_latest_only_with_trigger.py
[2023-12-30T13:46:47.178+0100] {processor.py:830} INFO - Processing file /home/ubuntu/.local/lib/python3.10/site-packages/airflow/example_dags/example_latest_only_with_trigger.py for tasks to queue
[2023-12-30T13:46:47.178+0100] {logging_mixin.py:188} INFO - [2023-12-30T13:46:47.178+0100] {dagbag.py:538} INFO - Filling up the DagBag from /home/ubuntu/.local/lib/python3.10/site-packages/airflow/example_dags/example_latest_only_with_trigger.py
[2023-12-30T13:46:47.182+0100] {processor.py:840} INFO - DAG(s) 'latest_only_with_trigger' retrieved from /home/ubuntu/.local/lib/python3.10/site-packages/airflow/example_dags/example_latest_only_with_trigger.py
[2023-12-30T13:46:47.192+0100] {logging_mixin.py:188} INFO - [2023-12-30T13:46:47.192+0100] {dag.py:3033} INFO - Sync 1 DAGs
[2023-12-30T13:46:47.203+0100] {logging_mixin.py:188} INFO - [2023-12-30T13:46:47.203+0100] {dag.py:3820} INFO - Setting next_dagrun for latest_only_with_trigger to 2023-12-30T08:00:00+00:00, run_after=2023-12-30T12:00:00+00:00
[2023-12-30T13:46:47.220+0100] {processor.py:183} INFO - Processing /home/ubuntu/.local/lib/python3.10/site-packages/airflow/example_dags/example_latest_only_with_trigger.py took 0.055 seconds
[2023-12-30T13:47:41.308+0100] {processor.py:161} INFO - Started process (PID=6776) to work on /home/ubuntu/.local/lib/python3.10/site-packages/airflow/example_dags/example_latest_only_with_trigger.py
[2023-12-30T13:47:41.318+0100] {processor.py:830} INFO - Processing file /home/ubuntu/.local/lib/python3.10/site-packages/airflow/example_dags/example_latest_only_with_trigger.py for tasks to queue
[2023-12-30T13:47:41.318+0100] {logging_mixin.py:188} INFO - [2023-12-30T13:47:41.318+0100] {dagbag.py:538} INFO - Filling up the DagBag from /home/ubuntu/.local/lib/python3.10/site-packages/airflow/example_dags/example_latest_only_with_trigger.py
[2023-12-30T13:47:41.322+0100] {processor.py:840} INFO - DAG(s) 'latest_only_with_trigger' retrieved from /home/ubuntu/.local/lib/python3.10/site-packages/airflow/example_dags/example_latest_only_with_trigger.py
[2023-12-30T13:47:41.334+0100] {logging_mixin.py:188} INFO - [2023-12-30T13:47:41.334+0100] {dag.py:3033} INFO - Sync 1 DAGs
[2023-12-30T13:47:41.346+0100] {logging_mixin.py:188} INFO - [2023-12-30T13:47:41.346+0100] {dag.py:3820} INFO - Setting next_dagrun for latest_only_with_trigger to 2023-12-30T08:00:00+00:00, run_after=2023-12-30T12:00:00+00:00
[2023-12-30T13:47:41.366+0100] {processor.py:183} INFO - Processing /home/ubuntu/.local/lib/python3.10/site-packages/airflow/example_dags/example_latest_only_with_trigger.py took 0.060 seconds
[2023-12-30T13:48:31.921+0100] {processor.py:161} INFO - Started process (PID=6838) to work on /home/ubuntu/.local/lib/python3.10/site-packages/airflow/example_dags/example_latest_only_with_trigger.py
[2023-12-30T13:48:31.922+0100] {processor.py:830} INFO - Processing file /home/ubuntu/.local/lib/python3.10/site-packages/airflow/example_dags/example_latest_only_with_trigger.py for tasks to queue
[2023-12-30T13:48:31.923+0100] {logging_mixin.py:188} INFO - [2023-12-30T13:48:31.922+0100] {dagbag.py:538} INFO - Filling up the DagBag from /home/ubuntu/.local/lib/python3.10/site-packages/airflow/example_dags/example_latest_only_with_trigger.py
[2023-12-30T13:48:31.926+0100] {processor.py:840} INFO - DAG(s) 'latest_only_with_trigger' retrieved from /home/ubuntu/.local/lib/python3.10/site-packages/airflow/example_dags/example_latest_only_with_trigger.py
[2023-12-30T13:48:31.936+0100] {logging_mixin.py:188} INFO - [2023-12-30T13:48:31.935+0100] {dag.py:3033} INFO - Sync 1 DAGs
[2023-12-30T13:48:31.946+0100] {logging_mixin.py:188} INFO - [2023-12-30T13:48:31.946+0100] {dag.py:3820} INFO - Setting next_dagrun for latest_only_with_trigger to 2023-12-30T08:00:00+00:00, run_after=2023-12-30T12:00:00+00:00
[2023-12-30T13:48:31.971+0100] {processor.py:183} INFO - Processing /home/ubuntu/.local/lib/python3.10/site-packages/airflow/example_dags/example_latest_only_with_trigger.py took 0.052 seconds
[2023-12-30T13:49:26.713+0100] {processor.py:161} INFO - Started process (PID=6915) to work on /home/ubuntu/.local/lib/python3.10/site-packages/airflow/example_dags/example_latest_only_with_trigger.py
[2023-12-30T13:49:26.723+0100] {processor.py:830} INFO - Processing file /home/ubuntu/.local/lib/python3.10/site-packages/airflow/example_dags/example_latest_only_with_trigger.py for tasks to queue
[2023-12-30T13:49:26.723+0100] {logging_mixin.py:188} INFO - [2023-12-30T13:49:26.723+0100] {dagbag.py:538} INFO - Filling up the DagBag from /home/ubuntu/.local/lib/python3.10/site-packages/airflow/example_dags/example_latest_only_with_trigger.py
[2023-12-30T13:49:26.727+0100] {processor.py:840} INFO - DAG(s) 'latest_only_with_trigger' retrieved from /home/ubuntu/.local/lib/python3.10/site-packages/airflow/example_dags/example_latest_only_with_trigger.py
[2023-12-30T13:49:26.736+0100] {logging_mixin.py:188} INFO - [2023-12-30T13:49:26.736+0100] {dag.py:3033} INFO - Sync 1 DAGs
[2023-12-30T13:49:26.748+0100] {logging_mixin.py:188} INFO - [2023-12-30T13:49:26.748+0100] {dag.py:3820} INFO - Setting next_dagrun for latest_only_with_trigger to 2023-12-30T08:00:00+00:00, run_after=2023-12-30T12:00:00+00:00
[2023-12-30T13:49:26.764+0100] {processor.py:183} INFO - Processing /home/ubuntu/.local/lib/python3.10/site-packages/airflow/example_dags/example_latest_only_with_trigger.py took 0.054 seconds
[2023-12-30T13:50:20.777+0100] {processor.py:161} INFO - Started process (PID=6977) to work on /home/ubuntu/.local/lib/python3.10/site-packages/airflow/example_dags/example_latest_only_with_trigger.py
[2023-12-30T13:50:20.778+0100] {processor.py:830} INFO - Processing file /home/ubuntu/.local/lib/python3.10/site-packages/airflow/example_dags/example_latest_only_with_trigger.py for tasks to queue
[2023-12-30T13:50:20.778+0100] {logging_mixin.py:188} INFO - [2023-12-30T13:50:20.778+0100] {dagbag.py:538} INFO - Filling up the DagBag from /home/ubuntu/.local/lib/python3.10/site-packages/airflow/example_dags/example_latest_only_with_trigger.py
[2023-12-30T13:50:20.782+0100] {processor.py:840} INFO - DAG(s) 'latest_only_with_trigger' retrieved from /home/ubuntu/.local/lib/python3.10/site-packages/airflow/example_dags/example_latest_only_with_trigger.py
[2023-12-30T13:50:20.791+0100] {logging_mixin.py:188} INFO - [2023-12-30T13:50:20.791+0100] {dag.py:3033} INFO - Sync 1 DAGs
[2023-12-30T13:50:20.802+0100] {logging_mixin.py:188} INFO - [2023-12-30T13:50:20.801+0100] {dag.py:3820} INFO - Setting next_dagrun for latest_only_with_trigger to 2023-12-30T08:00:00+00:00, run_after=2023-12-30T12:00:00+00:00
[2023-12-30T13:50:20.830+0100] {processor.py:183} INFO - Processing /home/ubuntu/.local/lib/python3.10/site-packages/airflow/example_dags/example_latest_only_with_trigger.py took 0.055 seconds
[2023-12-30T13:51:16.565+0100] {processor.py:161} INFO - Started process (PID=7040) to work on /home/ubuntu/.local/lib/python3.10/site-packages/airflow/example_dags/example_latest_only_with_trigger.py
[2023-12-30T13:51:16.566+0100] {processor.py:830} INFO - Processing file /home/ubuntu/.local/lib/python3.10/site-packages/airflow/example_dags/example_latest_only_with_trigger.py for tasks to queue
[2023-12-30T13:51:16.566+0100] {logging_mixin.py:188} INFO - [2023-12-30T13:51:16.566+0100] {dagbag.py:538} INFO - Filling up the DagBag from /home/ubuntu/.local/lib/python3.10/site-packages/airflow/example_dags/example_latest_only_with_trigger.py
[2023-12-30T13:51:16.571+0100] {processor.py:840} INFO - DAG(s) 'latest_only_with_trigger' retrieved from /home/ubuntu/.local/lib/python3.10/site-packages/airflow/example_dags/example_latest_only_with_trigger.py
[2023-12-30T13:51:16.581+0100] {logging_mixin.py:188} INFO - [2023-12-30T13:51:16.581+0100] {dag.py:3033} INFO - Sync 1 DAGs
[2023-12-30T13:51:16.593+0100] {logging_mixin.py:188} INFO - [2023-12-30T13:51:16.592+0100] {dag.py:3820} INFO - Setting next_dagrun for latest_only_with_trigger to 2023-12-30T08:00:00+00:00, run_after=2023-12-30T12:00:00+00:00
[2023-12-30T13:51:16.607+0100] {processor.py:183} INFO - Processing /home/ubuntu/.local/lib/python3.10/site-packages/airflow/example_dags/example_latest_only_with_trigger.py took 0.044 seconds
[2023-12-30T13:52:09.985+0100] {processor.py:161} INFO - Started process (PID=7103) to work on /home/ubuntu/.local/lib/python3.10/site-packages/airflow/example_dags/example_latest_only_with_trigger.py
[2023-12-30T13:52:09.985+0100] {processor.py:830} INFO - Processing file /home/ubuntu/.local/lib/python3.10/site-packages/airflow/example_dags/example_latest_only_with_trigger.py for tasks to queue
[2023-12-30T13:52:09.986+0100] {logging_mixin.py:188} INFO - [2023-12-30T13:52:09.985+0100] {dagbag.py:538} INFO - Filling up the DagBag from /home/ubuntu/.local/lib/python3.10/site-packages/airflow/example_dags/example_latest_only_with_trigger.py
[2023-12-30T13:52:09.989+0100] {processor.py:840} INFO - DAG(s) 'latest_only_with_trigger' retrieved from /home/ubuntu/.local/lib/python3.10/site-packages/airflow/example_dags/example_latest_only_with_trigger.py
[2023-12-30T13:52:09.998+0100] {logging_mixin.py:188} INFO - [2023-12-30T13:52:09.998+0100] {dag.py:3033} INFO - Sync 1 DAGs
[2023-12-30T13:52:10.009+0100] {logging_mixin.py:188} INFO - [2023-12-30T13:52:10.009+0100] {dag.py:3820} INFO - Setting next_dagrun for latest_only_with_trigger to 2023-12-30T08:00:00+00:00, run_after=2023-12-30T12:00:00+00:00
[2023-12-30T13:52:10.048+0100] {processor.py:183} INFO - Processing /home/ubuntu/.local/lib/python3.10/site-packages/airflow/example_dags/example_latest_only_with_trigger.py took 0.065 seconds
[2023-12-30T13:53:05.482+0100] {processor.py:161} INFO - Started process (PID=7169) to work on /home/ubuntu/.local/lib/python3.10/site-packages/airflow/example_dags/example_latest_only_with_trigger.py
[2023-12-30T13:53:05.491+0100] {processor.py:830} INFO - Processing file /home/ubuntu/.local/lib/python3.10/site-packages/airflow/example_dags/example_latest_only_with_trigger.py for tasks to queue
[2023-12-30T13:53:05.492+0100] {logging_mixin.py:188} INFO - [2023-12-30T13:53:05.492+0100] {dagbag.py:538} INFO - Filling up the DagBag from /home/ubuntu/.local/lib/python3.10/site-packages/airflow/example_dags/example_latest_only_with_trigger.py
[2023-12-30T13:53:05.496+0100] {processor.py:840} INFO - DAG(s) 'latest_only_with_trigger' retrieved from /home/ubuntu/.local/lib/python3.10/site-packages/airflow/example_dags/example_latest_only_with_trigger.py
[2023-12-30T13:53:05.505+0100] {logging_mixin.py:188} INFO - [2023-12-30T13:53:05.505+0100] {dag.py:3033} INFO - Sync 1 DAGs
[2023-12-30T13:53:05.518+0100] {logging_mixin.py:188} INFO - [2023-12-30T13:53:05.518+0100] {dag.py:3820} INFO - Setting next_dagrun for latest_only_with_trigger to 2023-12-30T08:00:00+00:00, run_after=2023-12-30T12:00:00+00:00
[2023-12-30T13:53:05.537+0100] {processor.py:183} INFO - Processing /home/ubuntu/.local/lib/python3.10/site-packages/airflow/example_dags/example_latest_only_with_trigger.py took 0.057 seconds
[2023-12-30T13:53:55.218+0100] {processor.py:161} INFO - Started process (PID=7225) to work on /home/ubuntu/.local/lib/python3.10/site-packages/airflow/example_dags/example_latest_only_with_trigger.py
[2023-12-30T13:53:55.229+0100] {processor.py:830} INFO - Processing file /home/ubuntu/.local/lib/python3.10/site-packages/airflow/example_dags/example_latest_only_with_trigger.py for tasks to queue
[2023-12-30T13:53:55.229+0100] {logging_mixin.py:188} INFO - [2023-12-30T13:53:55.229+0100] {dagbag.py:538} INFO - Filling up the DagBag from /home/ubuntu/.local/lib/python3.10/site-packages/airflow/example_dags/example_latest_only_with_trigger.py
[2023-12-30T13:53:55.234+0100] {processor.py:840} INFO - DAG(s) 'latest_only_with_trigger' retrieved from /home/ubuntu/.local/lib/python3.10/site-packages/airflow/example_dags/example_latest_only_with_trigger.py
[2023-12-30T13:53:55.246+0100] {logging_mixin.py:188} INFO - [2023-12-30T13:53:55.245+0100] {dag.py:3033} INFO - Sync 1 DAGs
[2023-12-30T13:53:55.259+0100] {logging_mixin.py:188} INFO - [2023-12-30T13:53:55.259+0100] {dag.py:3820} INFO - Setting next_dagrun for latest_only_with_trigger to 2023-12-30T08:00:00+00:00, run_after=2023-12-30T12:00:00+00:00
[2023-12-30T13:53:55.273+0100] {processor.py:183} INFO - Processing /home/ubuntu/.local/lib/python3.10/site-packages/airflow/example_dags/example_latest_only_with_trigger.py took 0.057 seconds
[2023-12-30T13:54:52.364+0100] {processor.py:161} INFO - Started process (PID=7291) to work on /home/ubuntu/.local/lib/python3.10/site-packages/airflow/example_dags/example_latest_only_with_trigger.py
[2023-12-30T13:54:52.364+0100] {processor.py:830} INFO - Processing file /home/ubuntu/.local/lib/python3.10/site-packages/airflow/example_dags/example_latest_only_with_trigger.py for tasks to queue
[2023-12-30T13:54:52.365+0100] {logging_mixin.py:188} INFO - [2023-12-30T13:54:52.365+0100] {dagbag.py:538} INFO - Filling up the DagBag from /home/ubuntu/.local/lib/python3.10/site-packages/airflow/example_dags/example_latest_only_with_trigger.py
[2023-12-30T13:54:52.369+0100] {processor.py:840} INFO - DAG(s) 'latest_only_with_trigger' retrieved from /home/ubuntu/.local/lib/python3.10/site-packages/airflow/example_dags/example_latest_only_with_trigger.py
[2023-12-30T13:54:52.379+0100] {logging_mixin.py:188} INFO - [2023-12-30T13:54:52.379+0100] {dag.py:3033} INFO - Sync 1 DAGs
[2023-12-30T13:54:52.389+0100] {logging_mixin.py:188} INFO - [2023-12-30T13:54:52.389+0100] {dag.py:3820} INFO - Setting next_dagrun for latest_only_with_trigger to 2023-12-30T08:00:00+00:00, run_after=2023-12-30T12:00:00+00:00
[2023-12-30T13:54:52.427+0100] {processor.py:183} INFO - Processing /home/ubuntu/.local/lib/python3.10/site-packages/airflow/example_dags/example_latest_only_with_trigger.py took 0.065 seconds
[2023-12-30T13:55:44.876+0100] {processor.py:161} INFO - Started process (PID=7361) to work on /home/ubuntu/.local/lib/python3.10/site-packages/airflow/example_dags/example_latest_only_with_trigger.py
[2023-12-30T13:55:44.877+0100] {processor.py:830} INFO - Processing file /home/ubuntu/.local/lib/python3.10/site-packages/airflow/example_dags/example_latest_only_with_trigger.py for tasks to queue
[2023-12-30T13:55:44.877+0100] {logging_mixin.py:188} INFO - [2023-12-30T13:55:44.877+0100] {dagbag.py:538} INFO - Filling up the DagBag from /home/ubuntu/.local/lib/python3.10/site-packages/airflow/example_dags/example_latest_only_with_trigger.py
[2023-12-30T13:55:44.881+0100] {processor.py:840} INFO - DAG(s) 'latest_only_with_trigger' retrieved from /home/ubuntu/.local/lib/python3.10/site-packages/airflow/example_dags/example_latest_only_with_trigger.py
[2023-12-30T13:55:44.890+0100] {logging_mixin.py:188} INFO - [2023-12-30T13:55:44.890+0100] {dag.py:3033} INFO - Sync 1 DAGs
[2023-12-30T13:55:44.901+0100] {logging_mixin.py:188} INFO - [2023-12-30T13:55:44.901+0100] {dag.py:3820} INFO - Setting next_dagrun for latest_only_with_trigger to 2023-12-30T08:00:00+00:00, run_after=2023-12-30T12:00:00+00:00
[2023-12-30T13:55:44.927+0100] {processor.py:183} INFO - Processing /home/ubuntu/.local/lib/python3.10/site-packages/airflow/example_dags/example_latest_only_with_trigger.py took 0.053 seconds
[2023-12-30T13:56:40.367+0100] {processor.py:161} INFO - Started process (PID=7424) to work on /home/ubuntu/.local/lib/python3.10/site-packages/airflow/example_dags/example_latest_only_with_trigger.py
[2023-12-30T13:56:40.368+0100] {processor.py:830} INFO - Processing file /home/ubuntu/.local/lib/python3.10/site-packages/airflow/example_dags/example_latest_only_with_trigger.py for tasks to queue
[2023-12-30T13:56:40.368+0100] {logging_mixin.py:188} INFO - [2023-12-30T13:56:40.368+0100] {dagbag.py:538} INFO - Filling up the DagBag from /home/ubuntu/.local/lib/python3.10/site-packages/airflow/example_dags/example_latest_only_with_trigger.py
[2023-12-30T13:56:40.372+0100] {processor.py:840} INFO - DAG(s) 'latest_only_with_trigger' retrieved from /home/ubuntu/.local/lib/python3.10/site-packages/airflow/example_dags/example_latest_only_with_trigger.py
[2023-12-30T13:56:40.381+0100] {logging_mixin.py:188} INFO - [2023-12-30T13:56:40.381+0100] {dag.py:3033} INFO - Sync 1 DAGs
[2023-12-30T13:56:40.392+0100] {logging_mixin.py:188} INFO - [2023-12-30T13:56:40.392+0100] {dag.py:3820} INFO - Setting next_dagrun for latest_only_with_trigger to 2023-12-30T08:00:00+00:00, run_after=2023-12-30T12:00:00+00:00
[2023-12-30T13:56:40.412+0100] {processor.py:183} INFO - Processing /home/ubuntu/.local/lib/python3.10/site-packages/airflow/example_dags/example_latest_only_with_trigger.py took 0.047 seconds
[2023-12-30T13:57:35.278+0100] {processor.py:161} INFO - Started process (PID=7486) to work on /home/ubuntu/.local/lib/python3.10/site-packages/airflow/example_dags/example_latest_only_with_trigger.py
[2023-12-30T13:57:35.290+0100] {processor.py:830} INFO - Processing file /home/ubuntu/.local/lib/python3.10/site-packages/airflow/example_dags/example_latest_only_with_trigger.py for tasks to queue
[2023-12-30T13:57:35.292+0100] {logging_mixin.py:188} INFO - [2023-12-30T13:57:35.291+0100] {dagbag.py:538} INFO - Filling up the DagBag from /home/ubuntu/.local/lib/python3.10/site-packages/airflow/example_dags/example_latest_only_with_trigger.py
[2023-12-30T13:57:35.306+0100] {processor.py:840} INFO - DAG(s) 'latest_only_with_trigger' retrieved from /home/ubuntu/.local/lib/python3.10/site-packages/airflow/example_dags/example_latest_only_with_trigger.py
[2023-12-30T13:57:35.329+0100] {logging_mixin.py:188} INFO - [2023-12-30T13:57:35.329+0100] {dag.py:3033} INFO - Sync 1 DAGs
[2023-12-30T13:57:35.344+0100] {logging_mixin.py:188} INFO - [2023-12-30T13:57:35.344+0100] {dag.py:3820} INFO - Setting next_dagrun for latest_only_with_trigger to 2023-12-30T08:00:00+00:00, run_after=2023-12-30T12:00:00+00:00
[2023-12-30T13:57:35.363+0100] {processor.py:183} INFO - Processing /home/ubuntu/.local/lib/python3.10/site-packages/airflow/example_dags/example_latest_only_with_trigger.py took 0.091 seconds
[2023-12-30T13:58:30.224+0100] {processor.py:161} INFO - Started process (PID=7550) to work on /home/ubuntu/.local/lib/python3.10/site-packages/airflow/example_dags/example_latest_only_with_trigger.py
[2023-12-30T13:58:30.234+0100] {processor.py:830} INFO - Processing file /home/ubuntu/.local/lib/python3.10/site-packages/airflow/example_dags/example_latest_only_with_trigger.py for tasks to queue
[2023-12-30T13:58:30.235+0100] {logging_mixin.py:188} INFO - [2023-12-30T13:58:30.235+0100] {dagbag.py:538} INFO - Filling up the DagBag from /home/ubuntu/.local/lib/python3.10/site-packages/airflow/example_dags/example_latest_only_with_trigger.py
[2023-12-30T13:58:30.239+0100] {processor.py:840} INFO - DAG(s) 'latest_only_with_trigger' retrieved from /home/ubuntu/.local/lib/python3.10/site-packages/airflow/example_dags/example_latest_only_with_trigger.py
[2023-12-30T13:58:30.248+0100] {logging_mixin.py:188} INFO - [2023-12-30T13:58:30.248+0100] {dag.py:3033} INFO - Sync 1 DAGs
[2023-12-30T13:58:30.259+0100] {logging_mixin.py:188} INFO - [2023-12-30T13:58:30.259+0100] {dag.py:3820} INFO - Setting next_dagrun for latest_only_with_trigger to 2023-12-30T08:00:00+00:00, run_after=2023-12-30T12:00:00+00:00
[2023-12-30T13:58:30.287+0100] {processor.py:183} INFO - Processing /home/ubuntu/.local/lib/python3.10/site-packages/airflow/example_dags/example_latest_only_with_trigger.py took 0.064 seconds
[2023-12-30T13:59:25.370+0100] {processor.py:161} INFO - Started process (PID=7616) to work on /home/ubuntu/.local/lib/python3.10/site-packages/airflow/example_dags/example_latest_only_with_trigger.py
[2023-12-30T13:59:25.371+0100] {processor.py:830} INFO - Processing file /home/ubuntu/.local/lib/python3.10/site-packages/airflow/example_dags/example_latest_only_with_trigger.py for tasks to queue
[2023-12-30T13:59:25.371+0100] {logging_mixin.py:188} INFO - [2023-12-30T13:59:25.371+0100] {dagbag.py:538} INFO - Filling up the DagBag from /home/ubuntu/.local/lib/python3.10/site-packages/airflow/example_dags/example_latest_only_with_trigger.py
[2023-12-30T13:59:25.375+0100] {processor.py:840} INFO - DAG(s) 'latest_only_with_trigger' retrieved from /home/ubuntu/.local/lib/python3.10/site-packages/airflow/example_dags/example_latest_only_with_trigger.py
[2023-12-30T13:59:25.385+0100] {logging_mixin.py:188} INFO - [2023-12-30T13:59:25.385+0100] {dag.py:3033} INFO - Sync 1 DAGs
[2023-12-30T13:59:25.396+0100] {logging_mixin.py:188} INFO - [2023-12-30T13:59:25.396+0100] {dag.py:3820} INFO - Setting next_dagrun for latest_only_with_trigger to 2023-12-30T08:00:00+00:00, run_after=2023-12-30T12:00:00+00:00
[2023-12-30T13:59:25.439+0100] {processor.py:183} INFO - Processing /home/ubuntu/.local/lib/python3.10/site-packages/airflow/example_dags/example_latest_only_with_trigger.py took 0.071 seconds
[2023-12-30T14:00:09.848+0100] {processor.py:161} INFO - Started process (PID=7670) to work on /home/ubuntu/.local/lib/python3.10/site-packages/airflow/example_dags/example_latest_only_with_trigger.py
[2023-12-30T14:00:09.858+0100] {processor.py:830} INFO - Processing file /home/ubuntu/.local/lib/python3.10/site-packages/airflow/example_dags/example_latest_only_with_trigger.py for tasks to queue
[2023-12-30T14:00:09.859+0100] {logging_mixin.py:188} INFO - [2023-12-30T14:00:09.859+0100] {dagbag.py:538} INFO - Filling up the DagBag from /home/ubuntu/.local/lib/python3.10/site-packages/airflow/example_dags/example_latest_only_with_trigger.py
[2023-12-30T14:00:09.862+0100] {processor.py:840} INFO - DAG(s) 'latest_only_with_trigger' retrieved from /home/ubuntu/.local/lib/python3.10/site-packages/airflow/example_dags/example_latest_only_with_trigger.py
[2023-12-30T14:00:09.872+0100] {logging_mixin.py:188} INFO - [2023-12-30T14:00:09.872+0100] {dag.py:3033} INFO - Sync 1 DAGs
[2023-12-30T14:00:09.883+0100] {logging_mixin.py:188} INFO - [2023-12-30T14:00:09.883+0100] {dag.py:3820} INFO - Setting next_dagrun for latest_only_with_trigger to 2023-12-30T08:00:00+00:00, run_after=2023-12-30T12:00:00+00:00
[2023-12-30T14:00:09.900+0100] {processor.py:183} INFO - Processing /home/ubuntu/.local/lib/python3.10/site-packages/airflow/example_dags/example_latest_only_with_trigger.py took 0.054 seconds
[2023-12-30T14:01:00.688+0100] {processor.py:161} INFO - Started process (PID=7731) to work on /home/ubuntu/.local/lib/python3.10/site-packages/airflow/example_dags/example_latest_only_with_trigger.py
[2023-12-30T14:01:00.698+0100] {processor.py:830} INFO - Processing file /home/ubuntu/.local/lib/python3.10/site-packages/airflow/example_dags/example_latest_only_with_trigger.py for tasks to queue
[2023-12-30T14:01:00.699+0100] {logging_mixin.py:188} INFO - [2023-12-30T14:01:00.699+0100] {dagbag.py:538} INFO - Filling up the DagBag from /home/ubuntu/.local/lib/python3.10/site-packages/airflow/example_dags/example_latest_only_with_trigger.py
[2023-12-30T14:01:00.703+0100] {processor.py:840} INFO - DAG(s) 'latest_only_with_trigger' retrieved from /home/ubuntu/.local/lib/python3.10/site-packages/airflow/example_dags/example_latest_only_with_trigger.py
[2023-12-30T14:01:00.711+0100] {logging_mixin.py:188} INFO - [2023-12-30T14:01:00.711+0100] {dag.py:3033} INFO - Sync 1 DAGs
[2023-12-30T14:01:00.723+0100] {logging_mixin.py:188} INFO - [2023-12-30T14:01:00.723+0100] {dag.py:3820} INFO - Setting next_dagrun for latest_only_with_trigger to 2023-12-30T08:00:00+00:00, run_after=2023-12-30T12:00:00+00:00
[2023-12-30T14:01:00.737+0100] {processor.py:183} INFO - Processing /home/ubuntu/.local/lib/python3.10/site-packages/airflow/example_dags/example_latest_only_with_trigger.py took 0.051 seconds
[2023-12-30T14:01:55.063+0100] {processor.py:161} INFO - Started process (PID=7791) to work on /home/ubuntu/.local/lib/python3.10/site-packages/airflow/example_dags/example_latest_only_with_trigger.py
[2023-12-30T14:01:55.073+0100] {processor.py:830} INFO - Processing file /home/ubuntu/.local/lib/python3.10/site-packages/airflow/example_dags/example_latest_only_with_trigger.py for tasks to queue
[2023-12-30T14:01:55.074+0100] {logging_mixin.py:188} INFO - [2023-12-30T14:01:55.073+0100] {dagbag.py:538} INFO - Filling up the DagBag from /home/ubuntu/.local/lib/python3.10/site-packages/airflow/example_dags/example_latest_only_with_trigger.py
[2023-12-30T14:01:55.077+0100] {processor.py:840} INFO - DAG(s) 'latest_only_with_trigger' retrieved from /home/ubuntu/.local/lib/python3.10/site-packages/airflow/example_dags/example_latest_only_with_trigger.py
[2023-12-30T14:01:55.086+0100] {logging_mixin.py:188} INFO - [2023-12-30T14:01:55.086+0100] {dag.py:3033} INFO - Sync 1 DAGs
[2023-12-30T14:01:55.097+0100] {logging_mixin.py:188} INFO - [2023-12-30T14:01:55.097+0100] {dag.py:3820} INFO - Setting next_dagrun for latest_only_with_trigger to 2023-12-30T08:00:00+00:00, run_after=2023-12-30T12:00:00+00:00
[2023-12-30T14:01:55.111+0100] {processor.py:183} INFO - Processing /home/ubuntu/.local/lib/python3.10/site-packages/airflow/example_dags/example_latest_only_with_trigger.py took 0.050 seconds
[2023-12-30T14:02:45.485+0100] {processor.py:161} INFO - Started process (PID=7850) to work on /home/ubuntu/.local/lib/python3.10/site-packages/airflow/example_dags/example_latest_only_with_trigger.py
[2023-12-30T14:02:45.486+0100] {processor.py:830} INFO - Processing file /home/ubuntu/.local/lib/python3.10/site-packages/airflow/example_dags/example_latest_only_with_trigger.py for tasks to queue
[2023-12-30T14:02:45.486+0100] {logging_mixin.py:188} INFO - [2023-12-30T14:02:45.486+0100] {dagbag.py:538} INFO - Filling up the DagBag from /home/ubuntu/.local/lib/python3.10/site-packages/airflow/example_dags/example_latest_only_with_trigger.py
[2023-12-30T14:02:45.490+0100] {processor.py:840} INFO - DAG(s) 'latest_only_with_trigger' retrieved from /home/ubuntu/.local/lib/python3.10/site-packages/airflow/example_dags/example_latest_only_with_trigger.py
[2023-12-30T14:02:45.499+0100] {logging_mixin.py:188} INFO - [2023-12-30T14:02:45.499+0100] {dag.py:3033} INFO - Sync 1 DAGs
[2023-12-30T14:02:45.510+0100] {logging_mixin.py:188} INFO - [2023-12-30T14:02:45.510+0100] {dag.py:3820} INFO - Setting next_dagrun for latest_only_with_trigger to 2023-12-30T08:00:00+00:00, run_after=2023-12-30T12:00:00+00:00
[2023-12-30T14:02:45.534+0100] {processor.py:183} INFO - Processing /home/ubuntu/.local/lib/python3.10/site-packages/airflow/example_dags/example_latest_only_with_trigger.py took 0.051 seconds
[2023-12-30T14:03:41.818+0100] {processor.py:161} INFO - Started process (PID=7913) to work on /home/ubuntu/.local/lib/python3.10/site-packages/airflow/example_dags/example_latest_only_with_trigger.py
[2023-12-30T14:03:41.828+0100] {processor.py:830} INFO - Processing file /home/ubuntu/.local/lib/python3.10/site-packages/airflow/example_dags/example_latest_only_with_trigger.py for tasks to queue
[2023-12-30T14:03:41.829+0100] {logging_mixin.py:188} INFO - [2023-12-30T14:03:41.828+0100] {dagbag.py:538} INFO - Filling up the DagBag from /home/ubuntu/.local/lib/python3.10/site-packages/airflow/example_dags/example_latest_only_with_trigger.py
[2023-12-30T14:03:41.834+0100] {processor.py:840} INFO - DAG(s) 'latest_only_with_trigger' retrieved from /home/ubuntu/.local/lib/python3.10/site-packages/airflow/example_dags/example_latest_only_with_trigger.py
[2023-12-30T14:03:41.848+0100] {logging_mixin.py:188} INFO - [2023-12-30T14:03:41.848+0100] {dag.py:3033} INFO - Sync 1 DAGs
[2023-12-30T14:03:41.863+0100] {logging_mixin.py:188} INFO - [2023-12-30T14:03:41.863+0100] {dag.py:3820} INFO - Setting next_dagrun for latest_only_with_trigger to 2023-12-30T08:00:00+00:00, run_after=2023-12-30T12:00:00+00:00
[2023-12-30T14:03:41.879+0100] {processor.py:183} INFO - Processing /home/ubuntu/.local/lib/python3.10/site-packages/airflow/example_dags/example_latest_only_with_trigger.py took 0.065 seconds
[2023-12-30T14:04:34.737+0100] {processor.py:161} INFO - Started process (PID=8061) to work on /home/ubuntu/.local/lib/python3.10/site-packages/airflow/example_dags/example_latest_only_with_trigger.py
[2023-12-30T14:04:34.748+0100] {processor.py:830} INFO - Processing file /home/ubuntu/.local/lib/python3.10/site-packages/airflow/example_dags/example_latest_only_with_trigger.py for tasks to queue
[2023-12-30T14:04:34.748+0100] {logging_mixin.py:188} INFO - [2023-12-30T14:04:34.748+0100] {dagbag.py:538} INFO - Filling up the DagBag from /home/ubuntu/.local/lib/python3.10/site-packages/airflow/example_dags/example_latest_only_with_trigger.py
[2023-12-30T14:04:34.753+0100] {processor.py:840} INFO - DAG(s) 'latest_only_with_trigger' retrieved from /home/ubuntu/.local/lib/python3.10/site-packages/airflow/example_dags/example_latest_only_with_trigger.py
[2023-12-30T14:04:34.764+0100] {logging_mixin.py:188} INFO - [2023-12-30T14:04:34.763+0100] {dag.py:3033} INFO - Sync 1 DAGs
[2023-12-30T14:04:34.778+0100] {logging_mixin.py:188} INFO - [2023-12-30T14:04:34.777+0100] {dag.py:3820} INFO - Setting next_dagrun for latest_only_with_trigger to 2023-12-30T08:00:00+00:00, run_after=2023-12-30T12:00:00+00:00
[2023-12-30T14:04:34.798+0100] {processor.py:183} INFO - Processing /home/ubuntu/.local/lib/python3.10/site-packages/airflow/example_dags/example_latest_only_with_trigger.py took 0.063 seconds
[2023-12-30T14:05:27.905+0100] {processor.py:161} INFO - Started process (PID=8189) to work on /home/ubuntu/.local/lib/python3.10/site-packages/airflow/example_dags/example_latest_only_with_trigger.py
[2023-12-30T14:05:27.915+0100] {processor.py:830} INFO - Processing file /home/ubuntu/.local/lib/python3.10/site-packages/airflow/example_dags/example_latest_only_with_trigger.py for tasks to queue
[2023-12-30T14:05:27.916+0100] {logging_mixin.py:188} INFO - [2023-12-30T14:05:27.916+0100] {dagbag.py:538} INFO - Filling up the DagBag from /home/ubuntu/.local/lib/python3.10/site-packages/airflow/example_dags/example_latest_only_with_trigger.py
[2023-12-30T14:05:27.921+0100] {processor.py:840} INFO - DAG(s) 'latest_only_with_trigger' retrieved from /home/ubuntu/.local/lib/python3.10/site-packages/airflow/example_dags/example_latest_only_with_trigger.py
[2023-12-30T14:05:27.937+0100] {logging_mixin.py:188} INFO - [2023-12-30T14:05:27.937+0100] {dag.py:3033} INFO - Sync 1 DAGs
[2023-12-30T14:05:27.961+0100] {logging_mixin.py:188} INFO - [2023-12-30T14:05:27.961+0100] {dag.py:3820} INFO - Setting next_dagrun for latest_only_with_trigger to 2023-12-30T08:00:00+00:00, run_after=2023-12-30T12:00:00+00:00
[2023-12-30T14:05:27.988+0100] {processor.py:183} INFO - Processing /home/ubuntu/.local/lib/python3.10/site-packages/airflow/example_dags/example_latest_only_with_trigger.py took 0.085 seconds
[2023-12-30T14:06:21.962+0100] {processor.py:161} INFO - Started process (PID=8301) to work on /home/ubuntu/.local/lib/python3.10/site-packages/airflow/example_dags/example_latest_only_with_trigger.py
[2023-12-30T14:06:21.964+0100] {processor.py:830} INFO - Processing file /home/ubuntu/.local/lib/python3.10/site-packages/airflow/example_dags/example_latest_only_with_trigger.py for tasks to queue
[2023-12-30T14:06:21.964+0100] {logging_mixin.py:188} INFO - [2023-12-30T14:06:21.964+0100] {dagbag.py:538} INFO - Filling up the DagBag from /home/ubuntu/.local/lib/python3.10/site-packages/airflow/example_dags/example_latest_only_with_trigger.py
[2023-12-30T14:06:21.971+0100] {processor.py:840} INFO - DAG(s) 'latest_only_with_trigger' retrieved from /home/ubuntu/.local/lib/python3.10/site-packages/airflow/example_dags/example_latest_only_with_trigger.py
[2023-12-30T14:06:21.993+0100] {logging_mixin.py:188} INFO - [2023-12-30T14:06:21.993+0100] {dag.py:3033} INFO - Sync 1 DAGs
[2023-12-30T14:06:22.016+0100] {logging_mixin.py:188} INFO - [2023-12-30T14:06:22.015+0100] {dag.py:3820} INFO - Setting next_dagrun for latest_only_with_trigger to 2023-12-30T08:00:00+00:00, run_after=2023-12-30T12:00:00+00:00
[2023-12-30T14:06:22.042+0100] {processor.py:183} INFO - Processing /home/ubuntu/.local/lib/python3.10/site-packages/airflow/example_dags/example_latest_only_with_trigger.py took 0.085 seconds
[2023-12-30T14:07:15.411+0100] {processor.py:161} INFO - Started process (PID=8390) to work on /home/ubuntu/.local/lib/python3.10/site-packages/airflow/example_dags/example_latest_only_with_trigger.py
[2023-12-30T14:07:15.423+0100] {processor.py:830} INFO - Processing file /home/ubuntu/.local/lib/python3.10/site-packages/airflow/example_dags/example_latest_only_with_trigger.py for tasks to queue
[2023-12-30T14:07:15.425+0100] {logging_mixin.py:188} INFO - [2023-12-30T14:07:15.424+0100] {dagbag.py:538} INFO - Filling up the DagBag from /home/ubuntu/.local/lib/python3.10/site-packages/airflow/example_dags/example_latest_only_with_trigger.py
[2023-12-30T14:07:15.439+0100] {processor.py:840} INFO - DAG(s) 'latest_only_with_trigger' retrieved from /home/ubuntu/.local/lib/python3.10/site-packages/airflow/example_dags/example_latest_only_with_trigger.py
[2023-12-30T14:07:15.458+0100] {logging_mixin.py:188} INFO - [2023-12-30T14:07:15.458+0100] {dag.py:3033} INFO - Sync 1 DAGs
[2023-12-30T14:07:15.472+0100] {logging_mixin.py:188} INFO - [2023-12-30T14:07:15.472+0100] {dag.py:3820} INFO - Setting next_dagrun for latest_only_with_trigger to 2023-12-30T08:00:00+00:00, run_after=2023-12-30T12:00:00+00:00
[2023-12-30T14:07:15.497+0100] {processor.py:183} INFO - Processing /home/ubuntu/.local/lib/python3.10/site-packages/airflow/example_dags/example_latest_only_with_trigger.py took 0.093 seconds
[2023-12-30T14:08:08.118+0100] {processor.py:161} INFO - Started process (PID=8453) to work on /home/ubuntu/.local/lib/python3.10/site-packages/airflow/example_dags/example_latest_only_with_trigger.py
[2023-12-30T14:08:08.118+0100] {processor.py:830} INFO - Processing file /home/ubuntu/.local/lib/python3.10/site-packages/airflow/example_dags/example_latest_only_with_trigger.py for tasks to queue
[2023-12-30T14:08:08.119+0100] {logging_mixin.py:188} INFO - [2023-12-30T14:08:08.119+0100] {dagbag.py:538} INFO - Filling up the DagBag from /home/ubuntu/.local/lib/python3.10/site-packages/airflow/example_dags/example_latest_only_with_trigger.py
[2023-12-30T14:08:08.124+0100] {processor.py:840} INFO - DAG(s) 'latest_only_with_trigger' retrieved from /home/ubuntu/.local/lib/python3.10/site-packages/airflow/example_dags/example_latest_only_with_trigger.py
[2023-12-30T14:08:08.137+0100] {logging_mixin.py:188} INFO - [2023-12-30T14:08:08.137+0100] {dag.py:3033} INFO - Sync 1 DAGs
[2023-12-30T14:08:08.152+0100] {logging_mixin.py:188} INFO - [2023-12-30T14:08:08.152+0100] {dag.py:3820} INFO - Setting next_dagrun for latest_only_with_trigger to 2023-12-30T08:00:00+00:00, run_after=2023-12-30T12:00:00+00:00
[2023-12-30T14:08:08.188+0100] {processor.py:183} INFO - Processing /home/ubuntu/.local/lib/python3.10/site-packages/airflow/example_dags/example_latest_only_with_trigger.py took 0.073 seconds
[2023-12-30T14:09:00.434+0100] {processor.py:161} INFO - Started process (PID=8520) to work on /home/ubuntu/.local/lib/python3.10/site-packages/airflow/example_dags/example_latest_only_with_trigger.py
[2023-12-30T14:09:00.445+0100] {processor.py:830} INFO - Processing file /home/ubuntu/.local/lib/python3.10/site-packages/airflow/example_dags/example_latest_only_with_trigger.py for tasks to queue
[2023-12-30T14:09:00.446+0100] {logging_mixin.py:188} INFO - [2023-12-30T14:09:00.445+0100] {dagbag.py:538} INFO - Filling up the DagBag from /home/ubuntu/.local/lib/python3.10/site-packages/airflow/example_dags/example_latest_only_with_trigger.py
[2023-12-30T14:09:00.454+0100] {processor.py:840} INFO - DAG(s) 'latest_only_with_trigger' retrieved from /home/ubuntu/.local/lib/python3.10/site-packages/airflow/example_dags/example_latest_only_with_trigger.py
[2023-12-30T14:09:00.469+0100] {logging_mixin.py:188} INFO - [2023-12-30T14:09:00.469+0100] {dag.py:3033} INFO - Sync 1 DAGs
[2023-12-30T14:09:00.483+0100] {logging_mixin.py:188} INFO - [2023-12-30T14:09:00.482+0100] {dag.py:3820} INFO - Setting next_dagrun for latest_only_with_trigger to 2023-12-30T08:00:00+00:00, run_after=2023-12-30T12:00:00+00:00
[2023-12-30T14:09:00.504+0100] {processor.py:183} INFO - Processing /home/ubuntu/.local/lib/python3.10/site-packages/airflow/example_dags/example_latest_only_with_trigger.py took 0.076 seconds
[2023-12-30T14:09:53.332+0100] {processor.py:161} INFO - Started process (PID=8583) to work on /home/ubuntu/.local/lib/python3.10/site-packages/airflow/example_dags/example_latest_only_with_trigger.py
[2023-12-30T14:09:53.333+0100] {processor.py:830} INFO - Processing file /home/ubuntu/.local/lib/python3.10/site-packages/airflow/example_dags/example_latest_only_with_trigger.py for tasks to queue
[2023-12-30T14:09:53.333+0100] {logging_mixin.py:188} INFO - [2023-12-30T14:09:53.333+0100] {dagbag.py:538} INFO - Filling up the DagBag from /home/ubuntu/.local/lib/python3.10/site-packages/airflow/example_dags/example_latest_only_with_trigger.py
[2023-12-30T14:09:53.337+0100] {processor.py:840} INFO - DAG(s) 'latest_only_with_trigger' retrieved from /home/ubuntu/.local/lib/python3.10/site-packages/airflow/example_dags/example_latest_only_with_trigger.py
[2023-12-30T14:09:53.348+0100] {logging_mixin.py:188} INFO - [2023-12-30T14:09:53.347+0100] {dag.py:3033} INFO - Sync 1 DAGs
[2023-12-30T14:09:53.360+0100] {logging_mixin.py:188} INFO - [2023-12-30T14:09:53.360+0100] {dag.py:3820} INFO - Setting next_dagrun for latest_only_with_trigger to 2023-12-30T08:00:00+00:00, run_after=2023-12-30T12:00:00+00:00
[2023-12-30T14:09:53.385+0100] {processor.py:183} INFO - Processing /home/ubuntu/.local/lib/python3.10/site-packages/airflow/example_dags/example_latest_only_with_trigger.py took 0.056 seconds
[2023-12-30T14:10:47.071+0100] {processor.py:161} INFO - Started process (PID=8646) to work on /home/ubuntu/.local/lib/python3.10/site-packages/airflow/example_dags/example_latest_only_with_trigger.py
[2023-12-30T14:10:47.081+0100] {processor.py:830} INFO - Processing file /home/ubuntu/.local/lib/python3.10/site-packages/airflow/example_dags/example_latest_only_with_trigger.py for tasks to queue
[2023-12-30T14:10:47.082+0100] {logging_mixin.py:188} INFO - [2023-12-30T14:10:47.082+0100] {dagbag.py:538} INFO - Filling up the DagBag from /home/ubuntu/.local/lib/python3.10/site-packages/airflow/example_dags/example_latest_only_with_trigger.py
[2023-12-30T14:10:47.087+0100] {processor.py:840} INFO - DAG(s) 'latest_only_with_trigger' retrieved from /home/ubuntu/.local/lib/python3.10/site-packages/airflow/example_dags/example_latest_only_with_trigger.py
[2023-12-30T14:10:47.097+0100] {logging_mixin.py:188} INFO - [2023-12-30T14:10:47.097+0100] {dag.py:3033} INFO - Sync 1 DAGs
[2023-12-30T14:10:47.109+0100] {logging_mixin.py:188} INFO - [2023-12-30T14:10:47.109+0100] {dag.py:3820} INFO - Setting next_dagrun for latest_only_with_trigger to 2023-12-30T08:00:00+00:00, run_after=2023-12-30T12:00:00+00:00
[2023-12-30T14:10:47.130+0100] {processor.py:183} INFO - Processing /home/ubuntu/.local/lib/python3.10/site-packages/airflow/example_dags/example_latest_only_with_trigger.py took 0.060 seconds
[2023-12-30T14:11:40.786+0100] {processor.py:161} INFO - Started process (PID=8707) to work on /home/ubuntu/.local/lib/python3.10/site-packages/airflow/example_dags/example_latest_only_with_trigger.py
[2023-12-30T14:11:40.786+0100] {processor.py:830} INFO - Processing file /home/ubuntu/.local/lib/python3.10/site-packages/airflow/example_dags/example_latest_only_with_trigger.py for tasks to queue
[2023-12-30T14:11:40.787+0100] {logging_mixin.py:188} INFO - [2023-12-30T14:11:40.787+0100] {dagbag.py:538} INFO - Filling up the DagBag from /home/ubuntu/.local/lib/python3.10/site-packages/airflow/example_dags/example_latest_only_with_trigger.py
[2023-12-30T14:11:40.791+0100] {processor.py:840} INFO - DAG(s) 'latest_only_with_trigger' retrieved from /home/ubuntu/.local/lib/python3.10/site-packages/airflow/example_dags/example_latest_only_with_trigger.py
[2023-12-30T14:11:40.801+0100] {logging_mixin.py:188} INFO - [2023-12-30T14:11:40.801+0100] {dag.py:3033} INFO - Sync 1 DAGs
[2023-12-30T14:11:40.814+0100] {logging_mixin.py:188} INFO - [2023-12-30T14:11:40.813+0100] {dag.py:3820} INFO - Setting next_dagrun for latest_only_with_trigger to 2023-12-30T08:00:00+00:00, run_after=2023-12-30T12:00:00+00:00
[2023-12-30T14:11:40.842+0100] {processor.py:183} INFO - Processing /home/ubuntu/.local/lib/python3.10/site-packages/airflow/example_dags/example_latest_only_with_trigger.py took 0.058 seconds
[2023-12-30T14:12:39.854+0100] {processor.py:161} INFO - Started process (PID=8786) to work on /home/ubuntu/.local/lib/python3.10/site-packages/airflow/example_dags/example_latest_only_with_trigger.py
[2023-12-30T14:12:39.855+0100] {processor.py:830} INFO - Processing file /home/ubuntu/.local/lib/python3.10/site-packages/airflow/example_dags/example_latest_only_with_trigger.py for tasks to queue
[2023-12-30T14:12:39.855+0100] {logging_mixin.py:188} INFO - [2023-12-30T14:12:39.855+0100] {dagbag.py:538} INFO - Filling up the DagBag from /home/ubuntu/.local/lib/python3.10/site-packages/airflow/example_dags/example_latest_only_with_trigger.py
[2023-12-30T14:12:39.860+0100] {processor.py:840} INFO - DAG(s) 'latest_only_with_trigger' retrieved from /home/ubuntu/.local/lib/python3.10/site-packages/airflow/example_dags/example_latest_only_with_trigger.py
[2023-12-30T14:12:39.870+0100] {logging_mixin.py:188} INFO - [2023-12-30T14:12:39.870+0100] {dag.py:3033} INFO - Sync 1 DAGs
[2023-12-30T14:12:39.883+0100] {logging_mixin.py:188} INFO - [2023-12-30T14:12:39.882+0100] {dag.py:3820} INFO - Setting next_dagrun for latest_only_with_trigger to 2023-12-30T08:00:00+00:00, run_after=2023-12-30T12:00:00+00:00
[2023-12-30T14:12:39.931+0100] {processor.py:183} INFO - Processing /home/ubuntu/.local/lib/python3.10/site-packages/airflow/example_dags/example_latest_only_with_trigger.py took 0.079 seconds
[2023-12-30T14:13:31.385+0100] {processor.py:161} INFO - Started process (PID=8848) to work on /home/ubuntu/.local/lib/python3.10/site-packages/airflow/example_dags/example_latest_only_with_trigger.py
[2023-12-30T14:13:31.395+0100] {processor.py:830} INFO - Processing file /home/ubuntu/.local/lib/python3.10/site-packages/airflow/example_dags/example_latest_only_with_trigger.py for tasks to queue
[2023-12-30T14:13:31.396+0100] {logging_mixin.py:188} INFO - [2023-12-30T14:13:31.395+0100] {dagbag.py:538} INFO - Filling up the DagBag from /home/ubuntu/.local/lib/python3.10/site-packages/airflow/example_dags/example_latest_only_with_trigger.py
[2023-12-30T14:13:31.400+0100] {processor.py:840} INFO - DAG(s) 'latest_only_with_trigger' retrieved from /home/ubuntu/.local/lib/python3.10/site-packages/airflow/example_dags/example_latest_only_with_trigger.py
[2023-12-30T14:13:31.411+0100] {logging_mixin.py:188} INFO - [2023-12-30T14:13:31.411+0100] {dag.py:3033} INFO - Sync 1 DAGs
[2023-12-30T14:13:31.425+0100] {logging_mixin.py:188} INFO - [2023-12-30T14:13:31.425+0100] {dag.py:3820} INFO - Setting next_dagrun for latest_only_with_trigger to 2023-12-30T08:00:00+00:00, run_after=2023-12-30T12:00:00+00:00
[2023-12-30T14:13:31.442+0100] {processor.py:183} INFO - Processing /home/ubuntu/.local/lib/python3.10/site-packages/airflow/example_dags/example_latest_only_with_trigger.py took 0.059 seconds
[2023-12-30T14:14:21.345+0100] {processor.py:161} INFO - Started process (PID=8910) to work on /home/ubuntu/.local/lib/python3.10/site-packages/airflow/example_dags/example_latest_only_with_trigger.py
[2023-12-30T14:14:21.357+0100] {processor.py:830} INFO - Processing file /home/ubuntu/.local/lib/python3.10/site-packages/airflow/example_dags/example_latest_only_with_trigger.py for tasks to queue
[2023-12-30T14:14:21.360+0100] {logging_mixin.py:188} INFO - [2023-12-30T14:14:21.359+0100] {dagbag.py:538} INFO - Filling up the DagBag from /home/ubuntu/.local/lib/python3.10/site-packages/airflow/example_dags/example_latest_only_with_trigger.py
[2023-12-30T14:14:21.378+0100] {processor.py:840} INFO - DAG(s) 'latest_only_with_trigger' retrieved from /home/ubuntu/.local/lib/python3.10/site-packages/airflow/example_dags/example_latest_only_with_trigger.py
[2023-12-30T14:14:21.397+0100] {logging_mixin.py:188} INFO - [2023-12-30T14:14:21.397+0100] {dag.py:3033} INFO - Sync 1 DAGs
[2023-12-30T14:14:21.412+0100] {logging_mixin.py:188} INFO - [2023-12-30T14:14:21.412+0100] {dag.py:3820} INFO - Setting next_dagrun for latest_only_with_trigger to 2023-12-30T08:00:00+00:00, run_after=2023-12-30T12:00:00+00:00
[2023-12-30T14:14:21.428+0100] {processor.py:183} INFO - Processing /home/ubuntu/.local/lib/python3.10/site-packages/airflow/example_dags/example_latest_only_with_trigger.py took 0.092 seconds
[2023-12-30T14:15:18.291+0100] {processor.py:161} INFO - Started process (PID=8973) to work on /home/ubuntu/.local/lib/python3.10/site-packages/airflow/example_dags/example_latest_only_with_trigger.py
[2023-12-30T14:15:18.294+0100] {processor.py:830} INFO - Processing file /home/ubuntu/.local/lib/python3.10/site-packages/airflow/example_dags/example_latest_only_with_trigger.py for tasks to queue
[2023-12-30T14:15:18.296+0100] {logging_mixin.py:188} INFO - [2023-12-30T14:15:18.295+0100] {dagbag.py:538} INFO - Filling up the DagBag from /home/ubuntu/.local/lib/python3.10/site-packages/airflow/example_dags/example_latest_only_with_trigger.py
[2023-12-30T14:15:18.310+0100] {processor.py:840} INFO - DAG(s) 'latest_only_with_trigger' retrieved from /home/ubuntu/.local/lib/python3.10/site-packages/airflow/example_dags/example_latest_only_with_trigger.py
[2023-12-30T14:15:18.327+0100] {logging_mixin.py:188} INFO - [2023-12-30T14:15:18.327+0100] {dag.py:3033} INFO - Sync 1 DAGs
[2023-12-30T14:15:18.342+0100] {logging_mixin.py:188} INFO - [2023-12-30T14:15:18.342+0100] {dag.py:3820} INFO - Setting next_dagrun for latest_only_with_trigger to 2023-12-30T08:00:00+00:00, run_after=2023-12-30T12:00:00+00:00
[2023-12-30T14:15:18.359+0100] {processor.py:183} INFO - Processing /home/ubuntu/.local/lib/python3.10/site-packages/airflow/example_dags/example_latest_only_with_trigger.py took 0.077 seconds
[2023-12-30T14:16:14.341+0100] {processor.py:161} INFO - Started process (PID=9043) to work on /home/ubuntu/.local/lib/python3.10/site-packages/airflow/example_dags/example_latest_only_with_trigger.py
[2023-12-30T14:16:14.351+0100] {processor.py:830} INFO - Processing file /home/ubuntu/.local/lib/python3.10/site-packages/airflow/example_dags/example_latest_only_with_trigger.py for tasks to queue
[2023-12-30T14:16:14.351+0100] {logging_mixin.py:188} INFO - [2023-12-30T14:16:14.351+0100] {dagbag.py:538} INFO - Filling up the DagBag from /home/ubuntu/.local/lib/python3.10/site-packages/airflow/example_dags/example_latest_only_with_trigger.py
[2023-12-30T14:16:14.357+0100] {processor.py:840} INFO - DAG(s) 'latest_only_with_trigger' retrieved from /home/ubuntu/.local/lib/python3.10/site-packages/airflow/example_dags/example_latest_only_with_trigger.py
[2023-12-30T14:16:14.367+0100] {logging_mixin.py:188} INFO - [2023-12-30T14:16:14.367+0100] {dag.py:3033} INFO - Sync 1 DAGs
[2023-12-30T14:16:14.384+0100] {logging_mixin.py:188} INFO - [2023-12-30T14:16:14.383+0100] {dag.py:3820} INFO - Setting next_dagrun for latest_only_with_trigger to 2023-12-30T08:00:00+00:00, run_after=2023-12-30T12:00:00+00:00
[2023-12-30T14:16:14.410+0100] {processor.py:183} INFO - Processing /home/ubuntu/.local/lib/python3.10/site-packages/airflow/example_dags/example_latest_only_with_trigger.py took 0.071 seconds
[2023-12-30T14:17:08.607+0100] {processor.py:161} INFO - Started process (PID=9109) to work on /home/ubuntu/.local/lib/python3.10/site-packages/airflow/example_dags/example_latest_only_with_trigger.py
[2023-12-30T14:17:08.618+0100] {processor.py:830} INFO - Processing file /home/ubuntu/.local/lib/python3.10/site-packages/airflow/example_dags/example_latest_only_with_trigger.py for tasks to queue
[2023-12-30T14:17:08.621+0100] {logging_mixin.py:188} INFO - [2023-12-30T14:17:08.620+0100] {dagbag.py:538} INFO - Filling up the DagBag from /home/ubuntu/.local/lib/python3.10/site-packages/airflow/example_dags/example_latest_only_with_trigger.py
[2023-12-30T14:17:08.637+0100] {processor.py:840} INFO - DAG(s) 'latest_only_with_trigger' retrieved from /home/ubuntu/.local/lib/python3.10/site-packages/airflow/example_dags/example_latest_only_with_trigger.py
[2023-12-30T14:17:08.655+0100] {logging_mixin.py:188} INFO - [2023-12-30T14:17:08.655+0100] {dag.py:3033} INFO - Sync 1 DAGs
[2023-12-30T14:17:08.671+0100] {logging_mixin.py:188} INFO - [2023-12-30T14:17:08.671+0100] {dag.py:3820} INFO - Setting next_dagrun for latest_only_with_trigger to 2023-12-30T08:00:00+00:00, run_after=2023-12-30T12:00:00+00:00
[2023-12-30T14:17:08.693+0100] {processor.py:183} INFO - Processing /home/ubuntu/.local/lib/python3.10/site-packages/airflow/example_dags/example_latest_only_with_trigger.py took 0.095 seconds
[2023-12-30T14:17:55.256+0100] {processor.py:161} INFO - Started process (PID=9216) to work on /home/ubuntu/.local/lib/python3.10/site-packages/airflow/example_dags/example_latest_only_with_trigger.py
[2023-12-30T14:17:55.266+0100] {processor.py:830} INFO - Processing file /home/ubuntu/.local/lib/python3.10/site-packages/airflow/example_dags/example_latest_only_with_trigger.py for tasks to queue
[2023-12-30T14:17:55.266+0100] {logging_mixin.py:188} INFO - [2023-12-30T14:17:55.266+0100] {dagbag.py:538} INFO - Filling up the DagBag from /home/ubuntu/.local/lib/python3.10/site-packages/airflow/example_dags/example_latest_only_with_trigger.py
[2023-12-30T14:17:55.272+0100] {processor.py:840} INFO - DAG(s) 'latest_only_with_trigger' retrieved from /home/ubuntu/.local/lib/python3.10/site-packages/airflow/example_dags/example_latest_only_with_trigger.py
[2023-12-30T14:17:55.285+0100] {logging_mixin.py:188} INFO - [2023-12-30T14:17:55.285+0100] {dag.py:3033} INFO - Sync 1 DAGs
[2023-12-30T14:17:55.298+0100] {logging_mixin.py:188} INFO - [2023-12-30T14:17:55.298+0100] {dag.py:3820} INFO - Setting next_dagrun for latest_only_with_trigger to 2023-12-30T08:00:00+00:00, run_after=2023-12-30T12:00:00+00:00
[2023-12-30T14:17:55.318+0100] {processor.py:183} INFO - Processing /home/ubuntu/.local/lib/python3.10/site-packages/airflow/example_dags/example_latest_only_with_trigger.py took 0.065 seconds
[2023-12-30T14:18:54.277+0100] {processor.py:161} INFO - Started process (PID=9300) to work on /home/ubuntu/.local/lib/python3.10/site-packages/airflow/example_dags/example_latest_only_with_trigger.py
[2023-12-30T14:18:54.288+0100] {processor.py:830} INFO - Processing file /home/ubuntu/.local/lib/python3.10/site-packages/airflow/example_dags/example_latest_only_with_trigger.py for tasks to queue
[2023-12-30T14:18:54.291+0100] {logging_mixin.py:188} INFO - [2023-12-30T14:18:54.290+0100] {dagbag.py:538} INFO - Filling up the DagBag from /home/ubuntu/.local/lib/python3.10/site-packages/airflow/example_dags/example_latest_only_with_trigger.py
[2023-12-30T14:18:54.311+0100] {processor.py:840} INFO - DAG(s) 'latest_only_with_trigger' retrieved from /home/ubuntu/.local/lib/python3.10/site-packages/airflow/example_dags/example_latest_only_with_trigger.py
[2023-12-30T14:18:54.348+0100] {logging_mixin.py:188} INFO - [2023-12-30T14:18:54.348+0100] {dag.py:3033} INFO - Sync 1 DAGs
[2023-12-30T14:18:54.367+0100] {logging_mixin.py:188} INFO - [2023-12-30T14:18:54.367+0100] {dag.py:3820} INFO - Setting next_dagrun for latest_only_with_trigger to 2023-12-30T08:00:00+00:00, run_after=2023-12-30T12:00:00+00:00
[2023-12-30T14:18:54.390+0100] {processor.py:183} INFO - Processing /home/ubuntu/.local/lib/python3.10/site-packages/airflow/example_dags/example_latest_only_with_trigger.py took 0.115 seconds
[2023-12-30T14:19:53.622+0100] {processor.py:161} INFO - Started process (PID=9428) to work on /home/ubuntu/.local/lib/python3.10/site-packages/airflow/example_dags/example_latest_only_with_trigger.py
[2023-12-30T14:19:53.633+0100] {processor.py:830} INFO - Processing file /home/ubuntu/.local/lib/python3.10/site-packages/airflow/example_dags/example_latest_only_with_trigger.py for tasks to queue
[2023-12-30T14:19:53.634+0100] {logging_mixin.py:188} INFO - [2023-12-30T14:19:53.633+0100] {dagbag.py:538} INFO - Filling up the DagBag from /home/ubuntu/.local/lib/python3.10/site-packages/airflow/example_dags/example_latest_only_with_trigger.py
[2023-12-30T14:19:53.646+0100] {processor.py:840} INFO - DAG(s) 'latest_only_with_trigger' retrieved from /home/ubuntu/.local/lib/python3.10/site-packages/airflow/example_dags/example_latest_only_with_trigger.py
[2023-12-30T14:19:53.669+0100] {logging_mixin.py:188} INFO - [2023-12-30T14:19:53.668+0100] {dag.py:3033} INFO - Sync 1 DAGs
[2023-12-30T14:19:53.684+0100] {logging_mixin.py:188} INFO - [2023-12-30T14:19:53.684+0100] {dag.py:3820} INFO - Setting next_dagrun for latest_only_with_trigger to 2023-12-30T08:00:00+00:00, run_after=2023-12-30T12:00:00+00:00
[2023-12-30T14:19:53.785+0100] {processor.py:183} INFO - Processing /home/ubuntu/.local/lib/python3.10/site-packages/airflow/example_dags/example_latest_only_with_trigger.py took 0.168 seconds
[2023-12-30T14:20:44.300+0100] {processor.py:161} INFO - Started process (PID=9515) to work on /home/ubuntu/.local/lib/python3.10/site-packages/airflow/example_dags/example_latest_only_with_trigger.py
[2023-12-30T14:20:44.310+0100] {processor.py:830} INFO - Processing file /home/ubuntu/.local/lib/python3.10/site-packages/airflow/example_dags/example_latest_only_with_trigger.py for tasks to queue
[2023-12-30T14:20:44.311+0100] {logging_mixin.py:188} INFO - [2023-12-30T14:20:44.311+0100] {dagbag.py:538} INFO - Filling up the DagBag from /home/ubuntu/.local/lib/python3.10/site-packages/airflow/example_dags/example_latest_only_with_trigger.py
[2023-12-30T14:20:44.321+0100] {processor.py:840} INFO - DAG(s) 'latest_only_with_trigger' retrieved from /home/ubuntu/.local/lib/python3.10/site-packages/airflow/example_dags/example_latest_only_with_trigger.py
[2023-12-30T14:20:44.336+0100] {logging_mixin.py:188} INFO - [2023-12-30T14:20:44.336+0100] {dag.py:3033} INFO - Sync 1 DAGs
[2023-12-30T14:20:44.355+0100] {logging_mixin.py:188} INFO - [2023-12-30T14:20:44.355+0100] {dag.py:3820} INFO - Setting next_dagrun for latest_only_with_trigger to 2023-12-30T08:00:00+00:00, run_after=2023-12-30T12:00:00+00:00
[2023-12-30T14:20:44.382+0100] {processor.py:183} INFO - Processing /home/ubuntu/.local/lib/python3.10/site-packages/airflow/example_dags/example_latest_only_with_trigger.py took 0.084 seconds
[2023-12-30T14:21:37.203+0100] {processor.py:161} INFO - Started process (PID=9588) to work on /home/ubuntu/.local/lib/python3.10/site-packages/airflow/example_dags/example_latest_only_with_trigger.py
[2023-12-30T14:21:37.204+0100] {processor.py:830} INFO - Processing file /home/ubuntu/.local/lib/python3.10/site-packages/airflow/example_dags/example_latest_only_with_trigger.py for tasks to queue
[2023-12-30T14:21:37.205+0100] {logging_mixin.py:188} INFO - [2023-12-30T14:21:37.205+0100] {dagbag.py:538} INFO - Filling up the DagBag from /home/ubuntu/.local/lib/python3.10/site-packages/airflow/example_dags/example_latest_only_with_trigger.py
[2023-12-30T14:21:37.211+0100] {processor.py:840} INFO - DAG(s) 'latest_only_with_trigger' retrieved from /home/ubuntu/.local/lib/python3.10/site-packages/airflow/example_dags/example_latest_only_with_trigger.py
[2023-12-30T14:21:37.223+0100] {logging_mixin.py:188} INFO - [2023-12-30T14:21:37.222+0100] {dag.py:3033} INFO - Sync 1 DAGs
[2023-12-30T14:21:37.236+0100] {logging_mixin.py:188} INFO - [2023-12-30T14:21:37.236+0100] {dag.py:3820} INFO - Setting next_dagrun for latest_only_with_trigger to 2023-12-30T08:00:00+00:00, run_after=2023-12-30T12:00:00+00:00
[2023-12-30T14:21:37.254+0100] {processor.py:183} INFO - Processing /home/ubuntu/.local/lib/python3.10/site-packages/airflow/example_dags/example_latest_only_with_trigger.py took 0.053 seconds
[2023-12-30T14:22:33.610+0100] {processor.py:161} INFO - Started process (PID=9658) to work on /home/ubuntu/.local/lib/python3.10/site-packages/airflow/example_dags/example_latest_only_with_trigger.py
[2023-12-30T14:22:33.621+0100] {processor.py:830} INFO - Processing file /home/ubuntu/.local/lib/python3.10/site-packages/airflow/example_dags/example_latest_only_with_trigger.py for tasks to queue
[2023-12-30T14:22:33.622+0100] {logging_mixin.py:188} INFO - [2023-12-30T14:22:33.621+0100] {dagbag.py:538} INFO - Filling up the DagBag from /home/ubuntu/.local/lib/python3.10/site-packages/airflow/example_dags/example_latest_only_with_trigger.py
[2023-12-30T14:22:33.628+0100] {processor.py:840} INFO - DAG(s) 'latest_only_with_trigger' retrieved from /home/ubuntu/.local/lib/python3.10/site-packages/airflow/example_dags/example_latest_only_with_trigger.py
[2023-12-30T14:22:33.639+0100] {logging_mixin.py:188} INFO - [2023-12-30T14:22:33.639+0100] {dag.py:3033} INFO - Sync 1 DAGs
[2023-12-30T14:22:33.651+0100] {logging_mixin.py:188} INFO - [2023-12-30T14:22:33.651+0100] {dag.py:3820} INFO - Setting next_dagrun for latest_only_with_trigger to 2023-12-30T08:00:00+00:00, run_after=2023-12-30T12:00:00+00:00
[2023-12-30T14:22:33.673+0100] {processor.py:183} INFO - Processing /home/ubuntu/.local/lib/python3.10/site-packages/airflow/example_dags/example_latest_only_with_trigger.py took 0.067 seconds
[2023-12-30T14:23:37.286+0100] {processor.py:161} INFO - Started process (PID=9759) to work on /home/ubuntu/.local/lib/python3.10/site-packages/airflow/example_dags/example_latest_only_with_trigger.py
[2023-12-30T14:23:37.287+0100] {processor.py:830} INFO - Processing file /home/ubuntu/.local/lib/python3.10/site-packages/airflow/example_dags/example_latest_only_with_trigger.py for tasks to queue
[2023-12-30T14:23:37.288+0100] {logging_mixin.py:188} INFO - [2023-12-30T14:23:37.287+0100] {dagbag.py:538} INFO - Filling up the DagBag from /home/ubuntu/.local/lib/python3.10/site-packages/airflow/example_dags/example_latest_only_with_trigger.py
[2023-12-30T14:23:37.292+0100] {processor.py:840} INFO - DAG(s) 'latest_only_with_trigger' retrieved from /home/ubuntu/.local/lib/python3.10/site-packages/airflow/example_dags/example_latest_only_with_trigger.py
[2023-12-30T14:23:37.303+0100] {logging_mixin.py:188} INFO - [2023-12-30T14:23:37.302+0100] {dag.py:3033} INFO - Sync 1 DAGs
[2023-12-30T14:23:37.316+0100] {logging_mixin.py:188} INFO - [2023-12-30T14:23:37.316+0100] {dag.py:3820} INFO - Setting next_dagrun for latest_only_with_trigger to 2023-12-30T08:00:00+00:00, run_after=2023-12-30T12:00:00+00:00
[2023-12-30T14:23:37.349+0100] {processor.py:183} INFO - Processing /home/ubuntu/.local/lib/python3.10/site-packages/airflow/example_dags/example_latest_only_with_trigger.py took 0.065 seconds
[2023-12-30T14:24:39.371+0100] {processor.py:161} INFO - Started process (PID=10021) to work on /home/ubuntu/.local/lib/python3.10/site-packages/airflow/example_dags/example_latest_only_with_trigger.py
[2023-12-30T14:24:39.382+0100] {processor.py:830} INFO - Processing file /home/ubuntu/.local/lib/python3.10/site-packages/airflow/example_dags/example_latest_only_with_trigger.py for tasks to queue
[2023-12-30T14:24:39.384+0100] {logging_mixin.py:188} INFO - [2023-12-30T14:24:39.383+0100] {dagbag.py:538} INFO - Filling up the DagBag from /home/ubuntu/.local/lib/python3.10/site-packages/airflow/example_dags/example_latest_only_with_trigger.py
[2023-12-30T14:24:39.398+0100] {processor.py:840} INFO - DAG(s) 'latest_only_with_trigger' retrieved from /home/ubuntu/.local/lib/python3.10/site-packages/airflow/example_dags/example_latest_only_with_trigger.py
[2023-12-30T14:24:39.418+0100] {logging_mixin.py:188} INFO - [2023-12-30T14:24:39.418+0100] {dag.py:3033} INFO - Sync 1 DAGs
[2023-12-30T14:24:39.517+0100] {logging_mixin.py:188} INFO - [2023-12-30T14:24:39.517+0100] {dag.py:3820} INFO - Setting next_dagrun for latest_only_with_trigger to 2023-12-30T08:00:00+00:00, run_after=2023-12-30T12:00:00+00:00
[2023-12-30T14:24:39.542+0100] {processor.py:183} INFO - Processing /home/ubuntu/.local/lib/python3.10/site-packages/airflow/example_dags/example_latest_only_with_trigger.py took 0.177 seconds
[2023-12-30T14:25:37.874+0100] {processor.py:161} INFO - Started process (PID=10207) to work on /home/ubuntu/.local/lib/python3.10/site-packages/airflow/example_dags/example_latest_only_with_trigger.py
[2023-12-30T14:25:37.884+0100] {processor.py:830} INFO - Processing file /home/ubuntu/.local/lib/python3.10/site-packages/airflow/example_dags/example_latest_only_with_trigger.py for tasks to queue
[2023-12-30T14:25:37.885+0100] {logging_mixin.py:188} INFO - [2023-12-30T14:25:37.884+0100] {dagbag.py:538} INFO - Filling up the DagBag from /home/ubuntu/.local/lib/python3.10/site-packages/airflow/example_dags/example_latest_only_with_trigger.py
[2023-12-30T14:25:37.890+0100] {processor.py:840} INFO - DAG(s) 'latest_only_with_trigger' retrieved from /home/ubuntu/.local/lib/python3.10/site-packages/airflow/example_dags/example_latest_only_with_trigger.py
[2023-12-30T14:25:37.903+0100] {logging_mixin.py:188} INFO - [2023-12-30T14:25:37.903+0100] {dag.py:3033} INFO - Sync 1 DAGs
[2023-12-30T14:25:37.917+0100] {logging_mixin.py:188} INFO - [2023-12-30T14:25:37.917+0100] {dag.py:3820} INFO - Setting next_dagrun for latest_only_with_trigger to 2023-12-30T08:00:00+00:00, run_after=2023-12-30T12:00:00+00:00
[2023-12-30T14:25:37.934+0100] {processor.py:183} INFO - Processing /home/ubuntu/.local/lib/python3.10/site-packages/airflow/example_dags/example_latest_only_with_trigger.py took 0.063 seconds
[2023-12-30T14:26:41.307+0100] {processor.py:161} INFO - Started process (PID=10652) to work on /home/ubuntu/.local/lib/python3.10/site-packages/airflow/example_dags/example_latest_only_with_trigger.py
[2023-12-30T14:26:41.317+0100] {processor.py:830} INFO - Processing file /home/ubuntu/.local/lib/python3.10/site-packages/airflow/example_dags/example_latest_only_with_trigger.py for tasks to queue
[2023-12-30T14:26:41.318+0100] {logging_mixin.py:188} INFO - [2023-12-30T14:26:41.318+0100] {dagbag.py:538} INFO - Filling up the DagBag from /home/ubuntu/.local/lib/python3.10/site-packages/airflow/example_dags/example_latest_only_with_trigger.py
[2023-12-30T14:26:41.324+0100] {processor.py:840} INFO - DAG(s) 'latest_only_with_trigger' retrieved from /home/ubuntu/.local/lib/python3.10/site-packages/airflow/example_dags/example_latest_only_with_trigger.py
[2023-12-30T14:26:41.337+0100] {logging_mixin.py:188} INFO - [2023-12-30T14:26:41.337+0100] {dag.py:3033} INFO - Sync 1 DAGs
[2023-12-30T14:26:41.350+0100] {logging_mixin.py:188} INFO - [2023-12-30T14:26:41.350+0100] {dag.py:3820} INFO - Setting next_dagrun for latest_only_with_trigger to 2023-12-30T08:00:00+00:00, run_after=2023-12-30T12:00:00+00:00
[2023-12-30T14:26:41.367+0100] {processor.py:183} INFO - Processing /home/ubuntu/.local/lib/python3.10/site-packages/airflow/example_dags/example_latest_only_with_trigger.py took 0.063 seconds
[2023-12-30T14:27:43.520+0100] {processor.py:161} INFO - Started process (PID=10840) to work on /home/ubuntu/.local/lib/python3.10/site-packages/airflow/example_dags/example_latest_only_with_trigger.py
[2023-12-30T14:27:43.530+0100] {processor.py:830} INFO - Processing file /home/ubuntu/.local/lib/python3.10/site-packages/airflow/example_dags/example_latest_only_with_trigger.py for tasks to queue
[2023-12-30T14:27:43.531+0100] {logging_mixin.py:188} INFO - [2023-12-30T14:27:43.531+0100] {dagbag.py:538} INFO - Filling up the DagBag from /home/ubuntu/.local/lib/python3.10/site-packages/airflow/example_dags/example_latest_only_with_trigger.py
[2023-12-30T14:27:43.538+0100] {processor.py:840} INFO - DAG(s) 'latest_only_with_trigger' retrieved from /home/ubuntu/.local/lib/python3.10/site-packages/airflow/example_dags/example_latest_only_with_trigger.py
[2023-12-30T14:27:43.553+0100] {logging_mixin.py:188} INFO - [2023-12-30T14:27:43.553+0100] {dag.py:3033} INFO - Sync 1 DAGs
[2023-12-30T14:27:43.647+0100] {logging_mixin.py:188} INFO - [2023-12-30T14:27:43.647+0100] {dag.py:3820} INFO - Setting next_dagrun for latest_only_with_trigger to 2023-12-30T08:00:00+00:00, run_after=2023-12-30T12:00:00+00:00
[2023-12-30T14:27:43.685+0100] {processor.py:183} INFO - Processing /home/ubuntu/.local/lib/python3.10/site-packages/airflow/example_dags/example_latest_only_with_trigger.py took 0.167 seconds
[2023-12-30T14:28:44.962+0100] {processor.py:161} INFO - Started process (PID=10914) to work on /home/ubuntu/.local/lib/python3.10/site-packages/airflow/example_dags/example_latest_only_with_trigger.py
[2023-12-30T14:28:44.977+0100] {processor.py:830} INFO - Processing file /home/ubuntu/.local/lib/python3.10/site-packages/airflow/example_dags/example_latest_only_with_trigger.py for tasks to queue
[2023-12-30T14:28:44.980+0100] {logging_mixin.py:188} INFO - [2023-12-30T14:28:44.978+0100] {dagbag.py:538} INFO - Filling up the DagBag from /home/ubuntu/.local/lib/python3.10/site-packages/airflow/example_dags/example_latest_only_with_trigger.py
[2023-12-30T14:28:44.991+0100] {processor.py:840} INFO - DAG(s) 'latest_only_with_trigger' retrieved from /home/ubuntu/.local/lib/python3.10/site-packages/airflow/example_dags/example_latest_only_with_trigger.py
[2023-12-30T14:28:45.007+0100] {logging_mixin.py:188} INFO - [2023-12-30T14:28:45.007+0100] {dag.py:3033} INFO - Sync 1 DAGs
[2023-12-30T14:28:45.021+0100] {logging_mixin.py:188} INFO - [2023-12-30T14:28:45.021+0100] {dag.py:3820} INFO - Setting next_dagrun for latest_only_with_trigger to 2023-12-30T08:00:00+00:00, run_after=2023-12-30T12:00:00+00:00
[2023-12-30T14:28:45.145+0100] {processor.py:183} INFO - Processing /home/ubuntu/.local/lib/python3.10/site-packages/airflow/example_dags/example_latest_only_with_trigger.py took 0.192 seconds
[2023-12-30T14:29:52.664+0100] {processor.py:161} INFO - Started process (PID=10992) to work on /home/ubuntu/.local/lib/python3.10/site-packages/airflow/example_dags/example_latest_only_with_trigger.py
[2023-12-30T14:29:52.665+0100] {processor.py:830} INFO - Processing file /home/ubuntu/.local/lib/python3.10/site-packages/airflow/example_dags/example_latest_only_with_trigger.py for tasks to queue
[2023-12-30T14:29:52.666+0100] {logging_mixin.py:188} INFO - [2023-12-30T14:29:52.666+0100] {dagbag.py:538} INFO - Filling up the DagBag from /home/ubuntu/.local/lib/python3.10/site-packages/airflow/example_dags/example_latest_only_with_trigger.py
[2023-12-30T14:29:52.672+0100] {processor.py:840} INFO - DAG(s) 'latest_only_with_trigger' retrieved from /home/ubuntu/.local/lib/python3.10/site-packages/airflow/example_dags/example_latest_only_with_trigger.py
[2023-12-30T14:29:52.686+0100] {logging_mixin.py:188} INFO - [2023-12-30T14:29:52.686+0100] {dag.py:3033} INFO - Sync 1 DAGs
[2023-12-30T14:29:52.705+0100] {logging_mixin.py:188} INFO - [2023-12-30T14:29:52.705+0100] {dag.py:3820} INFO - Setting next_dagrun for latest_only_with_trigger to 2023-12-30T08:00:00+00:00, run_after=2023-12-30T12:00:00+00:00
[2023-12-30T14:29:52.726+0100] {processor.py:183} INFO - Processing /home/ubuntu/.local/lib/python3.10/site-packages/airflow/example_dags/example_latest_only_with_trigger.py took 0.065 seconds
[2023-12-30T14:30:46.809+0100] {processor.py:161} INFO - Started process (PID=11054) to work on /home/ubuntu/.local/lib/python3.10/site-packages/airflow/example_dags/example_latest_only_with_trigger.py
[2023-12-30T14:30:46.821+0100] {processor.py:830} INFO - Processing file /home/ubuntu/.local/lib/python3.10/site-packages/airflow/example_dags/example_latest_only_with_trigger.py for tasks to queue
[2023-12-30T14:30:46.823+0100] {logging_mixin.py:188} INFO - [2023-12-30T14:30:46.822+0100] {dagbag.py:538} INFO - Filling up the DagBag from /home/ubuntu/.local/lib/python3.10/site-packages/airflow/example_dags/example_latest_only_with_trigger.py
[2023-12-30T14:30:46.836+0100] {processor.py:840} INFO - DAG(s) 'latest_only_with_trigger' retrieved from /home/ubuntu/.local/lib/python3.10/site-packages/airflow/example_dags/example_latest_only_with_trigger.py
[2023-12-30T14:30:46.857+0100] {logging_mixin.py:188} INFO - [2023-12-30T14:30:46.856+0100] {dag.py:3033} INFO - Sync 1 DAGs
[2023-12-30T14:30:46.872+0100] {logging_mixin.py:188} INFO - [2023-12-30T14:30:46.872+0100] {dag.py:3820} INFO - Setting next_dagrun for latest_only_with_trigger to 2023-12-30T08:00:00+00:00, run_after=2023-12-30T12:00:00+00:00
[2023-12-30T14:30:46.886+0100] {processor.py:183} INFO - Processing /home/ubuntu/.local/lib/python3.10/site-packages/airflow/example_dags/example_latest_only_with_trigger.py took 0.083 seconds
[2023-12-30T14:31:41.290+0100] {processor.py:161} INFO - Started process (PID=11125) to work on /home/ubuntu/.local/lib/python3.10/site-packages/airflow/example_dags/example_latest_only_with_trigger.py
[2023-12-30T14:31:41.302+0100] {processor.py:830} INFO - Processing file /home/ubuntu/.local/lib/python3.10/site-packages/airflow/example_dags/example_latest_only_with_trigger.py for tasks to queue
[2023-12-30T14:31:41.304+0100] {logging_mixin.py:188} INFO - [2023-12-30T14:31:41.303+0100] {dagbag.py:538} INFO - Filling up the DagBag from /home/ubuntu/.local/lib/python3.10/site-packages/airflow/example_dags/example_latest_only_with_trigger.py
[2023-12-30T14:31:41.320+0100] {processor.py:840} INFO - DAG(s) 'latest_only_with_trigger' retrieved from /home/ubuntu/.local/lib/python3.10/site-packages/airflow/example_dags/example_latest_only_with_trigger.py
[2023-12-30T14:31:41.343+0100] {logging_mixin.py:188} INFO - [2023-12-30T14:31:41.342+0100] {dag.py:3033} INFO - Sync 1 DAGs
[2023-12-30T14:31:41.363+0100] {logging_mixin.py:188} INFO - [2023-12-30T14:31:41.363+0100] {dag.py:3820} INFO - Setting next_dagrun for latest_only_with_trigger to 2023-12-30T08:00:00+00:00, run_after=2023-12-30T12:00:00+00:00
[2023-12-30T14:31:41.379+0100] {processor.py:183} INFO - Processing /home/ubuntu/.local/lib/python3.10/site-packages/airflow/example_dags/example_latest_only_with_trigger.py took 0.097 seconds
[2023-12-30T14:32:37.385+0100] {processor.py:161} INFO - Started process (PID=11293) to work on /home/ubuntu/.local/lib/python3.10/site-packages/airflow/example_dags/example_latest_only_with_trigger.py
[2023-12-30T14:32:37.387+0100] {processor.py:830} INFO - Processing file /home/ubuntu/.local/lib/python3.10/site-packages/airflow/example_dags/example_latest_only_with_trigger.py for tasks to queue
[2023-12-30T14:32:37.388+0100] {logging_mixin.py:188} INFO - [2023-12-30T14:32:37.388+0100] {dagbag.py:538} INFO - Filling up the DagBag from /home/ubuntu/.local/lib/python3.10/site-packages/airflow/example_dags/example_latest_only_with_trigger.py
[2023-12-30T14:32:37.396+0100] {processor.py:840} INFO - DAG(s) 'latest_only_with_trigger' retrieved from /home/ubuntu/.local/lib/python3.10/site-packages/airflow/example_dags/example_latest_only_with_trigger.py
[2023-12-30T14:32:37.417+0100] {logging_mixin.py:188} INFO - [2023-12-30T14:32:37.416+0100] {dag.py:3033} INFO - Sync 1 DAGs
[2023-12-30T14:32:37.433+0100] {logging_mixin.py:188} INFO - [2023-12-30T14:32:37.432+0100] {dag.py:3820} INFO - Setting next_dagrun for latest_only_with_trigger to 2023-12-30T08:00:00+00:00, run_after=2023-12-30T12:00:00+00:00
[2023-12-30T14:32:37.470+0100] {processor.py:183} INFO - Processing /home/ubuntu/.local/lib/python3.10/site-packages/airflow/example_dags/example_latest_only_with_trigger.py took 0.092 seconds
[2023-12-30T14:33:30.686+0100] {processor.py:161} INFO - Started process (PID=11564) to work on /home/ubuntu/.local/lib/python3.10/site-packages/airflow/example_dags/example_latest_only_with_trigger.py
[2023-12-30T14:33:30.696+0100] {processor.py:830} INFO - Processing file /home/ubuntu/.local/lib/python3.10/site-packages/airflow/example_dags/example_latest_only_with_trigger.py for tasks to queue
[2023-12-30T14:33:30.697+0100] {logging_mixin.py:188} INFO - [2023-12-30T14:33:30.697+0100] {dagbag.py:538} INFO - Filling up the DagBag from /home/ubuntu/.local/lib/python3.10/site-packages/airflow/example_dags/example_latest_only_with_trigger.py
[2023-12-30T14:33:30.703+0100] {processor.py:840} INFO - DAG(s) 'latest_only_with_trigger' retrieved from /home/ubuntu/.local/lib/python3.10/site-packages/airflow/example_dags/example_latest_only_with_trigger.py
[2023-12-30T14:33:30.721+0100] {logging_mixin.py:188} INFO - [2023-12-30T14:33:30.721+0100] {dag.py:3033} INFO - Sync 1 DAGs
[2023-12-30T14:33:30.741+0100] {logging_mixin.py:188} INFO - [2023-12-30T14:33:30.741+0100] {dag.py:3820} INFO - Setting next_dagrun for latest_only_with_trigger to 2023-12-30T08:00:00+00:00, run_after=2023-12-30T12:00:00+00:00
[2023-12-30T14:33:30.768+0100] {processor.py:183} INFO - Processing /home/ubuntu/.local/lib/python3.10/site-packages/airflow/example_dags/example_latest_only_with_trigger.py took 0.086 seconds
[2023-12-30T14:34:32.230+0100] {processor.py:161} INFO - Started process (PID=11989) to work on /home/ubuntu/.local/lib/python3.10/site-packages/airflow/example_dags/example_latest_only_with_trigger.py
[2023-12-30T14:34:32.232+0100] {processor.py:830} INFO - Processing file /home/ubuntu/.local/lib/python3.10/site-packages/airflow/example_dags/example_latest_only_with_trigger.py for tasks to queue
[2023-12-30T14:34:32.233+0100] {logging_mixin.py:188} INFO - [2023-12-30T14:34:32.232+0100] {dagbag.py:538} INFO - Filling up the DagBag from /home/ubuntu/.local/lib/python3.10/site-packages/airflow/example_dags/example_latest_only_with_trigger.py
[2023-12-30T14:34:32.242+0100] {processor.py:840} INFO - DAG(s) 'latest_only_with_trigger' retrieved from /home/ubuntu/.local/lib/python3.10/site-packages/airflow/example_dags/example_latest_only_with_trigger.py
[2023-12-30T14:34:32.263+0100] {logging_mixin.py:188} INFO - [2023-12-30T14:34:32.263+0100] {dag.py:3033} INFO - Sync 1 DAGs
[2023-12-30T14:34:32.287+0100] {logging_mixin.py:188} INFO - [2023-12-30T14:34:32.287+0100] {dag.py:3820} INFO - Setting next_dagrun for latest_only_with_trigger to 2023-12-30T08:00:00+00:00, run_after=2023-12-30T12:00:00+00:00
[2023-12-30T14:34:32.330+0100] {processor.py:183} INFO - Processing /home/ubuntu/.local/lib/python3.10/site-packages/airflow/example_dags/example_latest_only_with_trigger.py took 0.103 seconds
