[2023-12-30T13:33:51.322+0100] {processor.py:161} INFO - Started process (PID=3378) to work on /home/ubuntu/.local/lib/python3.10/site-packages/airflow/example_dags/example_branch_labels.py
[2023-12-30T13:33:51.322+0100] {processor.py:830} INFO - Processing file /home/ubuntu/.local/lib/python3.10/site-packages/airflow/example_dags/example_branch_labels.py for tasks to queue
[2023-12-30T13:33:51.323+0100] {logging_mixin.py:188} INFO - [2023-12-30T13:33:51.323+0100] {dagbag.py:538} INFO - Filling up the DagBag from /home/ubuntu/.local/lib/python3.10/site-packages/airflow/example_dags/example_branch_labels.py
[2023-12-30T13:33:51.328+0100] {processor.py:840} INFO - DAG(s) 'example_branch_labels' retrieved from /home/ubuntu/.local/lib/python3.10/site-packages/airflow/example_dags/example_branch_labels.py
[2023-12-30T13:33:51.395+0100] {logging_mixin.py:188} INFO - [2023-12-30T13:33:51.395+0100] {dag.py:3033} INFO - Sync 1 DAGs
[2023-12-30T13:33:51.407+0100] {logging_mixin.py:188} INFO - [2023-12-30T13:33:51.406+0100] {dag.py:3820} INFO - Setting next_dagrun for example_branch_labels to 2023-12-29T00:00:00+00:00, run_after=2023-12-30T00:00:00+00:00
[2023-12-30T13:33:51.429+0100] {processor.py:183} INFO - Processing /home/ubuntu/.local/lib/python3.10/site-packages/airflow/example_dags/example_branch_labels.py took 0.110 seconds
[2023-12-30T13:34:39.323+0100] {processor.py:161} INFO - Started process (PID=4198) to work on /home/ubuntu/.local/lib/python3.10/site-packages/airflow/example_dags/example_branch_labels.py
[2023-12-30T13:34:39.333+0100] {processor.py:830} INFO - Processing file /home/ubuntu/.local/lib/python3.10/site-packages/airflow/example_dags/example_branch_labels.py for tasks to queue
[2023-12-30T13:34:39.334+0100] {logging_mixin.py:188} INFO - [2023-12-30T13:34:39.334+0100] {dagbag.py:538} INFO - Filling up the DagBag from /home/ubuntu/.local/lib/python3.10/site-packages/airflow/example_dags/example_branch_labels.py
[2023-12-30T13:34:39.342+0100] {processor.py:840} INFO - DAG(s) 'example_branch_labels' retrieved from /home/ubuntu/.local/lib/python3.10/site-packages/airflow/example_dags/example_branch_labels.py
[2023-12-30T13:34:39.360+0100] {logging_mixin.py:188} INFO - [2023-12-30T13:34:39.359+0100] {dag.py:3033} INFO - Sync 1 DAGs
[2023-12-30T13:34:39.374+0100] {logging_mixin.py:188} INFO - [2023-12-30T13:34:39.373+0100] {dag.py:3820} INFO - Setting next_dagrun for example_branch_labels to 2023-12-29T00:00:00+00:00, run_after=2023-12-30T00:00:00+00:00
[2023-12-30T13:34:39.388+0100] {processor.py:183} INFO - Processing /home/ubuntu/.local/lib/python3.10/site-packages/airflow/example_dags/example_branch_labels.py took 0.068 seconds
[2023-12-30T13:35:32.211+0100] {processor.py:161} INFO - Started process (PID=4305) to work on /home/ubuntu/.local/lib/python3.10/site-packages/airflow/example_dags/example_branch_labels.py
[2023-12-30T13:35:32.221+0100] {processor.py:830} INFO - Processing file /home/ubuntu/.local/lib/python3.10/site-packages/airflow/example_dags/example_branch_labels.py for tasks to queue
[2023-12-30T13:35:32.222+0100] {logging_mixin.py:188} INFO - [2023-12-30T13:35:32.221+0100] {dagbag.py:538} INFO - Filling up the DagBag from /home/ubuntu/.local/lib/python3.10/site-packages/airflow/example_dags/example_branch_labels.py
[2023-12-30T13:35:32.229+0100] {processor.py:840} INFO - DAG(s) 'example_branch_labels' retrieved from /home/ubuntu/.local/lib/python3.10/site-packages/airflow/example_dags/example_branch_labels.py
[2023-12-30T13:35:32.245+0100] {logging_mixin.py:188} INFO - [2023-12-30T13:35:32.245+0100] {dag.py:3033} INFO - Sync 1 DAGs
[2023-12-30T13:35:32.260+0100] {logging_mixin.py:188} INFO - [2023-12-30T13:35:32.260+0100] {dag.py:3820} INFO - Setting next_dagrun for example_branch_labels to 2023-12-29T00:00:00+00:00, run_after=2023-12-30T00:00:00+00:00
[2023-12-30T13:35:32.286+0100] {processor.py:183} INFO - Processing /home/ubuntu/.local/lib/python3.10/site-packages/airflow/example_dags/example_branch_labels.py took 0.077 seconds
[2023-12-30T13:36:26.295+0100] {processor.py:161} INFO - Started process (PID=4419) to work on /home/ubuntu/.local/lib/python3.10/site-packages/airflow/example_dags/example_branch_labels.py
[2023-12-30T13:36:26.307+0100] {processor.py:830} INFO - Processing file /home/ubuntu/.local/lib/python3.10/site-packages/airflow/example_dags/example_branch_labels.py for tasks to queue
[2023-12-30T13:36:26.309+0100] {logging_mixin.py:188} INFO - [2023-12-30T13:36:26.309+0100] {dagbag.py:538} INFO - Filling up the DagBag from /home/ubuntu/.local/lib/python3.10/site-packages/airflow/example_dags/example_branch_labels.py
[2023-12-30T13:36:26.329+0100] {processor.py:840} INFO - DAG(s) 'example_branch_labels' retrieved from /home/ubuntu/.local/lib/python3.10/site-packages/airflow/example_dags/example_branch_labels.py
[2023-12-30T13:36:26.349+0100] {logging_mixin.py:188} INFO - [2023-12-30T13:36:26.349+0100] {dag.py:3033} INFO - Sync 1 DAGs
[2023-12-30T13:36:26.364+0100] {logging_mixin.py:188} INFO - [2023-12-30T13:36:26.364+0100] {dag.py:3820} INFO - Setting next_dagrun for example_branch_labels to 2023-12-29T00:00:00+00:00, run_after=2023-12-30T00:00:00+00:00
[2023-12-30T13:36:26.378+0100] {processor.py:183} INFO - Processing /home/ubuntu/.local/lib/python3.10/site-packages/airflow/example_dags/example_branch_labels.py took 0.090 seconds
[2023-12-30T13:37:22.046+0100] {processor.py:161} INFO - Started process (PID=5807) to work on /home/ubuntu/.local/lib/python3.10/site-packages/airflow/example_dags/example_branch_labels.py
[2023-12-30T13:37:22.047+0100] {processor.py:830} INFO - Processing file /home/ubuntu/.local/lib/python3.10/site-packages/airflow/example_dags/example_branch_labels.py for tasks to queue
[2023-12-30T13:37:22.048+0100] {logging_mixin.py:188} INFO - [2023-12-30T13:37:22.048+0100] {dagbag.py:538} INFO - Filling up the DagBag from /home/ubuntu/.local/lib/python3.10/site-packages/airflow/example_dags/example_branch_labels.py
[2023-12-30T13:37:22.058+0100] {processor.py:840} INFO - DAG(s) 'example_branch_labels' retrieved from /home/ubuntu/.local/lib/python3.10/site-packages/airflow/example_dags/example_branch_labels.py
[2023-12-30T13:37:22.078+0100] {logging_mixin.py:188} INFO - [2023-12-30T13:37:22.078+0100] {dag.py:3033} INFO - Sync 1 DAGs
[2023-12-30T13:37:22.094+0100] {logging_mixin.py:188} INFO - [2023-12-30T13:37:22.094+0100] {dag.py:3820} INFO - Setting next_dagrun for example_branch_labels to 2023-12-29T00:00:00+00:00, run_after=2023-12-30T00:00:00+00:00
[2023-12-30T13:37:22.110+0100] {processor.py:183} INFO - Processing /home/ubuntu/.local/lib/python3.10/site-packages/airflow/example_dags/example_branch_labels.py took 0.068 seconds
[2023-12-30T13:38:10.029+0100] {processor.py:161} INFO - Started process (PID=5918) to work on /home/ubuntu/.local/lib/python3.10/site-packages/airflow/example_dags/example_branch_labels.py
[2023-12-30T13:38:10.039+0100] {processor.py:830} INFO - Processing file /home/ubuntu/.local/lib/python3.10/site-packages/airflow/example_dags/example_branch_labels.py for tasks to queue
[2023-12-30T13:38:10.039+0100] {logging_mixin.py:188} INFO - [2023-12-30T13:38:10.039+0100] {dagbag.py:538} INFO - Filling up the DagBag from /home/ubuntu/.local/lib/python3.10/site-packages/airflow/example_dags/example_branch_labels.py
[2023-12-30T13:38:10.045+0100] {processor.py:840} INFO - DAG(s) 'example_branch_labels' retrieved from /home/ubuntu/.local/lib/python3.10/site-packages/airflow/example_dags/example_branch_labels.py
[2023-12-30T13:38:10.054+0100] {logging_mixin.py:188} INFO - [2023-12-30T13:38:10.054+0100] {dag.py:3033} INFO - Sync 1 DAGs
[2023-12-30T13:38:10.065+0100] {logging_mixin.py:188} INFO - [2023-12-30T13:38:10.065+0100] {dag.py:3820} INFO - Setting next_dagrun for example_branch_labels to 2023-12-29T00:00:00+00:00, run_after=2023-12-30T00:00:00+00:00
[2023-12-30T13:38:10.095+0100] {processor.py:183} INFO - Processing /home/ubuntu/.local/lib/python3.10/site-packages/airflow/example_dags/example_branch_labels.py took 0.067 seconds
[2023-12-30T13:39:04.994+0100] {processor.py:161} INFO - Started process (PID=6036) to work on /home/ubuntu/.local/lib/python3.10/site-packages/airflow/example_dags/example_branch_labels.py
[2023-12-30T13:39:04.996+0100] {processor.py:830} INFO - Processing file /home/ubuntu/.local/lib/python3.10/site-packages/airflow/example_dags/example_branch_labels.py for tasks to queue
[2023-12-30T13:39:04.997+0100] {logging_mixin.py:188} INFO - [2023-12-30T13:39:04.996+0100] {dagbag.py:538} INFO - Filling up the DagBag from /home/ubuntu/.local/lib/python3.10/site-packages/airflow/example_dags/example_branch_labels.py
[2023-12-30T13:39:05.002+0100] {processor.py:840} INFO - DAG(s) 'example_branch_labels' retrieved from /home/ubuntu/.local/lib/python3.10/site-packages/airflow/example_dags/example_branch_labels.py
[2023-12-30T13:39:05.014+0100] {logging_mixin.py:188} INFO - [2023-12-30T13:39:05.014+0100] {dag.py:3033} INFO - Sync 1 DAGs
[2023-12-30T13:39:05.027+0100] {logging_mixin.py:188} INFO - [2023-12-30T13:39:05.027+0100] {dag.py:3820} INFO - Setting next_dagrun for example_branch_labels to 2023-12-29T00:00:00+00:00, run_after=2023-12-30T00:00:00+00:00
[2023-12-30T13:39:05.041+0100] {processor.py:183} INFO - Processing /home/ubuntu/.local/lib/python3.10/site-packages/airflow/example_dags/example_branch_labels.py took 0.050 seconds
[2023-12-30T13:39:56.569+0100] {processor.py:161} INFO - Started process (PID=6120) to work on /home/ubuntu/.local/lib/python3.10/site-packages/airflow/example_dags/example_branch_labels.py
[2023-12-30T13:39:56.580+0100] {processor.py:830} INFO - Processing file /home/ubuntu/.local/lib/python3.10/site-packages/airflow/example_dags/example_branch_labels.py for tasks to queue
[2023-12-30T13:39:56.580+0100] {logging_mixin.py:188} INFO - [2023-12-30T13:39:56.580+0100] {dagbag.py:538} INFO - Filling up the DagBag from /home/ubuntu/.local/lib/python3.10/site-packages/airflow/example_dags/example_branch_labels.py
[2023-12-30T13:39:56.585+0100] {processor.py:840} INFO - DAG(s) 'example_branch_labels' retrieved from /home/ubuntu/.local/lib/python3.10/site-packages/airflow/example_dags/example_branch_labels.py
[2023-12-30T13:39:56.599+0100] {logging_mixin.py:188} INFO - [2023-12-30T13:39:56.599+0100] {dag.py:3033} INFO - Sync 1 DAGs
[2023-12-30T13:39:56.611+0100] {logging_mixin.py:188} INFO - [2023-12-30T13:39:56.611+0100] {dag.py:3820} INFO - Setting next_dagrun for example_branch_labels to 2023-12-29T00:00:00+00:00, run_after=2023-12-30T00:00:00+00:00
[2023-12-30T13:39:56.624+0100] {processor.py:183} INFO - Processing /home/ubuntu/.local/lib/python3.10/site-packages/airflow/example_dags/example_branch_labels.py took 0.062 seconds
[2023-12-30T13:40:50.178+0100] {processor.py:161} INFO - Started process (PID=6190) to work on /home/ubuntu/.local/lib/python3.10/site-packages/airflow/example_dags/example_branch_labels.py
[2023-12-30T13:40:50.180+0100] {processor.py:830} INFO - Processing file /home/ubuntu/.local/lib/python3.10/site-packages/airflow/example_dags/example_branch_labels.py for tasks to queue
[2023-12-30T13:40:50.181+0100] {logging_mixin.py:188} INFO - [2023-12-30T13:40:50.180+0100] {dagbag.py:538} INFO - Filling up the DagBag from /home/ubuntu/.local/lib/python3.10/site-packages/airflow/example_dags/example_branch_labels.py
[2023-12-30T13:40:50.192+0100] {processor.py:840} INFO - DAG(s) 'example_branch_labels' retrieved from /home/ubuntu/.local/lib/python3.10/site-packages/airflow/example_dags/example_branch_labels.py
[2023-12-30T13:40:50.209+0100] {logging_mixin.py:188} INFO - [2023-12-30T13:40:50.209+0100] {dag.py:3033} INFO - Sync 1 DAGs
[2023-12-30T13:40:50.224+0100] {logging_mixin.py:188} INFO - [2023-12-30T13:40:50.224+0100] {dag.py:3820} INFO - Setting next_dagrun for example_branch_labels to 2023-12-29T00:00:00+00:00, run_after=2023-12-30T00:00:00+00:00
[2023-12-30T13:40:50.250+0100] {processor.py:183} INFO - Processing /home/ubuntu/.local/lib/python3.10/site-packages/airflow/example_dags/example_branch_labels.py took 0.077 seconds
[2023-12-30T13:41:41.707+0100] {processor.py:161} INFO - Started process (PID=6295) to work on /home/ubuntu/.local/lib/python3.10/site-packages/airflow/example_dags/example_branch_labels.py
[2023-12-30T13:41:41.709+0100] {processor.py:830} INFO - Processing file /home/ubuntu/.local/lib/python3.10/site-packages/airflow/example_dags/example_branch_labels.py for tasks to queue
[2023-12-30T13:41:41.710+0100] {logging_mixin.py:188} INFO - [2023-12-30T13:41:41.709+0100] {dagbag.py:538} INFO - Filling up the DagBag from /home/ubuntu/.local/lib/python3.10/site-packages/airflow/example_dags/example_branch_labels.py
[2023-12-30T13:41:41.720+0100] {processor.py:840} INFO - DAG(s) 'example_branch_labels' retrieved from /home/ubuntu/.local/lib/python3.10/site-packages/airflow/example_dags/example_branch_labels.py
[2023-12-30T13:41:41.742+0100] {logging_mixin.py:188} INFO - [2023-12-30T13:41:41.742+0100] {dag.py:3033} INFO - Sync 1 DAGs
[2023-12-30T13:41:41.757+0100] {logging_mixin.py:188} INFO - [2023-12-30T13:41:41.757+0100] {dag.py:3820} INFO - Setting next_dagrun for example_branch_labels to 2023-12-29T00:00:00+00:00, run_after=2023-12-30T00:00:00+00:00
[2023-12-30T13:41:41.793+0100] {processor.py:183} INFO - Processing /home/ubuntu/.local/lib/python3.10/site-packages/airflow/example_dags/example_branch_labels.py took 0.088 seconds
[2023-12-30T13:42:36.140+0100] {processor.py:161} INFO - Started process (PID=6362) to work on /home/ubuntu/.local/lib/python3.10/site-packages/airflow/example_dags/example_branch_labels.py
[2023-12-30T13:42:36.142+0100] {processor.py:830} INFO - Processing file /home/ubuntu/.local/lib/python3.10/site-packages/airflow/example_dags/example_branch_labels.py for tasks to queue
[2023-12-30T13:42:36.144+0100] {logging_mixin.py:188} INFO - [2023-12-30T13:42:36.143+0100] {dagbag.py:538} INFO - Filling up the DagBag from /home/ubuntu/.local/lib/python3.10/site-packages/airflow/example_dags/example_branch_labels.py
[2023-12-30T13:42:36.162+0100] {processor.py:840} INFO - DAG(s) 'example_branch_labels' retrieved from /home/ubuntu/.local/lib/python3.10/site-packages/airflow/example_dags/example_branch_labels.py
[2023-12-30T13:42:36.180+0100] {logging_mixin.py:188} INFO - [2023-12-30T13:42:36.179+0100] {dag.py:3033} INFO - Sync 1 DAGs
[2023-12-30T13:42:36.194+0100] {logging_mixin.py:188} INFO - [2023-12-30T13:42:36.194+0100] {dag.py:3820} INFO - Setting next_dagrun for example_branch_labels to 2023-12-29T00:00:00+00:00, run_after=2023-12-30T00:00:00+00:00
[2023-12-30T13:42:36.229+0100] {processor.py:183} INFO - Processing /home/ubuntu/.local/lib/python3.10/site-packages/airflow/example_dags/example_branch_labels.py took 0.097 seconds
[2023-12-30T13:43:33.365+0100] {processor.py:161} INFO - Started process (PID=6433) to work on /home/ubuntu/.local/lib/python3.10/site-packages/airflow/example_dags/example_branch_labels.py
[2023-12-30T13:43:33.366+0100] {processor.py:830} INFO - Processing file /home/ubuntu/.local/lib/python3.10/site-packages/airflow/example_dags/example_branch_labels.py for tasks to queue
[2023-12-30T13:43:33.367+0100] {logging_mixin.py:188} INFO - [2023-12-30T13:43:33.367+0100] {dagbag.py:538} INFO - Filling up the DagBag from /home/ubuntu/.local/lib/python3.10/site-packages/airflow/example_dags/example_branch_labels.py
[2023-12-30T13:43:33.372+0100] {processor.py:840} INFO - DAG(s) 'example_branch_labels' retrieved from /home/ubuntu/.local/lib/python3.10/site-packages/airflow/example_dags/example_branch_labels.py
[2023-12-30T13:43:33.382+0100] {logging_mixin.py:188} INFO - [2023-12-30T13:43:33.382+0100] {dag.py:3033} INFO - Sync 1 DAGs
[2023-12-30T13:43:33.395+0100] {logging_mixin.py:188} INFO - [2023-12-30T13:43:33.395+0100] {dag.py:3820} INFO - Setting next_dagrun for example_branch_labels to 2023-12-29T00:00:00+00:00, run_after=2023-12-30T00:00:00+00:00
[2023-12-30T13:43:33.438+0100] {processor.py:183} INFO - Processing /home/ubuntu/.local/lib/python3.10/site-packages/airflow/example_dags/example_branch_labels.py took 0.075 seconds
[2023-12-30T13:44:27.578+0100] {processor.py:161} INFO - Started process (PID=6544) to work on /home/ubuntu/.local/lib/python3.10/site-packages/airflow/example_dags/example_branch_labels.py
[2023-12-30T13:44:27.581+0100] {processor.py:830} INFO - Processing file /home/ubuntu/.local/lib/python3.10/site-packages/airflow/example_dags/example_branch_labels.py for tasks to queue
[2023-12-30T13:44:27.583+0100] {logging_mixin.py:188} INFO - [2023-12-30T13:44:27.582+0100] {dagbag.py:538} INFO - Filling up the DagBag from /home/ubuntu/.local/lib/python3.10/site-packages/airflow/example_dags/example_branch_labels.py
[2023-12-30T13:44:27.599+0100] {processor.py:840} INFO - DAG(s) 'example_branch_labels' retrieved from /home/ubuntu/.local/lib/python3.10/site-packages/airflow/example_dags/example_branch_labels.py
[2023-12-30T13:44:27.617+0100] {logging_mixin.py:188} INFO - [2023-12-30T13:44:27.617+0100] {dag.py:3033} INFO - Sync 1 DAGs
[2023-12-30T13:44:27.631+0100] {logging_mixin.py:188} INFO - [2023-12-30T13:44:27.631+0100] {dag.py:3820} INFO - Setting next_dagrun for example_branch_labels to 2023-12-29T00:00:00+00:00, run_after=2023-12-30T00:00:00+00:00
[2023-12-30T13:44:27.663+0100] {processor.py:183} INFO - Processing /home/ubuntu/.local/lib/python3.10/site-packages/airflow/example_dags/example_branch_labels.py took 0.092 seconds
[2023-12-30T13:45:20.620+0100] {processor.py:161} INFO - Started process (PID=6604) to work on /home/ubuntu/.local/lib/python3.10/site-packages/airflow/example_dags/example_branch_labels.py
[2023-12-30T13:45:20.621+0100] {processor.py:830} INFO - Processing file /home/ubuntu/.local/lib/python3.10/site-packages/airflow/example_dags/example_branch_labels.py for tasks to queue
[2023-12-30T13:45:20.621+0100] {logging_mixin.py:188} INFO - [2023-12-30T13:45:20.621+0100] {dagbag.py:538} INFO - Filling up the DagBag from /home/ubuntu/.local/lib/python3.10/site-packages/airflow/example_dags/example_branch_labels.py
[2023-12-30T13:45:20.626+0100] {processor.py:840} INFO - DAG(s) 'example_branch_labels' retrieved from /home/ubuntu/.local/lib/python3.10/site-packages/airflow/example_dags/example_branch_labels.py
[2023-12-30T13:45:20.635+0100] {logging_mixin.py:188} INFO - [2023-12-30T13:45:20.635+0100] {dag.py:3033} INFO - Sync 1 DAGs
[2023-12-30T13:45:20.647+0100] {logging_mixin.py:188} INFO - [2023-12-30T13:45:20.647+0100] {dag.py:3820} INFO - Setting next_dagrun for example_branch_labels to 2023-12-29T00:00:00+00:00, run_after=2023-12-30T00:00:00+00:00
[2023-12-30T13:45:20.685+0100] {processor.py:183} INFO - Processing /home/ubuntu/.local/lib/python3.10/site-packages/airflow/example_dags/example_branch_labels.py took 0.067 seconds
[2023-12-30T13:46:16.533+0100] {processor.py:161} INFO - Started process (PID=6666) to work on /home/ubuntu/.local/lib/python3.10/site-packages/airflow/example_dags/example_branch_labels.py
[2023-12-30T13:46:16.543+0100] {processor.py:830} INFO - Processing file /home/ubuntu/.local/lib/python3.10/site-packages/airflow/example_dags/example_branch_labels.py for tasks to queue
[2023-12-30T13:46:16.543+0100] {logging_mixin.py:188} INFO - [2023-12-30T13:46:16.543+0100] {dagbag.py:538} INFO - Filling up the DagBag from /home/ubuntu/.local/lib/python3.10/site-packages/airflow/example_dags/example_branch_labels.py
[2023-12-30T13:46:16.548+0100] {processor.py:840} INFO - DAG(s) 'example_branch_labels' retrieved from /home/ubuntu/.local/lib/python3.10/site-packages/airflow/example_dags/example_branch_labels.py
[2023-12-30T13:46:16.558+0100] {logging_mixin.py:188} INFO - [2023-12-30T13:46:16.558+0100] {dag.py:3033} INFO - Sync 1 DAGs
[2023-12-30T13:46:16.569+0100] {logging_mixin.py:188} INFO - [2023-12-30T13:46:16.569+0100] {dag.py:3820} INFO - Setting next_dagrun for example_branch_labels to 2023-12-29T00:00:00+00:00, run_after=2023-12-30T00:00:00+00:00
[2023-12-30T13:46:16.585+0100] {processor.py:183} INFO - Processing /home/ubuntu/.local/lib/python3.10/site-packages/airflow/example_dags/example_branch_labels.py took 0.054 seconds
[2023-12-30T13:47:11.240+0100] {processor.py:161} INFO - Started process (PID=6730) to work on /home/ubuntu/.local/lib/python3.10/site-packages/airflow/example_dags/example_branch_labels.py
[2023-12-30T13:47:11.250+0100] {processor.py:830} INFO - Processing file /home/ubuntu/.local/lib/python3.10/site-packages/airflow/example_dags/example_branch_labels.py for tasks to queue
[2023-12-30T13:47:11.251+0100] {logging_mixin.py:188} INFO - [2023-12-30T13:47:11.250+0100] {dagbag.py:538} INFO - Filling up the DagBag from /home/ubuntu/.local/lib/python3.10/site-packages/airflow/example_dags/example_branch_labels.py
[2023-12-30T13:47:11.256+0100] {processor.py:840} INFO - DAG(s) 'example_branch_labels' retrieved from /home/ubuntu/.local/lib/python3.10/site-packages/airflow/example_dags/example_branch_labels.py
[2023-12-30T13:47:11.268+0100] {logging_mixin.py:188} INFO - [2023-12-30T13:47:11.268+0100] {dag.py:3033} INFO - Sync 1 DAGs
[2023-12-30T13:47:11.282+0100] {logging_mixin.py:188} INFO - [2023-12-30T13:47:11.282+0100] {dag.py:3820} INFO - Setting next_dagrun for example_branch_labels to 2023-12-29T00:00:00+00:00, run_after=2023-12-30T00:00:00+00:00
[2023-12-30T13:47:11.308+0100] {processor.py:183} INFO - Processing /home/ubuntu/.local/lib/python3.10/site-packages/airflow/example_dags/example_branch_labels.py took 0.070 seconds
[2023-12-30T13:48:01.757+0100] {processor.py:161} INFO - Started process (PID=6802) to work on /home/ubuntu/.local/lib/python3.10/site-packages/airflow/example_dags/example_branch_labels.py
[2023-12-30T13:48:01.757+0100] {processor.py:830} INFO - Processing file /home/ubuntu/.local/lib/python3.10/site-packages/airflow/example_dags/example_branch_labels.py for tasks to queue
[2023-12-30T13:48:01.758+0100] {logging_mixin.py:188} INFO - [2023-12-30T13:48:01.758+0100] {dagbag.py:538} INFO - Filling up the DagBag from /home/ubuntu/.local/lib/python3.10/site-packages/airflow/example_dags/example_branch_labels.py
[2023-12-30T13:48:01.763+0100] {processor.py:840} INFO - DAG(s) 'example_branch_labels' retrieved from /home/ubuntu/.local/lib/python3.10/site-packages/airflow/example_dags/example_branch_labels.py
[2023-12-30T13:48:01.773+0100] {logging_mixin.py:188} INFO - [2023-12-30T13:48:01.773+0100] {dag.py:3033} INFO - Sync 1 DAGs
[2023-12-30T13:48:01.787+0100] {logging_mixin.py:188} INFO - [2023-12-30T13:48:01.787+0100] {dag.py:3820} INFO - Setting next_dagrun for example_branch_labels to 2023-12-29T00:00:00+00:00, run_after=2023-12-30T00:00:00+00:00
[2023-12-30T13:48:01.840+0100] {processor.py:183} INFO - Processing /home/ubuntu/.local/lib/python3.10/site-packages/airflow/example_dags/example_branch_labels.py took 0.084 seconds
[2023-12-30T13:48:53.640+0100] {processor.py:161} INFO - Started process (PID=6860) to work on /home/ubuntu/.local/lib/python3.10/site-packages/airflow/example_dags/example_branch_labels.py
[2023-12-30T13:48:53.641+0100] {processor.py:830} INFO - Processing file /home/ubuntu/.local/lib/python3.10/site-packages/airflow/example_dags/example_branch_labels.py for tasks to queue
[2023-12-30T13:48:53.642+0100] {logging_mixin.py:188} INFO - [2023-12-30T13:48:53.641+0100] {dagbag.py:538} INFO - Filling up the DagBag from /home/ubuntu/.local/lib/python3.10/site-packages/airflow/example_dags/example_branch_labels.py
[2023-12-30T13:48:53.646+0100] {processor.py:840} INFO - DAG(s) 'example_branch_labels' retrieved from /home/ubuntu/.local/lib/python3.10/site-packages/airflow/example_dags/example_branch_labels.py
[2023-12-30T13:48:53.656+0100] {logging_mixin.py:188} INFO - [2023-12-30T13:48:53.656+0100] {dag.py:3033} INFO - Sync 1 DAGs
[2023-12-30T13:48:53.668+0100] {logging_mixin.py:188} INFO - [2023-12-30T13:48:53.668+0100] {dag.py:3820} INFO - Setting next_dagrun for example_branch_labels to 2023-12-29T00:00:00+00:00, run_after=2023-12-30T00:00:00+00:00
[2023-12-30T13:48:53.693+0100] {processor.py:183} INFO - Processing /home/ubuntu/.local/lib/python3.10/site-packages/airflow/example_dags/example_branch_labels.py took 0.054 seconds
[2023-12-30T13:49:50.593+0100] {processor.py:161} INFO - Started process (PID=6941) to work on /home/ubuntu/.local/lib/python3.10/site-packages/airflow/example_dags/example_branch_labels.py
[2023-12-30T13:49:50.604+0100] {processor.py:830} INFO - Processing file /home/ubuntu/.local/lib/python3.10/site-packages/airflow/example_dags/example_branch_labels.py for tasks to queue
[2023-12-30T13:49:50.606+0100] {logging_mixin.py:188} INFO - [2023-12-30T13:49:50.605+0100] {dagbag.py:538} INFO - Filling up the DagBag from /home/ubuntu/.local/lib/python3.10/site-packages/airflow/example_dags/example_branch_labels.py
[2023-12-30T13:49:50.625+0100] {processor.py:840} INFO - DAG(s) 'example_branch_labels' retrieved from /home/ubuntu/.local/lib/python3.10/site-packages/airflow/example_dags/example_branch_labels.py
[2023-12-30T13:49:50.645+0100] {logging_mixin.py:188} INFO - [2023-12-30T13:49:50.645+0100] {dag.py:3033} INFO - Sync 1 DAGs
[2023-12-30T13:49:50.660+0100] {logging_mixin.py:188} INFO - [2023-12-30T13:49:50.660+0100] {dag.py:3820} INFO - Setting next_dagrun for example_branch_labels to 2023-12-29T00:00:00+00:00, run_after=2023-12-30T00:00:00+00:00
[2023-12-30T13:49:50.674+0100] {processor.py:183} INFO - Processing /home/ubuntu/.local/lib/python3.10/site-packages/airflow/example_dags/example_branch_labels.py took 0.088 seconds
[2023-12-30T13:50:44.093+0100] {processor.py:161} INFO - Started process (PID=7002) to work on /home/ubuntu/.local/lib/python3.10/site-packages/airflow/example_dags/example_branch_labels.py
[2023-12-30T13:50:44.094+0100] {processor.py:830} INFO - Processing file /home/ubuntu/.local/lib/python3.10/site-packages/airflow/example_dags/example_branch_labels.py for tasks to queue
[2023-12-30T13:50:44.094+0100] {logging_mixin.py:188} INFO - [2023-12-30T13:50:44.094+0100] {dagbag.py:538} INFO - Filling up the DagBag from /home/ubuntu/.local/lib/python3.10/site-packages/airflow/example_dags/example_branch_labels.py
[2023-12-30T13:50:44.099+0100] {processor.py:840} INFO - DAG(s) 'example_branch_labels' retrieved from /home/ubuntu/.local/lib/python3.10/site-packages/airflow/example_dags/example_branch_labels.py
[2023-12-30T13:50:44.108+0100] {logging_mixin.py:188} INFO - [2023-12-30T13:50:44.108+0100] {dag.py:3033} INFO - Sync 1 DAGs
[2023-12-30T13:50:44.120+0100] {logging_mixin.py:188} INFO - [2023-12-30T13:50:44.120+0100] {dag.py:3820} INFO - Setting next_dagrun for example_branch_labels to 2023-12-29T00:00:00+00:00, run_after=2023-12-30T00:00:00+00:00
[2023-12-30T13:50:44.163+0100] {processor.py:183} INFO - Processing /home/ubuntu/.local/lib/python3.10/site-packages/airflow/example_dags/example_branch_labels.py took 0.072 seconds
[2023-12-30T13:51:39.694+0100] {processor.py:161} INFO - Started process (PID=7069) to work on /home/ubuntu/.local/lib/python3.10/site-packages/airflow/example_dags/example_branch_labels.py
[2023-12-30T13:51:39.703+0100] {processor.py:830} INFO - Processing file /home/ubuntu/.local/lib/python3.10/site-packages/airflow/example_dags/example_branch_labels.py for tasks to queue
[2023-12-30T13:51:39.704+0100] {logging_mixin.py:188} INFO - [2023-12-30T13:51:39.704+0100] {dagbag.py:538} INFO - Filling up the DagBag from /home/ubuntu/.local/lib/python3.10/site-packages/airflow/example_dags/example_branch_labels.py
[2023-12-30T13:51:39.709+0100] {processor.py:840} INFO - DAG(s) 'example_branch_labels' retrieved from /home/ubuntu/.local/lib/python3.10/site-packages/airflow/example_dags/example_branch_labels.py
[2023-12-30T13:51:39.719+0100] {logging_mixin.py:188} INFO - [2023-12-30T13:51:39.719+0100] {dag.py:3033} INFO - Sync 1 DAGs
[2023-12-30T13:51:39.731+0100] {logging_mixin.py:188} INFO - [2023-12-30T13:51:39.731+0100] {dag.py:3820} INFO - Setting next_dagrun for example_branch_labels to 2023-12-29T00:00:00+00:00, run_after=2023-12-30T00:00:00+00:00
[2023-12-30T13:51:39.751+0100] {processor.py:183} INFO - Processing /home/ubuntu/.local/lib/python3.10/site-packages/airflow/example_dags/example_branch_labels.py took 0.059 seconds
[2023-12-30T13:52:32.590+0100] {processor.py:161} INFO - Started process (PID=7129) to work on /home/ubuntu/.local/lib/python3.10/site-packages/airflow/example_dags/example_branch_labels.py
[2023-12-30T13:52:32.591+0100] {processor.py:830} INFO - Processing file /home/ubuntu/.local/lib/python3.10/site-packages/airflow/example_dags/example_branch_labels.py for tasks to queue
[2023-12-30T13:52:32.592+0100] {logging_mixin.py:188} INFO - [2023-12-30T13:52:32.592+0100] {dagbag.py:538} INFO - Filling up the DagBag from /home/ubuntu/.local/lib/python3.10/site-packages/airflow/example_dags/example_branch_labels.py
[2023-12-30T13:52:32.596+0100] {processor.py:840} INFO - DAG(s) 'example_branch_labels' retrieved from /home/ubuntu/.local/lib/python3.10/site-packages/airflow/example_dags/example_branch_labels.py
[2023-12-30T13:52:32.606+0100] {logging_mixin.py:188} INFO - [2023-12-30T13:52:32.605+0100] {dag.py:3033} INFO - Sync 1 DAGs
[2023-12-30T13:52:32.617+0100] {logging_mixin.py:188} INFO - [2023-12-30T13:52:32.617+0100] {dag.py:3820} INFO - Setting next_dagrun for example_branch_labels to 2023-12-29T00:00:00+00:00, run_after=2023-12-30T00:00:00+00:00
[2023-12-30T13:52:32.659+0100] {processor.py:183} INFO - Processing /home/ubuntu/.local/lib/python3.10/site-packages/airflow/example_dags/example_branch_labels.py took 0.071 seconds
[2023-12-30T13:53:27.085+0100] {processor.py:161} INFO - Started process (PID=7192) to work on /home/ubuntu/.local/lib/python3.10/site-packages/airflow/example_dags/example_branch_labels.py
[2023-12-30T13:53:27.095+0100] {processor.py:830} INFO - Processing file /home/ubuntu/.local/lib/python3.10/site-packages/airflow/example_dags/example_branch_labels.py for tasks to queue
[2023-12-30T13:53:27.096+0100] {logging_mixin.py:188} INFO - [2023-12-30T13:53:27.095+0100] {dagbag.py:538} INFO - Filling up the DagBag from /home/ubuntu/.local/lib/python3.10/site-packages/airflow/example_dags/example_branch_labels.py
[2023-12-30T13:53:27.101+0100] {processor.py:840} INFO - DAG(s) 'example_branch_labels' retrieved from /home/ubuntu/.local/lib/python3.10/site-packages/airflow/example_dags/example_branch_labels.py
[2023-12-30T13:53:27.111+0100] {logging_mixin.py:188} INFO - [2023-12-30T13:53:27.110+0100] {dag.py:3033} INFO - Sync 1 DAGs
[2023-12-30T13:53:27.122+0100] {logging_mixin.py:188} INFO - [2023-12-30T13:53:27.122+0100] {dag.py:3820} INFO - Setting next_dagrun for example_branch_labels to 2023-12-29T00:00:00+00:00, run_after=2023-12-30T00:00:00+00:00
[2023-12-30T13:53:27.136+0100] {processor.py:183} INFO - Processing /home/ubuntu/.local/lib/python3.10/site-packages/airflow/example_dags/example_branch_labels.py took 0.052 seconds
[2023-12-30T13:54:20.163+0100] {processor.py:161} INFO - Started process (PID=7252) to work on /home/ubuntu/.local/lib/python3.10/site-packages/airflow/example_dags/example_branch_labels.py
[2023-12-30T13:54:20.164+0100] {processor.py:830} INFO - Processing file /home/ubuntu/.local/lib/python3.10/site-packages/airflow/example_dags/example_branch_labels.py for tasks to queue
[2023-12-30T13:54:20.165+0100] {logging_mixin.py:188} INFO - [2023-12-30T13:54:20.164+0100] {dagbag.py:538} INFO - Filling up the DagBag from /home/ubuntu/.local/lib/python3.10/site-packages/airflow/example_dags/example_branch_labels.py
[2023-12-30T13:54:20.170+0100] {processor.py:840} INFO - DAG(s) 'example_branch_labels' retrieved from /home/ubuntu/.local/lib/python3.10/site-packages/airflow/example_dags/example_branch_labels.py
[2023-12-30T13:54:20.179+0100] {logging_mixin.py:188} INFO - [2023-12-30T13:54:20.179+0100] {dag.py:3033} INFO - Sync 1 DAGs
[2023-12-30T13:54:20.190+0100] {logging_mixin.py:188} INFO - [2023-12-30T13:54:20.190+0100] {dag.py:3820} INFO - Setting next_dagrun for example_branch_labels to 2023-12-29T00:00:00+00:00, run_after=2023-12-30T00:00:00+00:00
[2023-12-30T13:54:20.227+0100] {processor.py:183} INFO - Processing /home/ubuntu/.local/lib/python3.10/site-packages/airflow/example_dags/example_branch_labels.py took 0.066 seconds
[2023-12-30T13:55:14.167+0100] {processor.py:161} INFO - Started process (PID=7321) to work on /home/ubuntu/.local/lib/python3.10/site-packages/airflow/example_dags/example_branch_labels.py
[2023-12-30T13:55:14.177+0100] {processor.py:830} INFO - Processing file /home/ubuntu/.local/lib/python3.10/site-packages/airflow/example_dags/example_branch_labels.py for tasks to queue
[2023-12-30T13:55:14.178+0100] {logging_mixin.py:188} INFO - [2023-12-30T13:55:14.177+0100] {dagbag.py:538} INFO - Filling up the DagBag from /home/ubuntu/.local/lib/python3.10/site-packages/airflow/example_dags/example_branch_labels.py
[2023-12-30T13:55:14.183+0100] {processor.py:840} INFO - DAG(s) 'example_branch_labels' retrieved from /home/ubuntu/.local/lib/python3.10/site-packages/airflow/example_dags/example_branch_labels.py
[2023-12-30T13:55:14.195+0100] {logging_mixin.py:188} INFO - [2023-12-30T13:55:14.195+0100] {dag.py:3033} INFO - Sync 1 DAGs
[2023-12-30T13:55:14.209+0100] {logging_mixin.py:188} INFO - [2023-12-30T13:55:14.209+0100] {dag.py:3820} INFO - Setting next_dagrun for example_branch_labels to 2023-12-29T00:00:00+00:00, run_after=2023-12-30T00:00:00+00:00
[2023-12-30T13:55:14.223+0100] {processor.py:183} INFO - Processing /home/ubuntu/.local/lib/python3.10/site-packages/airflow/example_dags/example_branch_labels.py took 0.058 seconds
[2023-12-30T13:56:08.225+0100] {processor.py:161} INFO - Started process (PID=7390) to work on /home/ubuntu/.local/lib/python3.10/site-packages/airflow/example_dags/example_branch_labels.py
[2023-12-30T13:56:08.235+0100] {processor.py:830} INFO - Processing file /home/ubuntu/.local/lib/python3.10/site-packages/airflow/example_dags/example_branch_labels.py for tasks to queue
[2023-12-30T13:56:08.236+0100] {logging_mixin.py:188} INFO - [2023-12-30T13:56:08.236+0100] {dagbag.py:538} INFO - Filling up the DagBag from /home/ubuntu/.local/lib/python3.10/site-packages/airflow/example_dags/example_branch_labels.py
[2023-12-30T13:56:08.241+0100] {processor.py:840} INFO - DAG(s) 'example_branch_labels' retrieved from /home/ubuntu/.local/lib/python3.10/site-packages/airflow/example_dags/example_branch_labels.py
[2023-12-30T13:56:08.251+0100] {logging_mixin.py:188} INFO - [2023-12-30T13:56:08.251+0100] {dag.py:3033} INFO - Sync 1 DAGs
[2023-12-30T13:56:08.263+0100] {logging_mixin.py:188} INFO - [2023-12-30T13:56:08.263+0100] {dag.py:3820} INFO - Setting next_dagrun for example_branch_labels to 2023-12-29T00:00:00+00:00, run_after=2023-12-30T00:00:00+00:00
[2023-12-30T13:56:08.291+0100] {processor.py:183} INFO - Processing /home/ubuntu/.local/lib/python3.10/site-packages/airflow/example_dags/example_branch_labels.py took 0.068 seconds
[2023-12-30T13:57:04.843+0100] {processor.py:161} INFO - Started process (PID=7454) to work on /home/ubuntu/.local/lib/python3.10/site-packages/airflow/example_dags/example_branch_labels.py
[2023-12-30T13:57:04.845+0100] {processor.py:830} INFO - Processing file /home/ubuntu/.local/lib/python3.10/site-packages/airflow/example_dags/example_branch_labels.py for tasks to queue
[2023-12-30T13:57:04.847+0100] {logging_mixin.py:188} INFO - [2023-12-30T13:57:04.846+0100] {dagbag.py:538} INFO - Filling up the DagBag from /home/ubuntu/.local/lib/python3.10/site-packages/airflow/example_dags/example_branch_labels.py
[2023-12-30T13:57:04.864+0100] {processor.py:840} INFO - DAG(s) 'example_branch_labels' retrieved from /home/ubuntu/.local/lib/python3.10/site-packages/airflow/example_dags/example_branch_labels.py
[2023-12-30T13:57:04.882+0100] {logging_mixin.py:188} INFO - [2023-12-30T13:57:04.882+0100] {dag.py:3033} INFO - Sync 1 DAGs
[2023-12-30T13:57:04.897+0100] {logging_mixin.py:188} INFO - [2023-12-30T13:57:04.897+0100] {dag.py:3820} INFO - Setting next_dagrun for example_branch_labels to 2023-12-29T00:00:00+00:00, run_after=2023-12-30T00:00:00+00:00
[2023-12-30T13:57:04.924+0100] {processor.py:183} INFO - Processing /home/ubuntu/.local/lib/python3.10/site-packages/airflow/example_dags/example_branch_labels.py took 0.087 seconds
[2023-12-30T13:57:59.304+0100] {processor.py:161} INFO - Started process (PID=7516) to work on /home/ubuntu/.local/lib/python3.10/site-packages/airflow/example_dags/example_branch_labels.py
[2023-12-30T13:57:59.314+0100] {processor.py:830} INFO - Processing file /home/ubuntu/.local/lib/python3.10/site-packages/airflow/example_dags/example_branch_labels.py for tasks to queue
[2023-12-30T13:57:59.315+0100] {logging_mixin.py:188} INFO - [2023-12-30T13:57:59.314+0100] {dagbag.py:538} INFO - Filling up the DagBag from /home/ubuntu/.local/lib/python3.10/site-packages/airflow/example_dags/example_branch_labels.py
[2023-12-30T13:57:59.320+0100] {processor.py:840} INFO - DAG(s) 'example_branch_labels' retrieved from /home/ubuntu/.local/lib/python3.10/site-packages/airflow/example_dags/example_branch_labels.py
[2023-12-30T13:57:59.330+0100] {logging_mixin.py:188} INFO - [2023-12-30T13:57:59.330+0100] {dag.py:3033} INFO - Sync 1 DAGs
[2023-12-30T13:57:59.342+0100] {logging_mixin.py:188} INFO - [2023-12-30T13:57:59.342+0100] {dag.py:3820} INFO - Setting next_dagrun for example_branch_labels to 2023-12-29T00:00:00+00:00, run_after=2023-12-30T00:00:00+00:00
[2023-12-30T13:57:59.356+0100] {processor.py:183} INFO - Processing /home/ubuntu/.local/lib/python3.10/site-packages/airflow/example_dags/example_branch_labels.py took 0.054 seconds
[2023-12-30T13:58:53.431+0100] {processor.py:161} INFO - Started process (PID=7577) to work on /home/ubuntu/.local/lib/python3.10/site-packages/airflow/example_dags/example_branch_labels.py
[2023-12-30T13:58:53.441+0100] {processor.py:830} INFO - Processing file /home/ubuntu/.local/lib/python3.10/site-packages/airflow/example_dags/example_branch_labels.py for tasks to queue
[2023-12-30T13:58:53.442+0100] {logging_mixin.py:188} INFO - [2023-12-30T13:58:53.442+0100] {dagbag.py:538} INFO - Filling up the DagBag from /home/ubuntu/.local/lib/python3.10/site-packages/airflow/example_dags/example_branch_labels.py
[2023-12-30T13:58:53.447+0100] {processor.py:840} INFO - DAG(s) 'example_branch_labels' retrieved from /home/ubuntu/.local/lib/python3.10/site-packages/airflow/example_dags/example_branch_labels.py
[2023-12-30T13:58:53.458+0100] {logging_mixin.py:188} INFO - [2023-12-30T13:58:53.457+0100] {dag.py:3033} INFO - Sync 1 DAGs
[2023-12-30T13:58:53.470+0100] {logging_mixin.py:188} INFO - [2023-12-30T13:58:53.470+0100] {dag.py:3820} INFO - Setting next_dagrun for example_branch_labels to 2023-12-29T00:00:00+00:00, run_after=2023-12-30T00:00:00+00:00
[2023-12-30T13:58:53.488+0100] {processor.py:183} INFO - Processing /home/ubuntu/.local/lib/python3.10/site-packages/airflow/example_dags/example_branch_labels.py took 0.059 seconds
[2023-12-30T13:59:43.790+0100] {processor.py:161} INFO - Started process (PID=7637) to work on /home/ubuntu/.local/lib/python3.10/site-packages/airflow/example_dags/example_branch_labels.py
[2023-12-30T13:59:43.791+0100] {processor.py:830} INFO - Processing file /home/ubuntu/.local/lib/python3.10/site-packages/airflow/example_dags/example_branch_labels.py for tasks to queue
[2023-12-30T13:59:43.792+0100] {logging_mixin.py:188} INFO - [2023-12-30T13:59:43.791+0100] {dagbag.py:538} INFO - Filling up the DagBag from /home/ubuntu/.local/lib/python3.10/site-packages/airflow/example_dags/example_branch_labels.py
[2023-12-30T13:59:43.796+0100] {processor.py:840} INFO - DAG(s) 'example_branch_labels' retrieved from /home/ubuntu/.local/lib/python3.10/site-packages/airflow/example_dags/example_branch_labels.py
[2023-12-30T13:59:43.805+0100] {logging_mixin.py:188} INFO - [2023-12-30T13:59:43.805+0100] {dag.py:3033} INFO - Sync 1 DAGs
[2023-12-30T13:59:43.817+0100] {logging_mixin.py:188} INFO - [2023-12-30T13:59:43.817+0100] {dag.py:3820} INFO - Setting next_dagrun for example_branch_labels to 2023-12-29T00:00:00+00:00, run_after=2023-12-30T00:00:00+00:00
[2023-12-30T13:59:43.860+0100] {processor.py:183} INFO - Processing /home/ubuntu/.local/lib/python3.10/site-packages/airflow/example_dags/example_branch_labels.py took 0.071 seconds
[2023-12-30T14:00:29.601+0100] {processor.py:161} INFO - Started process (PID=7693) to work on /home/ubuntu/.local/lib/python3.10/site-packages/airflow/example_dags/example_branch_labels.py
[2023-12-30T14:00:29.611+0100] {processor.py:830} INFO - Processing file /home/ubuntu/.local/lib/python3.10/site-packages/airflow/example_dags/example_branch_labels.py for tasks to queue
[2023-12-30T14:00:29.612+0100] {logging_mixin.py:188} INFO - [2023-12-30T14:00:29.612+0100] {dagbag.py:538} INFO - Filling up the DagBag from /home/ubuntu/.local/lib/python3.10/site-packages/airflow/example_dags/example_branch_labels.py
[2023-12-30T14:00:29.617+0100] {processor.py:840} INFO - DAG(s) 'example_branch_labels' retrieved from /home/ubuntu/.local/lib/python3.10/site-packages/airflow/example_dags/example_branch_labels.py
[2023-12-30T14:00:29.626+0100] {logging_mixin.py:188} INFO - [2023-12-30T14:00:29.626+0100] {dag.py:3033} INFO - Sync 1 DAGs
[2023-12-30T14:00:29.638+0100] {logging_mixin.py:188} INFO - [2023-12-30T14:00:29.638+0100] {dag.py:3820} INFO - Setting next_dagrun for example_branch_labels to 2023-12-29T00:00:00+00:00, run_after=2023-12-30T00:00:00+00:00
[2023-12-30T14:00:29.651+0100] {processor.py:183} INFO - Processing /home/ubuntu/.local/lib/python3.10/site-packages/airflow/example_dags/example_branch_labels.py took 0.051 seconds
[2023-12-30T14:01:23.619+0100] {processor.py:161} INFO - Started process (PID=7756) to work on /home/ubuntu/.local/lib/python3.10/site-packages/airflow/example_dags/example_branch_labels.py
[2023-12-30T14:01:23.630+0100] {processor.py:830} INFO - Processing file /home/ubuntu/.local/lib/python3.10/site-packages/airflow/example_dags/example_branch_labels.py for tasks to queue
[2023-12-30T14:01:23.632+0100] {logging_mixin.py:188} INFO - [2023-12-30T14:01:23.632+0100] {dagbag.py:538} INFO - Filling up the DagBag from /home/ubuntu/.local/lib/python3.10/site-packages/airflow/example_dags/example_branch_labels.py
[2023-12-30T14:01:23.649+0100] {processor.py:840} INFO - DAG(s) 'example_branch_labels' retrieved from /home/ubuntu/.local/lib/python3.10/site-packages/airflow/example_dags/example_branch_labels.py
[2023-12-30T14:01:23.668+0100] {logging_mixin.py:188} INFO - [2023-12-30T14:01:23.668+0100] {dag.py:3033} INFO - Sync 1 DAGs
[2023-12-30T14:01:23.683+0100] {logging_mixin.py:188} INFO - [2023-12-30T14:01:23.683+0100] {dag.py:3820} INFO - Setting next_dagrun for example_branch_labels to 2023-12-29T00:00:00+00:00, run_after=2023-12-30T00:00:00+00:00
[2023-12-30T14:01:23.697+0100] {processor.py:183} INFO - Processing /home/ubuntu/.local/lib/python3.10/site-packages/airflow/example_dags/example_branch_labels.py took 0.085 seconds
[2023-12-30T14:02:16.652+0100] {processor.py:161} INFO - Started process (PID=7816) to work on /home/ubuntu/.local/lib/python3.10/site-packages/airflow/example_dags/example_branch_labels.py
[2023-12-30T14:02:16.662+0100] {processor.py:830} INFO - Processing file /home/ubuntu/.local/lib/python3.10/site-packages/airflow/example_dags/example_branch_labels.py for tasks to queue
[2023-12-30T14:02:16.663+0100] {logging_mixin.py:188} INFO - [2023-12-30T14:02:16.663+0100] {dagbag.py:538} INFO - Filling up the DagBag from /home/ubuntu/.local/lib/python3.10/site-packages/airflow/example_dags/example_branch_labels.py
[2023-12-30T14:02:16.668+0100] {processor.py:840} INFO - DAG(s) 'example_branch_labels' retrieved from /home/ubuntu/.local/lib/python3.10/site-packages/airflow/example_dags/example_branch_labels.py
[2023-12-30T14:02:16.678+0100] {logging_mixin.py:188} INFO - [2023-12-30T14:02:16.678+0100] {dag.py:3033} INFO - Sync 1 DAGs
[2023-12-30T14:02:16.689+0100] {logging_mixin.py:188} INFO - [2023-12-30T14:02:16.689+0100] {dag.py:3820} INFO - Setting next_dagrun for example_branch_labels to 2023-12-29T00:00:00+00:00, run_after=2023-12-30T00:00:00+00:00
[2023-12-30T14:02:16.703+0100] {processor.py:183} INFO - Processing /home/ubuntu/.local/lib/python3.10/site-packages/airflow/example_dags/example_branch_labels.py took 0.053 seconds
[2023-12-30T14:03:08.316+0100] {processor.py:161} INFO - Started process (PID=7874) to work on /home/ubuntu/.local/lib/python3.10/site-packages/airflow/example_dags/example_branch_labels.py
[2023-12-30T14:03:08.317+0100] {processor.py:830} INFO - Processing file /home/ubuntu/.local/lib/python3.10/site-packages/airflow/example_dags/example_branch_labels.py for tasks to queue
[2023-12-30T14:03:08.319+0100] {logging_mixin.py:188} INFO - [2023-12-30T14:03:08.318+0100] {dagbag.py:538} INFO - Filling up the DagBag from /home/ubuntu/.local/lib/python3.10/site-packages/airflow/example_dags/example_branch_labels.py
[2023-12-30T14:03:08.329+0100] {processor.py:840} INFO - DAG(s) 'example_branch_labels' retrieved from /home/ubuntu/.local/lib/python3.10/site-packages/airflow/example_dags/example_branch_labels.py
[2023-12-30T14:03:08.343+0100] {logging_mixin.py:188} INFO - [2023-12-30T14:03:08.343+0100] {dag.py:3033} INFO - Sync 1 DAGs
[2023-12-30T14:03:08.355+0100] {logging_mixin.py:188} INFO - [2023-12-30T14:03:08.355+0100] {dag.py:3820} INFO - Setting next_dagrun for example_branch_labels to 2023-12-29T00:00:00+00:00, run_after=2023-12-30T00:00:00+00:00
[2023-12-30T14:03:08.387+0100] {processor.py:183} INFO - Processing /home/ubuntu/.local/lib/python3.10/site-packages/airflow/example_dags/example_branch_labels.py took 0.078 seconds
[2023-12-30T14:04:04.514+0100] {processor.py:161} INFO - Started process (PID=7945) to work on /home/ubuntu/.local/lib/python3.10/site-packages/airflow/example_dags/example_branch_labels.py
[2023-12-30T14:04:04.526+0100] {processor.py:830} INFO - Processing file /home/ubuntu/.local/lib/python3.10/site-packages/airflow/example_dags/example_branch_labels.py for tasks to queue
[2023-12-30T14:04:04.529+0100] {logging_mixin.py:188} INFO - [2023-12-30T14:04:04.528+0100] {dagbag.py:538} INFO - Filling up the DagBag from /home/ubuntu/.local/lib/python3.10/site-packages/airflow/example_dags/example_branch_labels.py
[2023-12-30T14:04:04.548+0100] {processor.py:840} INFO - DAG(s) 'example_branch_labels' retrieved from /home/ubuntu/.local/lib/python3.10/site-packages/airflow/example_dags/example_branch_labels.py
[2023-12-30T14:04:04.566+0100] {logging_mixin.py:188} INFO - [2023-12-30T14:04:04.566+0100] {dag.py:3033} INFO - Sync 1 DAGs
[2023-12-30T14:04:04.581+0100] {logging_mixin.py:188} INFO - [2023-12-30T14:04:04.581+0100] {dag.py:3820} INFO - Setting next_dagrun for example_branch_labels to 2023-12-29T00:00:00+00:00, run_after=2023-12-30T00:00:00+00:00
[2023-12-30T14:04:04.597+0100] {processor.py:183} INFO - Processing /home/ubuntu/.local/lib/python3.10/site-packages/airflow/example_dags/example_branch_labels.py took 0.092 seconds
[2023-12-30T14:04:58.235+0100] {processor.py:161} INFO - Started process (PID=8146) to work on /home/ubuntu/.local/lib/python3.10/site-packages/airflow/example_dags/example_branch_labels.py
[2023-12-30T14:04:58.241+0100] {processor.py:830} INFO - Processing file /home/ubuntu/.local/lib/python3.10/site-packages/airflow/example_dags/example_branch_labels.py for tasks to queue
[2023-12-30T14:04:58.243+0100] {logging_mixin.py:188} INFO - [2023-12-30T14:04:58.242+0100] {dagbag.py:538} INFO - Filling up the DagBag from /home/ubuntu/.local/lib/python3.10/site-packages/airflow/example_dags/example_branch_labels.py
[2023-12-30T14:04:58.264+0100] {processor.py:840} INFO - DAG(s) 'example_branch_labels' retrieved from /home/ubuntu/.local/lib/python3.10/site-packages/airflow/example_dags/example_branch_labels.py
[2023-12-30T14:04:58.285+0100] {logging_mixin.py:188} INFO - [2023-12-30T14:04:58.285+0100] {dag.py:3033} INFO - Sync 1 DAGs
[2023-12-30T14:04:58.298+0100] {logging_mixin.py:188} INFO - [2023-12-30T14:04:58.298+0100] {dag.py:3820} INFO - Setting next_dagrun for example_branch_labels to 2023-12-29T00:00:00+00:00, run_after=2023-12-30T00:00:00+00:00
[2023-12-30T14:04:58.313+0100] {processor.py:183} INFO - Processing /home/ubuntu/.local/lib/python3.10/site-packages/airflow/example_dags/example_branch_labels.py took 0.098 seconds
[2023-12-30T14:05:51.097+0100] {processor.py:161} INFO - Started process (PID=8261) to work on /home/ubuntu/.local/lib/python3.10/site-packages/airflow/example_dags/example_branch_labels.py
[2023-12-30T14:05:51.107+0100] {processor.py:830} INFO - Processing file /home/ubuntu/.local/lib/python3.10/site-packages/airflow/example_dags/example_branch_labels.py for tasks to queue
[2023-12-30T14:05:51.108+0100] {logging_mixin.py:188} INFO - [2023-12-30T14:05:51.107+0100] {dagbag.py:538} INFO - Filling up the DagBag from /home/ubuntu/.local/lib/python3.10/site-packages/airflow/example_dags/example_branch_labels.py
[2023-12-30T14:05:51.116+0100] {processor.py:840} INFO - DAG(s) 'example_branch_labels' retrieved from /home/ubuntu/.local/lib/python3.10/site-packages/airflow/example_dags/example_branch_labels.py
[2023-12-30T14:05:51.127+0100] {logging_mixin.py:188} INFO - [2023-12-30T14:05:51.127+0100] {dag.py:3033} INFO - Sync 1 DAGs
[2023-12-30T14:05:51.144+0100] {logging_mixin.py:188} INFO - [2023-12-30T14:05:51.143+0100] {dag.py:3820} INFO - Setting next_dagrun for example_branch_labels to 2023-12-29T00:00:00+00:00, run_after=2023-12-30T00:00:00+00:00
[2023-12-30T14:05:51.162+0100] {processor.py:183} INFO - Processing /home/ubuntu/.local/lib/python3.10/site-packages/airflow/example_dags/example_branch_labels.py took 0.071 seconds
[2023-12-30T14:06:44.694+0100] {processor.py:161} INFO - Started process (PID=8329) to work on /home/ubuntu/.local/lib/python3.10/site-packages/airflow/example_dags/example_branch_labels.py
[2023-12-30T14:06:44.705+0100] {processor.py:830} INFO - Processing file /home/ubuntu/.local/lib/python3.10/site-packages/airflow/example_dags/example_branch_labels.py for tasks to queue
[2023-12-30T14:06:44.705+0100] {logging_mixin.py:188} INFO - [2023-12-30T14:06:44.705+0100] {dagbag.py:538} INFO - Filling up the DagBag from /home/ubuntu/.local/lib/python3.10/site-packages/airflow/example_dags/example_branch_labels.py
[2023-12-30T14:06:44.711+0100] {processor.py:840} INFO - DAG(s) 'example_branch_labels' retrieved from /home/ubuntu/.local/lib/python3.10/site-packages/airflow/example_dags/example_branch_labels.py
[2023-12-30T14:06:44.724+0100] {logging_mixin.py:188} INFO - [2023-12-30T14:06:44.723+0100] {dag.py:3033} INFO - Sync 1 DAGs
[2023-12-30T14:06:44.738+0100] {logging_mixin.py:188} INFO - [2023-12-30T14:06:44.738+0100] {dag.py:3820} INFO - Setting next_dagrun for example_branch_labels to 2023-12-29T00:00:00+00:00, run_after=2023-12-30T00:00:00+00:00
[2023-12-30T14:06:44.753+0100] {processor.py:183} INFO - Processing /home/ubuntu/.local/lib/python3.10/site-packages/airflow/example_dags/example_branch_labels.py took 0.060 seconds
[2023-12-30T14:07:38.270+0100] {processor.py:161} INFO - Started process (PID=8421) to work on /home/ubuntu/.local/lib/python3.10/site-packages/airflow/example_dags/example_branch_labels.py
[2023-12-30T14:07:38.279+0100] {processor.py:830} INFO - Processing file /home/ubuntu/.local/lib/python3.10/site-packages/airflow/example_dags/example_branch_labels.py for tasks to queue
[2023-12-30T14:07:38.280+0100] {logging_mixin.py:188} INFO - [2023-12-30T14:07:38.280+0100] {dagbag.py:538} INFO - Filling up the DagBag from /home/ubuntu/.local/lib/python3.10/site-packages/airflow/example_dags/example_branch_labels.py
[2023-12-30T14:07:38.285+0100] {processor.py:840} INFO - DAG(s) 'example_branch_labels' retrieved from /home/ubuntu/.local/lib/python3.10/site-packages/airflow/example_dags/example_branch_labels.py
[2023-12-30T14:07:38.296+0100] {logging_mixin.py:188} INFO - [2023-12-30T14:07:38.296+0100] {dag.py:3033} INFO - Sync 1 DAGs
[2023-12-30T14:07:38.308+0100] {logging_mixin.py:188} INFO - [2023-12-30T14:07:38.307+0100] {dag.py:3820} INFO - Setting next_dagrun for example_branch_labels to 2023-12-29T00:00:00+00:00, run_after=2023-12-30T00:00:00+00:00
[2023-12-30T14:07:38.324+0100] {processor.py:183} INFO - Processing /home/ubuntu/.local/lib/python3.10/site-packages/airflow/example_dags/example_branch_labels.py took 0.056 seconds
[2023-12-30T14:08:30.669+0100] {processor.py:161} INFO - Started process (PID=8481) to work on /home/ubuntu/.local/lib/python3.10/site-packages/airflow/example_dags/example_branch_labels.py
[2023-12-30T14:08:30.679+0100] {processor.py:830} INFO - Processing file /home/ubuntu/.local/lib/python3.10/site-packages/airflow/example_dags/example_branch_labels.py for tasks to queue
[2023-12-30T14:08:30.680+0100] {logging_mixin.py:188} INFO - [2023-12-30T14:08:30.680+0100] {dagbag.py:538} INFO - Filling up the DagBag from /home/ubuntu/.local/lib/python3.10/site-packages/airflow/example_dags/example_branch_labels.py
[2023-12-30T14:08:30.687+0100] {processor.py:840} INFO - DAG(s) 'example_branch_labels' retrieved from /home/ubuntu/.local/lib/python3.10/site-packages/airflow/example_dags/example_branch_labels.py
[2023-12-30T14:08:30.699+0100] {logging_mixin.py:188} INFO - [2023-12-30T14:08:30.698+0100] {dag.py:3033} INFO - Sync 1 DAGs
[2023-12-30T14:08:30.713+0100] {logging_mixin.py:188} INFO - [2023-12-30T14:08:30.713+0100] {dag.py:3820} INFO - Setting next_dagrun for example_branch_labels to 2023-12-29T00:00:00+00:00, run_after=2023-12-30T00:00:00+00:00
[2023-12-30T14:08:30.730+0100] {processor.py:183} INFO - Processing /home/ubuntu/.local/lib/python3.10/site-packages/airflow/example_dags/example_branch_labels.py took 0.063 seconds
[2023-12-30T14:09:23.381+0100] {processor.py:161} INFO - Started process (PID=8550) to work on /home/ubuntu/.local/lib/python3.10/site-packages/airflow/example_dags/example_branch_labels.py
[2023-12-30T14:09:23.391+0100] {processor.py:830} INFO - Processing file /home/ubuntu/.local/lib/python3.10/site-packages/airflow/example_dags/example_branch_labels.py for tasks to queue
[2023-12-30T14:09:23.392+0100] {logging_mixin.py:188} INFO - [2023-12-30T14:09:23.391+0100] {dagbag.py:538} INFO - Filling up the DagBag from /home/ubuntu/.local/lib/python3.10/site-packages/airflow/example_dags/example_branch_labels.py
[2023-12-30T14:09:23.397+0100] {processor.py:840} INFO - DAG(s) 'example_branch_labels' retrieved from /home/ubuntu/.local/lib/python3.10/site-packages/airflow/example_dags/example_branch_labels.py
[2023-12-30T14:09:23.407+0100] {logging_mixin.py:188} INFO - [2023-12-30T14:09:23.407+0100] {dag.py:3033} INFO - Sync 1 DAGs
[2023-12-30T14:09:23.421+0100] {logging_mixin.py:188} INFO - [2023-12-30T14:09:23.421+0100] {dag.py:3820} INFO - Setting next_dagrun for example_branch_labels to 2023-12-29T00:00:00+00:00, run_after=2023-12-30T00:00:00+00:00
[2023-12-30T14:09:23.457+0100] {processor.py:183} INFO - Processing /home/ubuntu/.local/lib/python3.10/site-packages/airflow/example_dags/example_branch_labels.py took 0.078 seconds
[2023-12-30T14:10:16.638+0100] {processor.py:161} INFO - Started process (PID=8614) to work on /home/ubuntu/.local/lib/python3.10/site-packages/airflow/example_dags/example_branch_labels.py
[2023-12-30T14:10:16.648+0100] {processor.py:830} INFO - Processing file /home/ubuntu/.local/lib/python3.10/site-packages/airflow/example_dags/example_branch_labels.py for tasks to queue
[2023-12-30T14:10:16.649+0100] {logging_mixin.py:188} INFO - [2023-12-30T14:10:16.649+0100] {dagbag.py:538} INFO - Filling up the DagBag from /home/ubuntu/.local/lib/python3.10/site-packages/airflow/example_dags/example_branch_labels.py
[2023-12-30T14:10:16.655+0100] {processor.py:840} INFO - DAG(s) 'example_branch_labels' retrieved from /home/ubuntu/.local/lib/python3.10/site-packages/airflow/example_dags/example_branch_labels.py
[2023-12-30T14:10:16.668+0100] {logging_mixin.py:188} INFO - [2023-12-30T14:10:16.668+0100] {dag.py:3033} INFO - Sync 1 DAGs
[2023-12-30T14:10:16.683+0100] {logging_mixin.py:188} INFO - [2023-12-30T14:10:16.683+0100] {dag.py:3820} INFO - Setting next_dagrun for example_branch_labels to 2023-12-29T00:00:00+00:00, run_after=2023-12-30T00:00:00+00:00
[2023-12-30T14:10:16.707+0100] {processor.py:183} INFO - Processing /home/ubuntu/.local/lib/python3.10/site-packages/airflow/example_dags/example_branch_labels.py took 0.070 seconds
[2023-12-30T14:11:10.916+0100] {processor.py:161} INFO - Started process (PID=8676) to work on /home/ubuntu/.local/lib/python3.10/site-packages/airflow/example_dags/example_branch_labels.py
[2023-12-30T14:11:10.927+0100] {processor.py:830} INFO - Processing file /home/ubuntu/.local/lib/python3.10/site-packages/airflow/example_dags/example_branch_labels.py for tasks to queue
[2023-12-30T14:11:10.927+0100] {logging_mixin.py:188} INFO - [2023-12-30T14:11:10.927+0100] {dagbag.py:538} INFO - Filling up the DagBag from /home/ubuntu/.local/lib/python3.10/site-packages/airflow/example_dags/example_branch_labels.py
[2023-12-30T14:11:10.933+0100] {processor.py:840} INFO - DAG(s) 'example_branch_labels' retrieved from /home/ubuntu/.local/lib/python3.10/site-packages/airflow/example_dags/example_branch_labels.py
[2023-12-30T14:11:10.947+0100] {logging_mixin.py:188} INFO - [2023-12-30T14:11:10.947+0100] {dag.py:3033} INFO - Sync 1 DAGs
[2023-12-30T14:11:10.962+0100] {logging_mixin.py:188} INFO - [2023-12-30T14:11:10.962+0100] {dag.py:3820} INFO - Setting next_dagrun for example_branch_labels to 2023-12-29T00:00:00+00:00, run_after=2023-12-30T00:00:00+00:00
[2023-12-30T14:11:10.998+0100] {processor.py:183} INFO - Processing /home/ubuntu/.local/lib/python3.10/site-packages/airflow/example_dags/example_branch_labels.py took 0.084 seconds
[2023-12-30T14:12:05.077+0100] {processor.py:161} INFO - Started process (PID=8747) to work on /home/ubuntu/.local/lib/python3.10/site-packages/airflow/example_dags/example_branch_labels.py
[2023-12-30T14:12:05.088+0100] {processor.py:830} INFO - Processing file /home/ubuntu/.local/lib/python3.10/site-packages/airflow/example_dags/example_branch_labels.py for tasks to queue
[2023-12-30T14:12:05.089+0100] {logging_mixin.py:188} INFO - [2023-12-30T14:12:05.088+0100] {dagbag.py:538} INFO - Filling up the DagBag from /home/ubuntu/.local/lib/python3.10/site-packages/airflow/example_dags/example_branch_labels.py
[2023-12-30T14:12:05.100+0100] {processor.py:840} INFO - DAG(s) 'example_branch_labels' retrieved from /home/ubuntu/.local/lib/python3.10/site-packages/airflow/example_dags/example_branch_labels.py
[2023-12-30T14:12:05.120+0100] {logging_mixin.py:188} INFO - [2023-12-30T14:12:05.119+0100] {dag.py:3033} INFO - Sync 1 DAGs
[2023-12-30T14:12:05.139+0100] {logging_mixin.py:188} INFO - [2023-12-30T14:12:05.139+0100] {dag.py:3820} INFO - Setting next_dagrun for example_branch_labels to 2023-12-29T00:00:00+00:00, run_after=2023-12-30T00:00:00+00:00
[2023-12-30T14:12:05.161+0100] {processor.py:183} INFO - Processing /home/ubuntu/.local/lib/python3.10/site-packages/airflow/example_dags/example_branch_labels.py took 0.088 seconds
[2023-12-30T14:13:02.472+0100] {processor.py:161} INFO - Started process (PID=8813) to work on /home/ubuntu/.local/lib/python3.10/site-packages/airflow/example_dags/example_branch_labels.py
[2023-12-30T14:13:02.473+0100] {processor.py:830} INFO - Processing file /home/ubuntu/.local/lib/python3.10/site-packages/airflow/example_dags/example_branch_labels.py for tasks to queue
[2023-12-30T14:13:02.474+0100] {logging_mixin.py:188} INFO - [2023-12-30T14:13:02.473+0100] {dagbag.py:538} INFO - Filling up the DagBag from /home/ubuntu/.local/lib/python3.10/site-packages/airflow/example_dags/example_branch_labels.py
[2023-12-30T14:13:02.480+0100] {processor.py:840} INFO - DAG(s) 'example_branch_labels' retrieved from /home/ubuntu/.local/lib/python3.10/site-packages/airflow/example_dags/example_branch_labels.py
[2023-12-30T14:13:02.492+0100] {logging_mixin.py:188} INFO - [2023-12-30T14:13:02.492+0100] {dag.py:3033} INFO - Sync 1 DAGs
[2023-12-30T14:13:02.508+0100] {logging_mixin.py:188} INFO - [2023-12-30T14:13:02.507+0100] {dag.py:3820} INFO - Setting next_dagrun for example_branch_labels to 2023-12-29T00:00:00+00:00, run_after=2023-12-30T00:00:00+00:00
[2023-12-30T14:13:02.533+0100] {processor.py:183} INFO - Processing /home/ubuntu/.local/lib/python3.10/site-packages/airflow/example_dags/example_branch_labels.py took 0.065 seconds
[2023-12-30T14:13:52.595+0100] {processor.py:161} INFO - Started process (PID=8872) to work on /home/ubuntu/.local/lib/python3.10/site-packages/airflow/example_dags/example_branch_labels.py
[2023-12-30T14:13:52.596+0100] {processor.py:830} INFO - Processing file /home/ubuntu/.local/lib/python3.10/site-packages/airflow/example_dags/example_branch_labels.py for tasks to queue
[2023-12-30T14:13:52.596+0100] {logging_mixin.py:188} INFO - [2023-12-30T14:13:52.596+0100] {dagbag.py:538} INFO - Filling up the DagBag from /home/ubuntu/.local/lib/python3.10/site-packages/airflow/example_dags/example_branch_labels.py
[2023-12-30T14:13:52.602+0100] {processor.py:840} INFO - DAG(s) 'example_branch_labels' retrieved from /home/ubuntu/.local/lib/python3.10/site-packages/airflow/example_dags/example_branch_labels.py
[2023-12-30T14:13:52.613+0100] {logging_mixin.py:188} INFO - [2023-12-30T14:13:52.613+0100] {dag.py:3033} INFO - Sync 1 DAGs
[2023-12-30T14:13:52.625+0100] {logging_mixin.py:188} INFO - [2023-12-30T14:13:52.625+0100] {dag.py:3820} INFO - Setting next_dagrun for example_branch_labels to 2023-12-29T00:00:00+00:00, run_after=2023-12-30T00:00:00+00:00
[2023-12-30T14:13:52.649+0100] {processor.py:183} INFO - Processing /home/ubuntu/.local/lib/python3.10/site-packages/airflow/example_dags/example_branch_labels.py took 0.056 seconds
[2023-12-30T14:14:45.519+0100] {processor.py:161} INFO - Started process (PID=8935) to work on /home/ubuntu/.local/lib/python3.10/site-packages/airflow/example_dags/example_branch_labels.py
[2023-12-30T14:14:45.529+0100] {processor.py:830} INFO - Processing file /home/ubuntu/.local/lib/python3.10/site-packages/airflow/example_dags/example_branch_labels.py for tasks to queue
[2023-12-30T14:14:45.530+0100] {logging_mixin.py:188} INFO - [2023-12-30T14:14:45.529+0100] {dagbag.py:538} INFO - Filling up the DagBag from /home/ubuntu/.local/lib/python3.10/site-packages/airflow/example_dags/example_branch_labels.py
[2023-12-30T14:14:45.536+0100] {processor.py:840} INFO - DAG(s) 'example_branch_labels' retrieved from /home/ubuntu/.local/lib/python3.10/site-packages/airflow/example_dags/example_branch_labels.py
[2023-12-30T14:14:45.550+0100] {logging_mixin.py:188} INFO - [2023-12-30T14:14:45.550+0100] {dag.py:3033} INFO - Sync 1 DAGs
[2023-12-30T14:14:45.565+0100] {logging_mixin.py:188} INFO - [2023-12-30T14:14:45.565+0100] {dag.py:3820} INFO - Setting next_dagrun for example_branch_labels to 2023-12-29T00:00:00+00:00, run_after=2023-12-30T00:00:00+00:00
[2023-12-30T14:14:45.580+0100] {processor.py:183} INFO - Processing /home/ubuntu/.local/lib/python3.10/site-packages/airflow/example_dags/example_branch_labels.py took 0.064 seconds
[2023-12-30T14:15:42.690+0100] {processor.py:161} INFO - Started process (PID=9003) to work on /home/ubuntu/.local/lib/python3.10/site-packages/airflow/example_dags/example_branch_labels.py
[2023-12-30T14:15:42.700+0100] {processor.py:830} INFO - Processing file /home/ubuntu/.local/lib/python3.10/site-packages/airflow/example_dags/example_branch_labels.py for tasks to queue
[2023-12-30T14:15:42.701+0100] {logging_mixin.py:188} INFO - [2023-12-30T14:15:42.700+0100] {dagbag.py:538} INFO - Filling up the DagBag from /home/ubuntu/.local/lib/python3.10/site-packages/airflow/example_dags/example_branch_labels.py
[2023-12-30T14:15:42.709+0100] {processor.py:840} INFO - DAG(s) 'example_branch_labels' retrieved from /home/ubuntu/.local/lib/python3.10/site-packages/airflow/example_dags/example_branch_labels.py
[2023-12-30T14:15:42.725+0100] {logging_mixin.py:188} INFO - [2023-12-30T14:15:42.725+0100] {dag.py:3033} INFO - Sync 1 DAGs
[2023-12-30T14:15:42.741+0100] {logging_mixin.py:188} INFO - [2023-12-30T14:15:42.741+0100] {dag.py:3820} INFO - Setting next_dagrun for example_branch_labels to 2023-12-29T00:00:00+00:00, run_after=2023-12-30T00:00:00+00:00
[2023-12-30T14:15:42.760+0100] {processor.py:183} INFO - Processing /home/ubuntu/.local/lib/python3.10/site-packages/airflow/example_dags/example_branch_labels.py took 0.072 seconds
[2023-12-30T14:16:37.000+0100] {processor.py:161} INFO - Started process (PID=9068) to work on /home/ubuntu/.local/lib/python3.10/site-packages/airflow/example_dags/example_branch_labels.py
[2023-12-30T14:16:37.003+0100] {processor.py:830} INFO - Processing file /home/ubuntu/.local/lib/python3.10/site-packages/airflow/example_dags/example_branch_labels.py for tasks to queue
[2023-12-30T14:16:37.004+0100] {logging_mixin.py:188} INFO - [2023-12-30T14:16:37.003+0100] {dagbag.py:538} INFO - Filling up the DagBag from /home/ubuntu/.local/lib/python3.10/site-packages/airflow/example_dags/example_branch_labels.py
[2023-12-30T14:16:37.013+0100] {processor.py:840} INFO - DAG(s) 'example_branch_labels' retrieved from /home/ubuntu/.local/lib/python3.10/site-packages/airflow/example_dags/example_branch_labels.py
[2023-12-30T14:16:37.027+0100] {logging_mixin.py:188} INFO - [2023-12-30T14:16:37.027+0100] {dag.py:3033} INFO - Sync 1 DAGs
[2023-12-30T14:16:37.042+0100] {logging_mixin.py:188} INFO - [2023-12-30T14:16:37.042+0100] {dag.py:3820} INFO - Setting next_dagrun for example_branch_labels to 2023-12-29T00:00:00+00:00, run_after=2023-12-30T00:00:00+00:00
[2023-12-30T14:16:37.062+0100] {processor.py:183} INFO - Processing /home/ubuntu/.local/lib/python3.10/site-packages/airflow/example_dags/example_branch_labels.py took 0.068 seconds
[2023-12-30T14:17:29.345+0100] {processor.py:161} INFO - Started process (PID=9147) to work on /home/ubuntu/.local/lib/python3.10/site-packages/airflow/example_dags/example_branch_labels.py
[2023-12-30T14:17:29.355+0100] {processor.py:830} INFO - Processing file /home/ubuntu/.local/lib/python3.10/site-packages/airflow/example_dags/example_branch_labels.py for tasks to queue
[2023-12-30T14:17:29.356+0100] {logging_mixin.py:188} INFO - [2023-12-30T14:17:29.356+0100] {dagbag.py:538} INFO - Filling up the DagBag from /home/ubuntu/.local/lib/python3.10/site-packages/airflow/example_dags/example_branch_labels.py
[2023-12-30T14:17:29.365+0100] {processor.py:840} INFO - DAG(s) 'example_branch_labels' retrieved from /home/ubuntu/.local/lib/python3.10/site-packages/airflow/example_dags/example_branch_labels.py
[2023-12-30T14:17:29.377+0100] {logging_mixin.py:188} INFO - [2023-12-30T14:17:29.377+0100] {dag.py:3033} INFO - Sync 1 DAGs
[2023-12-30T14:17:29.397+0100] {logging_mixin.py:188} INFO - [2023-12-30T14:17:29.397+0100] {dag.py:3820} INFO - Setting next_dagrun for example_branch_labels to 2023-12-29T00:00:00+00:00, run_after=2023-12-30T00:00:00+00:00
[2023-12-30T14:17:29.416+0100] {processor.py:183} INFO - Processing /home/ubuntu/.local/lib/python3.10/site-packages/airflow/example_dags/example_branch_labels.py took 0.075 seconds
[2023-12-30T14:18:19.567+0100] {processor.py:161} INFO - Started process (PID=9244) to work on /home/ubuntu/.local/lib/python3.10/site-packages/airflow/example_dags/example_branch_labels.py
[2023-12-30T14:18:19.579+0100] {processor.py:830} INFO - Processing file /home/ubuntu/.local/lib/python3.10/site-packages/airflow/example_dags/example_branch_labels.py for tasks to queue
[2023-12-30T14:18:19.580+0100] {logging_mixin.py:188} INFO - [2023-12-30T14:18:19.580+0100] {dagbag.py:538} INFO - Filling up the DagBag from /home/ubuntu/.local/lib/python3.10/site-packages/airflow/example_dags/example_branch_labels.py
[2023-12-30T14:18:19.597+0100] {processor.py:840} INFO - DAG(s) 'example_branch_labels' retrieved from /home/ubuntu/.local/lib/python3.10/site-packages/airflow/example_dags/example_branch_labels.py
[2023-12-30T14:18:19.617+0100] {logging_mixin.py:188} INFO - [2023-12-30T14:18:19.617+0100] {dag.py:3033} INFO - Sync 1 DAGs
[2023-12-30T14:18:19.633+0100] {logging_mixin.py:188} INFO - [2023-12-30T14:18:19.633+0100] {dag.py:3820} INFO - Setting next_dagrun for example_branch_labels to 2023-12-29T00:00:00+00:00, run_after=2023-12-30T00:00:00+00:00
[2023-12-30T14:18:19.658+0100] {processor.py:183} INFO - Processing /home/ubuntu/.local/lib/python3.10/site-packages/airflow/example_dags/example_branch_labels.py took 0.096 seconds
[2023-12-30T14:19:18.287+0100] {processor.py:161} INFO - Started process (PID=9334) to work on /home/ubuntu/.local/lib/python3.10/site-packages/airflow/example_dags/example_branch_labels.py
[2023-12-30T14:19:18.297+0100] {processor.py:830} INFO - Processing file /home/ubuntu/.local/lib/python3.10/site-packages/airflow/example_dags/example_branch_labels.py for tasks to queue
[2023-12-30T14:19:18.298+0100] {logging_mixin.py:188} INFO - [2023-12-30T14:19:18.297+0100] {dagbag.py:538} INFO - Filling up the DagBag from /home/ubuntu/.local/lib/python3.10/site-packages/airflow/example_dags/example_branch_labels.py
[2023-12-30T14:19:18.305+0100] {processor.py:840} INFO - DAG(s) 'example_branch_labels' retrieved from /home/ubuntu/.local/lib/python3.10/site-packages/airflow/example_dags/example_branch_labels.py
[2023-12-30T14:19:18.322+0100] {logging_mixin.py:188} INFO - [2023-12-30T14:19:18.321+0100] {dag.py:3033} INFO - Sync 1 DAGs
[2023-12-30T14:19:18.338+0100] {logging_mixin.py:188} INFO - [2023-12-30T14:19:18.338+0100] {dag.py:3820} INFO - Setting next_dagrun for example_branch_labels to 2023-12-29T00:00:00+00:00, run_after=2023-12-30T00:00:00+00:00
[2023-12-30T14:19:18.365+0100] {processor.py:183} INFO - Processing /home/ubuntu/.local/lib/python3.10/site-packages/airflow/example_dags/example_branch_labels.py took 0.080 seconds
[2023-12-30T14:20:19.642+0100] {processor.py:161} INFO - Started process (PID=9469) to work on /home/ubuntu/.local/lib/python3.10/site-packages/airflow/example_dags/example_branch_labels.py
[2023-12-30T14:20:19.644+0100] {processor.py:830} INFO - Processing file /home/ubuntu/.local/lib/python3.10/site-packages/airflow/example_dags/example_branch_labels.py for tasks to queue
[2023-12-30T14:20:19.644+0100] {logging_mixin.py:188} INFO - [2023-12-30T14:20:19.644+0100] {dagbag.py:538} INFO - Filling up the DagBag from /home/ubuntu/.local/lib/python3.10/site-packages/airflow/example_dags/example_branch_labels.py
[2023-12-30T14:20:19.651+0100] {processor.py:840} INFO - DAG(s) 'example_branch_labels' retrieved from /home/ubuntu/.local/lib/python3.10/site-packages/airflow/example_dags/example_branch_labels.py
[2023-12-30T14:20:19.666+0100] {logging_mixin.py:188} INFO - [2023-12-30T14:20:19.666+0100] {dag.py:3033} INFO - Sync 1 DAGs
[2023-12-30T14:20:19.699+0100] {logging_mixin.py:188} INFO - [2023-12-30T14:20:19.698+0100] {dag.py:3820} INFO - Setting next_dagrun for example_branch_labels to 2023-12-29T00:00:00+00:00, run_after=2023-12-30T00:00:00+00:00
[2023-12-30T14:20:19.736+0100] {processor.py:183} INFO - Processing /home/ubuntu/.local/lib/python3.10/site-packages/airflow/example_dags/example_branch_labels.py took 0.096 seconds
[2023-12-30T14:21:17.159+0100] {processor.py:161} INFO - Started process (PID=9559) to work on /home/ubuntu/.local/lib/python3.10/site-packages/airflow/example_dags/example_branch_labels.py
[2023-12-30T14:21:17.171+0100] {processor.py:830} INFO - Processing file /home/ubuntu/.local/lib/python3.10/site-packages/airflow/example_dags/example_branch_labels.py for tasks to queue
[2023-12-30T14:21:17.174+0100] {logging_mixin.py:188} INFO - [2023-12-30T14:21:17.173+0100] {dagbag.py:538} INFO - Filling up the DagBag from /home/ubuntu/.local/lib/python3.10/site-packages/airflow/example_dags/example_branch_labels.py
[2023-12-30T14:21:17.193+0100] {processor.py:840} INFO - DAG(s) 'example_branch_labels' retrieved from /home/ubuntu/.local/lib/python3.10/site-packages/airflow/example_dags/example_branch_labels.py
[2023-12-30T14:21:17.211+0100] {logging_mixin.py:188} INFO - [2023-12-30T14:21:17.211+0100] {dag.py:3033} INFO - Sync 1 DAGs
[2023-12-30T14:21:17.226+0100] {logging_mixin.py:188} INFO - [2023-12-30T14:21:17.226+0100] {dag.py:3820} INFO - Setting next_dagrun for example_branch_labels to 2023-12-29T00:00:00+00:00, run_after=2023-12-30T00:00:00+00:00
[2023-12-30T14:21:17.336+0100] {processor.py:183} INFO - Processing /home/ubuntu/.local/lib/python3.10/site-packages/airflow/example_dags/example_branch_labels.py took 0.186 seconds
[2023-12-30T14:22:11.270+0100] {processor.py:161} INFO - Started process (PID=9630) to work on /home/ubuntu/.local/lib/python3.10/site-packages/airflow/example_dags/example_branch_labels.py
[2023-12-30T14:22:11.271+0100] {processor.py:830} INFO - Processing file /home/ubuntu/.local/lib/python3.10/site-packages/airflow/example_dags/example_branch_labels.py for tasks to queue
[2023-12-30T14:22:11.272+0100] {logging_mixin.py:188} INFO - [2023-12-30T14:22:11.272+0100] {dagbag.py:538} INFO - Filling up the DagBag from /home/ubuntu/.local/lib/python3.10/site-packages/airflow/example_dags/example_branch_labels.py
[2023-12-30T14:22:11.279+0100] {processor.py:840} INFO - DAG(s) 'example_branch_labels' retrieved from /home/ubuntu/.local/lib/python3.10/site-packages/airflow/example_dags/example_branch_labels.py
[2023-12-30T14:22:11.295+0100] {logging_mixin.py:188} INFO - [2023-12-30T14:22:11.295+0100] {dag.py:3033} INFO - Sync 1 DAGs
[2023-12-30T14:22:11.315+0100] {logging_mixin.py:188} INFO - [2023-12-30T14:22:11.314+0100] {dag.py:3820} INFO - Setting next_dagrun for example_branch_labels to 2023-12-29T00:00:00+00:00, run_after=2023-12-30T00:00:00+00:00
[2023-12-30T14:22:11.340+0100] {processor.py:183} INFO - Processing /home/ubuntu/.local/lib/python3.10/site-packages/airflow/example_dags/example_branch_labels.py took 0.073 seconds
[2023-12-30T14:23:10.046+0100] {processor.py:161} INFO - Started process (PID=9702) to work on /home/ubuntu/.local/lib/python3.10/site-packages/airflow/example_dags/example_branch_labels.py
[2023-12-30T14:23:10.057+0100] {processor.py:830} INFO - Processing file /home/ubuntu/.local/lib/python3.10/site-packages/airflow/example_dags/example_branch_labels.py for tasks to queue
[2023-12-30T14:23:10.060+0100] {logging_mixin.py:188} INFO - [2023-12-30T14:23:10.059+0100] {dagbag.py:538} INFO - Filling up the DagBag from /home/ubuntu/.local/lib/python3.10/site-packages/airflow/example_dags/example_branch_labels.py
[2023-12-30T14:23:10.072+0100] {processor.py:840} INFO - DAG(s) 'example_branch_labels' retrieved from /home/ubuntu/.local/lib/python3.10/site-packages/airflow/example_dags/example_branch_labels.py
[2023-12-30T14:23:10.094+0100] {logging_mixin.py:188} INFO - [2023-12-30T14:23:10.094+0100] {dag.py:3033} INFO - Sync 1 DAGs
[2023-12-30T14:23:10.117+0100] {logging_mixin.py:188} INFO - [2023-12-30T14:23:10.117+0100] {dag.py:3820} INFO - Setting next_dagrun for example_branch_labels to 2023-12-29T00:00:00+00:00, run_after=2023-12-30T00:00:00+00:00
[2023-12-30T14:23:10.148+0100] {processor.py:183} INFO - Processing /home/ubuntu/.local/lib/python3.10/site-packages/airflow/example_dags/example_branch_labels.py took 0.108 seconds
[2023-12-30T14:24:12.071+0100] {processor.py:161} INFO - Started process (PID=9810) to work on /home/ubuntu/.local/lib/python3.10/site-packages/airflow/example_dags/example_branch_labels.py
[2023-12-30T14:24:12.081+0100] {processor.py:830} INFO - Processing file /home/ubuntu/.local/lib/python3.10/site-packages/airflow/example_dags/example_branch_labels.py for tasks to queue
[2023-12-30T14:24:12.081+0100] {logging_mixin.py:188} INFO - [2023-12-30T14:24:12.081+0100] {dagbag.py:538} INFO - Filling up the DagBag from /home/ubuntu/.local/lib/python3.10/site-packages/airflow/example_dags/example_branch_labels.py
[2023-12-30T14:24:12.087+0100] {processor.py:840} INFO - DAG(s) 'example_branch_labels' retrieved from /home/ubuntu/.local/lib/python3.10/site-packages/airflow/example_dags/example_branch_labels.py
[2023-12-30T14:24:12.100+0100] {logging_mixin.py:188} INFO - [2023-12-30T14:24:12.100+0100] {dag.py:3033} INFO - Sync 1 DAGs
[2023-12-30T14:24:12.115+0100] {logging_mixin.py:188} INFO - [2023-12-30T14:24:12.115+0100] {dag.py:3820} INFO - Setting next_dagrun for example_branch_labels to 2023-12-29T00:00:00+00:00, run_after=2023-12-30T00:00:00+00:00
[2023-12-30T14:24:12.134+0100] {processor.py:183} INFO - Processing /home/ubuntu/.local/lib/python3.10/site-packages/airflow/example_dags/example_branch_labels.py took 0.065 seconds
[2023-12-30T14:25:13.084+0100] {processor.py:161} INFO - Started process (PID=10159) to work on /home/ubuntu/.local/lib/python3.10/site-packages/airflow/example_dags/example_branch_labels.py
[2023-12-30T14:25:13.095+0100] {processor.py:830} INFO - Processing file /home/ubuntu/.local/lib/python3.10/site-packages/airflow/example_dags/example_branch_labels.py for tasks to queue
[2023-12-30T14:25:13.096+0100] {logging_mixin.py:188} INFO - [2023-12-30T14:25:13.095+0100] {dagbag.py:538} INFO - Filling up the DagBag from /home/ubuntu/.local/lib/python3.10/site-packages/airflow/example_dags/example_branch_labels.py
[2023-12-30T14:25:13.112+0100] {processor.py:840} INFO - DAG(s) 'example_branch_labels' retrieved from /home/ubuntu/.local/lib/python3.10/site-packages/airflow/example_dags/example_branch_labels.py
[2023-12-30T14:25:13.131+0100] {logging_mixin.py:188} INFO - [2023-12-30T14:25:13.130+0100] {dag.py:3033} INFO - Sync 1 DAGs
[2023-12-30T14:25:13.145+0100] {logging_mixin.py:188} INFO - [2023-12-30T14:25:13.145+0100] {dag.py:3820} INFO - Setting next_dagrun for example_branch_labels to 2023-12-29T00:00:00+00:00, run_after=2023-12-30T00:00:00+00:00
[2023-12-30T14:25:13.160+0100] {processor.py:183} INFO - Processing /home/ubuntu/.local/lib/python3.10/site-packages/airflow/example_dags/example_branch_labels.py took 0.080 seconds
[2023-12-30T14:26:12.781+0100] {processor.py:161} INFO - Started process (PID=10379) to work on /home/ubuntu/.local/lib/python3.10/site-packages/airflow/example_dags/example_branch_labels.py
[2023-12-30T14:26:12.791+0100] {processor.py:830} INFO - Processing file /home/ubuntu/.local/lib/python3.10/site-packages/airflow/example_dags/example_branch_labels.py for tasks to queue
[2023-12-30T14:26:12.791+0100] {logging_mixin.py:188} INFO - [2023-12-30T14:26:12.791+0100] {dagbag.py:538} INFO - Filling up the DagBag from /home/ubuntu/.local/lib/python3.10/site-packages/airflow/example_dags/example_branch_labels.py
[2023-12-30T14:26:12.800+0100] {processor.py:840} INFO - DAG(s) 'example_branch_labels' retrieved from /home/ubuntu/.local/lib/python3.10/site-packages/airflow/example_dags/example_branch_labels.py
[2023-12-30T14:26:12.815+0100] {logging_mixin.py:188} INFO - [2023-12-30T14:26:12.814+0100] {dag.py:3033} INFO - Sync 1 DAGs
[2023-12-30T14:26:12.915+0100] {logging_mixin.py:188} INFO - [2023-12-30T14:26:12.915+0100] {dag.py:3820} INFO - Setting next_dagrun for example_branch_labels to 2023-12-29T00:00:00+00:00, run_after=2023-12-30T00:00:00+00:00
[2023-12-30T14:26:12.944+0100] {processor.py:183} INFO - Processing /home/ubuntu/.local/lib/python3.10/site-packages/airflow/example_dags/example_branch_labels.py took 0.166 seconds
[2023-12-30T14:26:56.801+0100] {processor.py:161} INFO - Started process (PID=10775) to work on /home/ubuntu/.local/lib/python3.10/site-packages/airflow/example_dags/example_branch_labels.py
[2023-12-30T14:26:56.811+0100] {processor.py:830} INFO - Processing file /home/ubuntu/.local/lib/python3.10/site-packages/airflow/example_dags/example_branch_labels.py for tasks to queue
[2023-12-30T14:26:56.812+0100] {logging_mixin.py:188} INFO - [2023-12-30T14:26:56.811+0100] {dagbag.py:538} INFO - Filling up the DagBag from /home/ubuntu/.local/lib/python3.10/site-packages/airflow/example_dags/example_branch_labels.py
[2023-12-30T14:26:56.822+0100] {processor.py:840} INFO - DAG(s) 'example_branch_labels' retrieved from /home/ubuntu/.local/lib/python3.10/site-packages/airflow/example_dags/example_branch_labels.py
[2023-12-30T14:26:56.855+0100] {logging_mixin.py:188} INFO - [2023-12-30T14:26:56.854+0100] {dag.py:3033} INFO - Sync 1 DAGs
[2023-12-30T14:26:56.880+0100] {logging_mixin.py:188} INFO - [2023-12-30T14:26:56.879+0100] {dag.py:3820} INFO - Setting next_dagrun for example_branch_labels to 2023-12-29T00:00:00+00:00, run_after=2023-12-30T00:00:00+00:00
[2023-12-30T14:26:56.905+0100] {processor.py:183} INFO - Processing /home/ubuntu/.local/lib/python3.10/site-packages/airflow/example_dags/example_branch_labels.py took 0.107 seconds
[2023-12-30T14:28:00.722+0100] {processor.py:161} INFO - Started process (PID=10863) to work on /home/ubuntu/.local/lib/python3.10/site-packages/airflow/example_dags/example_branch_labels.py
[2023-12-30T14:28:00.733+0100] {processor.py:830} INFO - Processing file /home/ubuntu/.local/lib/python3.10/site-packages/airflow/example_dags/example_branch_labels.py for tasks to queue
[2023-12-30T14:28:00.734+0100] {logging_mixin.py:188} INFO - [2023-12-30T14:28:00.734+0100] {dagbag.py:538} INFO - Filling up the DagBag from /home/ubuntu/.local/lib/python3.10/site-packages/airflow/example_dags/example_branch_labels.py
[2023-12-30T14:28:00.746+0100] {processor.py:840} INFO - DAG(s) 'example_branch_labels' retrieved from /home/ubuntu/.local/lib/python3.10/site-packages/airflow/example_dags/example_branch_labels.py
[2023-12-30T14:28:00.864+0100] {logging_mixin.py:188} INFO - [2023-12-30T14:28:00.863+0100] {dag.py:3033} INFO - Sync 1 DAGs
[2023-12-30T14:28:00.881+0100] {logging_mixin.py:188} INFO - [2023-12-30T14:28:00.880+0100] {dag.py:3820} INFO - Setting next_dagrun for example_branch_labels to 2023-12-29T00:00:00+00:00, run_after=2023-12-30T00:00:00+00:00
[2023-12-30T14:28:00.906+0100] {processor.py:183} INFO - Processing /home/ubuntu/.local/lib/python3.10/site-packages/airflow/example_dags/example_branch_labels.py took 0.192 seconds
[2023-12-30T14:29:03.320+0100] {processor.py:161} INFO - Started process (PID=10938) to work on /home/ubuntu/.local/lib/python3.10/site-packages/airflow/example_dags/example_branch_labels.py
[2023-12-30T14:29:03.331+0100] {processor.py:830} INFO - Processing file /home/ubuntu/.local/lib/python3.10/site-packages/airflow/example_dags/example_branch_labels.py for tasks to queue
[2023-12-30T14:29:03.332+0100] {logging_mixin.py:188} INFO - [2023-12-30T14:29:03.331+0100] {dagbag.py:538} INFO - Filling up the DagBag from /home/ubuntu/.local/lib/python3.10/site-packages/airflow/example_dags/example_branch_labels.py
[2023-12-30T14:29:03.339+0100] {processor.py:840} INFO - DAG(s) 'example_branch_labels' retrieved from /home/ubuntu/.local/lib/python3.10/site-packages/airflow/example_dags/example_branch_labels.py
[2023-12-30T14:29:03.364+0100] {logging_mixin.py:188} INFO - [2023-12-30T14:29:03.364+0100] {dag.py:3033} INFO - Sync 1 DAGs
[2023-12-30T14:29:03.459+0100] {logging_mixin.py:188} INFO - [2023-12-30T14:29:03.459+0100] {dag.py:3820} INFO - Setting next_dagrun for example_branch_labels to 2023-12-29T00:00:00+00:00, run_after=2023-12-30T00:00:00+00:00
[2023-12-30T14:29:03.494+0100] {processor.py:183} INFO - Processing /home/ubuntu/.local/lib/python3.10/site-packages/airflow/example_dags/example_branch_labels.py took 0.176 seconds
[2023-12-30T14:29:48.973+0100] {processor.py:161} INFO - Started process (PID=10988) to work on /home/ubuntu/.local/lib/python3.10/site-packages/airflow/example_dags/example_branch_labels.py
[2023-12-30T14:29:48.984+0100] {processor.py:830} INFO - Processing file /home/ubuntu/.local/lib/python3.10/site-packages/airflow/example_dags/example_branch_labels.py for tasks to queue
[2023-12-30T14:29:48.984+0100] {logging_mixin.py:188} INFO - [2023-12-30T14:29:48.984+0100] {dagbag.py:538} INFO - Filling up the DagBag from /home/ubuntu/.local/lib/python3.10/site-packages/airflow/example_dags/example_branch_labels.py
[2023-12-30T14:29:48.990+0100] {processor.py:840} INFO - DAG(s) 'example_branch_labels' retrieved from /home/ubuntu/.local/lib/python3.10/site-packages/airflow/example_dags/example_branch_labels.py
[2023-12-30T14:29:49.003+0100] {logging_mixin.py:188} INFO - [2023-12-30T14:29:49.003+0100] {dag.py:3033} INFO - Sync 1 DAGs
[2023-12-30T14:29:49.017+0100] {logging_mixin.py:188} INFO - [2023-12-30T14:29:49.017+0100] {dag.py:3820} INFO - Setting next_dagrun for example_branch_labels to 2023-12-29T00:00:00+00:00, run_after=2023-12-30T00:00:00+00:00
[2023-12-30T14:29:49.032+0100] {processor.py:183} INFO - Processing /home/ubuntu/.local/lib/python3.10/site-packages/airflow/example_dags/example_branch_labels.py took 0.061 seconds
[2023-12-30T14:30:42.784+0100] {processor.py:161} INFO - Started process (PID=11050) to work on /home/ubuntu/.local/lib/python3.10/site-packages/airflow/example_dags/example_branch_labels.py
[2023-12-30T14:30:42.794+0100] {processor.py:830} INFO - Processing file /home/ubuntu/.local/lib/python3.10/site-packages/airflow/example_dags/example_branch_labels.py for tasks to queue
[2023-12-30T14:30:42.795+0100] {logging_mixin.py:188} INFO - [2023-12-30T14:30:42.795+0100] {dagbag.py:538} INFO - Filling up the DagBag from /home/ubuntu/.local/lib/python3.10/site-packages/airflow/example_dags/example_branch_labels.py
[2023-12-30T14:30:42.800+0100] {processor.py:840} INFO - DAG(s) 'example_branch_labels' retrieved from /home/ubuntu/.local/lib/python3.10/site-packages/airflow/example_dags/example_branch_labels.py
[2023-12-30T14:30:42.812+0100] {logging_mixin.py:188} INFO - [2023-12-30T14:30:42.812+0100] {dag.py:3033} INFO - Sync 1 DAGs
[2023-12-30T14:30:42.825+0100] {logging_mixin.py:188} INFO - [2023-12-30T14:30:42.825+0100] {dag.py:3820} INFO - Setting next_dagrun for example_branch_labels to 2023-12-29T00:00:00+00:00, run_after=2023-12-30T00:00:00+00:00
[2023-12-30T14:30:42.840+0100] {processor.py:183} INFO - Processing /home/ubuntu/.local/lib/python3.10/site-packages/airflow/example_dags/example_branch_labels.py took 0.058 seconds
[2023-12-30T14:31:36.313+0100] {processor.py:161} INFO - Started process (PID=11120) to work on /home/ubuntu/.local/lib/python3.10/site-packages/airflow/example_dags/example_branch_labels.py
[2023-12-30T14:31:36.325+0100] {processor.py:830} INFO - Processing file /home/ubuntu/.local/lib/python3.10/site-packages/airflow/example_dags/example_branch_labels.py for tasks to queue
[2023-12-30T14:31:36.327+0100] {logging_mixin.py:188} INFO - [2023-12-30T14:31:36.326+0100] {dagbag.py:538} INFO - Filling up the DagBag from /home/ubuntu/.local/lib/python3.10/site-packages/airflow/example_dags/example_branch_labels.py
[2023-12-30T14:31:36.345+0100] {processor.py:840} INFO - DAG(s) 'example_branch_labels' retrieved from /home/ubuntu/.local/lib/python3.10/site-packages/airflow/example_dags/example_branch_labels.py
[2023-12-30T14:31:36.365+0100] {logging_mixin.py:188} INFO - [2023-12-30T14:31:36.365+0100] {dag.py:3033} INFO - Sync 1 DAGs
[2023-12-30T14:31:36.381+0100] {logging_mixin.py:188} INFO - [2023-12-30T14:31:36.381+0100] {dag.py:3820} INFO - Setting next_dagrun for example_branch_labels to 2023-12-29T00:00:00+00:00, run_after=2023-12-30T00:00:00+00:00
[2023-12-30T14:31:36.407+0100] {processor.py:183} INFO - Processing /home/ubuntu/.local/lib/python3.10/site-packages/airflow/example_dags/example_branch_labels.py took 0.102 seconds
[2023-12-30T14:32:33.545+0100] {processor.py:161} INFO - Started process (PID=11289) to work on /home/ubuntu/.local/lib/python3.10/site-packages/airflow/example_dags/example_branch_labels.py
[2023-12-30T14:32:33.547+0100] {processor.py:830} INFO - Processing file /home/ubuntu/.local/lib/python3.10/site-packages/airflow/example_dags/example_branch_labels.py for tasks to queue
[2023-12-30T14:32:33.548+0100] {logging_mixin.py:188} INFO - [2023-12-30T14:32:33.548+0100] {dagbag.py:538} INFO - Filling up the DagBag from /home/ubuntu/.local/lib/python3.10/site-packages/airflow/example_dags/example_branch_labels.py
[2023-12-30T14:32:33.558+0100] {processor.py:840} INFO - DAG(s) 'example_branch_labels' retrieved from /home/ubuntu/.local/lib/python3.10/site-packages/airflow/example_dags/example_branch_labels.py
[2023-12-30T14:32:33.578+0100] {logging_mixin.py:188} INFO - [2023-12-30T14:32:33.578+0100] {dag.py:3033} INFO - Sync 1 DAGs
[2023-12-30T14:32:33.600+0100] {logging_mixin.py:188} INFO - [2023-12-30T14:32:33.600+0100] {dag.py:3820} INFO - Setting next_dagrun for example_branch_labels to 2023-12-29T00:00:00+00:00, run_after=2023-12-30T00:00:00+00:00
[2023-12-30T14:32:33.638+0100] {processor.py:183} INFO - Processing /home/ubuntu/.local/lib/python3.10/site-packages/airflow/example_dags/example_branch_labels.py took 0.100 seconds
[2023-12-30T14:33:26.373+0100] {processor.py:161} INFO - Started process (PID=11560) to work on /home/ubuntu/.local/lib/python3.10/site-packages/airflow/example_dags/example_branch_labels.py
[2023-12-30T14:33:26.374+0100] {processor.py:830} INFO - Processing file /home/ubuntu/.local/lib/python3.10/site-packages/airflow/example_dags/example_branch_labels.py for tasks to queue
[2023-12-30T14:33:26.375+0100] {logging_mixin.py:188} INFO - [2023-12-30T14:33:26.375+0100] {dagbag.py:538} INFO - Filling up the DagBag from /home/ubuntu/.local/lib/python3.10/site-packages/airflow/example_dags/example_branch_labels.py
[2023-12-30T14:33:26.380+0100] {processor.py:840} INFO - DAG(s) 'example_branch_labels' retrieved from /home/ubuntu/.local/lib/python3.10/site-packages/airflow/example_dags/example_branch_labels.py
[2023-12-30T14:33:26.402+0100] {logging_mixin.py:188} INFO - [2023-12-30T14:33:26.402+0100] {dag.py:3033} INFO - Sync 1 DAGs
[2023-12-30T14:33:26.420+0100] {logging_mixin.py:188} INFO - [2023-12-30T14:33:26.420+0100] {dag.py:3820} INFO - Setting next_dagrun for example_branch_labels to 2023-12-29T00:00:00+00:00, run_after=2023-12-30T00:00:00+00:00
[2023-12-30T14:33:26.440+0100] {processor.py:183} INFO - Processing /home/ubuntu/.local/lib/python3.10/site-packages/airflow/example_dags/example_branch_labels.py took 0.070 seconds
[2023-12-30T14:34:27.411+0100] {processor.py:161} INFO - Started process (PID=11954) to work on /home/ubuntu/.local/lib/python3.10/site-packages/airflow/example_dags/example_branch_labels.py
[2023-12-30T14:34:27.419+0100] {processor.py:830} INFO - Processing file /home/ubuntu/.local/lib/python3.10/site-packages/airflow/example_dags/example_branch_labels.py for tasks to queue
[2023-12-30T14:34:27.420+0100] {logging_mixin.py:188} INFO - [2023-12-30T14:34:27.420+0100] {dagbag.py:538} INFO - Filling up the DagBag from /home/ubuntu/.local/lib/python3.10/site-packages/airflow/example_dags/example_branch_labels.py
[2023-12-30T14:34:27.429+0100] {processor.py:840} INFO - DAG(s) 'example_branch_labels' retrieved from /home/ubuntu/.local/lib/python3.10/site-packages/airflow/example_dags/example_branch_labels.py
[2023-12-30T14:34:27.463+0100] {logging_mixin.py:188} INFO - [2023-12-30T14:34:27.463+0100] {dag.py:3033} INFO - Sync 1 DAGs
[2023-12-30T14:34:27.499+0100] {logging_mixin.py:188} INFO - [2023-12-30T14:34:27.499+0100] {dag.py:3820} INFO - Setting next_dagrun for example_branch_labels to 2023-12-29T00:00:00+00:00, run_after=2023-12-30T00:00:00+00:00
[2023-12-30T14:34:27.527+0100] {processor.py:183} INFO - Processing /home/ubuntu/.local/lib/python3.10/site-packages/airflow/example_dags/example_branch_labels.py took 0.119 seconds
