[2023-12-30T13:33:50.093+0100] {processor.py:161} INFO - Started process (PID=3340) to work on /home/ubuntu/.local/lib/python3.10/site-packages/airflow/example_dags/example_params_trigger_ui.py
[2023-12-30T13:33:50.093+0100] {processor.py:830} INFO - Processing file /home/ubuntu/.local/lib/python3.10/site-packages/airflow/example_dags/example_params_trigger_ui.py for tasks to queue
[2023-12-30T13:33:50.094+0100] {logging_mixin.py:188} INFO - [2023-12-30T13:33:50.094+0100] {dagbag.py:538} INFO - Filling up the DagBag from /home/ubuntu/.local/lib/python3.10/site-packages/airflow/example_dags/example_params_trigger_ui.py
[2023-12-30T13:33:50.110+0100] {processor.py:840} INFO - DAG(s) 'example_params_trigger_ui' retrieved from /home/ubuntu/.local/lib/python3.10/site-packages/airflow/example_dags/example_params_trigger_ui.py
[2023-12-30T13:33:50.226+0100] {logging_mixin.py:188} INFO - [2023-12-30T13:33:50.226+0100] {dag.py:3033} INFO - Sync 1 DAGs
[2023-12-30T13:33:50.232+0100] {logging_mixin.py:188} INFO - [2023-12-30T13:33:50.232+0100] {dag.py:3820} INFO - Setting next_dagrun for example_params_trigger_ui to None, run_after=None
[2023-12-30T13:33:50.265+0100] {processor.py:183} INFO - Processing /home/ubuntu/.local/lib/python3.10/site-packages/airflow/example_dags/example_params_trigger_ui.py took 0.176 seconds
[2023-12-30T13:34:38.076+0100] {processor.py:161} INFO - Started process (PID=4197) to work on /home/ubuntu/.local/lib/python3.10/site-packages/airflow/example_dags/example_params_trigger_ui.py
[2023-12-30T13:34:38.088+0100] {processor.py:830} INFO - Processing file /home/ubuntu/.local/lib/python3.10/site-packages/airflow/example_dags/example_params_trigger_ui.py for tasks to queue
[2023-12-30T13:34:38.090+0100] {logging_mixin.py:188} INFO - [2023-12-30T13:34:38.089+0100] {dagbag.py:538} INFO - Filling up the DagBag from /home/ubuntu/.local/lib/python3.10/site-packages/airflow/example_dags/example_params_trigger_ui.py
[2023-12-30T13:34:38.119+0100] {processor.py:840} INFO - DAG(s) 'example_params_trigger_ui' retrieved from /home/ubuntu/.local/lib/python3.10/site-packages/airflow/example_dags/example_params_trigger_ui.py
[2023-12-30T13:34:38.152+0100] {logging_mixin.py:188} INFO - [2023-12-30T13:34:38.152+0100] {dag.py:3033} INFO - Sync 1 DAGs
[2023-12-30T13:34:38.159+0100] {logging_mixin.py:188} INFO - [2023-12-30T13:34:38.159+0100] {dag.py:3820} INFO - Setting next_dagrun for example_params_trigger_ui to None, run_after=None
[2023-12-30T13:34:38.174+0100] {processor.py:183} INFO - Processing /home/ubuntu/.local/lib/python3.10/site-packages/airflow/example_dags/example_params_trigger_ui.py took 0.105 seconds
[2023-12-30T13:35:25.332+0100] {processor.py:161} INFO - Started process (PID=4293) to work on /home/ubuntu/.local/lib/python3.10/site-packages/airflow/example_dags/example_params_trigger_ui.py
[2023-12-30T13:35:25.342+0100] {processor.py:830} INFO - Processing file /home/ubuntu/.local/lib/python3.10/site-packages/airflow/example_dags/example_params_trigger_ui.py for tasks to queue
[2023-12-30T13:35:25.344+0100] {logging_mixin.py:188} INFO - [2023-12-30T13:35:25.343+0100] {dagbag.py:538} INFO - Filling up the DagBag from /home/ubuntu/.local/lib/python3.10/site-packages/airflow/example_dags/example_params_trigger_ui.py
[2023-12-30T13:35:25.363+0100] {processor.py:840} INFO - DAG(s) 'example_params_trigger_ui' retrieved from /home/ubuntu/.local/lib/python3.10/site-packages/airflow/example_dags/example_params_trigger_ui.py
[2023-12-30T13:35:25.393+0100] {logging_mixin.py:188} INFO - [2023-12-30T13:35:25.393+0100] {dag.py:3033} INFO - Sync 1 DAGs
[2023-12-30T13:35:25.400+0100] {logging_mixin.py:188} INFO - [2023-12-30T13:35:25.400+0100] {dag.py:3820} INFO - Setting next_dagrun for example_params_trigger_ui to None, run_after=None
[2023-12-30T13:35:25.417+0100] {processor.py:183} INFO - Processing /home/ubuntu/.local/lib/python3.10/site-packages/airflow/example_dags/example_params_trigger_ui.py took 0.088 seconds
[2023-12-30T13:36:20.114+0100] {processor.py:161} INFO - Started process (PID=4409) to work on /home/ubuntu/.local/lib/python3.10/site-packages/airflow/example_dags/example_params_trigger_ui.py
[2023-12-30T13:36:20.115+0100] {processor.py:830} INFO - Processing file /home/ubuntu/.local/lib/python3.10/site-packages/airflow/example_dags/example_params_trigger_ui.py for tasks to queue
[2023-12-30T13:36:20.115+0100] {logging_mixin.py:188} INFO - [2023-12-30T13:36:20.115+0100] {dagbag.py:538} INFO - Filling up the DagBag from /home/ubuntu/.local/lib/python3.10/site-packages/airflow/example_dags/example_params_trigger_ui.py
[2023-12-30T13:36:20.124+0100] {processor.py:840} INFO - DAG(s) 'example_params_trigger_ui' retrieved from /home/ubuntu/.local/lib/python3.10/site-packages/airflow/example_dags/example_params_trigger_ui.py
[2023-12-30T13:36:20.152+0100] {logging_mixin.py:188} INFO - [2023-12-30T13:36:20.152+0100] {dag.py:3033} INFO - Sync 1 DAGs
[2023-12-30T13:36:20.161+0100] {logging_mixin.py:188} INFO - [2023-12-30T13:36:20.160+0100] {dag.py:3820} INFO - Setting next_dagrun for example_params_trigger_ui to None, run_after=None
[2023-12-30T13:36:20.177+0100] {processor.py:183} INFO - Processing /home/ubuntu/.local/lib/python3.10/site-packages/airflow/example_dags/example_params_trigger_ui.py took 0.065 seconds
[2023-12-30T13:37:14.046+0100] {processor.py:161} INFO - Started process (PID=5703) to work on /home/ubuntu/.local/lib/python3.10/site-packages/airflow/example_dags/example_params_trigger_ui.py
[2023-12-30T13:37:14.048+0100] {processor.py:830} INFO - Processing file /home/ubuntu/.local/lib/python3.10/site-packages/airflow/example_dags/example_params_trigger_ui.py for tasks to queue
[2023-12-30T13:37:14.048+0100] {logging_mixin.py:188} INFO - [2023-12-30T13:37:14.048+0100] {dagbag.py:538} INFO - Filling up the DagBag from /home/ubuntu/.local/lib/python3.10/site-packages/airflow/example_dags/example_params_trigger_ui.py
[2023-12-30T13:37:14.072+0100] {processor.py:840} INFO - DAG(s) 'example_params_trigger_ui' retrieved from /home/ubuntu/.local/lib/python3.10/site-packages/airflow/example_dags/example_params_trigger_ui.py
[2023-12-30T13:37:14.100+0100] {logging_mixin.py:188} INFO - [2023-12-30T13:37:14.099+0100] {dag.py:3033} INFO - Sync 1 DAGs
[2023-12-30T13:37:14.107+0100] {logging_mixin.py:188} INFO - [2023-12-30T13:37:14.107+0100] {dag.py:3820} INFO - Setting next_dagrun for example_params_trigger_ui to None, run_after=None
[2023-12-30T13:37:14.124+0100] {processor.py:183} INFO - Processing /home/ubuntu/.local/lib/python3.10/site-packages/airflow/example_dags/example_params_trigger_ui.py took 0.082 seconds
[2023-12-30T13:38:08.880+0100] {processor.py:161} INFO - Started process (PID=5917) to work on /home/ubuntu/.local/lib/python3.10/site-packages/airflow/example_dags/example_params_trigger_ui.py
[2023-12-30T13:38:08.890+0100] {processor.py:830} INFO - Processing file /home/ubuntu/.local/lib/python3.10/site-packages/airflow/example_dags/example_params_trigger_ui.py for tasks to queue
[2023-12-30T13:38:08.891+0100] {logging_mixin.py:188} INFO - [2023-12-30T13:38:08.891+0100] {dagbag.py:538} INFO - Filling up the DagBag from /home/ubuntu/.local/lib/python3.10/site-packages/airflow/example_dags/example_params_trigger_ui.py
[2023-12-30T13:38:08.913+0100] {processor.py:840} INFO - DAG(s) 'example_params_trigger_ui' retrieved from /home/ubuntu/.local/lib/python3.10/site-packages/airflow/example_dags/example_params_trigger_ui.py
[2023-12-30T13:38:08.945+0100] {logging_mixin.py:188} INFO - [2023-12-30T13:38:08.945+0100] {dag.py:3033} INFO - Sync 1 DAGs
[2023-12-30T13:38:08.951+0100] {logging_mixin.py:188} INFO - [2023-12-30T13:38:08.951+0100] {dag.py:3820} INFO - Setting next_dagrun for example_params_trigger_ui to None, run_after=None
[2023-12-30T13:38:08.967+0100] {processor.py:183} INFO - Processing /home/ubuntu/.local/lib/python3.10/site-packages/airflow/example_dags/example_params_trigger_ui.py took 0.088 seconds
[2023-12-30T13:39:03.718+0100] {processor.py:161} INFO - Started process (PID=6035) to work on /home/ubuntu/.local/lib/python3.10/site-packages/airflow/example_dags/example_params_trigger_ui.py
[2023-12-30T13:39:03.728+0100] {processor.py:830} INFO - Processing file /home/ubuntu/.local/lib/python3.10/site-packages/airflow/example_dags/example_params_trigger_ui.py for tasks to queue
[2023-12-30T13:39:03.729+0100] {logging_mixin.py:188} INFO - [2023-12-30T13:39:03.729+0100] {dagbag.py:538} INFO - Filling up the DagBag from /home/ubuntu/.local/lib/python3.10/site-packages/airflow/example_dags/example_params_trigger_ui.py
[2023-12-30T13:39:03.745+0100] {processor.py:840} INFO - DAG(s) 'example_params_trigger_ui' retrieved from /home/ubuntu/.local/lib/python3.10/site-packages/airflow/example_dags/example_params_trigger_ui.py
[2023-12-30T13:39:03.781+0100] {logging_mixin.py:188} INFO - [2023-12-30T13:39:03.781+0100] {dag.py:3033} INFO - Sync 1 DAGs
[2023-12-30T13:39:03.790+0100] {logging_mixin.py:188} INFO - [2023-12-30T13:39:03.790+0100] {dag.py:3820} INFO - Setting next_dagrun for example_params_trigger_ui to None, run_after=None
[2023-12-30T13:39:03.815+0100] {processor.py:183} INFO - Processing /home/ubuntu/.local/lib/python3.10/site-packages/airflow/example_dags/example_params_trigger_ui.py took 0.101 seconds
[2023-12-30T13:39:55.377+0100] {processor.py:161} INFO - Started process (PID=6117) to work on /home/ubuntu/.local/lib/python3.10/site-packages/airflow/example_dags/example_params_trigger_ui.py
[2023-12-30T13:39:55.378+0100] {processor.py:830} INFO - Processing file /home/ubuntu/.local/lib/python3.10/site-packages/airflow/example_dags/example_params_trigger_ui.py for tasks to queue
[2023-12-30T13:39:55.379+0100] {logging_mixin.py:188} INFO - [2023-12-30T13:39:55.378+0100] {dagbag.py:538} INFO - Filling up the DagBag from /home/ubuntu/.local/lib/python3.10/site-packages/airflow/example_dags/example_params_trigger_ui.py
[2023-12-30T13:39:55.388+0100] {processor.py:840} INFO - DAG(s) 'example_params_trigger_ui' retrieved from /home/ubuntu/.local/lib/python3.10/site-packages/airflow/example_dags/example_params_trigger_ui.py
[2023-12-30T13:39:55.415+0100] {logging_mixin.py:188} INFO - [2023-12-30T13:39:55.415+0100] {dag.py:3033} INFO - Sync 1 DAGs
[2023-12-30T13:39:55.421+0100] {logging_mixin.py:188} INFO - [2023-12-30T13:39:55.421+0100] {dag.py:3820} INFO - Setting next_dagrun for example_params_trigger_ui to None, run_after=None
[2023-12-30T13:39:55.436+0100] {processor.py:183} INFO - Processing /home/ubuntu/.local/lib/python3.10/site-packages/airflow/example_dags/example_params_trigger_ui.py took 0.061 seconds
[2023-12-30T13:40:48.948+0100] {processor.py:161} INFO - Started process (PID=6189) to work on /home/ubuntu/.local/lib/python3.10/site-packages/airflow/example_dags/example_params_trigger_ui.py
[2023-12-30T13:40:48.950+0100] {processor.py:830} INFO - Processing file /home/ubuntu/.local/lib/python3.10/site-packages/airflow/example_dags/example_params_trigger_ui.py for tasks to queue
[2023-12-30T13:40:48.952+0100] {logging_mixin.py:188} INFO - [2023-12-30T13:40:48.951+0100] {dagbag.py:538} INFO - Filling up the DagBag from /home/ubuntu/.local/lib/python3.10/site-packages/airflow/example_dags/example_params_trigger_ui.py
[2023-12-30T13:40:48.977+0100] {processor.py:840} INFO - DAG(s) 'example_params_trigger_ui' retrieved from /home/ubuntu/.local/lib/python3.10/site-packages/airflow/example_dags/example_params_trigger_ui.py
[2023-12-30T13:40:49.009+0100] {logging_mixin.py:188} INFO - [2023-12-30T13:40:49.009+0100] {dag.py:3033} INFO - Sync 1 DAGs
[2023-12-30T13:40:49.015+0100] {logging_mixin.py:188} INFO - [2023-12-30T13:40:49.015+0100] {dag.py:3820} INFO - Setting next_dagrun for example_params_trigger_ui to None, run_after=None
[2023-12-30T13:40:49.029+0100] {processor.py:183} INFO - Processing /home/ubuntu/.local/lib/python3.10/site-packages/airflow/example_dags/example_params_trigger_ui.py took 0.088 seconds
[2023-12-30T13:41:40.920+0100] {processor.py:161} INFO - Started process (PID=6294) to work on /home/ubuntu/.local/lib/python3.10/site-packages/airflow/example_dags/example_params_trigger_ui.py
[2023-12-30T13:41:40.932+0100] {processor.py:830} INFO - Processing file /home/ubuntu/.local/lib/python3.10/site-packages/airflow/example_dags/example_params_trigger_ui.py for tasks to queue
[2023-12-30T13:41:40.934+0100] {logging_mixin.py:188} INFO - [2023-12-30T13:41:40.933+0100] {dagbag.py:538} INFO - Filling up the DagBag from /home/ubuntu/.local/lib/python3.10/site-packages/airflow/example_dags/example_params_trigger_ui.py
[2023-12-30T13:41:40.962+0100] {processor.py:840} INFO - DAG(s) 'example_params_trigger_ui' retrieved from /home/ubuntu/.local/lib/python3.10/site-packages/airflow/example_dags/example_params_trigger_ui.py
[2023-12-30T13:41:40.995+0100] {logging_mixin.py:188} INFO - [2023-12-30T13:41:40.995+0100] {dag.py:3033} INFO - Sync 1 DAGs
[2023-12-30T13:41:41.001+0100] {logging_mixin.py:188} INFO - [2023-12-30T13:41:41.001+0100] {dag.py:3820} INFO - Setting next_dagrun for example_params_trigger_ui to None, run_after=None
[2023-12-30T13:41:41.018+0100] {processor.py:183} INFO - Processing /home/ubuntu/.local/lib/python3.10/site-packages/airflow/example_dags/example_params_trigger_ui.py took 0.105 seconds
[2023-12-30T13:42:34.854+0100] {processor.py:161} INFO - Started process (PID=6361) to work on /home/ubuntu/.local/lib/python3.10/site-packages/airflow/example_dags/example_params_trigger_ui.py
[2023-12-30T13:42:34.857+0100] {processor.py:830} INFO - Processing file /home/ubuntu/.local/lib/python3.10/site-packages/airflow/example_dags/example_params_trigger_ui.py for tasks to queue
[2023-12-30T13:42:34.859+0100] {logging_mixin.py:188} INFO - [2023-12-30T13:42:34.858+0100] {dagbag.py:538} INFO - Filling up the DagBag from /home/ubuntu/.local/lib/python3.10/site-packages/airflow/example_dags/example_params_trigger_ui.py
[2023-12-30T13:42:34.883+0100] {processor.py:840} INFO - DAG(s) 'example_params_trigger_ui' retrieved from /home/ubuntu/.local/lib/python3.10/site-packages/airflow/example_dags/example_params_trigger_ui.py
[2023-12-30T13:42:34.915+0100] {logging_mixin.py:188} INFO - [2023-12-30T13:42:34.915+0100] {dag.py:3033} INFO - Sync 1 DAGs
[2023-12-30T13:42:34.922+0100] {logging_mixin.py:188} INFO - [2023-12-30T13:42:34.922+0100] {dag.py:3820} INFO - Setting next_dagrun for example_params_trigger_ui to None, run_after=None
[2023-12-30T13:42:34.951+0100] {processor.py:183} INFO - Processing /home/ubuntu/.local/lib/python3.10/site-packages/airflow/example_dags/example_params_trigger_ui.py took 0.104 seconds
[2023-12-30T13:43:32.246+0100] {processor.py:161} INFO - Started process (PID=6432) to work on /home/ubuntu/.local/lib/python3.10/site-packages/airflow/example_dags/example_params_trigger_ui.py
[2023-12-30T13:43:32.256+0100] {processor.py:830} INFO - Processing file /home/ubuntu/.local/lib/python3.10/site-packages/airflow/example_dags/example_params_trigger_ui.py for tasks to queue
[2023-12-30T13:43:32.258+0100] {logging_mixin.py:188} INFO - [2023-12-30T13:43:32.257+0100] {dagbag.py:538} INFO - Filling up the DagBag from /home/ubuntu/.local/lib/python3.10/site-packages/airflow/example_dags/example_params_trigger_ui.py
[2023-12-30T13:43:32.281+0100] {processor.py:840} INFO - DAG(s) 'example_params_trigger_ui' retrieved from /home/ubuntu/.local/lib/python3.10/site-packages/airflow/example_dags/example_params_trigger_ui.py
[2023-12-30T13:43:32.317+0100] {logging_mixin.py:188} INFO - [2023-12-30T13:43:32.317+0100] {dag.py:3033} INFO - Sync 1 DAGs
[2023-12-30T13:43:32.324+0100] {logging_mixin.py:188} INFO - [2023-12-30T13:43:32.324+0100] {dag.py:3820} INFO - Setting next_dagrun for example_params_trigger_ui to None, run_after=None
[2023-12-30T13:43:32.351+0100] {processor.py:183} INFO - Processing /home/ubuntu/.local/lib/python3.10/site-packages/airflow/example_dags/example_params_trigger_ui.py took 0.110 seconds
[2023-12-30T13:44:26.407+0100] {processor.py:161} INFO - Started process (PID=6543) to work on /home/ubuntu/.local/lib/python3.10/site-packages/airflow/example_dags/example_params_trigger_ui.py
[2023-12-30T13:44:26.408+0100] {processor.py:830} INFO - Processing file /home/ubuntu/.local/lib/python3.10/site-packages/airflow/example_dags/example_params_trigger_ui.py for tasks to queue
[2023-12-30T13:44:26.409+0100] {logging_mixin.py:188} INFO - [2023-12-30T13:44:26.408+0100] {dagbag.py:538} INFO - Filling up the DagBag from /home/ubuntu/.local/lib/python3.10/site-packages/airflow/example_dags/example_params_trigger_ui.py
[2023-12-30T13:44:26.423+0100] {processor.py:840} INFO - DAG(s) 'example_params_trigger_ui' retrieved from /home/ubuntu/.local/lib/python3.10/site-packages/airflow/example_dags/example_params_trigger_ui.py
[2023-12-30T13:44:26.460+0100] {logging_mixin.py:188} INFO - [2023-12-30T13:44:26.460+0100] {dag.py:3033} INFO - Sync 1 DAGs
[2023-12-30T13:44:26.467+0100] {logging_mixin.py:188} INFO - [2023-12-30T13:44:26.467+0100] {dag.py:3820} INFO - Setting next_dagrun for example_params_trigger_ui to None, run_after=None
[2023-12-30T13:44:26.499+0100] {processor.py:183} INFO - Processing /home/ubuntu/.local/lib/python3.10/site-packages/airflow/example_dags/example_params_trigger_ui.py took 0.094 seconds
[2023-12-30T13:45:19.485+0100] {processor.py:161} INFO - Started process (PID=6603) to work on /home/ubuntu/.local/lib/python3.10/site-packages/airflow/example_dags/example_params_trigger_ui.py
[2023-12-30T13:45:19.486+0100] {processor.py:830} INFO - Processing file /home/ubuntu/.local/lib/python3.10/site-packages/airflow/example_dags/example_params_trigger_ui.py for tasks to queue
[2023-12-30T13:45:19.487+0100] {logging_mixin.py:188} INFO - [2023-12-30T13:45:19.487+0100] {dagbag.py:538} INFO - Filling up the DagBag from /home/ubuntu/.local/lib/python3.10/site-packages/airflow/example_dags/example_params_trigger_ui.py
[2023-12-30T13:45:19.501+0100] {processor.py:840} INFO - DAG(s) 'example_params_trigger_ui' retrieved from /home/ubuntu/.local/lib/python3.10/site-packages/airflow/example_dags/example_params_trigger_ui.py
[2023-12-30T13:45:19.534+0100] {logging_mixin.py:188} INFO - [2023-12-30T13:45:19.534+0100] {dag.py:3033} INFO - Sync 1 DAGs
[2023-12-30T13:45:19.541+0100] {logging_mixin.py:188} INFO - [2023-12-30T13:45:19.540+0100] {dag.py:3820} INFO - Setting next_dagrun for example_params_trigger_ui to None, run_after=None
[2023-12-30T13:45:19.568+0100] {processor.py:183} INFO - Processing /home/ubuntu/.local/lib/python3.10/site-packages/airflow/example_dags/example_params_trigger_ui.py took 0.085 seconds
[2023-12-30T13:46:15.394+0100] {processor.py:161} INFO - Started process (PID=6665) to work on /home/ubuntu/.local/lib/python3.10/site-packages/airflow/example_dags/example_params_trigger_ui.py
[2023-12-30T13:46:15.403+0100] {processor.py:830} INFO - Processing file /home/ubuntu/.local/lib/python3.10/site-packages/airflow/example_dags/example_params_trigger_ui.py for tasks to queue
[2023-12-30T13:46:15.404+0100] {logging_mixin.py:188} INFO - [2023-12-30T13:46:15.404+0100] {dagbag.py:538} INFO - Filling up the DagBag from /home/ubuntu/.local/lib/python3.10/site-packages/airflow/example_dags/example_params_trigger_ui.py
[2023-12-30T13:46:15.415+0100] {processor.py:840} INFO - DAG(s) 'example_params_trigger_ui' retrieved from /home/ubuntu/.local/lib/python3.10/site-packages/airflow/example_dags/example_params_trigger_ui.py
[2023-12-30T13:46:15.445+0100] {logging_mixin.py:188} INFO - [2023-12-30T13:46:15.445+0100] {dag.py:3033} INFO - Sync 1 DAGs
[2023-12-30T13:46:15.452+0100] {logging_mixin.py:188} INFO - [2023-12-30T13:46:15.452+0100] {dag.py:3820} INFO - Setting next_dagrun for example_params_trigger_ui to None, run_after=None
[2023-12-30T13:46:15.469+0100] {processor.py:183} INFO - Processing /home/ubuntu/.local/lib/python3.10/site-packages/airflow/example_dags/example_params_trigger_ui.py took 0.077 seconds
[2023-12-30T13:47:10.103+0100] {processor.py:161} INFO - Started process (PID=6729) to work on /home/ubuntu/.local/lib/python3.10/site-packages/airflow/example_dags/example_params_trigger_ui.py
[2023-12-30T13:47:10.113+0100] {processor.py:830} INFO - Processing file /home/ubuntu/.local/lib/python3.10/site-packages/airflow/example_dags/example_params_trigger_ui.py for tasks to queue
[2023-12-30T13:47:10.114+0100] {logging_mixin.py:188} INFO - [2023-12-30T13:47:10.113+0100] {dagbag.py:538} INFO - Filling up the DagBag from /home/ubuntu/.local/lib/python3.10/site-packages/airflow/example_dags/example_params_trigger_ui.py
[2023-12-30T13:47:10.122+0100] {processor.py:840} INFO - DAG(s) 'example_params_trigger_ui' retrieved from /home/ubuntu/.local/lib/python3.10/site-packages/airflow/example_dags/example_params_trigger_ui.py
[2023-12-30T13:47:10.148+0100] {logging_mixin.py:188} INFO - [2023-12-30T13:47:10.148+0100] {dag.py:3033} INFO - Sync 1 DAGs
[2023-12-30T13:47:10.154+0100] {logging_mixin.py:188} INFO - [2023-12-30T13:47:10.154+0100] {dag.py:3820} INFO - Setting next_dagrun for example_params_trigger_ui to None, run_after=None
[2023-12-30T13:47:10.173+0100] {processor.py:183} INFO - Processing /home/ubuntu/.local/lib/python3.10/site-packages/airflow/example_dags/example_params_trigger_ui.py took 0.072 seconds
[2023-12-30T13:48:00.606+0100] {processor.py:161} INFO - Started process (PID=6801) to work on /home/ubuntu/.local/lib/python3.10/site-packages/airflow/example_dags/example_params_trigger_ui.py
[2023-12-30T13:48:00.606+0100] {processor.py:830} INFO - Processing file /home/ubuntu/.local/lib/python3.10/site-packages/airflow/example_dags/example_params_trigger_ui.py for tasks to queue
[2023-12-30T13:48:00.607+0100] {logging_mixin.py:188} INFO - [2023-12-30T13:48:00.607+0100] {dagbag.py:538} INFO - Filling up the DagBag from /home/ubuntu/.local/lib/python3.10/site-packages/airflow/example_dags/example_params_trigger_ui.py
[2023-12-30T13:48:00.616+0100] {processor.py:840} INFO - DAG(s) 'example_params_trigger_ui' retrieved from /home/ubuntu/.local/lib/python3.10/site-packages/airflow/example_dags/example_params_trigger_ui.py
[2023-12-30T13:48:00.643+0100] {logging_mixin.py:188} INFO - [2023-12-30T13:48:00.643+0100] {dag.py:3033} INFO - Sync 1 DAGs
[2023-12-30T13:48:00.650+0100] {logging_mixin.py:188} INFO - [2023-12-30T13:48:00.650+0100] {dag.py:3820} INFO - Setting next_dagrun for example_params_trigger_ui to None, run_after=None
[2023-12-30T13:48:00.692+0100] {processor.py:183} INFO - Processing /home/ubuntu/.local/lib/python3.10/site-packages/airflow/example_dags/example_params_trigger_ui.py took 0.088 seconds
[2023-12-30T13:48:52.476+0100] {processor.py:161} INFO - Started process (PID=6859) to work on /home/ubuntu/.local/lib/python3.10/site-packages/airflow/example_dags/example_params_trigger_ui.py
[2023-12-30T13:48:52.477+0100] {processor.py:830} INFO - Processing file /home/ubuntu/.local/lib/python3.10/site-packages/airflow/example_dags/example_params_trigger_ui.py for tasks to queue
[2023-12-30T13:48:52.477+0100] {logging_mixin.py:188} INFO - [2023-12-30T13:48:52.477+0100] {dagbag.py:538} INFO - Filling up the DagBag from /home/ubuntu/.local/lib/python3.10/site-packages/airflow/example_dags/example_params_trigger_ui.py
[2023-12-30T13:48:52.485+0100] {processor.py:840} INFO - DAG(s) 'example_params_trigger_ui' retrieved from /home/ubuntu/.local/lib/python3.10/site-packages/airflow/example_dags/example_params_trigger_ui.py
[2023-12-30T13:48:52.509+0100] {logging_mixin.py:188} INFO - [2023-12-30T13:48:52.509+0100] {dag.py:3033} INFO - Sync 1 DAGs
[2023-12-30T13:48:52.515+0100] {logging_mixin.py:188} INFO - [2023-12-30T13:48:52.515+0100] {dag.py:3820} INFO - Setting next_dagrun for example_params_trigger_ui to None, run_after=None
[2023-12-30T13:48:52.540+0100] {processor.py:183} INFO - Processing /home/ubuntu/.local/lib/python3.10/site-packages/airflow/example_dags/example_params_trigger_ui.py took 0.066 seconds
[2023-12-30T13:49:49.357+0100] {processor.py:161} INFO - Started process (PID=6940) to work on /home/ubuntu/.local/lib/python3.10/site-packages/airflow/example_dags/example_params_trigger_ui.py
[2023-12-30T13:49:49.367+0100] {processor.py:830} INFO - Processing file /home/ubuntu/.local/lib/python3.10/site-packages/airflow/example_dags/example_params_trigger_ui.py for tasks to queue
[2023-12-30T13:49:49.368+0100] {logging_mixin.py:188} INFO - [2023-12-30T13:49:49.367+0100] {dagbag.py:538} INFO - Filling up the DagBag from /home/ubuntu/.local/lib/python3.10/site-packages/airflow/example_dags/example_params_trigger_ui.py
[2023-12-30T13:49:49.376+0100] {processor.py:840} INFO - DAG(s) 'example_params_trigger_ui' retrieved from /home/ubuntu/.local/lib/python3.10/site-packages/airflow/example_dags/example_params_trigger_ui.py
[2023-12-30T13:49:49.401+0100] {logging_mixin.py:188} INFO - [2023-12-30T13:49:49.401+0100] {dag.py:3033} INFO - Sync 1 DAGs
[2023-12-30T13:49:49.408+0100] {logging_mixin.py:188} INFO - [2023-12-30T13:49:49.408+0100] {dag.py:3820} INFO - Setting next_dagrun for example_params_trigger_ui to None, run_after=None
[2023-12-30T13:49:49.422+0100] {processor.py:183} INFO - Processing /home/ubuntu/.local/lib/python3.10/site-packages/airflow/example_dags/example_params_trigger_ui.py took 0.067 seconds
[2023-12-30T13:50:43.539+0100] {processor.py:161} INFO - Started process (PID=7001) to work on /home/ubuntu/.local/lib/python3.10/site-packages/airflow/example_dags/example_params_trigger_ui.py
[2023-12-30T13:50:43.549+0100] {processor.py:830} INFO - Processing file /home/ubuntu/.local/lib/python3.10/site-packages/airflow/example_dags/example_params_trigger_ui.py for tasks to queue
[2023-12-30T13:50:43.550+0100] {logging_mixin.py:188} INFO - [2023-12-30T13:50:43.550+0100] {dagbag.py:538} INFO - Filling up the DagBag from /home/ubuntu/.local/lib/python3.10/site-packages/airflow/example_dags/example_params_trigger_ui.py
[2023-12-30T13:50:43.558+0100] {processor.py:840} INFO - DAG(s) 'example_params_trigger_ui' retrieved from /home/ubuntu/.local/lib/python3.10/site-packages/airflow/example_dags/example_params_trigger_ui.py
[2023-12-30T13:50:43.583+0100] {logging_mixin.py:188} INFO - [2023-12-30T13:50:43.583+0100] {dag.py:3033} INFO - Sync 1 DAGs
[2023-12-30T13:50:43.590+0100] {logging_mixin.py:188} INFO - [2023-12-30T13:50:43.589+0100] {dag.py:3820} INFO - Setting next_dagrun for example_params_trigger_ui to None, run_after=None
[2023-12-30T13:50:43.604+0100] {processor.py:183} INFO - Processing /home/ubuntu/.local/lib/python3.10/site-packages/airflow/example_dags/example_params_trigger_ui.py took 0.066 seconds
[2023-12-30T13:51:38.814+0100] {processor.py:161} INFO - Started process (PID=7068) to work on /home/ubuntu/.local/lib/python3.10/site-packages/airflow/example_dags/example_params_trigger_ui.py
[2023-12-30T13:51:38.824+0100] {processor.py:830} INFO - Processing file /home/ubuntu/.local/lib/python3.10/site-packages/airflow/example_dags/example_params_trigger_ui.py for tasks to queue
[2023-12-30T13:51:38.825+0100] {logging_mixin.py:188} INFO - [2023-12-30T13:51:38.824+0100] {dagbag.py:538} INFO - Filling up the DagBag from /home/ubuntu/.local/lib/python3.10/site-packages/airflow/example_dags/example_params_trigger_ui.py
[2023-12-30T13:51:38.837+0100] {processor.py:840} INFO - DAG(s) 'example_params_trigger_ui' retrieved from /home/ubuntu/.local/lib/python3.10/site-packages/airflow/example_dags/example_params_trigger_ui.py
[2023-12-30T13:51:38.865+0100] {logging_mixin.py:188} INFO - [2023-12-30T13:51:38.865+0100] {dag.py:3033} INFO - Sync 1 DAGs
[2023-12-30T13:51:38.872+0100] {logging_mixin.py:188} INFO - [2023-12-30T13:51:38.872+0100] {dag.py:3820} INFO - Setting next_dagrun for example_params_trigger_ui to None, run_after=None
[2023-12-30T13:51:38.887+0100] {processor.py:183} INFO - Processing /home/ubuntu/.local/lib/python3.10/site-packages/airflow/example_dags/example_params_trigger_ui.py took 0.078 seconds
[2023-12-30T13:52:31.424+0100] {processor.py:161} INFO - Started process (PID=7128) to work on /home/ubuntu/.local/lib/python3.10/site-packages/airflow/example_dags/example_params_trigger_ui.py
[2023-12-30T13:52:31.425+0100] {processor.py:830} INFO - Processing file /home/ubuntu/.local/lib/python3.10/site-packages/airflow/example_dags/example_params_trigger_ui.py for tasks to queue
[2023-12-30T13:52:31.425+0100] {logging_mixin.py:188} INFO - [2023-12-30T13:52:31.425+0100] {dagbag.py:538} INFO - Filling up the DagBag from /home/ubuntu/.local/lib/python3.10/site-packages/airflow/example_dags/example_params_trigger_ui.py
[2023-12-30T13:52:31.434+0100] {processor.py:840} INFO - DAG(s) 'example_params_trigger_ui' retrieved from /home/ubuntu/.local/lib/python3.10/site-packages/airflow/example_dags/example_params_trigger_ui.py
[2023-12-30T13:52:31.459+0100] {logging_mixin.py:188} INFO - [2023-12-30T13:52:31.459+0100] {dag.py:3033} INFO - Sync 1 DAGs
[2023-12-30T13:52:31.465+0100] {logging_mixin.py:188} INFO - [2023-12-30T13:52:31.465+0100] {dag.py:3820} INFO - Setting next_dagrun for example_params_trigger_ui to None, run_after=None
[2023-12-30T13:52:31.489+0100] {processor.py:183} INFO - Processing /home/ubuntu/.local/lib/python3.10/site-packages/airflow/example_dags/example_params_trigger_ui.py took 0.066 seconds
[2023-12-30T13:53:25.944+0100] {processor.py:161} INFO - Started process (PID=7191) to work on /home/ubuntu/.local/lib/python3.10/site-packages/airflow/example_dags/example_params_trigger_ui.py
[2023-12-30T13:53:25.955+0100] {processor.py:830} INFO - Processing file /home/ubuntu/.local/lib/python3.10/site-packages/airflow/example_dags/example_params_trigger_ui.py for tasks to queue
[2023-12-30T13:53:25.956+0100] {logging_mixin.py:188} INFO - [2023-12-30T13:53:25.955+0100] {dagbag.py:538} INFO - Filling up the DagBag from /home/ubuntu/.local/lib/python3.10/site-packages/airflow/example_dags/example_params_trigger_ui.py
[2023-12-30T13:53:25.964+0100] {processor.py:840} INFO - DAG(s) 'example_params_trigger_ui' retrieved from /home/ubuntu/.local/lib/python3.10/site-packages/airflow/example_dags/example_params_trigger_ui.py
[2023-12-30T13:53:25.989+0100] {logging_mixin.py:188} INFO - [2023-12-30T13:53:25.989+0100] {dag.py:3033} INFO - Sync 1 DAGs
[2023-12-30T13:53:25.996+0100] {logging_mixin.py:188} INFO - [2023-12-30T13:53:25.996+0100] {dag.py:3820} INFO - Setting next_dagrun for example_params_trigger_ui to None, run_after=None
[2023-12-30T13:53:26.012+0100] {processor.py:183} INFO - Processing /home/ubuntu/.local/lib/python3.10/site-packages/airflow/example_dags/example_params_trigger_ui.py took 0.069 seconds
[2023-12-30T13:54:19.008+0100] {processor.py:161} INFO - Started process (PID=7251) to work on /home/ubuntu/.local/lib/python3.10/site-packages/airflow/example_dags/example_params_trigger_ui.py
[2023-12-30T13:54:19.009+0100] {processor.py:830} INFO - Processing file /home/ubuntu/.local/lib/python3.10/site-packages/airflow/example_dags/example_params_trigger_ui.py for tasks to queue
[2023-12-30T13:54:19.009+0100] {logging_mixin.py:188} INFO - [2023-12-30T13:54:19.009+0100] {dagbag.py:538} INFO - Filling up the DagBag from /home/ubuntu/.local/lib/python3.10/site-packages/airflow/example_dags/example_params_trigger_ui.py
[2023-12-30T13:54:19.018+0100] {processor.py:840} INFO - DAG(s) 'example_params_trigger_ui' retrieved from /home/ubuntu/.local/lib/python3.10/site-packages/airflow/example_dags/example_params_trigger_ui.py
[2023-12-30T13:54:19.044+0100] {logging_mixin.py:188} INFO - [2023-12-30T13:54:19.044+0100] {dag.py:3033} INFO - Sync 1 DAGs
[2023-12-30T13:54:19.050+0100] {logging_mixin.py:188} INFO - [2023-12-30T13:54:19.050+0100] {dag.py:3820} INFO - Setting next_dagrun for example_params_trigger_ui to None, run_after=None
[2023-12-30T13:54:19.074+0100] {processor.py:183} INFO - Processing /home/ubuntu/.local/lib/python3.10/site-packages/airflow/example_dags/example_params_trigger_ui.py took 0.068 seconds
[2023-12-30T13:55:12.997+0100] {processor.py:161} INFO - Started process (PID=7320) to work on /home/ubuntu/.local/lib/python3.10/site-packages/airflow/example_dags/example_params_trigger_ui.py
[2023-12-30T13:55:13.008+0100] {processor.py:830} INFO - Processing file /home/ubuntu/.local/lib/python3.10/site-packages/airflow/example_dags/example_params_trigger_ui.py for tasks to queue
[2023-12-30T13:55:13.008+0100] {logging_mixin.py:188} INFO - [2023-12-30T13:55:13.008+0100] {dagbag.py:538} INFO - Filling up the DagBag from /home/ubuntu/.local/lib/python3.10/site-packages/airflow/example_dags/example_params_trigger_ui.py
[2023-12-30T13:55:13.019+0100] {processor.py:840} INFO - DAG(s) 'example_params_trigger_ui' retrieved from /home/ubuntu/.local/lib/python3.10/site-packages/airflow/example_dags/example_params_trigger_ui.py
[2023-12-30T13:55:13.045+0100] {logging_mixin.py:188} INFO - [2023-12-30T13:55:13.045+0100] {dag.py:3033} INFO - Sync 1 DAGs
[2023-12-30T13:55:13.052+0100] {logging_mixin.py:188} INFO - [2023-12-30T13:55:13.052+0100] {dag.py:3820} INFO - Setting next_dagrun for example_params_trigger_ui to None, run_after=None
[2023-12-30T13:55:13.066+0100] {processor.py:183} INFO - Processing /home/ubuntu/.local/lib/python3.10/site-packages/airflow/example_dags/example_params_trigger_ui.py took 0.070 seconds
[2023-12-30T13:56:07.771+0100] {processor.py:161} INFO - Started process (PID=7389) to work on /home/ubuntu/.local/lib/python3.10/site-packages/airflow/example_dags/example_params_trigger_ui.py
[2023-12-30T13:56:07.781+0100] {processor.py:830} INFO - Processing file /home/ubuntu/.local/lib/python3.10/site-packages/airflow/example_dags/example_params_trigger_ui.py for tasks to queue
[2023-12-30T13:56:07.782+0100] {logging_mixin.py:188} INFO - [2023-12-30T13:56:07.782+0100] {dagbag.py:538} INFO - Filling up the DagBag from /home/ubuntu/.local/lib/python3.10/site-packages/airflow/example_dags/example_params_trigger_ui.py
[2023-12-30T13:56:07.790+0100] {processor.py:840} INFO - DAG(s) 'example_params_trigger_ui' retrieved from /home/ubuntu/.local/lib/python3.10/site-packages/airflow/example_dags/example_params_trigger_ui.py
[2023-12-30T13:56:07.819+0100] {logging_mixin.py:188} INFO - [2023-12-30T13:56:07.818+0100] {dag.py:3033} INFO - Sync 1 DAGs
[2023-12-30T13:56:07.825+0100] {logging_mixin.py:188} INFO - [2023-12-30T13:56:07.825+0100] {dag.py:3820} INFO - Setting next_dagrun for example_params_trigger_ui to None, run_after=None
[2023-12-30T13:56:07.840+0100] {processor.py:183} INFO - Processing /home/ubuntu/.local/lib/python3.10/site-packages/airflow/example_dags/example_params_trigger_ui.py took 0.070 seconds
[2023-12-30T13:57:04.419+0100] {processor.py:161} INFO - Started process (PID=7453) to work on /home/ubuntu/.local/lib/python3.10/site-packages/airflow/example_dags/example_params_trigger_ui.py
[2023-12-30T13:57:04.429+0100] {processor.py:830} INFO - Processing file /home/ubuntu/.local/lib/python3.10/site-packages/airflow/example_dags/example_params_trigger_ui.py for tasks to queue
[2023-12-30T13:57:04.430+0100] {logging_mixin.py:188} INFO - [2023-12-30T13:57:04.429+0100] {dagbag.py:538} INFO - Filling up the DagBag from /home/ubuntu/.local/lib/python3.10/site-packages/airflow/example_dags/example_params_trigger_ui.py
[2023-12-30T13:57:04.438+0100] {processor.py:840} INFO - DAG(s) 'example_params_trigger_ui' retrieved from /home/ubuntu/.local/lib/python3.10/site-packages/airflow/example_dags/example_params_trigger_ui.py
[2023-12-30T13:57:04.464+0100] {logging_mixin.py:188} INFO - [2023-12-30T13:57:04.463+0100] {dag.py:3033} INFO - Sync 1 DAGs
[2023-12-30T13:57:04.470+0100] {logging_mixin.py:188} INFO - [2023-12-30T13:57:04.470+0100] {dag.py:3820} INFO - Setting next_dagrun for example_params_trigger_ui to None, run_after=None
[2023-12-30T13:57:04.484+0100] {processor.py:183} INFO - Processing /home/ubuntu/.local/lib/python3.10/site-packages/airflow/example_dags/example_params_trigger_ui.py took 0.067 seconds
[2023-12-30T13:57:58.026+0100] {processor.py:161} INFO - Started process (PID=7515) to work on /home/ubuntu/.local/lib/python3.10/site-packages/airflow/example_dags/example_params_trigger_ui.py
[2023-12-30T13:57:58.037+0100] {processor.py:830} INFO - Processing file /home/ubuntu/.local/lib/python3.10/site-packages/airflow/example_dags/example_params_trigger_ui.py for tasks to queue
[2023-12-30T13:57:58.039+0100] {logging_mixin.py:188} INFO - [2023-12-30T13:57:58.038+0100] {dagbag.py:538} INFO - Filling up the DagBag from /home/ubuntu/.local/lib/python3.10/site-packages/airflow/example_dags/example_params_trigger_ui.py
[2023-12-30T13:57:58.065+0100] {processor.py:840} INFO - DAG(s) 'example_params_trigger_ui' retrieved from /home/ubuntu/.local/lib/python3.10/site-packages/airflow/example_dags/example_params_trigger_ui.py
[2023-12-30T13:57:58.098+0100] {logging_mixin.py:188} INFO - [2023-12-30T13:57:58.098+0100] {dag.py:3033} INFO - Sync 1 DAGs
[2023-12-30T13:57:58.105+0100] {logging_mixin.py:188} INFO - [2023-12-30T13:57:58.105+0100] {dag.py:3820} INFO - Setting next_dagrun for example_params_trigger_ui to None, run_after=None
[2023-12-30T13:57:58.119+0100] {processor.py:183} INFO - Processing /home/ubuntu/.local/lib/python3.10/site-packages/airflow/example_dags/example_params_trigger_ui.py took 0.101 seconds
[2023-12-30T13:58:52.290+0100] {processor.py:161} INFO - Started process (PID=7576) to work on /home/ubuntu/.local/lib/python3.10/site-packages/airflow/example_dags/example_params_trigger_ui.py
[2023-12-30T13:58:52.300+0100] {processor.py:830} INFO - Processing file /home/ubuntu/.local/lib/python3.10/site-packages/airflow/example_dags/example_params_trigger_ui.py for tasks to queue
[2023-12-30T13:58:52.301+0100] {logging_mixin.py:188} INFO - [2023-12-30T13:58:52.300+0100] {dagbag.py:538} INFO - Filling up the DagBag from /home/ubuntu/.local/lib/python3.10/site-packages/airflow/example_dags/example_params_trigger_ui.py
[2023-12-30T13:58:52.309+0100] {processor.py:840} INFO - DAG(s) 'example_params_trigger_ui' retrieved from /home/ubuntu/.local/lib/python3.10/site-packages/airflow/example_dags/example_params_trigger_ui.py
[2023-12-30T13:58:52.333+0100] {logging_mixin.py:188} INFO - [2023-12-30T13:58:52.333+0100] {dag.py:3033} INFO - Sync 1 DAGs
[2023-12-30T13:58:52.340+0100] {logging_mixin.py:188} INFO - [2023-12-30T13:58:52.340+0100] {dag.py:3820} INFO - Setting next_dagrun for example_params_trigger_ui to None, run_after=None
[2023-12-30T13:58:52.362+0100] {processor.py:183} INFO - Processing /home/ubuntu/.local/lib/python3.10/site-packages/airflow/example_dags/example_params_trigger_ui.py took 0.073 seconds
[2023-12-30T13:59:42.643+0100] {processor.py:161} INFO - Started process (PID=7636) to work on /home/ubuntu/.local/lib/python3.10/site-packages/airflow/example_dags/example_params_trigger_ui.py
[2023-12-30T13:59:42.644+0100] {processor.py:830} INFO - Processing file /home/ubuntu/.local/lib/python3.10/site-packages/airflow/example_dags/example_params_trigger_ui.py for tasks to queue
[2023-12-30T13:59:42.644+0100] {logging_mixin.py:188} INFO - [2023-12-30T13:59:42.644+0100] {dagbag.py:538} INFO - Filling up the DagBag from /home/ubuntu/.local/lib/python3.10/site-packages/airflow/example_dags/example_params_trigger_ui.py
[2023-12-30T13:59:42.653+0100] {processor.py:840} INFO - DAG(s) 'example_params_trigger_ui' retrieved from /home/ubuntu/.local/lib/python3.10/site-packages/airflow/example_dags/example_params_trigger_ui.py
[2023-12-30T13:59:42.678+0100] {logging_mixin.py:188} INFO - [2023-12-30T13:59:42.678+0100] {dag.py:3033} INFO - Sync 1 DAGs
[2023-12-30T13:59:42.684+0100] {logging_mixin.py:188} INFO - [2023-12-30T13:59:42.684+0100] {dag.py:3820} INFO - Setting next_dagrun for example_params_trigger_ui to None, run_after=None
[2023-12-30T13:59:42.728+0100] {processor.py:183} INFO - Processing /home/ubuntu/.local/lib/python3.10/site-packages/airflow/example_dags/example_params_trigger_ui.py took 0.087 seconds
[2023-12-30T14:00:28.434+0100] {processor.py:161} INFO - Started process (PID=7692) to work on /home/ubuntu/.local/lib/python3.10/site-packages/airflow/example_dags/example_params_trigger_ui.py
[2023-12-30T14:00:28.435+0100] {processor.py:830} INFO - Processing file /home/ubuntu/.local/lib/python3.10/site-packages/airflow/example_dags/example_params_trigger_ui.py for tasks to queue
[2023-12-30T14:00:28.436+0100] {logging_mixin.py:188} INFO - [2023-12-30T14:00:28.436+0100] {dagbag.py:538} INFO - Filling up the DagBag from /home/ubuntu/.local/lib/python3.10/site-packages/airflow/example_dags/example_params_trigger_ui.py
[2023-12-30T14:00:28.450+0100] {processor.py:840} INFO - DAG(s) 'example_params_trigger_ui' retrieved from /home/ubuntu/.local/lib/python3.10/site-packages/airflow/example_dags/example_params_trigger_ui.py
[2023-12-30T14:00:28.486+0100] {logging_mixin.py:188} INFO - [2023-12-30T14:00:28.486+0100] {dag.py:3033} INFO - Sync 1 DAGs
[2023-12-30T14:00:28.492+0100] {logging_mixin.py:188} INFO - [2023-12-30T14:00:28.492+0100] {dag.py:3820} INFO - Setting next_dagrun for example_params_trigger_ui to None, run_after=None
[2023-12-30T14:00:28.507+0100] {processor.py:183} INFO - Processing /home/ubuntu/.local/lib/python3.10/site-packages/airflow/example_dags/example_params_trigger_ui.py took 0.077 seconds
[2023-12-30T14:01:22.466+0100] {processor.py:161} INFO - Started process (PID=7754) to work on /home/ubuntu/.local/lib/python3.10/site-packages/airflow/example_dags/example_params_trigger_ui.py
[2023-12-30T14:01:22.467+0100] {processor.py:830} INFO - Processing file /home/ubuntu/.local/lib/python3.10/site-packages/airflow/example_dags/example_params_trigger_ui.py for tasks to queue
[2023-12-30T14:01:22.468+0100] {logging_mixin.py:188} INFO - [2023-12-30T14:01:22.468+0100] {dagbag.py:538} INFO - Filling up the DagBag from /home/ubuntu/.local/lib/python3.10/site-packages/airflow/example_dags/example_params_trigger_ui.py
[2023-12-30T14:01:22.478+0100] {processor.py:840} INFO - DAG(s) 'example_params_trigger_ui' retrieved from /home/ubuntu/.local/lib/python3.10/site-packages/airflow/example_dags/example_params_trigger_ui.py
[2023-12-30T14:01:22.503+0100] {logging_mixin.py:188} INFO - [2023-12-30T14:01:22.503+0100] {dag.py:3033} INFO - Sync 1 DAGs
[2023-12-30T14:01:22.509+0100] {logging_mixin.py:188} INFO - [2023-12-30T14:01:22.509+0100] {dag.py:3820} INFO - Setting next_dagrun for example_params_trigger_ui to None, run_after=None
[2023-12-30T14:01:22.522+0100] {processor.py:183} INFO - Processing /home/ubuntu/.local/lib/python3.10/site-packages/airflow/example_dags/example_params_trigger_ui.py took 0.058 seconds
[2023-12-30T14:02:15.475+0100] {processor.py:161} INFO - Started process (PID=7815) to work on /home/ubuntu/.local/lib/python3.10/site-packages/airflow/example_dags/example_params_trigger_ui.py
[2023-12-30T14:02:15.485+0100] {processor.py:830} INFO - Processing file /home/ubuntu/.local/lib/python3.10/site-packages/airflow/example_dags/example_params_trigger_ui.py for tasks to queue
[2023-12-30T14:02:15.486+0100] {logging_mixin.py:188} INFO - [2023-12-30T14:02:15.485+0100] {dagbag.py:538} INFO - Filling up the DagBag from /home/ubuntu/.local/lib/python3.10/site-packages/airflow/example_dags/example_params_trigger_ui.py
[2023-12-30T14:02:15.497+0100] {processor.py:840} INFO - DAG(s) 'example_params_trigger_ui' retrieved from /home/ubuntu/.local/lib/python3.10/site-packages/airflow/example_dags/example_params_trigger_ui.py
[2023-12-30T14:02:15.526+0100] {logging_mixin.py:188} INFO - [2023-12-30T14:02:15.526+0100] {dag.py:3033} INFO - Sync 1 DAGs
[2023-12-30T14:02:15.533+0100] {logging_mixin.py:188} INFO - [2023-12-30T14:02:15.532+0100] {dag.py:3820} INFO - Setting next_dagrun for example_params_trigger_ui to None, run_after=None
[2023-12-30T14:02:15.547+0100] {processor.py:183} INFO - Processing /home/ubuntu/.local/lib/python3.10/site-packages/airflow/example_dags/example_params_trigger_ui.py took 0.074 seconds
[2023-12-30T14:03:07.160+0100] {processor.py:161} INFO - Started process (PID=7873) to work on /home/ubuntu/.local/lib/python3.10/site-packages/airflow/example_dags/example_params_trigger_ui.py
[2023-12-30T14:03:07.163+0100] {processor.py:830} INFO - Processing file /home/ubuntu/.local/lib/python3.10/site-packages/airflow/example_dags/example_params_trigger_ui.py for tasks to queue
[2023-12-30T14:03:07.164+0100] {logging_mixin.py:188} INFO - [2023-12-30T14:03:07.164+0100] {dagbag.py:538} INFO - Filling up the DagBag from /home/ubuntu/.local/lib/python3.10/site-packages/airflow/example_dags/example_params_trigger_ui.py
[2023-12-30T14:03:07.180+0100] {processor.py:840} INFO - DAG(s) 'example_params_trigger_ui' retrieved from /home/ubuntu/.local/lib/python3.10/site-packages/airflow/example_dags/example_params_trigger_ui.py
[2023-12-30T14:03:07.212+0100] {logging_mixin.py:188} INFO - [2023-12-30T14:03:07.211+0100] {dag.py:3033} INFO - Sync 1 DAGs
[2023-12-30T14:03:07.218+0100] {logging_mixin.py:188} INFO - [2023-12-30T14:03:07.218+0100] {dag.py:3820} INFO - Setting next_dagrun for example_params_trigger_ui to None, run_after=None
[2023-12-30T14:03:07.232+0100] {processor.py:183} INFO - Processing /home/ubuntu/.local/lib/python3.10/site-packages/airflow/example_dags/example_params_trigger_ui.py took 0.081 seconds
[2023-12-30T14:04:03.251+0100] {processor.py:161} INFO - Started process (PID=7944) to work on /home/ubuntu/.local/lib/python3.10/site-packages/airflow/example_dags/example_params_trigger_ui.py
[2023-12-30T14:04:03.261+0100] {processor.py:830} INFO - Processing file /home/ubuntu/.local/lib/python3.10/site-packages/airflow/example_dags/example_params_trigger_ui.py for tasks to queue
[2023-12-30T14:04:03.262+0100] {logging_mixin.py:188} INFO - [2023-12-30T14:04:03.261+0100] {dagbag.py:538} INFO - Filling up the DagBag from /home/ubuntu/.local/lib/python3.10/site-packages/airflow/example_dags/example_params_trigger_ui.py
[2023-12-30T14:04:03.275+0100] {processor.py:840} INFO - DAG(s) 'example_params_trigger_ui' retrieved from /home/ubuntu/.local/lib/python3.10/site-packages/airflow/example_dags/example_params_trigger_ui.py
[2023-12-30T14:04:03.318+0100] {logging_mixin.py:188} INFO - [2023-12-30T14:04:03.318+0100] {dag.py:3033} INFO - Sync 1 DAGs
[2023-12-30T14:04:03.328+0100] {logging_mixin.py:188} INFO - [2023-12-30T14:04:03.328+0100] {dag.py:3820} INFO - Setting next_dagrun for example_params_trigger_ui to None, run_after=None
[2023-12-30T14:04:03.349+0100] {processor.py:183} INFO - Processing /home/ubuntu/.local/lib/python3.10/site-packages/airflow/example_dags/example_params_trigger_ui.py took 0.101 seconds
[2023-12-30T14:04:56.961+0100] {processor.py:161} INFO - Started process (PID=8143) to work on /home/ubuntu/.local/lib/python3.10/site-packages/airflow/example_dags/example_params_trigger_ui.py
[2023-12-30T14:04:56.974+0100] {processor.py:830} INFO - Processing file /home/ubuntu/.local/lib/python3.10/site-packages/airflow/example_dags/example_params_trigger_ui.py for tasks to queue
[2023-12-30T14:04:56.976+0100] {logging_mixin.py:188} INFO - [2023-12-30T14:04:56.975+0100] {dagbag.py:538} INFO - Filling up the DagBag from /home/ubuntu/.local/lib/python3.10/site-packages/airflow/example_dags/example_params_trigger_ui.py
[2023-12-30T14:04:57.045+0100] {processor.py:840} INFO - DAG(s) 'example_params_trigger_ui' retrieved from /home/ubuntu/.local/lib/python3.10/site-packages/airflow/example_dags/example_params_trigger_ui.py
[2023-12-30T14:04:57.085+0100] {logging_mixin.py:188} INFO - [2023-12-30T14:04:57.085+0100] {dag.py:3033} INFO - Sync 1 DAGs
[2023-12-30T14:04:57.094+0100] {logging_mixin.py:188} INFO - [2023-12-30T14:04:57.094+0100] {dag.py:3820} INFO - Setting next_dagrun for example_params_trigger_ui to None, run_after=None
[2023-12-30T14:04:57.114+0100] {processor.py:183} INFO - Processing /home/ubuntu/.local/lib/python3.10/site-packages/airflow/example_dags/example_params_trigger_ui.py took 0.161 seconds
[2023-12-30T14:05:49.829+0100] {processor.py:161} INFO - Started process (PID=8260) to work on /home/ubuntu/.local/lib/python3.10/site-packages/airflow/example_dags/example_params_trigger_ui.py
[2023-12-30T14:05:49.830+0100] {processor.py:830} INFO - Processing file /home/ubuntu/.local/lib/python3.10/site-packages/airflow/example_dags/example_params_trigger_ui.py for tasks to queue
[2023-12-30T14:05:49.830+0100] {logging_mixin.py:188} INFO - [2023-12-30T14:05:49.830+0100] {dagbag.py:538} INFO - Filling up the DagBag from /home/ubuntu/.local/lib/python3.10/site-packages/airflow/example_dags/example_params_trigger_ui.py
[2023-12-30T14:05:49.852+0100] {processor.py:840} INFO - DAG(s) 'example_params_trigger_ui' retrieved from /home/ubuntu/.local/lib/python3.10/site-packages/airflow/example_dags/example_params_trigger_ui.py
[2023-12-30T14:05:49.893+0100] {logging_mixin.py:188} INFO - [2023-12-30T14:05:49.893+0100] {dag.py:3033} INFO - Sync 1 DAGs
[2023-12-30T14:05:49.901+0100] {logging_mixin.py:188} INFO - [2023-12-30T14:05:49.901+0100] {dag.py:3820} INFO - Setting next_dagrun for example_params_trigger_ui to None, run_after=None
[2023-12-30T14:05:49.919+0100] {processor.py:183} INFO - Processing /home/ubuntu/.local/lib/python3.10/site-packages/airflow/example_dags/example_params_trigger_ui.py took 0.093 seconds
[2023-12-30T14:06:43.557+0100] {processor.py:161} INFO - Started process (PID=8328) to work on /home/ubuntu/.local/lib/python3.10/site-packages/airflow/example_dags/example_params_trigger_ui.py
[2023-12-30T14:06:43.559+0100] {processor.py:830} INFO - Processing file /home/ubuntu/.local/lib/python3.10/site-packages/airflow/example_dags/example_params_trigger_ui.py for tasks to queue
[2023-12-30T14:06:43.560+0100] {logging_mixin.py:188} INFO - [2023-12-30T14:06:43.560+0100] {dagbag.py:538} INFO - Filling up the DagBag from /home/ubuntu/.local/lib/python3.10/site-packages/airflow/example_dags/example_params_trigger_ui.py
[2023-12-30T14:06:43.570+0100] {processor.py:840} INFO - DAG(s) 'example_params_trigger_ui' retrieved from /home/ubuntu/.local/lib/python3.10/site-packages/airflow/example_dags/example_params_trigger_ui.py
[2023-12-30T14:06:43.597+0100] {logging_mixin.py:188} INFO - [2023-12-30T14:06:43.597+0100] {dag.py:3033} INFO - Sync 1 DAGs
[2023-12-30T14:06:43.604+0100] {logging_mixin.py:188} INFO - [2023-12-30T14:06:43.604+0100] {dag.py:3820} INFO - Setting next_dagrun for example_params_trigger_ui to None, run_after=None
[2023-12-30T14:06:43.620+0100] {processor.py:183} INFO - Processing /home/ubuntu/.local/lib/python3.10/site-packages/airflow/example_dags/example_params_trigger_ui.py took 0.064 seconds
[2023-12-30T14:07:37.136+0100] {processor.py:161} INFO - Started process (PID=8420) to work on /home/ubuntu/.local/lib/python3.10/site-packages/airflow/example_dags/example_params_trigger_ui.py
[2023-12-30T14:07:37.147+0100] {processor.py:830} INFO - Processing file /home/ubuntu/.local/lib/python3.10/site-packages/airflow/example_dags/example_params_trigger_ui.py for tasks to queue
[2023-12-30T14:07:37.148+0100] {logging_mixin.py:188} INFO - [2023-12-30T14:07:37.148+0100] {dagbag.py:538} INFO - Filling up the DagBag from /home/ubuntu/.local/lib/python3.10/site-packages/airflow/example_dags/example_params_trigger_ui.py
[2023-12-30T14:07:37.169+0100] {processor.py:840} INFO - DAG(s) 'example_params_trigger_ui' retrieved from /home/ubuntu/.local/lib/python3.10/site-packages/airflow/example_dags/example_params_trigger_ui.py
[2023-12-30T14:07:37.199+0100] {logging_mixin.py:188} INFO - [2023-12-30T14:07:37.198+0100] {dag.py:3033} INFO - Sync 1 DAGs
[2023-12-30T14:07:37.205+0100] {logging_mixin.py:188} INFO - [2023-12-30T14:07:37.205+0100] {dag.py:3820} INFO - Setting next_dagrun for example_params_trigger_ui to None, run_after=None
[2023-12-30T14:07:37.221+0100] {processor.py:183} INFO - Processing /home/ubuntu/.local/lib/python3.10/site-packages/airflow/example_dags/example_params_trigger_ui.py took 0.090 seconds
[2023-12-30T14:08:29.390+0100] {processor.py:161} INFO - Started process (PID=8480) to work on /home/ubuntu/.local/lib/python3.10/site-packages/airflow/example_dags/example_params_trigger_ui.py
[2023-12-30T14:08:29.402+0100] {processor.py:830} INFO - Processing file /home/ubuntu/.local/lib/python3.10/site-packages/airflow/example_dags/example_params_trigger_ui.py for tasks to queue
[2023-12-30T14:08:29.404+0100] {logging_mixin.py:188} INFO - [2023-12-30T14:08:29.403+0100] {dagbag.py:538} INFO - Filling up the DagBag from /home/ubuntu/.local/lib/python3.10/site-packages/airflow/example_dags/example_params_trigger_ui.py
[2023-12-30T14:08:29.434+0100] {processor.py:840} INFO - DAG(s) 'example_params_trigger_ui' retrieved from /home/ubuntu/.local/lib/python3.10/site-packages/airflow/example_dags/example_params_trigger_ui.py
[2023-12-30T14:08:29.467+0100] {logging_mixin.py:188} INFO - [2023-12-30T14:08:29.467+0100] {dag.py:3033} INFO - Sync 1 DAGs
[2023-12-30T14:08:29.474+0100] {logging_mixin.py:188} INFO - [2023-12-30T14:08:29.474+0100] {dag.py:3820} INFO - Setting next_dagrun for example_params_trigger_ui to None, run_after=None
[2023-12-30T14:08:29.494+0100] {processor.py:183} INFO - Processing /home/ubuntu/.local/lib/python3.10/site-packages/airflow/example_dags/example_params_trigger_ui.py took 0.111 seconds
[2023-12-30T14:09:22.129+0100] {processor.py:161} INFO - Started process (PID=8549) to work on /home/ubuntu/.local/lib/python3.10/site-packages/airflow/example_dags/example_params_trigger_ui.py
[2023-12-30T14:09:22.139+0100] {processor.py:830} INFO - Processing file /home/ubuntu/.local/lib/python3.10/site-packages/airflow/example_dags/example_params_trigger_ui.py for tasks to queue
[2023-12-30T14:09:22.140+0100] {logging_mixin.py:188} INFO - [2023-12-30T14:09:22.139+0100] {dagbag.py:538} INFO - Filling up the DagBag from /home/ubuntu/.local/lib/python3.10/site-packages/airflow/example_dags/example_params_trigger_ui.py
[2023-12-30T14:09:22.155+0100] {processor.py:840} INFO - DAG(s) 'example_params_trigger_ui' retrieved from /home/ubuntu/.local/lib/python3.10/site-packages/airflow/example_dags/example_params_trigger_ui.py
[2023-12-30T14:09:22.204+0100] {logging_mixin.py:188} INFO - [2023-12-30T14:09:22.204+0100] {dag.py:3033} INFO - Sync 1 DAGs
[2023-12-30T14:09:22.216+0100] {logging_mixin.py:188} INFO - [2023-12-30T14:09:22.215+0100] {dag.py:3820} INFO - Setting next_dagrun for example_params_trigger_ui to None, run_after=None
[2023-12-30T14:09:22.241+0100] {processor.py:183} INFO - Processing /home/ubuntu/.local/lib/python3.10/site-packages/airflow/example_dags/example_params_trigger_ui.py took 0.115 seconds
[2023-12-30T14:10:16.179+0100] {processor.py:161} INFO - Started process (PID=8613) to work on /home/ubuntu/.local/lib/python3.10/site-packages/airflow/example_dags/example_params_trigger_ui.py
[2023-12-30T14:10:16.189+0100] {processor.py:830} INFO - Processing file /home/ubuntu/.local/lib/python3.10/site-packages/airflow/example_dags/example_params_trigger_ui.py for tasks to queue
[2023-12-30T14:10:16.189+0100] {logging_mixin.py:188} INFO - [2023-12-30T14:10:16.189+0100] {dagbag.py:538} INFO - Filling up the DagBag from /home/ubuntu/.local/lib/python3.10/site-packages/airflow/example_dags/example_params_trigger_ui.py
[2023-12-30T14:10:16.201+0100] {processor.py:840} INFO - DAG(s) 'example_params_trigger_ui' retrieved from /home/ubuntu/.local/lib/python3.10/site-packages/airflow/example_dags/example_params_trigger_ui.py
[2023-12-30T14:10:16.227+0100] {logging_mixin.py:188} INFO - [2023-12-30T14:10:16.227+0100] {dag.py:3033} INFO - Sync 1 DAGs
[2023-12-30T14:10:16.234+0100] {logging_mixin.py:188} INFO - [2023-12-30T14:10:16.234+0100] {dag.py:3820} INFO - Setting next_dagrun for example_params_trigger_ui to None, run_after=None
[2023-12-30T14:10:16.253+0100] {processor.py:183} INFO - Processing /home/ubuntu/.local/lib/python3.10/site-packages/airflow/example_dags/example_params_trigger_ui.py took 0.077 seconds
[2023-12-30T14:11:09.635+0100] {processor.py:161} INFO - Started process (PID=8675) to work on /home/ubuntu/.local/lib/python3.10/site-packages/airflow/example_dags/example_params_trigger_ui.py
[2023-12-30T14:11:09.646+0100] {processor.py:830} INFO - Processing file /home/ubuntu/.local/lib/python3.10/site-packages/airflow/example_dags/example_params_trigger_ui.py for tasks to queue
[2023-12-30T14:11:09.647+0100] {logging_mixin.py:188} INFO - [2023-12-30T14:11:09.647+0100] {dagbag.py:538} INFO - Filling up the DagBag from /home/ubuntu/.local/lib/python3.10/site-packages/airflow/example_dags/example_params_trigger_ui.py
[2023-12-30T14:11:09.668+0100] {processor.py:840} INFO - DAG(s) 'example_params_trigger_ui' retrieved from /home/ubuntu/.local/lib/python3.10/site-packages/airflow/example_dags/example_params_trigger_ui.py
[2023-12-30T14:11:09.703+0100] {logging_mixin.py:188} INFO - [2023-12-30T14:11:09.703+0100] {dag.py:3033} INFO - Sync 1 DAGs
[2023-12-30T14:11:09.711+0100] {logging_mixin.py:188} INFO - [2023-12-30T14:11:09.711+0100] {dag.py:3820} INFO - Setting next_dagrun for example_params_trigger_ui to None, run_after=None
[2023-12-30T14:11:09.729+0100] {processor.py:183} INFO - Processing /home/ubuntu/.local/lib/python3.10/site-packages/airflow/example_dags/example_params_trigger_ui.py took 0.099 seconds
[2023-12-30T14:12:03.818+0100] {processor.py:161} INFO - Started process (PID=8746) to work on /home/ubuntu/.local/lib/python3.10/site-packages/airflow/example_dags/example_params_trigger_ui.py
[2023-12-30T14:12:03.830+0100] {processor.py:830} INFO - Processing file /home/ubuntu/.local/lib/python3.10/site-packages/airflow/example_dags/example_params_trigger_ui.py for tasks to queue
[2023-12-30T14:12:03.833+0100] {logging_mixin.py:188} INFO - [2023-12-30T14:12:03.832+0100] {dagbag.py:538} INFO - Filling up the DagBag from /home/ubuntu/.local/lib/python3.10/site-packages/airflow/example_dags/example_params_trigger_ui.py
[2023-12-30T14:12:03.870+0100] {processor.py:840} INFO - DAG(s) 'example_params_trigger_ui' retrieved from /home/ubuntu/.local/lib/python3.10/site-packages/airflow/example_dags/example_params_trigger_ui.py
[2023-12-30T14:12:03.906+0100] {logging_mixin.py:188} INFO - [2023-12-30T14:12:03.906+0100] {dag.py:3033} INFO - Sync 1 DAGs
[2023-12-30T14:12:03.914+0100] {logging_mixin.py:188} INFO - [2023-12-30T14:12:03.914+0100] {dag.py:3820} INFO - Setting next_dagrun for example_params_trigger_ui to None, run_after=None
[2023-12-30T14:12:03.942+0100] {processor.py:183} INFO - Processing /home/ubuntu/.local/lib/python3.10/site-packages/airflow/example_dags/example_params_trigger_ui.py took 0.132 seconds
[2023-12-30T14:13:01.326+0100] {processor.py:161} INFO - Started process (PID=8811) to work on /home/ubuntu/.local/lib/python3.10/site-packages/airflow/example_dags/example_params_trigger_ui.py
[2023-12-30T14:13:01.337+0100] {processor.py:830} INFO - Processing file /home/ubuntu/.local/lib/python3.10/site-packages/airflow/example_dags/example_params_trigger_ui.py for tasks to queue
[2023-12-30T14:13:01.337+0100] {logging_mixin.py:188} INFO - [2023-12-30T14:13:01.337+0100] {dagbag.py:538} INFO - Filling up the DagBag from /home/ubuntu/.local/lib/python3.10/site-packages/airflow/example_dags/example_params_trigger_ui.py
[2023-12-30T14:13:01.349+0100] {processor.py:840} INFO - DAG(s) 'example_params_trigger_ui' retrieved from /home/ubuntu/.local/lib/python3.10/site-packages/airflow/example_dags/example_params_trigger_ui.py
[2023-12-30T14:13:01.378+0100] {logging_mixin.py:188} INFO - [2023-12-30T14:13:01.378+0100] {dag.py:3033} INFO - Sync 1 DAGs
[2023-12-30T14:13:01.385+0100] {logging_mixin.py:188} INFO - [2023-12-30T14:13:01.385+0100] {dag.py:3820} INFO - Setting next_dagrun for example_params_trigger_ui to None, run_after=None
[2023-12-30T14:13:01.411+0100] {processor.py:183} INFO - Processing /home/ubuntu/.local/lib/python3.10/site-packages/airflow/example_dags/example_params_trigger_ui.py took 0.087 seconds
[2023-12-30T14:13:51.453+0100] {processor.py:161} INFO - Started process (PID=8871) to work on /home/ubuntu/.local/lib/python3.10/site-packages/airflow/example_dags/example_params_trigger_ui.py
[2023-12-30T14:13:51.453+0100] {processor.py:830} INFO - Processing file /home/ubuntu/.local/lib/python3.10/site-packages/airflow/example_dags/example_params_trigger_ui.py for tasks to queue
[2023-12-30T14:13:51.454+0100] {logging_mixin.py:188} INFO - [2023-12-30T14:13:51.454+0100] {dagbag.py:538} INFO - Filling up the DagBag from /home/ubuntu/.local/lib/python3.10/site-packages/airflow/example_dags/example_params_trigger_ui.py
[2023-12-30T14:13:51.464+0100] {processor.py:840} INFO - DAG(s) 'example_params_trigger_ui' retrieved from /home/ubuntu/.local/lib/python3.10/site-packages/airflow/example_dags/example_params_trigger_ui.py
[2023-12-30T14:13:51.499+0100] {logging_mixin.py:188} INFO - [2023-12-30T14:13:51.499+0100] {dag.py:3033} INFO - Sync 1 DAGs
[2023-12-30T14:13:51.506+0100] {logging_mixin.py:188} INFO - [2023-12-30T14:13:51.506+0100] {dag.py:3820} INFO - Setting next_dagrun for example_params_trigger_ui to None, run_after=None
[2023-12-30T14:13:51.542+0100] {processor.py:183} INFO - Processing /home/ubuntu/.local/lib/python3.10/site-packages/airflow/example_dags/example_params_trigger_ui.py took 0.091 seconds
[2023-12-30T14:14:44.387+0100] {processor.py:161} INFO - Started process (PID=8934) to work on /home/ubuntu/.local/lib/python3.10/site-packages/airflow/example_dags/example_params_trigger_ui.py
[2023-12-30T14:14:44.398+0100] {processor.py:830} INFO - Processing file /home/ubuntu/.local/lib/python3.10/site-packages/airflow/example_dags/example_params_trigger_ui.py for tasks to queue
[2023-12-30T14:14:44.399+0100] {logging_mixin.py:188} INFO - [2023-12-30T14:14:44.399+0100] {dagbag.py:538} INFO - Filling up the DagBag from /home/ubuntu/.local/lib/python3.10/site-packages/airflow/example_dags/example_params_trigger_ui.py
[2023-12-30T14:14:44.415+0100] {processor.py:840} INFO - DAG(s) 'example_params_trigger_ui' retrieved from /home/ubuntu/.local/lib/python3.10/site-packages/airflow/example_dags/example_params_trigger_ui.py
[2023-12-30T14:14:44.444+0100] {logging_mixin.py:188} INFO - [2023-12-30T14:14:44.444+0100] {dag.py:3033} INFO - Sync 1 DAGs
[2023-12-30T14:14:44.451+0100] {logging_mixin.py:188} INFO - [2023-12-30T14:14:44.451+0100] {dag.py:3820} INFO - Setting next_dagrun for example_params_trigger_ui to None, run_after=None
[2023-12-30T14:14:44.467+0100] {processor.py:183} INFO - Processing /home/ubuntu/.local/lib/python3.10/site-packages/airflow/example_dags/example_params_trigger_ui.py took 0.085 seconds
[2023-12-30T14:15:41.543+0100] {processor.py:161} INFO - Started process (PID=9002) to work on /home/ubuntu/.local/lib/python3.10/site-packages/airflow/example_dags/example_params_trigger_ui.py
[2023-12-30T14:15:41.544+0100] {processor.py:830} INFO - Processing file /home/ubuntu/.local/lib/python3.10/site-packages/airflow/example_dags/example_params_trigger_ui.py for tasks to queue
[2023-12-30T14:15:41.544+0100] {logging_mixin.py:188} INFO - [2023-12-30T14:15:41.544+0100] {dagbag.py:538} INFO - Filling up the DagBag from /home/ubuntu/.local/lib/python3.10/site-packages/airflow/example_dags/example_params_trigger_ui.py
[2023-12-30T14:15:41.553+0100] {processor.py:840} INFO - DAG(s) 'example_params_trigger_ui' retrieved from /home/ubuntu/.local/lib/python3.10/site-packages/airflow/example_dags/example_params_trigger_ui.py
[2023-12-30T14:15:41.579+0100] {logging_mixin.py:188} INFO - [2023-12-30T14:15:41.579+0100] {dag.py:3033} INFO - Sync 1 DAGs
[2023-12-30T14:15:41.586+0100] {logging_mixin.py:188} INFO - [2023-12-30T14:15:41.586+0100] {dag.py:3820} INFO - Setting next_dagrun for example_params_trigger_ui to None, run_after=None
[2023-12-30T14:15:41.624+0100] {processor.py:183} INFO - Processing /home/ubuntu/.local/lib/python3.10/site-packages/airflow/example_dags/example_params_trigger_ui.py took 0.083 seconds
[2023-12-30T14:16:36.270+0100] {processor.py:161} INFO - Started process (PID=9067) to work on /home/ubuntu/.local/lib/python3.10/site-packages/airflow/example_dags/example_params_trigger_ui.py
[2023-12-30T14:16:36.273+0100] {processor.py:830} INFO - Processing file /home/ubuntu/.local/lib/python3.10/site-packages/airflow/example_dags/example_params_trigger_ui.py for tasks to queue
[2023-12-30T14:16:36.275+0100] {logging_mixin.py:188} INFO - [2023-12-30T14:16:36.274+0100] {dagbag.py:538} INFO - Filling up the DagBag from /home/ubuntu/.local/lib/python3.10/site-packages/airflow/example_dags/example_params_trigger_ui.py
[2023-12-30T14:16:36.324+0100] {processor.py:840} INFO - DAG(s) 'example_params_trigger_ui' retrieved from /home/ubuntu/.local/lib/python3.10/site-packages/airflow/example_dags/example_params_trigger_ui.py
[2023-12-30T14:16:36.359+0100] {logging_mixin.py:188} INFO - [2023-12-30T14:16:36.359+0100] {dag.py:3033} INFO - Sync 1 DAGs
[2023-12-30T14:16:36.368+0100] {logging_mixin.py:188} INFO - [2023-12-30T14:16:36.368+0100] {dag.py:3820} INFO - Setting next_dagrun for example_params_trigger_ui to None, run_after=None
[2023-12-30T14:16:36.394+0100] {processor.py:183} INFO - Processing /home/ubuntu/.local/lib/python3.10/site-packages/airflow/example_dags/example_params_trigger_ui.py took 0.133 seconds
[2023-12-30T14:17:28.103+0100] {processor.py:161} INFO - Started process (PID=9146) to work on /home/ubuntu/.local/lib/python3.10/site-packages/airflow/example_dags/example_params_trigger_ui.py
[2023-12-30T14:17:28.105+0100] {processor.py:830} INFO - Processing file /home/ubuntu/.local/lib/python3.10/site-packages/airflow/example_dags/example_params_trigger_ui.py for tasks to queue
[2023-12-30T14:17:28.105+0100] {logging_mixin.py:188} INFO - [2023-12-30T14:17:28.105+0100] {dagbag.py:538} INFO - Filling up the DagBag from /home/ubuntu/.local/lib/python3.10/site-packages/airflow/example_dags/example_params_trigger_ui.py
[2023-12-30T14:17:28.122+0100] {processor.py:840} INFO - DAG(s) 'example_params_trigger_ui' retrieved from /home/ubuntu/.local/lib/python3.10/site-packages/airflow/example_dags/example_params_trigger_ui.py
[2023-12-30T14:17:28.165+0100] {logging_mixin.py:188} INFO - [2023-12-30T14:17:28.165+0100] {dag.py:3033} INFO - Sync 1 DAGs
[2023-12-30T14:17:28.176+0100] {logging_mixin.py:188} INFO - [2023-12-30T14:17:28.176+0100] {dag.py:3820} INFO - Setting next_dagrun for example_params_trigger_ui to None, run_after=None
[2023-12-30T14:17:28.199+0100] {processor.py:183} INFO - Processing /home/ubuntu/.local/lib/python3.10/site-packages/airflow/example_dags/example_params_trigger_ui.py took 0.099 seconds
[2023-12-30T14:18:18.315+0100] {processor.py:161} INFO - Started process (PID=9243) to work on /home/ubuntu/.local/lib/python3.10/site-packages/airflow/example_dags/example_params_trigger_ui.py
[2023-12-30T14:18:18.325+0100] {processor.py:830} INFO - Processing file /home/ubuntu/.local/lib/python3.10/site-packages/airflow/example_dags/example_params_trigger_ui.py for tasks to queue
[2023-12-30T14:18:18.326+0100] {logging_mixin.py:188} INFO - [2023-12-30T14:18:18.326+0100] {dagbag.py:538} INFO - Filling up the DagBag from /home/ubuntu/.local/lib/python3.10/site-packages/airflow/example_dags/example_params_trigger_ui.py
[2023-12-30T14:18:18.341+0100] {processor.py:840} INFO - DAG(s) 'example_params_trigger_ui' retrieved from /home/ubuntu/.local/lib/python3.10/site-packages/airflow/example_dags/example_params_trigger_ui.py
[2023-12-30T14:18:18.380+0100] {logging_mixin.py:188} INFO - [2023-12-30T14:18:18.380+0100] {dag.py:3033} INFO - Sync 1 DAGs
[2023-12-30T14:18:18.390+0100] {logging_mixin.py:188} INFO - [2023-12-30T14:18:18.390+0100] {dag.py:3820} INFO - Setting next_dagrun for example_params_trigger_ui to None, run_after=None
[2023-12-30T14:18:18.416+0100] {processor.py:183} INFO - Processing /home/ubuntu/.local/lib/python3.10/site-packages/airflow/example_dags/example_params_trigger_ui.py took 0.108 seconds
[2023-12-30T14:19:16.987+0100] {processor.py:161} INFO - Started process (PID=9333) to work on /home/ubuntu/.local/lib/python3.10/site-packages/airflow/example_dags/example_params_trigger_ui.py
[2023-12-30T14:19:16.997+0100] {processor.py:830} INFO - Processing file /home/ubuntu/.local/lib/python3.10/site-packages/airflow/example_dags/example_params_trigger_ui.py for tasks to queue
[2023-12-30T14:19:16.998+0100] {logging_mixin.py:188} INFO - [2023-12-30T14:19:16.998+0100] {dagbag.py:538} INFO - Filling up the DagBag from /home/ubuntu/.local/lib/python3.10/site-packages/airflow/example_dags/example_params_trigger_ui.py
[2023-12-30T14:19:17.008+0100] {processor.py:840} INFO - DAG(s) 'example_params_trigger_ui' retrieved from /home/ubuntu/.local/lib/python3.10/site-packages/airflow/example_dags/example_params_trigger_ui.py
[2023-12-30T14:19:17.050+0100] {logging_mixin.py:188} INFO - [2023-12-30T14:19:17.049+0100] {dag.py:3033} INFO - Sync 1 DAGs
[2023-12-30T14:19:17.066+0100] {logging_mixin.py:188} INFO - [2023-12-30T14:19:17.066+0100] {dag.py:3820} INFO - Setting next_dagrun for example_params_trigger_ui to None, run_after=None
[2023-12-30T14:19:17.090+0100] {processor.py:183} INFO - Processing /home/ubuntu/.local/lib/python3.10/site-packages/airflow/example_dags/example_params_trigger_ui.py took 0.105 seconds
[2023-12-30T14:20:19.242+0100] {processor.py:161} INFO - Started process (PID=9462) to work on /home/ubuntu/.local/lib/python3.10/site-packages/airflow/example_dags/example_params_trigger_ui.py
[2023-12-30T14:20:19.243+0100] {processor.py:830} INFO - Processing file /home/ubuntu/.local/lib/python3.10/site-packages/airflow/example_dags/example_params_trigger_ui.py for tasks to queue
[2023-12-30T14:20:19.244+0100] {logging_mixin.py:188} INFO - [2023-12-30T14:20:19.244+0100] {dagbag.py:538} INFO - Filling up the DagBag from /home/ubuntu/.local/lib/python3.10/site-packages/airflow/example_dags/example_params_trigger_ui.py
[2023-12-30T14:20:19.262+0100] {processor.py:840} INFO - DAG(s) 'example_params_trigger_ui' retrieved from /home/ubuntu/.local/lib/python3.10/site-packages/airflow/example_dags/example_params_trigger_ui.py
[2023-12-30T14:20:19.306+0100] {logging_mixin.py:188} INFO - [2023-12-30T14:20:19.306+0100] {dag.py:3033} INFO - Sync 1 DAGs
[2023-12-30T14:20:19.315+0100] {logging_mixin.py:188} INFO - [2023-12-30T14:20:19.314+0100] {dag.py:3820} INFO - Setting next_dagrun for example_params_trigger_ui to None, run_after=None
[2023-12-30T14:20:19.333+0100] {processor.py:183} INFO - Processing /home/ubuntu/.local/lib/python3.10/site-packages/airflow/example_dags/example_params_trigger_ui.py took 0.094 seconds
[2023-12-30T14:21:16.699+0100] {processor.py:161} INFO - Started process (PID=9558) to work on /home/ubuntu/.local/lib/python3.10/site-packages/airflow/example_dags/example_params_trigger_ui.py
[2023-12-30T14:21:16.701+0100] {processor.py:830} INFO - Processing file /home/ubuntu/.local/lib/python3.10/site-packages/airflow/example_dags/example_params_trigger_ui.py for tasks to queue
[2023-12-30T14:21:16.702+0100] {logging_mixin.py:188} INFO - [2023-12-30T14:21:16.701+0100] {dagbag.py:538} INFO - Filling up the DagBag from /home/ubuntu/.local/lib/python3.10/site-packages/airflow/example_dags/example_params_trigger_ui.py
[2023-12-30T14:21:16.721+0100] {processor.py:840} INFO - DAG(s) 'example_params_trigger_ui' retrieved from /home/ubuntu/.local/lib/python3.10/site-packages/airflow/example_dags/example_params_trigger_ui.py
[2023-12-30T14:21:16.755+0100] {logging_mixin.py:188} INFO - [2023-12-30T14:21:16.755+0100] {dag.py:3033} INFO - Sync 1 DAGs
[2023-12-30T14:21:16.764+0100] {logging_mixin.py:188} INFO - [2023-12-30T14:21:16.764+0100] {dag.py:3820} INFO - Setting next_dagrun for example_params_trigger_ui to None, run_after=None
[2023-12-30T14:21:16.909+0100] {processor.py:183} INFO - Processing /home/ubuntu/.local/lib/python3.10/site-packages/airflow/example_dags/example_params_trigger_ui.py took 0.215 seconds
[2023-12-30T14:22:10.028+0100] {processor.py:161} INFO - Started process (PID=9629) to work on /home/ubuntu/.local/lib/python3.10/site-packages/airflow/example_dags/example_params_trigger_ui.py
[2023-12-30T14:22:10.039+0100] {processor.py:830} INFO - Processing file /home/ubuntu/.local/lib/python3.10/site-packages/airflow/example_dags/example_params_trigger_ui.py for tasks to queue
[2023-12-30T14:22:10.039+0100] {logging_mixin.py:188} INFO - [2023-12-30T14:22:10.039+0100] {dagbag.py:538} INFO - Filling up the DagBag from /home/ubuntu/.local/lib/python3.10/site-packages/airflow/example_dags/example_params_trigger_ui.py
[2023-12-30T14:22:10.048+0100] {processor.py:840} INFO - DAG(s) 'example_params_trigger_ui' retrieved from /home/ubuntu/.local/lib/python3.10/site-packages/airflow/example_dags/example_params_trigger_ui.py
[2023-12-30T14:22:10.087+0100] {logging_mixin.py:188} INFO - [2023-12-30T14:22:10.087+0100] {dag.py:3033} INFO - Sync 1 DAGs
[2023-12-30T14:22:10.096+0100] {logging_mixin.py:188} INFO - [2023-12-30T14:22:10.096+0100] {dag.py:3820} INFO - Setting next_dagrun for example_params_trigger_ui to None, run_after=None
[2023-12-30T14:22:10.131+0100] {processor.py:183} INFO - Processing /home/ubuntu/.local/lib/python3.10/site-packages/airflow/example_dags/example_params_trigger_ui.py took 0.104 seconds
[2023-12-30T14:23:08.865+0100] {processor.py:161} INFO - Started process (PID=9701) to work on /home/ubuntu/.local/lib/python3.10/site-packages/airflow/example_dags/example_params_trigger_ui.py
[2023-12-30T14:23:08.875+0100] {processor.py:830} INFO - Processing file /home/ubuntu/.local/lib/python3.10/site-packages/airflow/example_dags/example_params_trigger_ui.py for tasks to queue
[2023-12-30T14:23:08.876+0100] {logging_mixin.py:188} INFO - [2023-12-30T14:23:08.876+0100] {dagbag.py:538} INFO - Filling up the DagBag from /home/ubuntu/.local/lib/python3.10/site-packages/airflow/example_dags/example_params_trigger_ui.py
[2023-12-30T14:23:08.887+0100] {processor.py:840} INFO - DAG(s) 'example_params_trigger_ui' retrieved from /home/ubuntu/.local/lib/python3.10/site-packages/airflow/example_dags/example_params_trigger_ui.py
[2023-12-30T14:23:08.915+0100] {logging_mixin.py:188} INFO - [2023-12-30T14:23:08.915+0100] {dag.py:3033} INFO - Sync 1 DAGs
[2023-12-30T14:23:08.923+0100] {logging_mixin.py:188} INFO - [2023-12-30T14:23:08.923+0100] {dag.py:3820} INFO - Setting next_dagrun for example_params_trigger_ui to None, run_after=None
[2023-12-30T14:23:08.942+0100] {processor.py:183} INFO - Processing /home/ubuntu/.local/lib/python3.10/site-packages/airflow/example_dags/example_params_trigger_ui.py took 0.082 seconds
[2023-12-30T14:23:52.986+0100] {processor.py:161} INFO - Started process (PID=9783) to work on /home/ubuntu/.local/lib/python3.10/site-packages/airflow/example_dags/example_params_trigger_ui.py
[2023-12-30T14:23:52.989+0100] {processor.py:830} INFO - Processing file /home/ubuntu/.local/lib/python3.10/site-packages/airflow/example_dags/example_params_trigger_ui.py for tasks to queue
[2023-12-30T14:23:52.990+0100] {logging_mixin.py:188} INFO - [2023-12-30T14:23:52.989+0100] {dagbag.py:538} INFO - Filling up the DagBag from /home/ubuntu/.local/lib/python3.10/site-packages/airflow/example_dags/example_params_trigger_ui.py
[2023-12-30T14:23:53.006+0100] {processor.py:840} INFO - DAG(s) 'example_params_trigger_ui' retrieved from /home/ubuntu/.local/lib/python3.10/site-packages/airflow/example_dags/example_params_trigger_ui.py
[2023-12-30T14:23:53.040+0100] {logging_mixin.py:188} INFO - [2023-12-30T14:23:53.040+0100] {dag.py:3033} INFO - Sync 1 DAGs
[2023-12-30T14:23:53.047+0100] {logging_mixin.py:188} INFO - [2023-12-30T14:23:53.047+0100] {dag.py:3820} INFO - Setting next_dagrun for example_params_trigger_ui to None, run_after=None
[2023-12-30T14:23:53.077+0100] {processor.py:183} INFO - Processing /home/ubuntu/.local/lib/python3.10/site-packages/airflow/example_dags/example_params_trigger_ui.py took 0.094 seconds
[2023-12-30T14:24:57.632+0100] {processor.py:161} INFO - Started process (PID=10140) to work on /home/ubuntu/.local/lib/python3.10/site-packages/airflow/example_dags/example_params_trigger_ui.py
[2023-12-30T14:24:57.644+0100] {processor.py:830} INFO - Processing file /home/ubuntu/.local/lib/python3.10/site-packages/airflow/example_dags/example_params_trigger_ui.py for tasks to queue
[2023-12-30T14:24:57.646+0100] {logging_mixin.py:188} INFO - [2023-12-30T14:24:57.645+0100] {dagbag.py:538} INFO - Filling up the DagBag from /home/ubuntu/.local/lib/python3.10/site-packages/airflow/example_dags/example_params_trigger_ui.py
[2023-12-30T14:24:57.677+0100] {processor.py:840} INFO - DAG(s) 'example_params_trigger_ui' retrieved from /home/ubuntu/.local/lib/python3.10/site-packages/airflow/example_dags/example_params_trigger_ui.py
[2023-12-30T14:24:57.713+0100] {logging_mixin.py:188} INFO - [2023-12-30T14:24:57.713+0100] {dag.py:3033} INFO - Sync 1 DAGs
[2023-12-30T14:24:57.721+0100] {logging_mixin.py:188} INFO - [2023-12-30T14:24:57.721+0100] {dag.py:3820} INFO - Setting next_dagrun for example_params_trigger_ui to None, run_after=None
[2023-12-30T14:24:57.737+0100] {processor.py:183} INFO - Processing /home/ubuntu/.local/lib/python3.10/site-packages/airflow/example_dags/example_params_trigger_ui.py took 0.113 seconds
[2023-12-30T14:25:52.219+0100] {processor.py:161} INFO - Started process (PID=10269) to work on /home/ubuntu/.local/lib/python3.10/site-packages/airflow/example_dags/example_params_trigger_ui.py
[2023-12-30T14:25:52.229+0100] {processor.py:830} INFO - Processing file /home/ubuntu/.local/lib/python3.10/site-packages/airflow/example_dags/example_params_trigger_ui.py for tasks to queue
[2023-12-30T14:25:52.230+0100] {logging_mixin.py:188} INFO - [2023-12-30T14:25:52.230+0100] {dagbag.py:538} INFO - Filling up the DagBag from /home/ubuntu/.local/lib/python3.10/site-packages/airflow/example_dags/example_params_trigger_ui.py
[2023-12-30T14:25:52.243+0100] {processor.py:840} INFO - DAG(s) 'example_params_trigger_ui' retrieved from /home/ubuntu/.local/lib/python3.10/site-packages/airflow/example_dags/example_params_trigger_ui.py
[2023-12-30T14:25:52.271+0100] {logging_mixin.py:188} INFO - [2023-12-30T14:25:52.271+0100] {dag.py:3033} INFO - Sync 1 DAGs
[2023-12-30T14:25:52.278+0100] {logging_mixin.py:188} INFO - [2023-12-30T14:25:52.278+0100] {dag.py:3820} INFO - Setting next_dagrun for example_params_trigger_ui to None, run_after=None
[2023-12-30T14:25:52.377+0100] {processor.py:183} INFO - Processing /home/ubuntu/.local/lib/python3.10/site-packages/airflow/example_dags/example_params_trigger_ui.py took 0.160 seconds
[2023-12-30T14:26:36.060+0100] {processor.py:161} INFO - Started process (PID=10647) to work on /home/ubuntu/.local/lib/python3.10/site-packages/airflow/example_dags/example_params_trigger_ui.py
[2023-12-30T14:26:36.072+0100] {processor.py:830} INFO - Processing file /home/ubuntu/.local/lib/python3.10/site-packages/airflow/example_dags/example_params_trigger_ui.py for tasks to queue
[2023-12-30T14:26:36.074+0100] {logging_mixin.py:188} INFO - [2023-12-30T14:26:36.073+0100] {dagbag.py:538} INFO - Filling up the DagBag from /home/ubuntu/.local/lib/python3.10/site-packages/airflow/example_dags/example_params_trigger_ui.py
[2023-12-30T14:26:36.099+0100] {processor.py:840} INFO - DAG(s) 'example_params_trigger_ui' retrieved from /home/ubuntu/.local/lib/python3.10/site-packages/airflow/example_dags/example_params_trigger_ui.py
[2023-12-30T14:26:36.135+0100] {logging_mixin.py:188} INFO - [2023-12-30T14:26:36.135+0100] {dag.py:3033} INFO - Sync 1 DAGs
[2023-12-30T14:26:36.143+0100] {logging_mixin.py:188} INFO - [2023-12-30T14:26:36.143+0100] {dag.py:3820} INFO - Setting next_dagrun for example_params_trigger_ui to None, run_after=None
[2023-12-30T14:26:36.160+0100] {processor.py:183} INFO - Processing /home/ubuntu/.local/lib/python3.10/site-packages/airflow/example_dags/example_params_trigger_ui.py took 0.105 seconds
[2023-12-30T14:27:36.838+0100] {processor.py:161} INFO - Started process (PID=10834) to work on /home/ubuntu/.local/lib/python3.10/site-packages/airflow/example_dags/example_params_trigger_ui.py
[2023-12-30T14:27:36.848+0100] {processor.py:830} INFO - Processing file /home/ubuntu/.local/lib/python3.10/site-packages/airflow/example_dags/example_params_trigger_ui.py for tasks to queue
[2023-12-30T14:27:36.849+0100] {logging_mixin.py:188} INFO - [2023-12-30T14:27:36.849+0100] {dagbag.py:538} INFO - Filling up the DagBag from /home/ubuntu/.local/lib/python3.10/site-packages/airflow/example_dags/example_params_trigger_ui.py
[2023-12-30T14:27:36.865+0100] {processor.py:840} INFO - DAG(s) 'example_params_trigger_ui' retrieved from /home/ubuntu/.local/lib/python3.10/site-packages/airflow/example_dags/example_params_trigger_ui.py
[2023-12-30T14:27:36.905+0100] {logging_mixin.py:188} INFO - [2023-12-30T14:27:36.905+0100] {dag.py:3033} INFO - Sync 1 DAGs
[2023-12-30T14:27:36.985+0100] {logging_mixin.py:188} INFO - [2023-12-30T14:27:36.985+0100] {dag.py:3820} INFO - Setting next_dagrun for example_params_trigger_ui to None, run_after=None
[2023-12-30T14:27:37.014+0100] {processor.py:183} INFO - Processing /home/ubuntu/.local/lib/python3.10/site-packages/airflow/example_dags/example_params_trigger_ui.py took 0.178 seconds
[2023-12-30T14:28:18.821+0100] {processor.py:161} INFO - Started process (PID=10885) to work on /home/ubuntu/.local/lib/python3.10/site-packages/airflow/example_dags/example_params_trigger_ui.py
[2023-12-30T14:28:18.822+0100] {processor.py:830} INFO - Processing file /home/ubuntu/.local/lib/python3.10/site-packages/airflow/example_dags/example_params_trigger_ui.py for tasks to queue
[2023-12-30T14:28:18.823+0100] {logging_mixin.py:188} INFO - [2023-12-30T14:28:18.823+0100] {dagbag.py:538} INFO - Filling up the DagBag from /home/ubuntu/.local/lib/python3.10/site-packages/airflow/example_dags/example_params_trigger_ui.py
[2023-12-30T14:28:18.840+0100] {processor.py:840} INFO - DAG(s) 'example_params_trigger_ui' retrieved from /home/ubuntu/.local/lib/python3.10/site-packages/airflow/example_dags/example_params_trigger_ui.py
[2023-12-30T14:28:18.884+0100] {logging_mixin.py:188} INFO - [2023-12-30T14:28:18.884+0100] {dag.py:3033} INFO - Sync 1 DAGs
[2023-12-30T14:28:18.894+0100] {logging_mixin.py:188} INFO - [2023-12-30T14:28:18.894+0100] {dag.py:3820} INFO - Setting next_dagrun for example_params_trigger_ui to None, run_after=None
[2023-12-30T14:28:18.935+0100] {processor.py:183} INFO - Processing /home/ubuntu/.local/lib/python3.10/site-packages/airflow/example_dags/example_params_trigger_ui.py took 0.117 seconds
[2023-12-30T14:29:01.945+0100] {processor.py:161} INFO - Started process (PID=10935) to work on /home/ubuntu/.local/lib/python3.10/site-packages/airflow/example_dags/example_params_trigger_ui.py
[2023-12-30T14:29:01.948+0100] {processor.py:830} INFO - Processing file /home/ubuntu/.local/lib/python3.10/site-packages/airflow/example_dags/example_params_trigger_ui.py for tasks to queue
[2023-12-30T14:29:01.950+0100] {logging_mixin.py:188} INFO - [2023-12-30T14:29:01.949+0100] {dagbag.py:538} INFO - Filling up the DagBag from /home/ubuntu/.local/lib/python3.10/site-packages/airflow/example_dags/example_params_trigger_ui.py
[2023-12-30T14:29:01.979+0100] {processor.py:840} INFO - DAG(s) 'example_params_trigger_ui' retrieved from /home/ubuntu/.local/lib/python3.10/site-packages/airflow/example_dags/example_params_trigger_ui.py
[2023-12-30T14:29:02.018+0100] {logging_mixin.py:188} INFO - [2023-12-30T14:29:02.017+0100] {dag.py:3033} INFO - Sync 1 DAGs
[2023-12-30T14:29:02.116+0100] {logging_mixin.py:188} INFO - [2023-12-30T14:29:02.116+0100] {dag.py:3820} INFO - Setting next_dagrun for example_params_trigger_ui to None, run_after=None
[2023-12-30T14:29:02.141+0100] {processor.py:183} INFO - Processing /home/ubuntu/.local/lib/python3.10/site-packages/airflow/example_dags/example_params_trigger_ui.py took 0.204 seconds
[2023-12-30T14:29:47.826+0100] {processor.py:161} INFO - Started process (PID=10987) to work on /home/ubuntu/.local/lib/python3.10/site-packages/airflow/example_dags/example_params_trigger_ui.py
[2023-12-30T14:29:47.836+0100] {processor.py:830} INFO - Processing file /home/ubuntu/.local/lib/python3.10/site-packages/airflow/example_dags/example_params_trigger_ui.py for tasks to queue
[2023-12-30T14:29:47.837+0100] {logging_mixin.py:188} INFO - [2023-12-30T14:29:47.836+0100] {dagbag.py:538} INFO - Filling up the DagBag from /home/ubuntu/.local/lib/python3.10/site-packages/airflow/example_dags/example_params_trigger_ui.py
[2023-12-30T14:29:47.847+0100] {processor.py:840} INFO - DAG(s) 'example_params_trigger_ui' retrieved from /home/ubuntu/.local/lib/python3.10/site-packages/airflow/example_dags/example_params_trigger_ui.py
[2023-12-30T14:29:47.872+0100] {logging_mixin.py:188} INFO - [2023-12-30T14:29:47.872+0100] {dag.py:3033} INFO - Sync 1 DAGs
[2023-12-30T14:29:47.879+0100] {logging_mixin.py:188} INFO - [2023-12-30T14:29:47.879+0100] {dag.py:3820} INFO - Setting next_dagrun for example_params_trigger_ui to None, run_after=None
[2023-12-30T14:29:47.895+0100] {processor.py:183} INFO - Processing /home/ubuntu/.local/lib/python3.10/site-packages/airflow/example_dags/example_params_trigger_ui.py took 0.071 seconds
[2023-12-30T14:30:41.523+0100] {processor.py:161} INFO - Started process (PID=11049) to work on /home/ubuntu/.local/lib/python3.10/site-packages/airflow/example_dags/example_params_trigger_ui.py
[2023-12-30T14:30:41.533+0100] {processor.py:830} INFO - Processing file /home/ubuntu/.local/lib/python3.10/site-packages/airflow/example_dags/example_params_trigger_ui.py for tasks to queue
[2023-12-30T14:30:41.534+0100] {logging_mixin.py:188} INFO - [2023-12-30T14:30:41.533+0100] {dagbag.py:538} INFO - Filling up the DagBag from /home/ubuntu/.local/lib/python3.10/site-packages/airflow/example_dags/example_params_trigger_ui.py
[2023-12-30T14:30:41.543+0100] {processor.py:840} INFO - DAG(s) 'example_params_trigger_ui' retrieved from /home/ubuntu/.local/lib/python3.10/site-packages/airflow/example_dags/example_params_trigger_ui.py
[2023-12-30T14:30:41.581+0100] {logging_mixin.py:188} INFO - [2023-12-30T14:30:41.580+0100] {dag.py:3033} INFO - Sync 1 DAGs
[2023-12-30T14:30:41.601+0100] {logging_mixin.py:188} INFO - [2023-12-30T14:30:41.600+0100] {dag.py:3820} INFO - Setting next_dagrun for example_params_trigger_ui to None, run_after=None
[2023-12-30T14:30:41.624+0100] {processor.py:183} INFO - Processing /home/ubuntu/.local/lib/python3.10/site-packages/airflow/example_dags/example_params_trigger_ui.py took 0.103 seconds
[2023-12-30T14:31:35.360+0100] {processor.py:161} INFO - Started process (PID=11119) to work on /home/ubuntu/.local/lib/python3.10/site-packages/airflow/example_dags/example_params_trigger_ui.py
[2023-12-30T14:31:35.372+0100] {processor.py:830} INFO - Processing file /home/ubuntu/.local/lib/python3.10/site-packages/airflow/example_dags/example_params_trigger_ui.py for tasks to queue
[2023-12-30T14:31:35.374+0100] {logging_mixin.py:188} INFO - [2023-12-30T14:31:35.373+0100] {dagbag.py:538} INFO - Filling up the DagBag from /home/ubuntu/.local/lib/python3.10/site-packages/airflow/example_dags/example_params_trigger_ui.py
[2023-12-30T14:31:35.402+0100] {processor.py:840} INFO - DAG(s) 'example_params_trigger_ui' retrieved from /home/ubuntu/.local/lib/python3.10/site-packages/airflow/example_dags/example_params_trigger_ui.py
[2023-12-30T14:31:35.437+0100] {logging_mixin.py:188} INFO - [2023-12-30T14:31:35.437+0100] {dag.py:3033} INFO - Sync 1 DAGs
[2023-12-30T14:31:35.443+0100] {logging_mixin.py:188} INFO - [2023-12-30T14:31:35.443+0100] {dag.py:3820} INFO - Setting next_dagrun for example_params_trigger_ui to None, run_after=None
[2023-12-30T14:31:35.459+0100] {processor.py:183} INFO - Processing /home/ubuntu/.local/lib/python3.10/site-packages/airflow/example_dags/example_params_trigger_ui.py took 0.107 seconds
[2023-12-30T14:32:32.388+0100] {processor.py:161} INFO - Started process (PID=11288) to work on /home/ubuntu/.local/lib/python3.10/site-packages/airflow/example_dags/example_params_trigger_ui.py
[2023-12-30T14:32:32.389+0100] {processor.py:830} INFO - Processing file /home/ubuntu/.local/lib/python3.10/site-packages/airflow/example_dags/example_params_trigger_ui.py for tasks to queue
[2023-12-30T14:32:32.389+0100] {logging_mixin.py:188} INFO - [2023-12-30T14:32:32.389+0100] {dagbag.py:538} INFO - Filling up the DagBag from /home/ubuntu/.local/lib/python3.10/site-packages/airflow/example_dags/example_params_trigger_ui.py
[2023-12-30T14:32:32.400+0100] {processor.py:840} INFO - DAG(s) 'example_params_trigger_ui' retrieved from /home/ubuntu/.local/lib/python3.10/site-packages/airflow/example_dags/example_params_trigger_ui.py
[2023-12-30T14:32:32.431+0100] {logging_mixin.py:188} INFO - [2023-12-30T14:32:32.431+0100] {dag.py:3033} INFO - Sync 1 DAGs
[2023-12-30T14:32:32.438+0100] {logging_mixin.py:188} INFO - [2023-12-30T14:32:32.437+0100] {dag.py:3820} INFO - Setting next_dagrun for example_params_trigger_ui to None, run_after=None
[2023-12-30T14:32:32.467+0100] {processor.py:183} INFO - Processing /home/ubuntu/.local/lib/python3.10/site-packages/airflow/example_dags/example_params_trigger_ui.py took 0.081 seconds
[2023-12-30T14:33:25.504+0100] {processor.py:161} INFO - Started process (PID=11556) to work on /home/ubuntu/.local/lib/python3.10/site-packages/airflow/example_dags/example_params_trigger_ui.py
[2023-12-30T14:33:25.515+0100] {processor.py:830} INFO - Processing file /home/ubuntu/.local/lib/python3.10/site-packages/airflow/example_dags/example_params_trigger_ui.py for tasks to queue
[2023-12-30T14:33:25.518+0100] {logging_mixin.py:188} INFO - [2023-12-30T14:33:25.517+0100] {dagbag.py:538} INFO - Filling up the DagBag from /home/ubuntu/.local/lib/python3.10/site-packages/airflow/example_dags/example_params_trigger_ui.py
[2023-12-30T14:33:25.547+0100] {processor.py:840} INFO - DAG(s) 'example_params_trigger_ui' retrieved from /home/ubuntu/.local/lib/python3.10/site-packages/airflow/example_dags/example_params_trigger_ui.py
[2023-12-30T14:33:25.582+0100] {logging_mixin.py:188} INFO - [2023-12-30T14:33:25.582+0100] {dag.py:3033} INFO - Sync 1 DAGs
[2023-12-30T14:33:25.590+0100] {logging_mixin.py:188} INFO - [2023-12-30T14:33:25.590+0100] {dag.py:3820} INFO - Setting next_dagrun for example_params_trigger_ui to None, run_after=None
[2023-12-30T14:33:25.609+0100] {processor.py:183} INFO - Processing /home/ubuntu/.local/lib/python3.10/site-packages/airflow/example_dags/example_params_trigger_ui.py took 0.108 seconds
[2023-12-30T14:34:05.807+0100] {processor.py:161} INFO - Started process (PID=11685) to work on /home/ubuntu/.local/lib/python3.10/site-packages/airflow/example_dags/example_params_trigger_ui.py
[2023-12-30T14:34:05.809+0100] {processor.py:830} INFO - Processing file /home/ubuntu/.local/lib/python3.10/site-packages/airflow/example_dags/example_params_trigger_ui.py for tasks to queue
[2023-12-30T14:34:05.811+0100] {logging_mixin.py:188} INFO - [2023-12-30T14:34:05.810+0100] {dagbag.py:538} INFO - Filling up the DagBag from /home/ubuntu/.local/lib/python3.10/site-packages/airflow/example_dags/example_params_trigger_ui.py
[2023-12-30T14:34:05.834+0100] {processor.py:840} INFO - DAG(s) 'example_params_trigger_ui' retrieved from /home/ubuntu/.local/lib/python3.10/site-packages/airflow/example_dags/example_params_trigger_ui.py
[2023-12-30T14:34:05.876+0100] {logging_mixin.py:188} INFO - [2023-12-30T14:34:05.876+0100] {dag.py:3033} INFO - Sync 1 DAGs
[2023-12-30T14:34:05.884+0100] {logging_mixin.py:188} INFO - [2023-12-30T14:34:05.884+0100] {dag.py:3820} INFO - Setting next_dagrun for example_params_trigger_ui to None, run_after=None
[2023-12-30T14:34:05.901+0100] {processor.py:183} INFO - Processing /home/ubuntu/.local/lib/python3.10/site-packages/airflow/example_dags/example_params_trigger_ui.py took 0.099 seconds
