[2024-02-08T01:02:01.027+0100] {processor.py:161} INFO - Started process (PID=50456) to work on /home/ubuntu/.local/lib/python3.10/site-packages/airflow/example_dags/subdags/subdag.py
[2024-02-08T01:02:01.035+0100] {processor.py:830} INFO - Processing file /home/ubuntu/.local/lib/python3.10/site-packages/airflow/example_dags/subdags/subdag.py for tasks to queue
[2024-02-08T01:02:01.036+0100] {logging_mixin.py:188} INFO - [2024-02-08T01:02:01.036+0100] {dagbag.py:538} INFO - Filling up the DagBag from /home/ubuntu/.local/lib/python3.10/site-packages/airflow/example_dags/subdags/subdag.py
[2024-02-08T01:02:01.048+0100] {processor.py:842} WARNING - No viable dags retrieved from /home/ubuntu/.local/lib/python3.10/site-packages/airflow/example_dags/subdags/subdag.py
[2024-02-08T01:02:01.105+0100] {processor.py:183} INFO - Processing /home/ubuntu/.local/lib/python3.10/site-packages/airflow/example_dags/subdags/subdag.py took 0.086 seconds
[2024-02-08T01:03:53.443+0100] {processor.py:161} INFO - Started process (PID=50837) to work on /home/ubuntu/.local/lib/python3.10/site-packages/airflow/example_dags/subdags/subdag.py
[2024-02-08T01:03:53.450+0100] {processor.py:830} INFO - Processing file /home/ubuntu/.local/lib/python3.10/site-packages/airflow/example_dags/subdags/subdag.py for tasks to queue
[2024-02-08T01:03:53.453+0100] {logging_mixin.py:188} INFO - [2024-02-08T01:03:53.452+0100] {dagbag.py:538} INFO - Filling up the DagBag from /home/ubuntu/.local/lib/python3.10/site-packages/airflow/example_dags/subdags/subdag.py
[2024-02-08T01:03:53.460+0100] {processor.py:842} WARNING - No viable dags retrieved from /home/ubuntu/.local/lib/python3.10/site-packages/airflow/example_dags/subdags/subdag.py
[2024-02-08T01:03:53.671+0100] {processor.py:183} INFO - Processing /home/ubuntu/.local/lib/python3.10/site-packages/airflow/example_dags/subdags/subdag.py took 0.240 seconds
[2024-02-08T01:05:04.199+0100] {processor.py:161} INFO - Started process (PID=50979) to work on /home/ubuntu/.local/lib/python3.10/site-packages/airflow/example_dags/subdags/subdag.py
[2024-02-08T01:05:04.206+0100] {processor.py:830} INFO - Processing file /home/ubuntu/.local/lib/python3.10/site-packages/airflow/example_dags/subdags/subdag.py for tasks to queue
[2024-02-08T01:05:04.216+0100] {logging_mixin.py:188} INFO - [2024-02-08T01:05:04.207+0100] {dagbag.py:538} INFO - Filling up the DagBag from /home/ubuntu/.local/lib/python3.10/site-packages/airflow/example_dags/subdags/subdag.py
[2024-02-08T01:05:04.246+0100] {processor.py:842} WARNING - No viable dags retrieved from /home/ubuntu/.local/lib/python3.10/site-packages/airflow/example_dags/subdags/subdag.py
[2024-02-08T01:05:04.313+0100] {processor.py:183} INFO - Processing /home/ubuntu/.local/lib/python3.10/site-packages/airflow/example_dags/subdags/subdag.py took 0.122 seconds
[2024-02-08T01:05:55.790+0100] {processor.py:161} INFO - Started process (PID=51099) to work on /home/ubuntu/.local/lib/python3.10/site-packages/airflow/example_dags/subdags/subdag.py
[2024-02-08T01:05:55.792+0100] {processor.py:830} INFO - Processing file /home/ubuntu/.local/lib/python3.10/site-packages/airflow/example_dags/subdags/subdag.py for tasks to queue
[2024-02-08T01:05:55.794+0100] {logging_mixin.py:188} INFO - [2024-02-08T01:05:55.793+0100] {dagbag.py:538} INFO - Filling up the DagBag from /home/ubuntu/.local/lib/python3.10/site-packages/airflow/example_dags/subdags/subdag.py
[2024-02-08T01:05:55.798+0100] {processor.py:842} WARNING - No viable dags retrieved from /home/ubuntu/.local/lib/python3.10/site-packages/airflow/example_dags/subdags/subdag.py
[2024-02-08T01:05:55.820+0100] {processor.py:183} INFO - Processing /home/ubuntu/.local/lib/python3.10/site-packages/airflow/example_dags/subdags/subdag.py took 0.036 seconds
[2024-02-08T01:07:10.358+0100] {processor.py:161} INFO - Started process (PID=51521) to work on /home/ubuntu/.local/lib/python3.10/site-packages/airflow/example_dags/subdags/subdag.py
[2024-02-08T01:07:10.372+0100] {processor.py:830} INFO - Processing file /home/ubuntu/.local/lib/python3.10/site-packages/airflow/example_dags/subdags/subdag.py for tasks to queue
[2024-02-08T01:07:10.374+0100] {logging_mixin.py:188} INFO - [2024-02-08T01:07:10.374+0100] {dagbag.py:538} INFO - Filling up the DagBag from /home/ubuntu/.local/lib/python3.10/site-packages/airflow/example_dags/subdags/subdag.py
[2024-02-08T01:07:10.378+0100] {processor.py:842} WARNING - No viable dags retrieved from /home/ubuntu/.local/lib/python3.10/site-packages/airflow/example_dags/subdags/subdag.py
[2024-02-08T01:07:10.401+0100] {processor.py:183} INFO - Processing /home/ubuntu/.local/lib/python3.10/site-packages/airflow/example_dags/subdags/subdag.py took 0.050 seconds
[2024-02-08T01:08:33.042+0100] {processor.py:161} INFO - Started process (PID=51864) to work on /home/ubuntu/.local/lib/python3.10/site-packages/airflow/example_dags/subdags/subdag.py
[2024-02-08T01:08:33.098+0100] {processor.py:830} INFO - Processing file /home/ubuntu/.local/lib/python3.10/site-packages/airflow/example_dags/subdags/subdag.py for tasks to queue
[2024-02-08T01:08:33.138+0100] {logging_mixin.py:188} INFO - [2024-02-08T01:08:33.137+0100] {dagbag.py:538} INFO - Filling up the DagBag from /home/ubuntu/.local/lib/python3.10/site-packages/airflow/example_dags/subdags/subdag.py
[2024-02-08T01:08:33.146+0100] {processor.py:842} WARNING - No viable dags retrieved from /home/ubuntu/.local/lib/python3.10/site-packages/airflow/example_dags/subdags/subdag.py
[2024-02-08T01:08:33.202+0100] {processor.py:183} INFO - Processing /home/ubuntu/.local/lib/python3.10/site-packages/airflow/example_dags/subdags/subdag.py took 0.178 seconds
[2024-02-08T01:10:08.723+0100] {processor.py:161} INFO - Started process (PID=52228) to work on /home/ubuntu/.local/lib/python3.10/site-packages/airflow/example_dags/subdags/subdag.py
[2024-02-08T01:10:08.725+0100] {processor.py:830} INFO - Processing file /home/ubuntu/.local/lib/python3.10/site-packages/airflow/example_dags/subdags/subdag.py for tasks to queue
[2024-02-08T01:10:08.726+0100] {logging_mixin.py:188} INFO - [2024-02-08T01:10:08.726+0100] {dagbag.py:538} INFO - Filling up the DagBag from /home/ubuntu/.local/lib/python3.10/site-packages/airflow/example_dags/subdags/subdag.py
[2024-02-08T01:10:08.729+0100] {processor.py:842} WARNING - No viable dags retrieved from /home/ubuntu/.local/lib/python3.10/site-packages/airflow/example_dags/subdags/subdag.py
[2024-02-08T01:10:08.740+0100] {processor.py:183} INFO - Processing /home/ubuntu/.local/lib/python3.10/site-packages/airflow/example_dags/subdags/subdag.py took 0.020 seconds
[2024-02-08T01:11:21.721+0100] {processor.py:161} INFO - Started process (PID=52437) to work on /home/ubuntu/.local/lib/python3.10/site-packages/airflow/example_dags/subdags/subdag.py
[2024-02-08T01:11:21.726+0100] {processor.py:830} INFO - Processing file /home/ubuntu/.local/lib/python3.10/site-packages/airflow/example_dags/subdags/subdag.py for tasks to queue
[2024-02-08T01:11:21.728+0100] {logging_mixin.py:188} INFO - [2024-02-08T01:11:21.727+0100] {dagbag.py:538} INFO - Filling up the DagBag from /home/ubuntu/.local/lib/python3.10/site-packages/airflow/example_dags/subdags/subdag.py
[2024-02-08T01:11:21.734+0100] {processor.py:842} WARNING - No viable dags retrieved from /home/ubuntu/.local/lib/python3.10/site-packages/airflow/example_dags/subdags/subdag.py
[2024-02-08T01:11:21.782+0100] {processor.py:183} INFO - Processing /home/ubuntu/.local/lib/python3.10/site-packages/airflow/example_dags/subdags/subdag.py took 0.071 seconds
[2024-02-08T01:12:40.602+0100] {processor.py:161} INFO - Started process (PID=52787) to work on /home/ubuntu/.local/lib/python3.10/site-packages/airflow/example_dags/subdags/subdag.py
[2024-02-08T01:12:40.628+0100] {processor.py:830} INFO - Processing file /home/ubuntu/.local/lib/python3.10/site-packages/airflow/example_dags/subdags/subdag.py for tasks to queue
[2024-02-08T01:12:40.630+0100] {logging_mixin.py:188} INFO - [2024-02-08T01:12:40.629+0100] {dagbag.py:538} INFO - Filling up the DagBag from /home/ubuntu/.local/lib/python3.10/site-packages/airflow/example_dags/subdags/subdag.py
[2024-02-08T01:12:40.667+0100] {processor.py:842} WARNING - No viable dags retrieved from /home/ubuntu/.local/lib/python3.10/site-packages/airflow/example_dags/subdags/subdag.py
[2024-02-08T01:12:40.807+0100] {processor.py:183} INFO - Processing /home/ubuntu/.local/lib/python3.10/site-packages/airflow/example_dags/subdags/subdag.py took 0.223 seconds
[2024-02-08T01:14:17.943+0100] {processor.py:161} INFO - Started process (PID=53180) to work on /home/ubuntu/.local/lib/python3.10/site-packages/airflow/example_dags/subdags/subdag.py
[2024-02-08T01:14:18.003+0100] {processor.py:830} INFO - Processing file /home/ubuntu/.local/lib/python3.10/site-packages/airflow/example_dags/subdags/subdag.py for tasks to queue
[2024-02-08T01:14:18.009+0100] {logging_mixin.py:188} INFO - [2024-02-08T01:14:18.004+0100] {dagbag.py:538} INFO - Filling up the DagBag from /home/ubuntu/.local/lib/python3.10/site-packages/airflow/example_dags/subdags/subdag.py
[2024-02-08T01:14:18.062+0100] {processor.py:842} WARNING - No viable dags retrieved from /home/ubuntu/.local/lib/python3.10/site-packages/airflow/example_dags/subdags/subdag.py
[2024-02-08T01:14:18.110+0100] {processor.py:183} INFO - Processing /home/ubuntu/.local/lib/python3.10/site-packages/airflow/example_dags/subdags/subdag.py took 0.178 seconds
[2024-02-08T01:16:45.156+0100] {processor.py:161} INFO - Started process (PID=53727) to work on /home/ubuntu/.local/lib/python3.10/site-packages/airflow/example_dags/subdags/subdag.py
[2024-02-08T01:16:45.180+0100] {processor.py:830} INFO - Processing file /home/ubuntu/.local/lib/python3.10/site-packages/airflow/example_dags/subdags/subdag.py for tasks to queue
[2024-02-08T01:16:45.182+0100] {logging_mixin.py:188} INFO - [2024-02-08T01:16:45.181+0100] {dagbag.py:538} INFO - Filling up the DagBag from /home/ubuntu/.local/lib/python3.10/site-packages/airflow/example_dags/subdags/subdag.py
[2024-02-08T01:16:45.209+0100] {processor.py:842} WARNING - No viable dags retrieved from /home/ubuntu/.local/lib/python3.10/site-packages/airflow/example_dags/subdags/subdag.py
[2024-02-08T01:16:45.362+0100] {processor.py:183} INFO - Processing /home/ubuntu/.local/lib/python3.10/site-packages/airflow/example_dags/subdags/subdag.py took 0.222 seconds
[2024-02-08T01:18:14.102+0100] {processor.py:161} INFO - Started process (PID=54165) to work on /home/ubuntu/.local/lib/python3.10/site-packages/airflow/example_dags/subdags/subdag.py
[2024-02-08T01:18:14.124+0100] {processor.py:830} INFO - Processing file /home/ubuntu/.local/lib/python3.10/site-packages/airflow/example_dags/subdags/subdag.py for tasks to queue
[2024-02-08T01:18:14.131+0100] {logging_mixin.py:188} INFO - [2024-02-08T01:18:14.130+0100] {dagbag.py:538} INFO - Filling up the DagBag from /home/ubuntu/.local/lib/python3.10/site-packages/airflow/example_dags/subdags/subdag.py
[2024-02-08T01:18:14.182+0100] {processor.py:842} WARNING - No viable dags retrieved from /home/ubuntu/.local/lib/python3.10/site-packages/airflow/example_dags/subdags/subdag.py
[2024-02-08T01:18:14.306+0100] {processor.py:183} INFO - Processing /home/ubuntu/.local/lib/python3.10/site-packages/airflow/example_dags/subdags/subdag.py took 0.224 seconds
[2024-02-08T01:19:29.857+0100] {processor.py:161} INFO - Started process (PID=54360) to work on /home/ubuntu/.local/lib/python3.10/site-packages/airflow/example_dags/subdags/subdag.py
[2024-02-08T01:19:29.861+0100] {processor.py:830} INFO - Processing file /home/ubuntu/.local/lib/python3.10/site-packages/airflow/example_dags/subdags/subdag.py for tasks to queue
[2024-02-08T01:19:29.863+0100] {logging_mixin.py:188} INFO - [2024-02-08T01:19:29.862+0100] {dagbag.py:538} INFO - Filling up the DagBag from /home/ubuntu/.local/lib/python3.10/site-packages/airflow/example_dags/subdags/subdag.py
[2024-02-08T01:19:29.866+0100] {processor.py:842} WARNING - No viable dags retrieved from /home/ubuntu/.local/lib/python3.10/site-packages/airflow/example_dags/subdags/subdag.py
[2024-02-08T01:19:29.889+0100] {processor.py:183} INFO - Processing /home/ubuntu/.local/lib/python3.10/site-packages/airflow/example_dags/subdags/subdag.py took 0.037 seconds
[2024-02-08T01:20:32.804+0100] {processor.py:161} INFO - Started process (PID=54513) to work on /home/ubuntu/.local/lib/python3.10/site-packages/airflow/example_dags/subdags/subdag.py
[2024-02-08T01:20:32.815+0100] {processor.py:830} INFO - Processing file /home/ubuntu/.local/lib/python3.10/site-packages/airflow/example_dags/subdags/subdag.py for tasks to queue
[2024-02-08T01:20:32.818+0100] {logging_mixin.py:188} INFO - [2024-02-08T01:20:32.817+0100] {dagbag.py:538} INFO - Filling up the DagBag from /home/ubuntu/.local/lib/python3.10/site-packages/airflow/example_dags/subdags/subdag.py
[2024-02-08T01:20:32.823+0100] {processor.py:842} WARNING - No viable dags retrieved from /home/ubuntu/.local/lib/python3.10/site-packages/airflow/example_dags/subdags/subdag.py
[2024-02-08T01:20:32.867+0100] {processor.py:183} INFO - Processing /home/ubuntu/.local/lib/python3.10/site-packages/airflow/example_dags/subdags/subdag.py took 0.078 seconds
[2024-02-08T01:22:19.477+0100] {processor.py:161} INFO - Started process (PID=54705) to work on /home/ubuntu/.local/lib/python3.10/site-packages/airflow/example_dags/subdags/subdag.py
[2024-02-08T01:22:19.479+0100] {processor.py:830} INFO - Processing file /home/ubuntu/.local/lib/python3.10/site-packages/airflow/example_dags/subdags/subdag.py for tasks to queue
[2024-02-08T01:22:19.481+0100] {logging_mixin.py:188} INFO - [2024-02-08T01:22:19.480+0100] {dagbag.py:538} INFO - Filling up the DagBag from /home/ubuntu/.local/lib/python3.10/site-packages/airflow/example_dags/subdags/subdag.py
[2024-02-08T01:22:19.485+0100] {processor.py:842} WARNING - No viable dags retrieved from /home/ubuntu/.local/lib/python3.10/site-packages/airflow/example_dags/subdags/subdag.py
[2024-02-08T01:22:19.505+0100] {processor.py:183} INFO - Processing /home/ubuntu/.local/lib/python3.10/site-packages/airflow/example_dags/subdags/subdag.py took 0.035 seconds
[2024-02-08T01:23:39.528+0100] {processor.py:161} INFO - Started process (PID=54945) to work on /home/ubuntu/.local/lib/python3.10/site-packages/airflow/example_dags/subdags/subdag.py
[2024-02-08T01:23:39.545+0100] {processor.py:830} INFO - Processing file /home/ubuntu/.local/lib/python3.10/site-packages/airflow/example_dags/subdags/subdag.py for tasks to queue
[2024-02-08T01:23:39.547+0100] {logging_mixin.py:188} INFO - [2024-02-08T01:23:39.546+0100] {dagbag.py:538} INFO - Filling up the DagBag from /home/ubuntu/.local/lib/python3.10/site-packages/airflow/example_dags/subdags/subdag.py
[2024-02-08T01:23:39.560+0100] {processor.py:842} WARNING - No viable dags retrieved from /home/ubuntu/.local/lib/python3.10/site-packages/airflow/example_dags/subdags/subdag.py
[2024-02-08T01:23:39.641+0100] {processor.py:183} INFO - Processing /home/ubuntu/.local/lib/python3.10/site-packages/airflow/example_dags/subdags/subdag.py took 0.124 seconds
[2024-02-08T01:24:44.860+0100] {processor.py:161} INFO - Started process (PID=55067) to work on /home/ubuntu/.local/lib/python3.10/site-packages/airflow/example_dags/subdags/subdag.py
[2024-02-08T01:24:44.894+0100] {processor.py:830} INFO - Processing file /home/ubuntu/.local/lib/python3.10/site-packages/airflow/example_dags/subdags/subdag.py for tasks to queue
[2024-02-08T01:24:44.896+0100] {logging_mixin.py:188} INFO - [2024-02-08T01:24:44.895+0100] {dagbag.py:538} INFO - Filling up the DagBag from /home/ubuntu/.local/lib/python3.10/site-packages/airflow/example_dags/subdags/subdag.py
[2024-02-08T01:24:44.900+0100] {processor.py:842} WARNING - No viable dags retrieved from /home/ubuntu/.local/lib/python3.10/site-packages/airflow/example_dags/subdags/subdag.py
[2024-02-08T01:24:44.941+0100] {processor.py:183} INFO - Processing /home/ubuntu/.local/lib/python3.10/site-packages/airflow/example_dags/subdags/subdag.py took 0.095 seconds
[2024-02-08T01:26:24.286+0100] {processor.py:161} INFO - Started process (PID=55238) to work on /home/ubuntu/.local/lib/python3.10/site-packages/airflow/example_dags/subdags/subdag.py
[2024-02-08T01:26:24.299+0100] {processor.py:830} INFO - Processing file /home/ubuntu/.local/lib/python3.10/site-packages/airflow/example_dags/subdags/subdag.py for tasks to queue
[2024-02-08T01:26:24.307+0100] {logging_mixin.py:188} INFO - [2024-02-08T01:26:24.307+0100] {dagbag.py:538} INFO - Filling up the DagBag from /home/ubuntu/.local/lib/python3.10/site-packages/airflow/example_dags/subdags/subdag.py
[2024-02-08T01:26:24.363+0100] {processor.py:842} WARNING - No viable dags retrieved from /home/ubuntu/.local/lib/python3.10/site-packages/airflow/example_dags/subdags/subdag.py
[2024-02-08T01:26:24.540+0100] {processor.py:183} INFO - Processing /home/ubuntu/.local/lib/python3.10/site-packages/airflow/example_dags/subdags/subdag.py took 0.286 seconds
[2024-02-08T01:27:22.308+0100] {processor.py:161} INFO - Started process (PID=55349) to work on /home/ubuntu/.local/lib/python3.10/site-packages/airflow/example_dags/subdags/subdag.py
[2024-02-08T01:27:22.335+0100] {processor.py:830} INFO - Processing file /home/ubuntu/.local/lib/python3.10/site-packages/airflow/example_dags/subdags/subdag.py for tasks to queue
[2024-02-08T01:27:22.347+0100] {logging_mixin.py:188} INFO - [2024-02-08T01:27:22.336+0100] {dagbag.py:538} INFO - Filling up the DagBag from /home/ubuntu/.local/lib/python3.10/site-packages/airflow/example_dags/subdags/subdag.py
[2024-02-08T01:27:22.370+0100] {processor.py:842} WARNING - No viable dags retrieved from /home/ubuntu/.local/lib/python3.10/site-packages/airflow/example_dags/subdags/subdag.py
[2024-02-08T01:27:22.440+0100] {processor.py:183} INFO - Processing /home/ubuntu/.local/lib/python3.10/site-packages/airflow/example_dags/subdags/subdag.py took 0.155 seconds
[2024-02-08T01:28:53.586+0100] {processor.py:161} INFO - Started process (PID=55509) to work on /home/ubuntu/.local/lib/python3.10/site-packages/airflow/example_dags/subdags/subdag.py
[2024-02-08T01:28:53.591+0100] {processor.py:830} INFO - Processing file /home/ubuntu/.local/lib/python3.10/site-packages/airflow/example_dags/subdags/subdag.py for tasks to queue
[2024-02-08T01:28:53.593+0100] {logging_mixin.py:188} INFO - [2024-02-08T01:28:53.592+0100] {dagbag.py:538} INFO - Filling up the DagBag from /home/ubuntu/.local/lib/python3.10/site-packages/airflow/example_dags/subdags/subdag.py
[2024-02-08T01:28:53.620+0100] {processor.py:842} WARNING - No viable dags retrieved from /home/ubuntu/.local/lib/python3.10/site-packages/airflow/example_dags/subdags/subdag.py
[2024-02-08T01:28:53.677+0100] {processor.py:183} INFO - Processing /home/ubuntu/.local/lib/python3.10/site-packages/airflow/example_dags/subdags/subdag.py took 0.096 seconds
[2024-02-08T01:29:55.073+0100] {processor.py:161} INFO - Started process (PID=55631) to work on /home/ubuntu/.local/lib/python3.10/site-packages/airflow/example_dags/subdags/subdag.py
[2024-02-08T01:29:55.106+0100] {processor.py:830} INFO - Processing file /home/ubuntu/.local/lib/python3.10/site-packages/airflow/example_dags/subdags/subdag.py for tasks to queue
[2024-02-08T01:29:55.108+0100] {logging_mixin.py:188} INFO - [2024-02-08T01:29:55.107+0100] {dagbag.py:538} INFO - Filling up the DagBag from /home/ubuntu/.local/lib/python3.10/site-packages/airflow/example_dags/subdags/subdag.py
[2024-02-08T01:29:55.128+0100] {processor.py:842} WARNING - No viable dags retrieved from /home/ubuntu/.local/lib/python3.10/site-packages/airflow/example_dags/subdags/subdag.py
[2024-02-08T01:29:55.736+0100] {processor.py:183} INFO - Processing /home/ubuntu/.local/lib/python3.10/site-packages/airflow/example_dags/subdags/subdag.py took 0.680 seconds
[2024-02-08T01:30:49.701+0100] {processor.py:161} INFO - Started process (PID=55728) to work on /home/ubuntu/.local/lib/python3.10/site-packages/airflow/example_dags/subdags/subdag.py
[2024-02-08T01:30:49.703+0100] {processor.py:830} INFO - Processing file /home/ubuntu/.local/lib/python3.10/site-packages/airflow/example_dags/subdags/subdag.py for tasks to queue
[2024-02-08T01:30:49.705+0100] {logging_mixin.py:188} INFO - [2024-02-08T01:30:49.704+0100] {dagbag.py:538} INFO - Filling up the DagBag from /home/ubuntu/.local/lib/python3.10/site-packages/airflow/example_dags/subdags/subdag.py
[2024-02-08T01:30:49.709+0100] {processor.py:842} WARNING - No viable dags retrieved from /home/ubuntu/.local/lib/python3.10/site-packages/airflow/example_dags/subdags/subdag.py
[2024-02-08T01:30:49.731+0100] {processor.py:183} INFO - Processing /home/ubuntu/.local/lib/python3.10/site-packages/airflow/example_dags/subdags/subdag.py took 0.037 seconds
[2024-02-08T01:31:50.851+0100] {processor.py:161} INFO - Started process (PID=55834) to work on /home/ubuntu/.local/lib/python3.10/site-packages/airflow/example_dags/subdags/subdag.py
[2024-02-08T01:31:50.912+0100] {processor.py:830} INFO - Processing file /home/ubuntu/.local/lib/python3.10/site-packages/airflow/example_dags/subdags/subdag.py for tasks to queue
[2024-02-08T01:31:50.920+0100] {logging_mixin.py:188} INFO - [2024-02-08T01:31:50.919+0100] {dagbag.py:538} INFO - Filling up the DagBag from /home/ubuntu/.local/lib/python3.10/site-packages/airflow/example_dags/subdags/subdag.py
[2024-02-08T01:31:50.953+0100] {processor.py:842} WARNING - No viable dags retrieved from /home/ubuntu/.local/lib/python3.10/site-packages/airflow/example_dags/subdags/subdag.py
[2024-02-08T01:31:51.034+0100] {processor.py:183} INFO - Processing /home/ubuntu/.local/lib/python3.10/site-packages/airflow/example_dags/subdags/subdag.py took 0.195 seconds
[2024-02-08T01:32:56.895+0100] {processor.py:161} INFO - Started process (PID=55949) to work on /home/ubuntu/.local/lib/python3.10/site-packages/airflow/example_dags/subdags/subdag.py
[2024-02-08T01:32:56.933+0100] {processor.py:830} INFO - Processing file /home/ubuntu/.local/lib/python3.10/site-packages/airflow/example_dags/subdags/subdag.py for tasks to queue
[2024-02-08T01:32:56.941+0100] {logging_mixin.py:188} INFO - [2024-02-08T01:32:56.939+0100] {dagbag.py:538} INFO - Filling up the DagBag from /home/ubuntu/.local/lib/python3.10/site-packages/airflow/example_dags/subdags/subdag.py
[2024-02-08T01:32:56.952+0100] {processor.py:842} WARNING - No viable dags retrieved from /home/ubuntu/.local/lib/python3.10/site-packages/airflow/example_dags/subdags/subdag.py
[2024-02-08T01:32:57.066+0100] {processor.py:183} INFO - Processing /home/ubuntu/.local/lib/python3.10/site-packages/airflow/example_dags/subdags/subdag.py took 0.193 seconds
[2024-02-08T01:34:57.043+0100] {processor.py:161} INFO - Started process (PID=56121) to work on /home/ubuntu/.local/lib/python3.10/site-packages/airflow/example_dags/subdags/subdag.py
[2024-02-08T01:34:57.063+0100] {processor.py:830} INFO - Processing file /home/ubuntu/.local/lib/python3.10/site-packages/airflow/example_dags/subdags/subdag.py for tasks to queue
[2024-02-08T01:34:57.078+0100] {logging_mixin.py:188} INFO - [2024-02-08T01:34:57.064+0100] {dagbag.py:538} INFO - Filling up the DagBag from /home/ubuntu/.local/lib/python3.10/site-packages/airflow/example_dags/subdags/subdag.py
[2024-02-08T01:34:57.101+0100] {processor.py:842} WARNING - No viable dags retrieved from /home/ubuntu/.local/lib/python3.10/site-packages/airflow/example_dags/subdags/subdag.py
[2024-02-08T01:34:57.187+0100] {processor.py:183} INFO - Processing /home/ubuntu/.local/lib/python3.10/site-packages/airflow/example_dags/subdags/subdag.py took 0.223 seconds
[2024-02-08T01:36:14.153+0100] {processor.py:161} INFO - Started process (PID=56244) to work on /home/ubuntu/.local/lib/python3.10/site-packages/airflow/example_dags/subdags/subdag.py
[2024-02-08T01:36:14.159+0100] {processor.py:830} INFO - Processing file /home/ubuntu/.local/lib/python3.10/site-packages/airflow/example_dags/subdags/subdag.py for tasks to queue
[2024-02-08T01:36:14.162+0100] {logging_mixin.py:188} INFO - [2024-02-08T01:36:14.161+0100] {dagbag.py:538} INFO - Filling up the DagBag from /home/ubuntu/.local/lib/python3.10/site-packages/airflow/example_dags/subdags/subdag.py
[2024-02-08T01:36:14.169+0100] {processor.py:842} WARNING - No viable dags retrieved from /home/ubuntu/.local/lib/python3.10/site-packages/airflow/example_dags/subdags/subdag.py
[2024-02-08T01:36:14.229+0100] {processor.py:183} INFO - Processing /home/ubuntu/.local/lib/python3.10/site-packages/airflow/example_dags/subdags/subdag.py took 0.093 seconds
[2024-02-08T01:37:31.015+0100] {processor.py:161} INFO - Started process (PID=56364) to work on /home/ubuntu/.local/lib/python3.10/site-packages/airflow/example_dags/subdags/subdag.py
[2024-02-08T01:37:31.037+0100] {processor.py:830} INFO - Processing file /home/ubuntu/.local/lib/python3.10/site-packages/airflow/example_dags/subdags/subdag.py for tasks to queue
[2024-02-08T01:37:31.039+0100] {logging_mixin.py:188} INFO - [2024-02-08T01:37:31.038+0100] {dagbag.py:538} INFO - Filling up the DagBag from /home/ubuntu/.local/lib/python3.10/site-packages/airflow/example_dags/subdags/subdag.py
[2024-02-08T01:37:31.044+0100] {processor.py:842} WARNING - No viable dags retrieved from /home/ubuntu/.local/lib/python3.10/site-packages/airflow/example_dags/subdags/subdag.py
[2024-02-08T01:37:31.072+0100] {processor.py:183} INFO - Processing /home/ubuntu/.local/lib/python3.10/site-packages/airflow/example_dags/subdags/subdag.py took 0.069 seconds
[2024-02-08T01:38:27.525+0100] {processor.py:161} INFO - Started process (PID=56463) to work on /home/ubuntu/.local/lib/python3.10/site-packages/airflow/example_dags/subdags/subdag.py
[2024-02-08T01:38:27.528+0100] {processor.py:830} INFO - Processing file /home/ubuntu/.local/lib/python3.10/site-packages/airflow/example_dags/subdags/subdag.py for tasks to queue
[2024-02-08T01:38:27.532+0100] {logging_mixin.py:188} INFO - [2024-02-08T01:38:27.530+0100] {dagbag.py:538} INFO - Filling up the DagBag from /home/ubuntu/.local/lib/python3.10/site-packages/airflow/example_dags/subdags/subdag.py
[2024-02-08T01:38:27.538+0100] {processor.py:842} WARNING - No viable dags retrieved from /home/ubuntu/.local/lib/python3.10/site-packages/airflow/example_dags/subdags/subdag.py
[2024-02-08T01:38:27.576+0100] {processor.py:183} INFO - Processing /home/ubuntu/.local/lib/python3.10/site-packages/airflow/example_dags/subdags/subdag.py took 0.090 seconds
[2024-02-08T01:40:33.433+0100] {processor.py:161} INFO - Started process (PID=56702) to work on /home/ubuntu/.local/lib/python3.10/site-packages/airflow/example_dags/subdags/subdag.py
[2024-02-08T01:40:33.435+0100] {processor.py:830} INFO - Processing file /home/ubuntu/.local/lib/python3.10/site-packages/airflow/example_dags/subdags/subdag.py for tasks to queue
[2024-02-08T01:40:33.437+0100] {logging_mixin.py:188} INFO - [2024-02-08T01:40:33.437+0100] {dagbag.py:538} INFO - Filling up the DagBag from /home/ubuntu/.local/lib/python3.10/site-packages/airflow/example_dags/subdags/subdag.py
[2024-02-08T01:40:33.442+0100] {processor.py:842} WARNING - No viable dags retrieved from /home/ubuntu/.local/lib/python3.10/site-packages/airflow/example_dags/subdags/subdag.py
[2024-02-08T01:40:33.466+0100] {processor.py:183} INFO - Processing /home/ubuntu/.local/lib/python3.10/site-packages/airflow/example_dags/subdags/subdag.py took 0.040 seconds
[2024-02-08T01:41:42.480+0100] {processor.py:161} INFO - Started process (PID=56843) to work on /home/ubuntu/.local/lib/python3.10/site-packages/airflow/example_dags/subdags/subdag.py
[2024-02-08T01:41:42.483+0100] {processor.py:830} INFO - Processing file /home/ubuntu/.local/lib/python3.10/site-packages/airflow/example_dags/subdags/subdag.py for tasks to queue
[2024-02-08T01:41:42.484+0100] {logging_mixin.py:188} INFO - [2024-02-08T01:41:42.484+0100] {dagbag.py:538} INFO - Filling up the DagBag from /home/ubuntu/.local/lib/python3.10/site-packages/airflow/example_dags/subdags/subdag.py
[2024-02-08T01:41:42.491+0100] {processor.py:842} WARNING - No viable dags retrieved from /home/ubuntu/.local/lib/python3.10/site-packages/airflow/example_dags/subdags/subdag.py
[2024-02-08T01:41:42.520+0100] {processor.py:183} INFO - Processing /home/ubuntu/.local/lib/python3.10/site-packages/airflow/example_dags/subdags/subdag.py took 0.047 seconds
[2024-02-08T01:43:05.249+0100] {processor.py:161} INFO - Started process (PID=57012) to work on /home/ubuntu/.local/lib/python3.10/site-packages/airflow/example_dags/subdags/subdag.py
[2024-02-08T01:43:05.252+0100] {processor.py:830} INFO - Processing file /home/ubuntu/.local/lib/python3.10/site-packages/airflow/example_dags/subdags/subdag.py for tasks to queue
[2024-02-08T01:43:05.253+0100] {logging_mixin.py:188} INFO - [2024-02-08T01:43:05.252+0100] {dagbag.py:538} INFO - Filling up the DagBag from /home/ubuntu/.local/lib/python3.10/site-packages/airflow/example_dags/subdags/subdag.py
[2024-02-08T01:43:05.258+0100] {processor.py:842} WARNING - No viable dags retrieved from /home/ubuntu/.local/lib/python3.10/site-packages/airflow/example_dags/subdags/subdag.py
[2024-02-08T01:43:05.302+0100] {processor.py:183} INFO - Processing /home/ubuntu/.local/lib/python3.10/site-packages/airflow/example_dags/subdags/subdag.py took 0.058 seconds
[2024-02-08T01:44:21.225+0100] {processor.py:161} INFO - Started process (PID=57153) to work on /home/ubuntu/.local/lib/python3.10/site-packages/airflow/example_dags/subdags/subdag.py
[2024-02-08T01:44:21.227+0100] {processor.py:830} INFO - Processing file /home/ubuntu/.local/lib/python3.10/site-packages/airflow/example_dags/subdags/subdag.py for tasks to queue
[2024-02-08T01:44:21.229+0100] {logging_mixin.py:188} INFO - [2024-02-08T01:44:21.228+0100] {dagbag.py:538} INFO - Filling up the DagBag from /home/ubuntu/.local/lib/python3.10/site-packages/airflow/example_dags/subdags/subdag.py
[2024-02-08T01:44:21.234+0100] {processor.py:842} WARNING - No viable dags retrieved from /home/ubuntu/.local/lib/python3.10/site-packages/airflow/example_dags/subdags/subdag.py
[2024-02-08T01:44:21.246+0100] {processor.py:183} INFO - Processing /home/ubuntu/.local/lib/python3.10/site-packages/airflow/example_dags/subdags/subdag.py took 0.026 seconds
[2024-02-08T01:45:26.164+0100] {processor.py:161} INFO - Started process (PID=57282) to work on /home/ubuntu/.local/lib/python3.10/site-packages/airflow/example_dags/subdags/subdag.py
[2024-02-08T01:45:26.166+0100] {processor.py:830} INFO - Processing file /home/ubuntu/.local/lib/python3.10/site-packages/airflow/example_dags/subdags/subdag.py for tasks to queue
[2024-02-08T01:45:26.167+0100] {logging_mixin.py:188} INFO - [2024-02-08T01:45:26.167+0100] {dagbag.py:538} INFO - Filling up the DagBag from /home/ubuntu/.local/lib/python3.10/site-packages/airflow/example_dags/subdags/subdag.py
[2024-02-08T01:45:26.173+0100] {processor.py:842} WARNING - No viable dags retrieved from /home/ubuntu/.local/lib/python3.10/site-packages/airflow/example_dags/subdags/subdag.py
[2024-02-08T01:45:26.198+0100] {processor.py:183} INFO - Processing /home/ubuntu/.local/lib/python3.10/site-packages/airflow/example_dags/subdags/subdag.py took 0.038 seconds
[2024-02-08T01:46:26.298+0100] {processor.py:161} INFO - Started process (PID=57401) to work on /home/ubuntu/.local/lib/python3.10/site-packages/airflow/example_dags/subdags/subdag.py
[2024-02-08T01:46:26.326+0100] {processor.py:830} INFO - Processing file /home/ubuntu/.local/lib/python3.10/site-packages/airflow/example_dags/subdags/subdag.py for tasks to queue
[2024-02-08T01:46:26.332+0100] {logging_mixin.py:188} INFO - [2024-02-08T01:46:26.331+0100] {dagbag.py:538} INFO - Filling up the DagBag from /home/ubuntu/.local/lib/python3.10/site-packages/airflow/example_dags/subdags/subdag.py
[2024-02-08T01:46:26.341+0100] {processor.py:842} WARNING - No viable dags retrieved from /home/ubuntu/.local/lib/python3.10/site-packages/airflow/example_dags/subdags/subdag.py
[2024-02-08T01:46:26.450+0100] {processor.py:183} INFO - Processing /home/ubuntu/.local/lib/python3.10/site-packages/airflow/example_dags/subdags/subdag.py took 0.169 seconds
[2024-02-08T01:47:46.477+0100] {processor.py:161} INFO - Started process (PID=57567) to work on /home/ubuntu/.local/lib/python3.10/site-packages/airflow/example_dags/subdags/subdag.py
[2024-02-08T01:47:46.479+0100] {processor.py:830} INFO - Processing file /home/ubuntu/.local/lib/python3.10/site-packages/airflow/example_dags/subdags/subdag.py for tasks to queue
[2024-02-08T01:47:46.480+0100] {logging_mixin.py:188} INFO - [2024-02-08T01:47:46.480+0100] {dagbag.py:538} INFO - Filling up the DagBag from /home/ubuntu/.local/lib/python3.10/site-packages/airflow/example_dags/subdags/subdag.py
[2024-02-08T01:47:46.482+0100] {processor.py:842} WARNING - No viable dags retrieved from /home/ubuntu/.local/lib/python3.10/site-packages/airflow/example_dags/subdags/subdag.py
[2024-02-08T01:47:46.495+0100] {processor.py:183} INFO - Processing /home/ubuntu/.local/lib/python3.10/site-packages/airflow/example_dags/subdags/subdag.py took 0.022 seconds
[2024-02-08T01:49:31.182+0100] {processor.py:161} INFO - Started process (PID=57782) to work on /home/ubuntu/.local/lib/python3.10/site-packages/airflow/example_dags/subdags/subdag.py
[2024-02-08T01:49:31.228+0100] {processor.py:830} INFO - Processing file /home/ubuntu/.local/lib/python3.10/site-packages/airflow/example_dags/subdags/subdag.py for tasks to queue
[2024-02-08T01:49:31.234+0100] {logging_mixin.py:188} INFO - [2024-02-08T01:49:31.233+0100] {dagbag.py:538} INFO - Filling up the DagBag from /home/ubuntu/.local/lib/python3.10/site-packages/airflow/example_dags/subdags/subdag.py
[2024-02-08T01:49:31.261+0100] {processor.py:842} WARNING - No viable dags retrieved from /home/ubuntu/.local/lib/python3.10/site-packages/airflow/example_dags/subdags/subdag.py
[2024-02-08T01:49:31.300+0100] {processor.py:183} INFO - Processing /home/ubuntu/.local/lib/python3.10/site-packages/airflow/example_dags/subdags/subdag.py took 0.127 seconds
[2024-02-08T01:50:34.126+0100] {processor.py:161} INFO - Started process (PID=57906) to work on /home/ubuntu/.local/lib/python3.10/site-packages/airflow/example_dags/subdags/subdag.py
[2024-02-08T01:50:34.127+0100] {processor.py:830} INFO - Processing file /home/ubuntu/.local/lib/python3.10/site-packages/airflow/example_dags/subdags/subdag.py for tasks to queue
[2024-02-08T01:50:34.128+0100] {logging_mixin.py:188} INFO - [2024-02-08T01:50:34.128+0100] {dagbag.py:538} INFO - Filling up the DagBag from /home/ubuntu/.local/lib/python3.10/site-packages/airflow/example_dags/subdags/subdag.py
[2024-02-08T01:50:34.130+0100] {processor.py:842} WARNING - No viable dags retrieved from /home/ubuntu/.local/lib/python3.10/site-packages/airflow/example_dags/subdags/subdag.py
[2024-02-08T01:50:34.145+0100] {processor.py:183} INFO - Processing /home/ubuntu/.local/lib/python3.10/site-packages/airflow/example_dags/subdags/subdag.py took 0.024 seconds
[2024-02-08T01:51:51.954+0100] {processor.py:161} INFO - Started process (PID=58060) to work on /home/ubuntu/.local/lib/python3.10/site-packages/airflow/example_dags/subdags/subdag.py
[2024-02-08T01:51:52.011+0100] {processor.py:830} INFO - Processing file /home/ubuntu/.local/lib/python3.10/site-packages/airflow/example_dags/subdags/subdag.py for tasks to queue
[2024-02-08T01:51:52.013+0100] {logging_mixin.py:188} INFO - [2024-02-08T01:51:52.012+0100] {dagbag.py:538} INFO - Filling up the DagBag from /home/ubuntu/.local/lib/python3.10/site-packages/airflow/example_dags/subdags/subdag.py
[2024-02-08T01:51:52.026+0100] {processor.py:842} WARNING - No viable dags retrieved from /home/ubuntu/.local/lib/python3.10/site-packages/airflow/example_dags/subdags/subdag.py
[2024-02-08T01:51:52.089+0100] {processor.py:183} INFO - Processing /home/ubuntu/.local/lib/python3.10/site-packages/airflow/example_dags/subdags/subdag.py took 0.146 seconds
[2024-02-08T01:52:44.606+0100] {processor.py:161} INFO - Started process (PID=58156) to work on /home/ubuntu/.local/lib/python3.10/site-packages/airflow/example_dags/subdags/subdag.py
[2024-02-08T01:52:44.611+0100] {processor.py:830} INFO - Processing file /home/ubuntu/.local/lib/python3.10/site-packages/airflow/example_dags/subdags/subdag.py for tasks to queue
[2024-02-08T01:52:44.613+0100] {logging_mixin.py:188} INFO - [2024-02-08T01:52:44.612+0100] {dagbag.py:538} INFO - Filling up the DagBag from /home/ubuntu/.local/lib/python3.10/site-packages/airflow/example_dags/subdags/subdag.py
[2024-02-08T01:52:44.616+0100] {processor.py:842} WARNING - No viable dags retrieved from /home/ubuntu/.local/lib/python3.10/site-packages/airflow/example_dags/subdags/subdag.py
[2024-02-08T01:52:44.627+0100] {processor.py:183} INFO - Processing /home/ubuntu/.local/lib/python3.10/site-packages/airflow/example_dags/subdags/subdag.py took 0.034 seconds
[2024-02-08T01:54:22.973+0100] {processor.py:161} INFO - Started process (PID=58324) to work on /home/ubuntu/.local/lib/python3.10/site-packages/airflow/example_dags/subdags/subdag.py
[2024-02-08T01:54:23.002+0100] {processor.py:830} INFO - Processing file /home/ubuntu/.local/lib/python3.10/site-packages/airflow/example_dags/subdags/subdag.py for tasks to queue
[2024-02-08T01:54:23.003+0100] {logging_mixin.py:188} INFO - [2024-02-08T01:54:23.002+0100] {dagbag.py:538} INFO - Filling up the DagBag from /home/ubuntu/.local/lib/python3.10/site-packages/airflow/example_dags/subdags/subdag.py
[2024-02-08T01:54:23.022+0100] {processor.py:842} WARNING - No viable dags retrieved from /home/ubuntu/.local/lib/python3.10/site-packages/airflow/example_dags/subdags/subdag.py
[2024-02-08T01:54:23.093+0100] {processor.py:183} INFO - Processing /home/ubuntu/.local/lib/python3.10/site-packages/airflow/example_dags/subdags/subdag.py took 0.130 seconds
[2024-02-08T01:56:16.533+0100] {processor.py:161} INFO - Started process (PID=58539) to work on /home/ubuntu/.local/lib/python3.10/site-packages/airflow/example_dags/subdags/subdag.py
[2024-02-08T01:56:16.594+0100] {processor.py:830} INFO - Processing file /home/ubuntu/.local/lib/python3.10/site-packages/airflow/example_dags/subdags/subdag.py for tasks to queue
[2024-02-08T01:56:16.596+0100] {logging_mixin.py:188} INFO - [2024-02-08T01:56:16.596+0100] {dagbag.py:538} INFO - Filling up the DagBag from /home/ubuntu/.local/lib/python3.10/site-packages/airflow/example_dags/subdags/subdag.py
[2024-02-08T01:56:16.619+0100] {processor.py:842} WARNING - No viable dags retrieved from /home/ubuntu/.local/lib/python3.10/site-packages/airflow/example_dags/subdags/subdag.py
[2024-02-08T01:56:16.807+0100] {processor.py:183} INFO - Processing /home/ubuntu/.local/lib/python3.10/site-packages/airflow/example_dags/subdags/subdag.py took 0.291 seconds
[2024-02-08T01:58:04.071+0100] {processor.py:161} INFO - Started process (PID=58717) to work on /home/ubuntu/.local/lib/python3.10/site-packages/airflow/example_dags/subdags/subdag.py
[2024-02-08T01:58:04.093+0100] {processor.py:830} INFO - Processing file /home/ubuntu/.local/lib/python3.10/site-packages/airflow/example_dags/subdags/subdag.py for tasks to queue
[2024-02-08T01:58:04.094+0100] {logging_mixin.py:188} INFO - [2024-02-08T01:58:04.094+0100] {dagbag.py:538} INFO - Filling up the DagBag from /home/ubuntu/.local/lib/python3.10/site-packages/airflow/example_dags/subdags/subdag.py
[2024-02-08T01:58:04.118+0100] {processor.py:842} WARNING - No viable dags retrieved from /home/ubuntu/.local/lib/python3.10/site-packages/airflow/example_dags/subdags/subdag.py
[2024-02-08T01:58:04.180+0100] {processor.py:183} INFO - Processing /home/ubuntu/.local/lib/python3.10/site-packages/airflow/example_dags/subdags/subdag.py took 0.149 seconds
[2024-02-08T01:59:09.894+0100] {processor.py:161} INFO - Started process (PID=58836) to work on /home/ubuntu/.local/lib/python3.10/site-packages/airflow/example_dags/subdags/subdag.py
[2024-02-08T01:59:09.897+0100] {processor.py:830} INFO - Processing file /home/ubuntu/.local/lib/python3.10/site-packages/airflow/example_dags/subdags/subdag.py for tasks to queue
[2024-02-08T01:59:09.898+0100] {logging_mixin.py:188} INFO - [2024-02-08T01:59:09.898+0100] {dagbag.py:538} INFO - Filling up the DagBag from /home/ubuntu/.local/lib/python3.10/site-packages/airflow/example_dags/subdags/subdag.py
[2024-02-08T01:59:09.903+0100] {processor.py:842} WARNING - No viable dags retrieved from /home/ubuntu/.local/lib/python3.10/site-packages/airflow/example_dags/subdags/subdag.py
[2024-02-08T01:59:09.924+0100] {processor.py:183} INFO - Processing /home/ubuntu/.local/lib/python3.10/site-packages/airflow/example_dags/subdags/subdag.py took 0.038 seconds
[2024-02-08T02:00:49.631+0100] {processor.py:161} INFO - Started process (PID=59013) to work on /home/ubuntu/.local/lib/python3.10/site-packages/airflow/example_dags/subdags/subdag.py
[2024-02-08T02:00:49.635+0100] {processor.py:830} INFO - Processing file /home/ubuntu/.local/lib/python3.10/site-packages/airflow/example_dags/subdags/subdag.py for tasks to queue
[2024-02-08T02:00:49.637+0100] {logging_mixin.py:188} INFO - [2024-02-08T02:00:49.636+0100] {dagbag.py:538} INFO - Filling up the DagBag from /home/ubuntu/.local/lib/python3.10/site-packages/airflow/example_dags/subdags/subdag.py
[2024-02-08T02:00:49.642+0100] {processor.py:842} WARNING - No viable dags retrieved from /home/ubuntu/.local/lib/python3.10/site-packages/airflow/example_dags/subdags/subdag.py
[2024-02-08T02:00:49.663+0100] {processor.py:183} INFO - Processing /home/ubuntu/.local/lib/python3.10/site-packages/airflow/example_dags/subdags/subdag.py took 0.040 seconds
[2024-02-08T02:01:57.686+0100] {processor.py:161} INFO - Started process (PID=59120) to work on /home/ubuntu/.local/lib/python3.10/site-packages/airflow/example_dags/subdags/subdag.py
[2024-02-08T02:01:57.702+0100] {processor.py:830} INFO - Processing file /home/ubuntu/.local/lib/python3.10/site-packages/airflow/example_dags/subdags/subdag.py for tasks to queue
[2024-02-08T02:01:57.707+0100] {logging_mixin.py:188} INFO - [2024-02-08T02:01:57.706+0100] {dagbag.py:538} INFO - Filling up the DagBag from /home/ubuntu/.local/lib/python3.10/site-packages/airflow/example_dags/subdags/subdag.py
[2024-02-08T02:01:57.713+0100] {processor.py:842} WARNING - No viable dags retrieved from /home/ubuntu/.local/lib/python3.10/site-packages/airflow/example_dags/subdags/subdag.py
[2024-02-08T02:01:57.770+0100] {processor.py:183} INFO - Processing /home/ubuntu/.local/lib/python3.10/site-packages/airflow/example_dags/subdags/subdag.py took 0.093 seconds
[2024-02-08T02:03:05.053+0100] {processor.py:161} INFO - Started process (PID=59228) to work on /home/ubuntu/.local/lib/python3.10/site-packages/airflow/example_dags/subdags/subdag.py
[2024-02-08T02:03:05.080+0100] {processor.py:830} INFO - Processing file /home/ubuntu/.local/lib/python3.10/site-packages/airflow/example_dags/subdags/subdag.py for tasks to queue
[2024-02-08T02:03:05.090+0100] {logging_mixin.py:188} INFO - [2024-02-08T02:03:05.081+0100] {dagbag.py:538} INFO - Filling up the DagBag from /home/ubuntu/.local/lib/python3.10/site-packages/airflow/example_dags/subdags/subdag.py
[2024-02-08T02:03:05.109+0100] {processor.py:842} WARNING - No viable dags retrieved from /home/ubuntu/.local/lib/python3.10/site-packages/airflow/example_dags/subdags/subdag.py
[2024-02-08T02:03:05.170+0100] {processor.py:183} INFO - Processing /home/ubuntu/.local/lib/python3.10/site-packages/airflow/example_dags/subdags/subdag.py took 0.139 seconds
[2024-02-08T02:04:05.965+0100] {processor.py:161} INFO - Started process (PID=59334) to work on /home/ubuntu/.local/lib/python3.10/site-packages/airflow/example_dags/subdags/subdag.py
[2024-02-08T02:04:05.997+0100] {processor.py:830} INFO - Processing file /home/ubuntu/.local/lib/python3.10/site-packages/airflow/example_dags/subdags/subdag.py for tasks to queue
[2024-02-08T02:04:05.999+0100] {logging_mixin.py:188} INFO - [2024-02-08T02:04:05.998+0100] {dagbag.py:538} INFO - Filling up the DagBag from /home/ubuntu/.local/lib/python3.10/site-packages/airflow/example_dags/subdags/subdag.py
[2024-02-08T02:04:06.042+0100] {processor.py:842} WARNING - No viable dags retrieved from /home/ubuntu/.local/lib/python3.10/site-packages/airflow/example_dags/subdags/subdag.py
[2024-02-08T02:04:06.086+0100] {processor.py:183} INFO - Processing /home/ubuntu/.local/lib/python3.10/site-packages/airflow/example_dags/subdags/subdag.py took 0.130 seconds
[2024-02-08T02:05:08.111+0100] {processor.py:161} INFO - Started process (PID=59436) to work on /home/ubuntu/.local/lib/python3.10/site-packages/airflow/example_dags/subdags/subdag.py
[2024-02-08T02:05:08.152+0100] {processor.py:830} INFO - Processing file /home/ubuntu/.local/lib/python3.10/site-packages/airflow/example_dags/subdags/subdag.py for tasks to queue
[2024-02-08T02:05:08.158+0100] {logging_mixin.py:188} INFO - [2024-02-08T02:05:08.153+0100] {dagbag.py:538} INFO - Filling up the DagBag from /home/ubuntu/.local/lib/python3.10/site-packages/airflow/example_dags/subdags/subdag.py
[2024-02-08T02:05:08.171+0100] {processor.py:842} WARNING - No viable dags retrieved from /home/ubuntu/.local/lib/python3.10/site-packages/airflow/example_dags/subdags/subdag.py
[2024-02-08T02:05:08.209+0100] {processor.py:183} INFO - Processing /home/ubuntu/.local/lib/python3.10/site-packages/airflow/example_dags/subdags/subdag.py took 0.124 seconds
[2024-02-08T02:06:44.702+0100] {processor.py:161} INFO - Started process (PID=60145) to work on /home/ubuntu/.local/lib/python3.10/site-packages/airflow/example_dags/subdags/subdag.py
[2024-02-08T02:06:44.800+0100] {processor.py:830} INFO - Processing file /home/ubuntu/.local/lib/python3.10/site-packages/airflow/example_dags/subdags/subdag.py for tasks to queue
[2024-02-08T02:06:44.806+0100] {logging_mixin.py:188} INFO - [2024-02-08T02:06:44.805+0100] {dagbag.py:538} INFO - Filling up the DagBag from /home/ubuntu/.local/lib/python3.10/site-packages/airflow/example_dags/subdags/subdag.py
[2024-02-08T02:06:44.811+0100] {processor.py:842} WARNING - No viable dags retrieved from /home/ubuntu/.local/lib/python3.10/site-packages/airflow/example_dags/subdags/subdag.py
[2024-02-08T02:06:44.868+0100] {processor.py:183} INFO - Processing /home/ubuntu/.local/lib/python3.10/site-packages/airflow/example_dags/subdags/subdag.py took 0.236 seconds
[2024-02-08T02:08:19.671+0100] {processor.py:161} INFO - Started process (PID=60346) to work on /home/ubuntu/.local/lib/python3.10/site-packages/airflow/example_dags/subdags/subdag.py
[2024-02-08T02:08:19.702+0100] {processor.py:830} INFO - Processing file /home/ubuntu/.local/lib/python3.10/site-packages/airflow/example_dags/subdags/subdag.py for tasks to queue
[2024-02-08T02:08:19.704+0100] {logging_mixin.py:188} INFO - [2024-02-08T02:08:19.703+0100] {dagbag.py:538} INFO - Filling up the DagBag from /home/ubuntu/.local/lib/python3.10/site-packages/airflow/example_dags/subdags/subdag.py
[2024-02-08T02:08:19.723+0100] {processor.py:842} WARNING - No viable dags retrieved from /home/ubuntu/.local/lib/python3.10/site-packages/airflow/example_dags/subdags/subdag.py
[2024-02-08T02:08:19.758+0100] {processor.py:183} INFO - Processing /home/ubuntu/.local/lib/python3.10/site-packages/airflow/example_dags/subdags/subdag.py took 0.119 seconds
[2024-02-08T02:09:52.940+0100] {processor.py:161} INFO - Started process (PID=60471) to work on /home/ubuntu/.local/lib/python3.10/site-packages/airflow/example_dags/subdags/subdag.py
[2024-02-08T02:09:52.977+0100] {processor.py:830} INFO - Processing file /home/ubuntu/.local/lib/python3.10/site-packages/airflow/example_dags/subdags/subdag.py for tasks to queue
[2024-02-08T02:09:52.998+0100] {logging_mixin.py:188} INFO - [2024-02-08T02:09:52.997+0100] {dagbag.py:538} INFO - Filling up the DagBag from /home/ubuntu/.local/lib/python3.10/site-packages/airflow/example_dags/subdags/subdag.py
[2024-02-08T02:09:53.054+0100] {processor.py:842} WARNING - No viable dags retrieved from /home/ubuntu/.local/lib/python3.10/site-packages/airflow/example_dags/subdags/subdag.py
[2024-02-08T02:09:53.085+0100] {processor.py:183} INFO - Processing /home/ubuntu/.local/lib/python3.10/site-packages/airflow/example_dags/subdags/subdag.py took 0.153 seconds
[2024-02-08T02:10:51.691+0100] {processor.py:161} INFO - Started process (PID=60561) to work on /home/ubuntu/.local/lib/python3.10/site-packages/airflow/example_dags/subdags/subdag.py
[2024-02-08T02:10:51.693+0100] {processor.py:830} INFO - Processing file /home/ubuntu/.local/lib/python3.10/site-packages/airflow/example_dags/subdags/subdag.py for tasks to queue
[2024-02-08T02:10:51.694+0100] {logging_mixin.py:188} INFO - [2024-02-08T02:10:51.694+0100] {dagbag.py:538} INFO - Filling up the DagBag from /home/ubuntu/.local/lib/python3.10/site-packages/airflow/example_dags/subdags/subdag.py
[2024-02-08T02:10:51.697+0100] {processor.py:842} WARNING - No viable dags retrieved from /home/ubuntu/.local/lib/python3.10/site-packages/airflow/example_dags/subdags/subdag.py
[2024-02-08T02:10:51.714+0100] {processor.py:183} INFO - Processing /home/ubuntu/.local/lib/python3.10/site-packages/airflow/example_dags/subdags/subdag.py took 0.025 seconds
[2024-02-08T02:12:17.978+0100] {processor.py:161} INFO - Started process (PID=60670) to work on /home/ubuntu/.local/lib/python3.10/site-packages/airflow/example_dags/subdags/subdag.py
[2024-02-08T02:12:18.012+0100] {processor.py:830} INFO - Processing file /home/ubuntu/.local/lib/python3.10/site-packages/airflow/example_dags/subdags/subdag.py for tasks to queue
[2024-02-08T02:12:18.014+0100] {logging_mixin.py:188} INFO - [2024-02-08T02:12:18.013+0100] {dagbag.py:538} INFO - Filling up the DagBag from /home/ubuntu/.local/lib/python3.10/site-packages/airflow/example_dags/subdags/subdag.py
[2024-02-08T02:12:18.018+0100] {processor.py:842} WARNING - No viable dags retrieved from /home/ubuntu/.local/lib/python3.10/site-packages/airflow/example_dags/subdags/subdag.py
[2024-02-08T02:12:18.036+0100] {processor.py:183} INFO - Processing /home/ubuntu/.local/lib/python3.10/site-packages/airflow/example_dags/subdags/subdag.py took 0.096 seconds
[2024-02-08T02:13:34.924+0100] {processor.py:161} INFO - Started process (PID=61022) to work on /home/ubuntu/.local/lib/python3.10/site-packages/airflow/example_dags/subdags/subdag.py
[2024-02-08T02:13:34.926+0100] {processor.py:830} INFO - Processing file /home/ubuntu/.local/lib/python3.10/site-packages/airflow/example_dags/subdags/subdag.py for tasks to queue
[2024-02-08T02:13:34.927+0100] {logging_mixin.py:188} INFO - [2024-02-08T02:13:34.927+0100] {dagbag.py:538} INFO - Filling up the DagBag from /home/ubuntu/.local/lib/python3.10/site-packages/airflow/example_dags/subdags/subdag.py
[2024-02-08T02:13:34.930+0100] {processor.py:842} WARNING - No viable dags retrieved from /home/ubuntu/.local/lib/python3.10/site-packages/airflow/example_dags/subdags/subdag.py
[2024-02-08T02:13:34.943+0100] {processor.py:183} INFO - Processing /home/ubuntu/.local/lib/python3.10/site-packages/airflow/example_dags/subdags/subdag.py took 0.023 seconds
[2024-02-08T02:14:29.133+0100] {processor.py:161} INFO - Started process (PID=61108) to work on /home/ubuntu/.local/lib/python3.10/site-packages/airflow/example_dags/subdags/subdag.py
[2024-02-08T02:14:29.136+0100] {processor.py:830} INFO - Processing file /home/ubuntu/.local/lib/python3.10/site-packages/airflow/example_dags/subdags/subdag.py for tasks to queue
[2024-02-08T02:14:29.137+0100] {logging_mixin.py:188} INFO - [2024-02-08T02:14:29.136+0100] {dagbag.py:538} INFO - Filling up the DagBag from /home/ubuntu/.local/lib/python3.10/site-packages/airflow/example_dags/subdags/subdag.py
[2024-02-08T02:14:29.139+0100] {processor.py:842} WARNING - No viable dags retrieved from /home/ubuntu/.local/lib/python3.10/site-packages/airflow/example_dags/subdags/subdag.py
[2024-02-08T02:14:29.149+0100] {processor.py:183} INFO - Processing /home/ubuntu/.local/lib/python3.10/site-packages/airflow/example_dags/subdags/subdag.py took 0.018 seconds
[2024-02-08T02:15:27.386+0100] {processor.py:161} INFO - Started process (PID=61219) to work on /home/ubuntu/.local/lib/python3.10/site-packages/airflow/example_dags/subdags/subdag.py
[2024-02-08T02:15:27.388+0100] {processor.py:830} INFO - Processing file /home/ubuntu/.local/lib/python3.10/site-packages/airflow/example_dags/subdags/subdag.py for tasks to queue
[2024-02-08T02:15:27.390+0100] {logging_mixin.py:188} INFO - [2024-02-08T02:15:27.389+0100] {dagbag.py:538} INFO - Filling up the DagBag from /home/ubuntu/.local/lib/python3.10/site-packages/airflow/example_dags/subdags/subdag.py
[2024-02-08T02:15:27.393+0100] {processor.py:842} WARNING - No viable dags retrieved from /home/ubuntu/.local/lib/python3.10/site-packages/airflow/example_dags/subdags/subdag.py
[2024-02-08T02:15:27.425+0100] {processor.py:183} INFO - Processing /home/ubuntu/.local/lib/python3.10/site-packages/airflow/example_dags/subdags/subdag.py took 0.041 seconds
[2024-02-08T02:16:19.322+0100] {processor.py:161} INFO - Started process (PID=61288) to work on /home/ubuntu/.local/lib/python3.10/site-packages/airflow/example_dags/subdags/subdag.py
[2024-02-08T02:16:19.324+0100] {processor.py:830} INFO - Processing file /home/ubuntu/.local/lib/python3.10/site-packages/airflow/example_dags/subdags/subdag.py for tasks to queue
[2024-02-08T02:16:19.325+0100] {logging_mixin.py:188} INFO - [2024-02-08T02:16:19.324+0100] {dagbag.py:538} INFO - Filling up the DagBag from /home/ubuntu/.local/lib/python3.10/site-packages/airflow/example_dags/subdags/subdag.py
[2024-02-08T02:16:19.328+0100] {processor.py:842} WARNING - No viable dags retrieved from /home/ubuntu/.local/lib/python3.10/site-packages/airflow/example_dags/subdags/subdag.py
[2024-02-08T02:16:19.339+0100] {processor.py:183} INFO - Processing /home/ubuntu/.local/lib/python3.10/site-packages/airflow/example_dags/subdags/subdag.py took 0.022 seconds
